=============================================
Dataset: EMG
Method:  °³¹ßÁß...
Mode:    supervised
=============================================
Data loaded ...
Training started ....

Epoch : 1
Train Loss     : 0.9285	 | 	Train Accuracy     : 0.6333
Valid Loss     : 0.4379	 | 	Valid Accuracy     : 0.8750

Epoch : 2
Train Loss     : 0.5841	 | 	Train Accuracy     : 0.8000
Valid Loss     : 0.3009	 | 	Valid Accuracy     : 0.9500

Epoch : 3
Train Loss     : 0.7430	 | 	Train Accuracy     : 0.7167
Valid Loss     : 0.7834	 | 	Valid Accuracy     : 0.8250

Epoch : 4
Train Loss     : 0.5598	 | 	Train Accuracy     : 0.8000
Valid Loss     : 0.9726	 | 	Valid Accuracy     : 0.6000

Epoch : 5
Train Loss     : 0.5370	 | 	Train Accuracy     : 0.7917
Valid Loss     : 0.4795	 | 	Valid Accuracy     : 0.8250

Epoch : 6
Train Loss     : 0.3584	 | 	Train Accuracy     : 0.8667
Valid Loss     : 0.4608	 | 	Valid Accuracy     : 0.9250

Epoch : 7
Train Loss     : 0.4693	 | 	Train Accuracy     : 0.8500
Valid Loss     : 0.3954	 | 	Valid Accuracy     : 0.8750

Epoch : 8
Train Loss     : 0.3008	 | 	Train Accuracy     : 0.9083
Valid Loss     : 0.2408	 | 	Valid Accuracy     : 0.9250

Epoch : 9
Train Loss     : 0.2575	 | 	Train Accuracy     : 0.9083
Valid Loss     : 0.5256	 | 	Valid Accuracy     : 0.8500

Epoch : 10
Train Loss     : 0.2136	 | 	Train Accuracy     : 0.9250
Valid Loss     : 0.3221	 | 	Valid Accuracy     : 0.8750

Epoch : 11
Train Loss     : 0.1171	 | 	Train Accuracy     : 0.9583
Valid Loss     : 0.3774	 | 	Valid Accuracy     : 0.9000

Epoch : 12
Train Loss     : 0.1927	 | 	Train Accuracy     : 0.9750
Valid Loss     : 0.4478	 | 	Valid Accuracy     : 0.9250

Epoch : 13
Train Loss     : 0.2801	 | 	Train Accuracy     : 0.9083
Valid Loss     : 0.4604	 | 	Valid Accuracy     : 0.8750

Epoch : 14
Train Loss     : 0.2571	 | 	Train Accuracy     : 0.9583
Valid Loss     : 0.1968	 | 	Valid Accuracy     : 0.9500

Epoch : 15
Train Loss     : 0.1357	 | 	Train Accuracy     : 0.9583
Valid Loss     : 0.4272	 | 	Valid Accuracy     : 0.8750

Epoch : 16
Train Loss     : 0.1655	 | 	Train Accuracy     : 0.9583
Valid Loss     : 0.2869	 | 	Valid Accuracy     : 0.9000

Epoch : 17
Train Loss     : 0.2599	 | 	Train Accuracy     : 0.9417
Valid Loss     : 0.3928	 | 	Valid Accuracy     : 0.8500

Epoch : 18
Train Loss     : 0.0616	 | 	Train Accuracy     : 0.9917
Valid Loss     : 0.2479	 | 	Valid Accuracy     : 0.9250

Epoch : 19
Train Loss     : 0.2844	 | 	Train Accuracy     : 0.9500
Valid Loss     : 0.4565	 | 	Valid Accuracy     : 0.8750

Epoch : 20
Train Loss     : 0.2446	 | 	Train Accuracy     : 0.9250
Valid Loss     : 0.3985	 | 	Valid Accuracy     : 0.9250

Epoch : 21
Train Loss     : 0.2205	 | 	Train Accuracy     : 0.9500
Valid Loss     : 0.4028	 | 	Valid Accuracy     : 0.8500

Epoch : 22
Train Loss     : 0.1208	 | 	Train Accuracy     : 0.9500
Valid Loss     : 0.2819	 | 	Valid Accuracy     : 0.8750

Epoch : 23
Train Loss     : 0.3832	 | 	Train Accuracy     : 0.8333
Valid Loss     : 0.4461	 | 	Valid Accuracy     : 0.9000

Epoch : 24
Train Loss     : 0.2201	 | 	Train Accuracy     : 0.9167
Valid Loss     : 0.3413	 | 	Valid Accuracy     : 0.9000

Epoch : 25
Train Loss     : 0.1297	 | 	Train Accuracy     : 0.9667
Valid Loss     : 0.4304	 | 	Valid Accuracy     : 0.9000

Epoch : 26
Train Loss     : 0.1660	 | 	Train Accuracy     : 0.9667
Valid Loss     : 0.3784	 | 	Valid Accuracy     : 0.9000

Epoch : 27
Train Loss     : 0.2375	 | 	Train Accuracy     : 0.9167
Valid Loss     : 0.3941	 | 	Valid Accuracy     : 0.9000

Epoch : 28
Train Loss     : 0.1680	 | 	Train Accuracy     : 0.9333
Valid Loss     : 0.3164	 | 	Valid Accuracy     : 0.9000

Epoch : 29
Train Loss     : 0.0692	 | 	Train Accuracy     : 0.9833
Valid Loss     : 0.2716	 | 	Valid Accuracy     : 0.9250

Epoch : 30
Train Loss     : 0.0544	 | 	Train Accuracy     : 0.9833
Valid Loss     : 0.3249	 | 	Valid Accuracy     : 0.9000

Evaluate on the Test set:
Test loss      :0.1757	 | Test Accuracy      : 0.8864

################## Training is Done! #########################
Training time is : 0:01:18.677817
