=============================================
Dataset: EMG
Method:  °³¹ßÁß...
Mode:    supervised
=============================================
Data loaded ...
Training started ....

Epoch : 1
Train Loss     : 0.9481	 | 	Train Accuracy     : 0.5583
Valid Loss     : 0.8425	 | 	Valid Accuracy     : 0.6000

Epoch : 2
Train Loss     : 0.6767	 | 	Train Accuracy     : 0.7250
Valid Loss     : 0.4976	 | 	Valid Accuracy     : 0.8250

Epoch : 3
Train Loss     : 0.4344	 | 	Train Accuracy     : 0.9167
Valid Loss     : 0.3574	 | 	Valid Accuracy     : 0.9250

Epoch : 4
Train Loss     : 0.3202	 | 	Train Accuracy     : 0.9167
Valid Loss     : 0.2499	 | 	Valid Accuracy     : 0.9500

Epoch : 5
Train Loss     : 0.2137	 | 	Train Accuracy     : 0.9583
Valid Loss     : 0.1784	 | 	Valid Accuracy     : 0.9750

Epoch : 6
Train Loss     : 0.1645	 | 	Train Accuracy     : 0.9417
Valid Loss     : 0.1702	 | 	Valid Accuracy     : 0.9750

Epoch : 7
Train Loss     : 0.0944	 | 	Train Accuracy     : 0.9750
Valid Loss     : 0.1288	 | 	Valid Accuracy     : 0.9750

Epoch : 8
Train Loss     : 0.0565	 | 	Train Accuracy     : 0.9917
Valid Loss     : 0.1384	 | 	Valid Accuracy     : 0.9500

Epoch : 9
Train Loss     : 0.1386	 | 	Train Accuracy     : 0.9583
Valid Loss     : 0.1817	 | 	Valid Accuracy     : 0.9500

Epoch : 10
Train Loss     : 0.0576	 | 	Train Accuracy     : 0.9917
Valid Loss     : 0.1720	 | 	Valid Accuracy     : 0.9250

Epoch : 11
Train Loss     : 0.0212	 | 	Train Accuracy     : 1.0000
Valid Loss     : 0.1379	 | 	Valid Accuracy     : 0.9250

Epoch : 12
Train Loss     : 0.0188	 | 	Train Accuracy     : 0.9917
Valid Loss     : 0.1325	 | 	Valid Accuracy     : 0.9500

Epoch : 13
Train Loss     : 0.0143	 | 	Train Accuracy     : 1.0000
Valid Loss     : 0.1300	 | 	Valid Accuracy     : 0.9500

Epoch : 14
Train Loss     : 0.0126	 | 	Train Accuracy     : 1.0000
Valid Loss     : 0.1417	 | 	Valid Accuracy     : 0.9750

Epoch : 15
Train Loss     : 0.0263	 | 	Train Accuracy     : 1.0000
Valid Loss     : 0.1419	 | 	Valid Accuracy     : 0.9500

Epoch : 16
Train Loss     : 0.0230	 | 	Train Accuracy     : 1.0000
Valid Loss     : 0.1642	 | 	Valid Accuracy     : 0.9250

Epoch : 17
Train Loss     : 0.0114	 | 	Train Accuracy     : 1.0000
Valid Loss     : 0.2435	 | 	Valid Accuracy     : 0.9250

Epoch : 18
Train Loss     : 0.0057	 | 	Train Accuracy     : 1.0000
Valid Loss     : 0.1834	 | 	Valid Accuracy     : 0.9250

Epoch : 19
Train Loss     : 0.0237	 | 	Train Accuracy     : 0.9917
Valid Loss     : 0.1812	 | 	Valid Accuracy     : 0.9500

Epoch : 20
Train Loss     : 0.0301	 | 	Train Accuracy     : 0.9917
Valid Loss     : 0.1579	 | 	Valid Accuracy     : 0.9500

Epoch : 21
Train Loss     : 0.0046	 | 	Train Accuracy     : 1.0000
Valid Loss     : 0.1668	 | 	Valid Accuracy     : 0.9500

Epoch : 22
Train Loss     : 0.0119	 | 	Train Accuracy     : 0.9917
Valid Loss     : 0.1601	 | 	Valid Accuracy     : 0.9500

Epoch : 23
Train Loss     : 0.0074	 | 	Train Accuracy     : 1.0000
Valid Loss     : 0.1632	 | 	Valid Accuracy     : 0.9500

Epoch : 24
Train Loss     : 0.0095	 | 	Train Accuracy     : 1.0000
Valid Loss     : 0.1753	 | 	Valid Accuracy     : 0.9500

Epoch : 25
Train Loss     : 0.0045	 | 	Train Accuracy     : 1.0000
Valid Loss     : 0.1597	 | 	Valid Accuracy     : 0.9500

Epoch : 26
Train Loss     : 0.0117	 | 	Train Accuracy     : 1.0000
Valid Loss     : 0.1641	 | 	Valid Accuracy     : 0.9500

Epoch : 27
Train Loss     : 0.0055	 | 	Train Accuracy     : 1.0000
Valid Loss     : 0.1623	 | 	Valid Accuracy     : 0.9500

Epoch : 28
Train Loss     : 0.0047	 | 	Train Accuracy     : 1.0000
Valid Loss     : 0.1712	 | 	Valid Accuracy     : 0.9500

Epoch : 29
Train Loss     : 0.0161	 | 	Train Accuracy     : 1.0000
Valid Loss     : 0.1546	 | 	Valid Accuracy     : 0.9500

Epoch : 30
Train Loss     : 0.0050	 | 	Train Accuracy     : 1.0000
Valid Loss     : 0.1493	 | 	Valid Accuracy     : 0.9500

Evaluate on the Test set:
Test loss      :0.0142	 | Test Accuracy      : 1.0000

################## Training is Done! #########################
Training time is : 0:03:50.664095
