=============================================
Dataset: EMG
Method:  °³¹ßÁß...
Mode:    supervised
=============================================
Data loaded ...
Training started ....

Epoch : 1
Train Loss     : 0.3626	 | 	Train Accuracy     : 0.8750
Valid Loss     : 0.9306	 | 	Valid Accuracy     : 0.6000

Epoch : 2
Train Loss     : 0.1218	 | 	Train Accuracy     : 0.9667
Valid Loss     : 0.2821	 | 	Valid Accuracy     : 0.8500

Epoch : 3
Train Loss     : 0.1850	 | 	Train Accuracy     : 0.9500
Valid Loss     : 0.0799	 | 	Valid Accuracy     : 0.9750

Epoch : 4
Train Loss     : 0.0502	 | 	Train Accuracy     : 0.9833
Valid Loss     : 0.1518	 | 	Valid Accuracy     : 0.9500

Epoch : 5
Train Loss     : 0.0962	 | 	Train Accuracy     : 0.9667
Valid Loss     : 0.0342	 | 	Valid Accuracy     : 1.0000

Epoch : 6
Train Loss     : 0.0060	 | 	Train Accuracy     : 1.0000
Valid Loss     : 0.0720	 | 	Valid Accuracy     : 0.9750

Epoch : 7
Train Loss     : 0.0233	 | 	Train Accuracy     : 0.9917
Valid Loss     : 0.0994	 | 	Valid Accuracy     : 0.9750

Epoch : 8
Train Loss     : 0.1101	 | 	Train Accuracy     : 0.9667
Valid Loss     : 0.1553	 | 	Valid Accuracy     : 0.9500

Epoch : 9
Train Loss     : 0.0396	 | 	Train Accuracy     : 0.9833
Valid Loss     : 0.0892	 | 	Valid Accuracy     : 0.9750

Epoch : 10
Train Loss     : 0.0111	 | 	Train Accuracy     : 1.0000
Valid Loss     : 0.0992	 | 	Valid Accuracy     : 0.9750

Epoch : 11
Train Loss     : 0.0390	 | 	Train Accuracy     : 0.9750
Valid Loss     : 0.0744	 | 	Valid Accuracy     : 0.9750

Epoch : 12
Train Loss     : 0.0280	 | 	Train Accuracy     : 0.9917
Valid Loss     : 0.0388	 | 	Valid Accuracy     : 0.9750

Epoch : 13
Train Loss     : 0.0886	 | 	Train Accuracy     : 0.9667
Valid Loss     : 0.0048	 | 	Valid Accuracy     : 1.0000

Epoch : 14
Train Loss     : 0.0342	 | 	Train Accuracy     : 0.9917
Valid Loss     : 0.1148	 | 	Valid Accuracy     : 0.9750

Epoch : 15
Train Loss     : 0.0091	 | 	Train Accuracy     : 1.0000
Valid Loss     : 0.1083	 | 	Valid Accuracy     : 0.9750

Epoch : 16
Train Loss     : 0.0072	 | 	Train Accuracy     : 1.0000
Valid Loss     : 0.1021	 | 	Valid Accuracy     : 0.9750

Epoch : 17
Train Loss     : 0.0024	 | 	Train Accuracy     : 1.0000
Valid Loss     : 0.1004	 | 	Valid Accuracy     : 0.9750

Epoch : 18
Train Loss     : 0.0026	 | 	Train Accuracy     : 1.0000
Valid Loss     : 0.1183	 | 	Valid Accuracy     : 0.9750

Epoch : 19
Train Loss     : 0.0014	 | 	Train Accuracy     : 1.0000
Valid Loss     : 0.1310	 | 	Valid Accuracy     : 0.9750

Epoch : 20
Train Loss     : 0.0108	 | 	Train Accuracy     : 0.9917
Valid Loss     : 0.1193	 | 	Valid Accuracy     : 0.9750

Epoch : 21
Train Loss     : 0.0068	 | 	Train Accuracy     : 1.0000
Valid Loss     : 0.0951	 | 	Valid Accuracy     : 0.9750

Epoch : 22
Train Loss     : 0.0023	 | 	Train Accuracy     : 1.0000
Valid Loss     : 0.0984	 | 	Valid Accuracy     : 0.9750

Epoch : 23
Train Loss     : 0.0018	 | 	Train Accuracy     : 1.0000
Valid Loss     : 0.1010	 | 	Valid Accuracy     : 0.9750

Epoch : 24
Train Loss     : 0.0013	 | 	Train Accuracy     : 1.0000
Valid Loss     : 0.0959	 | 	Valid Accuracy     : 0.9750

Epoch : 25
Train Loss     : 0.0020	 | 	Train Accuracy     : 1.0000
Valid Loss     : 0.0957	 | 	Valid Accuracy     : 0.9750

Epoch : 26
Train Loss     : 0.0013	 | 	Train Accuracy     : 1.0000
Valid Loss     : 0.1013	 | 	Valid Accuracy     : 0.9750

Epoch : 27
Train Loss     : 0.1957	 | 	Train Accuracy     : 0.9667
Valid Loss     : 0.1243	 | 	Valid Accuracy     : 0.9750

Epoch : 28
Train Loss     : 0.0012	 | 	Train Accuracy     : 1.0000
Valid Loss     : 0.1222	 | 	Valid Accuracy     : 0.9750

Epoch : 29
Train Loss     : 0.0008	 | 	Train Accuracy     : 1.0000
Valid Loss     : 0.1138	 | 	Valid Accuracy     : 0.9750

Epoch : 30
Train Loss     : 0.0006	 | 	Train Accuracy     : 1.0000
Valid Loss     : 0.1133	 | 	Valid Accuracy     : 0.9750

Evaluate on the Test set:
Test loss      :0.0169	 | Test Accuracy      : 1.0000

################## Training is Done! #########################
Training time is : 0:00:55.952583
