=============================================
Dataset: Epilepsy
Method:  °³¹ßÁß...
Mode:    fine_tune
=============================================
Data loaded ...
Training started ....

Epoch : 1
Train Loss     : 0.4372	 | 	Train Accuracy     : 0.8500
Valid Loss     : 0.3722	 | 	Valid Accuracy     : 0.8750

Epoch : 2
Train Loss     : 0.3754	 | 	Train Accuracy     : 0.8500
Valid Loss     : 0.3335	 | 	Valid Accuracy     : 0.8750

Epoch : 3
Train Loss     : 0.3435	 | 	Train Accuracy     : 0.8750
Valid Loss     : 0.3236	 | 	Valid Accuracy     : 0.8750

Epoch : 4
Train Loss     : 0.3408	 | 	Train Accuracy     : 0.8750
Valid Loss     : 0.3211	 | 	Valid Accuracy     : 0.8750

Epoch : 5
Train Loss     : 0.3203	 | 	Train Accuracy     : 0.8750
Valid Loss     : 0.3144	 | 	Valid Accuracy     : 0.8750

Epoch : 6
Train Loss     : 0.3141	 | 	Train Accuracy     : 0.8750
Valid Loss     : 0.3119	 | 	Valid Accuracy     : 0.8750

Epoch : 7
Train Loss     : 0.3026	 | 	Train Accuracy     : 0.9000
Valid Loss     : 0.3100	 | 	Valid Accuracy     : 0.8750

Epoch : 8
Train Loss     : 0.2915	 | 	Train Accuracy     : 0.9000
Valid Loss     : 0.3075	 | 	Valid Accuracy     : 0.8750

Epoch : 9
Train Loss     : 0.2879	 | 	Train Accuracy     : 0.9000
Valid Loss     : 0.3032	 | 	Valid Accuracy     : 0.8750

Epoch : 10
Train Loss     : 0.2748	 | 	Train Accuracy     : 0.9000
Valid Loss     : 0.2971	 | 	Valid Accuracy     : 0.8750

Epoch : 11
Train Loss     : 0.2851	 | 	Train Accuracy     : 0.9000
Valid Loss     : 0.3020	 | 	Valid Accuracy     : 0.8750

Epoch : 12
Train Loss     : 0.2569	 | 	Train Accuracy     : 0.9000
Valid Loss     : 0.2912	 | 	Valid Accuracy     : 0.8750

Epoch : 13
Train Loss     : 0.2664	 | 	Train Accuracy     : 0.9000
Valid Loss     : 0.2879	 | 	Valid Accuracy     : 0.8750

Epoch : 14
Train Loss     : 0.2371	 | 	Train Accuracy     : 0.9000
Valid Loss     : 0.2777	 | 	Valid Accuracy     : 0.8750

Epoch : 15
Train Loss     : 0.2510	 | 	Train Accuracy     : 0.9000
Valid Loss     : 0.2798	 | 	Valid Accuracy     : 0.8750

Epoch : 16
Train Loss     : 0.2351	 | 	Train Accuracy     : 0.9000
Valid Loss     : 0.2738	 | 	Valid Accuracy     : 0.8750

Epoch : 17
Train Loss     : 0.2381	 | 	Train Accuracy     : 0.9000
Valid Loss     : 0.2706	 | 	Valid Accuracy     : 0.8750

Epoch : 18
Train Loss     : 0.2236	 | 	Train Accuracy     : 0.9000
Valid Loss     : 0.2759	 | 	Valid Accuracy     : 0.8750

Epoch : 19
Train Loss     : 0.2094	 | 	Train Accuracy     : 0.9250
Valid Loss     : 0.2613	 | 	Valid Accuracy     : 0.8750

Epoch : 20
Train Loss     : 0.1892	 | 	Train Accuracy     : 0.9250
Valid Loss     : 0.2584	 | 	Valid Accuracy     : 0.8750

Epoch : 21
Train Loss     : 0.1860	 | 	Train Accuracy     : 0.9500
Valid Loss     : 0.2461	 | 	Valid Accuracy     : 0.8750

Epoch : 22
Train Loss     : 0.1734	 | 	Train Accuracy     : 0.9250
Valid Loss     : 0.2518	 | 	Valid Accuracy     : 0.8750

Epoch : 23
Train Loss     : 0.1672	 | 	Train Accuracy     : 0.9500
Valid Loss     : 0.2376	 | 	Valid Accuracy     : 0.8750

Epoch : 24
Train Loss     : 0.1566	 | 	Train Accuracy     : 0.9500
Valid Loss     : 0.2487	 | 	Valid Accuracy     : 0.8750

Epoch : 25
Train Loss     : 0.1465	 | 	Train Accuracy     : 0.9500
Valid Loss     : 0.2374	 | 	Valid Accuracy     : 0.8750

Epoch : 26
Train Loss     : 0.1340	 | 	Train Accuracy     : 0.9500
Valid Loss     : 0.2388	 | 	Valid Accuracy     : 0.8750

Epoch : 27
Train Loss     : 0.1316	 | 	Train Accuracy     : 0.9500
Valid Loss     : 0.2324	 | 	Valid Accuracy     : 0.8750

Epoch : 28
Train Loss     : 0.1241	 | 	Train Accuracy     : 0.9500
Valid Loss     : 0.2304	 | 	Valid Accuracy     : 0.8750

Epoch : 29
Train Loss     : 0.1084	 | 	Train Accuracy     : 0.9750
Valid Loss     : 0.2223	 | 	Valid Accuracy     : 0.8750

Epoch : 30
Train Loss     : 0.1028	 | 	Train Accuracy     : 0.9750
Valid Loss     : 0.2257	 | 	Valid Accuracy     : 0.8750

Epoch : 31
Train Loss     : 0.0984	 | 	Train Accuracy     : 0.9750
Valid Loss     : 0.2148	 | 	Valid Accuracy     : 0.8750

Epoch : 32
Train Loss     : 0.0848	 | 	Train Accuracy     : 0.9750
Valid Loss     : 0.2282	 | 	Valid Accuracy     : 0.8750

Epoch : 33
Train Loss     : 0.0881	 | 	Train Accuracy     : 0.9500
Valid Loss     : 0.2100	 | 	Valid Accuracy     : 0.9000

Epoch : 34
Train Loss     : 0.0768	 | 	Train Accuracy     : 0.9750
Valid Loss     : 0.2120	 | 	Valid Accuracy     : 0.9000

Epoch : 35
Train Loss     : 0.0688	 | 	Train Accuracy     : 1.0000
Valid Loss     : 0.2093	 | 	Valid Accuracy     : 0.8750

Epoch : 36
Train Loss     : 0.0719	 | 	Train Accuracy     : 1.0000
Valid Loss     : 0.2060	 | 	Valid Accuracy     : 0.9000

Epoch : 37
Train Loss     : 0.0748	 | 	Train Accuracy     : 1.0000
Valid Loss     : 0.2059	 | 	Valid Accuracy     : 0.9000

Epoch : 38
Train Loss     : 0.0805	 | 	Train Accuracy     : 0.9750
Valid Loss     : 0.2284	 | 	Valid Accuracy     : 0.8750

Epoch : 39
Train Loss     : 0.0746	 | 	Train Accuracy     : 0.9750
Valid Loss     : 0.2115	 | 	Valid Accuracy     : 0.9000

Epoch : 40
Train Loss     : 0.0787	 | 	Train Accuracy     : 0.9750
Valid Loss     : 0.2286	 | 	Valid Accuracy     : 0.8750

Epoch : 41
Train Loss     : 0.0819	 | 	Train Accuracy     : 0.9750
Valid Loss     : 0.2192	 | 	Valid Accuracy     : 0.9000

Epoch : 42
Train Loss     : 0.0667	 | 	Train Accuracy     : 1.0000
Valid Loss     : 0.2081	 | 	Valid Accuracy     : 0.9000

Epoch : 43
Train Loss     : 0.0651	 | 	Train Accuracy     : 1.0000
Valid Loss     : 0.2167	 | 	Valid Accuracy     : 0.8750

Epoch : 44
Train Loss     : 0.0531	 | 	Train Accuracy     : 1.0000
Valid Loss     : 0.2112	 | 	Valid Accuracy     : 0.9000

Epoch : 45
Train Loss     : 0.0456	 | 	Train Accuracy     : 1.0000
Valid Loss     : 0.2127	 | 	Valid Accuracy     : 0.9000

Epoch : 46
Train Loss     : 0.0535	 | 	Train Accuracy     : 1.0000
Valid Loss     : 0.2081	 | 	Valid Accuracy     : 0.9000

Epoch : 47
Train Loss     : 0.0450	 | 	Train Accuracy     : 1.0000
Valid Loss     : 0.2292	 | 	Valid Accuracy     : 0.8750

Epoch : 48
Train Loss     : 0.0444	 | 	Train Accuracy     : 1.0000
Valid Loss     : 0.2127	 | 	Valid Accuracy     : 0.9000

Epoch : 49
Train Loss     : 0.0390	 | 	Train Accuracy     : 1.0000
Valid Loss     : 0.2108	 | 	Valid Accuracy     : 0.9000

Epoch : 50
Train Loss     : 0.0372	 | 	Train Accuracy     : 1.0000
Valid Loss     : 0.2119	 | 	Valid Accuracy     : 0.9000

Evaluate on the Test set:
Test loss      :0.1421	 | Test Accuracy      : 0.9000

################## Training is Done! #########################
Training time is : 0:00:16.765755
