=============================================
Dataset: Epilepsy
Method:  °³¹ßÁß...
Mode:    fine_tune
=============================================
Data loaded ...
Training started ....

Epoch : 1
Train Loss     : 0.5163	 | 	Train Accuracy     : 0.7109
Valid Loss     : 0.1721	 | 	Valid Accuracy     : 0.9531

Epoch : 2
Train Loss     : 0.1599	 | 	Train Accuracy     : 0.9375
Valid Loss     : 0.6397	 | 	Valid Accuracy     : 0.5938

Epoch : 3
Train Loss     : 0.1074	 | 	Train Accuracy     : 0.9570
Valid Loss     : 0.4888	 | 	Valid Accuracy     : 0.7812

Epoch : 4
Train Loss     : 0.0727	 | 	Train Accuracy     : 0.9648
Valid Loss     : 0.2484	 | 	Valid Accuracy     : 0.8750

Epoch : 5
Train Loss     : 0.0716	 | 	Train Accuracy     : 0.9727
Valid Loss     : 0.2383	 | 	Valid Accuracy     : 0.8906

Epoch : 6
Train Loss     : 0.0426	 | 	Train Accuracy     : 0.9883
Valid Loss     : 0.1326	 | 	Valid Accuracy     : 0.9531

Epoch : 7
Train Loss     : 0.0225	 | 	Train Accuracy     : 0.9961
Valid Loss     : 0.2501	 | 	Valid Accuracy     : 0.9531

Epoch : 8
Train Loss     : 0.0140	 | 	Train Accuracy     : 1.0000
Valid Loss     : 0.2446	 | 	Valid Accuracy     : 0.9531

Epoch : 9
Train Loss     : 0.0109	 | 	Train Accuracy     : 1.0000
Valid Loss     : 0.2076	 | 	Valid Accuracy     : 0.9531

Epoch : 10
Train Loss     : 0.0056	 | 	Train Accuracy     : 1.0000
Valid Loss     : 0.1717	 | 	Valid Accuracy     : 0.9531

Epoch : 11
Train Loss     : 0.0042	 | 	Train Accuracy     : 1.0000
Valid Loss     : 0.1839	 | 	Valid Accuracy     : 0.9531

Epoch : 12
Train Loss     : 0.0040	 | 	Train Accuracy     : 1.0000
Valid Loss     : 0.2068	 | 	Valid Accuracy     : 0.9531

Epoch : 13
Train Loss     : 0.0022	 | 	Train Accuracy     : 1.0000
Valid Loss     : 0.2356	 | 	Valid Accuracy     : 0.9531

Epoch : 14
Train Loss     : 0.0015	 | 	Train Accuracy     : 1.0000
Valid Loss     : 0.2434	 | 	Valid Accuracy     : 0.9531

Epoch : 15
Train Loss     : 0.0013	 | 	Train Accuracy     : 1.0000
Valid Loss     : 0.2415	 | 	Valid Accuracy     : 0.9531

Epoch : 16
Train Loss     : 0.0010	 | 	Train Accuracy     : 1.0000
Valid Loss     : 0.2430	 | 	Valid Accuracy     : 0.9531

Epoch : 17
Train Loss     : 0.0008	 | 	Train Accuracy     : 1.0000
Valid Loss     : 0.2322	 | 	Valid Accuracy     : 0.9531

Epoch : 18
Train Loss     : 0.0027	 | 	Train Accuracy     : 1.0000
Valid Loss     : 0.2268	 | 	Valid Accuracy     : 0.9531

Epoch : 19
Train Loss     : 0.0010	 | 	Train Accuracy     : 1.0000
Valid Loss     : 0.2218	 | 	Valid Accuracy     : 0.9531

Epoch : 20
Train Loss     : 0.0008	 | 	Train Accuracy     : 1.0000
Valid Loss     : 0.2216	 | 	Valid Accuracy     : 0.9531

Epoch : 21
Train Loss     : 0.0013	 | 	Train Accuracy     : 1.0000
Valid Loss     : 0.2257	 | 	Valid Accuracy     : 0.9531

Epoch : 22
Train Loss     : 0.0008	 | 	Train Accuracy     : 1.0000
Valid Loss     : 0.2216	 | 	Valid Accuracy     : 0.9531

Epoch : 23
Train Loss     : 0.0011	 | 	Train Accuracy     : 1.0000
Valid Loss     : 0.2166	 | 	Valid Accuracy     : 0.9531

Epoch : 24
Train Loss     : 0.0010	 | 	Train Accuracy     : 1.0000
Valid Loss     : 0.2136	 | 	Valid Accuracy     : 0.9531

Epoch : 25
Train Loss     : 0.0010	 | 	Train Accuracy     : 1.0000
Valid Loss     : 0.2207	 | 	Valid Accuracy     : 0.9531

Epoch : 26
Train Loss     : 0.0009	 | 	Train Accuracy     : 1.0000
Valid Loss     : 0.2167	 | 	Valid Accuracy     : 0.9531

Epoch : 27
Train Loss     : 0.0008	 | 	Train Accuracy     : 1.0000
Valid Loss     : 0.2156	 | 	Valid Accuracy     : 0.9531

Epoch : 28
Train Loss     : 0.0011	 | 	Train Accuracy     : 1.0000
Valid Loss     : 0.2187	 | 	Valid Accuracy     : 0.9531

Epoch : 29
Train Loss     : 0.0009	 | 	Train Accuracy     : 1.0000
Valid Loss     : 0.2156	 | 	Valid Accuracy     : 0.9531

Epoch : 30
Train Loss     : 0.0007	 | 	Train Accuracy     : 1.0000
Valid Loss     : 0.2156	 | 	Valid Accuracy     : 0.9531

Evaluate on the Test set:
Test loss      :0.1480	 | Test Accuracy      : 0.9644

################## Training is Done! #########################
Training time is : 0:01:56.440284
