=============================================
Dataset: HAR
Method:  TS-TCC
Mode:    fine_tune
=============================================
Data loaded ...
Training started ....

Epoch : 1
Train Loss     : 0.5580	 | 	Train Accuracy     : 0.8358
Valid Loss     : 0.2309	 | 	Valid Accuracy     : 0.9233

Epoch : 2
Train Loss     : 0.1856	 | 	Train Accuracy     : 0.9387
Valid Loss     : 0.1544	 | 	Valid Accuracy     : 0.9396

Epoch : 3
Train Loss     : 0.1370	 | 	Train Accuracy     : 0.9481
Valid Loss     : 0.1193	 | 	Valid Accuracy     : 0.9595

Epoch : 4
Train Loss     : 0.1271	 | 	Train Accuracy     : 0.9498
Valid Loss     : 0.1130	 | 	Valid Accuracy     : 0.9517

Epoch : 5
Train Loss     : 0.1145	 | 	Train Accuracy     : 0.9514
Valid Loss     : 0.1047	 | 	Valid Accuracy     : 0.9595

Epoch : 6
Train Loss     : 0.1142	 | 	Train Accuracy     : 0.9517
Valid Loss     : 0.0990	 | 	Valid Accuracy     : 0.9581

Epoch : 7
Train Loss     : 0.1094	 | 	Train Accuracy     : 0.9550
Valid Loss     : 0.0910	 | 	Valid Accuracy     : 0.9602

Epoch : 8
Train Loss     : 0.1009	 | 	Train Accuracy     : 0.9563
Valid Loss     : 0.0934	 | 	Valid Accuracy     : 0.9517

Epoch : 9
Train Loss     : 0.1014	 | 	Train Accuracy     : 0.9568
Valid Loss     : 0.0918	 | 	Valid Accuracy     : 0.9588

Epoch : 10
Train Loss     : 0.0952	 | 	Train Accuracy     : 0.9585
Valid Loss     : 0.0882	 | 	Valid Accuracy     : 0.9595

Epoch : 11
Train Loss     : 0.0929	 | 	Train Accuracy     : 0.9573
Valid Loss     : 0.0827	 | 	Valid Accuracy     : 0.9631

Epoch : 12
Train Loss     : 0.0904	 | 	Train Accuracy     : 0.9569
Valid Loss     : 0.0796	 | 	Valid Accuracy     : 0.9616

Epoch : 13
Train Loss     : 0.0844	 | 	Train Accuracy     : 0.9622
Valid Loss     : 0.0869	 | 	Valid Accuracy     : 0.9531

Epoch : 14
Train Loss     : 0.0872	 | 	Train Accuracy     : 0.9616
Valid Loss     : 0.0816	 | 	Valid Accuracy     : 0.9574

Epoch : 15
Train Loss     : 0.0775	 | 	Train Accuracy     : 0.9622
Valid Loss     : 0.0777	 | 	Valid Accuracy     : 0.9588

Epoch : 16
Train Loss     : 0.0793	 | 	Train Accuracy     : 0.9628
Valid Loss     : 0.0789	 | 	Valid Accuracy     : 0.9624

Epoch : 17
Train Loss     : 0.0762	 | 	Train Accuracy     : 0.9658
Valid Loss     : 0.0786	 | 	Valid Accuracy     : 0.9595

Epoch : 18
Train Loss     : 0.0777	 | 	Train Accuracy     : 0.9644
Valid Loss     : 0.0766	 | 	Valid Accuracy     : 0.9581

Epoch : 19
Train Loss     : 0.0814	 | 	Train Accuracy     : 0.9653
Valid Loss     : 0.0745	 | 	Valid Accuracy     : 0.9638

Epoch : 20
Train Loss     : 0.0766	 | 	Train Accuracy     : 0.9646
Valid Loss     : 0.0763	 | 	Valid Accuracy     : 0.9602

Epoch : 21
Train Loss     : 0.0854	 | 	Train Accuracy     : 0.9585
Valid Loss     : 0.0746	 | 	Valid Accuracy     : 0.9688

Epoch : 22
Train Loss     : 0.0839	 | 	Train Accuracy     : 0.9623
Valid Loss     : 0.0767	 | 	Valid Accuracy     : 0.9652

Epoch : 23
Train Loss     : 0.0774	 | 	Train Accuracy     : 0.9660
Valid Loss     : 0.0702	 | 	Valid Accuracy     : 0.9666

Epoch : 24
Train Loss     : 0.0766	 | 	Train Accuracy     : 0.9644
Valid Loss     : 0.0744	 | 	Valid Accuracy     : 0.9588

Epoch : 25
Train Loss     : 0.0736	 | 	Train Accuracy     : 0.9637
Valid Loss     : 0.0749	 | 	Valid Accuracy     : 0.9609

Epoch : 26
Train Loss     : 0.0812	 | 	Train Accuracy     : 0.9641
Valid Loss     : 0.0770	 | 	Valid Accuracy     : 0.9595

Epoch : 27
Train Loss     : 0.0696	 | 	Train Accuracy     : 0.9700
Valid Loss     : 0.0702	 | 	Valid Accuracy     : 0.9602

Epoch : 28
Train Loss     : 0.0756	 | 	Train Accuracy     : 0.9628
Valid Loss     : 0.0657	 | 	Valid Accuracy     : 0.9673

Epoch : 29
Train Loss     : 0.0710	 | 	Train Accuracy     : 0.9667
Valid Loss     : 0.0730	 | 	Valid Accuracy     : 0.9609

Epoch : 30
Train Loss     : 0.0709	 | 	Train Accuracy     : 0.9684
Valid Loss     : 0.0654	 | 	Valid Accuracy     : 0.9659

Epoch : 31
Train Loss     : 0.0675	 | 	Train Accuracy     : 0.9701
Valid Loss     : 0.0666	 | 	Valid Accuracy     : 0.9645

Epoch : 32
Train Loss     : 0.0711	 | 	Train Accuracy     : 0.9691
Valid Loss     : 0.0743	 | 	Valid Accuracy     : 0.9645

Epoch : 33
Train Loss     : 0.0748	 | 	Train Accuracy     : 0.9660
Valid Loss     : 0.0644	 | 	Valid Accuracy     : 0.9702

Epoch : 34
Train Loss     : 0.0735	 | 	Train Accuracy     : 0.9660
Valid Loss     : 0.0712	 | 	Valid Accuracy     : 0.9624

Epoch : 35
Train Loss     : 0.0682	 | 	Train Accuracy     : 0.9681
Valid Loss     : 0.0650	 | 	Valid Accuracy     : 0.9638

Epoch : 36
Train Loss     : 0.0680	 | 	Train Accuracy     : 0.9684
Valid Loss     : 0.0684	 | 	Valid Accuracy     : 0.9631

Epoch : 37
Train Loss     : 0.0714	 | 	Train Accuracy     : 0.9679
Valid Loss     : 0.0644	 | 	Valid Accuracy     : 0.9709

Epoch : 38
Train Loss     : 0.0696	 | 	Train Accuracy     : 0.9677
Valid Loss     : 0.0679	 | 	Valid Accuracy     : 0.9666

Epoch : 39
Train Loss     : 0.0708	 | 	Train Accuracy     : 0.9661
Valid Loss     : 0.0654	 | 	Valid Accuracy     : 0.9673

Epoch : 40
Train Loss     : 0.0640	 | 	Train Accuracy     : 0.9714
Valid Loss     : 0.0641	 | 	Valid Accuracy     : 0.9688

Evaluate on the Test set:
Test loss      :0.2126	 | Test Accuracy      : 0.9365

################## Training is Done! #########################
Training time is : 0:00:22.089442
