=============================================
Dataset: sleepEDF
Method:  TS-TCC
Mode:    fine_tune
=============================================
Data loaded ...
Training started ....

Epoch : 1
Train Loss     : 1.4794	 | 	Train Accuracy     : 0.3765
Valid Loss     : 1.3742	 | 	Valid Accuracy     : 0.5311

Epoch : 2
Train Loss     : 1.4663	 | 	Train Accuracy     : 0.3814
Valid Loss     : 1.3765	 | 	Valid Accuracy     : 0.5311

Epoch : 3
Train Loss     : 1.4665	 | 	Train Accuracy     : 0.3809
Valid Loss     : 1.3757	 | 	Valid Accuracy     : 0.5311

Epoch : 4
Train Loss     : 1.4660	 | 	Train Accuracy     : 0.3814
Valid Loss     : 1.3706	 | 	Valid Accuracy     : 0.5311

Epoch : 5
Train Loss     : 1.4665	 | 	Train Accuracy     : 0.3815
Valid Loss     : 1.3634	 | 	Valid Accuracy     : 0.5311

Epoch : 6
Train Loss     : 1.4658	 | 	Train Accuracy     : 0.3816
Valid Loss     : 1.3564	 | 	Valid Accuracy     : 0.5311

Epoch : 7
Train Loss     : 1.4659	 | 	Train Accuracy     : 0.3815
Valid Loss     : 1.3805	 | 	Valid Accuracy     : 0.5311

Epoch : 8
Train Loss     : 1.4665	 | 	Train Accuracy     : 0.3814
Valid Loss     : 1.3808	 | 	Valid Accuracy     : 0.5311

Epoch : 9
Train Loss     : 1.4669	 | 	Train Accuracy     : 0.3810
Valid Loss     : 1.3761	 | 	Valid Accuracy     : 0.5311

Epoch : 10
Train Loss     : 1.4658	 | 	Train Accuracy     : 0.3813
Valid Loss     : 1.3701	 | 	Valid Accuracy     : 0.5311

Epoch : 11
Train Loss     : 1.4660	 | 	Train Accuracy     : 0.3811
Valid Loss     : 1.3568	 | 	Valid Accuracy     : 0.5311

Epoch : 12
Train Loss     : 1.4661	 | 	Train Accuracy     : 0.3815
Valid Loss     : 1.3752	 | 	Valid Accuracy     : 0.5311

Epoch : 13
Train Loss     : 1.4662	 | 	Train Accuracy     : 0.3812
Valid Loss     : 1.3513	 | 	Valid Accuracy     : 0.5311

Epoch : 14
Train Loss     : 1.4660	 | 	Train Accuracy     : 0.3812
Valid Loss     : 1.3810	 | 	Valid Accuracy     : 0.5311

Epoch : 15
Train Loss     : 1.4662	 | 	Train Accuracy     : 0.3813
Valid Loss     : 1.3711	 | 	Valid Accuracy     : 0.5311

Epoch : 16
Train Loss     : 1.4660	 | 	Train Accuracy     : 0.3815
Valid Loss     : 1.3809	 | 	Valid Accuracy     : 0.5311

Epoch : 17
Train Loss     : 1.4659	 | 	Train Accuracy     : 0.3812
Valid Loss     : 1.3630	 | 	Valid Accuracy     : 0.5311

Epoch : 18
Train Loss     : 1.4658	 | 	Train Accuracy     : 0.3813
Valid Loss     : 1.3725	 | 	Valid Accuracy     : 0.5311

Epoch : 19
Train Loss     : 1.4661	 | 	Train Accuracy     : 0.3813
Valid Loss     : 1.3611	 | 	Valid Accuracy     : 0.5311

Epoch : 20
Train Loss     : 1.4661	 | 	Train Accuracy     : 0.3815
Valid Loss     : 1.3779	 | 	Valid Accuracy     : 0.5311

Epoch : 21
Train Loss     : 1.4658	 | 	Train Accuracy     : 0.3815
Valid Loss     : 1.3830	 | 	Valid Accuracy     : 0.5311

Epoch : 22
Train Loss     : 1.4661	 | 	Train Accuracy     : 0.3811
Valid Loss     : 1.3653	 | 	Valid Accuracy     : 0.5311

Epoch : 23
Train Loss     : 1.4659	 | 	Train Accuracy     : 0.3813
Valid Loss     : 1.3634	 | 	Valid Accuracy     : 0.5311

Epoch : 24
Train Loss     : 1.4657	 | 	Train Accuracy     : 0.3815
Valid Loss     : 1.3662	 | 	Valid Accuracy     : 0.5311

Epoch : 25
Train Loss     : 1.4653	 | 	Train Accuracy     : 0.3814
Valid Loss     : 1.3614	 | 	Valid Accuracy     : 0.5311

Epoch : 26
Train Loss     : 1.4651	 | 	Train Accuracy     : 0.3815
Valid Loss     : 1.3637	 | 	Valid Accuracy     : 0.5311

Epoch : 27
Train Loss     : 1.4657	 | 	Train Accuracy     : 0.3808
Valid Loss     : 1.3654	 | 	Valid Accuracy     : 0.5311

Epoch : 28
Train Loss     : 1.4648	 | 	Train Accuracy     : 0.3815
Valid Loss     : 1.3674	 | 	Valid Accuracy     : 0.5311

Epoch : 29
Train Loss     : 1.4653	 | 	Train Accuracy     : 0.3812
Valid Loss     : 1.3661	 | 	Valid Accuracy     : 0.5311

Epoch : 30
Train Loss     : 1.4652	 | 	Train Accuracy     : 0.3815
Valid Loss     : 1.3654	 | 	Valid Accuracy     : 0.5311

Epoch : 31
Train Loss     : 1.4651	 | 	Train Accuracy     : 0.3814
Valid Loss     : 1.3651	 | 	Valid Accuracy     : 0.5311

Epoch : 32
Train Loss     : 1.4652	 | 	Train Accuracy     : 0.3811
Valid Loss     : 1.3621	 | 	Valid Accuracy     : 0.5311

Epoch : 33
Train Loss     : 1.4650	 | 	Train Accuracy     : 0.3814
Valid Loss     : 1.3629	 | 	Valid Accuracy     : 0.5311

Epoch : 34
Train Loss     : 1.4651	 | 	Train Accuracy     : 0.3813
Valid Loss     : 1.3650	 | 	Valid Accuracy     : 0.5311

Epoch : 35
Train Loss     : 1.4649	 | 	Train Accuracy     : 0.3814
Valid Loss     : 1.3650	 | 	Valid Accuracy     : 0.5311

Epoch : 36
Train Loss     : 1.4648	 | 	Train Accuracy     : 0.3812
Valid Loss     : 1.3646	 | 	Valid Accuracy     : 0.5311

Epoch : 37
Train Loss     : 1.4649	 | 	Train Accuracy     : 0.3814
Valid Loss     : 1.3649	 | 	Valid Accuracy     : 0.5311

Epoch : 38
Train Loss     : 1.4649	 | 	Train Accuracy     : 0.3815
Valid Loss     : 1.3648	 | 	Valid Accuracy     : 0.5311

Epoch : 39
Train Loss     : 1.4650	 | 	Train Accuracy     : 0.3813
Valid Loss     : 1.3648	 | 	Valid Accuracy     : 0.5311

Epoch : 40
Train Loss     : 1.4652	 | 	Train Accuracy     : 0.3811
Valid Loss     : 1.3648	 | 	Valid Accuracy     : 0.5311

Evaluate on the Test set:
Test loss      :1.4927	 | Test Accuracy      : 0.4262

################## Training is Done! #########################
Training time is : 0:01:18.305583
