=============================================
Dataset: Epilepsy
Method:  °³¹ßÁß...
Mode:    self_supervised
=============================================
Data loaded ...
Training started ....

Epoch : 1
Train Loss     : 6.8792	 | 	Train Accuracy     : 0.0000
Valid Loss     : 0.0000	 | 	Valid Accuracy     : 0.0000

Epoch : 2
Train Loss     : 6.3389	 | 	Train Accuracy     : 0.0000
Valid Loss     : 0.0000	 | 	Valid Accuracy     : 0.0000

Epoch : 3
Train Loss     : 6.0710	 | 	Train Accuracy     : 0.0000
Valid Loss     : 0.0000	 | 	Valid Accuracy     : 0.0000

Epoch : 4
Train Loss     : 5.9248	 | 	Train Accuracy     : 0.0000
Valid Loss     : 0.0000	 | 	Valid Accuracy     : 0.0000

Epoch : 5
Train Loss     : 5.7267	 | 	Train Accuracy     : 0.0000
Valid Loss     : 0.0000	 | 	Valid Accuracy     : 0.0000

Epoch : 6
Train Loss     : 5.4592	 | 	Train Accuracy     : 0.0000
Valid Loss     : 0.0000	 | 	Valid Accuracy     : 0.0000

Epoch : 7
Train Loss     : 5.4917	 | 	Train Accuracy     : 0.0000
Valid Loss     : 0.0000	 | 	Valid Accuracy     : 0.0000

Epoch : 8
Train Loss     : 5.8281	 | 	Train Accuracy     : 0.0000
Valid Loss     : 0.0000	 | 	Valid Accuracy     : 0.0000

Epoch : 9
Train Loss     : 5.3593	 | 	Train Accuracy     : 0.0000
Valid Loss     : 0.0000	 | 	Valid Accuracy     : 0.0000
