=============================================
Dataset: EMG
Method:  °³¹ßÁß...
Mode:    self_supervised
=============================================
Data loaded ...
Training started ....

Epoch : 1
Train Loss     : 11.8097	 | 	Train Accuracy     : 0.0000
Valid Loss     : 0.0000	 | 	Valid Accuracy     : 0.0000

Epoch : 2
Train Loss     : 10.7306	 | 	Train Accuracy     : 0.0000
Valid Loss     : 0.0000	 | 	Valid Accuracy     : 0.0000

Epoch : 3
Train Loss     : 10.9504	 | 	Train Accuracy     : 0.0000
Valid Loss     : 0.0000	 | 	Valid Accuracy     : 0.0000

Epoch : 4
Train Loss     : 10.6055	 | 	Train Accuracy     : 0.0000
Valid Loss     : 0.0000	 | 	Valid Accuracy     : 0.0000

Epoch : 5
Train Loss     : 10.4546	 | 	Train Accuracy     : 0.0000
Valid Loss     : 0.0000	 | 	Valid Accuracy     : 0.0000

Epoch : 6
Train Loss     : 10.4313	 | 	Train Accuracy     : 0.0000
Valid Loss     : 0.0000	 | 	Valid Accuracy     : 0.0000

Epoch : 7
Train Loss     : 10.3448	 | 	Train Accuracy     : 0.0000
Valid Loss     : 0.0000	 | 	Valid Accuracy     : 0.0000

Epoch : 8
Train Loss     : 10.0383	 | 	Train Accuracy     : 0.0000
Valid Loss     : 0.0000	 | 	Valid Accuracy     : 0.0000

Epoch : 9
Train Loss     : 9.7759	 | 	Train Accuracy     : 0.0000
Valid Loss     : 0.0000	 | 	Valid Accuracy     : 0.0000

Epoch : 10
Train Loss     : 9.5878	 | 	Train Accuracy     : 0.0000
Valid Loss     : 0.0000	 | 	Valid Accuracy     : 0.0000

Epoch : 11
Train Loss     : 9.3764	 | 	Train Accuracy     : 0.0000
Valid Loss     : 0.0000	 | 	Valid Accuracy     : 0.0000

Epoch : 12
Train Loss     : 9.1334	 | 	Train Accuracy     : 0.0000
Valid Loss     : 0.0000	 | 	Valid Accuracy     : 0.0000

Epoch : 13
Train Loss     : 8.9665	 | 	Train Accuracy     : 0.0000
Valid Loss     : 0.0000	 | 	Valid Accuracy     : 0.0000

Epoch : 14
Train Loss     : 8.8052	 | 	Train Accuracy     : 0.0000
Valid Loss     : 0.0000	 | 	Valid Accuracy     : 0.0000

Epoch : 15
Train Loss     : 8.5436	 | 	Train Accuracy     : 0.0000
Valid Loss     : 0.0000	 | 	Valid Accuracy     : 0.0000

Epoch : 16
Train Loss     : 8.3235	 | 	Train Accuracy     : 0.0000
Valid Loss     : 0.0000	 | 	Valid Accuracy     : 0.0000

Epoch : 17
Train Loss     : 8.1490	 | 	Train Accuracy     : 0.0000
Valid Loss     : 0.0000	 | 	Valid Accuracy     : 0.0000

Epoch : 18
Train Loss     : 7.9779	 | 	Train Accuracy     : 0.0000
Valid Loss     : 0.0000	 | 	Valid Accuracy     : 0.0000

Epoch : 19
Train Loss     : 7.7693	 | 	Train Accuracy     : 0.0000
Valid Loss     : 0.0000	 | 	Valid Accuracy     : 0.0000

Epoch : 20
Train Loss     : 7.4998	 | 	Train Accuracy     : 0.0000
Valid Loss     : 0.0000	 | 	Valid Accuracy     : 0.0000

Epoch : 21
Train Loss     : 7.3679	 | 	Train Accuracy     : 0.0000
Valid Loss     : 0.0000	 | 	Valid Accuracy     : 0.0000

Epoch : 22
Train Loss     : 7.2562	 | 	Train Accuracy     : 0.0000
Valid Loss     : 0.0000	 | 	Valid Accuracy     : 0.0000

Epoch : 23
Train Loss     : 7.0682	 | 	Train Accuracy     : 0.0000
Valid Loss     : 0.0000	 | 	Valid Accuracy     : 0.0000

Epoch : 24
Train Loss     : 6.8252	 | 	Train Accuracy     : 0.0000
Valid Loss     : 0.0000	 | 	Valid Accuracy     : 0.0000

Epoch : 25
Train Loss     : 6.7057	 | 	Train Accuracy     : 0.0000
Valid Loss     : 0.0000	 | 	Valid Accuracy     : 0.0000

Epoch : 26
Train Loss     : 6.6571	 | 	Train Accuracy     : 0.0000
Valid Loss     : 0.0000	 | 	Valid Accuracy     : 0.0000

Epoch : 27
Train Loss     : 6.5652	 | 	Train Accuracy     : 0.0000
Valid Loss     : 0.0000	 | 	Valid Accuracy     : 0.0000

Epoch : 28
Train Loss     : 6.5205	 | 	Train Accuracy     : 0.0000
Valid Loss     : 0.0000	 | 	Valid Accuracy     : 0.0000

Epoch : 29
Train Loss     : 6.4206	 | 	Train Accuracy     : 0.0000
Valid Loss     : 0.0000	 | 	Valid Accuracy     : 0.0000

Epoch : 30
Train Loss     : 6.2308	 | 	Train Accuracy     : 0.0000
Valid Loss     : 0.0000	 | 	Valid Accuracy     : 0.0000

################## Training is Done! #########################
Training time is : 0:02:02.368677
