=============================================
Dataset: sleepEDF
Method:  TS-TCC
Mode:    supervised
=============================================
Data loaded ...
Training started ....

Epoch : 1
Train Loss     : 2.2466	 | 	Train Accuracy     : 0.2990
Valid Loss     : 1.6106	 | 	Valid Accuracy     : 0.3096

Epoch : 2
Train Loss     : 1.4163	 | 	Train Accuracy     : 0.4228
Valid Loss     : 1.6181	 | 	Valid Accuracy     : 0.3459

Epoch : 3
Train Loss     : 1.1510	 | 	Train Accuracy     : 0.5338
Valid Loss     : 1.7550	 | 	Valid Accuracy     : 0.3219

Epoch : 4
Train Loss     : 0.9551	 | 	Train Accuracy     : 0.6189
Valid Loss     : 1.9620	 | 	Valid Accuracy     : 0.2974

Epoch : 5
Train Loss     : 0.8076	 | 	Train Accuracy     : 0.6823
Valid Loss     : 2.1804	 | 	Valid Accuracy     : 0.2671

Epoch : 6
Train Loss     : 0.7139	 | 	Train Accuracy     : 0.7223
Valid Loss     : 2.2811	 | 	Valid Accuracy     : 0.3329

Epoch : 7
Train Loss     : 0.6376	 | 	Train Accuracy     : 0.7503
Valid Loss     : 2.4238	 | 	Valid Accuracy     : 0.2930

Epoch : 8
Train Loss     : 0.5905	 | 	Train Accuracy     : 0.7726
Valid Loss     : 2.5106	 | 	Valid Accuracy     : 0.2933

Epoch : 9
Train Loss     : 0.5433	 | 	Train Accuracy     : 0.7928
Valid Loss     : 2.6566	 | 	Valid Accuracy     : 0.3053

Epoch : 10
Train Loss     : 0.5103	 | 	Train Accuracy     : 0.8068
Valid Loss     : 2.7963	 | 	Valid Accuracy     : 0.2959

Epoch : 11
Train Loss     : 0.4785	 | 	Train Accuracy     : 0.8212
Valid Loss     : 2.9689	 | 	Valid Accuracy     : 0.3238

Epoch : 12
Train Loss     : 0.4583	 | 	Train Accuracy     : 0.8264
Valid Loss     : 2.8993	 | 	Valid Accuracy     : 0.2950

Epoch : 13
Train Loss     : 0.3383	 | 	Train Accuracy     : 0.8769
Valid Loss     : 2.9911	 | 	Valid Accuracy     : 0.3111

Epoch : 14
Train Loss     : 0.3160	 | 	Train Accuracy     : 0.8879
Valid Loss     : 3.0555	 | 	Valid Accuracy     : 0.3091

Epoch : 15
Train Loss     : 0.2971	 | 	Train Accuracy     : 0.8943
Valid Loss     : 3.0929	 | 	Valid Accuracy     : 0.3130

Epoch : 16
Train Loss     : 0.2882	 | 	Train Accuracy     : 0.8952
Valid Loss     : 3.1412	 | 	Valid Accuracy     : 0.3142

Epoch : 17
Train Loss     : 0.2809	 | 	Train Accuracy     : 0.9007
Valid Loss     : 3.1436	 | 	Valid Accuracy     : 0.3132

Epoch : 18
Train Loss     : 0.2664	 | 	Train Accuracy     : 0.9063
Valid Loss     : 3.1973	 | 	Valid Accuracy     : 0.3130

Epoch : 19
Train Loss     : 0.2590	 | 	Train Accuracy     : 0.9085
Valid Loss     : 3.2101	 | 	Valid Accuracy     : 0.3163

Epoch : 20
Train Loss     : 0.2594	 | 	Train Accuracy     : 0.9077
Valid Loss     : 3.2392	 | 	Valid Accuracy     : 0.3123

Epoch : 21
Train Loss     : 0.2470	 | 	Train Accuracy     : 0.9137
Valid Loss     : 3.2982	 | 	Valid Accuracy     : 0.3144

Epoch : 22
Train Loss     : 0.2424	 | 	Train Accuracy     : 0.9139
Valid Loss     : 3.2962	 | 	Valid Accuracy     : 0.3099

Epoch : 23
Train Loss     : 0.2442	 | 	Train Accuracy     : 0.9141
Valid Loss     : 3.3437	 | 	Valid Accuracy     : 0.3118

Epoch : 24
Train Loss     : 0.2294	 | 	Train Accuracy     : 0.9197
Valid Loss     : 3.3153	 | 	Valid Accuracy     : 0.3130

Epoch : 25
Train Loss     : 0.2285	 | 	Train Accuracy     : 0.9217
Valid Loss     : 3.3571	 | 	Valid Accuracy     : 0.3118

Epoch : 26
Train Loss     : 0.2244	 | 	Train Accuracy     : 0.9220
Valid Loss     : 3.3321	 | 	Valid Accuracy     : 0.3115

Epoch : 27
Train Loss     : 0.2295	 | 	Train Accuracy     : 0.9210
Valid Loss     : 3.3428	 | 	Valid Accuracy     : 0.3115

Epoch : 28
Train Loss     : 0.2270	 | 	Train Accuracy     : 0.9219
Valid Loss     : 3.3275	 | 	Valid Accuracy     : 0.3127

Epoch : 29
Train Loss     : 0.2218	 | 	Train Accuracy     : 0.9237
Valid Loss     : 3.3345	 | 	Valid Accuracy     : 0.3101

Epoch : 30
Train Loss     : 0.2218	 | 	Train Accuracy     : 0.9235
Valid Loss     : 3.3388	 | 	Valid Accuracy     : 0.3108

Epoch : 31
Train Loss     : 0.2238	 | 	Train Accuracy     : 0.9212
Valid Loss     : 3.3382	 | 	Valid Accuracy     : 0.3103

Epoch : 32
Train Loss     : 0.2210	 | 	Train Accuracy     : 0.9261
Valid Loss     : 3.3401	 | 	Valid Accuracy     : 0.3118

Epoch : 33
Train Loss     : 0.2248	 | 	Train Accuracy     : 0.9217
Valid Loss     : 3.3517	 | 	Valid Accuracy     : 0.3111

Epoch : 34
Train Loss     : 0.2224	 | 	Train Accuracy     : 0.9226
Valid Loss     : 3.3358	 | 	Valid Accuracy     : 0.3115

Epoch : 35
Train Loss     : 0.2214	 | 	Train Accuracy     : 0.9233
Valid Loss     : 3.3476	 | 	Valid Accuracy     : 0.3115

Epoch : 36
Train Loss     : 0.2212	 | 	Train Accuracy     : 0.9235
Valid Loss     : 3.3572	 | 	Valid Accuracy     : 0.3113
