=============================================
Dataset: pFD
Method:  TS-TCC
Mode:    supervised
=============================================
Data loaded ...
Training started ....

Epoch : 1
Train Loss     : 1.2672	 | 	Train Accuracy     : 0.4427
Valid Loss     : 0.9719	 | 	Valid Accuracy     : 0.4575

Epoch : 2
Train Loss     : 0.9638	 | 	Train Accuracy     : 0.4604
Valid Loss     : 0.9653	 | 	Valid Accuracy     : 0.4564

Epoch : 3
Train Loss     : 0.9465	 | 	Train Accuracy     : 0.4512
Valid Loss     : 0.9389	 | 	Valid Accuracy     : 0.4545

Epoch : 4
Train Loss     : 0.9437	 | 	Train Accuracy     : 0.4626
Valid Loss     : 0.9669	 | 	Valid Accuracy     : 0.4542

Epoch : 5
Train Loss     : 0.9452	 | 	Train Accuracy     : 0.4648
Valid Loss     : 0.9417	 | 	Valid Accuracy     : 0.4545

Epoch : 6
Train Loss     : 0.9408	 | 	Train Accuracy     : 0.4737
Valid Loss     : 0.9795	 | 	Valid Accuracy     : 0.4545

Epoch : 7
Train Loss     : 0.9378	 | 	Train Accuracy     : 0.4847
Valid Loss     : 0.9523	 | 	Valid Accuracy     : 0.4501

Epoch : 8
Train Loss     : 0.9341	 | 	Train Accuracy     : 0.4835
Valid Loss     : 0.9475	 | 	Valid Accuracy     : 0.4622

Epoch : 9
Train Loss     : 0.9285	 | 	Train Accuracy     : 0.5034
Valid Loss     : 0.9459	 | 	Valid Accuracy     : 0.4622

Epoch : 10
Train Loss     : 0.9253	 | 	Train Accuracy     : 0.4954
Valid Loss     : 0.9628	 | 	Valid Accuracy     : 0.4446

Epoch : 11
Train Loss     : 0.9204	 | 	Train Accuracy     : 0.5097
Valid Loss     : 0.9425	 | 	Valid Accuracy     : 0.4633

Epoch : 12
Train Loss     : 0.9176	 | 	Train Accuracy     : 0.5154
Valid Loss     : 0.9603	 | 	Valid Accuracy     : 0.4564

Epoch : 13
Train Loss     : 0.9108	 | 	Train Accuracy     : 0.5169
Valid Loss     : 0.9425	 | 	Valid Accuracy     : 0.4549

Epoch : 14
Train Loss     : 0.9074	 | 	Train Accuracy     : 0.5293
Valid Loss     : 0.9579	 | 	Valid Accuracy     : 0.4659

Epoch : 15
Train Loss     : 0.8798	 | 	Train Accuracy     : 0.5505
Valid Loss     : 0.9780	 | 	Valid Accuracy     : 0.4582

Epoch : 16
Train Loss     : 0.8721	 | 	Train Accuracy     : 0.5661
Valid Loss     : 0.9790	 | 	Valid Accuracy     : 0.4538

Epoch : 17
Train Loss     : 0.8649	 | 	Train Accuracy     : 0.5663
Valid Loss     : 0.9827	 | 	Valid Accuracy     : 0.4553

Epoch : 18
Train Loss     : 0.8613	 | 	Train Accuracy     : 0.5716
Valid Loss     : 0.9796	 | 	Valid Accuracy     : 0.4637

Epoch : 19
Train Loss     : 0.8575	 | 	Train Accuracy     : 0.5689
Valid Loss     : 0.9856	 | 	Valid Accuracy     : 0.4586

Epoch : 20
Train Loss     : 0.8551	 | 	Train Accuracy     : 0.5781
Valid Loss     : 0.9833	 | 	Valid Accuracy     : 0.4619

Epoch : 21
Train Loss     : 0.8523	 | 	Train Accuracy     : 0.5749
Valid Loss     : 0.9922	 | 	Valid Accuracy     : 0.4549

Epoch : 22
Train Loss     : 0.8494	 | 	Train Accuracy     : 0.5810
Valid Loss     : 0.9963	 | 	Valid Accuracy     : 0.4593

Epoch : 23
Train Loss     : 0.8471	 | 	Train Accuracy     : 0.5866
Valid Loss     : 0.9961	 | 	Valid Accuracy     : 0.4567

Epoch : 24
Train Loss     : 0.8462	 | 	Train Accuracy     : 0.5817
Valid Loss     : 0.9966	 | 	Valid Accuracy     : 0.4553

Epoch : 25
Train Loss     : 0.8434	 | 	Train Accuracy     : 0.5838
Valid Loss     : 1.0047	 | 	Valid Accuracy     : 0.4531

Epoch : 26
Train Loss     : 0.8341	 | 	Train Accuracy     : 0.5964
Valid Loss     : 1.0020	 | 	Valid Accuracy     : 0.4494

Epoch : 27
Train Loss     : 0.8323	 | 	Train Accuracy     : 0.5997
Valid Loss     : 1.0039	 | 	Valid Accuracy     : 0.4516

Epoch : 28
Train Loss     : 0.8323	 | 	Train Accuracy     : 0.5980
Valid Loss     : 1.0067	 | 	Valid Accuracy     : 0.4538

Epoch : 29
Train Loss     : 0.8312	 | 	Train Accuracy     : 0.5935
Valid Loss     : 1.0078	 | 	Valid Accuracy     : 0.4520

Epoch : 30
Train Loss     : 0.8322	 | 	Train Accuracy     : 0.5943
Valid Loss     : 1.0052	 | 	Valid Accuracy     : 0.4531

Epoch : 31
Train Loss     : 0.8350	 | 	Train Accuracy     : 0.5891
Valid Loss     : 1.0107	 | 	Valid Accuracy     : 0.4512

Epoch : 32
Train Loss     : 0.8298	 | 	Train Accuracy     : 0.5924
Valid Loss     : 1.0092	 | 	Valid Accuracy     : 0.4490

Epoch : 33
Train Loss     : 0.8310	 | 	Train Accuracy     : 0.5960
Valid Loss     : 1.0066	 | 	Valid Accuracy     : 0.4509

Epoch : 34
Train Loss     : 0.8305	 | 	Train Accuracy     : 0.5978
Valid Loss     : 1.0104	 | 	Valid Accuracy     : 0.4578

Epoch : 35
Train Loss     : 0.8308	 | 	Train Accuracy     : 0.5946
Valid Loss     : 1.0070	 | 	Valid Accuracy     : 0.4564

Epoch : 36
Train Loss     : 0.8294	 | 	Train Accuracy     : 0.5908
Valid Loss     : 1.0092	 | 	Valid Accuracy     : 0.4534

Epoch : 37
Train Loss     : 0.8293	 | 	Train Accuracy     : 0.5990
Valid Loss     : 1.0109	 | 	Valid Accuracy     : 0.4593

Epoch : 38
Train Loss     : 0.8268	 | 	Train Accuracy     : 0.5924
Valid Loss     : 1.0093	 | 	Valid Accuracy     : 0.4582

Epoch : 39
Train Loss     : 0.8279	 | 	Train Accuracy     : 0.5943
Valid Loss     : 1.0107	 | 	Valid Accuracy     : 0.4567

Epoch : 40
Train Loss     : 0.8309	 | 	Train Accuracy     : 0.5934
Valid Loss     : 1.0113	 | 	Valid Accuracy     : 0.4516

Epoch : 41
Train Loss     : 0.8276	 | 	Train Accuracy     : 0.5987
Valid Loss     : 1.0097	 | 	Valid Accuracy     : 0.4560

Epoch : 42
Train Loss     : 0.8296	 | 	Train Accuracy     : 0.5978
Valid Loss     : 1.0108	 | 	Valid Accuracy     : 0.4593

Epoch : 43
Train Loss     : 0.8281	 | 	Train Accuracy     : 0.5975
Valid Loss     : 1.0106	 | 	Valid Accuracy     : 0.4527

Epoch : 44
Train Loss     : 0.8280	 | 	Train Accuracy     : 0.5987
Valid Loss     : 1.0112	 | 	Valid Accuracy     : 0.4582

Epoch : 45
Train Loss     : 0.8255	 | 	Train Accuracy     : 0.5963
Valid Loss     : 1.0119	 | 	Valid Accuracy     : 0.4516

Epoch : 46
Train Loss     : 0.8281	 | 	Train Accuracy     : 0.5958
Valid Loss     : 1.0120	 | 	Valid Accuracy     : 0.4509

Epoch : 47
Train Loss     : 0.8264	 | 	Train Accuracy     : 0.5974
Valid Loss     : 1.0130	 | 	Valid Accuracy     : 0.4527

Epoch : 48
Train Loss     : 0.8273	 | 	Train Accuracy     : 0.5952
Valid Loss     : 1.0100	 | 	Valid Accuracy     : 0.4534

Epoch : 49
Train Loss     : 0.8261	 | 	Train Accuracy     : 0.5974
Valid Loss     : 1.0109	 | 	Valid Accuracy     : 0.4542

Epoch : 50
Train Loss     : 0.8279	 | 	Train Accuracy     : 0.5975
Valid Loss     : 1.0121	 | 	Valid Accuracy     : 0.4534

Epoch : 51
Train Loss     : 0.8278	 | 	Train Accuracy     : 0.5952
Valid Loss     : 1.0085	 | 	Valid Accuracy     : 0.4538

Epoch : 52
Train Loss     : 0.8301	 | 	Train Accuracy     : 0.5964
Valid Loss     : 1.0094	 | 	Valid Accuracy     : 0.4534

Epoch : 53
Train Loss     : 0.8300	 | 	Train Accuracy     : 0.5975
Valid Loss     : 1.0128	 | 	Valid Accuracy     : 0.4527
