=============================================
Dataset: ECG
Method:  °³¹ßÁß...
Mode:    supervised
=============================================
Data loaded ...
Training started ....

Epoch : 1
Train Loss     : 1.2197	 | 	Train Accuracy     : 0.5557
Valid Loss     : 1.6639	 | 	Valid Accuracy     : 0.6038

Epoch : 2
Train Loss     : 1.0163	 | 	Train Accuracy     : 0.5910
Valid Loss     : 4.9887	 | 	Valid Accuracy     : 0.1998

Epoch : 3
Train Loss     : 1.0057	 | 	Train Accuracy     : 0.5849
Valid Loss     : 1.1981	 | 	Valid Accuracy     : 0.6038

Epoch : 4
Train Loss     : 0.9962	 | 	Train Accuracy     : 0.5910
Valid Loss     : 0.9580	 | 	Valid Accuracy     : 0.6038

Epoch : 5
Train Loss     : 0.9882	 | 	Train Accuracy     : 0.5978
Valid Loss     : 0.9640	 | 	Valid Accuracy     : 0.6038

Epoch : 6
Train Loss     : 0.9811	 | 	Train Accuracy     : 0.5988
Valid Loss     : 0.9637	 | 	Valid Accuracy     : 0.6027

Epoch : 7
Train Loss     : 0.9879	 | 	Train Accuracy     : 0.5982
Valid Loss     : 0.9683	 | 	Valid Accuracy     : 0.6038

Epoch : 8
Train Loss     : 0.9903	 | 	Train Accuracy     : 0.6002
Valid Loss     : 0.9624	 | 	Valid Accuracy     : 0.6038

Epoch : 9
Train Loss     : 0.9844	 | 	Train Accuracy     : 0.5934
Valid Loss     : 0.9634	 | 	Valid Accuracy     : 0.6038

Epoch : 10
Train Loss     : 0.9777	 | 	Train Accuracy     : 0.5995
Valid Loss     : 0.9559	 | 	Valid Accuracy     : 0.6038

Epoch : 11
Train Loss     : 0.9858	 | 	Train Accuracy     : 0.5965
Valid Loss     : 0.9721	 | 	Valid Accuracy     : 0.6038

Epoch : 12
Train Loss     : 0.9824	 | 	Train Accuracy     : 0.6005
Valid Loss     : 0.9861	 | 	Valid Accuracy     : 0.6038

Epoch : 13
Train Loss     : 0.9823	 | 	Train Accuracy     : 0.5999
Valid Loss     : 1.1699	 | 	Valid Accuracy     : 0.6038
