=============================================
Dataset: sleepEDF
Method:  TS-TCC
Mode:    supervised
=============================================
Data loaded ...
Training started ....

Epoch : 1
Train Loss     : 1.7045	 | 	Train Accuracy     : 0.1684
Valid Loss     : 1.6938	 | 	Valid Accuracy     : 0.1759

Epoch : 2
Train Loss     : 1.6993	 | 	Train Accuracy     : 0.1688
Valid Loss     : 1.6878	 | 	Valid Accuracy     : 0.1766

Epoch : 3
Train Loss     : 1.6923	 | 	Train Accuracy     : 0.1691
Valid Loss     : 1.6799	 | 	Valid Accuracy     : 0.1797

Epoch : 4
Train Loss     : 1.6867	 | 	Train Accuracy     : 0.1719
Valid Loss     : 1.6783	 | 	Valid Accuracy     : 0.1813

Epoch : 5
Train Loss     : 1.6786	 | 	Train Accuracy     : 0.1747
Valid Loss     : 1.6720	 | 	Valid Accuracy     : 0.1813

Epoch : 6
Train Loss     : 1.6735	 | 	Train Accuracy     : 0.1784
Valid Loss     : 1.6624	 | 	Valid Accuracy     : 0.1856

Epoch : 7
Train Loss     : 1.6676	 | 	Train Accuracy     : 0.1769
Valid Loss     : 1.6588	 | 	Valid Accuracy     : 0.1875

Epoch : 8
Train Loss     : 1.6603	 | 	Train Accuracy     : 0.1816
Valid Loss     : 1.6525	 | 	Valid Accuracy     : 0.1900

Epoch : 9
Train Loss     : 1.6564	 | 	Train Accuracy     : 0.1838
Valid Loss     : 1.6447	 | 	Valid Accuracy     : 0.1909

Epoch : 10
Train Loss     : 1.6510	 | 	Train Accuracy     : 0.1850
Valid Loss     : 1.6418	 | 	Valid Accuracy     : 0.1916

Epoch : 11
Train Loss     : 1.6445	 | 	Train Accuracy     : 0.1878
Valid Loss     : 1.6380	 | 	Valid Accuracy     : 0.1950

Epoch : 12
Train Loss     : 1.6399	 | 	Train Accuracy     : 0.1916
Valid Loss     : 1.6317	 | 	Valid Accuracy     : 0.1981

Epoch : 13
Train Loss     : 1.6346	 | 	Train Accuracy     : 0.1975
Valid Loss     : 1.6289	 | 	Valid Accuracy     : 0.1997

Epoch : 14
Train Loss     : 1.6298	 | 	Train Accuracy     : 0.1997
Valid Loss     : 1.6225	 | 	Valid Accuracy     : 0.2034

Epoch : 15
Train Loss     : 1.6257	 | 	Train Accuracy     : 0.2016
Valid Loss     : 1.6185	 | 	Valid Accuracy     : 0.2066

Epoch : 16
Train Loss     : 1.6207	 | 	Train Accuracy     : 0.2097
Valid Loss     : 1.6149	 | 	Valid Accuracy     : 0.2116

Epoch : 17
Train Loss     : 1.6163	 | 	Train Accuracy     : 0.2100
Valid Loss     : 1.6097	 | 	Valid Accuracy     : 0.2144

Epoch : 18
Train Loss     : 1.6131	 | 	Train Accuracy     : 0.2128
Valid Loss     : 1.6071	 | 	Valid Accuracy     : 0.2169

Epoch : 19
Train Loss     : 1.6087	 | 	Train Accuracy     : 0.2116
Valid Loss     : 1.6034	 | 	Valid Accuracy     : 0.2191

Epoch : 20
Train Loss     : 1.6040	 | 	Train Accuracy     : 0.2216
Valid Loss     : 1.5988	 | 	Valid Accuracy     : 0.2231

Epoch : 21
Train Loss     : 1.6020	 | 	Train Accuracy     : 0.2228
Valid Loss     : 1.5952	 | 	Valid Accuracy     : 0.2266

Epoch : 22
Train Loss     : 1.5977	 | 	Train Accuracy     : 0.2272
Valid Loss     : 1.5930	 | 	Valid Accuracy     : 0.2300

Epoch : 23
Train Loss     : 1.5942	 | 	Train Accuracy     : 0.2319
Valid Loss     : 1.5903	 | 	Valid Accuracy     : 0.2353

Epoch : 24
Train Loss     : 1.5905	 | 	Train Accuracy     : 0.2359
Valid Loss     : 1.5881	 | 	Valid Accuracy     : 0.2394

Epoch : 25
Train Loss     : 1.5887	 | 	Train Accuracy     : 0.2403
Valid Loss     : 1.5847	 | 	Valid Accuracy     : 0.2381

Epoch : 26
Train Loss     : 1.5852	 | 	Train Accuracy     : 0.2466
Valid Loss     : 1.5806	 | 	Valid Accuracy     : 0.2441

Epoch : 27
Train Loss     : 1.5822	 | 	Train Accuracy     : 0.2497
Valid Loss     : 1.5789	 | 	Valid Accuracy     : 0.2466

Epoch : 28
Train Loss     : 1.5793	 | 	Train Accuracy     : 0.2594
Valid Loss     : 1.5766	 | 	Valid Accuracy     : 0.2516

Epoch : 29
Train Loss     : 1.5767	 | 	Train Accuracy     : 0.2597
Valid Loss     : 1.5741	 | 	Valid Accuracy     : 0.2587

Epoch : 30
Train Loss     : 1.5744	 | 	Train Accuracy     : 0.2709
Valid Loss     : 1.5718	 | 	Valid Accuracy     : 0.2597

Epoch : 31
Train Loss     : 1.5720	 | 	Train Accuracy     : 0.2734
Valid Loss     : 1.5702	 | 	Valid Accuracy     : 0.2600

Epoch : 32
Train Loss     : 1.5699	 | 	Train Accuracy     : 0.2763
Valid Loss     : 1.5674	 | 	Valid Accuracy     : 0.2700

Epoch : 33
Train Loss     : 1.5682	 | 	Train Accuracy     : 0.2794
Valid Loss     : 1.5649	 | 	Valid Accuracy     : 0.2716

Epoch : 34
Train Loss     : 1.5652	 | 	Train Accuracy     : 0.2809
Valid Loss     : 1.5634	 | 	Valid Accuracy     : 0.2806

Epoch : 35
Train Loss     : 1.5628	 | 	Train Accuracy     : 0.2878
Valid Loss     : 1.5625	 | 	Valid Accuracy     : 0.2850

Epoch : 36
Train Loss     : 1.5622	 | 	Train Accuracy     : 0.2937
Valid Loss     : 1.5596	 | 	Valid Accuracy     : 0.2875

Epoch : 37
Train Loss     : 1.5607	 | 	Train Accuracy     : 0.2972
Valid Loss     : 1.5589	 | 	Valid Accuracy     : 0.2884

Epoch : 38
Train Loss     : 1.5590	 | 	Train Accuracy     : 0.3044
Valid Loss     : 1.5566	 | 	Valid Accuracy     : 0.2922

Epoch : 39
Train Loss     : 1.5564	 | 	Train Accuracy     : 0.3088
Valid Loss     : 1.5553	 | 	Valid Accuracy     : 0.2937

Epoch : 40
Train Loss     : 1.5552	 | 	Train Accuracy     : 0.3113
Valid Loss     : 1.5541	 | 	Valid Accuracy     : 0.2997

Epoch : 41
Train Loss     : 1.5536	 | 	Train Accuracy     : 0.3125
Valid Loss     : 1.5526	 | 	Valid Accuracy     : 0.3031

Epoch : 42
Train Loss     : 1.5520	 | 	Train Accuracy     : 0.3200
Valid Loss     : 1.5519	 | 	Valid Accuracy     : 0.3031

Epoch : 43
Train Loss     : 1.5505	 | 	Train Accuracy     : 0.3237
Valid Loss     : 1.5509	 | 	Valid Accuracy     : 0.3072

Epoch : 44
Train Loss     : 1.5499	 | 	Train Accuracy     : 0.3250
Valid Loss     : 1.5488	 | 	Valid Accuracy     : 0.3119

Epoch : 45
Train Loss     : 1.5478	 | 	Train Accuracy     : 0.3313
Valid Loss     : 1.5473	 | 	Valid Accuracy     : 0.3131

Epoch : 46
Train Loss     : 1.5468	 | 	Train Accuracy     : 0.3356
Valid Loss     : 1.5472	 | 	Valid Accuracy     : 0.3144

Epoch : 47
Train Loss     : 1.5455	 | 	Train Accuracy     : 0.3347
Valid Loss     : 1.5454	 | 	Valid Accuracy     : 0.3159

Epoch : 48
Train Loss     : 1.5445	 | 	Train Accuracy     : 0.3403
Valid Loss     : 1.5442	 | 	Valid Accuracy     : 0.3194

Epoch : 49
Train Loss     : 1.5431	 | 	Train Accuracy     : 0.3403
Valid Loss     : 1.5427	 | 	Valid Accuracy     : 0.3244

Epoch : 50
Train Loss     : 1.5419	 | 	Train Accuracy     : 0.3450
Valid Loss     : 1.5422	 | 	Valid Accuracy     : 0.3231

Epoch : 51
Train Loss     : 1.5403	 | 	Train Accuracy     : 0.3531
Valid Loss     : 1.5414	 | 	Valid Accuracy     : 0.3259

Epoch : 52
Train Loss     : 1.5388	 | 	Train Accuracy     : 0.3544
Valid Loss     : 1.5403	 | 	Valid Accuracy     : 0.3275

Epoch : 53
Train Loss     : 1.5374	 | 	Train Accuracy     : 0.3584
Valid Loss     : 1.5399	 | 	Valid Accuracy     : 0.3297

Epoch : 54
Train Loss     : 1.5376	 | 	Train Accuracy     : 0.3606
Valid Loss     : 1.5384	 | 	Valid Accuracy     : 0.3366

Epoch : 55
Train Loss     : 1.5354	 | 	Train Accuracy     : 0.3606
Valid Loss     : 1.5374	 | 	Valid Accuracy     : 0.3384

Epoch : 56
Train Loss     : 1.5351	 | 	Train Accuracy     : 0.3619
Valid Loss     : 1.5370	 | 	Valid Accuracy     : 0.3391

Epoch : 57
Train Loss     : 1.5338	 | 	Train Accuracy     : 0.3697
Valid Loss     : 1.5359	 | 	Valid Accuracy     : 0.3413

Epoch : 58
Train Loss     : 1.5328	 | 	Train Accuracy     : 0.3666
Valid Loss     : 1.5349	 | 	Valid Accuracy     : 0.3434

Epoch : 59
Train Loss     : 1.5320	 | 	Train Accuracy     : 0.3709
Valid Loss     : 1.5342	 | 	Valid Accuracy     : 0.3447

Epoch : 60
Train Loss     : 1.5309	 | 	Train Accuracy     : 0.3762
Valid Loss     : 1.5329	 | 	Valid Accuracy     : 0.3522

Epoch : 61
Train Loss     : 1.5297	 | 	Train Accuracy     : 0.3747
Valid Loss     : 1.5324	 | 	Valid Accuracy     : 0.3525

Epoch : 62
Train Loss     : 1.5293	 | 	Train Accuracy     : 0.3762
Valid Loss     : 1.5316	 | 	Valid Accuracy     : 0.3556

Epoch : 63
Train Loss     : 1.5287	 | 	Train Accuracy     : 0.3819
Valid Loss     : 1.5307	 | 	Valid Accuracy     : 0.3562

Epoch : 64
Train Loss     : 1.5269	 | 	Train Accuracy     : 0.3791
Valid Loss     : 1.5303	 | 	Valid Accuracy     : 0.3572

Epoch : 65
Train Loss     : 1.5263	 | 	Train Accuracy     : 0.3794
Valid Loss     : 1.5298	 | 	Valid Accuracy     : 0.3591

Epoch : 66
Train Loss     : 1.5255	 | 	Train Accuracy     : 0.3819
Valid Loss     : 1.5288	 | 	Valid Accuracy     : 0.3606

Epoch : 67
Train Loss     : 1.5252	 | 	Train Accuracy     : 0.3856
Valid Loss     : 1.5289	 | 	Valid Accuracy     : 0.3613

Epoch : 68
Train Loss     : 1.5237	 | 	Train Accuracy     : 0.3884
Valid Loss     : 1.5279	 | 	Valid Accuracy     : 0.3625

Epoch : 69
Train Loss     : 1.5231	 | 	Train Accuracy     : 0.3878
Valid Loss     : 1.5275	 | 	Valid Accuracy     : 0.3631

Epoch : 70
Train Loss     : 1.5227	 | 	Train Accuracy     : 0.3891
Valid Loss     : 1.5267	 | 	Valid Accuracy     : 0.3659

Epoch : 71
Train Loss     : 1.5216	 | 	Train Accuracy     : 0.3884
Valid Loss     : 1.5257	 | 	Valid Accuracy     : 0.3675

Epoch : 72
Train Loss     : 1.5212	 | 	Train Accuracy     : 0.3856
Valid Loss     : 1.5254	 | 	Valid Accuracy     : 0.3697

Epoch : 73
Train Loss     : 1.5197	 | 	Train Accuracy     : 0.3891
Valid Loss     : 1.5248	 | 	Valid Accuracy     : 0.3731

Epoch : 74
Train Loss     : 1.5190	 | 	Train Accuracy     : 0.3950
Valid Loss     : 1.5248	 | 	Valid Accuracy     : 0.3719

Epoch : 75
Train Loss     : 1.5190	 | 	Train Accuracy     : 0.3928
Valid Loss     : 1.5245	 | 	Valid Accuracy     : 0.3716

Epoch : 76
Train Loss     : 1.5187	 | 	Train Accuracy     : 0.3925
Valid Loss     : 1.5235	 | 	Valid Accuracy     : 0.3744

Epoch : 77
Train Loss     : 1.5176	 | 	Train Accuracy     : 0.3928
Valid Loss     : 1.5230	 | 	Valid Accuracy     : 0.3756

Epoch : 78
Train Loss     : 1.5168	 | 	Train Accuracy     : 0.3959
Valid Loss     : 1.5235	 | 	Valid Accuracy     : 0.3738

Epoch : 79
Train Loss     : 1.5168	 | 	Train Accuracy     : 0.3950
Valid Loss     : 1.5223	 | 	Valid Accuracy     : 0.3744

Epoch : 80
Train Loss     : 1.5158	 | 	Train Accuracy     : 0.3959
Valid Loss     : 1.5212	 | 	Valid Accuracy     : 0.3772

Epoch : 81
Train Loss     : 1.5153	 | 	Train Accuracy     : 0.3981
Valid Loss     : 1.5212	 | 	Valid Accuracy     : 0.3753

Epoch : 82
Train Loss     : 1.5150	 | 	Train Accuracy     : 0.3969
Valid Loss     : 1.5211	 | 	Valid Accuracy     : 0.3766

Epoch : 83
Train Loss     : 1.5143	 | 	Train Accuracy     : 0.3994
Valid Loss     : 1.5213	 | 	Valid Accuracy     : 0.3753

Epoch : 84
Train Loss     : 1.5133	 | 	Train Accuracy     : 0.4009
Valid Loss     : 1.5197	 | 	Valid Accuracy     : 0.3791

Epoch : 85
Train Loss     : 1.5132	 | 	Train Accuracy     : 0.3978
Valid Loss     : 1.5201	 | 	Valid Accuracy     : 0.3775

Epoch : 86
Train Loss     : 1.5128	 | 	Train Accuracy     : 0.3975
Valid Loss     : 1.5195	 | 	Valid Accuracy     : 0.3794

Epoch : 87
Train Loss     : 1.5118	 | 	Train Accuracy     : 0.4013
Valid Loss     : 1.5196	 | 	Valid Accuracy     : 0.3781

Epoch : 88
Train Loss     : 1.5114	 | 	Train Accuracy     : 0.4028
Valid Loss     : 1.5194	 | 	Valid Accuracy     : 0.3787

Epoch : 89
Train Loss     : 1.5114	 | 	Train Accuracy     : 0.4013
Valid Loss     : 1.5181	 | 	Valid Accuracy     : 0.3841

Epoch : 90
Train Loss     : 1.5105	 | 	Train Accuracy     : 0.4025
Valid Loss     : 1.5191	 | 	Valid Accuracy     : 0.3806

Epoch : 91
Train Loss     : 1.5103	 | 	Train Accuracy     : 0.4038
Valid Loss     : 1.5168	 | 	Valid Accuracy     : 0.3856

Epoch : 92
Train Loss     : 1.5098	 | 	Train Accuracy     : 0.4013
Valid Loss     : 1.5175	 | 	Valid Accuracy     : 0.3844

Epoch : 93
Train Loss     : 1.5091	 | 	Train Accuracy     : 0.4038
Valid Loss     : 1.5176	 | 	Valid Accuracy     : 0.3850

Epoch : 94
Train Loss     : 1.5087	 | 	Train Accuracy     : 0.4034
Valid Loss     : 1.5171	 | 	Valid Accuracy     : 0.3869

Epoch : 95
Train Loss     : 1.5080	 | 	Train Accuracy     : 0.4050
Valid Loss     : 1.5166	 | 	Valid Accuracy     : 0.3859

Epoch : 96
Train Loss     : 1.5077	 | 	Train Accuracy     : 0.4050
Valid Loss     : 1.5168	 | 	Valid Accuracy     : 0.3853

Epoch : 97
Train Loss     : 1.5074	 | 	Train Accuracy     : 0.4056
Valid Loss     : 1.5159	 | 	Valid Accuracy     : 0.3872

Epoch : 98
Train Loss     : 1.5072	 | 	Train Accuracy     : 0.4050
Valid Loss     : 1.5170	 | 	Valid Accuracy     : 0.3837

Epoch : 99
Train Loss     : 1.5062	 | 	Train Accuracy     : 0.4059
Valid Loss     : 1.5156	 | 	Valid Accuracy     : 0.3859

Epoch : 100
Train Loss     : 1.5058	 | 	Train Accuracy     : 0.4100
Valid Loss     : 1.5148	 | 	Valid Accuracy     : 0.3903

Epoch : 101
Train Loss     : 1.5056	 | 	Train Accuracy     : 0.4081
Valid Loss     : 1.5152	 | 	Valid Accuracy     : 0.3887

Epoch : 102
Train Loss     : 1.5050	 | 	Train Accuracy     : 0.4097
Valid Loss     : 1.5150	 | 	Valid Accuracy     : 0.3891

Epoch : 103
Train Loss     : 1.5047	 | 	Train Accuracy     : 0.4078
Valid Loss     : 1.5149	 | 	Valid Accuracy     : 0.3897

Epoch : 104
Train Loss     : 1.5047	 | 	Train Accuracy     : 0.4069
Valid Loss     : 1.5138	 | 	Valid Accuracy     : 0.3913

Epoch : 105
Train Loss     : 1.5045	 | 	Train Accuracy     : 0.4087
Valid Loss     : 1.5147	 | 	Valid Accuracy     : 0.3903

Epoch : 106
Train Loss     : 1.5035	 | 	Train Accuracy     : 0.4094
Valid Loss     : 1.5138	 | 	Valid Accuracy     : 0.3909

Epoch : 107
Train Loss     : 1.5030	 | 	Train Accuracy     : 0.4100
Valid Loss     : 1.5139	 | 	Valid Accuracy     : 0.3909

Epoch : 108
Train Loss     : 1.5019	 | 	Train Accuracy     : 0.4091
Valid Loss     : 1.5127	 | 	Valid Accuracy     : 0.3956

Epoch : 109
Train Loss     : 1.5020	 | 	Train Accuracy     : 0.4091
Valid Loss     : 1.5128	 | 	Valid Accuracy     : 0.3950

Epoch : 110
Train Loss     : 1.5018	 | 	Train Accuracy     : 0.4100
Valid Loss     : 1.5130	 | 	Valid Accuracy     : 0.3944

Epoch : 111
Train Loss     : 1.5020	 | 	Train Accuracy     : 0.4072
Valid Loss     : 1.5131	 | 	Valid Accuracy     : 0.3934

Epoch : 112
Train Loss     : 1.5005	 | 	Train Accuracy     : 0.4106
Valid Loss     : 1.5136	 | 	Valid Accuracy     : 0.3903

Epoch : 113
Train Loss     : 1.5005	 | 	Train Accuracy     : 0.4112
Valid Loss     : 1.5124	 | 	Valid Accuracy     : 0.3963

Epoch : 114
Train Loss     : 1.5001	 | 	Train Accuracy     : 0.4125
Valid Loss     : 1.5128	 | 	Valid Accuracy     : 0.3919

Epoch : 115
Train Loss     : 1.4998	 | 	Train Accuracy     : 0.4100
Valid Loss     : 1.5117	 | 	Valid Accuracy     : 0.3947

Epoch : 116
Train Loss     : 1.4995	 | 	Train Accuracy     : 0.4119
Valid Loss     : 1.5119	 | 	Valid Accuracy     : 0.3956

Epoch : 117
Train Loss     : 1.4995	 | 	Train Accuracy     : 0.4119
Valid Loss     : 1.5126	 | 	Valid Accuracy     : 0.3919

Epoch : 118
Train Loss     : 1.4992	 | 	Train Accuracy     : 0.4097
Valid Loss     : 1.5113	 | 	Valid Accuracy     : 0.3975

Epoch : 119
Train Loss     : 1.4984	 | 	Train Accuracy     : 0.4122
Valid Loss     : 1.5118	 | 	Valid Accuracy     : 0.3928

Epoch : 120
Train Loss     : 1.4980	 | 	Train Accuracy     : 0.4103
Valid Loss     : 1.5104	 | 	Valid Accuracy     : 0.3981

Epoch : 121
Train Loss     : 1.4973	 | 	Train Accuracy     : 0.4100
Valid Loss     : 1.5112	 | 	Valid Accuracy     : 0.3959

Epoch : 122
Train Loss     : 1.4972	 | 	Train Accuracy     : 0.4081
Valid Loss     : 1.5109	 | 	Valid Accuracy     : 0.3931

Epoch : 123
Train Loss     : 1.4973	 | 	Train Accuracy     : 0.4100
Valid Loss     : 1.5109	 | 	Valid Accuracy     : 0.3963

Epoch : 124
Train Loss     : 1.4963	 | 	Train Accuracy     : 0.4097
Valid Loss     : 1.5103	 | 	Valid Accuracy     : 0.3984

Epoch : 125
Train Loss     : 1.4964	 | 	Train Accuracy     : 0.4116
Valid Loss     : 1.5100	 | 	Valid Accuracy     : 0.3988

Epoch : 126
Train Loss     : 1.4959	 | 	Train Accuracy     : 0.4112
Valid Loss     : 1.5105	 | 	Valid Accuracy     : 0.3944

Epoch : 127
Train Loss     : 1.4959	 | 	Train Accuracy     : 0.4125
Valid Loss     : 1.5099	 | 	Valid Accuracy     : 0.3950

Epoch : 128
Train Loss     : 1.4949	 | 	Train Accuracy     : 0.4106
Valid Loss     : 1.5102	 | 	Valid Accuracy     : 0.3941

Epoch : 129
Train Loss     : 1.4947	 | 	Train Accuracy     : 0.4134
Valid Loss     : 1.5099	 | 	Valid Accuracy     : 0.3975

Epoch : 130
Train Loss     : 1.4943	 | 	Train Accuracy     : 0.4106
Valid Loss     : 1.5090	 | 	Valid Accuracy     : 0.3981

Epoch : 131
Train Loss     : 1.4940	 | 	Train Accuracy     : 0.4100
Valid Loss     : 1.5101	 | 	Valid Accuracy     : 0.3931

Epoch : 132
Train Loss     : 1.4942	 | 	Train Accuracy     : 0.4125
Valid Loss     : 1.5101	 | 	Valid Accuracy     : 0.3944

Epoch : 133
Train Loss     : 1.4939	 | 	Train Accuracy     : 0.4122
Valid Loss     : 1.5096	 | 	Valid Accuracy     : 0.3941

Epoch : 134
Train Loss     : 1.4929	 | 	Train Accuracy     : 0.4109
Valid Loss     : 1.5094	 | 	Valid Accuracy     : 0.3953

Epoch : 135
Train Loss     : 1.4934	 | 	Train Accuracy     : 0.4103
Valid Loss     : 1.5091	 | 	Valid Accuracy     : 0.3988

Epoch : 136
Train Loss     : 1.4920	 | 	Train Accuracy     : 0.4131
Valid Loss     : 1.5092	 | 	Valid Accuracy     : 0.3966

Epoch : 137
Train Loss     : 1.4924	 | 	Train Accuracy     : 0.4103
Valid Loss     : 1.5084	 | 	Valid Accuracy     : 0.4006

Epoch : 138
Train Loss     : 1.4916	 | 	Train Accuracy     : 0.4147
Valid Loss     : 1.5089	 | 	Valid Accuracy     : 0.3981

Epoch : 139
Train Loss     : 1.4916	 | 	Train Accuracy     : 0.4128
Valid Loss     : 1.5088	 | 	Valid Accuracy     : 0.3972

Epoch : 140
Train Loss     : 1.4911	 | 	Train Accuracy     : 0.4116
Valid Loss     : 1.5091	 | 	Valid Accuracy     : 0.3981

Epoch : 141
Train Loss     : 1.4910	 | 	Train Accuracy     : 0.4119
Valid Loss     : 1.5081	 | 	Valid Accuracy     : 0.4006

Epoch : 142
Train Loss     : 1.4904	 | 	Train Accuracy     : 0.4084
Valid Loss     : 1.5083	 | 	Valid Accuracy     : 0.3988

Epoch : 143
Train Loss     : 1.4896	 | 	Train Accuracy     : 0.4122
Valid Loss     : 1.5081	 | 	Valid Accuracy     : 0.4000

Epoch : 144
Train Loss     : 1.4894	 | 	Train Accuracy     : 0.4134
Valid Loss     : 1.5083	 | 	Valid Accuracy     : 0.3988

Epoch : 145
Train Loss     : 1.4896	 | 	Train Accuracy     : 0.4134
Valid Loss     : 1.5084	 | 	Valid Accuracy     : 0.3959

Epoch : 146
Train Loss     : 1.4890	 | 	Train Accuracy     : 0.4153
Valid Loss     : 1.5074	 | 	Valid Accuracy     : 0.3988

Epoch : 147
Train Loss     : 1.4880	 | 	Train Accuracy     : 0.4125
Valid Loss     : 1.5074	 | 	Valid Accuracy     : 0.4016

Epoch : 148
Train Loss     : 1.4883	 | 	Train Accuracy     : 0.4131
Valid Loss     : 1.5077	 | 	Valid Accuracy     : 0.3997

Epoch : 149
Train Loss     : 1.4878	 | 	Train Accuracy     : 0.4128
Valid Loss     : 1.5073	 | 	Valid Accuracy     : 0.4028

Epoch : 150
Train Loss     : 1.4879	 | 	Train Accuracy     : 0.4141
Valid Loss     : 1.5068	 | 	Valid Accuracy     : 0.4000

Epoch : 151
Train Loss     : 1.4876	 | 	Train Accuracy     : 0.4137
Valid Loss     : 1.5084	 | 	Valid Accuracy     : 0.3956

Epoch : 152
Train Loss     : 1.4870	 | 	Train Accuracy     : 0.4112
Valid Loss     : 1.5074	 | 	Valid Accuracy     : 0.3994

Epoch : 153
Train Loss     : 1.4867	 | 	Train Accuracy     : 0.4156
Valid Loss     : 1.5074	 | 	Valid Accuracy     : 0.3981

Epoch : 154
Train Loss     : 1.4869	 | 	Train Accuracy     : 0.4137
Valid Loss     : 1.5072	 | 	Valid Accuracy     : 0.4000

Epoch : 155
Train Loss     : 1.4857	 | 	Train Accuracy     : 0.4134
Valid Loss     : 1.5069	 | 	Valid Accuracy     : 0.3988

Epoch : 156
Train Loss     : 1.4856	 | 	Train Accuracy     : 0.4153
Valid Loss     : 1.5062	 | 	Valid Accuracy     : 0.4016

Epoch : 157
Train Loss     : 1.4862	 | 	Train Accuracy     : 0.4150
Valid Loss     : 1.5068	 | 	Valid Accuracy     : 0.3994

Epoch : 158
Train Loss     : 1.4854	 | 	Train Accuracy     : 0.4169
Valid Loss     : 1.5065	 | 	Valid Accuracy     : 0.3988

Epoch : 159
Train Loss     : 1.4840	 | 	Train Accuracy     : 0.4156
Valid Loss     : 1.5062	 | 	Valid Accuracy     : 0.3997

Epoch : 160
Train Loss     : 1.4847	 | 	Train Accuracy     : 0.4147
Valid Loss     : 1.5063	 | 	Valid Accuracy     : 0.3988

Epoch : 161
Train Loss     : 1.4843	 | 	Train Accuracy     : 0.4166
Valid Loss     : 1.5063	 | 	Valid Accuracy     : 0.3984

Epoch : 162
Train Loss     : 1.4842	 | 	Train Accuracy     : 0.4175
Valid Loss     : 1.5060	 | 	Valid Accuracy     : 0.3997

Epoch : 163
Train Loss     : 1.4828	 | 	Train Accuracy     : 0.4128
Valid Loss     : 1.5062	 | 	Valid Accuracy     : 0.3981

Epoch : 164
Train Loss     : 1.4829	 | 	Train Accuracy     : 0.4134
Valid Loss     : 1.5060	 | 	Valid Accuracy     : 0.3988

Epoch : 165
Train Loss     : 1.4833	 | 	Train Accuracy     : 0.4150
Valid Loss     : 1.5062	 | 	Valid Accuracy     : 0.3975

Epoch : 166
Train Loss     : 1.4825	 | 	Train Accuracy     : 0.4169
Valid Loss     : 1.5061	 | 	Valid Accuracy     : 0.3984

Epoch : 167
Train Loss     : 1.4820	 | 	Train Accuracy     : 0.4159
Valid Loss     : 1.5054	 | 	Valid Accuracy     : 0.4009

Epoch : 168
Train Loss     : 1.4819	 | 	Train Accuracy     : 0.4144
Valid Loss     : 1.5058	 | 	Valid Accuracy     : 0.3991

Epoch : 169
Train Loss     : 1.4822	 | 	Train Accuracy     : 0.4150
Valid Loss     : 1.5059	 | 	Valid Accuracy     : 0.3984

Epoch : 170
Train Loss     : 1.4812	 | 	Train Accuracy     : 0.4181
Valid Loss     : 1.5057	 | 	Valid Accuracy     : 0.3994

Epoch : 171
Train Loss     : 1.4808	 | 	Train Accuracy     : 0.4172
Valid Loss     : 1.5053	 | 	Valid Accuracy     : 0.3994

Epoch : 172
Train Loss     : 1.4805	 | 	Train Accuracy     : 0.4153
Valid Loss     : 1.5050	 | 	Valid Accuracy     : 0.4009

Epoch : 173
Train Loss     : 1.4801	 | 	Train Accuracy     : 0.4169
Valid Loss     : 1.5052	 | 	Valid Accuracy     : 0.4000

Epoch : 174
Train Loss     : 1.4800	 | 	Train Accuracy     : 0.4178
Valid Loss     : 1.5053	 | 	Valid Accuracy     : 0.3994

Epoch : 175
Train Loss     : 1.4806	 | 	Train Accuracy     : 0.4159
Valid Loss     : 1.5048	 | 	Valid Accuracy     : 0.4009

Epoch : 176
Train Loss     : 1.4793	 | 	Train Accuracy     : 0.4178
Valid Loss     : 1.5053	 | 	Valid Accuracy     : 0.3988

Epoch : 177
Train Loss     : 1.4790	 | 	Train Accuracy     : 0.4181
Valid Loss     : 1.5049	 | 	Valid Accuracy     : 0.4000

Epoch : 178
Train Loss     : 1.4795	 | 	Train Accuracy     : 0.4169
Valid Loss     : 1.5050	 | 	Valid Accuracy     : 0.3991

Epoch : 179
Train Loss     : 1.4788	 | 	Train Accuracy     : 0.4178
Valid Loss     : 1.5049	 | 	Valid Accuracy     : 0.4000

Epoch : 180
Train Loss     : 1.4789	 | 	Train Accuracy     : 0.4178
Valid Loss     : 1.5047	 | 	Valid Accuracy     : 0.3997

Epoch : 181
Train Loss     : 1.4779	 | 	Train Accuracy     : 0.4169
Valid Loss     : 1.5051	 | 	Valid Accuracy     : 0.3984

Epoch : 182
Train Loss     : 1.4778	 | 	Train Accuracy     : 0.4175
Valid Loss     : 1.5046	 | 	Valid Accuracy     : 0.4003

Epoch : 183
Train Loss     : 1.4778	 | 	Train Accuracy     : 0.4181
Valid Loss     : 1.5054	 | 	Valid Accuracy     : 0.3972

Epoch : 184
Train Loss     : 1.4774	 | 	Train Accuracy     : 0.4187
Valid Loss     : 1.5043	 | 	Valid Accuracy     : 0.4016

Epoch : 185
Train Loss     : 1.4761	 | 	Train Accuracy     : 0.4181
Valid Loss     : 1.5041	 | 	Valid Accuracy     : 0.4009

Epoch : 186
Train Loss     : 1.4766	 | 	Train Accuracy     : 0.4181
Valid Loss     : 1.5038	 | 	Valid Accuracy     : 0.4013

Epoch : 187
Train Loss     : 1.4758	 | 	Train Accuracy     : 0.4178
Valid Loss     : 1.5045	 | 	Valid Accuracy     : 0.3991

Epoch : 188
Train Loss     : 1.4758	 | 	Train Accuracy     : 0.4203
Valid Loss     : 1.5037	 | 	Valid Accuracy     : 0.4019

Epoch : 189
Train Loss     : 1.4752	 | 	Train Accuracy     : 0.4194
Valid Loss     : 1.5042	 | 	Valid Accuracy     : 0.3991

Epoch : 190
Train Loss     : 1.4748	 | 	Train Accuracy     : 0.4197
Valid Loss     : 1.5041	 | 	Valid Accuracy     : 0.3991

Epoch : 191
Train Loss     : 1.4748	 | 	Train Accuracy     : 0.4206
Valid Loss     : 1.5044	 | 	Valid Accuracy     : 0.3975

Epoch : 192
Train Loss     : 1.4748	 | 	Train Accuracy     : 0.4187
Valid Loss     : 1.5046	 | 	Valid Accuracy     : 0.3975

Epoch : 193
Train Loss     : 1.4743	 | 	Train Accuracy     : 0.4175
Valid Loss     : 1.5038	 | 	Valid Accuracy     : 0.3997

Epoch : 194
Train Loss     : 1.4739	 | 	Train Accuracy     : 0.4203
Valid Loss     : 1.5036	 | 	Valid Accuracy     : 0.3991

Epoch : 195
Train Loss     : 1.4732	 | 	Train Accuracy     : 0.4203
Valid Loss     : 1.5043	 | 	Valid Accuracy     : 0.3969

Epoch : 196
Train Loss     : 1.4732	 | 	Train Accuracy     : 0.4197
Valid Loss     : 1.5048	 | 	Valid Accuracy     : 0.3972

Epoch : 197
Train Loss     : 1.4732	 | 	Train Accuracy     : 0.4181
Valid Loss     : 1.5045	 | 	Valid Accuracy     : 0.3975

Epoch : 198
Train Loss     : 1.4732	 | 	Train Accuracy     : 0.4225
Valid Loss     : 1.5044	 | 	Valid Accuracy     : 0.3981

Epoch : 199
Train Loss     : 1.4720	 | 	Train Accuracy     : 0.4197
Valid Loss     : 1.5044	 | 	Valid Accuracy     : 0.3981

Epoch : 200
Train Loss     : 1.4722	 | 	Train Accuracy     : 0.4187
Valid Loss     : 1.5031	 | 	Valid Accuracy     : 0.3988

Epoch : 201
Train Loss     : 1.4724	 | 	Train Accuracy     : 0.4191
Valid Loss     : 1.5040	 | 	Valid Accuracy     : 0.3975

Epoch : 202
Train Loss     : 1.4718	 | 	Train Accuracy     : 0.4206
Valid Loss     : 1.5037	 | 	Valid Accuracy     : 0.3988

Epoch : 203
Train Loss     : 1.4712	 | 	Train Accuracy     : 0.4184
Valid Loss     : 1.5037	 | 	Valid Accuracy     : 0.3972

Epoch : 204
Train Loss     : 1.4709	 | 	Train Accuracy     : 0.4209
Valid Loss     : 1.5037	 | 	Valid Accuracy     : 0.3975

Epoch : 205
Train Loss     : 1.4709	 | 	Train Accuracy     : 0.4203
Valid Loss     : 1.5045	 | 	Valid Accuracy     : 0.3972

Epoch : 206
Train Loss     : 1.4701	 | 	Train Accuracy     : 0.4222
Valid Loss     : 1.5044	 | 	Valid Accuracy     : 0.3975

Epoch : 207
Train Loss     : 1.4702	 | 	Train Accuracy     : 0.4206
Valid Loss     : 1.5043	 | 	Valid Accuracy     : 0.3978

Epoch : 208
Train Loss     : 1.4702	 | 	Train Accuracy     : 0.4209
Valid Loss     : 1.5027	 | 	Valid Accuracy     : 0.3981

Epoch : 209
Train Loss     : 1.4701	 | 	Train Accuracy     : 0.4219
Valid Loss     : 1.5036	 | 	Valid Accuracy     : 0.3981

Epoch : 210
Train Loss     : 1.4690	 | 	Train Accuracy     : 0.4222
Valid Loss     : 1.5038	 | 	Valid Accuracy     : 0.3975

Epoch : 211
Train Loss     : 1.4688	 | 	Train Accuracy     : 0.4231
Valid Loss     : 1.5037	 | 	Valid Accuracy     : 0.3981

Epoch : 212
Train Loss     : 1.4688	 | 	Train Accuracy     : 0.4225
Valid Loss     : 1.5035	 | 	Valid Accuracy     : 0.3972

Epoch : 213
Train Loss     : 1.4690	 | 	Train Accuracy     : 0.4209
Valid Loss     : 1.5024	 | 	Valid Accuracy     : 0.3988

Epoch : 214
Train Loss     : 1.4684	 | 	Train Accuracy     : 0.4216
Valid Loss     : 1.5036	 | 	Valid Accuracy     : 0.3969

Epoch : 215
Train Loss     : 1.4676	 | 	Train Accuracy     : 0.4225
Valid Loss     : 1.5032	 | 	Valid Accuracy     : 0.3972

Epoch : 216
Train Loss     : 1.4684	 | 	Train Accuracy     : 0.4203
Valid Loss     : 1.5029	 | 	Valid Accuracy     : 0.3984

Epoch : 217
Train Loss     : 1.4671	 | 	Train Accuracy     : 0.4212
Valid Loss     : 1.5030	 | 	Valid Accuracy     : 0.3969
