=============================================
Dataset: sleepEDF
Method:  TS-TCC
Mode:    supervised
=============================================
Data loaded ...
Training started ....

Epoch : 1
Train Loss     : 2.7214	 | 	Train Accuracy     : 0.2853
Valid Loss     : 1.9059	 | 	Valid Accuracy     : 0.2805

Epoch : 2
Train Loss     : 1.4571	 | 	Train Accuracy     : 0.4321
Valid Loss     : 2.1125	 | 	Valid Accuracy     : 0.1955

Epoch : 3
Train Loss     : 1.0665	 | 	Train Accuracy     : 0.5762
Valid Loss     : 1.8622	 | 	Valid Accuracy     : 0.3226

Epoch : 4
Train Loss     : 0.7602	 | 	Train Accuracy     : 0.7072
Valid Loss     : 2.1275	 | 	Valid Accuracy     : 0.3340

Epoch : 5
Train Loss     : 0.5752	 | 	Train Accuracy     : 0.7829
Valid Loss     : 2.4534	 | 	Valid Accuracy     : 0.3382

Epoch : 6
Train Loss     : 0.4470	 | 	Train Accuracy     : 0.8348
Valid Loss     : 2.7143	 | 	Valid Accuracy     : 0.3151

Epoch : 7
Train Loss     : 0.3613	 | 	Train Accuracy     : 0.8713
Valid Loss     : 2.9352	 | 	Valid Accuracy     : 0.3046

Epoch : 8
Train Loss     : 0.3115	 | 	Train Accuracy     : 0.8866
Valid Loss     : 3.1461	 | 	Valid Accuracy     : 0.2502

Epoch : 9
Train Loss     : 0.2702	 | 	Train Accuracy     : 0.9049
Valid Loss     : 3.3101	 | 	Valid Accuracy     : 0.2874

Epoch : 10
Train Loss     : 0.2412	 | 	Train Accuracy     : 0.9156
Valid Loss     : 3.4801	 | 	Valid Accuracy     : 0.3132

Epoch : 11
Train Loss     : 0.2264	 | 	Train Accuracy     : 0.9203
Valid Loss     : 3.6854	 | 	Valid Accuracy     : 0.3226

Epoch : 12
Train Loss     : 0.2026	 | 	Train Accuracy     : 0.9302
Valid Loss     : 3.7630	 | 	Valid Accuracy     : 0.3042
