=============================================
Dataset: EMG
Method:  °³¹ßÁß...
Mode:    supervised
=============================================
Data loaded ...
Training started ....

Epoch : 1
Train Loss     : 0.8399	 | 	Train Accuracy     : 0.7946
Valid Loss     : 18.1208	 | 	Valid Accuracy     : 0.2812

Epoch : 2
Train Loss     : 0.2653	 | 	Train Accuracy     : 0.9196
Valid Loss     : 1.0369	 | 	Valid Accuracy     : 0.8125

Epoch : 3
Train Loss     : 0.2421	 | 	Train Accuracy     : 0.9107
Valid Loss     : 0.3956	 | 	Valid Accuracy     : 0.8438

Epoch : 4
Train Loss     : 0.1302	 | 	Train Accuracy     : 0.9554
Valid Loss     : 0.2218	 | 	Valid Accuracy     : 0.9375

Epoch : 5
Train Loss     : 0.0702	 | 	Train Accuracy     : 0.9732
Valid Loss     : 0.1674	 | 	Valid Accuracy     : 0.9062

Epoch : 6
Train Loss     : 0.0713	 | 	Train Accuracy     : 0.9732
Valid Loss     : 0.0675	 | 	Valid Accuracy     : 0.9688

Epoch : 7
Train Loss     : 0.0189	 | 	Train Accuracy     : 1.0000
Valid Loss     : 0.1216	 | 	Valid Accuracy     : 0.9688

Epoch : 8
Train Loss     : 0.0155	 | 	Train Accuracy     : 0.9911
Valid Loss     : 0.1100	 | 	Valid Accuracy     : 0.9688

Epoch : 9
Train Loss     : 0.0241	 | 	Train Accuracy     : 0.9821
Valid Loss     : 0.0794	 | 	Valid Accuracy     : 0.9375

Epoch : 10
Train Loss     : 0.0109	 | 	Train Accuracy     : 1.0000
Valid Loss     : 0.0161	 | 	Valid Accuracy     : 1.0000

Epoch : 11
Train Loss     : 0.0105	 | 	Train Accuracy     : 1.0000
Valid Loss     : 0.0193	 | 	Valid Accuracy     : 1.0000

Epoch : 12
Train Loss     : 0.0238	 | 	Train Accuracy     : 0.9821
Valid Loss     : 0.0349	 | 	Valid Accuracy     : 0.9688

Epoch : 13
Train Loss     : 0.0088	 | 	Train Accuracy     : 1.0000
Valid Loss     : 0.1044	 | 	Valid Accuracy     : 0.9688

Epoch : 14
Train Loss     : 0.0058	 | 	Train Accuracy     : 1.0000
Valid Loss     : 0.0863	 | 	Valid Accuracy     : 0.9688

Epoch : 15
Train Loss     : 0.0151	 | 	Train Accuracy     : 1.0000
Valid Loss     : 0.0747	 | 	Valid Accuracy     : 0.9688

Epoch : 16
Train Loss     : 0.0108	 | 	Train Accuracy     : 1.0000
Valid Loss     : 0.0111	 | 	Valid Accuracy     : 1.0000

Epoch : 17
Train Loss     : 0.0011	 | 	Train Accuracy     : 1.0000
Valid Loss     : 0.0089	 | 	Valid Accuracy     : 1.0000

Epoch : 18
Train Loss     : 0.0103	 | 	Train Accuracy     : 0.9911
Valid Loss     : 0.0257	 | 	Valid Accuracy     : 1.0000

Epoch : 19
Train Loss     : 0.0494	 | 	Train Accuracy     : 0.9911
Valid Loss     : 0.1584	 | 	Valid Accuracy     : 0.9375

Epoch : 20
Train Loss     : 0.0800	 | 	Train Accuracy     : 0.9732
Valid Loss     : 9.1584	 | 	Valid Accuracy     : 0.5000

Epoch : 21
Train Loss     : 0.1172	 | 	Train Accuracy     : 0.9643
Valid Loss     : 1.8943	 | 	Valid Accuracy     : 0.8750

Epoch : 22
Train Loss     : 0.0700	 | 	Train Accuracy     : 0.9643
Valid Loss     : 0.5806	 | 	Valid Accuracy     : 0.8438

Epoch : 23
Train Loss     : 0.5580	 | 	Train Accuracy     : 0.8839
Valid Loss     : 2.7765	 | 	Valid Accuracy     : 0.6875

Epoch : 24
Train Loss     : 0.4545	 | 	Train Accuracy     : 0.8661
Valid Loss     : 3.2247	 | 	Valid Accuracy     : 0.4375

Epoch : 25
Train Loss     : 0.1100	 | 	Train Accuracy     : 0.9643
Valid Loss     : 4.8210	 | 	Valid Accuracy     : 0.3438

Epoch : 26
Train Loss     : 0.1142	 | 	Train Accuracy     : 0.9821
Valid Loss     : 0.6315	 | 	Valid Accuracy     : 0.5625

Epoch : 27
Train Loss     : 0.0292	 | 	Train Accuracy     : 1.0000
Valid Loss     : 0.1116	 | 	Valid Accuracy     : 0.9375

Epoch : 28
Train Loss     : 0.0298	 | 	Train Accuracy     : 0.9911
Valid Loss     : 0.0721	 | 	Valid Accuracy     : 0.9688

Epoch : 29
Train Loss     : 0.0130	 | 	Train Accuracy     : 0.9911
Valid Loss     : 0.0415	 | 	Valid Accuracy     : 0.9688

Epoch : 30
Train Loss     : 0.0755	 | 	Train Accuracy     : 0.9732
Valid Loss     : 0.0223	 | 	Valid Accuracy     : 1.0000

Evaluate on the Test set:
Test loss      :0.0880	 | Test Accuracy      : 0.9792

################## Training is Done! #########################
Training time is : 0:00:41.692740
