=============================================
Dataset: EMG
Method:  °³¹ßÁß...
Mode:    supervised
=============================================
Data loaded ...
Training started ....

Epoch : 1
Train Loss     : 0.3569	 | 	Train Accuracy     : 0.8750
Valid Loss     : 0.0610	 | 	Valid Accuracy     : 0.9750

Epoch : 2
Train Loss     : 0.0919	 | 	Train Accuracy     : 0.9750
Valid Loss     : 0.0415	 | 	Valid Accuracy     : 1.0000

Epoch : 3
Train Loss     : 0.0164	 | 	Train Accuracy     : 1.0000
Valid Loss     : 0.0133	 | 	Valid Accuracy     : 1.0000

Epoch : 4
Train Loss     : 0.0108	 | 	Train Accuracy     : 1.0000
Valid Loss     : 0.0056	 | 	Valid Accuracy     : 1.0000

Epoch : 5
Train Loss     : 0.0165	 | 	Train Accuracy     : 1.0000
Valid Loss     : 0.0095	 | 	Valid Accuracy     : 1.0000

Epoch : 6
Train Loss     : 0.0045	 | 	Train Accuracy     : 1.0000
Valid Loss     : 0.0093	 | 	Valid Accuracy     : 1.0000

Epoch : 7
Train Loss     : 0.0042	 | 	Train Accuracy     : 1.0000
Valid Loss     : 0.0045	 | 	Valid Accuracy     : 1.0000

Epoch : 8
Train Loss     : 0.0263	 | 	Train Accuracy     : 0.9917
Valid Loss     : 0.0656	 | 	Valid Accuracy     : 0.9750

Epoch : 9
Train Loss     : 0.0135	 | 	Train Accuracy     : 1.0000
Valid Loss     : 0.0104	 | 	Valid Accuracy     : 1.0000

Epoch : 10
Train Loss     : 0.0030	 | 	Train Accuracy     : 1.0000
Valid Loss     : 0.0044	 | 	Valid Accuracy     : 1.0000

Epoch : 11
Train Loss     : 0.0018	 | 	Train Accuracy     : 1.0000
Valid Loss     : 0.0030	 | 	Valid Accuracy     : 1.0000

Epoch : 12
Train Loss     : 0.0022	 | 	Train Accuracy     : 1.0000
Valid Loss     : 0.0046	 | 	Valid Accuracy     : 1.0000

Epoch : 13
Train Loss     : 0.0005	 | 	Train Accuracy     : 1.0000
Valid Loss     : 0.0049	 | 	Valid Accuracy     : 1.0000

Epoch : 14
Train Loss     : 0.0005	 | 	Train Accuracy     : 1.0000
Valid Loss     : 0.0043	 | 	Valid Accuracy     : 1.0000

Epoch : 15
Train Loss     : 0.0005	 | 	Train Accuracy     : 1.0000
Valid Loss     : 0.0033	 | 	Valid Accuracy     : 1.0000

Epoch : 16
Train Loss     : 0.0007	 | 	Train Accuracy     : 1.0000
Valid Loss     : 0.0052	 | 	Valid Accuracy     : 1.0000

Epoch : 17
Train Loss     : 0.0010	 | 	Train Accuracy     : 1.0000
Valid Loss     : 0.0014	 | 	Valid Accuracy     : 1.0000

Epoch : 18
Train Loss     : 0.0008	 | 	Train Accuracy     : 1.0000
Valid Loss     : 0.0021	 | 	Valid Accuracy     : 1.0000

Epoch : 19
Train Loss     : 0.0006	 | 	Train Accuracy     : 1.0000
Valid Loss     : 0.0013	 | 	Valid Accuracy     : 1.0000

Epoch : 20
Train Loss     : 0.0003	 | 	Train Accuracy     : 1.0000
Valid Loss     : 0.0027	 | 	Valid Accuracy     : 1.0000

Epoch : 21
Train Loss     : 0.0002	 | 	Train Accuracy     : 1.0000
Valid Loss     : 0.0019	 | 	Valid Accuracy     : 1.0000

Epoch : 22
Train Loss     : 0.0003	 | 	Train Accuracy     : 1.0000
Valid Loss     : 0.0015	 | 	Valid Accuracy     : 1.0000

Epoch : 23
Train Loss     : 0.0004	 | 	Train Accuracy     : 1.0000
Valid Loss     : 0.0020	 | 	Valid Accuracy     : 1.0000

Epoch : 24
Train Loss     : 0.0005	 | 	Train Accuracy     : 1.0000
Valid Loss     : 0.0010	 | 	Valid Accuracy     : 1.0000

Epoch : 25
Train Loss     : 0.0001	 | 	Train Accuracy     : 1.0000
Valid Loss     : 0.0013	 | 	Valid Accuracy     : 1.0000

Epoch : 26
Train Loss     : 0.0002	 | 	Train Accuracy     : 1.0000
Valid Loss     : 0.0014	 | 	Valid Accuracy     : 1.0000

Epoch : 27
Train Loss     : 0.0001	 | 	Train Accuracy     : 1.0000
Valid Loss     : 0.0014	 | 	Valid Accuracy     : 1.0000

Epoch : 28
Train Loss     : 0.0002	 | 	Train Accuracy     : 1.0000
Valid Loss     : 0.0012	 | 	Valid Accuracy     : 1.0000

Epoch : 29
Train Loss     : 0.0003	 | 	Train Accuracy     : 1.0000
Valid Loss     : 0.0017	 | 	Valid Accuracy     : 1.0000

Epoch : 30
Train Loss     : 0.0004	 | 	Train Accuracy     : 1.0000
Valid Loss     : 0.0022	 | 	Valid Accuracy     : 1.0000

Evaluate on the Test set:
Test loss      :0.1267	 | Test Accuracy      : 0.9545

################## Training is Done! #########################
Training time is : 0:00:58.171885
