=============================================
Dataset: sleepEDF
Method:  TS-TCC
Mode:    supervised
=============================================
Data loaded ...
Training started ....

Epoch : 1
Train Loss     : 1.7064	 | 	Train Accuracy     : 0.0892
Valid Loss     : 1.6878	 | 	Valid Accuracy     : 0.0913

Epoch : 2
Train Loss     : 1.6606	 | 	Train Accuracy     : 0.1019
Valid Loss     : 1.6425	 | 	Valid Accuracy     : 0.0988

Epoch : 3
Train Loss     : 1.6211	 | 	Train Accuracy     : 0.1523
Valid Loss     : 1.6036	 | 	Valid Accuracy     : 0.2417

Epoch : 4
Train Loss     : 1.5868	 | 	Train Accuracy     : 0.3296
Valid Loss     : 1.5691	 | 	Valid Accuracy     : 0.3979

Epoch : 5
Train Loss     : 1.5579	 | 	Train Accuracy     : 0.4069
Valid Loss     : 1.5395	 | 	Valid Accuracy     : 0.4346

Epoch : 6
Train Loss     : 1.5339	 | 	Train Accuracy     : 0.4156
Valid Loss     : 1.5148	 | 	Valid Accuracy     : 0.4392

Epoch : 7
Train Loss     : 1.5140	 | 	Train Accuracy     : 0.4165
Valid Loss     : 1.4940	 | 	Valid Accuracy     : 0.4392

Epoch : 8
Train Loss     : 1.4974	 | 	Train Accuracy     : 0.4165
Valid Loss     : 1.4777	 | 	Valid Accuracy     : 0.4392
