=============================================
Dataset: sleepEDF
Method:  TS-TCC
Mode:    supervised
=============================================
Data loaded ...
Training started ....

Epoch : 1
Train Loss     : 1.6233	 | 	Train Accuracy     : 0.3052
Valid Loss     : 1.5266	 | 	Valid Accuracy     : 0.3422

Epoch : 2
Train Loss     : 1.5532	 | 	Train Accuracy     : 0.3362
Valid Loss     : 1.5305	 | 	Valid Accuracy     : 0.3471

Epoch : 3
Train Loss     : 1.5148	 | 	Train Accuracy     : 0.3529
Valid Loss     : 1.5694	 | 	Valid Accuracy     : 0.3913

Epoch : 4
Train Loss     : 1.4845	 | 	Train Accuracy     : 0.3658
Valid Loss     : 1.5613	 | 	Valid Accuracy     : 0.3248

Epoch : 5
Train Loss     : 1.4468	 | 	Train Accuracy     : 0.3872
Valid Loss     : 1.5505	 | 	Valid Accuracy     : 0.3364

Epoch : 6
Train Loss     : 1.4227	 | 	Train Accuracy     : 0.3905
Valid Loss     : 1.5540	 | 	Valid Accuracy     : 0.3399

Epoch : 7
Train Loss     : 1.3930	 | 	Train Accuracy     : 0.4092
Valid Loss     : 1.5480	 | 	Valid Accuracy     : 0.3491

Epoch : 8
Train Loss     : 1.3777	 | 	Train Accuracy     : 0.4145
Valid Loss     : 1.5594	 | 	Valid Accuracy     : 0.3534

Epoch : 9
Train Loss     : 1.3530	 | 	Train Accuracy     : 0.4229
Valid Loss     : 1.5577	 | 	Valid Accuracy     : 0.3337

Epoch : 10
Train Loss     : 1.3307	 | 	Train Accuracy     : 0.4362
Valid Loss     : 1.5766	 | 	Valid Accuracy     : 0.3036

Epoch : 11
Train Loss     : 1.3183	 | 	Train Accuracy     : 0.4352
Valid Loss     : 1.5581	 | 	Valid Accuracy     : 0.3629

Epoch : 12
Train Loss     : 1.2919	 | 	Train Accuracy     : 0.4496
Valid Loss     : 1.5726	 | 	Valid Accuracy     : 0.3716

Epoch : 13
Train Loss     : 1.2301	 | 	Train Accuracy     : 0.4835
Valid Loss     : 1.5369	 | 	Valid Accuracy     : 0.3676

Epoch : 14
Train Loss     : 1.2054	 | 	Train Accuracy     : 0.5013
Valid Loss     : 1.5398	 | 	Valid Accuracy     : 0.3630

Epoch : 15
Train Loss     : 1.2039	 | 	Train Accuracy     : 0.5025
Valid Loss     : 1.5402	 | 	Valid Accuracy     : 0.3723

Epoch : 16
Train Loss     : 1.1983	 | 	Train Accuracy     : 0.5034
Valid Loss     : 1.5412	 | 	Valid Accuracy     : 0.3546

Epoch : 17
Train Loss     : 1.1956	 | 	Train Accuracy     : 0.5083
Valid Loss     : 1.5481	 | 	Valid Accuracy     : 0.3456

Epoch : 18
Train Loss     : 1.1929	 | 	Train Accuracy     : 0.5099
Valid Loss     : 1.5359	 | 	Valid Accuracy     : 0.3586

Epoch : 19
Train Loss     : 1.1886	 | 	Train Accuracy     : 0.5086
Valid Loss     : 1.5459	 | 	Valid Accuracy     : 0.3473

Epoch : 20
Train Loss     : 1.1948	 | 	Train Accuracy     : 0.5032
Valid Loss     : 1.5386	 | 	Valid Accuracy     : 0.3632

Epoch : 21
Train Loss     : 1.1823	 | 	Train Accuracy     : 0.5154
Valid Loss     : 1.5397	 | 	Valid Accuracy     : 0.3621

Epoch : 22
Train Loss     : 1.1842	 | 	Train Accuracy     : 0.5137
Valid Loss     : 1.5402	 | 	Valid Accuracy     : 0.3576

Epoch : 23
Train Loss     : 1.1802	 | 	Train Accuracy     : 0.5135
Valid Loss     : 1.5437	 | 	Valid Accuracy     : 0.3609

Epoch : 24
Train Loss     : 1.1729	 | 	Train Accuracy     : 0.5191
Valid Loss     : 1.5418	 | 	Valid Accuracy     : 0.3606

Epoch : 25
Train Loss     : 1.1730	 | 	Train Accuracy     : 0.5202
Valid Loss     : 1.5397	 | 	Valid Accuracy     : 0.3604

Epoch : 26
Train Loss     : 1.1689	 | 	Train Accuracy     : 0.5186
Valid Loss     : 1.5430	 | 	Valid Accuracy     : 0.3591

Epoch : 27
Train Loss     : 1.1703	 | 	Train Accuracy     : 0.5191
Valid Loss     : 1.5409	 | 	Valid Accuracy     : 0.3615

Epoch : 28
Train Loss     : 1.1740	 | 	Train Accuracy     : 0.5220
Valid Loss     : 1.5417	 | 	Valid Accuracy     : 0.3604

Epoch : 29
Train Loss     : 1.1726	 | 	Train Accuracy     : 0.5233
Valid Loss     : 1.5384	 | 	Valid Accuracy     : 0.3623

Epoch : 30
Train Loss     : 1.1743	 | 	Train Accuracy     : 0.5187
Valid Loss     : 1.5387	 | 	Valid Accuracy     : 0.3626

Epoch : 31
Train Loss     : 1.1703	 | 	Train Accuracy     : 0.5203
Valid Loss     : 1.5380	 | 	Valid Accuracy     : 0.3622

Epoch : 32
Train Loss     : 1.1787	 | 	Train Accuracy     : 0.5131
Valid Loss     : 1.5412	 | 	Valid Accuracy     : 0.3567

Epoch : 33
Train Loss     : 1.1694	 | 	Train Accuracy     : 0.5207
Valid Loss     : 1.5390	 | 	Valid Accuracy     : 0.3606

Epoch : 34
Train Loss     : 1.1659	 | 	Train Accuracy     : 0.5224
Valid Loss     : 1.5375	 | 	Valid Accuracy     : 0.3607

Epoch : 35
Train Loss     : 1.1761	 | 	Train Accuracy     : 0.5172
Valid Loss     : 1.5377	 | 	Valid Accuracy     : 0.3600

Epoch : 36
Train Loss     : 1.1672	 | 	Train Accuracy     : 0.5228
Valid Loss     : 1.5395	 | 	Valid Accuracy     : 0.3600

Epoch : 37
Train Loss     : 1.1690	 | 	Train Accuracy     : 0.5216
Valid Loss     : 1.5385	 | 	Valid Accuracy     : 0.3591

Epoch : 38
Train Loss     : 1.1721	 | 	Train Accuracy     : 0.5182
Valid Loss     : 1.5372	 | 	Valid Accuracy     : 0.3600

Epoch : 39
Train Loss     : 1.1666	 | 	Train Accuracy     : 0.5277
Valid Loss     : 1.5399	 | 	Valid Accuracy     : 0.3598

Epoch : 40
Train Loss     : 1.1687	 | 	Train Accuracy     : 0.5217
Valid Loss     : 1.5385	 | 	Valid Accuracy     : 0.3598

Epoch : 41
Train Loss     : 1.1767	 | 	Train Accuracy     : 0.5141
Valid Loss     : 1.5400	 | 	Valid Accuracy     : 0.3593

Epoch : 42
Train Loss     : 1.1713	 | 	Train Accuracy     : 0.5234
Valid Loss     : 1.5385	 | 	Valid Accuracy     : 0.3605

Epoch : 43
Train Loss     : 1.1723	 | 	Train Accuracy     : 0.5215
Valid Loss     : 1.5403	 | 	Valid Accuracy     : 0.3585

Epoch : 44
Train Loss     : 1.1666	 | 	Train Accuracy     : 0.5253
Valid Loss     : 1.5407	 | 	Valid Accuracy     : 0.3577

Epoch : 45
Train Loss     : 1.1672	 | 	Train Accuracy     : 0.5228
Valid Loss     : 1.5395	 | 	Valid Accuracy     : 0.3590

Epoch : 46
Train Loss     : 1.1693	 | 	Train Accuracy     : 0.5210
Valid Loss     : 1.5385	 | 	Valid Accuracy     : 0.3596

Epoch : 47
Train Loss     : 1.1689	 | 	Train Accuracy     : 0.5231
Valid Loss     : 1.5376	 | 	Valid Accuracy     : 0.3601

Epoch : 48
Train Loss     : 1.1695	 | 	Train Accuracy     : 0.5204
Valid Loss     : 1.5388	 | 	Valid Accuracy     : 0.3598

Epoch : 49
Train Loss     : 1.1731	 | 	Train Accuracy     : 0.5209
Valid Loss     : 1.5410	 | 	Valid Accuracy     : 0.3585

Epoch : 50
Train Loss     : 1.1711	 | 	Train Accuracy     : 0.5175
Valid Loss     : 1.5378	 | 	Valid Accuracy     : 0.3600

Epoch : 51
Train Loss     : 1.1740	 | 	Train Accuracy     : 0.5174
Valid Loss     : 1.5404	 | 	Valid Accuracy     : 0.3586

Epoch : 52
Train Loss     : 1.1726	 | 	Train Accuracy     : 0.5183
Valid Loss     : 1.5417	 | 	Valid Accuracy     : 0.3577

Epoch : 53
Train Loss     : 1.1685	 | 	Train Accuracy     : 0.5236
Valid Loss     : 1.5384	 | 	Valid Accuracy     : 0.3594
