=============================================
Dataset: EMG
Method:  °³¹ßÁß...
Mode:    supervised
=============================================
Data loaded ...
Training started ....

Epoch : 1
Train Loss     : 0.3379	 | 	Train Accuracy     : 0.8750
Valid Loss     : 0.0374	 | 	Valid Accuracy     : 1.0000

Epoch : 2
Train Loss     : 0.2326	 | 	Train Accuracy     : 0.9167
Valid Loss     : 0.0586	 | 	Valid Accuracy     : 0.9750

Epoch : 3
Train Loss     : 0.0962	 | 	Train Accuracy     : 0.9750
Valid Loss     : 0.0038	 | 	Valid Accuracy     : 1.0000

Epoch : 4
Train Loss     : 0.0322	 | 	Train Accuracy     : 0.9833
Valid Loss     : 0.0024	 | 	Valid Accuracy     : 1.0000

Epoch : 5
Train Loss     : 0.0109	 | 	Train Accuracy     : 1.0000
Valid Loss     : 0.0126	 | 	Valid Accuracy     : 1.0000

Epoch : 6
Train Loss     : 0.0181	 | 	Train Accuracy     : 0.9917
Valid Loss     : 0.0061	 | 	Valid Accuracy     : 1.0000

Epoch : 7
Train Loss     : 0.0528	 | 	Train Accuracy     : 0.9917
Valid Loss     : 0.0090	 | 	Valid Accuracy     : 1.0000

Epoch : 8
Train Loss     : 0.0085	 | 	Train Accuracy     : 1.0000
Valid Loss     : 0.0101	 | 	Valid Accuracy     : 1.0000

Epoch : 9
Train Loss     : 0.0075	 | 	Train Accuracy     : 1.0000
Valid Loss     : 0.0018	 | 	Valid Accuracy     : 1.0000

Epoch : 10
Train Loss     : 0.0027	 | 	Train Accuracy     : 1.0000
Valid Loss     : 0.0011	 | 	Valid Accuracy     : 1.0000

Epoch : 11
Train Loss     : 0.0171	 | 	Train Accuracy     : 0.9917
Valid Loss     : 0.0070	 | 	Valid Accuracy     : 1.0000

Epoch : 12
Train Loss     : 0.0052	 | 	Train Accuracy     : 1.0000
Valid Loss     : 0.0014	 | 	Valid Accuracy     : 1.0000

Epoch : 13
Train Loss     : 0.0063	 | 	Train Accuracy     : 1.0000
Valid Loss     : 0.0011	 | 	Valid Accuracy     : 1.0000

Epoch : 14
Train Loss     : 0.0029	 | 	Train Accuracy     : 1.0000
Valid Loss     : 0.0012	 | 	Valid Accuracy     : 1.0000

Epoch : 15
Train Loss     : 0.0428	 | 	Train Accuracy     : 0.9750
Valid Loss     : 0.0263	 | 	Valid Accuracy     : 1.0000

Epoch : 16
Train Loss     : 0.0507	 | 	Train Accuracy     : 0.9917
Valid Loss     : 0.0509	 | 	Valid Accuracy     : 0.9750

Epoch : 17
Train Loss     : 0.0187	 | 	Train Accuracy     : 0.9917
Valid Loss     : 0.0236	 | 	Valid Accuracy     : 1.0000

Epoch : 18
Train Loss     : 0.0136	 | 	Train Accuracy     : 0.9917
Valid Loss     : 0.0048	 | 	Valid Accuracy     : 1.0000

Epoch : 19
Train Loss     : 0.1057	 | 	Train Accuracy     : 0.9583
Valid Loss     : 0.0514	 | 	Valid Accuracy     : 0.9750

Epoch : 20
Train Loss     : 0.0137	 | 	Train Accuracy     : 1.0000
Valid Loss     : 0.0410	 | 	Valid Accuracy     : 1.0000

Epoch : 21
Train Loss     : 0.0132	 | 	Train Accuracy     : 1.0000
Valid Loss     : 0.0513	 | 	Valid Accuracy     : 0.9750

Epoch : 22
Train Loss     : 0.0140	 | 	Train Accuracy     : 0.9917
Valid Loss     : 0.0347	 | 	Valid Accuracy     : 0.9750

Epoch : 23
Train Loss     : 0.0026	 | 	Train Accuracy     : 1.0000
Valid Loss     : 0.0430	 | 	Valid Accuracy     : 0.9750

Epoch : 24
Train Loss     : 0.0047	 | 	Train Accuracy     : 1.0000
Valid Loss     : 0.0507	 | 	Valid Accuracy     : 0.9750

Epoch : 25
Train Loss     : 0.0027	 | 	Train Accuracy     : 1.0000
Valid Loss     : 0.0341	 | 	Valid Accuracy     : 0.9750

Epoch : 26
Train Loss     : 0.1359	 | 	Train Accuracy     : 0.9583
Valid Loss     : 0.0141	 | 	Valid Accuracy     : 1.0000

Epoch : 27
Train Loss     : 0.0038	 | 	Train Accuracy     : 1.0000
Valid Loss     : 0.0339	 | 	Valid Accuracy     : 0.9750

Epoch : 28
Train Loss     : 0.2139	 | 	Train Accuracy     : 0.9667
Valid Loss     : 0.0359	 | 	Valid Accuracy     : 0.9750

Epoch : 29
Train Loss     : 0.0046	 | 	Train Accuracy     : 1.0000
Valid Loss     : 0.0357	 | 	Valid Accuracy     : 0.9750

Epoch : 30
Train Loss     : 0.0057	 | 	Train Accuracy     : 1.0000
Valid Loss     : 0.0506	 | 	Valid Accuracy     : 0.9750

Evaluate on the Test set:
Test loss      :0.1315	 | Test Accuracy      : 0.9792

################## Training is Done! #########################
Training time is : 0:02:42.435941
