=============================================
Dataset: sleepEDF
Method:  TS-TCC
Mode:    supervised
=============================================
Data loaded ...
Training started ....

Epoch : 1
Train Loss     : 1.4954	 | 	Train Accuracy     : 0.3998
Valid Loss     : 1.4490	 | 	Valid Accuracy     : 0.4367

Epoch : 2
Train Loss     : 1.4367	 | 	Train Accuracy     : 0.4129
Valid Loss     : 1.4537	 | 	Valid Accuracy     : 0.4367

Epoch : 3
Train Loss     : 1.3885	 | 	Train Accuracy     : 0.4329
Valid Loss     : 1.4669	 | 	Valid Accuracy     : 0.4150

Epoch : 4
Train Loss     : 1.3446	 | 	Train Accuracy     : 0.4467
Valid Loss     : 1.4740	 | 	Valid Accuracy     : 0.4025

Epoch : 5
Train Loss     : 1.3079	 | 	Train Accuracy     : 0.4681
Valid Loss     : 1.4917	 | 	Valid Accuracy     : 0.3842

Epoch : 6
Train Loss     : 1.2761	 | 	Train Accuracy     : 0.4821
Valid Loss     : 1.4908	 | 	Valid Accuracy     : 0.4233

Epoch : 7
Train Loss     : 1.2481	 | 	Train Accuracy     : 0.4904
Valid Loss     : 1.4988	 | 	Valid Accuracy     : 0.4204

Epoch : 8
Train Loss     : 1.2208	 | 	Train Accuracy     : 0.5069
Valid Loss     : 1.5091	 | 	Valid Accuracy     : 0.4004

Epoch : 9
Train Loss     : 1.1957	 | 	Train Accuracy     : 0.5263
Valid Loss     : 1.5201	 | 	Valid Accuracy     : 0.4129

Epoch : 10
Train Loss     : 1.1730	 | 	Train Accuracy     : 0.5300
Valid Loss     : 1.5411	 | 	Valid Accuracy     : 0.3762

Epoch : 11
Train Loss     : 1.1553	 | 	Train Accuracy     : 0.5481
Valid Loss     : 1.5589	 | 	Valid Accuracy     : 0.3879

Epoch : 12
Train Loss     : 1.1312	 | 	Train Accuracy     : 0.5575
Valid Loss     : 1.5721	 | 	Valid Accuracy     : 0.3846

Epoch : 13
Train Loss     : 1.0516	 | 	Train Accuracy     : 0.6058
Valid Loss     : 1.5669	 | 	Valid Accuracy     : 0.3533

Epoch : 14
Train Loss     : 1.0417	 | 	Train Accuracy     : 0.6144
Valid Loss     : 1.5519	 | 	Valid Accuracy     : 0.3762

Epoch : 15
Train Loss     : 1.0364	 | 	Train Accuracy     : 0.6135
Valid Loss     : 1.5599	 | 	Valid Accuracy     : 0.3633

Epoch : 16
Train Loss     : 1.0310	 | 	Train Accuracy     : 0.6181
Valid Loss     : 1.5724	 | 	Valid Accuracy     : 0.3729

Epoch : 17
Train Loss     : 1.0257	 | 	Train Accuracy     : 0.6198
Valid Loss     : 1.5803	 | 	Valid Accuracy     : 0.3700

Epoch : 18
Train Loss     : 1.0206	 | 	Train Accuracy     : 0.6244
Valid Loss     : 1.5854	 | 	Valid Accuracy     : 0.3579

Epoch : 19
Train Loss     : 1.0182	 | 	Train Accuracy     : 0.6219
Valid Loss     : 1.5801	 | 	Valid Accuracy     : 0.3654

Epoch : 20
Train Loss     : 1.0144	 | 	Train Accuracy     : 0.6258
Valid Loss     : 1.5835	 | 	Valid Accuracy     : 0.3558

Epoch : 21
Train Loss     : 1.0112	 | 	Train Accuracy     : 0.6300
Valid Loss     : 1.5773	 | 	Valid Accuracy     : 0.3688

Epoch : 22
Train Loss     : 1.0068	 | 	Train Accuracy     : 0.6296
Valid Loss     : 1.5866	 | 	Valid Accuracy     : 0.3575

Epoch : 23
Train Loss     : 1.0031	 | 	Train Accuracy     : 0.6300
Valid Loss     : 1.5802	 | 	Valid Accuracy     : 0.3604

Epoch : 24
Train Loss     : 0.9917	 | 	Train Accuracy     : 0.6367
Valid Loss     : 1.5881	 | 	Valid Accuracy     : 0.3600

Epoch : 25
Train Loss     : 0.9907	 | 	Train Accuracy     : 0.6379
Valid Loss     : 1.5758	 | 	Valid Accuracy     : 0.3658

Epoch : 26
Train Loss     : 0.9903	 | 	Train Accuracy     : 0.6390
Valid Loss     : 1.5858	 | 	Valid Accuracy     : 0.3608

Epoch : 27
Train Loss     : 0.9916	 | 	Train Accuracy     : 0.6367
Valid Loss     : 1.5842	 | 	Valid Accuracy     : 0.3596

Epoch : 28
Train Loss     : 0.9901	 | 	Train Accuracy     : 0.6429
Valid Loss     : 1.5914	 | 	Valid Accuracy     : 0.3617

Epoch : 29
Train Loss     : 0.9896	 | 	Train Accuracy     : 0.6404
Valid Loss     : 1.5861	 | 	Valid Accuracy     : 0.3633

Epoch : 30
Train Loss     : 0.9895	 | 	Train Accuracy     : 0.6406
Valid Loss     : 1.5914	 | 	Valid Accuracy     : 0.3613

Epoch : 31
Train Loss     : 0.9898	 | 	Train Accuracy     : 0.6413
Valid Loss     : 1.5897	 | 	Valid Accuracy     : 0.3608

Epoch : 32
Train Loss     : 0.9880	 | 	Train Accuracy     : 0.6425
Valid Loss     : 1.5857	 | 	Valid Accuracy     : 0.3613

Epoch : 33
Train Loss     : 0.9888	 | 	Train Accuracy     : 0.6446
Valid Loss     : 1.5944	 | 	Valid Accuracy     : 0.3604

Epoch : 34
Train Loss     : 0.9888	 | 	Train Accuracy     : 0.6429
Valid Loss     : 1.5836	 | 	Valid Accuracy     : 0.3638

Epoch : 35
Train Loss     : 0.9861	 | 	Train Accuracy     : 0.6425
Valid Loss     : 1.5894	 | 	Valid Accuracy     : 0.3629

Epoch : 36
Train Loss     : 0.9875	 | 	Train Accuracy     : 0.6383
Valid Loss     : 1.5806	 | 	Valid Accuracy     : 0.3650

Epoch : 37
Train Loss     : 0.9862	 | 	Train Accuracy     : 0.6413
Valid Loss     : 1.5970	 | 	Valid Accuracy     : 0.3596

Epoch : 38
Train Loss     : 0.9876	 | 	Train Accuracy     : 0.6358
Valid Loss     : 1.5943	 | 	Valid Accuracy     : 0.3608

Epoch : 39
Train Loss     : 0.9872	 | 	Train Accuracy     : 0.6408
Valid Loss     : 1.5942	 | 	Valid Accuracy     : 0.3600

Epoch : 40
Train Loss     : 0.9869	 | 	Train Accuracy     : 0.6429
Valid Loss     : 1.5863	 | 	Valid Accuracy     : 0.3600

Epoch : 41
Train Loss     : 0.9875	 | 	Train Accuracy     : 0.6396
Valid Loss     : 1.5850	 | 	Valid Accuracy     : 0.3617

Epoch : 42
Train Loss     : 0.9857	 | 	Train Accuracy     : 0.6423
Valid Loss     : 1.5941	 | 	Valid Accuracy     : 0.3600

Epoch : 43
Train Loss     : 0.9874	 | 	Train Accuracy     : 0.6413
Valid Loss     : 1.5940	 | 	Valid Accuracy     : 0.3608

Epoch : 44
Train Loss     : 0.9867	 | 	Train Accuracy     : 0.6410
Valid Loss     : 1.5928	 | 	Valid Accuracy     : 0.3608

Epoch : 45
Train Loss     : 0.9869	 | 	Train Accuracy     : 0.6419
Valid Loss     : 1.5934	 | 	Valid Accuracy     : 0.3617

Epoch : 46
Train Loss     : 0.9857	 | 	Train Accuracy     : 0.6431
Valid Loss     : 1.5938	 | 	Valid Accuracy     : 0.3587

Epoch : 47
Train Loss     : 0.9865	 | 	Train Accuracy     : 0.6413
Valid Loss     : 1.5951	 | 	Valid Accuracy     : 0.3592

Epoch : 48
Train Loss     : 0.9860	 | 	Train Accuracy     : 0.6435
Valid Loss     : 1.5795	 | 	Valid Accuracy     : 0.3642

Epoch : 49
Train Loss     : 0.9865	 | 	Train Accuracy     : 0.6427
Valid Loss     : 1.5812	 | 	Valid Accuracy     : 0.3629

Epoch : 50
Train Loss     : 0.9870	 | 	Train Accuracy     : 0.6406
Valid Loss     : 1.5782	 | 	Valid Accuracy     : 0.3650

Epoch : 51
Train Loss     : 0.9863	 | 	Train Accuracy     : 0.6427
Valid Loss     : 1.5826	 | 	Valid Accuracy     : 0.3617

Epoch : 52
Train Loss     : 0.9847	 | 	Train Accuracy     : 0.6465
Valid Loss     : 1.5959	 | 	Valid Accuracy     : 0.3617

Epoch : 53
Train Loss     : 0.9844	 | 	Train Accuracy     : 0.6421
Valid Loss     : 1.5865	 | 	Valid Accuracy     : 0.3604

Epoch : 54
Train Loss     : 0.9853	 | 	Train Accuracy     : 0.6448
Valid Loss     : 1.5930	 | 	Valid Accuracy     : 0.3621

Epoch : 55
Train Loss     : 0.9857	 | 	Train Accuracy     : 0.6413
Valid Loss     : 1.5797	 | 	Valid Accuracy     : 0.3650

Epoch : 56
Train Loss     : 0.9860	 | 	Train Accuracy     : 0.6431
Valid Loss     : 1.5794	 | 	Valid Accuracy     : 0.3621

Epoch : 57
Train Loss     : 0.9866	 | 	Train Accuracy     : 0.6425
Valid Loss     : 1.5877	 | 	Valid Accuracy     : 0.3617

Epoch : 58
Train Loss     : 0.9856	 | 	Train Accuracy     : 0.6427
Valid Loss     : 1.5837	 | 	Valid Accuracy     : 0.3638

Epoch : 59
Train Loss     : 0.9853	 | 	Train Accuracy     : 0.6442
Valid Loss     : 1.5822	 | 	Valid Accuracy     : 0.3617

Epoch : 60
Train Loss     : 0.9859	 | 	Train Accuracy     : 0.6398
Valid Loss     : 1.5886	 | 	Valid Accuracy     : 0.3613

Epoch : 61
Train Loss     : 0.9864	 | 	Train Accuracy     : 0.6406
Valid Loss     : 1.6021	 | 	Valid Accuracy     : 0.3550

Epoch : 62
Train Loss     : 0.9860	 | 	Train Accuracy     : 0.6448
Valid Loss     : 1.6000	 | 	Valid Accuracy     : 0.3558

Epoch : 63
Train Loss     : 0.9867	 | 	Train Accuracy     : 0.6406
Valid Loss     : 1.6033	 | 	Valid Accuracy     : 0.3596

Epoch : 64
Train Loss     : 0.9869	 | 	Train Accuracy     : 0.6406
Valid Loss     : 1.5963	 | 	Valid Accuracy     : 0.3546

Epoch : 65
Train Loss     : 0.9848	 | 	Train Accuracy     : 0.6408
Valid Loss     : 1.5886	 | 	Valid Accuracy     : 0.3608

Epoch : 66
Train Loss     : 0.9851	 | 	Train Accuracy     : 0.6435
Valid Loss     : 1.5946	 | 	Valid Accuracy     : 0.3604

Epoch : 67
Train Loss     : 0.9855	 | 	Train Accuracy     : 0.6431
Valid Loss     : 1.5985	 | 	Valid Accuracy     : 0.3575

Epoch : 68
Train Loss     : 0.9864	 | 	Train Accuracy     : 0.6406
Valid Loss     : 1.6058	 | 	Valid Accuracy     : 0.3562

Epoch : 69
Train Loss     : 0.9869	 | 	Train Accuracy     : 0.6398
Valid Loss     : 1.5889	 | 	Valid Accuracy     : 0.3608

Epoch : 70
Train Loss     : 0.9877	 | 	Train Accuracy     : 0.6398
Valid Loss     : 1.5736	 | 	Valid Accuracy     : 0.3646

Epoch : 71
Train Loss     : 0.9863	 | 	Train Accuracy     : 0.6404
Valid Loss     : 1.5928	 | 	Valid Accuracy     : 0.3571

Epoch : 72
Train Loss     : 0.9850	 | 	Train Accuracy     : 0.6463
Valid Loss     : 1.5902	 | 	Valid Accuracy     : 0.3604

Epoch : 73
Train Loss     : 0.9866	 | 	Train Accuracy     : 0.6421
Valid Loss     : 1.5890	 | 	Valid Accuracy     : 0.3617

Epoch : 74
Train Loss     : 0.9870	 | 	Train Accuracy     : 0.6446
Valid Loss     : 1.5857	 | 	Valid Accuracy     : 0.3625

Epoch : 75
Train Loss     : 0.9859	 | 	Train Accuracy     : 0.6425
Valid Loss     : 1.6055	 | 	Valid Accuracy     : 0.3529

Epoch : 76
Train Loss     : 0.9855	 | 	Train Accuracy     : 0.6435
Valid Loss     : 1.5898	 | 	Valid Accuracy     : 0.3592

Epoch : 77
Train Loss     : 0.9875	 | 	Train Accuracy     : 0.6427
Valid Loss     : 1.5945	 | 	Valid Accuracy     : 0.3592

Epoch : 78
Train Loss     : 0.9863	 | 	Train Accuracy     : 0.6388
Valid Loss     : 1.6039	 | 	Valid Accuracy     : 0.3537

Epoch : 79
Train Loss     : 0.9863	 | 	Train Accuracy     : 0.6408
Valid Loss     : 1.5882	 | 	Valid Accuracy     : 0.3600

Epoch : 80
Train Loss     : 0.9861	 | 	Train Accuracy     : 0.6415
Valid Loss     : 1.5981	 | 	Valid Accuracy     : 0.3583

Epoch : 81
Train Loss     : 0.9856	 | 	Train Accuracy     : 0.6452
Valid Loss     : 1.5928	 | 	Valid Accuracy     : 0.3604

Epoch : 82
Train Loss     : 0.9866	 | 	Train Accuracy     : 0.6440
Valid Loss     : 1.5714	 | 	Valid Accuracy     : 0.3654

Epoch : 83
Train Loss     : 0.9856	 | 	Train Accuracy     : 0.6438
Valid Loss     : 1.5916	 | 	Valid Accuracy     : 0.3600

Epoch : 84
Train Loss     : 0.9854	 | 	Train Accuracy     : 0.6417
Valid Loss     : 1.5977	 | 	Valid Accuracy     : 0.3596

Epoch : 85
Train Loss     : 0.9860	 | 	Train Accuracy     : 0.6408
Valid Loss     : 1.5854	 | 	Valid Accuracy     : 0.3617

Epoch : 86
Train Loss     : 0.9865	 | 	Train Accuracy     : 0.6410
Valid Loss     : 1.5888	 | 	Valid Accuracy     : 0.3604

Epoch : 87
Train Loss     : 0.9851	 | 	Train Accuracy     : 0.6427
Valid Loss     : 1.6022	 | 	Valid Accuracy     : 0.3567

Epoch : 88
Train Loss     : 0.9861	 | 	Train Accuracy     : 0.6406
Valid Loss     : 1.5935	 | 	Valid Accuracy     : 0.3592

Epoch : 89
Train Loss     : 0.9865	 | 	Train Accuracy     : 0.6423
Valid Loss     : 1.5904	 | 	Valid Accuracy     : 0.3596

Epoch : 90
Train Loss     : 0.9859	 | 	Train Accuracy     : 0.6421
Valid Loss     : 1.5859	 | 	Valid Accuracy     : 0.3608

Epoch : 91
Train Loss     : 0.9867	 | 	Train Accuracy     : 0.6413
Valid Loss     : 1.5998	 | 	Valid Accuracy     : 0.3600

Epoch : 92
Train Loss     : 0.9872	 | 	Train Accuracy     : 0.6431
Valid Loss     : 1.5821	 | 	Valid Accuracy     : 0.3625

Epoch : 93
Train Loss     : 0.9858	 | 	Train Accuracy     : 0.6398
Valid Loss     : 1.5903	 | 	Valid Accuracy     : 0.3600

Epoch : 94
Train Loss     : 0.9856	 | 	Train Accuracy     : 0.6467
Valid Loss     : 1.5917	 | 	Valid Accuracy     : 0.3583

Epoch : 95
Train Loss     : 0.9849	 | 	Train Accuracy     : 0.6415
Valid Loss     : 1.5929	 | 	Valid Accuracy     : 0.3592

Epoch : 96
Train Loss     : 0.9860	 | 	Train Accuracy     : 0.6425
Valid Loss     : 1.5883	 | 	Valid Accuracy     : 0.3604

Epoch : 97
Train Loss     : 0.9863	 | 	Train Accuracy     : 0.6421
Valid Loss     : 1.5964	 | 	Valid Accuracy     : 0.3596

Epoch : 98
Train Loss     : 0.9870	 | 	Train Accuracy     : 0.6406
Valid Loss     : 1.5991	 | 	Valid Accuracy     : 0.3583

Epoch : 99
Train Loss     : 0.9869	 | 	Train Accuracy     : 0.6427
Valid Loss     : 1.5853	 | 	Valid Accuracy     : 0.3613

Epoch : 100
Train Loss     : 0.9877	 | 	Train Accuracy     : 0.6390
Valid Loss     : 1.5921	 | 	Valid Accuracy     : 0.3600

Epoch : 101
Train Loss     : 0.9855	 | 	Train Accuracy     : 0.6396
Valid Loss     : 1.5874	 | 	Valid Accuracy     : 0.3596

Epoch : 102
Train Loss     : 0.9858	 | 	Train Accuracy     : 0.6404
Valid Loss     : 1.5913	 | 	Valid Accuracy     : 0.3613

Epoch : 103
Train Loss     : 0.9871	 | 	Train Accuracy     : 0.6417
Valid Loss     : 1.5984	 | 	Valid Accuracy     : 0.3554

Epoch : 104
Train Loss     : 0.9859	 | 	Train Accuracy     : 0.6440
Valid Loss     : 1.5938	 | 	Valid Accuracy     : 0.3592

Epoch : 105
Train Loss     : 0.9844	 | 	Train Accuracy     : 0.6463
Valid Loss     : 1.6011	 | 	Valid Accuracy     : 0.3554

Epoch : 106
Train Loss     : 0.9862	 | 	Train Accuracy     : 0.6433
Valid Loss     : 1.5947	 | 	Valid Accuracy     : 0.3596

Epoch : 107
Train Loss     : 0.9867	 | 	Train Accuracy     : 0.6423
Valid Loss     : 1.5921	 | 	Valid Accuracy     : 0.3596

Epoch : 108
Train Loss     : 0.9860	 | 	Train Accuracy     : 0.6415
Valid Loss     : 1.5869	 | 	Valid Accuracy     : 0.3608

Epoch : 109
Train Loss     : 0.9868	 | 	Train Accuracy     : 0.6406
Valid Loss     : 1.5910	 | 	Valid Accuracy     : 0.3596

Epoch : 110
Train Loss     : 0.9862	 | 	Train Accuracy     : 0.6448
Valid Loss     : 1.5847	 | 	Valid Accuracy     : 0.3604

Epoch : 111
Train Loss     : 0.9861	 | 	Train Accuracy     : 0.6415
Valid Loss     : 1.6079	 | 	Valid Accuracy     : 0.3533

Epoch : 112
Train Loss     : 0.9856	 | 	Train Accuracy     : 0.6408
Valid Loss     : 1.5877	 | 	Valid Accuracy     : 0.3604

Epoch : 113
Train Loss     : 0.9859	 | 	Train Accuracy     : 0.6427
Valid Loss     : 1.5818	 | 	Valid Accuracy     : 0.3633

Epoch : 114
Train Loss     : 0.9859	 | 	Train Accuracy     : 0.6388
Valid Loss     : 1.5867	 | 	Valid Accuracy     : 0.3617

Epoch : 115
Train Loss     : 0.9873	 | 	Train Accuracy     : 0.6400
Valid Loss     : 1.5817	 | 	Valid Accuracy     : 0.3633

Epoch : 116
Train Loss     : 0.9863	 | 	Train Accuracy     : 0.6408
Valid Loss     : 1.6033	 | 	Valid Accuracy     : 0.3587

Epoch : 117
Train Loss     : 0.9866	 | 	Train Accuracy     : 0.6435
Valid Loss     : 1.5910	 | 	Valid Accuracy     : 0.3604

Epoch : 118
Train Loss     : 0.9866	 | 	Train Accuracy     : 0.6435
Valid Loss     : 1.5976	 | 	Valid Accuracy     : 0.3579

Epoch : 119
Train Loss     : 0.9863	 | 	Train Accuracy     : 0.6375
Valid Loss     : 1.5838	 | 	Valid Accuracy     : 0.3638

Epoch : 120
Train Loss     : 0.9855	 | 	Train Accuracy     : 0.6435
Valid Loss     : 1.5879	 | 	Valid Accuracy     : 0.3604

Epoch : 121
Train Loss     : 0.9860	 | 	Train Accuracy     : 0.6404
Valid Loss     : 1.5950	 | 	Valid Accuracy     : 0.3592

Epoch : 122
Train Loss     : 0.9862	 | 	Train Accuracy     : 0.6440
Valid Loss     : 1.5931	 | 	Valid Accuracy     : 0.3596

Epoch : 123
Train Loss     : 0.9854	 | 	Train Accuracy     : 0.6431
Valid Loss     : 1.5827	 | 	Valid Accuracy     : 0.3629

Epoch : 124
Train Loss     : 0.9864	 | 	Train Accuracy     : 0.6460
Valid Loss     : 1.5898	 | 	Valid Accuracy     : 0.3596

Epoch : 125
Train Loss     : 0.9867	 | 	Train Accuracy     : 0.6410
Valid Loss     : 1.5879	 | 	Valid Accuracy     : 0.3617

Epoch : 126
Train Loss     : 0.9865	 | 	Train Accuracy     : 0.6421
Valid Loss     : 1.5864	 | 	Valid Accuracy     : 0.3613

Epoch : 127
Train Loss     : 0.9878	 | 	Train Accuracy     : 0.6406
Valid Loss     : 1.5873	 | 	Valid Accuracy     : 0.3604

Epoch : 128
Train Loss     : 0.9879	 | 	Train Accuracy     : 0.6388
Valid Loss     : 1.5842	 | 	Valid Accuracy     : 0.3625

Epoch : 129
Train Loss     : 0.9863	 | 	Train Accuracy     : 0.6400
Valid Loss     : 1.5806	 | 	Valid Accuracy     : 0.3608

Epoch : 130
Train Loss     : 0.9870	 | 	Train Accuracy     : 0.6415
Valid Loss     : 1.5898	 | 	Valid Accuracy     : 0.3604

Epoch : 131
Train Loss     : 0.9861	 | 	Train Accuracy     : 0.6427
Valid Loss     : 1.5850	 | 	Valid Accuracy     : 0.3621

Epoch : 132
Train Loss     : 0.9871	 | 	Train Accuracy     : 0.6431
Valid Loss     : 1.5883	 | 	Valid Accuracy     : 0.3604

Epoch : 133
Train Loss     : 0.9858	 | 	Train Accuracy     : 0.6423
Valid Loss     : 1.5956	 | 	Valid Accuracy     : 0.3562

Epoch : 134
Train Loss     : 0.9861	 | 	Train Accuracy     : 0.6396
Valid Loss     : 1.5883	 | 	Valid Accuracy     : 0.3613

Epoch : 135
Train Loss     : 0.9852	 | 	Train Accuracy     : 0.6408
Valid Loss     : 1.5776	 | 	Valid Accuracy     : 0.3625

Epoch : 136
Train Loss     : 0.9858	 | 	Train Accuracy     : 0.6396
Valid Loss     : 1.5895	 | 	Valid Accuracy     : 0.3625

Epoch : 137
Train Loss     : 0.9865	 | 	Train Accuracy     : 0.6442
Valid Loss     : 1.5875	 | 	Valid Accuracy     : 0.3621

Epoch : 138
Train Loss     : 0.9860	 | 	Train Accuracy     : 0.6402
Valid Loss     : 1.5991	 | 	Valid Accuracy     : 0.3575

Epoch : 139
Train Loss     : 0.9864	 | 	Train Accuracy     : 0.6442
Valid Loss     : 1.5853	 | 	Valid Accuracy     : 0.3621

Epoch : 140
Train Loss     : 0.9866	 | 	Train Accuracy     : 0.6425
Valid Loss     : 1.5994	 | 	Valid Accuracy     : 0.3583

Epoch : 141
Train Loss     : 0.9862	 | 	Train Accuracy     : 0.6402
Valid Loss     : 1.5837	 | 	Valid Accuracy     : 0.3617

Epoch : 142
Train Loss     : 0.9859	 | 	Train Accuracy     : 0.6392
Valid Loss     : 1.5913	 | 	Valid Accuracy     : 0.3608

Epoch : 143
Train Loss     : 0.9856	 | 	Train Accuracy     : 0.6427
Valid Loss     : 1.5976	 | 	Valid Accuracy     : 0.3604

Epoch : 144
Train Loss     : 0.9881	 | 	Train Accuracy     : 0.6398
Valid Loss     : 1.5900	 | 	Valid Accuracy     : 0.3600

Epoch : 145
Train Loss     : 0.9867	 | 	Train Accuracy     : 0.6404
Valid Loss     : 1.5916	 | 	Valid Accuracy     : 0.3600

Epoch : 146
Train Loss     : 0.9869	 | 	Train Accuracy     : 0.6421
Valid Loss     : 1.5923	 | 	Valid Accuracy     : 0.3600

Epoch : 147
Train Loss     : 0.9872	 | 	Train Accuracy     : 0.6396
Valid Loss     : 1.5921	 | 	Valid Accuracy     : 0.3596

Epoch : 148
Train Loss     : 0.9865	 | 	Train Accuracy     : 0.6435
Valid Loss     : 1.5815	 | 	Valid Accuracy     : 0.3638

Epoch : 149
Train Loss     : 0.9864	 | 	Train Accuracy     : 0.6417
Valid Loss     : 1.5950	 | 	Valid Accuracy     : 0.3567

Epoch : 150
Train Loss     : 0.9866	 | 	Train Accuracy     : 0.6438
Valid Loss     : 1.5937	 | 	Valid Accuracy     : 0.3600

Epoch : 151
Train Loss     : 0.9865	 | 	Train Accuracy     : 0.6444
Valid Loss     : 1.5930	 | 	Valid Accuracy     : 0.3608

Epoch : 152
Train Loss     : 0.9857	 | 	Train Accuracy     : 0.6431
Valid Loss     : 1.5803	 | 	Valid Accuracy     : 0.3629

Epoch : 153
Train Loss     : 0.9874	 | 	Train Accuracy     : 0.6448
Valid Loss     : 1.5876	 | 	Valid Accuracy     : 0.3625

Epoch : 154
Train Loss     : 0.9858	 | 	Train Accuracy     : 0.6419
Valid Loss     : 1.5781	 | 	Valid Accuracy     : 0.3629

Epoch : 155
Train Loss     : 0.9863	 | 	Train Accuracy     : 0.6408
Valid Loss     : 1.5955	 | 	Valid Accuracy     : 0.3596

Epoch : 156
Train Loss     : 0.9857	 | 	Train Accuracy     : 0.6452
Valid Loss     : 1.5815	 | 	Valid Accuracy     : 0.3617

Epoch : 157
Train Loss     : 0.9855	 | 	Train Accuracy     : 0.6425
Valid Loss     : 1.5852	 | 	Valid Accuracy     : 0.3617

Epoch : 158
Train Loss     : 0.9856	 | 	Train Accuracy     : 0.6410
Valid Loss     : 1.5946	 | 	Valid Accuracy     : 0.3604

Epoch : 159
Train Loss     : 0.9856	 | 	Train Accuracy     : 0.6419
Valid Loss     : 1.5954	 | 	Valid Accuracy     : 0.3600

Epoch : 160
Train Loss     : 0.9871	 | 	Train Accuracy     : 0.6440
Valid Loss     : 1.5954	 | 	Valid Accuracy     : 0.3600

Epoch : 161
Train Loss     : 0.9866	 | 	Train Accuracy     : 0.6385
Valid Loss     : 1.5909	 | 	Valid Accuracy     : 0.3587

Epoch : 162
Train Loss     : 0.9864	 | 	Train Accuracy     : 0.6444
Valid Loss     : 1.5825	 | 	Valid Accuracy     : 0.3633

Epoch : 163
Train Loss     : 0.9866	 | 	Train Accuracy     : 0.6427
Valid Loss     : 1.5883	 | 	Valid Accuracy     : 0.3604

Epoch : 164
Train Loss     : 0.9861	 | 	Train Accuracy     : 0.6413
Valid Loss     : 1.5958	 | 	Valid Accuracy     : 0.3587

Epoch : 165
Train Loss     : 0.9866	 | 	Train Accuracy     : 0.6440
Valid Loss     : 1.5850	 | 	Valid Accuracy     : 0.3621

Epoch : 166
Train Loss     : 0.9861	 | 	Train Accuracy     : 0.6408
Valid Loss     : 1.5947	 | 	Valid Accuracy     : 0.3592

Epoch : 167
Train Loss     : 0.9872	 | 	Train Accuracy     : 0.6438
Valid Loss     : 1.5753	 | 	Valid Accuracy     : 0.3621

Epoch : 168
Train Loss     : 0.9857	 | 	Train Accuracy     : 0.6404
Valid Loss     : 1.5906	 | 	Valid Accuracy     : 0.3604

Epoch : 169
Train Loss     : 0.9862	 | 	Train Accuracy     : 0.6385
Valid Loss     : 1.5957	 | 	Valid Accuracy     : 0.3592

Epoch : 170
Train Loss     : 0.9857	 | 	Train Accuracy     : 0.6435
Valid Loss     : 1.5879	 | 	Valid Accuracy     : 0.3608

Epoch : 171
Train Loss     : 0.9867	 | 	Train Accuracy     : 0.6404
Valid Loss     : 1.5855	 | 	Valid Accuracy     : 0.3625

Epoch : 172
Train Loss     : 0.9865	 | 	Train Accuracy     : 0.6423
Valid Loss     : 1.5966	 | 	Valid Accuracy     : 0.3608

Epoch : 173
Train Loss     : 0.9860	 | 	Train Accuracy     : 0.6448
Valid Loss     : 1.5891	 | 	Valid Accuracy     : 0.3608

Epoch : 174
Train Loss     : 0.9855	 | 	Train Accuracy     : 0.6440
Valid Loss     : 1.5913	 | 	Valid Accuracy     : 0.3583

Epoch : 175
Train Loss     : 0.9850	 | 	Train Accuracy     : 0.6425
Valid Loss     : 1.5887	 | 	Valid Accuracy     : 0.3608

Epoch : 176
Train Loss     : 0.9867	 | 	Train Accuracy     : 0.6417
Valid Loss     : 1.5991	 | 	Valid Accuracy     : 0.3571

Epoch : 177
Train Loss     : 0.9854	 | 	Train Accuracy     : 0.6423
Valid Loss     : 1.5928	 | 	Valid Accuracy     : 0.3592

Epoch : 178
Train Loss     : 0.9871	 | 	Train Accuracy     : 0.6406
Valid Loss     : 1.5871	 | 	Valid Accuracy     : 0.3604

Epoch : 179
Train Loss     : 0.9865	 | 	Train Accuracy     : 0.6435
Valid Loss     : 1.5854	 | 	Valid Accuracy     : 0.3604

Epoch : 180
Train Loss     : 0.9855	 | 	Train Accuracy     : 0.6469
Valid Loss     : 1.5811	 | 	Valid Accuracy     : 0.3650

Epoch : 181
Train Loss     : 0.9853	 | 	Train Accuracy     : 0.6450
Valid Loss     : 1.5793	 | 	Valid Accuracy     : 0.3642

Epoch : 182
Train Loss     : 0.9877	 | 	Train Accuracy     : 0.6398
Valid Loss     : 1.5809	 | 	Valid Accuracy     : 0.3625

Epoch : 183
Train Loss     : 0.9853	 | 	Train Accuracy     : 0.6425
Valid Loss     : 1.5855	 | 	Valid Accuracy     : 0.3613

Epoch : 184
Train Loss     : 0.9866	 | 	Train Accuracy     : 0.6388
Valid Loss     : 1.5847	 | 	Valid Accuracy     : 0.3633

Epoch : 185
Train Loss     : 0.9866	 | 	Train Accuracy     : 0.6367
Valid Loss     : 1.5810	 | 	Valid Accuracy     : 0.3658

Epoch : 186
Train Loss     : 0.9857	 | 	Train Accuracy     : 0.6404
Valid Loss     : 1.5898	 | 	Valid Accuracy     : 0.3621

Epoch : 187
Train Loss     : 0.9863	 | 	Train Accuracy     : 0.6458
Valid Loss     : 1.5882	 | 	Valid Accuracy     : 0.3621

Epoch : 188
Train Loss     : 0.9867	 | 	Train Accuracy     : 0.6421
Valid Loss     : 1.5838	 | 	Valid Accuracy     : 0.3633

Epoch : 189
Train Loss     : 0.9863	 | 	Train Accuracy     : 0.6415
Valid Loss     : 1.5927	 | 	Valid Accuracy     : 0.3592

Epoch : 190
Train Loss     : 0.9874	 | 	Train Accuracy     : 0.6410
Valid Loss     : 1.5961	 | 	Valid Accuracy     : 0.3575

Epoch : 191
Train Loss     : 0.9869	 | 	Train Accuracy     : 0.6463
Valid Loss     : 1.5872	 | 	Valid Accuracy     : 0.3608

Epoch : 192
Train Loss     : 0.9869	 | 	Train Accuracy     : 0.6406
Valid Loss     : 1.5853	 | 	Valid Accuracy     : 0.3608

Epoch : 193
Train Loss     : 0.9868	 | 	Train Accuracy     : 0.6419
Valid Loss     : 1.5976	 | 	Valid Accuracy     : 0.3600

Epoch : 194
Train Loss     : 0.9855	 | 	Train Accuracy     : 0.6431
Valid Loss     : 1.5987	 | 	Valid Accuracy     : 0.3571

Epoch : 195
Train Loss     : 0.9864	 | 	Train Accuracy     : 0.6421
Valid Loss     : 1.5904	 | 	Valid Accuracy     : 0.3596

Epoch : 196
Train Loss     : 0.9872	 | 	Train Accuracy     : 0.6410
Valid Loss     : 1.5816	 | 	Valid Accuracy     : 0.3642

Epoch : 197
Train Loss     : 0.9858	 | 	Train Accuracy     : 0.6417
Valid Loss     : 1.5806	 | 	Valid Accuracy     : 0.3625

Epoch : 198
Train Loss     : 0.9869	 | 	Train Accuracy     : 0.6423
Valid Loss     : 1.5983	 | 	Valid Accuracy     : 0.3567

Epoch : 199
Train Loss     : 0.9854	 | 	Train Accuracy     : 0.6413
Valid Loss     : 1.5968	 | 	Valid Accuracy     : 0.3554

Epoch : 200
Train Loss     : 0.9870	 | 	Train Accuracy     : 0.6446
Valid Loss     : 1.5928	 | 	Valid Accuracy     : 0.3583

Epoch : 201
Train Loss     : 0.9860	 | 	Train Accuracy     : 0.6410
Valid Loss     : 1.5889	 | 	Valid Accuracy     : 0.3608

Epoch : 202
Train Loss     : 0.9853	 | 	Train Accuracy     : 0.6458
Valid Loss     : 1.5969	 | 	Valid Accuracy     : 0.3608

Epoch : 203
Train Loss     : 0.9866	 | 	Train Accuracy     : 0.6410
Valid Loss     : 1.5927	 | 	Valid Accuracy     : 0.3600

Epoch : 204
Train Loss     : 0.9865	 | 	Train Accuracy     : 0.6421
Valid Loss     : 1.5884	 | 	Valid Accuracy     : 0.3621

Epoch : 205
Train Loss     : 0.9878	 | 	Train Accuracy     : 0.6435
Valid Loss     : 1.5907	 | 	Valid Accuracy     : 0.3625

Epoch : 206
Train Loss     : 0.9860	 | 	Train Accuracy     : 0.6410
Valid Loss     : 1.5917	 | 	Valid Accuracy     : 0.3621

Epoch : 207
Train Loss     : 0.9861	 | 	Train Accuracy     : 0.6435
Valid Loss     : 1.5894	 | 	Valid Accuracy     : 0.3604

Epoch : 208
Train Loss     : 0.9865	 | 	Train Accuracy     : 0.6415
Valid Loss     : 1.5785	 | 	Valid Accuracy     : 0.3625

Epoch : 209
Train Loss     : 0.9853	 | 	Train Accuracy     : 0.6429
Valid Loss     : 1.5898	 | 	Valid Accuracy     : 0.3621

Epoch : 210
Train Loss     : 0.9874	 | 	Train Accuracy     : 0.6433
Valid Loss     : 1.5900	 | 	Valid Accuracy     : 0.3621

Epoch : 211
Train Loss     : 0.9868	 | 	Train Accuracy     : 0.6421
Valid Loss     : 1.5781	 | 	Valid Accuracy     : 0.3629

Epoch : 212
Train Loss     : 0.9865	 | 	Train Accuracy     : 0.6433
Valid Loss     : 1.5745	 | 	Valid Accuracy     : 0.3683

Epoch : 213
Train Loss     : 0.9870	 | 	Train Accuracy     : 0.6427
Valid Loss     : 1.5902	 | 	Valid Accuracy     : 0.3617

Epoch : 214
Train Loss     : 0.9874	 | 	Train Accuracy     : 0.6431
Valid Loss     : 1.6030	 | 	Valid Accuracy     : 0.3546

Epoch : 215
Train Loss     : 0.9868	 | 	Train Accuracy     : 0.6423
Valid Loss     : 1.6003	 | 	Valid Accuracy     : 0.3546

Epoch : 216
Train Loss     : 0.9858	 | 	Train Accuracy     : 0.6433
Valid Loss     : 1.5908	 | 	Valid Accuracy     : 0.3600

Epoch : 217
Train Loss     : 0.9873	 | 	Train Accuracy     : 0.6396
Valid Loss     : 1.6000	 | 	Valid Accuracy     : 0.3587

Epoch : 218
Train Loss     : 0.9867	 | 	Train Accuracy     : 0.6438
Valid Loss     : 1.5869	 | 	Valid Accuracy     : 0.3629

Epoch : 219
Train Loss     : 0.9863	 | 	Train Accuracy     : 0.6408
Valid Loss     : 1.5977	 | 	Valid Accuracy     : 0.3537

Epoch : 220
Train Loss     : 0.9851	 | 	Train Accuracy     : 0.6419
Valid Loss     : 1.5879	 | 	Valid Accuracy     : 0.3629

Epoch : 221
Train Loss     : 0.9872	 | 	Train Accuracy     : 0.6440
Valid Loss     : 1.5754	 | 	Valid Accuracy     : 0.3642

Epoch : 222
Train Loss     : 0.9855	 | 	Train Accuracy     : 0.6425
Valid Loss     : 1.5898	 | 	Valid Accuracy     : 0.3617

Epoch : 223
Train Loss     : 0.9869	 | 	Train Accuracy     : 0.6421
Valid Loss     : 1.5759	 | 	Valid Accuracy     : 0.3667

Epoch : 224
Train Loss     : 0.9853	 | 	Train Accuracy     : 0.6460
Valid Loss     : 1.5856	 | 	Valid Accuracy     : 0.3642

Epoch : 225
Train Loss     : 0.9859	 | 	Train Accuracy     : 0.6398
Valid Loss     : 1.5963	 | 	Valid Accuracy     : 0.3592

Epoch : 226
Train Loss     : 0.9867	 | 	Train Accuracy     : 0.6410
Valid Loss     : 1.5922	 | 	Valid Accuracy     : 0.3617

Epoch : 227
Train Loss     : 0.9870	 | 	Train Accuracy     : 0.6410
Valid Loss     : 1.5935	 | 	Valid Accuracy     : 0.3600

Epoch : 228
Train Loss     : 0.9862	 | 	Train Accuracy     : 0.6417
Valid Loss     : 1.5928	 | 	Valid Accuracy     : 0.3604

Epoch : 229
Train Loss     : 0.9850	 | 	Train Accuracy     : 0.6425
Valid Loss     : 1.5875	 | 	Valid Accuracy     : 0.3604

Epoch : 230
Train Loss     : 0.9857	 | 	Train Accuracy     : 0.6429
Valid Loss     : 1.5967	 | 	Valid Accuracy     : 0.3592

Epoch : 231
Train Loss     : 0.9869	 | 	Train Accuracy     : 0.6410
Valid Loss     : 1.5866	 | 	Valid Accuracy     : 0.3608

Epoch : 232
Train Loss     : 0.9858	 | 	Train Accuracy     : 0.6417
Valid Loss     : 1.5804	 | 	Valid Accuracy     : 0.3638

Epoch : 233
Train Loss     : 0.9876	 | 	Train Accuracy     : 0.6398
Valid Loss     : 1.5893	 | 	Valid Accuracy     : 0.3621

Epoch : 234
Train Loss     : 0.9853	 | 	Train Accuracy     : 0.6448
Valid Loss     : 1.5849	 | 	Valid Accuracy     : 0.3621

Epoch : 235
Train Loss     : 0.9869	 | 	Train Accuracy     : 0.6438
Valid Loss     : 1.5972	 | 	Valid Accuracy     : 0.3562

Epoch : 236
Train Loss     : 0.9856	 | 	Train Accuracy     : 0.6452
Valid Loss     : 1.5887	 | 	Valid Accuracy     : 0.3600

Epoch : 237
Train Loss     : 0.9854	 | 	Train Accuracy     : 0.6419
Valid Loss     : 1.5848	 | 	Valid Accuracy     : 0.3617

Epoch : 238
Train Loss     : 0.9860	 | 	Train Accuracy     : 0.6408
Valid Loss     : 1.5807	 | 	Valid Accuracy     : 0.3646

Epoch : 239
Train Loss     : 0.9866	 | 	Train Accuracy     : 0.6396
Valid Loss     : 1.5883	 | 	Valid Accuracy     : 0.3600

Epoch : 240
Train Loss     : 0.9859	 | 	Train Accuracy     : 0.6415
Valid Loss     : 1.5764	 | 	Valid Accuracy     : 0.3663

Epoch : 241
Train Loss     : 0.9855	 | 	Train Accuracy     : 0.6450
Valid Loss     : 1.5877	 | 	Valid Accuracy     : 0.3617

Epoch : 242
Train Loss     : 0.9865	 | 	Train Accuracy     : 0.6469
Valid Loss     : 1.5828	 | 	Valid Accuracy     : 0.3625

Epoch : 243
Train Loss     : 0.9859	 | 	Train Accuracy     : 0.6433
Valid Loss     : 1.5948	 | 	Valid Accuracy     : 0.3596

Epoch : 244
Train Loss     : 0.9864	 | 	Train Accuracy     : 0.6383
Valid Loss     : 1.5972	 | 	Valid Accuracy     : 0.3604

Epoch : 245
Train Loss     : 0.9856	 | 	Train Accuracy     : 0.6421
Valid Loss     : 1.5859	 | 	Valid Accuracy     : 0.3621

Epoch : 246
Train Loss     : 0.9852	 | 	Train Accuracy     : 0.6444
Valid Loss     : 1.6014	 | 	Valid Accuracy     : 0.3546

Epoch : 247
Train Loss     : 0.9871	 | 	Train Accuracy     : 0.6423
Valid Loss     : 1.6098	 | 	Valid Accuracy     : 0.3525

Epoch : 248
Train Loss     : 0.9862	 | 	Train Accuracy     : 0.6456
Valid Loss     : 1.6041	 | 	Valid Accuracy     : 0.3562

Epoch : 249
Train Loss     : 0.9871	 | 	Train Accuracy     : 0.6427
Valid Loss     : 1.5876	 | 	Valid Accuracy     : 0.3633

Epoch : 250
Train Loss     : 0.9852	 | 	Train Accuracy     : 0.6396
Valid Loss     : 1.5799	 | 	Valid Accuracy     : 0.3621

Epoch : 251
Train Loss     : 0.9863	 | 	Train Accuracy     : 0.6410
Valid Loss     : 1.5858	 | 	Valid Accuracy     : 0.3633

Epoch : 252
Train Loss     : 0.9863	 | 	Train Accuracy     : 0.6435
Valid Loss     : 1.5987	 | 	Valid Accuracy     : 0.3579

Epoch : 253
Train Loss     : 0.9868	 | 	Train Accuracy     : 0.6385
Valid Loss     : 1.5867	 | 	Valid Accuracy     : 0.3621

Epoch : 254
Train Loss     : 0.9878	 | 	Train Accuracy     : 0.6381
Valid Loss     : 1.5829	 | 	Valid Accuracy     : 0.3629

Epoch : 255
Train Loss     : 0.9864	 | 	Train Accuracy     : 0.6429
Valid Loss     : 1.5891	 | 	Valid Accuracy     : 0.3596

Epoch : 256
Train Loss     : 0.9852	 | 	Train Accuracy     : 0.6440
Valid Loss     : 1.5858	 | 	Valid Accuracy     : 0.3604

Epoch : 257
Train Loss     : 0.9867	 | 	Train Accuracy     : 0.6415
Valid Loss     : 1.5872	 | 	Valid Accuracy     : 0.3613

Epoch : 258
Train Loss     : 0.9867	 | 	Train Accuracy     : 0.6406
Valid Loss     : 1.5844	 | 	Valid Accuracy     : 0.3621

Epoch : 259
Train Loss     : 0.9862	 | 	Train Accuracy     : 0.6406
Valid Loss     : 1.5840	 | 	Valid Accuracy     : 0.3621

Epoch : 260
Train Loss     : 0.9851	 | 	Train Accuracy     : 0.6427
Valid Loss     : 1.5963	 | 	Valid Accuracy     : 0.3600

Epoch : 261
Train Loss     : 0.9849	 | 	Train Accuracy     : 0.6408
Valid Loss     : 1.5943	 | 	Valid Accuracy     : 0.3587

Epoch : 262
Train Loss     : 0.9862	 | 	Train Accuracy     : 0.6454
Valid Loss     : 1.5913	 | 	Valid Accuracy     : 0.3613

Epoch : 263
Train Loss     : 0.9868	 | 	Train Accuracy     : 0.6394
Valid Loss     : 1.5950	 | 	Valid Accuracy     : 0.3600

Epoch : 264
Train Loss     : 0.9856	 | 	Train Accuracy     : 0.6388
Valid Loss     : 1.5825	 | 	Valid Accuracy     : 0.3633

Epoch : 265
Train Loss     : 0.9851	 | 	Train Accuracy     : 0.6450
Valid Loss     : 1.5936	 | 	Valid Accuracy     : 0.3600

Epoch : 266
Train Loss     : 0.9859	 | 	Train Accuracy     : 0.6408
Valid Loss     : 1.5957	 | 	Valid Accuracy     : 0.3596

Epoch : 267
Train Loss     : 0.9868	 | 	Train Accuracy     : 0.6425
Valid Loss     : 1.5861	 | 	Valid Accuracy     : 0.3608

Epoch : 268
Train Loss     : 0.9861	 | 	Train Accuracy     : 0.6415
Valid Loss     : 1.5886	 | 	Valid Accuracy     : 0.3625

Epoch : 269
Train Loss     : 0.9870	 | 	Train Accuracy     : 0.6419
Valid Loss     : 1.5993	 | 	Valid Accuracy     : 0.3571

Epoch : 270
Train Loss     : 0.9870	 | 	Train Accuracy     : 0.6423
Valid Loss     : 1.5925	 | 	Valid Accuracy     : 0.3596

Epoch : 271
Train Loss     : 0.9849	 | 	Train Accuracy     : 0.6444
Valid Loss     : 1.5841	 | 	Valid Accuracy     : 0.3608

Epoch : 272
Train Loss     : 0.9863	 | 	Train Accuracy     : 0.6419
Valid Loss     : 1.5938	 | 	Valid Accuracy     : 0.3600

Epoch : 273
Train Loss     : 0.9862	 | 	Train Accuracy     : 0.6433
Valid Loss     : 1.5942	 | 	Valid Accuracy     : 0.3613

Epoch : 274
Train Loss     : 0.9874	 | 	Train Accuracy     : 0.6440
Valid Loss     : 1.5924	 | 	Valid Accuracy     : 0.3592

Epoch : 275
Train Loss     : 0.9858	 | 	Train Accuracy     : 0.6456
Valid Loss     : 1.6039	 | 	Valid Accuracy     : 0.3571

Epoch : 276
Train Loss     : 0.9864	 | 	Train Accuracy     : 0.6431
Valid Loss     : 1.5887	 | 	Valid Accuracy     : 0.3625

Epoch : 277
Train Loss     : 0.9873	 | 	Train Accuracy     : 0.6438
Valid Loss     : 1.5975	 | 	Valid Accuracy     : 0.3596

Epoch : 278
Train Loss     : 0.9853	 | 	Train Accuracy     : 0.6400
Valid Loss     : 1.5899	 | 	Valid Accuracy     : 0.3596

Epoch : 279
Train Loss     : 0.9862	 | 	Train Accuracy     : 0.6402
Valid Loss     : 1.5827	 | 	Valid Accuracy     : 0.3633

Epoch : 280
Train Loss     : 0.9857	 | 	Train Accuracy     : 0.6388
Valid Loss     : 1.5923	 | 	Valid Accuracy     : 0.3608

Epoch : 281
Train Loss     : 0.9857	 | 	Train Accuracy     : 0.6417
Valid Loss     : 1.5970	 | 	Valid Accuracy     : 0.3608

Epoch : 282
Train Loss     : 0.9872	 | 	Train Accuracy     : 0.6400
Valid Loss     : 1.5960	 | 	Valid Accuracy     : 0.3587

Epoch : 283
Train Loss     : 0.9853	 | 	Train Accuracy     : 0.6423
Valid Loss     : 1.5863	 | 	Valid Accuracy     : 0.3608

Epoch : 284
Train Loss     : 0.9866	 | 	Train Accuracy     : 0.6427
Valid Loss     : 1.5909	 | 	Valid Accuracy     : 0.3604

Epoch : 285
Train Loss     : 0.9867	 | 	Train Accuracy     : 0.6379
Valid Loss     : 1.6053	 | 	Valid Accuracy     : 0.3542

Epoch : 286
Train Loss     : 0.9858	 | 	Train Accuracy     : 0.6417
Valid Loss     : 1.5799	 | 	Valid Accuracy     : 0.3625

Epoch : 287
Train Loss     : 0.9859	 | 	Train Accuracy     : 0.6408
Valid Loss     : 1.5907	 | 	Valid Accuracy     : 0.3604

Epoch : 288
Train Loss     : 0.9858	 | 	Train Accuracy     : 0.6421
Valid Loss     : 1.6066	 | 	Valid Accuracy     : 0.3575

Epoch : 289
Train Loss     : 0.9856	 | 	Train Accuracy     : 0.6406
Valid Loss     : 1.6050	 | 	Valid Accuracy     : 0.3562

Epoch : 290
Train Loss     : 0.9864	 | 	Train Accuracy     : 0.6373
Valid Loss     : 1.6002	 | 	Valid Accuracy     : 0.3567

Epoch : 291
Train Loss     : 0.9876	 | 	Train Accuracy     : 0.6425
Valid Loss     : 1.5894	 | 	Valid Accuracy     : 0.3600

Epoch : 292
Train Loss     : 0.9855	 | 	Train Accuracy     : 0.6429
Valid Loss     : 1.5875	 | 	Valid Accuracy     : 0.3621

Epoch : 293
Train Loss     : 0.9867	 | 	Train Accuracy     : 0.6450
Valid Loss     : 1.5972	 | 	Valid Accuracy     : 0.3600

Epoch : 294
Train Loss     : 0.9850	 | 	Train Accuracy     : 0.6423
Valid Loss     : 1.5893	 | 	Valid Accuracy     : 0.3617

Epoch : 295
Train Loss     : 0.9860	 | 	Train Accuracy     : 0.6431
Valid Loss     : 1.5720	 | 	Valid Accuracy     : 0.3667

Epoch : 296
Train Loss     : 0.9862	 | 	Train Accuracy     : 0.6392
Valid Loss     : 1.5936	 | 	Valid Accuracy     : 0.3608

Epoch : 297
Train Loss     : 0.9853	 | 	Train Accuracy     : 0.6419
Valid Loss     : 1.5857	 | 	Valid Accuracy     : 0.3638

Epoch : 298
Train Loss     : 0.9870	 | 	Train Accuracy     : 0.6396
Valid Loss     : 1.5854	 | 	Valid Accuracy     : 0.3617

Epoch : 299
Train Loss     : 0.9860	 | 	Train Accuracy     : 0.6425
Valid Loss     : 1.5973	 | 	Valid Accuracy     : 0.3592

Epoch : 300
Train Loss     : 0.9872	 | 	Train Accuracy     : 0.6427
Valid Loss     : 1.5867	 | 	Valid Accuracy     : 0.3617

Epoch : 301
Train Loss     : 0.9871	 | 	Train Accuracy     : 0.6431
Valid Loss     : 1.5857	 | 	Valid Accuracy     : 0.3625

Epoch : 302
Train Loss     : 0.9867	 | 	Train Accuracy     : 0.6446
Valid Loss     : 1.5870	 | 	Valid Accuracy     : 0.3625

Epoch : 303
Train Loss     : 0.9873	 | 	Train Accuracy     : 0.6421
Valid Loss     : 1.5998	 | 	Valid Accuracy     : 0.3571

Epoch : 304
Train Loss     : 0.9857	 | 	Train Accuracy     : 0.6427
Valid Loss     : 1.5914	 | 	Valid Accuracy     : 0.3600

Epoch : 305
Train Loss     : 0.9872	 | 	Train Accuracy     : 0.6419
Valid Loss     : 1.5765	 | 	Valid Accuracy     : 0.3638

Epoch : 306
Train Loss     : 0.9867	 | 	Train Accuracy     : 0.6417
Valid Loss     : 1.5966	 | 	Valid Accuracy     : 0.3571

Epoch : 307
Train Loss     : 0.9856	 | 	Train Accuracy     : 0.6421
Valid Loss     : 1.5912	 | 	Valid Accuracy     : 0.3604

Epoch : 308
Train Loss     : 0.9863	 | 	Train Accuracy     : 0.6433
Valid Loss     : 1.5948	 | 	Valid Accuracy     : 0.3592

Epoch : 309
Train Loss     : 0.9869	 | 	Train Accuracy     : 0.6421
Valid Loss     : 1.5822	 | 	Valid Accuracy     : 0.3613

Epoch : 310
Train Loss     : 0.9875	 | 	Train Accuracy     : 0.6410
Valid Loss     : 1.6001	 | 	Valid Accuracy     : 0.3596

Epoch : 311
Train Loss     : 0.9852	 | 	Train Accuracy     : 0.6456
Valid Loss     : 1.6023	 | 	Valid Accuracy     : 0.3550

Epoch : 312
Train Loss     : 0.9863	 | 	Train Accuracy     : 0.6423
Valid Loss     : 1.5987	 | 	Valid Accuracy     : 0.3567

Epoch : 313
Train Loss     : 0.9866	 | 	Train Accuracy     : 0.6413
Valid Loss     : 1.5932	 | 	Valid Accuracy     : 0.3608

Epoch : 314
Train Loss     : 0.9847	 | 	Train Accuracy     : 0.6458
Valid Loss     : 1.5773	 | 	Valid Accuracy     : 0.3617

Epoch : 315
Train Loss     : 0.9864	 | 	Train Accuracy     : 0.6438
Valid Loss     : 1.5867	 | 	Valid Accuracy     : 0.3629

Epoch : 316
Train Loss     : 0.9862	 | 	Train Accuracy     : 0.6435
Valid Loss     : 1.5916	 | 	Valid Accuracy     : 0.3608

Epoch : 317
Train Loss     : 0.9856	 | 	Train Accuracy     : 0.6429
Valid Loss     : 1.5897	 | 	Valid Accuracy     : 0.3608

Epoch : 318
Train Loss     : 0.9852	 | 	Train Accuracy     : 0.6433
Valid Loss     : 1.5880	 | 	Valid Accuracy     : 0.3608

Epoch : 319
Train Loss     : 0.9858	 | 	Train Accuracy     : 0.6425
Valid Loss     : 1.5919	 | 	Valid Accuracy     : 0.3596

Epoch : 320
Train Loss     : 0.9869	 | 	Train Accuracy     : 0.6396
Valid Loss     : 1.5797	 | 	Valid Accuracy     : 0.3621

Epoch : 321
Train Loss     : 0.9861	 | 	Train Accuracy     : 0.6392
Valid Loss     : 1.5961	 | 	Valid Accuracy     : 0.3592

Epoch : 322
Train Loss     : 0.9850	 | 	Train Accuracy     : 0.6400
Valid Loss     : 1.5874	 | 	Valid Accuracy     : 0.3621

Epoch : 323
Train Loss     : 0.9856	 | 	Train Accuracy     : 0.6450
Valid Loss     : 1.5908	 | 	Valid Accuracy     : 0.3613

Epoch : 324
Train Loss     : 0.9863	 | 	Train Accuracy     : 0.6392
Valid Loss     : 1.5943	 | 	Valid Accuracy     : 0.3613

Epoch : 325
Train Loss     : 0.9859	 | 	Train Accuracy     : 0.6398
Valid Loss     : 1.5861	 | 	Valid Accuracy     : 0.3625

Epoch : 326
Train Loss     : 0.9883	 | 	Train Accuracy     : 0.6408
Valid Loss     : 1.5843	 | 	Valid Accuracy     : 0.3608

Epoch : 327
Train Loss     : 0.9862	 | 	Train Accuracy     : 0.6394
Valid Loss     : 1.5793	 | 	Valid Accuracy     : 0.3621

Epoch : 328
Train Loss     : 0.9873	 | 	Train Accuracy     : 0.6394
Valid Loss     : 1.5959	 | 	Valid Accuracy     : 0.3592
