=============================================
Dataset: Epilepsy
Method:  °³¹ßÁß...
Mode:    supervised
=============================================
Data loaded ...
Training started ....

Epoch : 1
Train Loss     : 0.5321	 | 	Train Accuracy     : 0.6250
Valid Loss     : 0.6260	 | 	Valid Accuracy     : 0.9375

Epoch : 2
Train Loss     : 0.1252	 | 	Train Accuracy     : 0.9643
Valid Loss     : 0.3824	 | 	Valid Accuracy     : 1.0000

Epoch : 3
Train Loss     : 0.0571	 | 	Train Accuracy     : 0.9821
Valid Loss     : 0.0833	 | 	Valid Accuracy     : 1.0000

Epoch : 4
Train Loss     : 0.0292	 | 	Train Accuracy     : 1.0000
Valid Loss     : 0.0225	 | 	Valid Accuracy     : 1.0000

Epoch : 5
Train Loss     : 0.0115	 | 	Train Accuracy     : 1.0000
Valid Loss     : 0.0237	 | 	Valid Accuracy     : 1.0000

Epoch : 6
Train Loss     : 0.0042	 | 	Train Accuracy     : 1.0000
Valid Loss     : 0.0185	 | 	Valid Accuracy     : 1.0000

Epoch : 7
Train Loss     : 0.0066	 | 	Train Accuracy     : 1.0000
Valid Loss     : 0.0128	 | 	Valid Accuracy     : 1.0000

Epoch : 8
Train Loss     : 0.0022	 | 	Train Accuracy     : 1.0000
Valid Loss     : 0.0064	 | 	Valid Accuracy     : 1.0000

Epoch : 9
Train Loss     : 0.0031	 | 	Train Accuracy     : 1.0000
Valid Loss     : 0.0076	 | 	Valid Accuracy     : 1.0000

Epoch : 10
Train Loss     : 0.0009	 | 	Train Accuracy     : 1.0000
Valid Loss     : 0.0080	 | 	Valid Accuracy     : 1.0000

Epoch : 11
Train Loss     : 0.0017	 | 	Train Accuracy     : 1.0000
Valid Loss     : 0.0091	 | 	Valid Accuracy     : 1.0000

Epoch : 12
Train Loss     : 0.0018	 | 	Train Accuracy     : 1.0000
Valid Loss     : 0.0054	 | 	Valid Accuracy     : 1.0000

Epoch : 13
Train Loss     : 0.0004	 | 	Train Accuracy     : 1.0000
Valid Loss     : 0.0044	 | 	Valid Accuracy     : 1.0000

Epoch : 14
Train Loss     : 0.0005	 | 	Train Accuracy     : 1.0000
Valid Loss     : 0.0039	 | 	Valid Accuracy     : 1.0000

Epoch : 15
Train Loss     : 0.0005	 | 	Train Accuracy     : 1.0000
Valid Loss     : 0.0039	 | 	Valid Accuracy     : 1.0000

Epoch : 16
Train Loss     : 0.0020	 | 	Train Accuracy     : 1.0000
Valid Loss     : 0.0042	 | 	Valid Accuracy     : 1.0000

Epoch : 17
Train Loss     : 0.0010	 | 	Train Accuracy     : 1.0000
Valid Loss     : 0.0055	 | 	Valid Accuracy     : 1.0000

Epoch : 18
Train Loss     : 0.0004	 | 	Train Accuracy     : 1.0000
Valid Loss     : 0.0046	 | 	Valid Accuracy     : 1.0000

Epoch : 19
Train Loss     : 0.0012	 | 	Train Accuracy     : 1.0000
Valid Loss     : 0.0052	 | 	Valid Accuracy     : 1.0000

Epoch : 20
Train Loss     : 0.0008	 | 	Train Accuracy     : 1.0000
Valid Loss     : 0.0038	 | 	Valid Accuracy     : 1.0000

Epoch : 21
Train Loss     : 0.0009	 | 	Train Accuracy     : 1.0000
Valid Loss     : 0.0045	 | 	Valid Accuracy     : 1.0000

Epoch : 22
Train Loss     : 0.0002	 | 	Train Accuracy     : 1.0000
Valid Loss     : 0.0047	 | 	Valid Accuracy     : 1.0000

Epoch : 23
Train Loss     : 0.0002	 | 	Train Accuracy     : 1.0000
Valid Loss     : 0.0038	 | 	Valid Accuracy     : 1.0000

Epoch : 24
Train Loss     : 0.0006	 | 	Train Accuracy     : 1.0000
Valid Loss     : 0.0039	 | 	Valid Accuracy     : 1.0000

Epoch : 25
Train Loss     : 0.0003	 | 	Train Accuracy     : 1.0000
Valid Loss     : 0.0037	 | 	Valid Accuracy     : 1.0000

Epoch : 26
Train Loss     : 0.0005	 | 	Train Accuracy     : 1.0000
Valid Loss     : 0.0032	 | 	Valid Accuracy     : 1.0000

Epoch : 27
Train Loss     : 0.0003	 | 	Train Accuracy     : 1.0000
Valid Loss     : 0.0033	 | 	Valid Accuracy     : 1.0000

Epoch : 28
Train Loss     : 0.0002	 | 	Train Accuracy     : 1.0000
Valid Loss     : 0.0031	 | 	Valid Accuracy     : 1.0000

Epoch : 29
Train Loss     : 0.0003	 | 	Train Accuracy     : 1.0000
Valid Loss     : 0.0029	 | 	Valid Accuracy     : 1.0000

Epoch : 30
Train Loss     : 0.0006	 | 	Train Accuracy     : 1.0000
Valid Loss     : 0.0029	 | 	Valid Accuracy     : 1.0000

Evaluate on the Test set:
Test loss      :0.0399	 | Test Accuracy      : 1.0000

################## Training is Done! #########################
Training time is : 0:00:22.545685
