=============================================
Dataset: Epilepsy
Method:  °³¹ßÁß...
Mode:    supervised
=============================================
Data loaded ...
Training started ....

Epoch : 1
Train Loss     : 0.4762	 | 	Train Accuracy     : 0.8500
Valid Loss     : 0.6303	 | 	Valid Accuracy     : 0.8750

Epoch : 2
Train Loss     : 0.3872	 | 	Train Accuracy     : 0.8500
Valid Loss     : 0.5722	 | 	Valid Accuracy     : 0.8750

Epoch : 3
Train Loss     : 0.3397	 | 	Train Accuracy     : 0.8500
Valid Loss     : 0.4290	 | 	Valid Accuracy     : 0.8750

Epoch : 4
Train Loss     : 0.3374	 | 	Train Accuracy     : 0.9000
Valid Loss     : 0.3469	 | 	Valid Accuracy     : 0.8750

Epoch : 5
Train Loss     : 0.3116	 | 	Train Accuracy     : 0.9000
Valid Loss     : 0.3132	 | 	Valid Accuracy     : 0.8750

Epoch : 6
Train Loss     : 0.3043	 | 	Train Accuracy     : 0.9000
Valid Loss     : 0.3040	 | 	Valid Accuracy     : 0.8750

Epoch : 7
Train Loss     : 0.2953	 | 	Train Accuracy     : 0.9000
Valid Loss     : 0.2993	 | 	Valid Accuracy     : 0.8750

Epoch : 8
Train Loss     : 0.2739	 | 	Train Accuracy     : 0.9000
Valid Loss     : 0.2982	 | 	Valid Accuracy     : 0.8750

Epoch : 9
Train Loss     : 0.2746	 | 	Train Accuracy     : 0.9000
Valid Loss     : 0.2913	 | 	Valid Accuracy     : 0.8750

Epoch : 10
Train Loss     : 0.2536	 | 	Train Accuracy     : 0.9000
Valid Loss     : 0.2878	 | 	Valid Accuracy     : 0.8750

Epoch : 11
Train Loss     : 0.2648	 | 	Train Accuracy     : 0.9000
Valid Loss     : 0.2856	 | 	Valid Accuracy     : 0.8750

Epoch : 12
Train Loss     : 0.2529	 | 	Train Accuracy     : 0.9000
Valid Loss     : 0.2771	 | 	Valid Accuracy     : 0.8750

Epoch : 13
Train Loss     : 0.2504	 | 	Train Accuracy     : 0.9000
Valid Loss     : 0.2812	 | 	Valid Accuracy     : 0.8750

Epoch : 14
Train Loss     : 0.2213	 | 	Train Accuracy     : 0.9000
Valid Loss     : 0.2649	 | 	Valid Accuracy     : 0.8750

Epoch : 15
Train Loss     : 0.2303	 | 	Train Accuracy     : 0.9000
Valid Loss     : 0.2726	 | 	Valid Accuracy     : 0.8750

Epoch : 16
Train Loss     : 0.2394	 | 	Train Accuracy     : 0.9000
Valid Loss     : 0.2675	 | 	Valid Accuracy     : 0.8750

Epoch : 17
Train Loss     : 0.2264	 | 	Train Accuracy     : 0.9000
Valid Loss     : 0.2658	 | 	Valid Accuracy     : 0.8750

Epoch : 18
Train Loss     : 0.1939	 | 	Train Accuracy     : 0.9000
Valid Loss     : 0.2516	 | 	Valid Accuracy     : 0.8750

Epoch : 19
Train Loss     : 0.1884	 | 	Train Accuracy     : 0.9500
Valid Loss     : 0.2465	 | 	Valid Accuracy     : 0.8750

Epoch : 20
Train Loss     : 0.1697	 | 	Train Accuracy     : 0.9500
Valid Loss     : 0.2379	 | 	Valid Accuracy     : 0.8750

Epoch : 21
Train Loss     : 0.1771	 | 	Train Accuracy     : 0.9500
Valid Loss     : 0.2392	 | 	Valid Accuracy     : 0.8750

Epoch : 22
Train Loss     : 0.1707	 | 	Train Accuracy     : 0.9250
Valid Loss     : 0.2425	 | 	Valid Accuracy     : 0.8750

Epoch : 23
Train Loss     : 0.1576	 | 	Train Accuracy     : 0.9500
Valid Loss     : 0.2320	 | 	Valid Accuracy     : 0.8750

Epoch : 24
Train Loss     : 0.1446	 | 	Train Accuracy     : 0.9500
Valid Loss     : 0.2299	 | 	Valid Accuracy     : 0.8750

Epoch : 25
Train Loss     : 0.1220	 | 	Train Accuracy     : 0.9500
Valid Loss     : 0.2185	 | 	Valid Accuracy     : 0.9000

Epoch : 26
Train Loss     : 0.1143	 | 	Train Accuracy     : 0.9500
Valid Loss     : 0.2343	 | 	Valid Accuracy     : 0.8750

Epoch : 27
Train Loss     : 0.1137	 | 	Train Accuracy     : 0.9500
Valid Loss     : 0.2179	 | 	Valid Accuracy     : 0.9000

Epoch : 28
Train Loss     : 0.1089	 | 	Train Accuracy     : 0.9750
Valid Loss     : 0.2237	 | 	Valid Accuracy     : 0.9000

Epoch : 29
Train Loss     : 0.0940	 | 	Train Accuracy     : 0.9750
Valid Loss     : 0.2228	 | 	Valid Accuracy     : 0.9000

Epoch : 30
Train Loss     : 0.0798	 | 	Train Accuracy     : 1.0000
Valid Loss     : 0.2194	 | 	Valid Accuracy     : 0.9000

Epoch : 31
Train Loss     : 0.0807	 | 	Train Accuracy     : 0.9750
Valid Loss     : 0.2156	 | 	Valid Accuracy     : 0.9000

Epoch : 32
Train Loss     : 0.0674	 | 	Train Accuracy     : 1.0000
Valid Loss     : 0.2231	 | 	Valid Accuracy     : 0.9000

Epoch : 33
Train Loss     : 0.0695	 | 	Train Accuracy     : 1.0000
Valid Loss     : 0.2148	 | 	Valid Accuracy     : 0.9000

Epoch : 34
Train Loss     : 0.0625	 | 	Train Accuracy     : 1.0000
Valid Loss     : 0.2180	 | 	Valid Accuracy     : 0.8750

Epoch : 35
Train Loss     : 0.0572	 | 	Train Accuracy     : 1.0000
Valid Loss     : 0.2150	 | 	Valid Accuracy     : 0.8750

Epoch : 36
Train Loss     : 0.0575	 | 	Train Accuracy     : 1.0000
Valid Loss     : 0.2181	 | 	Valid Accuracy     : 0.9000

Epoch : 37
Train Loss     : 0.0577	 | 	Train Accuracy     : 1.0000
Valid Loss     : 0.2250	 | 	Valid Accuracy     : 0.8750

Epoch : 38
Train Loss     : 0.0644	 | 	Train Accuracy     : 1.0000
Valid Loss     : 0.2155	 | 	Valid Accuracy     : 0.9000

Epoch : 39
Train Loss     : 0.0571	 | 	Train Accuracy     : 1.0000
Valid Loss     : 0.2186	 | 	Valid Accuracy     : 0.9000

Epoch : 40
Train Loss     : 0.0596	 | 	Train Accuracy     : 0.9750
Valid Loss     : 0.2362	 | 	Valid Accuracy     : 0.9000

Epoch : 41
Train Loss     : 0.0576	 | 	Train Accuracy     : 1.0000
Valid Loss     : 0.2259	 | 	Valid Accuracy     : 0.9000

Epoch : 42
Train Loss     : 0.0506	 | 	Train Accuracy     : 1.0000
Valid Loss     : 0.2295	 | 	Valid Accuracy     : 0.8750

Epoch : 43
Train Loss     : 0.0475	 | 	Train Accuracy     : 1.0000
Valid Loss     : 0.2201	 | 	Valid Accuracy     : 0.9000

Epoch : 44
Train Loss     : 0.0380	 | 	Train Accuracy     : 1.0000
Valid Loss     : 0.2255	 | 	Valid Accuracy     : 0.9000

Epoch : 45
Train Loss     : 0.0311	 | 	Train Accuracy     : 1.0000
Valid Loss     : 0.2256	 | 	Valid Accuracy     : 0.9000

Epoch : 46
Train Loss     : 0.0365	 | 	Train Accuracy     : 1.0000
Valid Loss     : 0.2249	 | 	Valid Accuracy     : 0.9000

Epoch : 47
Train Loss     : 0.0335	 | 	Train Accuracy     : 1.0000
Valid Loss     : 0.2248	 | 	Valid Accuracy     : 0.9000

Epoch : 48
Train Loss     : 0.0314	 | 	Train Accuracy     : 1.0000
Valid Loss     : 0.2253	 | 	Valid Accuracy     : 0.9000

Epoch : 49
Train Loss     : 0.0303	 | 	Train Accuracy     : 1.0000
Valid Loss     : 0.2265	 | 	Valid Accuracy     : 0.9000

Epoch : 50
Train Loss     : 0.0333	 | 	Train Accuracy     : 1.0000
Valid Loss     : 0.2272	 | 	Valid Accuracy     : 0.9000

Evaluate on the Test set:
Test loss      :0.1444	 | Test Accuracy      : 0.9000

################## Training is Done! #########################
Training time is : 0:00:16.807816
