=============================================
Dataset: Epilepsy
Method:  °³¹ßÁß...
Mode:    supervised
=============================================
Data loaded ...
Training started ....

Epoch : 1
Train Loss     : 0.5558	 | 	Train Accuracy     : 0.6406
Valid Loss     : 0.8654	 | 	Valid Accuracy     : 0.1875

Epoch : 2
Train Loss     : 0.2381	 | 	Train Accuracy     : 0.9023
Valid Loss     : 0.8568	 | 	Valid Accuracy     : 0.1875

Epoch : 3
Train Loss     : 0.1391	 | 	Train Accuracy     : 0.9414
Valid Loss     : 0.5291	 | 	Valid Accuracy     : 0.9062

Epoch : 4
Train Loss     : 0.0979	 | 	Train Accuracy     : 0.9570
Valid Loss     : 0.2114	 | 	Valid Accuracy     : 0.9375

Epoch : 5
Train Loss     : 0.0674	 | 	Train Accuracy     : 0.9805
Valid Loss     : 0.1593	 | 	Valid Accuracy     : 0.9531

Epoch : 6
Train Loss     : 0.0366	 | 	Train Accuracy     : 0.9961
Valid Loss     : 0.1750	 | 	Valid Accuracy     : 0.9531

Epoch : 7
Train Loss     : 0.0224	 | 	Train Accuracy     : 1.0000
Valid Loss     : 0.1489	 | 	Valid Accuracy     : 0.9531

Epoch : 8
Train Loss     : 0.0170	 | 	Train Accuracy     : 0.9961
Valid Loss     : 0.1982	 | 	Valid Accuracy     : 0.9531

Epoch : 9
Train Loss     : 0.0102	 | 	Train Accuracy     : 1.0000
Valid Loss     : 0.3118	 | 	Valid Accuracy     : 0.9531

Epoch : 10
Train Loss     : 0.0080	 | 	Train Accuracy     : 1.0000
Valid Loss     : 0.2914	 | 	Valid Accuracy     : 0.9531

Epoch : 11
Train Loss     : 0.0035	 | 	Train Accuracy     : 1.0000
Valid Loss     : 0.2181	 | 	Valid Accuracy     : 0.9531

Epoch : 12
Train Loss     : 0.0024	 | 	Train Accuracy     : 1.0000
Valid Loss     : 0.1702	 | 	Valid Accuracy     : 0.9531

Epoch : 13
Train Loss     : 0.0022	 | 	Train Accuracy     : 1.0000
Valid Loss     : 0.1695	 | 	Valid Accuracy     : 0.9531

Epoch : 14
Train Loss     : 0.0016	 | 	Train Accuracy     : 1.0000
Valid Loss     : 0.1942	 | 	Valid Accuracy     : 0.9531

Epoch : 15
Train Loss     : 0.0011	 | 	Train Accuracy     : 1.0000
Valid Loss     : 0.2172	 | 	Valid Accuracy     : 0.9531

Epoch : 16
Train Loss     : 0.0007	 | 	Train Accuracy     : 1.0000
Valid Loss     : 0.2378	 | 	Valid Accuracy     : 0.9531

Epoch : 17
Train Loss     : 0.0006	 | 	Train Accuracy     : 1.0000
Valid Loss     : 0.2501	 | 	Valid Accuracy     : 0.9531

Epoch : 18
Train Loss     : 0.0006	 | 	Train Accuracy     : 1.0000
Valid Loss     : 0.2492	 | 	Valid Accuracy     : 0.9531

Epoch : 19
Train Loss     : 0.0006	 | 	Train Accuracy     : 1.0000
Valid Loss     : 0.2425	 | 	Valid Accuracy     : 0.9531

Epoch : 20
Train Loss     : 0.0006	 | 	Train Accuracy     : 1.0000
Valid Loss     : 0.2369	 | 	Valid Accuracy     : 0.9531
