=============================================
Dataset: sleepEDF
Method:  TS-TCC
Mode:    supervised
=============================================
Data loaded ...
Training started ....

Epoch : 1
Train Loss     : 1.7064	 | 	Train Accuracy     : 0.0892
Valid Loss     : 1.6878	 | 	Valid Accuracy     : 0.0913

Epoch : 2
Train Loss     : 1.6606	 | 	Train Accuracy     : 0.1019
Valid Loss     : 1.6425	 | 	Valid Accuracy     : 0.0988

Epoch : 3
Train Loss     : 1.6211	 | 	Train Accuracy     : 0.1523
Valid Loss     : 1.6036	 | 	Valid Accuracy     : 0.2412

Epoch : 4
Train Loss     : 1.5868	 | 	Train Accuracy     : 0.3296
Valid Loss     : 1.5691	 | 	Valid Accuracy     : 0.3979

Epoch : 5
Train Loss     : 1.5579	 | 	Train Accuracy     : 0.4069
Valid Loss     : 1.5395	 | 	Valid Accuracy     : 0.4346

Epoch : 6
Train Loss     : 1.5339	 | 	Train Accuracy     : 0.4156
Valid Loss     : 1.5148	 | 	Valid Accuracy     : 0.4392

Epoch : 7
Train Loss     : 1.5139	 | 	Train Accuracy     : 0.4165
Valid Loss     : 1.4940	 | 	Valid Accuracy     : 0.4392

Epoch : 8
Train Loss     : 1.4974	 | 	Train Accuracy     : 0.4165
Valid Loss     : 1.4777	 | 	Valid Accuracy     : 0.4392

Epoch : 9
Train Loss     : 1.4849	 | 	Train Accuracy     : 0.4165
Valid Loss     : 1.4653	 | 	Valid Accuracy     : 0.4392

Epoch : 10
Train Loss     : 1.4754	 | 	Train Accuracy     : 0.4165
Valid Loss     : 1.4557	 | 	Valid Accuracy     : 0.4392

Epoch : 11
Train Loss     : 1.4682	 | 	Train Accuracy     : 0.4165
Valid Loss     : 1.4486	 | 	Valid Accuracy     : 0.4392

Epoch : 12
Train Loss     : 1.4630	 | 	Train Accuracy     : 0.4165
Valid Loss     : 1.4434	 | 	Valid Accuracy     : 0.4392

Epoch : 13
Train Loss     : 1.4590	 | 	Train Accuracy     : 0.4165
Valid Loss     : 1.4396	 | 	Valid Accuracy     : 0.4392

Epoch : 14
Train Loss     : 1.4566	 | 	Train Accuracy     : 0.4165
Valid Loss     : 1.4371	 | 	Valid Accuracy     : 0.4392

Epoch : 15
Train Loss     : 1.4547	 | 	Train Accuracy     : 0.4165
Valid Loss     : 1.4353	 | 	Valid Accuracy     : 0.4392

Epoch : 16
Train Loss     : 1.4534	 | 	Train Accuracy     : 0.4165
Valid Loss     : 1.4339	 | 	Valid Accuracy     : 0.4392

Epoch : 17
Train Loss     : 1.4518	 | 	Train Accuracy     : 0.4165
Valid Loss     : 1.4330	 | 	Valid Accuracy     : 0.4392

Epoch : 18
Train Loss     : 1.4511	 | 	Train Accuracy     : 0.4165
Valid Loss     : 1.4323	 | 	Valid Accuracy     : 0.4392

Epoch : 19
Train Loss     : 1.4508	 | 	Train Accuracy     : 0.4165
Valid Loss     : 1.4320	 | 	Valid Accuracy     : 0.4392

Epoch : 20
Train Loss     : 1.4503	 | 	Train Accuracy     : 0.4165
Valid Loss     : 1.4316	 | 	Valid Accuracy     : 0.4392

Epoch : 21
Train Loss     : 1.4498	 | 	Train Accuracy     : 0.4165
Valid Loss     : 1.4315	 | 	Valid Accuracy     : 0.4392
