=============================================
Dataset: EMG
Method:  °³¹ßÁß...
Mode:    supervised
=============================================
Data loaded ...
Training started ....

Epoch : 1
Train Loss     : 0.8795	 | 	Train Accuracy     : 0.6475
Valid Loss     : 0.6131	 | 	Valid Accuracy     : 0.8000

Epoch : 2
Train Loss     : 0.4886	 | 	Train Accuracy     : 0.8361
Valid Loss     : 0.2711	 | 	Valid Accuracy     : 0.9000

Epoch : 3
Train Loss     : 0.4265	 | 	Train Accuracy     : 0.8443
Valid Loss     : 0.1125	 | 	Valid Accuracy     : 0.9500

Epoch : 4
Train Loss     : 0.1810	 | 	Train Accuracy     : 0.9590
Valid Loss     : 0.0543	 | 	Valid Accuracy     : 1.0000

Epoch : 5
Train Loss     : 0.1778	 | 	Train Accuracy     : 0.9754
Valid Loss     : 0.1581	 | 	Valid Accuracy     : 0.9500

Epoch : 6
Train Loss     : 0.1526	 | 	Train Accuracy     : 0.9590
Valid Loss     : 0.4263	 | 	Valid Accuracy     : 0.9000

Epoch : 7
Train Loss     : 0.1834	 | 	Train Accuracy     : 0.9672
Valid Loss     : 0.1871	 | 	Valid Accuracy     : 0.9250

Epoch : 8
Train Loss     : 0.1197	 | 	Train Accuracy     : 0.9836
Valid Loss     : 0.0074	 | 	Valid Accuracy     : 1.0000

Epoch : 9
Train Loss     : 0.0870	 | 	Train Accuracy     : 0.9918
Valid Loss     : 0.2069	 | 	Valid Accuracy     : 0.9250

Epoch : 10
Train Loss     : 0.1266	 | 	Train Accuracy     : 0.9590
Valid Loss     : 0.1421	 | 	Valid Accuracy     : 0.9500

Epoch : 11
Train Loss     : 0.1499	 | 	Train Accuracy     : 0.9508
Valid Loss     : 0.0744	 | 	Valid Accuracy     : 1.0000

Epoch : 12
Train Loss     : 0.0851	 | 	Train Accuracy     : 0.9754
Valid Loss     : 0.0237	 | 	Valid Accuracy     : 1.0000

Epoch : 13
Train Loss     : 0.0142	 | 	Train Accuracy     : 1.0000
Valid Loss     : 0.0128	 | 	Valid Accuracy     : 1.0000

Epoch : 14
Train Loss     : 0.0107	 | 	Train Accuracy     : 1.0000
Valid Loss     : 0.0106	 | 	Valid Accuracy     : 1.0000

Epoch : 15
Train Loss     : 0.1311	 | 	Train Accuracy     : 0.9836
Valid Loss     : 0.1010	 | 	Valid Accuracy     : 0.9500

Epoch : 16
Train Loss     : 0.0231	 | 	Train Accuracy     : 0.9918
Valid Loss     : 0.0166	 | 	Valid Accuracy     : 1.0000

Epoch : 17
Train Loss     : 0.0448	 | 	Train Accuracy     : 0.9918
Valid Loss     : 0.0169	 | 	Valid Accuracy     : 1.0000

Epoch : 18
Train Loss     : 0.0288	 | 	Train Accuracy     : 0.9918
Valid Loss     : 0.0110	 | 	Valid Accuracy     : 1.0000

Epoch : 19
Train Loss     : 0.0502	 | 	Train Accuracy     : 0.9918
Valid Loss     : 0.2336	 | 	Valid Accuracy     : 0.9250

Epoch : 20
Train Loss     : 0.0484	 | 	Train Accuracy     : 0.9918
Valid Loss     : 0.0184	 | 	Valid Accuracy     : 1.0000

Epoch : 21
Train Loss     : 0.0548	 | 	Train Accuracy     : 0.9836
Valid Loss     : 0.0274	 | 	Valid Accuracy     : 1.0000

Epoch : 22
Train Loss     : 0.0289	 | 	Train Accuracy     : 0.9918
Valid Loss     : 0.0301	 | 	Valid Accuracy     : 0.9750

Epoch : 23
Train Loss     : 0.0130	 | 	Train Accuracy     : 1.0000
Valid Loss     : 0.0183	 | 	Valid Accuracy     : 1.0000

Epoch : 24
Train Loss     : 0.0364	 | 	Train Accuracy     : 0.9836
Valid Loss     : 0.0161	 | 	Valid Accuracy     : 1.0000

Epoch : 25
Train Loss     : 0.0105	 | 	Train Accuracy     : 1.0000
Valid Loss     : 0.0189	 | 	Valid Accuracy     : 1.0000

Epoch : 26
Train Loss     : 0.0199	 | 	Train Accuracy     : 1.0000
Valid Loss     : 0.0154	 | 	Valid Accuracy     : 1.0000

Epoch : 27
Train Loss     : 0.0185	 | 	Train Accuracy     : 1.0000
Valid Loss     : 0.0074	 | 	Valid Accuracy     : 1.0000

Epoch : 28
Train Loss     : 0.0180	 | 	Train Accuracy     : 1.0000
Valid Loss     : 0.0106	 | 	Valid Accuracy     : 1.0000

Epoch : 29
Train Loss     : 0.0077	 | 	Train Accuracy     : 1.0000
Valid Loss     : 0.0057	 | 	Valid Accuracy     : 1.0000

Epoch : 30
Train Loss     : 0.0253	 | 	Train Accuracy     : 0.9918
Valid Loss     : 0.0066	 | 	Valid Accuracy     : 1.0000

Evaluate on the Test set:
Test loss      :0.0908	 | Test Accuracy      : 0.9524

################## Training is Done! #########################
Training time is : 0:02:02.044455
