=============================================
Dataset: sleepEDF
Method:  °³¹ßÁß...
Mode:    supervised
=============================================
Data loaded ...
Training started ....

Epoch : 1
Train Loss     : 0.7578	 | 	Train Accuracy     : 0.7445
Valid Loss     : 0.7155	 | 	Valid Accuracy     : 0.7425

Epoch : 2
Train Loss     : 0.5401	 | 	Train Accuracy     : 0.8140
Valid Loss     : 0.5758	 | 	Valid Accuracy     : 0.7944

Epoch : 3
Train Loss     : 0.4717	 | 	Train Accuracy     : 0.8299
Valid Loss     : 0.5162	 | 	Valid Accuracy     : 0.8155

Epoch : 4
Train Loss     : 0.4113	 | 	Train Accuracy     : 0.8522
Valid Loss     : 0.5394	 | 	Valid Accuracy     : 0.8089

Epoch : 5
Train Loss     : 0.3464	 | 	Train Accuracy     : 0.8782
Valid Loss     : 0.5699	 | 	Valid Accuracy     : 0.7991

Epoch : 6
Train Loss     : 0.2748	 | 	Train Accuracy     : 0.9040
Valid Loss     : 0.7617	 | 	Valid Accuracy     : 0.7470

Epoch : 7
Train Loss     : 0.2151	 | 	Train Accuracy     : 0.9279
Valid Loss     : 0.6947	 | 	Valid Accuracy     : 0.7828

Epoch : 8
Train Loss     : 0.1585	 | 	Train Accuracy     : 0.9475
Valid Loss     : 0.6666	 | 	Valid Accuracy     : 0.8024
