=============================================
Dataset: EMG
Method:  °³¹ßÁß...
Mode:    supervised
=============================================
Data loaded ...
Training started ....

Epoch : 1
Train Loss     : 2.3570	 | 	Train Accuracy     : 0.5000
Valid Loss     : 4358.3916	 | 	Valid Accuracy     : 0.3250

Epoch : 2
Train Loss     : 0.6635	 | 	Train Accuracy     : 0.8583
Valid Loss     : 981.2020	 | 	Valid Accuracy     : 0.1000

Epoch : 3
Train Loss     : 0.1232	 | 	Train Accuracy     : 0.9583
Valid Loss     : 648.4327	 | 	Valid Accuracy     : 0.3500

Epoch : 4
Train Loss     : 0.1133	 | 	Train Accuracy     : 0.9667
Valid Loss     : 139.4834	 | 	Valid Accuracy     : 0.1000

Epoch : 5
Train Loss     : 0.0527	 | 	Train Accuracy     : 0.9917
Valid Loss     : 133.9105	 | 	Valid Accuracy     : 0.1000

Epoch : 6
Train Loss     : 0.1118	 | 	Train Accuracy     : 0.9667
Valid Loss     : 67.1482	 | 	Valid Accuracy     : 0.1000

Epoch : 7
Train Loss     : 0.0617	 | 	Train Accuracy     : 0.9833
Valid Loss     : 16.1410	 | 	Valid Accuracy     : 0.1000

Epoch : 8
Train Loss     : 0.0477	 | 	Train Accuracy     : 0.9833
Valid Loss     : 4.5183	 | 	Valid Accuracy     : 0.5500

Epoch : 9
Train Loss     : 0.0390	 | 	Train Accuracy     : 0.9917
Valid Loss     : 2.0387	 | 	Valid Accuracy     : 0.6000

Epoch : 10
Train Loss     : 0.0255	 | 	Train Accuracy     : 1.0000
Valid Loss     : 1.2270	 | 	Valid Accuracy     : 0.6250

Epoch : 11
Train Loss     : 0.0159	 | 	Train Accuracy     : 0.9917
Valid Loss     : 0.7106	 | 	Valid Accuracy     : 0.6750

Epoch : 12
Train Loss     : 0.0126	 | 	Train Accuracy     : 0.9917
Valid Loss     : 0.1896	 | 	Valid Accuracy     : 0.9500

Epoch : 13
Train Loss     : 0.0107	 | 	Train Accuracy     : 1.0000
Valid Loss     : 0.0546	 | 	Valid Accuracy     : 0.9750

Epoch : 14
Train Loss     : 0.0125	 | 	Train Accuracy     : 1.0000
Valid Loss     : 0.0265	 | 	Valid Accuracy     : 1.0000

Epoch : 15
Train Loss     : 0.0123	 | 	Train Accuracy     : 0.9917
Valid Loss     : 0.0115	 | 	Valid Accuracy     : 1.0000

Epoch : 16
Train Loss     : 0.0026	 | 	Train Accuracy     : 1.0000
Valid Loss     : 0.0088	 | 	Valid Accuracy     : 1.0000

Epoch : 17
Train Loss     : 0.0015	 | 	Train Accuracy     : 1.0000
Valid Loss     : 0.0248	 | 	Valid Accuracy     : 0.9750

Epoch : 18
Train Loss     : 0.0018	 | 	Train Accuracy     : 1.0000
Valid Loss     : 0.0451	 | 	Valid Accuracy     : 0.9750

Epoch : 19
Train Loss     : 0.0040	 | 	Train Accuracy     : 1.0000
Valid Loss     : 0.0830	 | 	Valid Accuracy     : 0.9750

Epoch : 20
Train Loss     : 0.0016	 | 	Train Accuracy     : 1.0000
Valid Loss     : 0.0900	 | 	Valid Accuracy     : 0.9750

Epoch : 21
Train Loss     : 0.0011	 | 	Train Accuracy     : 1.0000
Valid Loss     : 0.1069	 | 	Valid Accuracy     : 0.9750

Epoch : 22
Train Loss     : 0.0012	 | 	Train Accuracy     : 1.0000
Valid Loss     : 0.1414	 | 	Valid Accuracy     : 0.9750

Epoch : 23
Train Loss     : 0.0016	 | 	Train Accuracy     : 1.0000
Valid Loss     : 0.1190	 | 	Valid Accuracy     : 0.9750

Epoch : 24
Train Loss     : 0.0008	 | 	Train Accuracy     : 1.0000
Valid Loss     : 0.1069	 | 	Valid Accuracy     : 0.9750

Epoch : 25
Train Loss     : 0.0013	 | 	Train Accuracy     : 1.0000
Valid Loss     : 0.1201	 | 	Valid Accuracy     : 0.9750

Epoch : 26
Train Loss     : 0.0012	 | 	Train Accuracy     : 1.0000
Valid Loss     : 0.1283	 | 	Valid Accuracy     : 0.9750

Epoch : 27
Train Loss     : 0.0165	 | 	Train Accuracy     : 0.9917
Valid Loss     : 0.0930	 | 	Valid Accuracy     : 0.9750

Epoch : 28
Train Loss     : 0.0012	 | 	Train Accuracy     : 1.0000
Valid Loss     : 0.1495	 | 	Valid Accuracy     : 0.9750

Epoch : 29
Train Loss     : 0.0031	 | 	Train Accuracy     : 1.0000
Valid Loss     : 0.1867	 | 	Valid Accuracy     : 0.9750

Epoch : 30
Train Loss     : 0.0013	 | 	Train Accuracy     : 1.0000
Valid Loss     : 0.2200	 | 	Valid Accuracy     : 0.9750

Evaluate on the Test set:
Test loss      :0.2095	 | Test Accuracy      : 0.9875

################## Training is Done! #########################
Training time is : 0:00:40.793318
