=============================================
Dataset: sleepEDF
Method:  TS-TCC
Mode:    supervised
=============================================
Data loaded ...
Training started ....

Epoch : 1
Train Loss     : 1.7552	 | 	Train Accuracy     : 0.0838
Valid Loss     : 1.7321	 | 	Valid Accuracy     : 0.0922

Epoch : 2
Train Loss     : 1.7375	 | 	Train Accuracy     : 0.0953
Valid Loss     : 1.7274	 | 	Valid Accuracy     : 0.0997

Epoch : 3
Train Loss     : 1.7186	 | 	Train Accuracy     : 0.1094
Valid Loss     : 1.7121	 | 	Valid Accuracy     : 0.1184

Epoch : 4
Train Loss     : 1.7023	 | 	Train Accuracy     : 0.1256
Valid Loss     : 1.6988	 | 	Valid Accuracy     : 0.1394

Epoch : 5
Train Loss     : 1.6869	 | 	Train Accuracy     : 0.1481
Valid Loss     : 1.6805	 | 	Valid Accuracy     : 0.1597

Epoch : 6
Train Loss     : 1.6711	 | 	Train Accuracy     : 0.1700
Valid Loss     : 1.6642	 | 	Valid Accuracy     : 0.1853

Epoch : 7
Train Loss     : 1.6569	 | 	Train Accuracy     : 0.1931
Valid Loss     : 1.6517	 | 	Valid Accuracy     : 0.2031

Epoch : 8
Train Loss     : 1.6433	 | 	Train Accuracy     : 0.2138
Valid Loss     : 1.6386	 | 	Valid Accuracy     : 0.2275

Epoch : 9
Train Loss     : 1.6306	 | 	Train Accuracy     : 0.2381
Valid Loss     : 1.6265	 | 	Valid Accuracy     : 0.2519

Epoch : 10
Train Loss     : 1.6200	 | 	Train Accuracy     : 0.2556
Valid Loss     : 1.6131	 | 	Valid Accuracy     : 0.2778

Epoch : 11
Train Loss     : 1.6077	 | 	Train Accuracy     : 0.2800
Valid Loss     : 1.6002	 | 	Valid Accuracy     : 0.2962

Epoch : 12
Train Loss     : 1.5973	 | 	Train Accuracy     : 0.2991
Valid Loss     : 1.5928	 | 	Valid Accuracy     : 0.3050

Epoch : 13
Train Loss     : 1.5869	 | 	Train Accuracy     : 0.3100
Valid Loss     : 1.5836	 | 	Valid Accuracy     : 0.3109

Epoch : 14
Train Loss     : 1.5772	 | 	Train Accuracy     : 0.3234
Valid Loss     : 1.5704	 | 	Valid Accuracy     : 0.3369

Epoch : 15
Train Loss     : 1.5693	 | 	Train Accuracy     : 0.3300
Valid Loss     : 1.5630	 | 	Valid Accuracy     : 0.3441

Epoch : 16
Train Loss     : 1.5603	 | 	Train Accuracy     : 0.3428
Valid Loss     : 1.5556	 | 	Valid Accuracy     : 0.3487

Epoch : 17
Train Loss     : 1.5533	 | 	Train Accuracy     : 0.3528
Valid Loss     : 1.5467	 | 	Valid Accuracy     : 0.3578

Epoch : 18
Train Loss     : 1.5462	 | 	Train Accuracy     : 0.3587
Valid Loss     : 1.5410	 | 	Valid Accuracy     : 0.3628

Epoch : 19
Train Loss     : 1.5403	 | 	Train Accuracy     : 0.3622
Valid Loss     : 1.5344	 | 	Valid Accuracy     : 0.3697

Epoch : 20
Train Loss     : 1.5335	 | 	Train Accuracy     : 0.3675
Valid Loss     : 1.5284	 | 	Valid Accuracy     : 0.3769

Epoch : 21
Train Loss     : 1.5282	 | 	Train Accuracy     : 0.3719
Valid Loss     : 1.5228	 | 	Valid Accuracy     : 0.3803

Epoch : 22
Train Loss     : 1.5223	 | 	Train Accuracy     : 0.3762
Valid Loss     : 1.5180	 | 	Valid Accuracy     : 0.3841

Epoch : 23
Train Loss     : 1.5176	 | 	Train Accuracy     : 0.3825
Valid Loss     : 1.5132	 | 	Valid Accuracy     : 0.3878

Epoch : 24
Train Loss     : 1.5136	 | 	Train Accuracy     : 0.3881
Valid Loss     : 1.5096	 | 	Valid Accuracy     : 0.3878

Epoch : 25
Train Loss     : 1.5096	 | 	Train Accuracy     : 0.3928
Valid Loss     : 1.5052	 | 	Valid Accuracy     : 0.3919

Epoch : 26
Train Loss     : 1.5069	 | 	Train Accuracy     : 0.3934
Valid Loss     : 1.5021	 | 	Valid Accuracy     : 0.3972

Epoch : 27
Train Loss     : 1.5030	 | 	Train Accuracy     : 0.3981
Valid Loss     : 1.4984	 | 	Valid Accuracy     : 0.4006

Epoch : 28
Train Loss     : 1.4997	 | 	Train Accuracy     : 0.3981
Valid Loss     : 1.4957	 | 	Valid Accuracy     : 0.4038

Epoch : 29
Train Loss     : 1.4979	 | 	Train Accuracy     : 0.3984
Valid Loss     : 1.4931	 | 	Valid Accuracy     : 0.4044

Epoch : 30
Train Loss     : 1.4937	 | 	Train Accuracy     : 0.4019
Valid Loss     : 1.4909	 | 	Valid Accuracy     : 0.4056

Epoch : 31
Train Loss     : 1.4918	 | 	Train Accuracy     : 0.3994
Valid Loss     : 1.4882	 | 	Valid Accuracy     : 0.4091

Epoch : 32
Train Loss     : 1.4903	 | 	Train Accuracy     : 0.4031
Valid Loss     : 1.4866	 | 	Valid Accuracy     : 0.4100

Epoch : 33
Train Loss     : 1.4872	 | 	Train Accuracy     : 0.4034
Valid Loss     : 1.4845	 | 	Valid Accuracy     : 0.4119

Epoch : 34
Train Loss     : 1.4868	 | 	Train Accuracy     : 0.4047
Valid Loss     : 1.4829	 | 	Valid Accuracy     : 0.4116

Epoch : 35
Train Loss     : 1.4848	 | 	Train Accuracy     : 0.4038
Valid Loss     : 1.4814	 | 	Valid Accuracy     : 0.4122

Epoch : 36
Train Loss     : 1.4827	 | 	Train Accuracy     : 0.4047
Valid Loss     : 1.4802	 | 	Valid Accuracy     : 0.4141

Epoch : 37
Train Loss     : 1.4810	 | 	Train Accuracy     : 0.4050
Valid Loss     : 1.4785	 | 	Valid Accuracy     : 0.4128

Epoch : 38
Train Loss     : 1.4801	 | 	Train Accuracy     : 0.4072
Valid Loss     : 1.4776	 | 	Valid Accuracy     : 0.4134

Epoch : 39
Train Loss     : 1.4790	 | 	Train Accuracy     : 0.4078
Valid Loss     : 1.4765	 | 	Valid Accuracy     : 0.4134

Epoch : 40
Train Loss     : 1.4773	 | 	Train Accuracy     : 0.4069
Valid Loss     : 1.4755	 | 	Valid Accuracy     : 0.4141

Epoch : 41
Train Loss     : 1.4764	 | 	Train Accuracy     : 0.4084
Valid Loss     : 1.4746	 | 	Valid Accuracy     : 0.4150

Epoch : 42
Train Loss     : 1.4749	 | 	Train Accuracy     : 0.4066
Valid Loss     : 1.4738	 | 	Valid Accuracy     : 0.4150

Epoch : 43
Train Loss     : 1.4749	 | 	Train Accuracy     : 0.4106
Valid Loss     : 1.4732	 | 	Valid Accuracy     : 0.4147

Epoch : 44
Train Loss     : 1.4735	 | 	Train Accuracy     : 0.4087
Valid Loss     : 1.4724	 | 	Valid Accuracy     : 0.4150

Epoch : 45
Train Loss     : 1.4729	 | 	Train Accuracy     : 0.4069
Valid Loss     : 1.4717	 | 	Valid Accuracy     : 0.4153

Epoch : 46
Train Loss     : 1.4719	 | 	Train Accuracy     : 0.4097
Valid Loss     : 1.4713	 | 	Valid Accuracy     : 0.4156

Epoch : 47
Train Loss     : 1.4708	 | 	Train Accuracy     : 0.4091
Valid Loss     : 1.4707	 | 	Valid Accuracy     : 0.4166

Epoch : 48
Train Loss     : 1.4704	 | 	Train Accuracy     : 0.4097
Valid Loss     : 1.4702	 | 	Valid Accuracy     : 0.4166

Epoch : 49
Train Loss     : 1.4696	 | 	Train Accuracy     : 0.4097
Valid Loss     : 1.4698	 | 	Valid Accuracy     : 0.4172

Epoch : 50
Train Loss     : 1.4686	 | 	Train Accuracy     : 0.4103
Valid Loss     : 1.4692	 | 	Valid Accuracy     : 0.4178

Epoch : 51
Train Loss     : 1.4681	 | 	Train Accuracy     : 0.4119
Valid Loss     : 1.4686	 | 	Valid Accuracy     : 0.4175

Epoch : 52
Train Loss     : 1.4672	 | 	Train Accuracy     : 0.4097
Valid Loss     : 1.4685	 | 	Valid Accuracy     : 0.4175

Epoch : 53
Train Loss     : 1.4667	 | 	Train Accuracy     : 0.4091
Valid Loss     : 1.4681	 | 	Valid Accuracy     : 0.4175

Epoch : 54
Train Loss     : 1.4660	 | 	Train Accuracy     : 0.4100
Valid Loss     : 1.4678	 | 	Valid Accuracy     : 0.4181

Epoch : 55
Train Loss     : 1.4656	 | 	Train Accuracy     : 0.4100
Valid Loss     : 1.4677	 | 	Valid Accuracy     : 0.4175

Epoch : 56
Train Loss     : 1.4651	 | 	Train Accuracy     : 0.4109
Valid Loss     : 1.4672	 | 	Valid Accuracy     : 0.4178

Epoch : 57
Train Loss     : 1.4653	 | 	Train Accuracy     : 0.4103
Valid Loss     : 1.4670	 | 	Valid Accuracy     : 0.4172

Epoch : 58
Train Loss     : 1.4640	 | 	Train Accuracy     : 0.4103
Valid Loss     : 1.4667	 | 	Valid Accuracy     : 0.4178

Epoch : 59
Train Loss     : 1.4636	 | 	Train Accuracy     : 0.4116
Valid Loss     : 1.4666	 | 	Valid Accuracy     : 0.4178

Epoch : 60
Train Loss     : 1.4630	 | 	Train Accuracy     : 0.4106
Valid Loss     : 1.4663	 | 	Valid Accuracy     : 0.4178

Epoch : 61
Train Loss     : 1.4634	 | 	Train Accuracy     : 0.4112
Valid Loss     : 1.4661	 | 	Valid Accuracy     : 0.4178

Epoch : 62
Train Loss     : 1.4621	 | 	Train Accuracy     : 0.4106
Valid Loss     : 1.4657	 | 	Valid Accuracy     : 0.4178

Epoch : 63
Train Loss     : 1.4627	 | 	Train Accuracy     : 0.4103
Valid Loss     : 1.4657	 | 	Valid Accuracy     : 0.4178

Epoch : 64
Train Loss     : 1.4615	 | 	Train Accuracy     : 0.4116
Valid Loss     : 1.4656	 | 	Valid Accuracy     : 0.4178

Epoch : 65
Train Loss     : 1.4614	 | 	Train Accuracy     : 0.4109
Valid Loss     : 1.4653	 | 	Valid Accuracy     : 0.4178

Epoch : 66
Train Loss     : 1.4605	 | 	Train Accuracy     : 0.4109
Valid Loss     : 1.4650	 | 	Valid Accuracy     : 0.4178

Epoch : 67
Train Loss     : 1.4605	 | 	Train Accuracy     : 0.4109
Valid Loss     : 1.4651	 | 	Valid Accuracy     : 0.4178

Epoch : 68
Train Loss     : 1.4598	 | 	Train Accuracy     : 0.4119
Valid Loss     : 1.4648	 | 	Valid Accuracy     : 0.4178

Epoch : 69
Train Loss     : 1.4595	 | 	Train Accuracy     : 0.4116
Valid Loss     : 1.4649	 | 	Valid Accuracy     : 0.4178

Epoch : 70
Train Loss     : 1.4602	 | 	Train Accuracy     : 0.4109
Valid Loss     : 1.4647	 | 	Valid Accuracy     : 0.4178

Epoch : 71
Train Loss     : 1.4594	 | 	Train Accuracy     : 0.4106
Valid Loss     : 1.4645	 | 	Valid Accuracy     : 0.4178

Epoch : 72
Train Loss     : 1.4589	 | 	Train Accuracy     : 0.4128
Valid Loss     : 1.4644	 | 	Valid Accuracy     : 0.4178

Epoch : 73
Train Loss     : 1.4576	 | 	Train Accuracy     : 0.4112
Valid Loss     : 1.4643	 | 	Valid Accuracy     : 0.4181

Epoch : 74
Train Loss     : 1.4576	 | 	Train Accuracy     : 0.4137
Valid Loss     : 1.4643	 | 	Valid Accuracy     : 0.4178

Epoch : 75
Train Loss     : 1.4573	 | 	Train Accuracy     : 0.4119
Valid Loss     : 1.4639	 | 	Valid Accuracy     : 0.4181

Epoch : 76
Train Loss     : 1.4574	 | 	Train Accuracy     : 0.4116
Valid Loss     : 1.4641	 | 	Valid Accuracy     : 0.4184

Epoch : 77
Train Loss     : 1.4563	 | 	Train Accuracy     : 0.4119
Valid Loss     : 1.4641	 | 	Valid Accuracy     : 0.4178

Epoch : 78
Train Loss     : 1.4555	 | 	Train Accuracy     : 0.4125
Valid Loss     : 1.4635	 | 	Valid Accuracy     : 0.4197

Epoch : 79
Train Loss     : 1.4558	 | 	Train Accuracy     : 0.4119
Valid Loss     : 1.4637	 | 	Valid Accuracy     : 0.4184

Epoch : 80
Train Loss     : 1.4565	 | 	Train Accuracy     : 0.4134
Valid Loss     : 1.4637	 | 	Valid Accuracy     : 0.4187

Epoch : 81
Train Loss     : 1.4562	 | 	Train Accuracy     : 0.4119
Valid Loss     : 1.4636	 | 	Valid Accuracy     : 0.4191

Epoch : 82
Train Loss     : 1.4553	 | 	Train Accuracy     : 0.4131
Valid Loss     : 1.4635	 | 	Valid Accuracy     : 0.4191

Epoch : 83
Train Loss     : 1.4543	 | 	Train Accuracy     : 0.4119
Valid Loss     : 1.4634	 | 	Valid Accuracy     : 0.4194

Epoch : 84
Train Loss     : 1.4544	 | 	Train Accuracy     : 0.4122
Valid Loss     : 1.4631	 | 	Valid Accuracy     : 0.4197

Epoch : 85
Train Loss     : 1.4539	 | 	Train Accuracy     : 0.4131
Valid Loss     : 1.4634	 | 	Valid Accuracy     : 0.4191

Epoch : 86
Train Loss     : 1.4543	 | 	Train Accuracy     : 0.4119
Valid Loss     : 1.4630	 | 	Valid Accuracy     : 0.4197

Epoch : 87
Train Loss     : 1.4531	 | 	Train Accuracy     : 0.4134
Valid Loss     : 1.4631	 | 	Valid Accuracy     : 0.4197

Epoch : 88
Train Loss     : 1.4534	 | 	Train Accuracy     : 0.4134
Valid Loss     : 1.4629	 | 	Valid Accuracy     : 0.4200

Epoch : 89
Train Loss     : 1.4541	 | 	Train Accuracy     : 0.4134
Valid Loss     : 1.4629	 | 	Valid Accuracy     : 0.4197

Epoch : 90
Train Loss     : 1.4526	 | 	Train Accuracy     : 0.4128
Valid Loss     : 1.4631	 | 	Valid Accuracy     : 0.4197

Epoch : 91
Train Loss     : 1.4518	 | 	Train Accuracy     : 0.4122
Valid Loss     : 1.4628	 | 	Valid Accuracy     : 0.4197

Epoch : 92
Train Loss     : 1.4517	 | 	Train Accuracy     : 0.4116
Valid Loss     : 1.4625	 | 	Valid Accuracy     : 0.4203

Epoch : 93
Train Loss     : 1.4517	 | 	Train Accuracy     : 0.4125
Valid Loss     : 1.4630	 | 	Valid Accuracy     : 0.4200

Epoch : 94
Train Loss     : 1.4517	 | 	Train Accuracy     : 0.4134
Valid Loss     : 1.4626	 | 	Valid Accuracy     : 0.4203

Epoch : 95
Train Loss     : 1.4510	 | 	Train Accuracy     : 0.4141
Valid Loss     : 1.4626	 | 	Valid Accuracy     : 0.4203

Epoch : 96
Train Loss     : 1.4511	 | 	Train Accuracy     : 0.4131
Valid Loss     : 1.4625	 | 	Valid Accuracy     : 0.4203

Epoch : 97
Train Loss     : 1.4512	 | 	Train Accuracy     : 0.4119
Valid Loss     : 1.4626	 | 	Valid Accuracy     : 0.4206

Epoch : 98
Train Loss     : 1.4503	 | 	Train Accuracy     : 0.4137
Valid Loss     : 1.4624	 | 	Valid Accuracy     : 0.4203

Epoch : 99
Train Loss     : 1.4499	 | 	Train Accuracy     : 0.4131
Valid Loss     : 1.4622	 | 	Valid Accuracy     : 0.4203

Epoch : 100
Train Loss     : 1.4503	 | 	Train Accuracy     : 0.4137
Valid Loss     : 1.4622	 | 	Valid Accuracy     : 0.4200

Epoch : 101
Train Loss     : 1.4496	 | 	Train Accuracy     : 0.4125
Valid Loss     : 1.4623	 | 	Valid Accuracy     : 0.4209

Epoch : 102
Train Loss     : 1.4488	 | 	Train Accuracy     : 0.4137
Valid Loss     : 1.4622	 | 	Valid Accuracy     : 0.4200

Epoch : 103
Train Loss     : 1.4485	 | 	Train Accuracy     : 0.4134
Valid Loss     : 1.4621	 | 	Valid Accuracy     : 0.4209

Epoch : 104
Train Loss     : 1.4483	 | 	Train Accuracy     : 0.4131
Valid Loss     : 1.4623	 | 	Valid Accuracy     : 0.4206

Epoch : 105
Train Loss     : 1.4490	 | 	Train Accuracy     : 0.4144
Valid Loss     : 1.4622	 | 	Valid Accuracy     : 0.4209

Epoch : 106
Train Loss     : 1.4488	 | 	Train Accuracy     : 0.4134
Valid Loss     : 1.4621	 | 	Valid Accuracy     : 0.4200

Epoch : 107
Train Loss     : 1.4482	 | 	Train Accuracy     : 0.4131
Valid Loss     : 1.4622	 | 	Valid Accuracy     : 0.4209

Epoch : 108
Train Loss     : 1.4481	 | 	Train Accuracy     : 0.4141
Valid Loss     : 1.4621	 | 	Valid Accuracy     : 0.4200

Epoch : 109
Train Loss     : 1.4478	 | 	Train Accuracy     : 0.4137
Valid Loss     : 1.4620	 | 	Valid Accuracy     : 0.4206

Epoch : 110
Train Loss     : 1.4474	 | 	Train Accuracy     : 0.4131
Valid Loss     : 1.4619	 | 	Valid Accuracy     : 0.4203

Epoch : 111
Train Loss     : 1.4474	 | 	Train Accuracy     : 0.4134
Valid Loss     : 1.4618	 | 	Valid Accuracy     : 0.4203

Epoch : 112
Train Loss     : 1.4463	 | 	Train Accuracy     : 0.4147
Valid Loss     : 1.4619	 | 	Valid Accuracy     : 0.4209

Epoch : 113
Train Loss     : 1.4469	 | 	Train Accuracy     : 0.4137
Valid Loss     : 1.4620	 | 	Valid Accuracy     : 0.4206

Epoch : 114
Train Loss     : 1.4466	 | 	Train Accuracy     : 0.4137
Valid Loss     : 1.4619	 | 	Valid Accuracy     : 0.4206

Epoch : 115
Train Loss     : 1.4468	 | 	Train Accuracy     : 0.4137
Valid Loss     : 1.4620	 | 	Valid Accuracy     : 0.4203

Epoch : 116
Train Loss     : 1.4455	 | 	Train Accuracy     : 0.4144
Valid Loss     : 1.4617	 | 	Valid Accuracy     : 0.4203

Epoch : 117
Train Loss     : 1.4462	 | 	Train Accuracy     : 0.4141
Valid Loss     : 1.4615	 | 	Valid Accuracy     : 0.4200

Epoch : 118
Train Loss     : 1.4444	 | 	Train Accuracy     : 0.4134
Valid Loss     : 1.4618	 | 	Valid Accuracy     : 0.4209

Epoch : 119
Train Loss     : 1.4456	 | 	Train Accuracy     : 0.4137
Valid Loss     : 1.4617	 | 	Valid Accuracy     : 0.4209

Epoch : 120
Train Loss     : 1.4452	 | 	Train Accuracy     : 0.4134
Valid Loss     : 1.4617	 | 	Valid Accuracy     : 0.4209

Epoch : 121
Train Loss     : 1.4448	 | 	Train Accuracy     : 0.4147
Valid Loss     : 1.4616	 | 	Valid Accuracy     : 0.4206

Epoch : 122
Train Loss     : 1.4447	 | 	Train Accuracy     : 0.4137
Valid Loss     : 1.4618	 | 	Valid Accuracy     : 0.4209

Epoch : 123
Train Loss     : 1.4441	 | 	Train Accuracy     : 0.4147
Valid Loss     : 1.4619	 | 	Valid Accuracy     : 0.4209

Epoch : 124
Train Loss     : 1.4445	 | 	Train Accuracy     : 0.4147
Valid Loss     : 1.4617	 | 	Valid Accuracy     : 0.4209
