=============================================
Dataset: sleepEDF
Method:  TS-TCC
Mode:    supervised
=============================================
Data loaded ...
Training started ....

Epoch : 1
Train Loss     : 87.6528	 | 	Train Accuracy     : 0.2631
Valid Loss     : 20.8281	 | 	Valid Accuracy     : 0.1912

Epoch : 2
Train Loss     : 19.8323	 | 	Train Accuracy     : 0.2827
Valid Loss     : 1.9671	 | 	Valid Accuracy     : 0.3962

Epoch : 3
Train Loss     : 19.1311	 | 	Train Accuracy     : 0.3072
Valid Loss     : 1.6214	 | 	Valid Accuracy     : 0.4046

Epoch : 4
Train Loss     : 25.3810	 | 	Train Accuracy     : 0.3038
Valid Loss     : 1.4803	 | 	Valid Accuracy     : 0.4003

Epoch : 5
Train Loss     : 12.8353	 | 	Train Accuracy     : 0.3079
Valid Loss     : 1.7587	 | 	Valid Accuracy     : 0.3749

Epoch : 6
Train Loss     : 24.1362	 | 	Train Accuracy     : 0.3081
Valid Loss     : 1.4515	 | 	Valid Accuracy     : 0.4204

Epoch : 7
Train Loss     : 24.3443	 | 	Train Accuracy     : 0.3263
Valid Loss     : 1.5005	 | 	Valid Accuracy     : 0.4160

Epoch : 8
Train Loss     : 23.0823	 | 	Train Accuracy     : 0.3087
Valid Loss     : 9.3809	 | 	Valid Accuracy     : 0.2625

Epoch : 9
Train Loss     : 23.1886	 | 	Train Accuracy     : 0.3253
Valid Loss     : 19.6755	 | 	Valid Accuracy     : 0.0654

Epoch : 10
Train Loss     : 25.7963	 | 	Train Accuracy     : 0.2990
Valid Loss     : 26.9765	 | 	Valid Accuracy     : 0.1923

Epoch : 11
Train Loss     : 21.8021	 | 	Train Accuracy     : 0.3023
Valid Loss     : 1.8867	 | 	Valid Accuracy     : 0.3947

Epoch : 12
Train Loss     : 21.2198	 | 	Train Accuracy     : 0.3151
Valid Loss     : 1.5246	 | 	Valid Accuracy     : 0.4193

Epoch : 13
Train Loss     : 19.5663	 | 	Train Accuracy     : 0.2835
Valid Loss     : 1.6744	 | 	Valid Accuracy     : 0.4191

Epoch : 14
Train Loss     : 14.4389	 | 	Train Accuracy     : 0.2970
Valid Loss     : 6.3045	 | 	Valid Accuracy     : 0.1501

Epoch : 15
Train Loss     : 20.3482	 | 	Train Accuracy     : 0.2933
Valid Loss     : 3.7359	 | 	Valid Accuracy     : 0.1323

Epoch : 16
Train Loss     : 21.6098	 | 	Train Accuracy     : 0.3217
Valid Loss     : 1.5708	 | 	Valid Accuracy     : 0.3257

Epoch : 17
Train Loss     : 21.0397	 | 	Train Accuracy     : 0.2943
Valid Loss     : 1.5631	 | 	Valid Accuracy     : 0.4138

Epoch : 18
Train Loss     : 1.4976	 | 	Train Accuracy     : 0.3944
Valid Loss     : 1.9490	 | 	Valid Accuracy     : 0.4204

Epoch : 19
Train Loss     : 1.5414	 | 	Train Accuracy     : 0.3733
Valid Loss     : 1.5057	 | 	Valid Accuracy     : 0.4110

Epoch : 20
Train Loss     : 1.5446	 | 	Train Accuracy     : 0.3689
Valid Loss     : 1.5264	 | 	Valid Accuracy     : 0.3380

Epoch : 21
Train Loss     : 1.5603	 | 	Train Accuracy     : 0.3624
Valid Loss     : 2.7608	 | 	Valid Accuracy     : 0.4204

Epoch : 22
Train Loss     : 1.5389	 | 	Train Accuracy     : 0.3690
Valid Loss     : 1.5805	 | 	Valid Accuracy     : 0.2448

Epoch : 23
Train Loss     : 1.5520	 | 	Train Accuracy     : 0.3698
Valid Loss     : 2.0122	 | 	Valid Accuracy     : 0.1109

Epoch : 24
Train Loss     : 1.5463	 | 	Train Accuracy     : 0.3728
Valid Loss     : 1.5389	 | 	Valid Accuracy     : 0.4163

Epoch : 25
Train Loss     : 1.5601	 | 	Train Accuracy     : 0.3676
Valid Loss     : 1.6767	 | 	Valid Accuracy     : 0.3826

Epoch : 26
Train Loss     : 1.5455	 | 	Train Accuracy     : 0.3736
Valid Loss     : 1.7996	 | 	Valid Accuracy     : 0.1757

Epoch : 27
Train Loss     : 1.5479	 | 	Train Accuracy     : 0.3713
Valid Loss     : 1.4500	 | 	Valid Accuracy     : 0.4204

Epoch : 28
Train Loss     : 1.5585	 | 	Train Accuracy     : 0.3618
Valid Loss     : 1.5000	 | 	Valid Accuracy     : 0.4156

Epoch : 29
Train Loss     : 1.5400	 | 	Train Accuracy     : 0.3731
Valid Loss     : 1.4762	 | 	Valid Accuracy     : 0.4204

Epoch : 30
Train Loss     : 1.5548	 | 	Train Accuracy     : 0.3658
Valid Loss     : 1.4767	 | 	Valid Accuracy     : 0.4140

Epoch : 31
Train Loss     : 1.5312	 | 	Train Accuracy     : 0.3729
Valid Loss     : 2.9874	 | 	Valid Accuracy     : 0.4204

Epoch : 32
Train Loss     : 1.5559	 | 	Train Accuracy     : 0.3609
Valid Loss     : 1.5525	 | 	Valid Accuracy     : 0.3327

Epoch : 33
Train Loss     : 1.5434	 | 	Train Accuracy     : 0.3767
Valid Loss     : 1.5633	 | 	Valid Accuracy     : 0.4075

Epoch : 34
Train Loss     : 1.5498	 | 	Train Accuracy     : 0.3629
Valid Loss     : 2.8325	 | 	Valid Accuracy     : 0.4204

Epoch : 35
Train Loss     : 1.5558	 | 	Train Accuracy     : 0.3695
Valid Loss     : 1.6624	 | 	Valid Accuracy     : 0.2131

Epoch : 36
Train Loss     : 1.5475	 | 	Train Accuracy     : 0.3695
Valid Loss     : 1.9270	 | 	Valid Accuracy     : 0.1851

Epoch : 37
Train Loss     : 1.5480	 | 	Train Accuracy     : 0.3699
Valid Loss     : 1.5281	 | 	Valid Accuracy     : 0.3198

Epoch : 38
Train Loss     : 1.5439	 | 	Train Accuracy     : 0.3719
Valid Loss     : 1.5359	 | 	Valid Accuracy     : 0.3562

Epoch : 39
Train Loss     : 1.4554	 | 	Train Accuracy     : 0.4177
Valid Loss     : 1.4541	 | 	Valid Accuracy     : 0.4204

Epoch : 40
Train Loss     : 1.4551	 | 	Train Accuracy     : 0.4186
Valid Loss     : 1.4473	 | 	Valid Accuracy     : 0.4204

Epoch : 41
Train Loss     : 1.4513	 | 	Train Accuracy     : 0.4190
Valid Loss     : 1.4458	 | 	Valid Accuracy     : 0.4204

Epoch : 42
Train Loss     : 1.4521	 | 	Train Accuracy     : 0.4192
Valid Loss     : 1.4454	 | 	Valid Accuracy     : 0.4204

Epoch : 43
Train Loss     : 1.4525	 | 	Train Accuracy     : 0.4187
Valid Loss     : 1.4469	 | 	Valid Accuracy     : 0.4204

Epoch : 44
Train Loss     : 1.4522	 | 	Train Accuracy     : 0.4189
Valid Loss     : 1.4447	 | 	Valid Accuracy     : 0.4204

Epoch : 45
Train Loss     : 1.4529	 | 	Train Accuracy     : 0.4189
Valid Loss     : 1.4482	 | 	Valid Accuracy     : 0.4204

Epoch : 46
Train Loss     : 1.4526	 | 	Train Accuracy     : 0.4187
Valid Loss     : 1.4547	 | 	Valid Accuracy     : 0.4204

Epoch : 47
Train Loss     : 1.4522	 | 	Train Accuracy     : 0.4189
Valid Loss     : 1.4441	 | 	Valid Accuracy     : 0.4204

Epoch : 48
Train Loss     : 1.4521	 | 	Train Accuracy     : 0.4187
Valid Loss     : 1.5179	 | 	Valid Accuracy     : 0.2356

Epoch : 49
Train Loss     : 1.4519	 | 	Train Accuracy     : 0.4189
Valid Loss     : 1.4532	 | 	Valid Accuracy     : 0.4204

Epoch : 50
Train Loss     : 1.4520	 | 	Train Accuracy     : 0.4189
Valid Loss     : 1.4634	 | 	Valid Accuracy     : 0.4204

Epoch : 51
Train Loss     : 1.4527	 | 	Train Accuracy     : 0.4185
Valid Loss     : 1.4477	 | 	Valid Accuracy     : 0.4204

Epoch : 52
Train Loss     : 1.4510	 | 	Train Accuracy     : 0.4189
Valid Loss     : 1.4520	 | 	Valid Accuracy     : 0.4172

Epoch : 53
Train Loss     : 1.4519	 | 	Train Accuracy     : 0.4189
Valid Loss     : 1.4444	 | 	Valid Accuracy     : 0.4204

Epoch : 54
Train Loss     : 1.4518	 | 	Train Accuracy     : 0.4186
Valid Loss     : 1.4441	 | 	Valid Accuracy     : 0.4204

Epoch : 55
Train Loss     : 1.4531	 | 	Train Accuracy     : 0.4190
Valid Loss     : 1.4462	 | 	Valid Accuracy     : 0.4204

Epoch : 56
Train Loss     : 1.4520	 | 	Train Accuracy     : 0.4189
Valid Loss     : 1.4452	 | 	Valid Accuracy     : 0.4204

Epoch : 57
Train Loss     : 1.4521	 | 	Train Accuracy     : 0.4189
Valid Loss     : 1.4485	 | 	Valid Accuracy     : 0.4204

Epoch : 58
Train Loss     : 1.4528	 | 	Train Accuracy     : 0.4189
Valid Loss     : 1.4498	 | 	Valid Accuracy     : 0.4204

Epoch : 59
Train Loss     : 1.4470	 | 	Train Accuracy     : 0.4189
Valid Loss     : 1.4434	 | 	Valid Accuracy     : 0.4204

Epoch : 60
Train Loss     : 1.4464	 | 	Train Accuracy     : 0.4190
Valid Loss     : 1.4435	 | 	Valid Accuracy     : 0.4204

Epoch : 61
Train Loss     : 1.4465	 | 	Train Accuracy     : 0.4190
Valid Loss     : 1.4432	 | 	Valid Accuracy     : 0.4204

Epoch : 62
Train Loss     : 1.4456	 | 	Train Accuracy     : 0.4191
Valid Loss     : 1.4436	 | 	Valid Accuracy     : 0.4204

Epoch : 63
Train Loss     : 1.4455	 | 	Train Accuracy     : 0.4189
Valid Loss     : 1.4467	 | 	Valid Accuracy     : 0.4204

Epoch : 64
Train Loss     : 1.4453	 | 	Train Accuracy     : 0.4190
Valid Loss     : 1.4437	 | 	Valid Accuracy     : 0.4204

Epoch : 65
Train Loss     : 1.4447	 | 	Train Accuracy     : 0.4189
Valid Loss     : 1.4433	 | 	Valid Accuracy     : 0.4204

Epoch : 66
Train Loss     : 1.4438	 | 	Train Accuracy     : 0.4190
Valid Loss     : 1.4435	 | 	Valid Accuracy     : 0.4204

Epoch : 67
Train Loss     : 1.4429	 | 	Train Accuracy     : 0.4190
Valid Loss     : 1.4437	 | 	Valid Accuracy     : 0.4204

Epoch : 68
Train Loss     : 1.4418	 | 	Train Accuracy     : 0.4190
Valid Loss     : 1.4438	 | 	Valid Accuracy     : 0.4204

Epoch : 69
Train Loss     : 1.4400	 | 	Train Accuracy     : 0.4189
Valid Loss     : 1.4441	 | 	Valid Accuracy     : 0.4204

Epoch : 70
Train Loss     : 1.4385	 | 	Train Accuracy     : 0.4190
Valid Loss     : 1.4444	 | 	Valid Accuracy     : 0.4204

Epoch : 71
Train Loss     : 1.4325	 | 	Train Accuracy     : 0.4188
Valid Loss     : 1.4443	 | 	Valid Accuracy     : 0.4204

Epoch : 72
Train Loss     : 1.4323	 | 	Train Accuracy     : 0.4188
Valid Loss     : 1.4443	 | 	Valid Accuracy     : 0.4204

Epoch : 73
Train Loss     : 1.4318	 | 	Train Accuracy     : 0.4189
Valid Loss     : 1.4444	 | 	Valid Accuracy     : 0.4204

Epoch : 74
Train Loss     : 1.4316	 | 	Train Accuracy     : 0.4189
Valid Loss     : 1.4444	 | 	Valid Accuracy     : 0.4204

Epoch : 75
Train Loss     : 1.4309	 | 	Train Accuracy     : 0.4190
Valid Loss     : 1.4444	 | 	Valid Accuracy     : 0.4204

Epoch : 76
Train Loss     : 1.4297	 | 	Train Accuracy     : 0.4191
Valid Loss     : 1.4444	 | 	Valid Accuracy     : 0.4204

Epoch : 77
Train Loss     : 1.4300	 | 	Train Accuracy     : 0.4188
Valid Loss     : 1.4446	 | 	Valid Accuracy     : 0.4204

Epoch : 78
Train Loss     : 1.4291	 | 	Train Accuracy     : 0.4190
Valid Loss     : 1.4446	 | 	Valid Accuracy     : 0.4204

Epoch : 79
Train Loss     : 1.4288	 | 	Train Accuracy     : 0.4189
Valid Loss     : 1.4446	 | 	Valid Accuracy     : 0.4204

Epoch : 80
Train Loss     : 1.4277	 | 	Train Accuracy     : 0.4191
Valid Loss     : 1.4447	 | 	Valid Accuracy     : 0.4204

Epoch : 81
Train Loss     : 1.4273	 | 	Train Accuracy     : 0.4191
Valid Loss     : 1.4448	 | 	Valid Accuracy     : 0.4204

Epoch : 82
Train Loss     : 1.4250	 | 	Train Accuracy     : 0.4189
Valid Loss     : 1.4448	 | 	Valid Accuracy     : 0.4204

Epoch : 83
Train Loss     : 1.4251	 | 	Train Accuracy     : 0.4190
Valid Loss     : 1.4449	 | 	Valid Accuracy     : 0.4204

Epoch : 84
Train Loss     : 1.4254	 | 	Train Accuracy     : 0.4188
Valid Loss     : 1.4449	 | 	Valid Accuracy     : 0.4204

Epoch : 85
Train Loss     : 1.4247	 | 	Train Accuracy     : 0.4187
Valid Loss     : 1.4449	 | 	Valid Accuracy     : 0.4204

Epoch : 86
Train Loss     : 1.4246	 | 	Train Accuracy     : 0.4190
Valid Loss     : 1.4449	 | 	Valid Accuracy     : 0.4204

Epoch : 87
Train Loss     : 1.4248	 | 	Train Accuracy     : 0.4189
Valid Loss     : 1.4449	 | 	Valid Accuracy     : 0.4204

Epoch : 88
Train Loss     : 1.4242	 | 	Train Accuracy     : 0.4189
Valid Loss     : 1.4449	 | 	Valid Accuracy     : 0.4204

Epoch : 89
Train Loss     : 1.4243	 | 	Train Accuracy     : 0.4189
Valid Loss     : 1.4450	 | 	Valid Accuracy     : 0.4204

Epoch : 90
Train Loss     : 1.4240	 | 	Train Accuracy     : 0.4191
Valid Loss     : 1.4450	 | 	Valid Accuracy     : 0.4204

Epoch : 91
Train Loss     : 1.4241	 | 	Train Accuracy     : 0.4190
Valid Loss     : 1.4450	 | 	Valid Accuracy     : 0.4204

Epoch : 92
Train Loss     : 1.4237	 | 	Train Accuracy     : 0.4191
Valid Loss     : 1.4451	 | 	Valid Accuracy     : 0.4204

Epoch : 93
Train Loss     : 1.4229	 | 	Train Accuracy     : 0.4190
Valid Loss     : 1.4451	 | 	Valid Accuracy     : 0.4204

Epoch : 94
Train Loss     : 1.4228	 | 	Train Accuracy     : 0.4191
Valid Loss     : 1.4452	 | 	Valid Accuracy     : 0.4204

Epoch : 95
Train Loss     : 1.4236	 | 	Train Accuracy     : 0.4189
Valid Loss     : 1.4450	 | 	Valid Accuracy     : 0.4204

Epoch : 96
Train Loss     : 1.4232	 | 	Train Accuracy     : 0.4190
Valid Loss     : 1.4451	 | 	Valid Accuracy     : 0.4204

Epoch : 97
Train Loss     : 1.4230	 | 	Train Accuracy     : 0.4190
Valid Loss     : 1.4451	 | 	Valid Accuracy     : 0.4204

Epoch : 98
Train Loss     : 1.4228	 | 	Train Accuracy     : 0.4191
Valid Loss     : 1.4451	 | 	Valid Accuracy     : 0.4204

Epoch : 99
Train Loss     : 1.4231	 | 	Train Accuracy     : 0.4189
Valid Loss     : 1.4451	 | 	Valid Accuracy     : 0.4204

Epoch : 100
Train Loss     : 1.4232	 | 	Train Accuracy     : 0.4189
Valid Loss     : 1.4451	 | 	Valid Accuracy     : 0.4204

Epoch : 101
Train Loss     : 1.4229	 | 	Train Accuracy     : 0.4190
Valid Loss     : 1.4451	 | 	Valid Accuracy     : 0.4204

Epoch : 102
Train Loss     : 1.4234	 | 	Train Accuracy     : 0.4190
Valid Loss     : 1.4451	 | 	Valid Accuracy     : 0.4204

Epoch : 103
Train Loss     : 1.4232	 | 	Train Accuracy     : 0.4189
Valid Loss     : 1.4452	 | 	Valid Accuracy     : 0.4204

Epoch : 104
Train Loss     : 1.4227	 | 	Train Accuracy     : 0.4189
Valid Loss     : 1.4451	 | 	Valid Accuracy     : 0.4204

Epoch : 105
Train Loss     : 1.4232	 | 	Train Accuracy     : 0.4189
Valid Loss     : 1.4451	 | 	Valid Accuracy     : 0.4204

Epoch : 106
Train Loss     : 1.4236	 | 	Train Accuracy     : 0.4189
Valid Loss     : 1.4451	 | 	Valid Accuracy     : 0.4204

Epoch : 107
Train Loss     : 1.4230	 | 	Train Accuracy     : 0.4191
Valid Loss     : 1.4451	 | 	Valid Accuracy     : 0.4204

Epoch : 108
Train Loss     : 1.4233	 | 	Train Accuracy     : 0.4190
Valid Loss     : 1.4451	 | 	Valid Accuracy     : 0.4204

Epoch : 109
Train Loss     : 1.4232	 | 	Train Accuracy     : 0.4190
Valid Loss     : 1.4451	 | 	Valid Accuracy     : 0.4204

Epoch : 110
Train Loss     : 1.4229	 | 	Train Accuracy     : 0.4191
Valid Loss     : 1.4452	 | 	Valid Accuracy     : 0.4204

Epoch : 111
Train Loss     : 1.4232	 | 	Train Accuracy     : 0.4190
Valid Loss     : 1.4451	 | 	Valid Accuracy     : 0.4204

Epoch : 112
Train Loss     : 1.4235	 | 	Train Accuracy     : 0.4189
Valid Loss     : 1.4451	 | 	Valid Accuracy     : 0.4204

Epoch : 113
Train Loss     : 1.4232	 | 	Train Accuracy     : 0.4189
Valid Loss     : 1.4451	 | 	Valid Accuracy     : 0.4204

Epoch : 114
Train Loss     : 1.4233	 | 	Train Accuracy     : 0.4187
Valid Loss     : 1.4451	 | 	Valid Accuracy     : 0.4204

Epoch : 115
Train Loss     : 1.4231	 | 	Train Accuracy     : 0.4188
Valid Loss     : 1.4451	 | 	Valid Accuracy     : 0.4204

Epoch : 116
Train Loss     : 1.4234	 | 	Train Accuracy     : 0.4189
Valid Loss     : 1.4451	 | 	Valid Accuracy     : 0.4204

Epoch : 117
Train Loss     : 1.4234	 | 	Train Accuracy     : 0.4189
Valid Loss     : 1.4451	 | 	Valid Accuracy     : 0.4204

Epoch : 118
Train Loss     : 1.4228	 | 	Train Accuracy     : 0.4191
Valid Loss     : 1.4451	 | 	Valid Accuracy     : 0.4204

Epoch : 119
Train Loss     : 1.4228	 | 	Train Accuracy     : 0.4191
Valid Loss     : 1.4451	 | 	Valid Accuracy     : 0.4204

Epoch : 120
Train Loss     : 1.4226	 | 	Train Accuracy     : 0.4189
Valid Loss     : 1.4451	 | 	Valid Accuracy     : 0.4204

Epoch : 121
Train Loss     : 1.4233	 | 	Train Accuracy     : 0.4188
Valid Loss     : 1.4452	 | 	Valid Accuracy     : 0.4204

Epoch : 122
Train Loss     : 1.4228	 | 	Train Accuracy     : 0.4190
Valid Loss     : 1.4451	 | 	Valid Accuracy     : 0.4204

Epoch : 123
Train Loss     : 1.4232	 | 	Train Accuracy     : 0.4189
Valid Loss     : 1.4451	 | 	Valid Accuracy     : 0.4204

Epoch : 124
Train Loss     : 1.4228	 | 	Train Accuracy     : 0.4189
Valid Loss     : 1.4451	 | 	Valid Accuracy     : 0.4204

Epoch : 125
Train Loss     : 1.4235	 | 	Train Accuracy     : 0.4188
Valid Loss     : 1.4451	 | 	Valid Accuracy     : 0.4204

Epoch : 126
Train Loss     : 1.4232	 | 	Train Accuracy     : 0.4189
Valid Loss     : 1.4451	 | 	Valid Accuracy     : 0.4204

Epoch : 127
Train Loss     : 1.4234	 | 	Train Accuracy     : 0.4189
Valid Loss     : 1.4451	 | 	Valid Accuracy     : 0.4204

Epoch : 128
Train Loss     : 1.4227	 | 	Train Accuracy     : 0.4190
Valid Loss     : 1.4451	 | 	Valid Accuracy     : 0.4204

Epoch : 129
Train Loss     : 1.4231	 | 	Train Accuracy     : 0.4189
Valid Loss     : 1.4451	 | 	Valid Accuracy     : 0.4204

Epoch : 130
Train Loss     : 1.4233	 | 	Train Accuracy     : 0.4189
Valid Loss     : 1.4451	 | 	Valid Accuracy     : 0.4204

Epoch : 131
Train Loss     : 1.4231	 | 	Train Accuracy     : 0.4190
Valid Loss     : 1.4451	 | 	Valid Accuracy     : 0.4204

Epoch : 132
Train Loss     : 1.4229	 | 	Train Accuracy     : 0.4189
Valid Loss     : 1.4452	 | 	Valid Accuracy     : 0.4204

Epoch : 133
Train Loss     : 1.4233	 | 	Train Accuracy     : 0.4189
Valid Loss     : 1.4451	 | 	Valid Accuracy     : 0.4204

Epoch : 134
Train Loss     : 1.4232	 | 	Train Accuracy     : 0.4189
Valid Loss     : 1.4451	 | 	Valid Accuracy     : 0.4204

Epoch : 135
Train Loss     : 1.4231	 | 	Train Accuracy     : 0.4189
Valid Loss     : 1.4451	 | 	Valid Accuracy     : 0.4204

Epoch : 136
Train Loss     : 1.4232	 | 	Train Accuracy     : 0.4190
Valid Loss     : 1.4451	 | 	Valid Accuracy     : 0.4204

Epoch : 137
Train Loss     : 1.4231	 | 	Train Accuracy     : 0.4190
Valid Loss     : 1.4451	 | 	Valid Accuracy     : 0.4204

Epoch : 138
Train Loss     : 1.4230	 | 	Train Accuracy     : 0.4188
Valid Loss     : 1.4452	 | 	Valid Accuracy     : 0.4204

Epoch : 139
Train Loss     : 1.4230	 | 	Train Accuracy     : 0.4187
Valid Loss     : 1.4451	 | 	Valid Accuracy     : 0.4204

Epoch : 140
Train Loss     : 1.4226	 | 	Train Accuracy     : 0.4192
Valid Loss     : 1.4451	 | 	Valid Accuracy     : 0.4204

Epoch : 141
Train Loss     : 1.4231	 | 	Train Accuracy     : 0.4189
Valid Loss     : 1.4451	 | 	Valid Accuracy     : 0.4204

Epoch : 142
Train Loss     : 1.4233	 | 	Train Accuracy     : 0.4190
Valid Loss     : 1.4451	 | 	Valid Accuracy     : 0.4204

Epoch : 143
Train Loss     : 1.4234	 | 	Train Accuracy     : 0.4190
Valid Loss     : 1.4451	 | 	Valid Accuracy     : 0.4204

Epoch : 144
Train Loss     : 1.4227	 | 	Train Accuracy     : 0.4192
Valid Loss     : 1.4451	 | 	Valid Accuracy     : 0.4204

Epoch : 145
Train Loss     : 1.4228	 | 	Train Accuracy     : 0.4191
Valid Loss     : 1.4451	 | 	Valid Accuracy     : 0.4204

Epoch : 146
Train Loss     : 1.4234	 | 	Train Accuracy     : 0.4187
Valid Loss     : 1.4451	 | 	Valid Accuracy     : 0.4204

Epoch : 147
Train Loss     : 1.4233	 | 	Train Accuracy     : 0.4188
Valid Loss     : 1.4452	 | 	Valid Accuracy     : 0.4204

Epoch : 148
Train Loss     : 1.4228	 | 	Train Accuracy     : 0.4191
Valid Loss     : 1.4451	 | 	Valid Accuracy     : 0.4204

Epoch : 149
Train Loss     : 1.4229	 | 	Train Accuracy     : 0.4189
Valid Loss     : 1.4451	 | 	Valid Accuracy     : 0.4204

Epoch : 150
Train Loss     : 1.4226	 | 	Train Accuracy     : 0.4192
Valid Loss     : 1.4451	 | 	Valid Accuracy     : 0.4204

Epoch : 151
Train Loss     : 1.4230	 | 	Train Accuracy     : 0.4189
Valid Loss     : 1.4452	 | 	Valid Accuracy     : 0.4204

Epoch : 152
Train Loss     : 1.4227	 | 	Train Accuracy     : 0.4189
Valid Loss     : 1.4451	 | 	Valid Accuracy     : 0.4204

Epoch : 153
Train Loss     : 1.4230	 | 	Train Accuracy     : 0.4189
Valid Loss     : 1.4451	 | 	Valid Accuracy     : 0.4204

Epoch : 154
Train Loss     : 1.4231	 | 	Train Accuracy     : 0.4189
Valid Loss     : 1.4451	 | 	Valid Accuracy     : 0.4204

Epoch : 155
Train Loss     : 1.4229	 | 	Train Accuracy     : 0.4190
Valid Loss     : 1.4451	 | 	Valid Accuracy     : 0.4204

Epoch : 156
Train Loss     : 1.4229	 | 	Train Accuracy     : 0.4190
Valid Loss     : 1.4451	 | 	Valid Accuracy     : 0.4204

Epoch : 157
Train Loss     : 1.4231	 | 	Train Accuracy     : 0.4189
Valid Loss     : 1.4452	 | 	Valid Accuracy     : 0.4204

Epoch : 158
Train Loss     : 1.4229	 | 	Train Accuracy     : 0.4190
Valid Loss     : 1.4451	 | 	Valid Accuracy     : 0.4204

Epoch : 159
Train Loss     : 1.4230	 | 	Train Accuracy     : 0.4192
Valid Loss     : 1.4452	 | 	Valid Accuracy     : 0.4204

Epoch : 160
Train Loss     : 1.4231	 | 	Train Accuracy     : 0.4188
Valid Loss     : 1.4451	 | 	Valid Accuracy     : 0.4204

Epoch : 161
Train Loss     : 1.4227	 | 	Train Accuracy     : 0.4190
Valid Loss     : 1.4451	 | 	Valid Accuracy     : 0.4204

Epoch : 162
Train Loss     : 1.4228	 | 	Train Accuracy     : 0.4190
Valid Loss     : 1.4451	 | 	Valid Accuracy     : 0.4204

Epoch : 163
Train Loss     : 1.4231	 | 	Train Accuracy     : 0.4187
Valid Loss     : 1.4451	 | 	Valid Accuracy     : 0.4204

Epoch : 164
Train Loss     : 1.4232	 | 	Train Accuracy     : 0.4188
Valid Loss     : 1.4451	 | 	Valid Accuracy     : 0.4204

Epoch : 165
Train Loss     : 1.4231	 | 	Train Accuracy     : 0.4190
Valid Loss     : 1.4452	 | 	Valid Accuracy     : 0.4204

Epoch : 166
Train Loss     : 1.4232	 | 	Train Accuracy     : 0.4188
Valid Loss     : 1.4452	 | 	Valid Accuracy     : 0.4204

Epoch : 167
Train Loss     : 1.4229	 | 	Train Accuracy     : 0.4191
Valid Loss     : 1.4451	 | 	Valid Accuracy     : 0.4204

Epoch : 168
Train Loss     : 1.4225	 | 	Train Accuracy     : 0.4190
Valid Loss     : 1.4452	 | 	Valid Accuracy     : 0.4204

Epoch : 169
Train Loss     : 1.4230	 | 	Train Accuracy     : 0.4189
Valid Loss     : 1.4451	 | 	Valid Accuracy     : 0.4204

Epoch : 170
Train Loss     : 1.4226	 | 	Train Accuracy     : 0.4189
Valid Loss     : 1.4451	 | 	Valid Accuracy     : 0.4204

Epoch : 171
Train Loss     : 1.4231	 | 	Train Accuracy     : 0.4190
Valid Loss     : 1.4452	 | 	Valid Accuracy     : 0.4204

Epoch : 172
Train Loss     : 1.4233	 | 	Train Accuracy     : 0.4189
Valid Loss     : 1.4451	 | 	Valid Accuracy     : 0.4204

Epoch : 173
Train Loss     : 1.4235	 | 	Train Accuracy     : 0.4188
Valid Loss     : 1.4451	 | 	Valid Accuracy     : 0.4204

Epoch : 174
Train Loss     : 1.4232	 | 	Train Accuracy     : 0.4189
Valid Loss     : 1.4451	 | 	Valid Accuracy     : 0.4204

Epoch : 175
Train Loss     : 1.4233	 | 	Train Accuracy     : 0.4189
Valid Loss     : 1.4451	 | 	Valid Accuracy     : 0.4204

Epoch : 176
Train Loss     : 1.4231	 | 	Train Accuracy     : 0.4188
Valid Loss     : 1.4452	 | 	Valid Accuracy     : 0.4204

Epoch : 177
Train Loss     : 1.4228	 | 	Train Accuracy     : 0.4191
Valid Loss     : 1.4451	 | 	Valid Accuracy     : 0.4204

Epoch : 178
Train Loss     : 1.4224	 | 	Train Accuracy     : 0.4190
Valid Loss     : 1.4451	 | 	Valid Accuracy     : 0.4204

Epoch : 179
Train Loss     : 1.4226	 | 	Train Accuracy     : 0.4190
Valid Loss     : 1.4451	 | 	Valid Accuracy     : 0.4204

Epoch : 180
Train Loss     : 1.4235	 | 	Train Accuracy     : 0.4187
Valid Loss     : 1.4451	 | 	Valid Accuracy     : 0.4204

Epoch : 181
Train Loss     : 1.4226	 | 	Train Accuracy     : 0.4190
Valid Loss     : 1.4451	 | 	Valid Accuracy     : 0.4204

Epoch : 182
Train Loss     : 1.4230	 | 	Train Accuracy     : 0.4189
Valid Loss     : 1.4451	 | 	Valid Accuracy     : 0.4204

Epoch : 183
Train Loss     : 1.4229	 | 	Train Accuracy     : 0.4187
Valid Loss     : 1.4451	 | 	Valid Accuracy     : 0.4204

Epoch : 184
Train Loss     : 1.4227	 | 	Train Accuracy     : 0.4190
Valid Loss     : 1.4451	 | 	Valid Accuracy     : 0.4204

Epoch : 185
Train Loss     : 1.4228	 | 	Train Accuracy     : 0.4189
Valid Loss     : 1.4452	 | 	Valid Accuracy     : 0.4204

Epoch : 186
Train Loss     : 1.4231	 | 	Train Accuracy     : 0.4191
Valid Loss     : 1.4451	 | 	Valid Accuracy     : 0.4204

Epoch : 187
Train Loss     : 1.4228	 | 	Train Accuracy     : 0.4190
Valid Loss     : 1.4451	 | 	Valid Accuracy     : 0.4204

Epoch : 188
Train Loss     : 1.4232	 | 	Train Accuracy     : 0.4187
Valid Loss     : 1.4451	 | 	Valid Accuracy     : 0.4204

Epoch : 189
Train Loss     : 1.4227	 | 	Train Accuracy     : 0.4189
Valid Loss     : 1.4452	 | 	Valid Accuracy     : 0.4204

Epoch : 190
Train Loss     : 1.4233	 | 	Train Accuracy     : 0.4189
Valid Loss     : 1.4451	 | 	Valid Accuracy     : 0.4204

Epoch : 191
Train Loss     : 1.4238	 | 	Train Accuracy     : 0.4188
Valid Loss     : 1.4451	 | 	Valid Accuracy     : 0.4204

Epoch : 192
Train Loss     : 1.4228	 | 	Train Accuracy     : 0.4189
Valid Loss     : 1.4451	 | 	Valid Accuracy     : 0.4204

Epoch : 193
Train Loss     : 1.4227	 | 	Train Accuracy     : 0.4191
Valid Loss     : 1.4451	 | 	Valid Accuracy     : 0.4204

Epoch : 194
Train Loss     : 1.4233	 | 	Train Accuracy     : 0.4189
Valid Loss     : 1.4451	 | 	Valid Accuracy     : 0.4204

Epoch : 195
Train Loss     : 1.4232	 | 	Train Accuracy     : 0.4187
Valid Loss     : 1.4452	 | 	Valid Accuracy     : 0.4204

Epoch : 196
Train Loss     : 1.4231	 | 	Train Accuracy     : 0.4189
Valid Loss     : 1.4451	 | 	Valid Accuracy     : 0.4204

Epoch : 197
Train Loss     : 1.4229	 | 	Train Accuracy     : 0.4188
Valid Loss     : 1.4451	 | 	Valid Accuracy     : 0.4204

Epoch : 198
Train Loss     : 1.4230	 | 	Train Accuracy     : 0.4189
Valid Loss     : 1.4451	 | 	Valid Accuracy     : 0.4204

Epoch : 199
Train Loss     : 1.4230	 | 	Train Accuracy     : 0.4188
Valid Loss     : 1.4451	 | 	Valid Accuracy     : 0.4204

Epoch : 200
Train Loss     : 1.4229	 | 	Train Accuracy     : 0.4189
Valid Loss     : 1.4452	 | 	Valid Accuracy     : 0.4204

Epoch : 201
Train Loss     : 1.4228	 | 	Train Accuracy     : 0.4190
Valid Loss     : 1.4451	 | 	Valid Accuracy     : 0.4204

Epoch : 202
Train Loss     : 1.4228	 | 	Train Accuracy     : 0.4190
Valid Loss     : 1.4451	 | 	Valid Accuracy     : 0.4204

Epoch : 203
Train Loss     : 1.4228	 | 	Train Accuracy     : 0.4189
Valid Loss     : 1.4452	 | 	Valid Accuracy     : 0.4204

Epoch : 204
Train Loss     : 1.4228	 | 	Train Accuracy     : 0.4189
Valid Loss     : 1.4451	 | 	Valid Accuracy     : 0.4204

Epoch : 205
Train Loss     : 1.4228	 | 	Train Accuracy     : 0.4189
Valid Loss     : 1.4451	 | 	Valid Accuracy     : 0.4204

Epoch : 206
Train Loss     : 1.4229	 | 	Train Accuracy     : 0.4190
Valid Loss     : 1.4451	 | 	Valid Accuracy     : 0.4204

Epoch : 207
Train Loss     : 1.4230	 | 	Train Accuracy     : 0.4189
Valid Loss     : 1.4451	 | 	Valid Accuracy     : 0.4204

Epoch : 208
Train Loss     : 1.4228	 | 	Train Accuracy     : 0.4191
Valid Loss     : 1.4452	 | 	Valid Accuracy     : 0.4204

Epoch : 209
Train Loss     : 1.4229	 | 	Train Accuracy     : 0.4187
Valid Loss     : 1.4451	 | 	Valid Accuracy     : 0.4204

Epoch : 210
Train Loss     : 1.4229	 | 	Train Accuracy     : 0.4189
Valid Loss     : 1.4452	 | 	Valid Accuracy     : 0.4204

Epoch : 211
Train Loss     : 1.4229	 | 	Train Accuracy     : 0.4188
Valid Loss     : 1.4451	 | 	Valid Accuracy     : 0.4204

Epoch : 212
Train Loss     : 1.4232	 | 	Train Accuracy     : 0.4187
Valid Loss     : 1.4451	 | 	Valid Accuracy     : 0.4204

Epoch : 213
Train Loss     : 1.4231	 | 	Train Accuracy     : 0.4188
Valid Loss     : 1.4452	 | 	Valid Accuracy     : 0.4204

Epoch : 214
Train Loss     : 1.4229	 | 	Train Accuracy     : 0.4188
Valid Loss     : 1.4451	 | 	Valid Accuracy     : 0.4204

Epoch : 215
Train Loss     : 1.4227	 | 	Train Accuracy     : 0.4190
Valid Loss     : 1.4451	 | 	Valid Accuracy     : 0.4204

Epoch : 216
Train Loss     : 1.4233	 | 	Train Accuracy     : 0.4190
Valid Loss     : 1.4451	 | 	Valid Accuracy     : 0.4204

Epoch : 217
Train Loss     : 1.4225	 | 	Train Accuracy     : 0.4191
Valid Loss     : 1.4451	 | 	Valid Accuracy     : 0.4204

Epoch : 218
Train Loss     : 1.4224	 | 	Train Accuracy     : 0.4189
Valid Loss     : 1.4452	 | 	Valid Accuracy     : 0.4204

Epoch : 219
Train Loss     : 1.4232	 | 	Train Accuracy     : 0.4188
Valid Loss     : 1.4452	 | 	Valid Accuracy     : 0.4204

Epoch : 220
Train Loss     : 1.4231	 | 	Train Accuracy     : 0.4189
Valid Loss     : 1.4451	 | 	Valid Accuracy     : 0.4204

Epoch : 221
Train Loss     : 1.4231	 | 	Train Accuracy     : 0.4189
Valid Loss     : 1.4452	 | 	Valid Accuracy     : 0.4204

Epoch : 222
Train Loss     : 1.4226	 | 	Train Accuracy     : 0.4190
Valid Loss     : 1.4452	 | 	Valid Accuracy     : 0.4204

Epoch : 223
Train Loss     : 1.4231	 | 	Train Accuracy     : 0.4189
Valid Loss     : 1.4452	 | 	Valid Accuracy     : 0.4204

Epoch : 224
Train Loss     : 1.4229	 | 	Train Accuracy     : 0.4192
Valid Loss     : 1.4452	 | 	Valid Accuracy     : 0.4204

Epoch : 225
Train Loss     : 1.4229	 | 	Train Accuracy     : 0.4190
Valid Loss     : 1.4451	 | 	Valid Accuracy     : 0.4204

Epoch : 226
Train Loss     : 1.4230	 | 	Train Accuracy     : 0.4188
Valid Loss     : 1.4451	 | 	Valid Accuracy     : 0.4204

Epoch : 227
Train Loss     : 1.4229	 | 	Train Accuracy     : 0.4190
Valid Loss     : 1.4452	 | 	Valid Accuracy     : 0.4204

Epoch : 228
Train Loss     : 1.4229	 | 	Train Accuracy     : 0.4189
Valid Loss     : 1.4451	 | 	Valid Accuracy     : 0.4204

Epoch : 229
Train Loss     : 1.4229	 | 	Train Accuracy     : 0.4190
Valid Loss     : 1.4451	 | 	Valid Accuracy     : 0.4204

Epoch : 230
Train Loss     : 1.4226	 | 	Train Accuracy     : 0.4190
Valid Loss     : 1.4451	 | 	Valid Accuracy     : 0.4204

Epoch : 231
Train Loss     : 1.4229	 | 	Train Accuracy     : 0.4189
Valid Loss     : 1.4451	 | 	Valid Accuracy     : 0.4204

Epoch : 232
Train Loss     : 1.4227	 | 	Train Accuracy     : 0.4189
Valid Loss     : 1.4452	 | 	Valid Accuracy     : 0.4204

Epoch : 233
Train Loss     : 1.4226	 | 	Train Accuracy     : 0.4192
Valid Loss     : 1.4451	 | 	Valid Accuracy     : 0.4204

Epoch : 234
Train Loss     : 1.4227	 | 	Train Accuracy     : 0.4189
Valid Loss     : 1.4451	 | 	Valid Accuracy     : 0.4204

Epoch : 235
Train Loss     : 1.4227	 | 	Train Accuracy     : 0.4190
Valid Loss     : 1.4451	 | 	Valid Accuracy     : 0.4204

Epoch : 236
Train Loss     : 1.4226	 | 	Train Accuracy     : 0.4191
Valid Loss     : 1.4451	 | 	Valid Accuracy     : 0.4204

Epoch : 237
Train Loss     : 1.4233	 | 	Train Accuracy     : 0.4189
Valid Loss     : 1.4452	 | 	Valid Accuracy     : 0.4204

Epoch : 238
Train Loss     : 1.4225	 | 	Train Accuracy     : 0.4189
Valid Loss     : 1.4451	 | 	Valid Accuracy     : 0.4204

Epoch : 239
Train Loss     : 1.4225	 | 	Train Accuracy     : 0.4191
Valid Loss     : 1.4451	 | 	Valid Accuracy     : 0.4204

Epoch : 240
Train Loss     : 1.4231	 | 	Train Accuracy     : 0.4189
Valid Loss     : 1.4452	 | 	Valid Accuracy     : 0.4204

Epoch : 241
Train Loss     : 1.4231	 | 	Train Accuracy     : 0.4188
Valid Loss     : 1.4451	 | 	Valid Accuracy     : 0.4204

Epoch : 242
Train Loss     : 1.4229	 | 	Train Accuracy     : 0.4189
Valid Loss     : 1.4452	 | 	Valid Accuracy     : 0.4204

Epoch : 243
Train Loss     : 1.4224	 | 	Train Accuracy     : 0.4192
Valid Loss     : 1.4451	 | 	Valid Accuracy     : 0.4204

Epoch : 244
Train Loss     : 1.4226	 | 	Train Accuracy     : 0.4189
Valid Loss     : 1.4452	 | 	Valid Accuracy     : 0.4204

Epoch : 245
Train Loss     : 1.4230	 | 	Train Accuracy     : 0.4189
Valid Loss     : 1.4452	 | 	Valid Accuracy     : 0.4204

Epoch : 246
Train Loss     : 1.4230	 | 	Train Accuracy     : 0.4190
Valid Loss     : 1.4451	 | 	Valid Accuracy     : 0.4204

Epoch : 247
Train Loss     : 1.4231	 | 	Train Accuracy     : 0.4189
Valid Loss     : 1.4451	 | 	Valid Accuracy     : 0.4204

Epoch : 248
Train Loss     : 1.4228	 | 	Train Accuracy     : 0.4190
Valid Loss     : 1.4453	 | 	Valid Accuracy     : 0.4204

Epoch : 249
Train Loss     : 1.4230	 | 	Train Accuracy     : 0.4189
Valid Loss     : 1.4452	 | 	Valid Accuracy     : 0.4204

Epoch : 250
Train Loss     : 1.4232	 | 	Train Accuracy     : 0.4189
Valid Loss     : 1.4452	 | 	Valid Accuracy     : 0.4204

Epoch : 251
Train Loss     : 1.4231	 | 	Train Accuracy     : 0.4190
Valid Loss     : 1.4452	 | 	Valid Accuracy     : 0.4204

Epoch : 252
Train Loss     : 1.4227	 | 	Train Accuracy     : 0.4190
Valid Loss     : 1.4452	 | 	Valid Accuracy     : 0.4204

Epoch : 253
Train Loss     : 1.4229	 | 	Train Accuracy     : 0.4189
Valid Loss     : 1.4451	 | 	Valid Accuracy     : 0.4204

Epoch : 254
Train Loss     : 1.4233	 | 	Train Accuracy     : 0.4189
Valid Loss     : 1.4451	 | 	Valid Accuracy     : 0.4204

Epoch : 255
Train Loss     : 1.4231	 | 	Train Accuracy     : 0.4188
Valid Loss     : 1.4452	 | 	Valid Accuracy     : 0.4204

Epoch : 256
Train Loss     : 1.4229	 | 	Train Accuracy     : 0.4190
Valid Loss     : 1.4451	 | 	Valid Accuracy     : 0.4204

Epoch : 257
Train Loss     : 1.4226	 | 	Train Accuracy     : 0.4190
Valid Loss     : 1.4451	 | 	Valid Accuracy     : 0.4204

Epoch : 258
Train Loss     : 1.4225	 | 	Train Accuracy     : 0.4190
Valid Loss     : 1.4451	 | 	Valid Accuracy     : 0.4204

Epoch : 259
Train Loss     : 1.4228	 | 	Train Accuracy     : 0.4189
Valid Loss     : 1.4451	 | 	Valid Accuracy     : 0.4204

Epoch : 260
Train Loss     : 1.4227	 | 	Train Accuracy     : 0.4189
Valid Loss     : 1.4452	 | 	Valid Accuracy     : 0.4204

Epoch : 261
Train Loss     : 1.4227	 | 	Train Accuracy     : 0.4188
Valid Loss     : 1.4452	 | 	Valid Accuracy     : 0.4204

Epoch : 262
Train Loss     : 1.4229	 | 	Train Accuracy     : 0.4189
Valid Loss     : 1.4451	 | 	Valid Accuracy     : 0.4204

Epoch : 263
Train Loss     : 1.4231	 | 	Train Accuracy     : 0.4190
Valid Loss     : 1.4452	 | 	Valid Accuracy     : 0.4204

Epoch : 264
Train Loss     : 1.4227	 | 	Train Accuracy     : 0.4189
Valid Loss     : 1.4452	 | 	Valid Accuracy     : 0.4204

Epoch : 265
Train Loss     : 1.4226	 | 	Train Accuracy     : 0.4189
Valid Loss     : 1.4451	 | 	Valid Accuracy     : 0.4204

Epoch : 266
Train Loss     : 1.4228	 | 	Train Accuracy     : 0.4189
Valid Loss     : 1.4452	 | 	Valid Accuracy     : 0.4204

Epoch : 267
Train Loss     : 1.4223	 | 	Train Accuracy     : 0.4190
Valid Loss     : 1.4451	 | 	Valid Accuracy     : 0.4204

Epoch : 268
Train Loss     : 1.4227	 | 	Train Accuracy     : 0.4189
Valid Loss     : 1.4452	 | 	Valid Accuracy     : 0.4204

Epoch : 269
Train Loss     : 1.4223	 | 	Train Accuracy     : 0.4192
Valid Loss     : 1.4452	 | 	Valid Accuracy     : 0.4204

Epoch : 270
Train Loss     : 1.4225	 | 	Train Accuracy     : 0.4191
Valid Loss     : 1.4451	 | 	Valid Accuracy     : 0.4204

Epoch : 271
Train Loss     : 1.4226	 | 	Train Accuracy     : 0.4191
Valid Loss     : 1.4451	 | 	Valid Accuracy     : 0.4204

Epoch : 272
Train Loss     : 1.4226	 | 	Train Accuracy     : 0.4190
Valid Loss     : 1.4451	 | 	Valid Accuracy     : 0.4204

Epoch : 273
Train Loss     : 1.4227	 | 	Train Accuracy     : 0.4192
Valid Loss     : 1.4451	 | 	Valid Accuracy     : 0.4204

Epoch : 274
Train Loss     : 1.4227	 | 	Train Accuracy     : 0.4190
Valid Loss     : 1.4451	 | 	Valid Accuracy     : 0.4204

Epoch : 275
Train Loss     : 1.4228	 | 	Train Accuracy     : 0.4188
Valid Loss     : 1.4452	 | 	Valid Accuracy     : 0.4204

Epoch : 276
Train Loss     : 1.4225	 | 	Train Accuracy     : 0.4190
Valid Loss     : 1.4452	 | 	Valid Accuracy     : 0.4204

Epoch : 277
Train Loss     : 1.4228	 | 	Train Accuracy     : 0.4190
Valid Loss     : 1.4451	 | 	Valid Accuracy     : 0.4204

Epoch : 278
Train Loss     : 1.4230	 | 	Train Accuracy     : 0.4189
Valid Loss     : 1.4452	 | 	Valid Accuracy     : 0.4204

Epoch : 279
Train Loss     : 1.4228	 | 	Train Accuracy     : 0.4190
Valid Loss     : 1.4451	 | 	Valid Accuracy     : 0.4204

Epoch : 280
Train Loss     : 1.4225	 | 	Train Accuracy     : 0.4190
Valid Loss     : 1.4452	 | 	Valid Accuracy     : 0.4204

Epoch : 281
Train Loss     : 1.4232	 | 	Train Accuracy     : 0.4189
Valid Loss     : 1.4451	 | 	Valid Accuracy     : 0.4204

Epoch : 282
Train Loss     : 1.4228	 | 	Train Accuracy     : 0.4187
Valid Loss     : 1.4452	 | 	Valid Accuracy     : 0.4204

Epoch : 283
Train Loss     : 1.4226	 | 	Train Accuracy     : 0.4189
Valid Loss     : 1.4451	 | 	Valid Accuracy     : 0.4204

Epoch : 284
Train Loss     : 1.4230	 | 	Train Accuracy     : 0.4189
Valid Loss     : 1.4451	 | 	Valid Accuracy     : 0.4204

Epoch : 285
Train Loss     : 1.4231	 | 	Train Accuracy     : 0.4189
Valid Loss     : 1.4451	 | 	Valid Accuracy     : 0.4204

Epoch : 286
Train Loss     : 1.4227	 | 	Train Accuracy     : 0.4189
Valid Loss     : 1.4452	 | 	Valid Accuracy     : 0.4204

Epoch : 287
Train Loss     : 1.4225	 | 	Train Accuracy     : 0.4190
Valid Loss     : 1.4451	 | 	Valid Accuracy     : 0.4204

Epoch : 288
Train Loss     : 1.4227	 | 	Train Accuracy     : 0.4189
Valid Loss     : 1.4452	 | 	Valid Accuracy     : 0.4204

Epoch : 289
Train Loss     : 1.4226	 | 	Train Accuracy     : 0.4190
Valid Loss     : 1.4452	 | 	Valid Accuracy     : 0.4204

Epoch : 290
Train Loss     : 1.4223	 | 	Train Accuracy     : 0.4190
Valid Loss     : 1.4451	 | 	Valid Accuracy     : 0.4204

Epoch : 291
Train Loss     : 1.4229	 | 	Train Accuracy     : 0.4190
Valid Loss     : 1.4451	 | 	Valid Accuracy     : 0.4204

Epoch : 292
Train Loss     : 1.4224	 | 	Train Accuracy     : 0.4190
Valid Loss     : 1.4452	 | 	Valid Accuracy     : 0.4204

Epoch : 293
Train Loss     : 1.4227	 | 	Train Accuracy     : 0.4190
Valid Loss     : 1.4452	 | 	Valid Accuracy     : 0.4204

Epoch : 294
Train Loss     : 1.4224	 | 	Train Accuracy     : 0.4190
Valid Loss     : 1.4452	 | 	Valid Accuracy     : 0.4204

Epoch : 295
Train Loss     : 1.4229	 | 	Train Accuracy     : 0.4190
Valid Loss     : 1.4452	 | 	Valid Accuracy     : 0.4204

Epoch : 296
Train Loss     : 1.4229	 | 	Train Accuracy     : 0.4190
Valid Loss     : 1.4451	 | 	Valid Accuracy     : 0.4204

Epoch : 297
Train Loss     : 1.4223	 | 	Train Accuracy     : 0.4191
Valid Loss     : 1.4452	 | 	Valid Accuracy     : 0.4204

Epoch : 298
Train Loss     : 1.4227	 | 	Train Accuracy     : 0.4189
Valid Loss     : 1.4452	 | 	Valid Accuracy     : 0.4204

Epoch : 299
Train Loss     : 1.4226	 | 	Train Accuracy     : 0.4189
Valid Loss     : 1.4452	 | 	Valid Accuracy     : 0.4204

Epoch : 300
Train Loss     : 1.4227	 | 	Train Accuracy     : 0.4189
Valid Loss     : 1.4451	 | 	Valid Accuracy     : 0.4204

Epoch : 301
Train Loss     : 1.4227	 | 	Train Accuracy     : 0.4188
Valid Loss     : 1.4452	 | 	Valid Accuracy     : 0.4204

Epoch : 302
Train Loss     : 1.4232	 | 	Train Accuracy     : 0.4186
Valid Loss     : 1.4452	 | 	Valid Accuracy     : 0.4204

Epoch : 303
Train Loss     : 1.4226	 | 	Train Accuracy     : 0.4189
Valid Loss     : 1.4452	 | 	Valid Accuracy     : 0.4204

Epoch : 304
Train Loss     : 1.4226	 | 	Train Accuracy     : 0.4191
Valid Loss     : 1.4452	 | 	Valid Accuracy     : 0.4204

Epoch : 305
Train Loss     : 1.4227	 | 	Train Accuracy     : 0.4192
Valid Loss     : 1.4452	 | 	Valid Accuracy     : 0.4204

Epoch : 306
Train Loss     : 1.4228	 | 	Train Accuracy     : 0.4190
Valid Loss     : 1.4451	 | 	Valid Accuracy     : 0.4204

Epoch : 307
Train Loss     : 1.4226	 | 	Train Accuracy     : 0.4189
Valid Loss     : 1.4452	 | 	Valid Accuracy     : 0.4204

Epoch : 308
Train Loss     : 1.4223	 | 	Train Accuracy     : 0.4192
Valid Loss     : 1.4452	 | 	Valid Accuracy     : 0.4204

Epoch : 309
Train Loss     : 1.4228	 | 	Train Accuracy     : 0.4189
Valid Loss     : 1.4452	 | 	Valid Accuracy     : 0.4204

Epoch : 310
Train Loss     : 1.4224	 | 	Train Accuracy     : 0.4190
Valid Loss     : 1.4452	 | 	Valid Accuracy     : 0.4204

Epoch : 311
Train Loss     : 1.4231	 | 	Train Accuracy     : 0.4190
Valid Loss     : 1.4451	 | 	Valid Accuracy     : 0.4204

Epoch : 312
Train Loss     : 1.4229	 | 	Train Accuracy     : 0.4190
Valid Loss     : 1.4451	 | 	Valid Accuracy     : 0.4204

Epoch : 313
Train Loss     : 1.4222	 | 	Train Accuracy     : 0.4190
Valid Loss     : 1.4451	 | 	Valid Accuracy     : 0.4204

Epoch : 314
Train Loss     : 1.4231	 | 	Train Accuracy     : 0.4188
Valid Loss     : 1.4452	 | 	Valid Accuracy     : 0.4204

Epoch : 315
Train Loss     : 1.4227	 | 	Train Accuracy     : 0.4189
Valid Loss     : 1.4452	 | 	Valid Accuracy     : 0.4204

Epoch : 316
Train Loss     : 1.4228	 | 	Train Accuracy     : 0.4191
Valid Loss     : 1.4451	 | 	Valid Accuracy     : 0.4204

Epoch : 317
Train Loss     : 1.4226	 | 	Train Accuracy     : 0.4189
Valid Loss     : 1.4451	 | 	Valid Accuracy     : 0.4204

Epoch : 318
Train Loss     : 1.4225	 | 	Train Accuracy     : 0.4188
Valid Loss     : 1.4451	 | 	Valid Accuracy     : 0.4204

Epoch : 319
Train Loss     : 1.4230	 | 	Train Accuracy     : 0.4190
Valid Loss     : 1.4451	 | 	Valid Accuracy     : 0.4204

Epoch : 320
Train Loss     : 1.4224	 | 	Train Accuracy     : 0.4190
Valid Loss     : 1.4451	 | 	Valid Accuracy     : 0.4204

Epoch : 321
Train Loss     : 1.4227	 | 	Train Accuracy     : 0.4190
Valid Loss     : 1.4452	 | 	Valid Accuracy     : 0.4204

Epoch : 322
Train Loss     : 1.4224	 | 	Train Accuracy     : 0.4190
Valid Loss     : 1.4452	 | 	Valid Accuracy     : 0.4204

Epoch : 323
Train Loss     : 1.4225	 | 	Train Accuracy     : 0.4190
Valid Loss     : 1.4452	 | 	Valid Accuracy     : 0.4204

Epoch : 324
Train Loss     : 1.4229	 | 	Train Accuracy     : 0.4189
Valid Loss     : 1.4452	 | 	Valid Accuracy     : 0.4204

Epoch : 325
Train Loss     : 1.4227	 | 	Train Accuracy     : 0.4190
Valid Loss     : 1.4451	 | 	Valid Accuracy     : 0.4204

Epoch : 326
Train Loss     : 1.4225	 | 	Train Accuracy     : 0.4191
Valid Loss     : 1.4451	 | 	Valid Accuracy     : 0.4204

Epoch : 327
Train Loss     : 1.4222	 | 	Train Accuracy     : 0.4190
Valid Loss     : 1.4452	 | 	Valid Accuracy     : 0.4204

Epoch : 328
Train Loss     : 1.4229	 | 	Train Accuracy     : 0.4190
Valid Loss     : 1.4452	 | 	Valid Accuracy     : 0.4204

Epoch : 329
Train Loss     : 1.4227	 | 	Train Accuracy     : 0.4189
Valid Loss     : 1.4451	 | 	Valid Accuracy     : 0.4204

Epoch : 330
Train Loss     : 1.4223	 | 	Train Accuracy     : 0.4191
Valid Loss     : 1.4452	 | 	Valid Accuracy     : 0.4204

Epoch : 331
Train Loss     : 1.4225	 | 	Train Accuracy     : 0.4192
Valid Loss     : 1.4452	 | 	Valid Accuracy     : 0.4204

Epoch : 332
Train Loss     : 1.4221	 | 	Train Accuracy     : 0.4191
Valid Loss     : 1.4452	 | 	Valid Accuracy     : 0.4204

Epoch : 333
Train Loss     : 1.4226	 | 	Train Accuracy     : 0.4189
Valid Loss     : 1.4452	 | 	Valid Accuracy     : 0.4204

Epoch : 334
Train Loss     : 1.4229	 | 	Train Accuracy     : 0.4186
Valid Loss     : 1.4451	 | 	Valid Accuracy     : 0.4204

Epoch : 335
Train Loss     : 1.4223	 | 	Train Accuracy     : 0.4189
Valid Loss     : 1.4453	 | 	Valid Accuracy     : 0.4204

Epoch : 336
Train Loss     : 1.4228	 | 	Train Accuracy     : 0.4189
Valid Loss     : 1.4452	 | 	Valid Accuracy     : 0.4204

Epoch : 337
Train Loss     : 1.4226	 | 	Train Accuracy     : 0.4189
Valid Loss     : 1.4452	 | 	Valid Accuracy     : 0.4204

Epoch : 338
Train Loss     : 1.4225	 | 	Train Accuracy     : 0.4189
Valid Loss     : 1.4451	 | 	Valid Accuracy     : 0.4204

Epoch : 339
Train Loss     : 1.4222	 | 	Train Accuracy     : 0.4192
Valid Loss     : 1.4452	 | 	Valid Accuracy     : 0.4204

Epoch : 340
Train Loss     : 1.4227	 | 	Train Accuracy     : 0.4188
Valid Loss     : 1.4452	 | 	Valid Accuracy     : 0.4204

Epoch : 341
Train Loss     : 1.4220	 | 	Train Accuracy     : 0.4190
Valid Loss     : 1.4452	 | 	Valid Accuracy     : 0.4204

Epoch : 342
Train Loss     : 1.4224	 | 	Train Accuracy     : 0.4189
Valid Loss     : 1.4452	 | 	Valid Accuracy     : 0.4204

Epoch : 343
Train Loss     : 1.4225	 | 	Train Accuracy     : 0.4189
Valid Loss     : 1.4452	 | 	Valid Accuracy     : 0.4204

Epoch : 344
Train Loss     : 1.4228	 | 	Train Accuracy     : 0.4189
Valid Loss     : 1.4452	 | 	Valid Accuracy     : 0.4204

Epoch : 345
Train Loss     : 1.4227	 | 	Train Accuracy     : 0.4190
Valid Loss     : 1.4452	 | 	Valid Accuracy     : 0.4204

Epoch : 346
Train Loss     : 1.4230	 | 	Train Accuracy     : 0.4187
Valid Loss     : 1.4452	 | 	Valid Accuracy     : 0.4204

Epoch : 347
Train Loss     : 1.4229	 | 	Train Accuracy     : 0.4189
Valid Loss     : 1.4452	 | 	Valid Accuracy     : 0.4204

Epoch : 348
Train Loss     : 1.4223	 | 	Train Accuracy     : 0.4190
Valid Loss     : 1.4452	 | 	Valid Accuracy     : 0.4204

Epoch : 349
Train Loss     : 1.4228	 | 	Train Accuracy     : 0.4190
Valid Loss     : 1.4452	 | 	Valid Accuracy     : 0.4204

Epoch : 350
Train Loss     : 1.4228	 | 	Train Accuracy     : 0.4188
Valid Loss     : 1.4452	 | 	Valid Accuracy     : 0.4204

Epoch : 351
Train Loss     : 1.4223	 | 	Train Accuracy     : 0.4191
Valid Loss     : 1.4452	 | 	Valid Accuracy     : 0.4204

Epoch : 352
Train Loss     : 1.4226	 | 	Train Accuracy     : 0.4189
Valid Loss     : 1.4452	 | 	Valid Accuracy     : 0.4204

Epoch : 353
Train Loss     : 1.4224	 | 	Train Accuracy     : 0.4189
Valid Loss     : 1.4452	 | 	Valid Accuracy     : 0.4204

Epoch : 354
Train Loss     : 1.4228	 | 	Train Accuracy     : 0.4187
Valid Loss     : 1.4452	 | 	Valid Accuracy     : 0.4204

Epoch : 355
Train Loss     : 1.4226	 | 	Train Accuracy     : 0.4189
Valid Loss     : 1.4452	 | 	Valid Accuracy     : 0.4204

Epoch : 356
Train Loss     : 1.4227	 | 	Train Accuracy     : 0.4188
Valid Loss     : 1.4453	 | 	Valid Accuracy     : 0.4204

Epoch : 357
Train Loss     : 1.4226	 | 	Train Accuracy     : 0.4190
Valid Loss     : 1.4452	 | 	Valid Accuracy     : 0.4204

Epoch : 358
Train Loss     : 1.4223	 | 	Train Accuracy     : 0.4191
Valid Loss     : 1.4452	 | 	Valid Accuracy     : 0.4204

Epoch : 359
Train Loss     : 1.4226	 | 	Train Accuracy     : 0.4189
Valid Loss     : 1.4452	 | 	Valid Accuracy     : 0.4204

Epoch : 360
Train Loss     : 1.4224	 | 	Train Accuracy     : 0.4189
Valid Loss     : 1.4452	 | 	Valid Accuracy     : 0.4204

Epoch : 361
Train Loss     : 1.4224	 | 	Train Accuracy     : 0.4189
Valid Loss     : 1.4452	 | 	Valid Accuracy     : 0.4204

Epoch : 362
Train Loss     : 1.4222	 | 	Train Accuracy     : 0.4188
Valid Loss     : 1.4452	 | 	Valid Accuracy     : 0.4204

Epoch : 363
Train Loss     : 1.4224	 | 	Train Accuracy     : 0.4190
Valid Loss     : 1.4452	 | 	Valid Accuracy     : 0.4204

Epoch : 364
Train Loss     : 1.4226	 | 	Train Accuracy     : 0.4189
Valid Loss     : 1.4452	 | 	Valid Accuracy     : 0.4204

Epoch : 365
Train Loss     : 1.4225	 | 	Train Accuracy     : 0.4188
Valid Loss     : 1.4452	 | 	Valid Accuracy     : 0.4204

Epoch : 366
Train Loss     : 1.4225	 | 	Train Accuracy     : 0.4190
Valid Loss     : 1.4452	 | 	Valid Accuracy     : 0.4204

Epoch : 367
Train Loss     : 1.4225	 | 	Train Accuracy     : 0.4190
Valid Loss     : 1.4452	 | 	Valid Accuracy     : 0.4204

Epoch : 368
Train Loss     : 1.4222	 | 	Train Accuracy     : 0.4191
Valid Loss     : 1.4452	 | 	Valid Accuracy     : 0.4204

Epoch : 369
Train Loss     : 1.4227	 | 	Train Accuracy     : 0.4189
Valid Loss     : 1.4452	 | 	Valid Accuracy     : 0.4204

Epoch : 370
Train Loss     : 1.4225	 | 	Train Accuracy     : 0.4190
Valid Loss     : 1.4452	 | 	Valid Accuracy     : 0.4204

Epoch : 371
Train Loss     : 1.4227	 | 	Train Accuracy     : 0.4189
Valid Loss     : 1.4452	 | 	Valid Accuracy     : 0.4204

Epoch : 372
Train Loss     : 1.4227	 | 	Train Accuracy     : 0.4189
Valid Loss     : 1.4452	 | 	Valid Accuracy     : 0.4204

Epoch : 373
Train Loss     : 1.4228	 | 	Train Accuracy     : 0.4188
Valid Loss     : 1.4452	 | 	Valid Accuracy     : 0.4204

Epoch : 374
Train Loss     : 1.4226	 | 	Train Accuracy     : 0.4190
Valid Loss     : 1.4452	 | 	Valid Accuracy     : 0.4204

Epoch : 375
Train Loss     : 1.4227	 | 	Train Accuracy     : 0.4190
Valid Loss     : 1.4452	 | 	Valid Accuracy     : 0.4204

Epoch : 376
Train Loss     : 1.4228	 | 	Train Accuracy     : 0.4188
Valid Loss     : 1.4452	 | 	Valid Accuracy     : 0.4204

Epoch : 377
Train Loss     : 1.4225	 | 	Train Accuracy     : 0.4188
Valid Loss     : 1.4452	 | 	Valid Accuracy     : 0.4204

Epoch : 378
Train Loss     : 1.4227	 | 	Train Accuracy     : 0.4190
Valid Loss     : 1.4452	 | 	Valid Accuracy     : 0.4204

Epoch : 379
Train Loss     : 1.4229	 | 	Train Accuracy     : 0.4188
Valid Loss     : 1.4452	 | 	Valid Accuracy     : 0.4204

Epoch : 380
Train Loss     : 1.4225	 | 	Train Accuracy     : 0.4189
Valid Loss     : 1.4452	 | 	Valid Accuracy     : 0.4204

Epoch : 381
Train Loss     : 1.4221	 | 	Train Accuracy     : 0.4189
Valid Loss     : 1.4452	 | 	Valid Accuracy     : 0.4204

Epoch : 382
Train Loss     : 1.4220	 | 	Train Accuracy     : 0.4190
Valid Loss     : 1.4451	 | 	Valid Accuracy     : 0.4204

Epoch : 383
Train Loss     : 1.4224	 | 	Train Accuracy     : 0.4190
Valid Loss     : 1.4452	 | 	Valid Accuracy     : 0.4204

Epoch : 384
Train Loss     : 1.4227	 | 	Train Accuracy     : 0.4187
Valid Loss     : 1.4452	 | 	Valid Accuracy     : 0.4204

Epoch : 385
Train Loss     : 1.4224	 | 	Train Accuracy     : 0.4189
Valid Loss     : 1.4452	 | 	Valid Accuracy     : 0.4204

Epoch : 386
Train Loss     : 1.4223	 | 	Train Accuracy     : 0.4189
Valid Loss     : 1.4452	 | 	Valid Accuracy     : 0.4204

Epoch : 387
Train Loss     : 1.4229	 | 	Train Accuracy     : 0.4189
Valid Loss     : 1.4452	 | 	Valid Accuracy     : 0.4204

Epoch : 388
Train Loss     : 1.4228	 | 	Train Accuracy     : 0.4189
Valid Loss     : 1.4451	 | 	Valid Accuracy     : 0.4204

Epoch : 389
Train Loss     : 1.4223	 | 	Train Accuracy     : 0.4190
Valid Loss     : 1.4452	 | 	Valid Accuracy     : 0.4204

Epoch : 390
Train Loss     : 1.4222	 | 	Train Accuracy     : 0.4190
Valid Loss     : 1.4452	 | 	Valid Accuracy     : 0.4204

Epoch : 391
Train Loss     : 1.4225	 | 	Train Accuracy     : 0.4190
Valid Loss     : 1.4453	 | 	Valid Accuracy     : 0.4204

Epoch : 392
Train Loss     : 1.4226	 | 	Train Accuracy     : 0.4189
Valid Loss     : 1.4452	 | 	Valid Accuracy     : 0.4204

Epoch : 393
Train Loss     : 1.4221	 | 	Train Accuracy     : 0.4190
Valid Loss     : 1.4452	 | 	Valid Accuracy     : 0.4204

Epoch : 394
Train Loss     : 1.4221	 | 	Train Accuracy     : 0.4190
Valid Loss     : 1.4452	 | 	Valid Accuracy     : 0.4204

Epoch : 395
Train Loss     : 1.4227	 | 	Train Accuracy     : 0.4189
Valid Loss     : 1.4452	 | 	Valid Accuracy     : 0.4204

Epoch : 396
Train Loss     : 1.4229	 | 	Train Accuracy     : 0.4188
Valid Loss     : 1.4452	 | 	Valid Accuracy     : 0.4204

Epoch : 397
Train Loss     : 1.4225	 | 	Train Accuracy     : 0.4189
Valid Loss     : 1.4452	 | 	Valid Accuracy     : 0.4204

Epoch : 398
Train Loss     : 1.4225	 | 	Train Accuracy     : 0.4189
Valid Loss     : 1.4452	 | 	Valid Accuracy     : 0.4204

Epoch : 399
Train Loss     : 1.4220	 | 	Train Accuracy     : 0.4191
Valid Loss     : 1.4452	 | 	Valid Accuracy     : 0.4204

Epoch : 400
Train Loss     : 1.4226	 | 	Train Accuracy     : 0.4190
Valid Loss     : 1.4452	 | 	Valid Accuracy     : 0.4204

Evaluate on the Test set:
Test loss      :1.4507	 | Test Accuracy      : 0.4142

################## Training is Done! #########################
Training time is : 11:26:57.639632
