=============================================
Dataset: sleepEDF
Method:  TS-TCC
Mode:    supervised
=============================================
Data loaded ...
Training started ....

Epoch : 1
Train Loss     : 0.7620	 | 	Train Accuracy     : 0.7097
Valid Loss     : 1.1367	 | 	Valid Accuracy     : 0.6844

Epoch : 2
Train Loss     : 0.5234	 | 	Train Accuracy     : 0.8090
Valid Loss     : 0.8131	 | 	Valid Accuracy     : 0.7356

Epoch : 3
Train Loss     : 0.4754	 | 	Train Accuracy     : 0.8249
Valid Loss     : 0.7788	 | 	Valid Accuracy     : 0.7774

Epoch : 4
Train Loss     : 0.4512	 | 	Train Accuracy     : 0.8352
Valid Loss     : 0.7669	 | 	Valid Accuracy     : 0.7702

Epoch : 5
Train Loss     : 0.4394	 | 	Train Accuracy     : 0.8363
Valid Loss     : 0.7459	 | 	Valid Accuracy     : 0.7960

Epoch : 6
Train Loss     : 0.4214	 | 	Train Accuracy     : 0.8446
Valid Loss     : 0.7407	 | 	Valid Accuracy     : 0.8005

Epoch : 7
Train Loss     : 0.4123	 | 	Train Accuracy     : 0.8491
Valid Loss     : 0.7783	 | 	Valid Accuracy     : 0.8027

Epoch : 8
Train Loss     : 0.3835	 | 	Train Accuracy     : 0.8595
Valid Loss     : 0.8130	 | 	Valid Accuracy     : 0.7744

Epoch : 9
Train Loss     : 0.3614	 | 	Train Accuracy     : 0.8649
Valid Loss     : 0.8733	 | 	Valid Accuracy     : 0.7703

Epoch : 10
Train Loss     : 0.3536	 | 	Train Accuracy     : 0.8679
Valid Loss     : 0.7874	 | 	Valid Accuracy     : 0.7617

Epoch : 11
Train Loss     : 0.3479	 | 	Train Accuracy     : 0.8696
Valid Loss     : 0.8360	 | 	Valid Accuracy     : 0.7625

Epoch : 12
Train Loss     : 0.3198	 | 	Train Accuracy     : 0.8807
Valid Loss     : 0.8148	 | 	Valid Accuracy     : 0.7824

Epoch : 13
Train Loss     : 0.3130	 | 	Train Accuracy     : 0.8813
Valid Loss     : 0.8523	 | 	Valid Accuracy     : 0.7871

Epoch : 14
Train Loss     : 0.2901	 | 	Train Accuracy     : 0.8918
Valid Loss     : 1.0045	 | 	Valid Accuracy     : 0.7584

Epoch : 15
Train Loss     : 0.2852	 | 	Train Accuracy     : 0.8932
Valid Loss     : 0.8956	 | 	Valid Accuracy     : 0.7607

Epoch : 16
Train Loss     : 0.2737	 | 	Train Accuracy     : 0.8966
Valid Loss     : 0.8851	 | 	Valid Accuracy     : 0.7767

Epoch : 17
Train Loss     : 0.2573	 | 	Train Accuracy     : 0.9024
Valid Loss     : 0.8450	 | 	Valid Accuracy     : 0.7853

Epoch : 18
Train Loss     : 0.1999	 | 	Train Accuracy     : 0.9299
Valid Loss     : 0.8560	 | 	Valid Accuracy     : 0.7907

Epoch : 19
Train Loss     : 0.1936	 | 	Train Accuracy     : 0.9343
Valid Loss     : 0.8279	 | 	Valid Accuracy     : 0.7944

Epoch : 20
Train Loss     : 0.1904	 | 	Train Accuracy     : 0.9340
Valid Loss     : 0.8747	 | 	Valid Accuracy     : 0.7794

Epoch : 21
Train Loss     : 0.1879	 | 	Train Accuracy     : 0.9369
Valid Loss     : 0.8826	 | 	Valid Accuracy     : 0.7902

Epoch : 22
Train Loss     : 0.1871	 | 	Train Accuracy     : 0.9367
Valid Loss     : 0.8701	 | 	Valid Accuracy     : 0.7865

Epoch : 23
Train Loss     : 0.1824	 | 	Train Accuracy     : 0.9382
Valid Loss     : 0.8718	 | 	Valid Accuracy     : 0.7855

Epoch : 24
Train Loss     : 0.1794	 | 	Train Accuracy     : 0.9391
Valid Loss     : 0.8727	 | 	Valid Accuracy     : 0.7941

Epoch : 25
Train Loss     : 0.1767	 | 	Train Accuracy     : 0.9414
Valid Loss     : 0.8486	 | 	Valid Accuracy     : 0.8005

Epoch : 26
Train Loss     : 0.1754	 | 	Train Accuracy     : 0.9427
Valid Loss     : 0.8790	 | 	Valid Accuracy     : 0.7974

Epoch : 27
Train Loss     : 0.1757	 | 	Train Accuracy     : 0.9420
Valid Loss     : 0.8520	 | 	Valid Accuracy     : 0.7944

Epoch : 28
Train Loss     : 0.1736	 | 	Train Accuracy     : 0.9432
Valid Loss     : 0.8678	 | 	Valid Accuracy     : 0.7969

Epoch : 29
Train Loss     : 0.1660	 | 	Train Accuracy     : 0.9474
Valid Loss     : 0.8544	 | 	Valid Accuracy     : 0.7961

Epoch : 30
Train Loss     : 0.1673	 | 	Train Accuracy     : 0.9478
Valid Loss     : 0.8635	 | 	Valid Accuracy     : 0.7937

Epoch : 31
Train Loss     : 0.1633	 | 	Train Accuracy     : 0.9477
Valid Loss     : 0.8631	 | 	Valid Accuracy     : 0.7933

Epoch : 32
Train Loss     : 0.1648	 | 	Train Accuracy     : 0.9476
Valid Loss     : 0.8508	 | 	Valid Accuracy     : 0.7990

Epoch : 33
Train Loss     : 0.1651	 | 	Train Accuracy     : 0.9470
Valid Loss     : 0.8566	 | 	Valid Accuracy     : 0.7937

Epoch : 34
Train Loss     : 0.1638	 | 	Train Accuracy     : 0.9487
Valid Loss     : 0.8549	 | 	Valid Accuracy     : 0.7964

Epoch : 35
Train Loss     : 0.1625	 | 	Train Accuracy     : 0.9497
Valid Loss     : 0.8544	 | 	Valid Accuracy     : 0.7959

Epoch : 36
Train Loss     : 0.1637	 | 	Train Accuracy     : 0.9479
Valid Loss     : 0.8499	 | 	Valid Accuracy     : 0.7972

Epoch : 37
Train Loss     : 0.1632	 | 	Train Accuracy     : 0.9477
Valid Loss     : 0.8508	 | 	Valid Accuracy     : 0.7950

Epoch : 38
Train Loss     : 0.1635	 | 	Train Accuracy     : 0.9473
Valid Loss     : 0.8538	 | 	Valid Accuracy     : 0.7960

Epoch : 39
Train Loss     : 0.1628	 | 	Train Accuracy     : 0.9482
Valid Loss     : 0.8613	 | 	Valid Accuracy     : 0.7954

Epoch : 40
Train Loss     : 0.1625	 | 	Train Accuracy     : 0.9485
Valid Loss     : 0.8545	 | 	Valid Accuracy     : 0.7964

Evaluate on the Test set:
Test loss      :0.5621	 | Test Accuracy      : 0.8129

################## Training is Done! #########################
Training time is : 0:01:17.789762
