=============================================
Dataset: EMG
Method:  °³¹ßÁß...
Mode:    supervised
=============================================
Data loaded ...
Training started ....

Epoch : 1
Train Loss     : 0.2722	 | 	Train Accuracy     : 0.9167
Valid Loss     : 1.1993	 | 	Valid Accuracy     : 0.5750

Epoch : 2
Train Loss     : 0.0345	 | 	Train Accuracy     : 0.9917
Valid Loss     : 0.6344	 | 	Valid Accuracy     : 0.6500

Epoch : 3
Train Loss     : 0.0140	 | 	Train Accuracy     : 1.0000
Valid Loss     : 0.1255	 | 	Valid Accuracy     : 0.9750

Epoch : 4
Train Loss     : 0.0053	 | 	Train Accuracy     : 1.0000
Valid Loss     : 0.0385	 | 	Valid Accuracy     : 0.9750

Epoch : 5
Train Loss     : 0.0013	 | 	Train Accuracy     : 1.0000
Valid Loss     : 0.0120	 | 	Valid Accuracy     : 1.0000

Epoch : 6
Train Loss     : 0.0814	 | 	Train Accuracy     : 0.9667
Valid Loss     : 0.0103	 | 	Valid Accuracy     : 1.0000

Epoch : 7
Train Loss     : 0.0450	 | 	Train Accuracy     : 0.9833
Valid Loss     : 0.0095	 | 	Valid Accuracy     : 1.0000

Epoch : 8
Train Loss     : 0.0549	 | 	Train Accuracy     : 0.9750
Valid Loss     : 0.0138	 | 	Valid Accuracy     : 1.0000

Epoch : 9
Train Loss     : 0.0531	 | 	Train Accuracy     : 0.9750
Valid Loss     : 0.2559	 | 	Valid Accuracy     : 0.9750

Epoch : 10
Train Loss     : 0.1019	 | 	Train Accuracy     : 0.9583
Valid Loss     : 0.1807	 | 	Valid Accuracy     : 0.9750

Epoch : 11
Train Loss     : 0.0200	 | 	Train Accuracy     : 0.9917
Valid Loss     : 0.0418	 | 	Valid Accuracy     : 0.9750

Epoch : 12
Train Loss     : 0.0067	 | 	Train Accuracy     : 1.0000
Valid Loss     : 0.0098	 | 	Valid Accuracy     : 1.0000

Epoch : 13
Train Loss     : 0.0141	 | 	Train Accuracy     : 1.0000
Valid Loss     : 0.0013	 | 	Valid Accuracy     : 1.0000

Epoch : 14
Train Loss     : 0.0159	 | 	Train Accuracy     : 0.9917
Valid Loss     : 0.0017	 | 	Valid Accuracy     : 1.0000

Epoch : 15
Train Loss     : 0.0126	 | 	Train Accuracy     : 0.9917
Valid Loss     : 0.0116	 | 	Valid Accuracy     : 1.0000

Epoch : 16
Train Loss     : 0.0011	 | 	Train Accuracy     : 1.0000
Valid Loss     : 0.0055	 | 	Valid Accuracy     : 1.0000

Epoch : 17
Train Loss     : 0.0008	 | 	Train Accuracy     : 1.0000
Valid Loss     : 0.0024	 | 	Valid Accuracy     : 1.0000

Epoch : 18
Train Loss     : 0.0008	 | 	Train Accuracy     : 1.0000
Valid Loss     : 0.0017	 | 	Valid Accuracy     : 1.0000

Epoch : 19
Train Loss     : 0.0011	 | 	Train Accuracy     : 1.0000
Valid Loss     : 0.0010	 | 	Valid Accuracy     : 1.0000

Epoch : 20
Train Loss     : 0.0003	 | 	Train Accuracy     : 1.0000
Valid Loss     : 0.0008	 | 	Valid Accuracy     : 1.0000

Epoch : 21
Train Loss     : 0.0008	 | 	Train Accuracy     : 1.0000
Valid Loss     : 0.0008	 | 	Valid Accuracy     : 1.0000

Epoch : 22
Train Loss     : 0.0005	 | 	Train Accuracy     : 1.0000
Valid Loss     : 0.0006	 | 	Valid Accuracy     : 1.0000

Epoch : 23
Train Loss     : 0.0003	 | 	Train Accuracy     : 1.0000
Valid Loss     : 0.0007	 | 	Valid Accuracy     : 1.0000

Epoch : 24
Train Loss     : 0.0004	 | 	Train Accuracy     : 1.0000
Valid Loss     : 0.0007	 | 	Valid Accuracy     : 1.0000

Epoch : 25
Train Loss     : 0.0003	 | 	Train Accuracy     : 1.0000
Valid Loss     : 0.0005	 | 	Valid Accuracy     : 1.0000

Epoch : 26
Train Loss     : 0.0009	 | 	Train Accuracy     : 1.0000
Valid Loss     : 0.0006	 | 	Valid Accuracy     : 1.0000

Epoch : 27
Train Loss     : 0.0007	 | 	Train Accuracy     : 1.0000
Valid Loss     : 0.0005	 | 	Valid Accuracy     : 1.0000

Epoch : 28
Train Loss     : 0.0002	 | 	Train Accuracy     : 1.0000
Valid Loss     : 0.0005	 | 	Valid Accuracy     : 1.0000

Epoch : 29
Train Loss     : 0.0028	 | 	Train Accuracy     : 1.0000
Valid Loss     : 0.0004	 | 	Valid Accuracy     : 1.0000

Epoch : 30
Train Loss     : 0.0001	 | 	Train Accuracy     : 1.0000
Valid Loss     : 0.0002	 | 	Valid Accuracy     : 1.0000

Evaluate on the Test set:
Test loss      :0.1031	 | Test Accuracy      : 0.9833

################## Training is Done! #########################
Training time is : 0:00:46.813972
