=============================================
Dataset: sleepEDF
Method:  TS-TCC
Mode:    supervised
=============================================
Data loaded ...
Training started ....

Epoch : 1
Train Loss     : 1.5518	 | 	Train Accuracy     : 0.3488
Valid Loss     : 1.5085	 | 	Valid Accuracy     : 0.3629

Epoch : 2
Train Loss     : 1.4325	 | 	Train Accuracy     : 0.3790
Valid Loss     : 1.5011	 | 	Valid Accuracy     : 0.3831

Epoch : 3
Train Loss     : 1.3809	 | 	Train Accuracy     : 0.4042
Valid Loss     : 1.4890	 | 	Valid Accuracy     : 0.4093

Epoch : 4
Train Loss     : 1.3239	 | 	Train Accuracy     : 0.4446
Valid Loss     : 1.4919	 | 	Valid Accuracy     : 0.3952

Epoch : 5
Train Loss     : 1.2634	 | 	Train Accuracy     : 0.4718
Valid Loss     : 1.4902	 | 	Valid Accuracy     : 0.4093

Epoch : 6
Train Loss     : 1.2157	 | 	Train Accuracy     : 0.4970
Valid Loss     : 1.4949	 | 	Valid Accuracy     : 0.3972

Epoch : 7
Train Loss     : 1.1674	 | 	Train Accuracy     : 0.5131
Valid Loss     : 1.5096	 | 	Valid Accuracy     : 0.4073

Epoch : 8
Train Loss     : 1.1294	 | 	Train Accuracy     : 0.5363
Valid Loss     : 1.5051	 | 	Valid Accuracy     : 0.3972

Epoch : 9
Train Loss     : 1.0810	 | 	Train Accuracy     : 0.6089
Valid Loss     : 1.5026	 | 	Valid Accuracy     : 0.3881

Epoch : 10
Train Loss     : 1.0394	 | 	Train Accuracy     : 0.6109
Valid Loss     : 1.5145	 | 	Valid Accuracy     : 0.4123

Epoch : 11
Train Loss     : 0.9681	 | 	Train Accuracy     : 0.6522
Valid Loss     : 1.5120	 | 	Valid Accuracy     : 0.3861

Epoch : 12
Train Loss     : 0.9350	 | 	Train Accuracy     : 0.6875
Valid Loss     : 1.5159	 | 	Valid Accuracy     : 0.3740

Epoch : 13
Train Loss     : 0.9011	 | 	Train Accuracy     : 0.6845
Valid Loss     : 1.5152	 | 	Valid Accuracy     : 0.3810

Epoch : 14
Train Loss     : 0.8528	 | 	Train Accuracy     : 0.7359
Valid Loss     : 1.5242	 | 	Valid Accuracy     : 0.3821

Epoch : 15
Train Loss     : 0.8202	 | 	Train Accuracy     : 0.7308
Valid Loss     : 1.5190	 | 	Valid Accuracy     : 0.3921

Epoch : 16
Train Loss     : 0.8182	 | 	Train Accuracy     : 0.7319
Valid Loss     : 1.5228	 | 	Valid Accuracy     : 0.3669

Epoch : 17
Train Loss     : 0.8167	 | 	Train Accuracy     : 0.7429
Valid Loss     : 1.5208	 | 	Valid Accuracy     : 0.3891

Epoch : 18
Train Loss     : 0.8251	 | 	Train Accuracy     : 0.7369
Valid Loss     : 1.5213	 | 	Valid Accuracy     : 0.3871

Epoch : 19
Train Loss     : 0.8211	 | 	Train Accuracy     : 0.7258
Valid Loss     : 1.5230	 | 	Valid Accuracy     : 0.3800

Epoch : 20
Train Loss     : 0.8333	 | 	Train Accuracy     : 0.7177
Valid Loss     : 1.5240	 | 	Valid Accuracy     : 0.3750

Epoch : 21
Train Loss     : 0.8083	 | 	Train Accuracy     : 0.7480
Valid Loss     : 1.5227	 | 	Valid Accuracy     : 0.3821

Epoch : 22
Train Loss     : 0.7840	 | 	Train Accuracy     : 0.7550
Valid Loss     : 1.5244	 | 	Valid Accuracy     : 0.3720

Epoch : 23
Train Loss     : 0.8142	 | 	Train Accuracy     : 0.7308
Valid Loss     : 1.5271	 | 	Valid Accuracy     : 0.3700

Epoch : 24
Train Loss     : 0.8150	 | 	Train Accuracy     : 0.7228
Valid Loss     : 1.5268	 | 	Valid Accuracy     : 0.3740

Epoch : 25
Train Loss     : 0.7900	 | 	Train Accuracy     : 0.7409
Valid Loss     : 1.5255	 | 	Valid Accuracy     : 0.3810

Epoch : 26
Train Loss     : 0.7737	 | 	Train Accuracy     : 0.7581
Valid Loss     : 1.5278	 | 	Valid Accuracy     : 0.3790

Epoch : 27
Train Loss     : 0.7926	 | 	Train Accuracy     : 0.7379
Valid Loss     : 1.5254	 | 	Valid Accuracy     : 0.3821

Epoch : 28
Train Loss     : 0.7909	 | 	Train Accuracy     : 0.7460
Valid Loss     : 1.5244	 | 	Valid Accuracy     : 0.3790

Epoch : 29
Train Loss     : 0.7874	 | 	Train Accuracy     : 0.7480
Valid Loss     : 1.5259	 | 	Valid Accuracy     : 0.3780

Epoch : 30
Train Loss     : 0.7958	 | 	Train Accuracy     : 0.7470
Valid Loss     : 1.5265	 | 	Valid Accuracy     : 0.3760

Epoch : 31
Train Loss     : 0.8006	 | 	Train Accuracy     : 0.7409
Valid Loss     : 1.5260	 | 	Valid Accuracy     : 0.3770

Epoch : 32
Train Loss     : 0.7874	 | 	Train Accuracy     : 0.7560
Valid Loss     : 1.5265	 | 	Valid Accuracy     : 0.3770

Epoch : 33
Train Loss     : 0.8011	 | 	Train Accuracy     : 0.7379
Valid Loss     : 1.5272	 | 	Valid Accuracy     : 0.3780

Epoch : 34
Train Loss     : 0.7688	 | 	Train Accuracy     : 0.7571
Valid Loss     : 1.5265	 | 	Valid Accuracy     : 0.3770

Epoch : 35
Train Loss     : 0.7954	 | 	Train Accuracy     : 0.7349
Valid Loss     : 1.5270	 | 	Valid Accuracy     : 0.3780

Epoch : 36
Train Loss     : 0.7735	 | 	Train Accuracy     : 0.7692
Valid Loss     : 1.5269	 | 	Valid Accuracy     : 0.3780

Epoch : 37
Train Loss     : 0.7799	 | 	Train Accuracy     : 0.7530
Valid Loss     : 1.5261	 | 	Valid Accuracy     : 0.3760

Epoch : 38
Train Loss     : 0.7941	 | 	Train Accuracy     : 0.7308
Valid Loss     : 1.5262	 | 	Valid Accuracy     : 0.3760

Epoch : 39
Train Loss     : 0.7948	 | 	Train Accuracy     : 0.7349
Valid Loss     : 1.5268	 | 	Valid Accuracy     : 0.3770

Epoch : 40
Train Loss     : 0.8083	 | 	Train Accuracy     : 0.7339
Valid Loss     : 1.5275	 | 	Valid Accuracy     : 0.3780

Evaluate on the Test set:
Test loss      :1.5014	 | Test Accuracy      : 0.3902

################## Training is Done! #########################
Training time is : 0:00:27.038189
