=============================================
Dataset: Epilepsy
Method:  °³¹ßÁß...
Mode:    supervised
=============================================
Data loaded ...
Training started ....

Epoch : 1
Train Loss     : 0.2115	 | 	Train Accuracy     : 0.9253
Valid Loss     : 0.8537	 | 	Valid Accuracy     : 0.2865

Epoch : 2
Train Loss     : 0.0857	 | 	Train Accuracy     : 0.9757
Valid Loss     : 0.1150	 | 	Valid Accuracy     : 0.9479

Epoch : 3
Train Loss     : 0.0408	 | 	Train Accuracy     : 0.9861
Valid Loss     : 0.1392	 | 	Valid Accuracy     : 0.9635

Epoch : 4
Train Loss     : 0.0266	 | 	Train Accuracy     : 0.9878
Valid Loss     : 0.0923	 | 	Valid Accuracy     : 0.9583

Epoch : 5
Train Loss     : 0.0050	 | 	Train Accuracy     : 1.0000
Valid Loss     : 0.1885	 | 	Valid Accuracy     : 0.9427

Epoch : 6
Train Loss     : 0.0027	 | 	Train Accuracy     : 1.0000
Valid Loss     : 0.1101	 | 	Valid Accuracy     : 0.9635

Epoch : 7
Train Loss     : 0.0021	 | 	Train Accuracy     : 1.0000
Valid Loss     : 0.1117	 | 	Valid Accuracy     : 0.9531

Epoch : 8
Train Loss     : 0.0007	 | 	Train Accuracy     : 1.0000
Valid Loss     : 0.1188	 | 	Valid Accuracy     : 0.9583

Epoch : 9
Train Loss     : 0.0004	 | 	Train Accuracy     : 1.0000
Valid Loss     : 0.1255	 | 	Valid Accuracy     : 0.9583

Epoch : 10
Train Loss     : 0.0005	 | 	Train Accuracy     : 1.0000
Valid Loss     : 0.1283	 | 	Valid Accuracy     : 0.9583

Epoch : 11
Train Loss     : 0.0003	 | 	Train Accuracy     : 1.0000
Valid Loss     : 0.1330	 | 	Valid Accuracy     : 0.9583

Epoch : 12
Train Loss     : 0.0003	 | 	Train Accuracy     : 1.0000
Valid Loss     : 0.1297	 | 	Valid Accuracy     : 0.9583

Epoch : 13
Train Loss     : 0.0002	 | 	Train Accuracy     : 1.0000
Valid Loss     : 0.1308	 | 	Valid Accuracy     : 0.9583

Epoch : 14
Train Loss     : 0.0002	 | 	Train Accuracy     : 1.0000
Valid Loss     : 0.1244	 | 	Valid Accuracy     : 0.9583

Epoch : 15
Train Loss     : 0.0002	 | 	Train Accuracy     : 1.0000
Valid Loss     : 0.1273	 | 	Valid Accuracy     : 0.9583

Epoch : 16
Train Loss     : 0.0002	 | 	Train Accuracy     : 1.0000
Valid Loss     : 0.1339	 | 	Valid Accuracy     : 0.9635

Epoch : 17
Train Loss     : 0.0002	 | 	Train Accuracy     : 1.0000
Valid Loss     : 0.1334	 | 	Valid Accuracy     : 0.9635

Epoch : 18
Train Loss     : 0.0003	 | 	Train Accuracy     : 1.0000
Valid Loss     : 0.1325	 | 	Valid Accuracy     : 0.9583

Epoch : 19
Train Loss     : 0.0002	 | 	Train Accuracy     : 1.0000
Valid Loss     : 0.1308	 | 	Valid Accuracy     : 0.9531

Epoch : 20
Train Loss     : 0.0002	 | 	Train Accuracy     : 1.0000
Valid Loss     : 0.1312	 | 	Valid Accuracy     : 0.9531

Evaluate on the Test set:
Test loss      :0.2190	 | Test Accuracy      : 0.9554
