=============================================
Dataset: sleepEDF
Method:  °³¹ßÁß...
Mode:    supervised
=============================================
Data loaded ...
Training started ....

Epoch : 1
Train Loss     : 1.0571	 | 	Train Accuracy     : 0.5901
Valid Loss     : 0.9345	 | 	Valid Accuracy     : 0.6480

Epoch : 2
Train Loss     : 0.8594	 | 	Train Accuracy     : 0.6825
Valid Loss     : 0.8891	 | 	Valid Accuracy     : 0.6601

Epoch : 3
Train Loss     : 0.8215	 | 	Train Accuracy     : 0.6960
Valid Loss     : 0.9117	 | 	Valid Accuracy     : 0.6506

Epoch : 4
Train Loss     : 0.8099	 | 	Train Accuracy     : 0.7002
Valid Loss     : 0.7655	 | 	Valid Accuracy     : 0.7197

Epoch : 5
Train Loss     : 0.7924	 | 	Train Accuracy     : 0.7094
Valid Loss     : 1.1083	 | 	Valid Accuracy     : 0.5764

Epoch : 6
Train Loss     : 0.7901	 | 	Train Accuracy     : 0.7114
Valid Loss     : 1.3852	 | 	Valid Accuracy     : 0.5353

Epoch : 7
Train Loss     : 0.7799	 | 	Train Accuracy     : 0.7173
Valid Loss     : 1.1312	 | 	Valid Accuracy     : 0.5427

Epoch : 8
Train Loss     : 0.7718	 | 	Train Accuracy     : 0.7186
Valid Loss     : 0.8892	 | 	Valid Accuracy     : 0.6776

Epoch : 9
Train Loss     : 0.7714	 | 	Train Accuracy     : 0.7222
Valid Loss     : 0.9062	 | 	Valid Accuracy     : 0.6697

Epoch : 10
Train Loss     : 0.7649	 | 	Train Accuracy     : 0.7237
Valid Loss     : 1.1022	 | 	Valid Accuracy     : 0.5727

Epoch : 11
Train Loss     : 0.7585	 | 	Train Accuracy     : 0.7283
Valid Loss     : 1.0374	 | 	Valid Accuracy     : 0.6143

Epoch : 12
Train Loss     : 0.7530	 | 	Train Accuracy     : 0.7291
Valid Loss     : 1.1971	 | 	Valid Accuracy     : 0.5819

Epoch : 13
Train Loss     : 0.7489	 | 	Train Accuracy     : 0.7315
Valid Loss     : 1.0340	 | 	Valid Accuracy     : 0.5888

Epoch : 14
Train Loss     : 0.7455	 | 	Train Accuracy     : 0.7361
Valid Loss     : 1.2189	 | 	Valid Accuracy     : 0.5444

Epoch : 15
Train Loss     : 0.7454	 | 	Train Accuracy     : 0.7342
Valid Loss     : 0.8237	 | 	Valid Accuracy     : 0.6947

Epoch : 16
Train Loss     : 0.6634	 | 	Train Accuracy     : 0.7713
Valid Loss     : 0.7104	 | 	Valid Accuracy     : 0.7444

Epoch : 17
Train Loss     : 0.6260	 | 	Train Accuracy     : 0.7850
Valid Loss     : 0.7221	 | 	Valid Accuracy     : 0.7334

Epoch : 18
Train Loss     : 0.6003	 | 	Train Accuracy     : 0.7925
Valid Loss     : 0.7660	 | 	Valid Accuracy     : 0.7186

Epoch : 19
Train Loss     : 0.5711	 | 	Train Accuracy     : 0.8080
Valid Loss     : 0.7119	 | 	Valid Accuracy     : 0.7445

Epoch : 20
Train Loss     : 0.5470	 | 	Train Accuracy     : 0.8161
Valid Loss     : 0.7987	 | 	Valid Accuracy     : 0.7120

Epoch : 21
Train Loss     : 0.5145	 | 	Train Accuracy     : 0.8276
Valid Loss     : 0.7078	 | 	Valid Accuracy     : 0.7466

Epoch : 22
Train Loss     : 0.4727	 | 	Train Accuracy     : 0.8429
Valid Loss     : 0.7565	 | 	Valid Accuracy     : 0.7275

Epoch : 23
Train Loss     : 0.4414	 | 	Train Accuracy     : 0.8559
Valid Loss     : 0.7900	 | 	Valid Accuracy     : 0.7272

Epoch : 24
Train Loss     : 0.3924	 | 	Train Accuracy     : 0.8742
Valid Loss     : 0.8213	 | 	Valid Accuracy     : 0.7236

Epoch : 25
Train Loss     : 0.3543	 | 	Train Accuracy     : 0.8882
Valid Loss     : 0.8934	 | 	Valid Accuracy     : 0.7185

Epoch : 26
Train Loss     : 0.3169	 | 	Train Accuracy     : 0.9007
Valid Loss     : 0.9290	 | 	Valid Accuracy     : 0.7137

Epoch : 27
Train Loss     : 0.2875	 | 	Train Accuracy     : 0.9132
Valid Loss     : 1.0138	 | 	Valid Accuracy     : 0.7082

Epoch : 28
Train Loss     : 0.2564	 | 	Train Accuracy     : 0.9226
Valid Loss     : 0.9874	 | 	Valid Accuracy     : 0.7097

Epoch : 29
Train Loss     : 0.2387	 | 	Train Accuracy     : 0.9310
Valid Loss     : 1.0240	 | 	Valid Accuracy     : 0.7036

Epoch : 30
Train Loss     : 0.2033	 | 	Train Accuracy     : 0.9426
Valid Loss     : 1.1334	 | 	Valid Accuracy     : 0.6808

Evaluate on the Test set:
Test loss      :1.1000	 | Test Accuracy      : 0.6855

################## Training is Done! #########################
Training time is : 1:45:12.329938
