=============================================
Dataset: pFD
Method:  TS-TCC
Mode:    supervised
=============================================
Data loaded ...
Training started ....

Epoch : 1
Train Loss     : 0.9753	 | 	Train Accuracy     : 0.4521
Valid Loss     : 0.9567	 | 	Valid Accuracy     : 0.4737

Epoch : 2
Train Loss     : 0.9457	 | 	Train Accuracy     : 0.4675
Valid Loss     : 0.9464	 | 	Valid Accuracy     : 0.4575

Epoch : 3
Train Loss     : 0.9347	 | 	Train Accuracy     : 0.4957
Valid Loss     : 0.9563	 | 	Valid Accuracy     : 0.4575

Epoch : 4
Train Loss     : 0.9276	 | 	Train Accuracy     : 0.4997
Valid Loss     : 0.9480	 | 	Valid Accuracy     : 0.4462

Epoch : 5
Train Loss     : 0.9210	 | 	Train Accuracy     : 0.5037
Valid Loss     : 0.9578	 | 	Valid Accuracy     : 0.4500

Epoch : 6
Train Loss     : 0.9148	 | 	Train Accuracy     : 0.5100
Valid Loss     : 0.9585	 | 	Valid Accuracy     : 0.4375

Epoch : 7
Train Loss     : 0.9108	 | 	Train Accuracy     : 0.5179
Valid Loss     : 0.9682	 | 	Valid Accuracy     : 0.4462

Epoch : 8
Train Loss     : 0.9064	 | 	Train Accuracy     : 0.5221
Valid Loss     : 0.9617	 | 	Valid Accuracy     : 0.4363

Epoch : 9
Train Loss     : 0.9003	 | 	Train Accuracy     : 0.5270
Valid Loss     : 0.9689	 | 	Valid Accuracy     : 0.4338

Epoch : 10
Train Loss     : 0.8987	 | 	Train Accuracy     : 0.5355
Valid Loss     : 0.9690	 | 	Valid Accuracy     : 0.4400

Epoch : 11
Train Loss     : 0.8921	 | 	Train Accuracy     : 0.5342
Valid Loss     : 0.9775	 | 	Valid Accuracy     : 0.4500

Epoch : 12
Train Loss     : 0.8900	 | 	Train Accuracy     : 0.5407
Valid Loss     : 0.9753	 | 	Valid Accuracy     : 0.4375

Epoch : 13
Train Loss     : 0.8838	 | 	Train Accuracy     : 0.5430
Valid Loss     : 0.9758	 | 	Valid Accuracy     : 0.4275

Epoch : 14
Train Loss     : 0.8660	 | 	Train Accuracy     : 0.5578
Valid Loss     : 0.9709	 | 	Valid Accuracy     : 0.4387

Epoch : 15
Train Loss     : 0.8651	 | 	Train Accuracy     : 0.5628
Valid Loss     : 0.9739	 | 	Valid Accuracy     : 0.4400

Epoch : 16
Train Loss     : 0.8656	 | 	Train Accuracy     : 0.5674
Valid Loss     : 0.9782	 | 	Valid Accuracy     : 0.4338

Epoch : 17
Train Loss     : 0.8656	 | 	Train Accuracy     : 0.5535
Valid Loss     : 0.9744	 | 	Valid Accuracy     : 0.4387

Epoch : 18
Train Loss     : 0.8663	 | 	Train Accuracy     : 0.5532
Valid Loss     : 0.9760	 | 	Valid Accuracy     : 0.4350

Epoch : 19
Train Loss     : 0.8586	 | 	Train Accuracy     : 0.5694
Valid Loss     : 0.9846	 | 	Valid Accuracy     : 0.4338

Epoch : 20
Train Loss     : 0.8605	 | 	Train Accuracy     : 0.5581
Valid Loss     : 0.9796	 | 	Valid Accuracy     : 0.4375

Epoch : 21
Train Loss     : 0.8623	 | 	Train Accuracy     : 0.5619
Valid Loss     : 0.9781	 | 	Valid Accuracy     : 0.4387

Epoch : 22
Train Loss     : 0.8592	 | 	Train Accuracy     : 0.5521
Valid Loss     : 0.9780	 | 	Valid Accuracy     : 0.4400

Epoch : 23
Train Loss     : 0.8627	 | 	Train Accuracy     : 0.5579
Valid Loss     : 0.9856	 | 	Valid Accuracy     : 0.4313

Epoch : 24
Train Loss     : 0.8603	 | 	Train Accuracy     : 0.5591
Valid Loss     : 0.9767	 | 	Valid Accuracy     : 0.4387

Epoch : 25
Train Loss     : 0.8631	 | 	Train Accuracy     : 0.5654
Valid Loss     : 0.9717	 | 	Valid Accuracy     : 0.4363

Epoch : 26
Train Loss     : 0.8598	 | 	Train Accuracy     : 0.5668
Valid Loss     : 0.9819	 | 	Valid Accuracy     : 0.4363

Epoch : 27
Train Loss     : 0.8590	 | 	Train Accuracy     : 0.5679
Valid Loss     : 0.9807	 | 	Valid Accuracy     : 0.4400

Epoch : 28
Train Loss     : 0.8547	 | 	Train Accuracy     : 0.5679
Valid Loss     : 0.9834	 | 	Valid Accuracy     : 0.4325

Epoch : 29
Train Loss     : 0.8592	 | 	Train Accuracy     : 0.5651
Valid Loss     : 0.9804	 | 	Valid Accuracy     : 0.4338

Epoch : 30
Train Loss     : 0.8526	 | 	Train Accuracy     : 0.5677
Valid Loss     : 0.9787	 | 	Valid Accuracy     : 0.4387

Epoch : 31
Train Loss     : 0.8575	 | 	Train Accuracy     : 0.5582
Valid Loss     : 0.9794	 | 	Valid Accuracy     : 0.4375

Epoch : 32
Train Loss     : 0.8604	 | 	Train Accuracy     : 0.5685
Valid Loss     : 0.9827	 | 	Valid Accuracy     : 0.4375

Epoch : 33
Train Loss     : 0.8495	 | 	Train Accuracy     : 0.5764
Valid Loss     : 0.9832	 | 	Valid Accuracy     : 0.4387

Epoch : 34
Train Loss     : 0.8573	 | 	Train Accuracy     : 0.5654
Valid Loss     : 0.9779	 | 	Valid Accuracy     : 0.4338

Epoch : 35
Train Loss     : 0.8558	 | 	Train Accuracy     : 0.5646
Valid Loss     : 0.9781	 | 	Valid Accuracy     : 0.4387

Epoch : 36
Train Loss     : 0.8611	 | 	Train Accuracy     : 0.5596
Valid Loss     : 0.9856	 | 	Valid Accuracy     : 0.4325

Epoch : 37
Train Loss     : 0.8563	 | 	Train Accuracy     : 0.5662
Valid Loss     : 0.9803	 | 	Valid Accuracy     : 0.4375

Epoch : 38
Train Loss     : 0.8548	 | 	Train Accuracy     : 0.5688
Valid Loss     : 0.9808	 | 	Valid Accuracy     : 0.4325

Epoch : 39
Train Loss     : 0.8584	 | 	Train Accuracy     : 0.5651
Valid Loss     : 0.9851	 | 	Valid Accuracy     : 0.4325

Epoch : 40
Train Loss     : 0.8552	 | 	Train Accuracy     : 0.5639
Valid Loss     : 0.9738	 | 	Valid Accuracy     : 0.4387

Epoch : 41
Train Loss     : 0.8591	 | 	Train Accuracy     : 0.5568
Valid Loss     : 0.9818	 | 	Valid Accuracy     : 0.4363

Epoch : 42
Train Loss     : 0.8618	 | 	Train Accuracy     : 0.5599
Valid Loss     : 0.9831	 | 	Valid Accuracy     : 0.4387

Epoch : 43
Train Loss     : 0.8528	 | 	Train Accuracy     : 0.5725
Valid Loss     : 0.9798	 | 	Valid Accuracy     : 0.4375

Epoch : 44
Train Loss     : 0.8568	 | 	Train Accuracy     : 0.5705
Valid Loss     : 0.9743	 | 	Valid Accuracy     : 0.4412

Epoch : 45
Train Loss     : 0.8536	 | 	Train Accuracy     : 0.5763
Valid Loss     : 0.9828	 | 	Valid Accuracy     : 0.4350

Epoch : 46
Train Loss     : 0.8599	 | 	Train Accuracy     : 0.5679
Valid Loss     : 0.9820	 | 	Valid Accuracy     : 0.4375

Epoch : 47
Train Loss     : 0.8522	 | 	Train Accuracy     : 0.5712
Valid Loss     : 0.9768	 | 	Valid Accuracy     : 0.4338

Epoch : 48
Train Loss     : 0.8569	 | 	Train Accuracy     : 0.5726
Valid Loss     : 0.9764	 | 	Valid Accuracy     : 0.4400

Epoch : 49
Train Loss     : 0.8577	 | 	Train Accuracy     : 0.5605
Valid Loss     : 0.9834	 | 	Valid Accuracy     : 0.4350

Epoch : 50
Train Loss     : 0.8554	 | 	Train Accuracy     : 0.5631
Valid Loss     : 0.9828	 | 	Valid Accuracy     : 0.4363

Epoch : 51
Train Loss     : 0.8639	 | 	Train Accuracy     : 0.5616
Valid Loss     : 0.9801	 | 	Valid Accuracy     : 0.4375

Epoch : 52
Train Loss     : 0.8583	 | 	Train Accuracy     : 0.5676
Valid Loss     : 0.9809	 | 	Valid Accuracy     : 0.4363

Epoch : 53
Train Loss     : 0.8534	 | 	Train Accuracy     : 0.5691
Valid Loss     : 0.9759	 | 	Valid Accuracy     : 0.4400

Epoch : 54
Train Loss     : 0.8582	 | 	Train Accuracy     : 0.5683
Valid Loss     : 0.9789	 | 	Valid Accuracy     : 0.4412

Epoch : 55
Train Loss     : 0.8531	 | 	Train Accuracy     : 0.5695
Valid Loss     : 0.9820	 | 	Valid Accuracy     : 0.4363

Epoch : 56
Train Loss     : 0.8626	 | 	Train Accuracy     : 0.5640
Valid Loss     : 0.9787	 | 	Valid Accuracy     : 0.4425

Epoch : 57
Train Loss     : 0.8538	 | 	Train Accuracy     : 0.5735
Valid Loss     : 0.9762	 | 	Valid Accuracy     : 0.4400

Epoch : 58
Train Loss     : 0.8586	 | 	Train Accuracy     : 0.5585
Valid Loss     : 0.9818	 | 	Valid Accuracy     : 0.4363

Epoch : 59
Train Loss     : 0.8600	 | 	Train Accuracy     : 0.5634
Valid Loss     : 0.9825	 | 	Valid Accuracy     : 0.4350

Epoch : 60
Train Loss     : 0.8564	 | 	Train Accuracy     : 0.5656
Valid Loss     : 0.9853	 | 	Valid Accuracy     : 0.4325

Epoch : 61
Train Loss     : 0.8564	 | 	Train Accuracy     : 0.5642
Valid Loss     : 0.9833	 | 	Valid Accuracy     : 0.4338

Epoch : 62
Train Loss     : 0.8593	 | 	Train Accuracy     : 0.5633
Valid Loss     : 0.9817	 | 	Valid Accuracy     : 0.4338

Epoch : 63
Train Loss     : 0.8560	 | 	Train Accuracy     : 0.5597
Valid Loss     : 0.9820	 | 	Valid Accuracy     : 0.4387

Epoch : 64
Train Loss     : 0.8560	 | 	Train Accuracy     : 0.5751
Valid Loss     : 0.9792	 | 	Valid Accuracy     : 0.4400

Epoch : 65
Train Loss     : 0.8505	 | 	Train Accuracy     : 0.5754
Valid Loss     : 0.9798	 | 	Valid Accuracy     : 0.4387

Epoch : 66
Train Loss     : 0.8600	 | 	Train Accuracy     : 0.5630
Valid Loss     : 0.9782	 | 	Valid Accuracy     : 0.4400

Epoch : 67
Train Loss     : 0.8601	 | 	Train Accuracy     : 0.5695
Valid Loss     : 0.9829	 | 	Valid Accuracy     : 0.4375

Epoch : 68
Train Loss     : 0.8579	 | 	Train Accuracy     : 0.5680
Valid Loss     : 0.9826	 | 	Valid Accuracy     : 0.4350

Epoch : 69
Train Loss     : 0.8617	 | 	Train Accuracy     : 0.5646
Valid Loss     : 0.9815	 | 	Valid Accuracy     : 0.4387

Epoch : 70
Train Loss     : 0.8572	 | 	Train Accuracy     : 0.5653
Valid Loss     : 0.9819	 | 	Valid Accuracy     : 0.4350

Epoch : 71
Train Loss     : 0.8583	 | 	Train Accuracy     : 0.5665
Valid Loss     : 0.9786	 | 	Valid Accuracy     : 0.4425

Epoch : 72
Train Loss     : 0.8555	 | 	Train Accuracy     : 0.5682
Valid Loss     : 0.9806	 | 	Valid Accuracy     : 0.4375

Epoch : 73
Train Loss     : 0.8604	 | 	Train Accuracy     : 0.5608
Valid Loss     : 0.9840	 | 	Valid Accuracy     : 0.4350

Epoch : 74
Train Loss     : 0.8540	 | 	Train Accuracy     : 0.5689
Valid Loss     : 0.9801	 | 	Valid Accuracy     : 0.4375

Epoch : 75
Train Loss     : 0.8614	 | 	Train Accuracy     : 0.5646
Valid Loss     : 0.9816	 | 	Valid Accuracy     : 0.4400

Epoch : 76
Train Loss     : 0.8563	 | 	Train Accuracy     : 0.5720
Valid Loss     : 0.9783	 | 	Valid Accuracy     : 0.4375

Epoch : 77
Train Loss     : 0.8591	 | 	Train Accuracy     : 0.5682
Valid Loss     : 0.9839	 | 	Valid Accuracy     : 0.4288

Epoch : 78
Train Loss     : 0.8601	 | 	Train Accuracy     : 0.5688
Valid Loss     : 0.9784	 | 	Valid Accuracy     : 0.4375

Epoch : 79
Train Loss     : 0.8513	 | 	Train Accuracy     : 0.5746
Valid Loss     : 0.9826	 | 	Valid Accuracy     : 0.4363

Epoch : 80
Train Loss     : 0.8517	 | 	Train Accuracy     : 0.5708
Valid Loss     : 0.9815	 | 	Valid Accuracy     : 0.4387

Epoch : 81
Train Loss     : 0.8555	 | 	Train Accuracy     : 0.5656
Valid Loss     : 0.9767	 | 	Valid Accuracy     : 0.4412

Epoch : 82
Train Loss     : 0.8616	 | 	Train Accuracy     : 0.5579
Valid Loss     : 0.9811	 | 	Valid Accuracy     : 0.4375

Epoch : 83
Train Loss     : 0.8512	 | 	Train Accuracy     : 0.5708
Valid Loss     : 0.9785	 | 	Valid Accuracy     : 0.4387

Epoch : 84
Train Loss     : 0.8529	 | 	Train Accuracy     : 0.5683
Valid Loss     : 0.9793	 | 	Valid Accuracy     : 0.4425

Epoch : 85
Train Loss     : 0.8551	 | 	Train Accuracy     : 0.5663
Valid Loss     : 0.9767	 | 	Valid Accuracy     : 0.4387

Epoch : 86
Train Loss     : 0.8576	 | 	Train Accuracy     : 0.5642
Valid Loss     : 0.9876	 | 	Valid Accuracy     : 0.4300

Epoch : 87
Train Loss     : 0.8573	 | 	Train Accuracy     : 0.5627
Valid Loss     : 0.9802	 | 	Valid Accuracy     : 0.4387

Epoch : 88
Train Loss     : 0.8566	 | 	Train Accuracy     : 0.5654
Valid Loss     : 0.9815	 | 	Valid Accuracy     : 0.4363

Epoch : 89
Train Loss     : 0.8574	 | 	Train Accuracy     : 0.5722
Valid Loss     : 0.9778	 | 	Valid Accuracy     : 0.4387

Epoch : 90
Train Loss     : 0.8563	 | 	Train Accuracy     : 0.5611
Valid Loss     : 0.9792	 | 	Valid Accuracy     : 0.4350

Epoch : 91
Train Loss     : 0.8543	 | 	Train Accuracy     : 0.5674
Valid Loss     : 0.9826	 | 	Valid Accuracy     : 0.4375

Epoch : 92
Train Loss     : 0.8580	 | 	Train Accuracy     : 0.5631
Valid Loss     : 0.9819	 | 	Valid Accuracy     : 0.4363

Epoch : 93
Train Loss     : 0.8602	 | 	Train Accuracy     : 0.5605
Valid Loss     : 0.9790	 | 	Valid Accuracy     : 0.4375

Epoch : 94
Train Loss     : 0.8514	 | 	Train Accuracy     : 0.5633
Valid Loss     : 0.9848	 | 	Valid Accuracy     : 0.4363

Epoch : 95
Train Loss     : 0.8622	 | 	Train Accuracy     : 0.5593
Valid Loss     : 0.9846	 | 	Valid Accuracy     : 0.4325

Epoch : 96
Train Loss     : 0.8560	 | 	Train Accuracy     : 0.5676
Valid Loss     : 0.9832	 | 	Valid Accuracy     : 0.4363

Epoch : 97
Train Loss     : 0.8541	 | 	Train Accuracy     : 0.5685
Valid Loss     : 0.9821	 | 	Valid Accuracy     : 0.4375

Epoch : 98
Train Loss     : 0.8582	 | 	Train Accuracy     : 0.5668
Valid Loss     : 0.9833	 | 	Valid Accuracy     : 0.4338

Epoch : 99
Train Loss     : 0.8574	 | 	Train Accuracy     : 0.5665
Valid Loss     : 0.9822	 | 	Valid Accuracy     : 0.4363

Epoch : 100
Train Loss     : 0.8620	 | 	Train Accuracy     : 0.5671
Valid Loss     : 0.9841	 | 	Valid Accuracy     : 0.4363

Epoch : 101
Train Loss     : 0.8572	 | 	Train Accuracy     : 0.5636
Valid Loss     : 0.9806	 | 	Valid Accuracy     : 0.4375

Epoch : 102
Train Loss     : 0.8561	 | 	Train Accuracy     : 0.5702
Valid Loss     : 0.9737	 | 	Valid Accuracy     : 0.4400

Epoch : 103
Train Loss     : 0.8592	 | 	Train Accuracy     : 0.5669
Valid Loss     : 0.9760	 | 	Valid Accuracy     : 0.4425

Epoch : 104
Train Loss     : 0.8583	 | 	Train Accuracy     : 0.5591
Valid Loss     : 0.9808	 | 	Valid Accuracy     : 0.4375

Epoch : 105
Train Loss     : 0.8552	 | 	Train Accuracy     : 0.5665
Valid Loss     : 0.9793	 | 	Valid Accuracy     : 0.4412

Epoch : 106
Train Loss     : 0.8531	 | 	Train Accuracy     : 0.5692
Valid Loss     : 0.9821	 | 	Valid Accuracy     : 0.4387

Epoch : 107
Train Loss     : 0.8565	 | 	Train Accuracy     : 0.5662
Valid Loss     : 0.9856	 | 	Valid Accuracy     : 0.4338

Epoch : 108
Train Loss     : 0.8545	 | 	Train Accuracy     : 0.5688
Valid Loss     : 0.9800	 | 	Valid Accuracy     : 0.4338

Epoch : 109
Train Loss     : 0.8600	 | 	Train Accuracy     : 0.5567
Valid Loss     : 0.9833	 | 	Valid Accuracy     : 0.4375

Epoch : 110
Train Loss     : 0.8540	 | 	Train Accuracy     : 0.5720
Valid Loss     : 0.9856	 | 	Valid Accuracy     : 0.4375

Epoch : 111
Train Loss     : 0.8610	 | 	Train Accuracy     : 0.5702
Valid Loss     : 0.9820	 | 	Valid Accuracy     : 0.4363

Epoch : 112
Train Loss     : 0.8584	 | 	Train Accuracy     : 0.5639
Valid Loss     : 0.9858	 | 	Valid Accuracy     : 0.4363

Epoch : 113
Train Loss     : 0.8565	 | 	Train Accuracy     : 0.5688
Valid Loss     : 0.9812	 | 	Valid Accuracy     : 0.4387

Epoch : 114
Train Loss     : 0.8613	 | 	Train Accuracy     : 0.5654
Valid Loss     : 0.9748	 | 	Valid Accuracy     : 0.4412
