=============================================
Dataset: sleepEDF
Method:  °³¹ßÁß...
Mode:    supervised
=============================================
Data loaded ...
Training started ....

Epoch : 1
Train Loss     : 1.1323	 | 	Train Accuracy     : 0.6102
Valid Loss     : 0.9795	 | 	Valid Accuracy     : 0.6531

Epoch : 2
Train Loss     : 0.8502	 | 	Train Accuracy     : 0.7093
Valid Loss     : 1.0100	 | 	Valid Accuracy     : 0.6160

Epoch : 3
Train Loss     : 0.7325	 | 	Train Accuracy     : 0.7381
Valid Loss     : 0.9119	 | 	Valid Accuracy     : 0.6487

Epoch : 4
Train Loss     : 0.6501	 | 	Train Accuracy     : 0.7674
Valid Loss     : 0.7273	 | 	Valid Accuracy     : 0.7242

Epoch : 5
Train Loss     : 0.5716	 | 	Train Accuracy     : 0.7977
Valid Loss     : 0.7434	 | 	Valid Accuracy     : 0.7192

Epoch : 6
Train Loss     : 0.4791	 | 	Train Accuracy     : 0.8343
Valid Loss     : 0.8150	 | 	Valid Accuracy     : 0.6964

Epoch : 7
Train Loss     : 0.3853	 | 	Train Accuracy     : 0.8694
Valid Loss     : 0.8454	 | 	Valid Accuracy     : 0.7137

Epoch : 8
Train Loss     : 0.3017	 | 	Train Accuracy     : 0.9010
Valid Loss     : 0.9374	 | 	Valid Accuracy     : 0.6864

Epoch : 9
Train Loss     : 0.2342	 | 	Train Accuracy     : 0.9229
Valid Loss     : 1.1624	 | 	Valid Accuracy     : 0.6413

Epoch : 10
Train Loss     : 0.1759	 | 	Train Accuracy     : 0.9444
Valid Loss     : 1.1826	 | 	Valid Accuracy     : 0.6578

Epoch : 11
Train Loss     : 0.1415	 | 	Train Accuracy     : 0.9561
Valid Loss     : 1.4435	 | 	Valid Accuracy     : 0.6141

Epoch : 12
Train Loss     : 0.1254	 | 	Train Accuracy     : 0.9593
Valid Loss     : 1.4295	 | 	Valid Accuracy     : 0.6651

Epoch : 13
Train Loss     : 0.1045	 | 	Train Accuracy     : 0.9662
Valid Loss     : 1.3617	 | 	Valid Accuracy     : 0.6626

Epoch : 14
Train Loss     : 0.0997	 | 	Train Accuracy     : 0.9669
Valid Loss     : 1.8072	 | 	Valid Accuracy     : 0.5561

Epoch : 15
Train Loss     : 0.0898	 | 	Train Accuracy     : 0.9697
Valid Loss     : 1.1965	 | 	Valid Accuracy     : 0.7146

Epoch : 16
Train Loss     : 0.0344	 | 	Train Accuracy     : 0.9917
Valid Loss     : 1.1987	 | 	Valid Accuracy     : 0.7160

Epoch : 17
Train Loss     : 0.0158	 | 	Train Accuracy     : 0.9986
Valid Loss     : 1.2389	 | 	Valid Accuracy     : 0.7180

Epoch : 18
Train Loss     : 0.0119	 | 	Train Accuracy     : 0.9993
Valid Loss     : 1.2749	 | 	Valid Accuracy     : 0.7178

Epoch : 19
Train Loss     : 0.0098	 | 	Train Accuracy     : 0.9994
Valid Loss     : 1.2971	 | 	Valid Accuracy     : 0.7169

Epoch : 20
Train Loss     : 0.0087	 | 	Train Accuracy     : 0.9996
Valid Loss     : 1.3211	 | 	Valid Accuracy     : 0.7174

Epoch : 21
Train Loss     : 0.0069	 | 	Train Accuracy     : 0.9998
Valid Loss     : 1.3581	 | 	Valid Accuracy     : 0.7185

Epoch : 22
Train Loss     : 0.0060	 | 	Train Accuracy     : 0.9999
Valid Loss     : 1.3824	 | 	Valid Accuracy     : 0.7190

Epoch : 23
Train Loss     : 0.0053	 | 	Train Accuracy     : 0.9998
Valid Loss     : 1.3936	 | 	Valid Accuracy     : 0.7190

Epoch : 24
Train Loss     : 0.0046	 | 	Train Accuracy     : 1.0000
Valid Loss     : 1.4243	 | 	Valid Accuracy     : 0.7195

Epoch : 25
Train Loss     : 0.0040	 | 	Train Accuracy     : 1.0000
Valid Loss     : 1.4492	 | 	Valid Accuracy     : 0.7210
