=============================================
Dataset: sleepEDF
Method:  °³¹ßÁß...
Mode:    supervised
=============================================
Data loaded ...
Training started ....

Epoch : 1
Train Loss     : 1.1335	 | 	Train Accuracy     : 0.6093
Valid Loss     : 0.9731	 | 	Valid Accuracy     : 0.6660

Epoch : 2
Train Loss     : 0.8493	 | 	Train Accuracy     : 0.7099
Valid Loss     : 1.0589	 | 	Valid Accuracy     : 0.5852

Epoch : 3
Train Loss     : 0.7337	 | 	Train Accuracy     : 0.7400
Valid Loss     : 0.8092	 | 	Valid Accuracy     : 0.6970

Epoch : 4
Train Loss     : 0.6539	 | 	Train Accuracy     : 0.7669
Valid Loss     : 0.7661	 | 	Valid Accuracy     : 0.7127

Epoch : 5
Train Loss     : 0.5715	 | 	Train Accuracy     : 0.7992
Valid Loss     : 0.8288	 | 	Valid Accuracy     : 0.6867

Epoch : 6
Train Loss     : 0.4862	 | 	Train Accuracy     : 0.8317
Valid Loss     : 1.1519	 | 	Valid Accuracy     : 0.6014

Epoch : 7
Train Loss     : 0.3914	 | 	Train Accuracy     : 0.8674
Valid Loss     : 0.8769	 | 	Valid Accuracy     : 0.6980

Epoch : 8
Train Loss     : 0.3216	 | 	Train Accuracy     : 0.8926
Valid Loss     : 1.2565	 | 	Valid Accuracy     : 0.6177

Epoch : 9
Train Loss     : 0.2378	 | 	Train Accuracy     : 0.9231
Valid Loss     : 1.1108	 | 	Valid Accuracy     : 0.6455

Epoch : 10
Train Loss     : 0.1911	 | 	Train Accuracy     : 0.9384
Valid Loss     : 1.0108	 | 	Valid Accuracy     : 0.7055

Epoch : 11
Train Loss     : 0.1612	 | 	Train Accuracy     : 0.9500
Valid Loss     : 1.1294	 | 	Valid Accuracy     : 0.6772

Epoch : 12
Train Loss     : 0.1296	 | 	Train Accuracy     : 0.9578
Valid Loss     : 1.1617	 | 	Valid Accuracy     : 0.6976

Epoch : 13
Train Loss     : 0.1114	 | 	Train Accuracy     : 0.9645
Valid Loss     : 1.2625	 | 	Valid Accuracy     : 0.6964

Epoch : 14
Train Loss     : 0.1021	 | 	Train Accuracy     : 0.9679
Valid Loss     : 1.4565	 | 	Valid Accuracy     : 0.6329

Epoch : 15
Train Loss     : 0.0929	 | 	Train Accuracy     : 0.9700
Valid Loss     : 1.3613	 | 	Valid Accuracy     : 0.6882

Epoch : 16
Train Loss     : 0.0372	 | 	Train Accuracy     : 0.9905
Valid Loss     : 1.2219	 | 	Valid Accuracy     : 0.7134

Epoch : 17
Train Loss     : 0.0164	 | 	Train Accuracy     : 0.9981
Valid Loss     : 1.2627	 | 	Valid Accuracy     : 0.7143

Epoch : 18
Train Loss     : 0.0127	 | 	Train Accuracy     : 0.9991
Valid Loss     : 1.2957	 | 	Valid Accuracy     : 0.7151

Epoch : 19
Train Loss     : 0.0111	 | 	Train Accuracy     : 0.9991
Valid Loss     : 1.3186	 | 	Valid Accuracy     : 0.7148

Epoch : 20
Train Loss     : 0.0093	 | 	Train Accuracy     : 0.9994
Valid Loss     : 1.3496	 | 	Valid Accuracy     : 0.7141

Epoch : 21
Train Loss     : 0.0082	 | 	Train Accuracy     : 0.9994
Valid Loss     : 1.3840	 | 	Valid Accuracy     : 0.7085

Epoch : 22
Train Loss     : 0.0071	 | 	Train Accuracy     : 0.9996
Valid Loss     : 1.4087	 | 	Valid Accuracy     : 0.7096

Epoch : 23
Train Loss     : 0.0062	 | 	Train Accuracy     : 0.9997
Valid Loss     : 1.4332	 | 	Valid Accuracy     : 0.7085

Epoch : 24
Train Loss     : 0.0053	 | 	Train Accuracy     : 0.9998
Valid Loss     : 1.4537	 | 	Valid Accuracy     : 0.7087

Epoch : 25
Train Loss     : 0.0052	 | 	Train Accuracy     : 0.9996
Valid Loss     : 1.4785	 | 	Valid Accuracy     : 0.7086

Epoch : 26
Train Loss     : 0.0041	 | 	Train Accuracy     : 0.9999
Valid Loss     : 1.5092	 | 	Valid Accuracy     : 0.7074

Epoch : 27
Train Loss     : 0.0036	 | 	Train Accuracy     : 1.0000
Valid Loss     : 1.5121	 | 	Valid Accuracy     : 0.7067

Epoch : 28
Train Loss     : 0.0036	 | 	Train Accuracy     : 0.9999
Valid Loss     : 1.5140	 | 	Valid Accuracy     : 0.7073

Epoch : 29
Train Loss     : 0.0035	 | 	Train Accuracy     : 1.0000
Valid Loss     : 1.5112	 | 	Valid Accuracy     : 0.7076

Epoch : 30
Train Loss     : 0.0035	 | 	Train Accuracy     : 1.0000
Valid Loss     : 1.5092	 | 	Valid Accuracy     : 0.7120

Evaluate on the Test set:
Test loss      :1.5004	 | Test Accuracy      : 0.7141

################## Training is Done! #########################
Training time is : 4:47:53.544668
