=============================================
Dataset: pFD
Method:  TS-TCC
Mode:    supervised
=============================================
Data loaded ...
Training started ....

Epoch : 1
Train Loss     : 2.8088	 | 	Train Accuracy     : 0.4464
Valid Loss     : 0.9574	 | 	Valid Accuracy     : 0.4562

Epoch : 2
Train Loss     : 0.9433	 | 	Train Accuracy     : 0.4627
Valid Loss     : 0.9437	 | 	Valid Accuracy     : 0.4514

Epoch : 3
Train Loss     : 0.9413	 | 	Train Accuracy     : 0.4734
Valid Loss     : 0.9379	 | 	Valid Accuracy     : 0.4588

Epoch : 4
Train Loss     : 0.9399	 | 	Train Accuracy     : 0.4688
Valid Loss     : 0.9453	 | 	Valid Accuracy     : 0.4623

Epoch : 5
Train Loss     : 0.9365	 | 	Train Accuracy     : 0.4831
Valid Loss     : 0.9371	 | 	Valid Accuracy     : 0.4539

Epoch : 6
Train Loss     : 0.9343	 | 	Train Accuracy     : 0.4895
Valid Loss     : 0.9415	 | 	Valid Accuracy     : 0.4534

Epoch : 7
Train Loss     : 0.9325	 | 	Train Accuracy     : 0.4976
Valid Loss     : 0.9392	 | 	Valid Accuracy     : 0.4553

Epoch : 8
Train Loss     : 0.9310	 | 	Train Accuracy     : 0.5038
Valid Loss     : 0.9399	 | 	Valid Accuracy     : 0.4545

Epoch : 9
Train Loss     : 0.9286	 | 	Train Accuracy     : 0.5122
Valid Loss     : 0.9439	 | 	Valid Accuracy     : 0.4526
