=============================================
Dataset: EMG
Method:  °³¹ßÁß...
Mode:    supervised
=============================================
Data loaded ...
Training started ....

Epoch : 1
Train Loss     : 0.7002	 | 	Train Accuracy     : 0.7917
Valid Loss     : 93.8644	 | 	Valid Accuracy     : 0.1250

Epoch : 2
Train Loss     : 0.3426	 | 	Train Accuracy     : 0.8917
Valid Loss     : 8.9820	 | 	Valid Accuracy     : 0.6000

Epoch : 3
Train Loss     : 0.2936	 | 	Train Accuracy     : 0.9250
Valid Loss     : 4.1211	 | 	Valid Accuracy     : 0.8250

Epoch : 4
Train Loss     : 0.0898	 | 	Train Accuracy     : 0.9833
Valid Loss     : 0.2214	 | 	Valid Accuracy     : 0.9250

Epoch : 5
Train Loss     : 0.0841	 | 	Train Accuracy     : 0.9833
Valid Loss     : 0.1229	 | 	Valid Accuracy     : 0.9500

Epoch : 6
Train Loss     : 0.0850	 | 	Train Accuracy     : 0.9750
Valid Loss     : 0.1044	 | 	Valid Accuracy     : 0.9750

Epoch : 7
Train Loss     : 0.0328	 | 	Train Accuracy     : 1.0000
Valid Loss     : 0.0893	 | 	Valid Accuracy     : 0.9500

Epoch : 8
Train Loss     : 0.0687	 | 	Train Accuracy     : 0.9750
Valid Loss     : 0.0879	 | 	Valid Accuracy     : 0.9250

Epoch : 9
Train Loss     : 0.1369	 | 	Train Accuracy     : 0.9583
Valid Loss     : 1.4993	 | 	Valid Accuracy     : 0.4000

Epoch : 10
Train Loss     : 0.2065	 | 	Train Accuracy     : 0.8917
Valid Loss     : 0.9798	 | 	Valid Accuracy     : 0.6750

Epoch : 11
Train Loss     : 0.0810	 | 	Train Accuracy     : 0.9667
Valid Loss     : 0.0900	 | 	Valid Accuracy     : 0.9250

Epoch : 12
Train Loss     : 0.1231	 | 	Train Accuracy     : 0.9500
Valid Loss     : 1.0922	 | 	Valid Accuracy     : 0.4500

Epoch : 13
Train Loss     : 0.0904	 | 	Train Accuracy     : 0.9750
Valid Loss     : 0.3551	 | 	Valid Accuracy     : 0.9000

Epoch : 14
Train Loss     : 0.0700	 | 	Train Accuracy     : 0.9583
Valid Loss     : 0.0998	 | 	Valid Accuracy     : 0.9750

Epoch : 15
Train Loss     : 0.1621	 | 	Train Accuracy     : 0.9417
Valid Loss     : 0.6963	 | 	Valid Accuracy     : 0.9250

Epoch : 16
Train Loss     : 0.1208	 | 	Train Accuracy     : 0.9833
Valid Loss     : 0.0412	 | 	Valid Accuracy     : 0.9750

Epoch : 17
Train Loss     : 0.0255	 | 	Train Accuracy     : 1.0000
Valid Loss     : 0.0349	 | 	Valid Accuracy     : 1.0000

Epoch : 18
Train Loss     : 0.0642	 | 	Train Accuracy     : 0.9917
Valid Loss     : 0.0452	 | 	Valid Accuracy     : 1.0000

Epoch : 19
Train Loss     : 0.0918	 | 	Train Accuracy     : 0.9750
Valid Loss     : 0.1229	 | 	Valid Accuracy     : 0.9250

Epoch : 20
Train Loss     : 0.0347	 | 	Train Accuracy     : 0.9917
Valid Loss     : 0.0445	 | 	Valid Accuracy     : 1.0000

Epoch : 21
Train Loss     : 0.1312	 | 	Train Accuracy     : 0.9667
Valid Loss     : 0.0644	 | 	Valid Accuracy     : 0.9750

Epoch : 22
Train Loss     : 0.0667	 | 	Train Accuracy     : 0.9583
Valid Loss     : 1.1475	 | 	Valid Accuracy     : 0.4250

Epoch : 23
Train Loss     : 0.0899	 | 	Train Accuracy     : 0.9667
Valid Loss     : 0.0371	 | 	Valid Accuracy     : 1.0000

Epoch : 24
Train Loss     : 0.0934	 | 	Train Accuracy     : 0.9667
Valid Loss     : 0.2232	 | 	Valid Accuracy     : 0.9750

Epoch : 25
Train Loss     : 0.0236	 | 	Train Accuracy     : 0.9917
Valid Loss     : 0.0232	 | 	Valid Accuracy     : 1.0000

Epoch : 26
Train Loss     : 0.2411	 | 	Train Accuracy     : 0.9417
Valid Loss     : 1.0488	 | 	Valid Accuracy     : 0.5750

Epoch : 27
Train Loss     : 0.0796	 | 	Train Accuracy     : 0.9833
Valid Loss     : 0.0599	 | 	Valid Accuracy     : 1.0000

Epoch : 28
Train Loss     : 0.2904	 | 	Train Accuracy     : 0.9417
Valid Loss     : 0.3366	 | 	Valid Accuracy     : 0.9500

Epoch : 29
Train Loss     : 0.0322	 | 	Train Accuracy     : 1.0000
Valid Loss     : 0.0674	 | 	Valid Accuracy     : 0.9500

Epoch : 30
Train Loss     : 0.0890	 | 	Train Accuracy     : 0.9583
Valid Loss     : 0.0173	 | 	Valid Accuracy     : 1.0000

Evaluate on the Test set:
Test loss      :0.1886	 | Test Accuracy      : 0.9583

################## Training is Done! #########################
Training time is : 0:00:57.345003
