=============================================
Dataset: sleepEDF
Method:  TS-TCC
Mode:    supervised
=============================================
Data loaded ...
Training started ....

Epoch : 1
Train Loss     : 1.5946	 | 	Train Accuracy     : 0.2844
Valid Loss     : 1.5038	 | 	Valid Accuracy     : 0.4106

Epoch : 2
Train Loss     : 1.4770	 | 	Train Accuracy     : 0.4128
Valid Loss     : 1.4729	 | 	Valid Accuracy     : 0.4197

Epoch : 3
Train Loss     : 1.4615	 | 	Train Accuracy     : 0.4141
Valid Loss     : 1.4677	 | 	Valid Accuracy     : 0.4194

Epoch : 4
Train Loss     : 1.4532	 | 	Train Accuracy     : 0.4141
Valid Loss     : 1.4652	 | 	Valid Accuracy     : 0.4194

Epoch : 5
Train Loss     : 1.4487	 | 	Train Accuracy     : 0.4147
Valid Loss     : 1.4647	 | 	Valid Accuracy     : 0.4197

Epoch : 6
Train Loss     : 1.4416	 | 	Train Accuracy     : 0.4150
Valid Loss     : 1.4644	 | 	Valid Accuracy     : 0.4200

Epoch : 7
Train Loss     : 1.4352	 | 	Train Accuracy     : 0.4169
Valid Loss     : 1.4645	 | 	Valid Accuracy     : 0.4194

Epoch : 8
Train Loss     : 1.4318	 | 	Train Accuracy     : 0.4178
Valid Loss     : 1.4655	 | 	Valid Accuracy     : 0.4191

Epoch : 9
Train Loss     : 1.4262	 | 	Train Accuracy     : 0.4181
Valid Loss     : 1.4642	 | 	Valid Accuracy     : 0.4206

Epoch : 10
Train Loss     : 1.4226	 | 	Train Accuracy     : 0.4162
Valid Loss     : 1.4637	 | 	Valid Accuracy     : 0.4197

Epoch : 11
Train Loss     : 1.4161	 | 	Train Accuracy     : 0.4181
Valid Loss     : 1.4644	 | 	Valid Accuracy     : 0.4197

Epoch : 12
Train Loss     : 1.4121	 | 	Train Accuracy     : 0.4197
Valid Loss     : 1.4650	 | 	Valid Accuracy     : 0.4200

Epoch : 13
Train Loss     : 1.4066	 | 	Train Accuracy     : 0.4222
Valid Loss     : 1.4652	 | 	Valid Accuracy     : 0.4184

Epoch : 14
Train Loss     : 1.4021	 | 	Train Accuracy     : 0.4228
Valid Loss     : 1.4657	 | 	Valid Accuracy     : 0.4197

Epoch : 15
Train Loss     : 1.3971	 | 	Train Accuracy     : 0.4231
Valid Loss     : 1.4670	 | 	Valid Accuracy     : 0.4191

Epoch : 16
Train Loss     : 1.3932	 | 	Train Accuracy     : 0.4203
Valid Loss     : 1.4672	 | 	Valid Accuracy     : 0.4184

Epoch : 17
Train Loss     : 1.3884	 | 	Train Accuracy     : 0.4250
Valid Loss     : 1.4679	 | 	Valid Accuracy     : 0.4187

Epoch : 18
Train Loss     : 1.3840	 | 	Train Accuracy     : 0.4256
Valid Loss     : 1.4694	 | 	Valid Accuracy     : 0.4178
