=============================================
Dataset: pFD
Method:  TS-TCC
Mode:    supervised
=============================================
Data loaded ...
Training started ....

Epoch : 1
Train Loss     : 0.9743	 | 	Train Accuracy     : 0.4522
Valid Loss     : 0.9633	 | 	Valid Accuracy     : 0.4488

Epoch : 2
Train Loss     : 0.9507	 | 	Train Accuracy     : 0.4640
Valid Loss     : 0.9765	 | 	Valid Accuracy     : 0.4660

Epoch : 3
Train Loss     : 0.9446	 | 	Train Accuracy     : 0.4685
Valid Loss     : 0.9549	 | 	Valid Accuracy     : 0.4452

Epoch : 4
Train Loss     : 0.9357	 | 	Train Accuracy     : 0.4814
Valid Loss     : 0.9513	 | 	Valid Accuracy     : 0.4589

Epoch : 5
Train Loss     : 0.9309	 | 	Train Accuracy     : 0.4870
Valid Loss     : 0.9497	 | 	Valid Accuracy     : 0.4605

Epoch : 6
Train Loss     : 0.9274	 | 	Train Accuracy     : 0.4920
Valid Loss     : 0.9996	 | 	Valid Accuracy     : 0.4550

Epoch : 7
Train Loss     : 0.9232	 | 	Train Accuracy     : 0.4951
Valid Loss     : 0.9628	 | 	Valid Accuracy     : 0.4638

Epoch : 8
Train Loss     : 0.9190	 | 	Train Accuracy     : 0.5052
Valid Loss     : 0.9735	 | 	Valid Accuracy     : 0.4599

Epoch : 9
Train Loss     : 0.9153	 | 	Train Accuracy     : 0.5107
Valid Loss     : 0.9687	 | 	Valid Accuracy     : 0.4550

Epoch : 10
Train Loss     : 0.9123	 | 	Train Accuracy     : 0.5139
Valid Loss     : 0.9544	 | 	Valid Accuracy     : 0.4602

Epoch : 11
Train Loss     : 0.9092	 | 	Train Accuracy     : 0.5128
Valid Loss     : 0.9582	 | 	Valid Accuracy     : 0.4577

Epoch : 12
Train Loss     : 0.9063	 | 	Train Accuracy     : 0.5174
Valid Loss     : 0.9565	 | 	Valid Accuracy     : 0.4580

Epoch : 13
Train Loss     : 0.9032	 | 	Train Accuracy     : 0.5219
Valid Loss     : 0.9601	 | 	Valid Accuracy     : 0.4544

Epoch : 14
Train Loss     : 0.9032	 | 	Train Accuracy     : 0.5234
Valid Loss     : 0.9601	 | 	Valid Accuracy     : 0.4525

Epoch : 15
Train Loss     : 0.9008	 | 	Train Accuracy     : 0.5227
Valid Loss     : 0.9709	 | 	Valid Accuracy     : 0.4547

Epoch : 16
Train Loss     : 0.8994	 | 	Train Accuracy     : 0.5252
Valid Loss     : 0.9604	 | 	Valid Accuracy     : 0.4605

Epoch : 17
Train Loss     : 0.8875	 | 	Train Accuracy     : 0.5351
Valid Loss     : 0.9642	 | 	Valid Accuracy     : 0.4522

Epoch : 18
Train Loss     : 0.8870	 | 	Train Accuracy     : 0.5357
Valid Loss     : 0.9639	 | 	Valid Accuracy     : 0.4556

Epoch : 19
Train Loss     : 0.8847	 | 	Train Accuracy     : 0.5384
Valid Loss     : 0.9647	 | 	Valid Accuracy     : 0.4599

Epoch : 20
Train Loss     : 0.8842	 | 	Train Accuracy     : 0.5387
Valid Loss     : 0.9660	 | 	Valid Accuracy     : 0.4556

Epoch : 21
Train Loss     : 0.8838	 | 	Train Accuracy     : 0.5398
Valid Loss     : 0.9668	 | 	Valid Accuracy     : 0.4586

Epoch : 22
Train Loss     : 0.8828	 | 	Train Accuracy     : 0.5399
Valid Loss     : 0.9678	 | 	Valid Accuracy     : 0.4602

Epoch : 23
Train Loss     : 0.8827	 | 	Train Accuracy     : 0.5402
Valid Loss     : 0.9670	 | 	Valid Accuracy     : 0.4565

Epoch : 24
Train Loss     : 0.8821	 | 	Train Accuracy     : 0.5408
Valid Loss     : 0.9672	 | 	Valid Accuracy     : 0.4586

Epoch : 25
Train Loss     : 0.8812	 | 	Train Accuracy     : 0.5455
Valid Loss     : 0.9689	 | 	Valid Accuracy     : 0.4593
