=============================================
Dataset: sleepEDF
Method:  TS-TCC
Mode:    supervised
=============================================
Data loaded ...
Training started ....

Epoch : 1
Train Loss     : 1.5687	 | 	Train Accuracy     : 0.3487
Valid Loss     : 1.4961	 | 	Valid Accuracy     : 0.4225

Epoch : 2
Train Loss     : 1.5424	 | 	Train Accuracy     : 0.3672
Valid Loss     : 1.5206	 | 	Valid Accuracy     : 0.4225

Epoch : 3
Train Loss     : 1.5422	 | 	Train Accuracy     : 0.3678
Valid Loss     : 1.4900	 | 	Valid Accuracy     : 0.4225

Epoch : 4
Train Loss     : 1.5321	 | 	Train Accuracy     : 0.3631
Valid Loss     : 1.4736	 | 	Valid Accuracy     : 0.4225

Epoch : 5
Train Loss     : 1.5270	 | 	Train Accuracy     : 0.3600
Valid Loss     : 1.5088	 | 	Valid Accuracy     : 0.4184

Epoch : 6
Train Loss     : 1.5208	 | 	Train Accuracy     : 0.3534
Valid Loss     : 1.4811	 | 	Valid Accuracy     : 0.4219

Epoch : 7
Train Loss     : 1.5116	 | 	Train Accuracy     : 0.3672
Valid Loss     : 1.4913	 | 	Valid Accuracy     : 0.4228

Epoch : 8
Train Loss     : 1.4878	 | 	Train Accuracy     : 0.3734
Valid Loss     : 1.5030	 | 	Valid Accuracy     : 0.3894

Epoch : 9
Train Loss     : 1.4640	 | 	Train Accuracy     : 0.3941
Valid Loss     : 1.5294	 | 	Valid Accuracy     : 0.3416

Epoch : 10
Train Loss     : 1.4547	 | 	Train Accuracy     : 0.3903
Valid Loss     : 1.4840	 | 	Valid Accuracy     : 0.4119

Epoch : 11
Train Loss     : 1.4357	 | 	Train Accuracy     : 0.4028
Valid Loss     : 1.5095	 | 	Valid Accuracy     : 0.3638

Epoch : 12
Train Loss     : 1.4017	 | 	Train Accuracy     : 0.4212
Valid Loss     : 1.5067	 | 	Valid Accuracy     : 0.4025

Epoch : 13
Train Loss     : 1.3840	 | 	Train Accuracy     : 0.4275
Valid Loss     : 1.5022	 | 	Valid Accuracy     : 0.3831

Epoch : 14
Train Loss     : 1.3696	 | 	Train Accuracy     : 0.4369
Valid Loss     : 1.5296	 | 	Valid Accuracy     : 0.3534

Epoch : 15
Train Loss     : 1.3453	 | 	Train Accuracy     : 0.4509
Valid Loss     : 1.5082	 | 	Valid Accuracy     : 0.3819

Epoch : 16
Train Loss     : 1.3021	 | 	Train Accuracy     : 0.4638
Valid Loss     : 1.5419	 | 	Valid Accuracy     : 0.3481

Epoch : 17
Train Loss     : 1.2912	 | 	Train Accuracy     : 0.4756
Valid Loss     : 1.5374	 | 	Valid Accuracy     : 0.3559

Epoch : 18
Train Loss     : 1.2834	 | 	Train Accuracy     : 0.4772
Valid Loss     : 1.5404	 | 	Valid Accuracy     : 0.3478

Epoch : 19
Train Loss     : 1.2790	 | 	Train Accuracy     : 0.4750
Valid Loss     : 1.5360	 | 	Valid Accuracy     : 0.3572

Epoch : 20
Train Loss     : 1.2709	 | 	Train Accuracy     : 0.4800
Valid Loss     : 1.5369	 | 	Valid Accuracy     : 0.3584

Epoch : 21
Train Loss     : 1.2712	 | 	Train Accuracy     : 0.4797
Valid Loss     : 1.5427	 | 	Valid Accuracy     : 0.3450

Epoch : 22
Train Loss     : 1.2540	 | 	Train Accuracy     : 0.4988
Valid Loss     : 1.5456	 | 	Valid Accuracy     : 0.3394

Epoch : 23
Train Loss     : 1.2506	 | 	Train Accuracy     : 0.4906
Valid Loss     : 1.5402	 | 	Valid Accuracy     : 0.3509

Epoch : 24
Train Loss     : 1.2592	 | 	Train Accuracy     : 0.4966
Valid Loss     : 1.5395	 | 	Valid Accuracy     : 0.3522

Epoch : 25
Train Loss     : 1.2550	 | 	Train Accuracy     : 0.4966
Valid Loss     : 1.5512	 | 	Valid Accuracy     : 0.3400

Epoch : 26
Train Loss     : 1.2453	 | 	Train Accuracy     : 0.4938
Valid Loss     : 1.5428	 | 	Valid Accuracy     : 0.3497

Epoch : 27
Train Loss     : 1.2372	 | 	Train Accuracy     : 0.4975
Valid Loss     : 1.5479	 | 	Valid Accuracy     : 0.3478

Epoch : 28
Train Loss     : 1.2494	 | 	Train Accuracy     : 0.4916
Valid Loss     : 1.5491	 | 	Valid Accuracy     : 0.3450

Epoch : 29
Train Loss     : 1.2380	 | 	Train Accuracy     : 0.4978
Valid Loss     : 1.5440	 | 	Valid Accuracy     : 0.3478
