=============================================
Dataset: sleepEDF
Method:  °³¹ßÁß...
Mode:    supervised
=============================================
Data loaded ...
Training started ....

Epoch : 1
Train Loss     : 1.5844	 | 	Train Accuracy     : 0.3144
Valid Loss     : 1.4889	 | 	Valid Accuracy     : 0.3653

Epoch : 2
Train Loss     : 1.5563	 | 	Train Accuracy     : 0.3228
Valid Loss     : 1.4824	 | 	Valid Accuracy     : 0.3778

Epoch : 3
Train Loss     : 1.5361	 | 	Train Accuracy     : 0.3356
Valid Loss     : 1.4711	 | 	Valid Accuracy     : 0.4044

Epoch : 4
Train Loss     : 1.5364	 | 	Train Accuracy     : 0.3359
Valid Loss     : 1.4707	 | 	Valid Accuracy     : 0.4031

Epoch : 5
Train Loss     : 1.5226	 | 	Train Accuracy     : 0.3419
Valid Loss     : 1.4659	 | 	Valid Accuracy     : 0.4056

Epoch : 6
Train Loss     : 1.5217	 | 	Train Accuracy     : 0.3388
Valid Loss     : 1.4636	 | 	Valid Accuracy     : 0.3578

Epoch : 7
Train Loss     : 1.5249	 | 	Train Accuracy     : 0.3384
Valid Loss     : 1.4584	 | 	Valid Accuracy     : 0.3981

Epoch : 8
Train Loss     : 1.5045	 | 	Train Accuracy     : 0.3528
Valid Loss     : 1.4578	 | 	Valid Accuracy     : 0.4059

Epoch : 9
Train Loss     : 1.5197	 | 	Train Accuracy     : 0.3338
Valid Loss     : 1.4548	 | 	Valid Accuracy     : 0.4056

Epoch : 10
Train Loss     : 1.4985	 | 	Train Accuracy     : 0.3541
Valid Loss     : 1.4526	 | 	Valid Accuracy     : 0.3991

Epoch : 11
Train Loss     : 1.5054	 | 	Train Accuracy     : 0.3375
Valid Loss     : 1.4506	 | 	Valid Accuracy     : 0.3875

Epoch : 12
Train Loss     : 1.5031	 | 	Train Accuracy     : 0.3409
Valid Loss     : 1.4469	 | 	Valid Accuracy     : 0.3991

Epoch : 13
Train Loss     : 1.4913	 | 	Train Accuracy     : 0.3525
Valid Loss     : 1.4423	 | 	Valid Accuracy     : 0.4038

Epoch : 14
Train Loss     : 1.5034	 | 	Train Accuracy     : 0.3556
Valid Loss     : 1.4501	 | 	Valid Accuracy     : 0.4053

Epoch : 15
Train Loss     : 1.4893	 | 	Train Accuracy     : 0.3494
Valid Loss     : 1.4482	 | 	Valid Accuracy     : 0.4059

Epoch : 16
Train Loss     : 1.5069	 | 	Train Accuracy     : 0.3541
Valid Loss     : 1.4484	 | 	Valid Accuracy     : 0.4022

Epoch : 17
Train Loss     : 1.4952	 | 	Train Accuracy     : 0.3550
Valid Loss     : 1.4484	 | 	Valid Accuracy     : 0.3909

Epoch : 18
Train Loss     : 1.4895	 | 	Train Accuracy     : 0.3428
Valid Loss     : 1.4515	 | 	Valid Accuracy     : 0.4006

Epoch : 19
Train Loss     : 1.4871	 | 	Train Accuracy     : 0.3569
Valid Loss     : 1.4296	 | 	Valid Accuracy     : 0.4069

Epoch : 20
Train Loss     : 1.4910	 | 	Train Accuracy     : 0.3406
Valid Loss     : 1.4321	 | 	Valid Accuracy     : 0.4022

Epoch : 21
Train Loss     : 1.4864	 | 	Train Accuracy     : 0.3556
Valid Loss     : 1.4379	 | 	Valid Accuracy     : 0.4059

Epoch : 22
Train Loss     : 1.4861	 | 	Train Accuracy     : 0.3653
Valid Loss     : 1.4531	 | 	Valid Accuracy     : 0.3700

Epoch : 23
Train Loss     : 1.4711	 | 	Train Accuracy     : 0.3675
Valid Loss     : 1.4316	 | 	Valid Accuracy     : 0.3959

Epoch : 24
Train Loss     : 1.4811	 | 	Train Accuracy     : 0.3556
Valid Loss     : 1.4521	 | 	Valid Accuracy     : 0.3941

Epoch : 25
Train Loss     : 1.4618	 | 	Train Accuracy     : 0.3794
Valid Loss     : 1.4305	 | 	Valid Accuracy     : 0.3994

Epoch : 26
Train Loss     : 1.4592	 | 	Train Accuracy     : 0.3756
Valid Loss     : 1.4224	 | 	Valid Accuracy     : 0.4053

Epoch : 27
Train Loss     : 1.4701	 | 	Train Accuracy     : 0.3656
Valid Loss     : 1.4325	 | 	Valid Accuracy     : 0.3950

Epoch : 28
Train Loss     : 1.4526	 | 	Train Accuracy     : 0.3694
Valid Loss     : 1.4263	 | 	Valid Accuracy     : 0.3991

Epoch : 29
Train Loss     : 1.4555	 | 	Train Accuracy     : 0.3741
Valid Loss     : 1.4304	 | 	Valid Accuracy     : 0.4025

Epoch : 30
Train Loss     : 1.4636	 | 	Train Accuracy     : 0.3700
Valid Loss     : 1.4151	 | 	Valid Accuracy     : 0.4028

Epoch : 31
Train Loss     : 1.4587	 | 	Train Accuracy     : 0.3650
Valid Loss     : 1.4353	 | 	Valid Accuracy     : 0.3844

Epoch : 32
Train Loss     : 1.4495	 | 	Train Accuracy     : 0.3675
Valid Loss     : 1.4203	 | 	Valid Accuracy     : 0.4009

Epoch : 33
Train Loss     : 1.4620	 | 	Train Accuracy     : 0.3713
Valid Loss     : 1.4153	 | 	Valid Accuracy     : 0.4031

Epoch : 34
Train Loss     : 1.4525	 | 	Train Accuracy     : 0.3750
Valid Loss     : 1.4254	 | 	Valid Accuracy     : 0.4013

Epoch : 35
Train Loss     : 1.4458	 | 	Train Accuracy     : 0.3775
Valid Loss     : 1.4171	 | 	Valid Accuracy     : 0.4025

Epoch : 36
Train Loss     : 1.4366	 | 	Train Accuracy     : 0.3819
Valid Loss     : 1.4061	 | 	Valid Accuracy     : 0.4041

Epoch : 37
Train Loss     : 1.4479	 | 	Train Accuracy     : 0.3678
Valid Loss     : 1.4365	 | 	Valid Accuracy     : 0.3941

Epoch : 38
Train Loss     : 1.4447	 | 	Train Accuracy     : 0.3688
Valid Loss     : 1.4292	 | 	Valid Accuracy     : 0.3953

Epoch : 39
Train Loss     : 1.4475	 | 	Train Accuracy     : 0.3750
Valid Loss     : 1.4143	 | 	Valid Accuracy     : 0.4097

Epoch : 40
Train Loss     : 1.4361	 | 	Train Accuracy     : 0.3744
Valid Loss     : 1.4288	 | 	Valid Accuracy     : 0.4003

Epoch : 41
Train Loss     : 1.4466	 | 	Train Accuracy     : 0.3741
Valid Loss     : 1.4219	 | 	Valid Accuracy     : 0.4028

Epoch : 42
Train Loss     : 1.4406	 | 	Train Accuracy     : 0.3797
Valid Loss     : 1.4157	 | 	Valid Accuracy     : 0.4084

Epoch : 43
Train Loss     : 1.4306	 | 	Train Accuracy     : 0.3856
Valid Loss     : 1.4218	 | 	Valid Accuracy     : 0.4028

Epoch : 44
Train Loss     : 1.4403	 | 	Train Accuracy     : 0.3797
Valid Loss     : 1.4215	 | 	Valid Accuracy     : 0.3963

Epoch : 45
Train Loss     : 1.4324	 | 	Train Accuracy     : 0.3719
Valid Loss     : 1.4105	 | 	Valid Accuracy     : 0.4041

Epoch : 46
Train Loss     : 1.4297	 | 	Train Accuracy     : 0.3806
Valid Loss     : 1.4318	 | 	Valid Accuracy     : 0.4044

Epoch : 47
Train Loss     : 1.4472	 | 	Train Accuracy     : 0.3794
Valid Loss     : 1.4239	 | 	Valid Accuracy     : 0.4084

Epoch : 48
Train Loss     : 1.4183	 | 	Train Accuracy     : 0.3891
Valid Loss     : 1.4233	 | 	Valid Accuracy     : 0.4059

Epoch : 49
Train Loss     : 1.4274	 | 	Train Accuracy     : 0.3828
Valid Loss     : 1.4204	 | 	Valid Accuracy     : 0.4087

Epoch : 50
Train Loss     : 1.4186	 | 	Train Accuracy     : 0.3862
Valid Loss     : 1.4188	 | 	Valid Accuracy     : 0.4056

Epoch : 51
Train Loss     : 1.4131	 | 	Train Accuracy     : 0.3884
Valid Loss     : 1.4210	 | 	Valid Accuracy     : 0.4066

Epoch : 52
Train Loss     : 1.4161	 | 	Train Accuracy     : 0.3850
Valid Loss     : 1.4188	 | 	Valid Accuracy     : 0.4069

Epoch : 53
Train Loss     : 1.4195	 | 	Train Accuracy     : 0.3841
Valid Loss     : 1.4183	 | 	Valid Accuracy     : 0.4078

Epoch : 54
Train Loss     : 1.4185	 | 	Train Accuracy     : 0.3850
Valid Loss     : 1.4183	 | 	Valid Accuracy     : 0.4075

Epoch : 55
Train Loss     : 1.4198	 | 	Train Accuracy     : 0.3919
Valid Loss     : 1.4217	 | 	Valid Accuracy     : 0.4087

Epoch : 56
Train Loss     : 1.4140	 | 	Train Accuracy     : 0.3800
Valid Loss     : 1.4226	 | 	Valid Accuracy     : 0.4056

Epoch : 57
Train Loss     : 1.4156	 | 	Train Accuracy     : 0.3797
Valid Loss     : 1.4206	 | 	Valid Accuracy     : 0.4066

Epoch : 58
Train Loss     : 1.4173	 | 	Train Accuracy     : 0.3853
Valid Loss     : 1.4201	 | 	Valid Accuracy     : 0.4081

Epoch : 59
Train Loss     : 1.4080	 | 	Train Accuracy     : 0.4066
Valid Loss     : 1.4180	 | 	Valid Accuracy     : 0.4087

Epoch : 60
Train Loss     : 1.4110	 | 	Train Accuracy     : 0.3872
Valid Loss     : 1.4194	 | 	Valid Accuracy     : 0.4091

Epoch : 61
Train Loss     : 1.4214	 | 	Train Accuracy     : 0.3803
Valid Loss     : 1.4195	 | 	Valid Accuracy     : 0.4094

Epoch : 62
Train Loss     : 1.3925	 | 	Train Accuracy     : 0.4006
Valid Loss     : 1.4201	 | 	Valid Accuracy     : 0.4075

Epoch : 63
Train Loss     : 1.4111	 | 	Train Accuracy     : 0.4003
Valid Loss     : 1.4196	 | 	Valid Accuracy     : 0.4075

Epoch : 64
Train Loss     : 1.4195	 | 	Train Accuracy     : 0.3797
Valid Loss     : 1.4211	 | 	Valid Accuracy     : 0.4062

Epoch : 65
Train Loss     : 1.4010	 | 	Train Accuracy     : 0.4056
Valid Loss     : 1.4217	 | 	Valid Accuracy     : 0.4056

Epoch : 66
Train Loss     : 1.4140	 | 	Train Accuracy     : 0.3866
Valid Loss     : 1.4207	 | 	Valid Accuracy     : 0.4053

Epoch : 67
Train Loss     : 1.4136	 | 	Train Accuracy     : 0.3847
Valid Loss     : 1.4208	 | 	Valid Accuracy     : 0.4059

Epoch : 68
Train Loss     : 1.4092	 | 	Train Accuracy     : 0.3956
Valid Loss     : 1.4175	 | 	Valid Accuracy     : 0.4075

Epoch : 69
Train Loss     : 1.4155	 | 	Train Accuracy     : 0.3931
Valid Loss     : 1.4173	 | 	Valid Accuracy     : 0.4078

Epoch : 70
Train Loss     : 1.4213	 | 	Train Accuracy     : 0.3903
Valid Loss     : 1.4205	 | 	Valid Accuracy     : 0.4084

Epoch : 71
Train Loss     : 1.4175	 | 	Train Accuracy     : 0.3897
Valid Loss     : 1.4173	 | 	Valid Accuracy     : 0.4081

Epoch : 72
Train Loss     : 1.4140	 | 	Train Accuracy     : 0.3756
Valid Loss     : 1.4183	 | 	Valid Accuracy     : 0.4091

Epoch : 73
Train Loss     : 1.4056	 | 	Train Accuracy     : 0.4009
Valid Loss     : 1.4200	 | 	Valid Accuracy     : 0.4075

Epoch : 74
Train Loss     : 1.4132	 | 	Train Accuracy     : 0.4041
Valid Loss     : 1.4164	 | 	Valid Accuracy     : 0.4084

Epoch : 75
Train Loss     : 1.4081	 | 	Train Accuracy     : 0.3781
Valid Loss     : 1.4168	 | 	Valid Accuracy     : 0.4084

Epoch : 76
Train Loss     : 1.4015	 | 	Train Accuracy     : 0.3934
Valid Loss     : 1.4202	 | 	Valid Accuracy     : 0.4056

Epoch : 77
Train Loss     : 1.4249	 | 	Train Accuracy     : 0.3891
Valid Loss     : 1.4206	 | 	Valid Accuracy     : 0.4075

Epoch : 78
Train Loss     : 1.4194	 | 	Train Accuracy     : 0.3884
Valid Loss     : 1.4201	 | 	Valid Accuracy     : 0.4059

Epoch : 79
Train Loss     : 1.4188	 | 	Train Accuracy     : 0.3731
Valid Loss     : 1.4217	 | 	Valid Accuracy     : 0.4066

Epoch : 80
Train Loss     : 1.4157	 | 	Train Accuracy     : 0.3903
Valid Loss     : 1.4196	 | 	Valid Accuracy     : 0.4078

Epoch : 81
Train Loss     : 1.4153	 | 	Train Accuracy     : 0.3781
Valid Loss     : 1.4195	 | 	Valid Accuracy     : 0.4062

Epoch : 82
Train Loss     : 1.4253	 | 	Train Accuracy     : 0.3844
Valid Loss     : 1.4194	 | 	Valid Accuracy     : 0.4069

Epoch : 83
Train Loss     : 1.4206	 | 	Train Accuracy     : 0.3841
Valid Loss     : 1.4188	 | 	Valid Accuracy     : 0.4081

Epoch : 84
Train Loss     : 1.4193	 | 	Train Accuracy     : 0.3953
Valid Loss     : 1.4207	 | 	Valid Accuracy     : 0.4081

Epoch : 85
Train Loss     : 1.4270	 | 	Train Accuracy     : 0.3806
Valid Loss     : 1.4205	 | 	Valid Accuracy     : 0.4053

Epoch : 86
Train Loss     : 1.4121	 | 	Train Accuracy     : 0.4038
Valid Loss     : 1.4198	 | 	Valid Accuracy     : 0.4072

Epoch : 87
Train Loss     : 1.4099	 | 	Train Accuracy     : 0.3869
Valid Loss     : 1.4210	 | 	Valid Accuracy     : 0.4069

Epoch : 88
Train Loss     : 1.4086	 | 	Train Accuracy     : 0.3984
Valid Loss     : 1.4199	 | 	Valid Accuracy     : 0.4075

Epoch : 89
Train Loss     : 1.4139	 | 	Train Accuracy     : 0.3875
Valid Loss     : 1.4177	 | 	Valid Accuracy     : 0.4066

Epoch : 90
Train Loss     : 1.4104	 | 	Train Accuracy     : 0.3947
Valid Loss     : 1.4195	 | 	Valid Accuracy     : 0.4075

Epoch : 91
Train Loss     : 1.4127	 | 	Train Accuracy     : 0.3916
Valid Loss     : 1.4187	 | 	Valid Accuracy     : 0.4087

Epoch : 92
Train Loss     : 1.4181	 | 	Train Accuracy     : 0.3925
Valid Loss     : 1.4173	 | 	Valid Accuracy     : 0.4100

Epoch : 93
Train Loss     : 1.4122	 | 	Train Accuracy     : 0.3856
Valid Loss     : 1.4208	 | 	Valid Accuracy     : 0.4062

Epoch : 94
Train Loss     : 1.4118	 | 	Train Accuracy     : 0.3878
Valid Loss     : 1.4185	 | 	Valid Accuracy     : 0.4072

Epoch : 95
Train Loss     : 1.4223	 | 	Train Accuracy     : 0.3700
Valid Loss     : 1.4199	 | 	Valid Accuracy     : 0.4050

Epoch : 96
Train Loss     : 1.4235	 | 	Train Accuracy     : 0.3719
Valid Loss     : 1.4213	 | 	Valid Accuracy     : 0.4075

Epoch : 97
Train Loss     : 1.4086	 | 	Train Accuracy     : 0.3931
Valid Loss     : 1.4212	 | 	Valid Accuracy     : 0.4094

Epoch : 98
Train Loss     : 1.4116	 | 	Train Accuracy     : 0.3969
Valid Loss     : 1.4182	 | 	Valid Accuracy     : 0.4091

Epoch : 99
Train Loss     : 1.4060	 | 	Train Accuracy     : 0.3897
Valid Loss     : 1.4182	 | 	Valid Accuracy     : 0.4072

Epoch : 100
Train Loss     : 1.4234	 | 	Train Accuracy     : 0.3831
Valid Loss     : 1.4211	 | 	Valid Accuracy     : 0.4062

Evaluate on the Test set:
Test loss      :1.4403	 | Test Accuracy      : 0.3794

################## Training is Done! #########################
Training time is : 0:28:12.867205
