=============================================
Dataset: ECG
Method:  °³¹ßÁß...
Mode:    supervised
=============================================
Data loaded ...
Training started ....

Epoch : 1
Train Loss     : 1.0307	 | 	Train Accuracy     : 0.5917
Valid Loss     : 0.9781	 | 	Valid Accuracy     : 0.6008

Epoch : 2
Train Loss     : 0.9571	 | 	Train Accuracy     : 0.6032
Valid Loss     : 0.9811	 | 	Valid Accuracy     : 0.5736

Epoch : 3
Train Loss     : 0.9274	 | 	Train Accuracy     : 0.6146
Valid Loss     : 0.9718	 | 	Valid Accuracy     : 0.5907

Epoch : 4
Train Loss     : 0.8674	 | 	Train Accuracy     : 0.6505
Valid Loss     : 0.9988	 | 	Valid Accuracy     : 0.6008

Epoch : 5
Train Loss     : 0.7362	 | 	Train Accuracy     : 0.7198
Valid Loss     : 1.1703	 | 	Valid Accuracy     : 0.4748

Epoch : 6
Train Loss     : 0.5862	 | 	Train Accuracy     : 0.7984
Valid Loss     : 1.2362	 | 	Valid Accuracy     : 0.5212

Epoch : 7
Train Loss     : 0.4395	 | 	Train Accuracy     : 0.8616
Valid Loss     : 1.4704	 | 	Valid Accuracy     : 0.4224

Epoch : 8
Train Loss     : 0.3372	 | 	Train Accuracy     : 0.9032
Valid Loss     : 1.4952	 | 	Valid Accuracy     : 0.5312

Epoch : 9
Train Loss     : 0.2974	 | 	Train Accuracy     : 0.9106
Valid Loss     : 1.5069	 | 	Valid Accuracy     : 0.5232

Epoch : 10
Train Loss     : 0.2459	 | 	Train Accuracy     : 0.9267
Valid Loss     : 1.5584	 | 	Valid Accuracy     : 0.5363

Epoch : 11
Train Loss     : 0.2177	 | 	Train Accuracy     : 0.9382
Valid Loss     : 1.7623	 | 	Valid Accuracy     : 0.5353

Epoch : 12
Train Loss     : 0.1882	 | 	Train Accuracy     : 0.9472
Valid Loss     : 1.7937	 | 	Valid Accuracy     : 0.5514

Epoch : 13
Train Loss     : 0.1345	 | 	Train Accuracy     : 0.9644
Valid Loss     : 1.6593	 | 	Valid Accuracy     : 0.4909

Epoch : 14
Train Loss     : 0.1375	 | 	Train Accuracy     : 0.9603
Valid Loss     : 1.9761	 | 	Valid Accuracy     : 0.5292

Epoch : 15
Train Loss     : 0.0770	 | 	Train Accuracy     : 0.9845
Valid Loss     : 1.8689	 | 	Valid Accuracy     : 0.5554

Epoch : 16
Train Loss     : 0.0488	 | 	Train Accuracy     : 0.9923
Valid Loss     : 1.8726	 | 	Valid Accuracy     : 0.5302

Epoch : 17
Train Loss     : 0.0408	 | 	Train Accuracy     : 0.9960
Valid Loss     : 1.8754	 | 	Valid Accuracy     : 0.5282

Epoch : 18
Train Loss     : 0.0366	 | 	Train Accuracy     : 0.9963
Valid Loss     : 1.8849	 | 	Valid Accuracy     : 0.5302

Epoch : 19
Train Loss     : 0.0356	 | 	Train Accuracy     : 0.9970
Valid Loss     : 1.8727	 | 	Valid Accuracy     : 0.5343

Epoch : 20
Train Loss     : 0.0344	 | 	Train Accuracy     : 0.9963
Valid Loss     : 1.8856	 | 	Valid Accuracy     : 0.5433

Epoch : 21
Train Loss     : 0.0325	 | 	Train Accuracy     : 0.9973
Valid Loss     : 1.8859	 | 	Valid Accuracy     : 0.5262

Epoch : 22
Train Loss     : 0.0300	 | 	Train Accuracy     : 0.9976
Valid Loss     : 1.8807	 | 	Valid Accuracy     : 0.5343

Epoch : 23
Train Loss     : 0.0298	 | 	Train Accuracy     : 0.9970
Valid Loss     : 1.9026	 | 	Valid Accuracy     : 0.5282

Epoch : 24
Train Loss     : 0.0277	 | 	Train Accuracy     : 0.9980
Valid Loss     : 1.9180	 | 	Valid Accuracy     : 0.5323

Epoch : 25
Train Loss     : 0.0268	 | 	Train Accuracy     : 0.9976
Valid Loss     : 1.9050	 | 	Valid Accuracy     : 0.5232

Epoch : 26
Train Loss     : 0.0253	 | 	Train Accuracy     : 0.9980
Valid Loss     : 1.9145	 | 	Valid Accuracy     : 0.5252

Epoch : 27
Train Loss     : 0.0269	 | 	Train Accuracy     : 0.9976
Valid Loss     : 1.9122	 | 	Valid Accuracy     : 0.5312

Epoch : 28
Train Loss     : 0.0252	 | 	Train Accuracy     : 0.9983
Valid Loss     : 1.9130	 | 	Valid Accuracy     : 0.5323

Epoch : 29
Train Loss     : 0.0255	 | 	Train Accuracy     : 0.9980
Valid Loss     : 1.9207	 | 	Valid Accuracy     : 0.5312

Epoch : 30
Train Loss     : 0.0251	 | 	Train Accuracy     : 0.9983
Valid Loss     : 1.9224	 | 	Valid Accuracy     : 0.5363

Evaluate on the Test set:
Test loss      :1.8217	 | Test Accuracy      : 0.5557

################## Training is Done! #########################
Training time is : 0:27:47.078790
