=============================================
Dataset: sleepEDF
Method:  TS-TCC
Mode:    supervised
=============================================
Data loaded ...
Training started ....

Epoch : 1
Train Loss     : 1.6849	 | 	Train Accuracy     : 0.1591
Valid Loss     : 1.6043	 | 	Valid Accuracy     : 0.2891

Epoch : 2
Train Loss     : 1.5709	 | 	Train Accuracy     : 0.3331
Valid Loss     : 1.5294	 | 	Valid Accuracy     : 0.3759

Epoch : 3
Train Loss     : 1.5148	 | 	Train Accuracy     : 0.3866
Valid Loss     : 1.4953	 | 	Valid Accuracy     : 0.4041

Epoch : 4
Train Loss     : 1.4900	 | 	Train Accuracy     : 0.4038
Valid Loss     : 1.4801	 | 	Valid Accuracy     : 0.4137

Epoch : 5
Train Loss     : 1.4782	 | 	Train Accuracy     : 0.4072
Valid Loss     : 1.4720	 | 	Valid Accuracy     : 0.4159

Epoch : 6
Train Loss     : 1.4700	 | 	Train Accuracy     : 0.4109
Valid Loss     : 1.4677	 | 	Valid Accuracy     : 0.4175

Epoch : 7
Train Loss     : 1.4647	 | 	Train Accuracy     : 0.4122
Valid Loss     : 1.4656	 | 	Valid Accuracy     : 0.4175

Epoch : 8
Train Loss     : 1.4600	 | 	Train Accuracy     : 0.4122
Valid Loss     : 1.4647	 | 	Valid Accuracy     : 0.4178

Epoch : 9
Train Loss     : 1.4566	 | 	Train Accuracy     : 0.4119
Valid Loss     : 1.4636	 | 	Valid Accuracy     : 0.4178

Epoch : 10
Train Loss     : 1.4553	 | 	Train Accuracy     : 0.4116
Valid Loss     : 1.4626	 | 	Valid Accuracy     : 0.4197

Epoch : 11
Train Loss     : 1.4518	 | 	Train Accuracy     : 0.4122
Valid Loss     : 1.4623	 | 	Valid Accuracy     : 0.4209

Epoch : 12
Train Loss     : 1.4492	 | 	Train Accuracy     : 0.4134
Valid Loss     : 1.4619	 | 	Valid Accuracy     : 0.4209

Epoch : 13
Train Loss     : 1.4458	 | 	Train Accuracy     : 0.4144
Valid Loss     : 1.4618	 | 	Valid Accuracy     : 0.4212

Epoch : 14
Train Loss     : 1.4444	 | 	Train Accuracy     : 0.4141
Valid Loss     : 1.4610	 | 	Valid Accuracy     : 0.4206

Epoch : 15
Train Loss     : 1.4424	 | 	Train Accuracy     : 0.4147
Valid Loss     : 1.4609	 | 	Valid Accuracy     : 0.4216

Epoch : 16
Train Loss     : 1.4401	 | 	Train Accuracy     : 0.4150
Valid Loss     : 1.4605	 | 	Valid Accuracy     : 0.4222

Epoch : 17
Train Loss     : 1.4385	 | 	Train Accuracy     : 0.4137
Valid Loss     : 1.4605	 | 	Valid Accuracy     : 0.4212

Epoch : 18
Train Loss     : 1.4364	 | 	Train Accuracy     : 0.4169
Valid Loss     : 1.4608	 | 	Valid Accuracy     : 0.4206

Epoch : 19
Train Loss     : 1.4352	 | 	Train Accuracy     : 0.4144
Valid Loss     : 1.4607	 | 	Valid Accuracy     : 0.4209

Epoch : 20
Train Loss     : 1.4327	 | 	Train Accuracy     : 0.4159
Valid Loss     : 1.4606	 | 	Valid Accuracy     : 0.4212

Epoch : 21
Train Loss     : 1.4311	 | 	Train Accuracy     : 0.4172
Valid Loss     : 1.4607	 | 	Valid Accuracy     : 0.4216

Epoch : 22
Train Loss     : 1.4287	 | 	Train Accuracy     : 0.4172
Valid Loss     : 1.4608	 | 	Valid Accuracy     : 0.4212

Epoch : 23
Train Loss     : 1.4274	 | 	Train Accuracy     : 0.4162
Valid Loss     : 1.4607	 | 	Valid Accuracy     : 0.4219

Epoch : 24
Train Loss     : 1.4261	 | 	Train Accuracy     : 0.4184
Valid Loss     : 1.4608	 | 	Valid Accuracy     : 0.4219

Epoch : 25
Train Loss     : 1.4247	 | 	Train Accuracy     : 0.4178
Valid Loss     : 1.4607	 | 	Valid Accuracy     : 0.4212

Epoch : 26
Train Loss     : 1.4227	 | 	Train Accuracy     : 0.4172
Valid Loss     : 1.4610	 | 	Valid Accuracy     : 0.4219

Epoch : 27
Train Loss     : 1.4211	 | 	Train Accuracy     : 0.4187
Valid Loss     : 1.4609	 | 	Valid Accuracy     : 0.4216

Epoch : 28
Train Loss     : 1.4192	 | 	Train Accuracy     : 0.4191
Valid Loss     : 1.4610	 | 	Valid Accuracy     : 0.4222

Epoch : 29
Train Loss     : 1.4194	 | 	Train Accuracy     : 0.4194
Valid Loss     : 1.4610	 | 	Valid Accuracy     : 0.4216

Epoch : 30
Train Loss     : 1.4182	 | 	Train Accuracy     : 0.4191
Valid Loss     : 1.4612	 | 	Valid Accuracy     : 0.4222

Epoch : 31
Train Loss     : 1.4183	 | 	Train Accuracy     : 0.4197
Valid Loss     : 1.4609	 | 	Valid Accuracy     : 0.4212

Epoch : 32
Train Loss     : 1.4186	 | 	Train Accuracy     : 0.4187
Valid Loss     : 1.4610	 | 	Valid Accuracy     : 0.4222

Epoch : 33
Train Loss     : 1.4176	 | 	Train Accuracy     : 0.4191
Valid Loss     : 1.4608	 | 	Valid Accuracy     : 0.4216

Epoch : 34
Train Loss     : 1.4189	 | 	Train Accuracy     : 0.4181
Valid Loss     : 1.4609	 | 	Valid Accuracy     : 0.4216

Epoch : 35
Train Loss     : 1.4180	 | 	Train Accuracy     : 0.4187
Valid Loss     : 1.4611	 | 	Valid Accuracy     : 0.4222

Epoch : 36
Train Loss     : 1.4170	 | 	Train Accuracy     : 0.4187
Valid Loss     : 1.4612	 | 	Valid Accuracy     : 0.4222

Epoch : 37
Train Loss     : 1.4175	 | 	Train Accuracy     : 0.4178
Valid Loss     : 1.4609	 | 	Valid Accuracy     : 0.4222

Epoch : 38
Train Loss     : 1.4173	 | 	Train Accuracy     : 0.4197
Valid Loss     : 1.4611	 | 	Valid Accuracy     : 0.4222

Epoch : 39
Train Loss     : 1.4177	 | 	Train Accuracy     : 0.4191
Valid Loss     : 1.4610	 | 	Valid Accuracy     : 0.4219
