=============================================
Dataset: sleepEDF
Method:  TS-TCC
Mode:    supervised
=============================================
Data loaded ...
Training started ....

Epoch : 1
Train Loss     : 4.9784	 | 	Train Accuracy     : 0.2575
Valid Loss     : 2.4142	 | 	Valid Accuracy     : 0.2828

Epoch : 2
Train Loss     : 1.9634	 | 	Train Accuracy     : 0.3028
Valid Loss     : 1.5500	 | 	Valid Accuracy     : 0.2921

Epoch : 3
Train Loss     : 1.5776	 | 	Train Accuracy     : 0.3358
Valid Loss     : 1.4815	 | 	Valid Accuracy     : 0.4151

Epoch : 4
Train Loss     : 1.4946	 | 	Train Accuracy     : 0.3628
Valid Loss     : 1.4966	 | 	Valid Accuracy     : 0.3934

Epoch : 5
Train Loss     : 1.4790	 | 	Train Accuracy     : 0.3662
Valid Loss     : 1.4690	 | 	Valid Accuracy     : 0.4181

Epoch : 6
Train Loss     : 1.4905	 | 	Train Accuracy     : 0.3591
Valid Loss     : 1.4832	 | 	Valid Accuracy     : 0.4145

Epoch : 7
Train Loss     : 1.5015	 | 	Train Accuracy     : 0.3581
Valid Loss     : 1.4780	 | 	Valid Accuracy     : 0.4203

Epoch : 8
Train Loss     : 1.5133	 | 	Train Accuracy     : 0.3532
Valid Loss     : 1.4556	 | 	Valid Accuracy     : 0.4204

Epoch : 9
Train Loss     : 1.5186	 | 	Train Accuracy     : 0.3499
Valid Loss     : 1.4699	 | 	Valid Accuracy     : 0.4204

Epoch : 10
Train Loss     : 1.5227	 | 	Train Accuracy     : 0.3525
Valid Loss     : 1.4678	 | 	Valid Accuracy     : 0.4204

Epoch : 11
Train Loss     : 1.5301	 | 	Train Accuracy     : 0.3442
Valid Loss     : 1.5377	 | 	Valid Accuracy     : 0.4154

Epoch : 12
Train Loss     : 1.5272	 | 	Train Accuracy     : 0.3454
Valid Loss     : 1.5462	 | 	Valid Accuracy     : 0.1989

Epoch : 13
Train Loss     : 1.5333	 | 	Train Accuracy     : 0.3441
Valid Loss     : 1.5498	 | 	Valid Accuracy     : 0.4129

Epoch : 14
Train Loss     : 1.5252	 | 	Train Accuracy     : 0.3495
Valid Loss     : 1.6762	 | 	Valid Accuracy     : 0.2007

Epoch : 15
Train Loss     : 1.5261	 | 	Train Accuracy     : 0.3451
Valid Loss     : 1.4715	 | 	Valid Accuracy     : 0.4189

Epoch : 16
Train Loss     : 1.5224	 | 	Train Accuracy     : 0.3486
Valid Loss     : 1.4570	 | 	Valid Accuracy     : 0.4204

Epoch : 17
Train Loss     : 1.5107	 | 	Train Accuracy     : 0.3552
Valid Loss     : 1.5072	 | 	Valid Accuracy     : 0.4204

Epoch : 18
Train Loss     : 1.5111	 | 	Train Accuracy     : 0.3550
Valid Loss     : 1.4458	 | 	Valid Accuracy     : 0.4204

Epoch : 19
Train Loss     : 1.5080	 | 	Train Accuracy     : 0.3565
Valid Loss     : 1.4648	 | 	Valid Accuracy     : 0.4204

Epoch : 20
Train Loss     : 1.5103	 | 	Train Accuracy     : 0.3572
Valid Loss     : 1.4594	 | 	Valid Accuracy     : 0.4204
