=============================================
Dataset: pFD
Method:  TS-TCC
Mode:    supervised
=============================================
Data loaded ...
Training started ....

Epoch : 1
Train Loss     : 1.0230	 | 	Train Accuracy     : 0.4509
Valid Loss     : 0.9682	 | 	Valid Accuracy     : 0.4464

Epoch : 2
Train Loss     : 0.9660	 | 	Train Accuracy     : 0.4727
Valid Loss     : 0.9699	 | 	Valid Accuracy     : 0.4553

Epoch : 3
Train Loss     : 0.9264	 | 	Train Accuracy     : 0.5057
Valid Loss     : 0.9799	 | 	Valid Accuracy     : 0.4452

Epoch : 4
Train Loss     : 0.9022	 | 	Train Accuracy     : 0.5304
Valid Loss     : 0.9986	 | 	Valid Accuracy     : 0.4525

Epoch : 5
Train Loss     : 0.8755	 | 	Train Accuracy     : 0.5533
Valid Loss     : 0.9953	 | 	Valid Accuracy     : 0.4424

Epoch : 6
Train Loss     : 0.8597	 | 	Train Accuracy     : 0.5617
Valid Loss     : 1.0010	 | 	Valid Accuracy     : 0.4540

Epoch : 7
Train Loss     : 0.8404	 | 	Train Accuracy     : 0.5777
Valid Loss     : 1.0538	 | 	Valid Accuracy     : 0.4344

Epoch : 8
Train Loss     : 0.8300	 | 	Train Accuracy     : 0.5842
Valid Loss     : 1.0395	 | 	Valid Accuracy     : 0.4421

Epoch : 9
Train Loss     : 0.8166	 | 	Train Accuracy     : 0.5957
Valid Loss     : 1.0207	 | 	Valid Accuracy     : 0.4449

Epoch : 10
Train Loss     : 0.8124	 | 	Train Accuracy     : 0.5956
Valid Loss     : 1.0762	 | 	Valid Accuracy     : 0.4433

Epoch : 11
Train Loss     : 0.7980	 | 	Train Accuracy     : 0.6062
Valid Loss     : 1.0577	 | 	Valid Accuracy     : 0.4292

Epoch : 12
Train Loss     : 0.7906	 | 	Train Accuracy     : 0.6129
Valid Loss     : 1.0603	 | 	Valid Accuracy     : 0.4197

Epoch : 13
Train Loss     : 0.7432	 | 	Train Accuracy     : 0.6396
Valid Loss     : 1.0712	 | 	Valid Accuracy     : 0.4280

Epoch : 14
Train Loss     : 0.7416	 | 	Train Accuracy     : 0.6445
Valid Loss     : 1.0820	 | 	Valid Accuracy     : 0.4259

Epoch : 15
Train Loss     : 0.7351	 | 	Train Accuracy     : 0.6480
Valid Loss     : 1.0809	 | 	Valid Accuracy     : 0.4225

Epoch : 16
Train Loss     : 0.7342	 | 	Train Accuracy     : 0.6489
Valid Loss     : 1.0892	 | 	Valid Accuracy     : 0.4246

Epoch : 17
Train Loss     : 0.7326	 | 	Train Accuracy     : 0.6479
Valid Loss     : 1.0857	 | 	Valid Accuracy     : 0.4240

Epoch : 18
Train Loss     : 0.7281	 | 	Train Accuracy     : 0.6528
Valid Loss     : 1.0915	 | 	Valid Accuracy     : 0.4271

Epoch : 19
Train Loss     : 0.7284	 | 	Train Accuracy     : 0.6548
Valid Loss     : 1.0920	 | 	Valid Accuracy     : 0.4271

Epoch : 20
Train Loss     : 0.7265	 | 	Train Accuracy     : 0.6528
Valid Loss     : 1.0993	 | 	Valid Accuracy     : 0.4286

Epoch : 21
Train Loss     : 0.7282	 | 	Train Accuracy     : 0.6521
Valid Loss     : 1.1035	 | 	Valid Accuracy     : 0.4298
