=============================================
Dataset: sleepEDF
Method:  TS-TCC
Mode:    supervised
=============================================
Data loaded ...
Training started ....

Epoch : 1
Train Loss     : 1.5582	 | 	Train Accuracy     : 0.3561
Valid Loss     : 1.4849	 | 	Valid Accuracy     : 0.4155

Epoch : 2
Train Loss     : 1.4701	 | 	Train Accuracy     : 0.4136
Valid Loss     : 1.4886	 | 	Valid Accuracy     : 0.3737

Epoch : 3
Train Loss     : 1.4615	 | 	Train Accuracy     : 0.4148
Valid Loss     : 1.4817	 | 	Valid Accuracy     : 0.4054

Epoch : 4
Train Loss     : 1.4614	 | 	Train Accuracy     : 0.4131
Valid Loss     : 1.4627	 | 	Valid Accuracy     : 0.4079

Epoch : 5
Train Loss     : 1.4666	 | 	Train Accuracy     : 0.4163
Valid Loss     : 1.4528	 | 	Valid Accuracy     : 0.4155

Epoch : 6
Train Loss     : 1.4687	 | 	Train Accuracy     : 0.4133
Valid Loss     : 1.4881	 | 	Valid Accuracy     : 0.4160

Epoch : 7
Train Loss     : 1.4686	 | 	Train Accuracy     : 0.4141
Valid Loss     : 1.4549	 | 	Valid Accuracy     : 0.4155

Epoch : 8
Train Loss     : 1.4722	 | 	Train Accuracy     : 0.4156
Valid Loss     : 1.4568	 | 	Valid Accuracy     : 0.4155

Epoch : 9
Train Loss     : 1.4664	 | 	Train Accuracy     : 0.4136
Valid Loss     : 1.4602	 | 	Valid Accuracy     : 0.4151

Epoch : 10
Train Loss     : 1.4698	 | 	Train Accuracy     : 0.4136
Valid Loss     : 1.6998	 | 	Valid Accuracy     : 0.4155

Epoch : 11
Train Loss     : 1.4664	 | 	Train Accuracy     : 0.4143
Valid Loss     : 1.4802	 | 	Valid Accuracy     : 0.4155

Epoch : 12
Train Loss     : 1.4718	 | 	Train Accuracy     : 0.4148
Valid Loss     : 1.4562	 | 	Valid Accuracy     : 0.4155

Epoch : 13
Train Loss     : 1.4646	 | 	Train Accuracy     : 0.4143
Valid Loss     : 2.5521	 | 	Valid Accuracy     : 0.4155

Epoch : 14
Train Loss     : 1.4690	 | 	Train Accuracy     : 0.4113
Valid Loss     : 1.5185	 | 	Valid Accuracy     : 0.3699

Epoch : 15
Train Loss     : 1.4647	 | 	Train Accuracy     : 0.4153
Valid Loss     : 1.4535	 | 	Valid Accuracy     : 0.4155

Epoch : 16
Train Loss     : 1.4692	 | 	Train Accuracy     : 0.4126
Valid Loss     : 1.4715	 | 	Valid Accuracy     : 0.4029

Epoch : 17
Train Loss     : 1.4556	 | 	Train Accuracy     : 0.4181
Valid Loss     : 1.4564	 | 	Valid Accuracy     : 0.4155

Epoch : 18
Train Loss     : 1.4512	 | 	Train Accuracy     : 0.4189
Valid Loss     : 1.4546	 | 	Valid Accuracy     : 0.4155

Epoch : 19
Train Loss     : 1.4530	 | 	Train Accuracy     : 0.4183
Valid Loss     : 1.4572	 | 	Valid Accuracy     : 0.4155

Epoch : 20
Train Loss     : 1.4510	 | 	Train Accuracy     : 0.4196
Valid Loss     : 1.4567	 | 	Valid Accuracy     : 0.4155

Epoch : 21
Train Loss     : 1.4519	 | 	Train Accuracy     : 0.4186
Valid Loss     : 1.4540	 | 	Valid Accuracy     : 0.4155

Epoch : 22
Train Loss     : 1.4540	 | 	Train Accuracy     : 0.4171
Valid Loss     : 1.4662	 | 	Valid Accuracy     : 0.4155

Epoch : 23
Train Loss     : 1.4502	 | 	Train Accuracy     : 0.4191
Valid Loss     : 1.5395	 | 	Valid Accuracy     : 0.3670

Epoch : 24
Train Loss     : 1.4530	 | 	Train Accuracy     : 0.4178
Valid Loss     : 1.4590	 | 	Valid Accuracy     : 0.4126

Epoch : 25
Train Loss     : 1.4524	 | 	Train Accuracy     : 0.4186
Valid Loss     : 1.4543	 | 	Valid Accuracy     : 0.4155

Epoch : 26
Train Loss     : 1.4524	 | 	Train Accuracy     : 0.4173
Valid Loss     : 1.4678	 | 	Valid Accuracy     : 0.4020

Epoch : 27
Train Loss     : 1.4527	 | 	Train Accuracy     : 0.4181
Valid Loss     : 1.4542	 | 	Valid Accuracy     : 0.4155

Epoch : 28
Train Loss     : 1.4507	 | 	Train Accuracy     : 0.4183
Valid Loss     : 1.4556	 | 	Valid Accuracy     : 0.4155

Epoch : 29
Train Loss     : 1.4491	 | 	Train Accuracy     : 0.4189
Valid Loss     : 1.4540	 | 	Valid Accuracy     : 0.4155

Epoch : 30
Train Loss     : 1.4482	 | 	Train Accuracy     : 0.4189
Valid Loss     : 1.4545	 | 	Valid Accuracy     : 0.4155

Epoch : 31
Train Loss     : 1.4479	 | 	Train Accuracy     : 0.4199
Valid Loss     : 1.4558	 | 	Valid Accuracy     : 0.4155

Epoch : 32
Train Loss     : 1.4490	 | 	Train Accuracy     : 0.4194
Valid Loss     : 1.4544	 | 	Valid Accuracy     : 0.4155
