=============================================
Dataset: sleepEDF
Method:  °³¹ßÁß...
Mode:    supervised
=============================================
Data loaded ...
Training started ....

Epoch : 1
Train Loss     : nan	 | 	Train Accuracy     : nan
Valid Loss     : nan	 | 	Valid Accuracy     : nan

Epoch : 2
Train Loss     : nan	 | 	Train Accuracy     : nan
Valid Loss     : nan	 | 	Valid Accuracy     : nan

Epoch : 3
Train Loss     : nan	 | 	Train Accuracy     : nan
Valid Loss     : nan	 | 	Valid Accuracy     : nan

Epoch : 4
Train Loss     : nan	 | 	Train Accuracy     : nan
Valid Loss     : nan	 | 	Valid Accuracy     : nan

Epoch : 5
Train Loss     : nan	 | 	Train Accuracy     : nan
Valid Loss     : nan	 | 	Valid Accuracy     : nan

Epoch : 6
Train Loss     : nan	 | 	Train Accuracy     : nan
Valid Loss     : nan	 | 	Valid Accuracy     : nan

Epoch : 7
Train Loss     : nan	 | 	Train Accuracy     : nan
Valid Loss     : nan	 | 	Valid Accuracy     : nan

Epoch : 8
Train Loss     : nan	 | 	Train Accuracy     : nan
Valid Loss     : nan	 | 	Valid Accuracy     : nan

Epoch : 9
Train Loss     : nan	 | 	Train Accuracy     : nan
Valid Loss     : nan	 | 	Valid Accuracy     : nan

Epoch : 10
Train Loss     : nan	 | 	Train Accuracy     : nan
Valid Loss     : nan	 | 	Valid Accuracy     : nan

Epoch : 11
Train Loss     : nan	 | 	Train Accuracy     : nan
Valid Loss     : nan	 | 	Valid Accuracy     : nan

Epoch : 12
Train Loss     : nan	 | 	Train Accuracy     : nan
Valid Loss     : nan	 | 	Valid Accuracy     : nan

Epoch : 13
Train Loss     : nan	 | 	Train Accuracy     : nan
Valid Loss     : nan	 | 	Valid Accuracy     : nan

Epoch : 14
Train Loss     : nan	 | 	Train Accuracy     : nan
Valid Loss     : nan	 | 	Valid Accuracy     : nan

Epoch : 15
Train Loss     : nan	 | 	Train Accuracy     : nan
Valid Loss     : nan	 | 	Valid Accuracy     : nan

Epoch : 16
Train Loss     : nan	 | 	Train Accuracy     : nan
Valid Loss     : nan	 | 	Valid Accuracy     : nan

Epoch : 17
Train Loss     : nan	 | 	Train Accuracy     : nan
Valid Loss     : nan	 | 	Valid Accuracy     : nan

Epoch : 18
Train Loss     : nan	 | 	Train Accuracy     : nan
Valid Loss     : nan	 | 	Valid Accuracy     : nan

Epoch : 19
Train Loss     : nan	 | 	Train Accuracy     : nan
Valid Loss     : nan	 | 	Valid Accuracy     : nan

Epoch : 20
Train Loss     : nan	 | 	Train Accuracy     : nan
Valid Loss     : nan	 | 	Valid Accuracy     : nan

Epoch : 21
Train Loss     : nan	 | 	Train Accuracy     : nan
Valid Loss     : nan	 | 	Valid Accuracy     : nan

Epoch : 22
Train Loss     : nan	 | 	Train Accuracy     : nan
Valid Loss     : nan	 | 	Valid Accuracy     : nan

Epoch : 23
Train Loss     : nan	 | 	Train Accuracy     : nan
Valid Loss     : nan	 | 	Valid Accuracy     : nan

Epoch : 24
Train Loss     : nan	 | 	Train Accuracy     : nan
Valid Loss     : nan	 | 	Valid Accuracy     : nan

Epoch : 25
Train Loss     : nan	 | 	Train Accuracy     : nan
Valid Loss     : nan	 | 	Valid Accuracy     : nan

Epoch : 26
Train Loss     : nan	 | 	Train Accuracy     : nan
Valid Loss     : nan	 | 	Valid Accuracy     : nan

Epoch : 27
Train Loss     : nan	 | 	Train Accuracy     : nan
Valid Loss     : nan	 | 	Valid Accuracy     : nan

Epoch : 28
Train Loss     : nan	 | 	Train Accuracy     : nan
Valid Loss     : nan	 | 	Valid Accuracy     : nan

Epoch : 29
Train Loss     : nan	 | 	Train Accuracy     : nan
Valid Loss     : nan	 | 	Valid Accuracy     : nan

Epoch : 30
Train Loss     : nan	 | 	Train Accuracy     : nan
Valid Loss     : nan	 | 	Valid Accuracy     : nan

Epoch : 31
Train Loss     : nan	 | 	Train Accuracy     : nan
Valid Loss     : nan	 | 	Valid Accuracy     : nan

Epoch : 32
Train Loss     : nan	 | 	Train Accuracy     : nan
Valid Loss     : nan	 | 	Valid Accuracy     : nan

Epoch : 33
Train Loss     : nan	 | 	Train Accuracy     : nan
Valid Loss     : nan	 | 	Valid Accuracy     : nan

Epoch : 34
Train Loss     : nan	 | 	Train Accuracy     : nan
Valid Loss     : nan	 | 	Valid Accuracy     : nan

Epoch : 35
Train Loss     : nan	 | 	Train Accuracy     : nan
Valid Loss     : nan	 | 	Valid Accuracy     : nan

Epoch : 36
Train Loss     : nan	 | 	Train Accuracy     : nan
Valid Loss     : nan	 | 	Valid Accuracy     : nan

Epoch : 37
Train Loss     : nan	 | 	Train Accuracy     : nan
Valid Loss     : nan	 | 	Valid Accuracy     : nan

Epoch : 38
Train Loss     : nan	 | 	Train Accuracy     : nan
Valid Loss     : nan	 | 	Valid Accuracy     : nan

Epoch : 39
Train Loss     : nan	 | 	Train Accuracy     : nan
Valid Loss     : nan	 | 	Valid Accuracy     : nan

Epoch : 40
Train Loss     : nan	 | 	Train Accuracy     : nan
Valid Loss     : nan	 | 	Valid Accuracy     : nan

Epoch : 41
Train Loss     : nan	 | 	Train Accuracy     : nan
Valid Loss     : nan	 | 	Valid Accuracy     : nan

Epoch : 42
Train Loss     : nan	 | 	Train Accuracy     : nan
Valid Loss     : nan	 | 	Valid Accuracy     : nan

Epoch : 43
Train Loss     : nan	 | 	Train Accuracy     : nan
Valid Loss     : nan	 | 	Valid Accuracy     : nan

Epoch : 44
Train Loss     : nan	 | 	Train Accuracy     : nan
Valid Loss     : nan	 | 	Valid Accuracy     : nan

Epoch : 45
Train Loss     : nan	 | 	Train Accuracy     : nan
Valid Loss     : nan	 | 	Valid Accuracy     : nan

Epoch : 46
Train Loss     : nan	 | 	Train Accuracy     : nan
Valid Loss     : nan	 | 	Valid Accuracy     : nan

Epoch : 47
Train Loss     : nan	 | 	Train Accuracy     : nan
Valid Loss     : nan	 | 	Valid Accuracy     : nan

Epoch : 48
Train Loss     : nan	 | 	Train Accuracy     : nan
Valid Loss     : nan	 | 	Valid Accuracy     : nan

Epoch : 49
Train Loss     : nan	 | 	Train Accuracy     : nan
Valid Loss     : nan	 | 	Valid Accuracy     : nan

Epoch : 50
Train Loss     : nan	 | 	Train Accuracy     : nan
Valid Loss     : nan	 | 	Valid Accuracy     : nan

Evaluate on the Test set:
Test loss      :15.1166	 | Test Accuracy      : 0.0500

################## Training is Done! #########################
Training time is : 0:00:10.974777
