=============================================
Dataset: sleepEDF
Method:  TS-TCC
Mode:    supervised
=============================================
Data loaded ...
Training started ....

Epoch : 1
Train Loss     : 1.5284	 | 	Train Accuracy     : 0.3790
Valid Loss     : 1.4804	 | 	Valid Accuracy     : 0.4163

Epoch : 2
Train Loss     : 1.2189	 | 	Train Accuracy     : 0.4970
Valid Loss     : 1.5303	 | 	Valid Accuracy     : 0.3740

Epoch : 3
Train Loss     : 1.0392	 | 	Train Accuracy     : 0.6109
Valid Loss     : 1.5298	 | 	Valid Accuracy     : 0.3942

Epoch : 4
Train Loss     : 0.8663	 | 	Train Accuracy     : 0.7369
Valid Loss     : 1.5386	 | 	Valid Accuracy     : 0.3931

Epoch : 5
Train Loss     : 0.7218	 | 	Train Accuracy     : 0.8589
Valid Loss     : 1.5705	 | 	Valid Accuracy     : 0.4103

Epoch : 6
Train Loss     : 0.6005	 | 	Train Accuracy     : 0.9123
Valid Loss     : 1.5761	 | 	Valid Accuracy     : 0.3226
