=============================================
Dataset: Epilepsy
Method:  °³¹ßÁß...
Mode:    supervised
=============================================
Data loaded ...
Training started ....

Epoch : 1
Train Loss     : 0.2659	 | 	Train Accuracy     : 0.9375
Valid Loss     : 0.6942	 | 	Valid Accuracy     : 0.2500

Epoch : 2
Train Loss     : 0.2407	 | 	Train Accuracy     : 0.9375
Valid Loss     : 0.6804	 | 	Valid Accuracy     : 0.8125

Epoch : 3
Train Loss     : 0.2258	 | 	Train Accuracy     : 0.9375
Valid Loss     : 0.6737	 | 	Valid Accuracy     : 0.8125

Epoch : 4
Train Loss     : 0.2163	 | 	Train Accuracy     : 0.9375
Valid Loss     : 0.6503	 | 	Valid Accuracy     : 0.8125

Epoch : 5
Train Loss     : 0.2063	 | 	Train Accuracy     : 0.9375
Valid Loss     : 0.6108	 | 	Valid Accuracy     : 0.8125

Epoch : 6
Train Loss     : 0.1961	 | 	Train Accuracy     : 0.9375
Valid Loss     : 0.5773	 | 	Valid Accuracy     : 0.8125

Epoch : 7
Train Loss     : 0.1832	 | 	Train Accuracy     : 0.9375
Valid Loss     : 0.5514	 | 	Valid Accuracy     : 0.8125

Epoch : 8
Train Loss     : 0.1663	 | 	Train Accuracy     : 0.9375
Valid Loss     : 0.5187	 | 	Valid Accuracy     : 0.8125

Epoch : 9
Train Loss     : 0.1545	 | 	Train Accuracy     : 0.9375
Valid Loss     : 0.5014	 | 	Valid Accuracy     : 0.8125

Epoch : 10
Train Loss     : 0.1459	 | 	Train Accuracy     : 0.9375
Valid Loss     : 0.4960	 | 	Valid Accuracy     : 0.8125

Epoch : 11
Train Loss     : 0.1288	 | 	Train Accuracy     : 0.9375
Valid Loss     : 0.4779	 | 	Valid Accuracy     : 0.8125

Epoch : 12
Train Loss     : 0.1184	 | 	Train Accuracy     : 0.9375
Valid Loss     : 0.4626	 | 	Valid Accuracy     : 0.8125

Epoch : 13
Train Loss     : 0.1089	 | 	Train Accuracy     : 0.9375
Valid Loss     : 0.4556	 | 	Valid Accuracy     : 0.8125

Epoch : 14
Train Loss     : 0.0979	 | 	Train Accuracy     : 1.0000
Valid Loss     : 0.4531	 | 	Valid Accuracy     : 0.8125

Epoch : 15
Train Loss     : 0.0932	 | 	Train Accuracy     : 0.9375
Valid Loss     : 0.4630	 | 	Valid Accuracy     : 0.8125

Epoch : 16
Train Loss     : 0.0866	 | 	Train Accuracy     : 1.0000
Valid Loss     : 0.4590	 | 	Valid Accuracy     : 0.8125

Epoch : 17
Train Loss     : 0.0760	 | 	Train Accuracy     : 1.0000
Valid Loss     : 0.4700	 | 	Valid Accuracy     : 0.8125

Epoch : 18
Train Loss     : 0.0712	 | 	Train Accuracy     : 1.0000
Valid Loss     : 0.4696	 | 	Valid Accuracy     : 0.8125

Epoch : 19
Train Loss     : 0.0662	 | 	Train Accuracy     : 1.0000
Valid Loss     : 0.4849	 | 	Valid Accuracy     : 0.8125

Epoch : 20
Train Loss     : 0.0626	 | 	Train Accuracy     : 1.0000
Valid Loss     : 0.4873	 | 	Valid Accuracy     : 0.8125

Epoch : 21
Train Loss     : 0.0591	 | 	Train Accuracy     : 1.0000
Valid Loss     : 0.4903	 | 	Valid Accuracy     : 0.8125

Epoch : 22
Train Loss     : 0.0546	 | 	Train Accuracy     : 1.0000
Valid Loss     : 0.4870	 | 	Valid Accuracy     : 0.8125

Epoch : 23
Train Loss     : 0.0509	 | 	Train Accuracy     : 1.0000
Valid Loss     : 0.5201	 | 	Valid Accuracy     : 0.8125

Epoch : 24
Train Loss     : 0.0491	 | 	Train Accuracy     : 1.0000
Valid Loss     : 0.4918	 | 	Valid Accuracy     : 0.8125

Epoch : 25
Train Loss     : 0.0438	 | 	Train Accuracy     : 1.0000
Valid Loss     : 0.5080	 | 	Valid Accuracy     : 0.8125

Epoch : 26
Train Loss     : 0.0393	 | 	Train Accuracy     : 1.0000
Valid Loss     : 0.5236	 | 	Valid Accuracy     : 0.8125

Epoch : 27
Train Loss     : 0.0394	 | 	Train Accuracy     : 1.0000
Valid Loss     : 0.5328	 | 	Valid Accuracy     : 0.8125

Epoch : 28
Train Loss     : 0.0385	 | 	Train Accuracy     : 1.0000
Valid Loss     : 0.5413	 | 	Valid Accuracy     : 0.8125

Epoch : 29
Train Loss     : 0.0382	 | 	Train Accuracy     : 1.0000
Valid Loss     : 0.5464	 | 	Valid Accuracy     : 0.8125

Epoch : 30
Train Loss     : 0.0380	 | 	Train Accuracy     : 1.0000
Valid Loss     : 0.5519	 | 	Valid Accuracy     : 0.8125

Epoch : 31
Train Loss     : 0.0384	 | 	Train Accuracy     : 1.0000
Valid Loss     : 0.5540	 | 	Valid Accuracy     : 0.8125

Epoch : 32
Train Loss     : 0.0377	 | 	Train Accuracy     : 1.0000
Valid Loss     : 0.5602	 | 	Valid Accuracy     : 0.8125

Epoch : 33
Train Loss     : 0.0373	 | 	Train Accuracy     : 1.0000
Valid Loss     : 0.5599	 | 	Valid Accuracy     : 0.8125

Epoch : 34
Train Loss     : 0.0371	 | 	Train Accuracy     : 1.0000
Valid Loss     : 0.5632	 | 	Valid Accuracy     : 0.8125

Epoch : 35
Train Loss     : 0.0365	 | 	Train Accuracy     : 1.0000
Valid Loss     : 0.5637	 | 	Valid Accuracy     : 0.8125

Epoch : 36
Train Loss     : 0.0373	 | 	Train Accuracy     : 1.0000
Valid Loss     : 0.5622	 | 	Valid Accuracy     : 0.8125

Epoch : 37
Train Loss     : 0.0364	 | 	Train Accuracy     : 1.0000
Valid Loss     : 0.5645	 | 	Valid Accuracy     : 0.8125

Epoch : 38
Train Loss     : 0.0360	 | 	Train Accuracy     : 1.0000
Valid Loss     : 0.5659	 | 	Valid Accuracy     : 0.8125

Epoch : 39
Train Loss     : 0.0359	 | 	Train Accuracy     : 1.0000
Valid Loss     : 0.5669	 | 	Valid Accuracy     : 0.8125

Epoch : 40
Train Loss     : 0.0359	 | 	Train Accuracy     : 1.0000
Valid Loss     : 0.5677	 | 	Valid Accuracy     : 0.8125

Epoch : 41
Train Loss     : 0.0358	 | 	Train Accuracy     : 1.0000
Valid Loss     : 0.5687	 | 	Valid Accuracy     : 0.8125

Epoch : 42
Train Loss     : 0.0365	 | 	Train Accuracy     : 1.0000
Valid Loss     : 0.5688	 | 	Valid Accuracy     : 0.8125

Epoch : 43
Train Loss     : 0.0355	 | 	Train Accuracy     : 1.0000
Valid Loss     : 0.5692	 | 	Valid Accuracy     : 0.8125

Epoch : 44
Train Loss     : 0.0359	 | 	Train Accuracy     : 1.0000
Valid Loss     : 0.5694	 | 	Valid Accuracy     : 0.8125

Epoch : 45
Train Loss     : 0.0363	 | 	Train Accuracy     : 1.0000
Valid Loss     : 0.5693	 | 	Valid Accuracy     : 0.8125

Epoch : 46
Train Loss     : 0.0359	 | 	Train Accuracy     : 1.0000
Valid Loss     : 0.5699	 | 	Valid Accuracy     : 0.8125

Epoch : 47
Train Loss     : 0.0360	 | 	Train Accuracy     : 1.0000
Valid Loss     : 0.5700	 | 	Valid Accuracy     : 0.8125

Epoch : 48
Train Loss     : 0.0357	 | 	Train Accuracy     : 1.0000
Valid Loss     : 0.5701	 | 	Valid Accuracy     : 0.8125

Epoch : 49
Train Loss     : 0.0358	 | 	Train Accuracy     : 1.0000
Valid Loss     : 0.5701	 | 	Valid Accuracy     : 0.8125

Epoch : 50
Train Loss     : 0.0357	 | 	Train Accuracy     : 1.0000
Valid Loss     : 0.5704	 | 	Valid Accuracy     : 0.8125

Evaluate on the Test set:
Test loss      :0.2563	 | Test Accuracy      : 0.8750

################## Training is Done! #########################
Training time is : 0:00:08.843292
