=============================================
Dataset: sleepEDF
Method:  °³¹ßÁß...
Mode:    supervised
=============================================
Data loaded ...
Training started ....

Epoch : 1
Train Loss     : 1.3331	 | 	Train Accuracy     : 0.4536
Valid Loss     : 1.2824	 | 	Valid Accuracy     : 0.4733

Epoch : 2
Train Loss     : 1.1532	 | 	Train Accuracy     : 0.5356
Valid Loss     : 1.3940	 | 	Valid Accuracy     : 0.4001

Epoch : 3
Train Loss     : 1.0618	 | 	Train Accuracy     : 0.5790
Valid Loss     : 1.4683	 | 	Valid Accuracy     : 0.4010

Epoch : 4
Train Loss     : 1.0008	 | 	Train Accuracy     : 0.6049
Valid Loss     : 1.1184	 | 	Valid Accuracy     : 0.5877

Epoch : 5
Train Loss     : 0.9609	 | 	Train Accuracy     : 0.6236
Valid Loss     : 1.5769	 | 	Valid Accuracy     : 0.3583

Epoch : 6
Train Loss     : 0.9321	 | 	Train Accuracy     : 0.6353
Valid Loss     : 6.2397	 | 	Valid Accuracy     : 0.2311

Epoch : 7
Train Loss     : 0.9204	 | 	Train Accuracy     : 0.6380
Valid Loss     : 12.3983	 | 	Valid Accuracy     : 0.2046

Epoch : 8
Train Loss     : 0.8979	 | 	Train Accuracy     : 0.6474
Valid Loss     : 1.6458	 | 	Valid Accuracy     : 0.4367

Epoch : 9
Train Loss     : 0.8829	 | 	Train Accuracy     : 0.6561
Valid Loss     : 1.9025	 | 	Valid Accuracy     : 0.3850

Epoch : 10
Train Loss     : 0.8753	 | 	Train Accuracy     : 0.6603
Valid Loss     : 1.6450	 | 	Valid Accuracy     : 0.4526

Epoch : 11
Train Loss     : 0.8652	 | 	Train Accuracy     : 0.6630
Valid Loss     : 1.0615	 | 	Valid Accuracy     : 0.5704

Epoch : 12
Train Loss     : 0.8528	 | 	Train Accuracy     : 0.6691
Valid Loss     : 6.5081	 | 	Valid Accuracy     : 0.2152

Epoch : 13
Train Loss     : 0.8549	 | 	Train Accuracy     : 0.6711
Valid Loss     : 2.6989	 | 	Valid Accuracy     : 0.3316

Epoch : 14
Train Loss     : 0.8402	 | 	Train Accuracy     : 0.6772
Valid Loss     : 5.6911	 | 	Valid Accuracy     : 0.2310

Epoch : 15
Train Loss     : 0.8271	 | 	Train Accuracy     : 0.6795
Valid Loss     : 1.1065	 | 	Valid Accuracy     : 0.5499

Epoch : 16
Train Loss     : 0.8221	 | 	Train Accuracy     : 0.6855
Valid Loss     : 1.5411	 | 	Valid Accuracy     : 0.5020

Epoch : 17
Train Loss     : 0.8153	 | 	Train Accuracy     : 0.6910
Valid Loss     : 1.6872	 | 	Valid Accuracy     : 0.4011

Epoch : 18
Train Loss     : 0.8104	 | 	Train Accuracy     : 0.6945
Valid Loss     : 1.1007	 | 	Valid Accuracy     : 0.5554

Epoch : 19
Train Loss     : 0.7957	 | 	Train Accuracy     : 0.6992
Valid Loss     : 1.3962	 | 	Valid Accuracy     : 0.5381

Epoch : 20
Train Loss     : 0.7948	 | 	Train Accuracy     : 0.7012
Valid Loss     : 1.4353	 | 	Valid Accuracy     : 0.4761

Epoch : 21
Train Loss     : 0.7878	 | 	Train Accuracy     : 0.7082
Valid Loss     : 1.2000	 | 	Valid Accuracy     : 0.5475

Epoch : 22
Train Loss     : 0.7831	 | 	Train Accuracy     : 0.7099
Valid Loss     : 2.0110	 | 	Valid Accuracy     : 0.3385

Epoch : 23
Train Loss     : 0.6810	 | 	Train Accuracy     : 0.7587
Valid Loss     : 0.9691	 | 	Valid Accuracy     : 0.6284

Epoch : 24
Train Loss     : 0.6273	 | 	Train Accuracy     : 0.7837
Valid Loss     : 1.5199	 | 	Valid Accuracy     : 0.4547

Epoch : 25
Train Loss     : 0.5850	 | 	Train Accuracy     : 0.8023
Valid Loss     : 1.0299	 | 	Valid Accuracy     : 0.6056

Epoch : 26
Train Loss     : 0.5462	 | 	Train Accuracy     : 0.8138
Valid Loss     : 1.1360	 | 	Valid Accuracy     : 0.6079

Epoch : 27
Train Loss     : 0.5028	 | 	Train Accuracy     : 0.8329
Valid Loss     : 1.0440	 | 	Valid Accuracy     : 0.6197

Epoch : 28
Train Loss     : 0.4621	 | 	Train Accuracy     : 0.8482
Valid Loss     : 1.1242	 | 	Valid Accuracy     : 0.6160

Epoch : 29
Train Loss     : 0.4241	 | 	Train Accuracy     : 0.8630
Valid Loss     : 1.1842	 | 	Valid Accuracy     : 0.6011

Epoch : 30
Train Loss     : 0.3912	 | 	Train Accuracy     : 0.8763
Valid Loss     : 1.1606	 | 	Valid Accuracy     : 0.5874

Epoch : 31
Train Loss     : 0.3570	 | 	Train Accuracy     : 0.8875
Valid Loss     : 1.1426	 | 	Valid Accuracy     : 0.5977

Epoch : 32
Train Loss     : 0.3209	 | 	Train Accuracy     : 0.9008
Valid Loss     : 1.2106	 | 	Valid Accuracy     : 0.5791

Epoch : 33
Train Loss     : 0.2901	 | 	Train Accuracy     : 0.9105
Valid Loss     : 1.3452	 | 	Valid Accuracy     : 0.5758

Epoch : 34
Train Loss     : 0.2627	 | 	Train Accuracy     : 0.9184
Valid Loss     : 1.3296	 | 	Valid Accuracy     : 0.5954

Epoch : 35
Train Loss     : 0.2127	 | 	Train Accuracy     : 0.9330
Valid Loss     : 1.2142	 | 	Valid Accuracy     : 0.5963

Epoch : 36
Train Loss     : 0.2024	 | 	Train Accuracy     : 0.9345
Valid Loss     : 1.2155	 | 	Valid Accuracy     : 0.6035

Epoch : 37
Train Loss     : 0.1927	 | 	Train Accuracy     : 0.9393
Valid Loss     : 1.2190	 | 	Valid Accuracy     : 0.5975

Epoch : 38
Train Loss     : 0.1882	 | 	Train Accuracy     : 0.9398
Valid Loss     : 1.2442	 | 	Valid Accuracy     : 0.6050

Epoch : 39
Train Loss     : 0.1827	 | 	Train Accuracy     : 0.9416
Valid Loss     : 1.2089	 | 	Valid Accuracy     : 0.5978

Epoch : 40
Train Loss     : 0.1788	 | 	Train Accuracy     : 0.9442
Valid Loss     : 1.2223	 | 	Valid Accuracy     : 0.5978

Epoch : 41
Train Loss     : 0.1743	 | 	Train Accuracy     : 0.9458
Valid Loss     : 1.2200	 | 	Valid Accuracy     : 0.6017

Epoch : 42
Train Loss     : 0.1699	 | 	Train Accuracy     : 0.9478
Valid Loss     : 1.2334	 | 	Valid Accuracy     : 0.6007

Epoch : 43
Train Loss     : 0.1660	 | 	Train Accuracy     : 0.9498
Valid Loss     : 1.2344	 | 	Valid Accuracy     : 0.5934

Epoch : 44
Train Loss     : 0.1622	 | 	Train Accuracy     : 0.9517
Valid Loss     : 1.2311	 | 	Valid Accuracy     : 0.5981

Epoch : 45
Train Loss     : 0.1593	 | 	Train Accuracy     : 0.9553
Valid Loss     : 1.2424	 | 	Valid Accuracy     : 0.6014

Epoch : 46
Train Loss     : 0.1537	 | 	Train Accuracy     : 0.9585
Valid Loss     : 1.2319	 | 	Valid Accuracy     : 0.5997

Epoch : 47
Train Loss     : 0.1516	 | 	Train Accuracy     : 0.9599
Valid Loss     : 1.2328	 | 	Valid Accuracy     : 0.5962

Epoch : 48
Train Loss     : 0.1518	 | 	Train Accuracy     : 0.9591
Valid Loss     : 1.2298	 | 	Valid Accuracy     : 0.6029

Epoch : 49
Train Loss     : 0.1516	 | 	Train Accuracy     : 0.9598
Valid Loss     : 1.2326	 | 	Valid Accuracy     : 0.6003

Epoch : 50
Train Loss     : 0.1498	 | 	Train Accuracy     : 0.9600
Valid Loss     : 1.2284	 | 	Valid Accuracy     : 0.6005

Evaluate on the Test set:
Test loss      :1.1959	 | Test Accuracy      : 0.6142

################## Training is Done! #########################
Training time is : 2:34:28.514660
