=============================================
Dataset: EMG
Method:  °³¹ßÁß...
Mode:    supervised
=============================================
Data loaded ...
Training started ....

Epoch : 1
Train Loss     : 0.3389	 | 	Train Accuracy     : 0.8750
Valid Loss     : 0.0399	 | 	Valid Accuracy     : 1.0000

Epoch : 2
Train Loss     : 0.2325	 | 	Train Accuracy     : 0.9083
Valid Loss     : 0.0519	 | 	Valid Accuracy     : 0.9750

Epoch : 3
Train Loss     : 0.1046	 | 	Train Accuracy     : 0.9750
Valid Loss     : 0.0031	 | 	Valid Accuracy     : 1.0000

Epoch : 4
Train Loss     : 0.0347	 | 	Train Accuracy     : 0.9833
Valid Loss     : 0.0026	 | 	Valid Accuracy     : 1.0000

Epoch : 5
Train Loss     : 0.0092	 | 	Train Accuracy     : 1.0000
Valid Loss     : 0.0178	 | 	Valid Accuracy     : 1.0000

Epoch : 6
Train Loss     : 0.0158	 | 	Train Accuracy     : 0.9917
Valid Loss     : 0.0058	 | 	Valid Accuracy     : 1.0000

Epoch : 7
Train Loss     : 0.0448	 | 	Train Accuracy     : 0.9917
Valid Loss     : 0.0075	 | 	Valid Accuracy     : 1.0000

Epoch : 8
Train Loss     : 0.0051	 | 	Train Accuracy     : 1.0000
Valid Loss     : 0.0154	 | 	Valid Accuracy     : 1.0000

Epoch : 9
Train Loss     : 0.0061	 | 	Train Accuracy     : 1.0000
Valid Loss     : 0.0022	 | 	Valid Accuracy     : 1.0000

Epoch : 10
Train Loss     : 0.0033	 | 	Train Accuracy     : 1.0000
Valid Loss     : 0.0013	 | 	Valid Accuracy     : 1.0000

Epoch : 11
Train Loss     : 0.0156	 | 	Train Accuracy     : 1.0000
Valid Loss     : 0.0412	 | 	Valid Accuracy     : 0.9750

Epoch : 12
Train Loss     : 0.0091	 | 	Train Accuracy     : 1.0000
Valid Loss     : 0.0041	 | 	Valid Accuracy     : 1.0000

Epoch : 13
Train Loss     : 0.0073	 | 	Train Accuracy     : 1.0000
Valid Loss     : 0.0012	 | 	Valid Accuracy     : 1.0000

Epoch : 14
Train Loss     : 0.0098	 | 	Train Accuracy     : 0.9917
Valid Loss     : 0.0056	 | 	Valid Accuracy     : 1.0000

Epoch : 15
Train Loss     : 0.0238	 | 	Train Accuracy     : 0.9917
Valid Loss     : 0.0734	 | 	Valid Accuracy     : 0.9750

Epoch : 16
Train Loss     : 0.0089	 | 	Train Accuracy     : 1.0000
Valid Loss     : 0.0514	 | 	Valid Accuracy     : 0.9750

Epoch : 17
Train Loss     : 0.0040	 | 	Train Accuracy     : 1.0000
Valid Loss     : 0.0076	 | 	Valid Accuracy     : 1.0000

Epoch : 18
Train Loss     : 0.0008	 | 	Train Accuracy     : 1.0000
Valid Loss     : 0.0061	 | 	Valid Accuracy     : 1.0000

Epoch : 19
Train Loss     : 0.0088	 | 	Train Accuracy     : 1.0000
Valid Loss     : 0.0038	 | 	Valid Accuracy     : 1.0000

Epoch : 20
Train Loss     : 0.0026	 | 	Train Accuracy     : 1.0000
Valid Loss     : 0.0035	 | 	Valid Accuracy     : 1.0000

Epoch : 21
Train Loss     : 0.0022	 | 	Train Accuracy     : 1.0000
Valid Loss     : 0.0070	 | 	Valid Accuracy     : 1.0000

Epoch : 22
Train Loss     : 0.0023	 | 	Train Accuracy     : 1.0000
Valid Loss     : 0.0091	 | 	Valid Accuracy     : 1.0000

Epoch : 23
Train Loss     : 0.0008	 | 	Train Accuracy     : 1.0000
Valid Loss     : 0.0132	 | 	Valid Accuracy     : 1.0000

Epoch : 24
Train Loss     : 0.0008	 | 	Train Accuracy     : 1.0000
Valid Loss     : 0.0183	 | 	Valid Accuracy     : 0.9750

Epoch : 25
Train Loss     : 0.0005	 | 	Train Accuracy     : 1.0000
Valid Loss     : 0.0120	 | 	Valid Accuracy     : 1.0000

Epoch : 26
Train Loss     : 0.1381	 | 	Train Accuracy     : 0.9750
Valid Loss     : 0.0043	 | 	Valid Accuracy     : 1.0000

Epoch : 27
Train Loss     : 0.0007	 | 	Train Accuracy     : 1.0000
Valid Loss     : 0.0073	 | 	Valid Accuracy     : 1.0000

Epoch : 28
Train Loss     : 0.2026	 | 	Train Accuracy     : 0.9750
Valid Loss     : 0.0086	 | 	Valid Accuracy     : 1.0000

Epoch : 29
Train Loss     : 0.0009	 | 	Train Accuracy     : 1.0000
Valid Loss     : 0.0083	 | 	Valid Accuracy     : 1.0000

Epoch : 30
Train Loss     : 0.0033	 | 	Train Accuracy     : 1.0000
Valid Loss     : 0.0112	 | 	Valid Accuracy     : 1.0000

Evaluate on the Test set:
Test loss      :0.1184	 | Test Accuracy      : 0.9792

################## Training is Done! #########################
Training time is : 0:00:57.076069
