=============================================
Dataset: EMG
Method:  °³¹ßÁß...
Mode:    supervised
=============================================
Data loaded ...
Training started ....

Epoch : 1
Train Loss     : 0.5285	 | 	Train Accuracy     : 0.8417
Valid Loss     : 0.9206	 | 	Valid Accuracy     : 0.6750

Epoch : 2
Train Loss     : 0.2248	 | 	Train Accuracy     : 0.9667
Valid Loss     : 0.3061	 | 	Valid Accuracy     : 0.9000

Epoch : 3
Train Loss     : 0.1823	 | 	Train Accuracy     : 0.9833
Valid Loss     : 0.1305	 | 	Valid Accuracy     : 1.0000

Epoch : 4
Train Loss     : 0.2084	 | 	Train Accuracy     : 0.9667
Valid Loss     : 0.1122	 | 	Valid Accuracy     : 1.0000

Epoch : 5
Train Loss     : 0.1843	 | 	Train Accuracy     : 0.9667
Valid Loss     : 0.1582	 | 	Valid Accuracy     : 1.0000

Epoch : 6
Train Loss     : 0.1408	 | 	Train Accuracy     : 0.9917
Valid Loss     : 0.3214	 | 	Valid Accuracy     : 0.8750

Epoch : 7
Train Loss     : 0.1958	 | 	Train Accuracy     : 0.9500
Valid Loss     : 0.0867	 | 	Valid Accuracy     : 1.0000

Epoch : 8
Train Loss     : 0.1127	 | 	Train Accuracy     : 0.9917
Valid Loss     : 0.0945	 | 	Valid Accuracy     : 1.0000

Epoch : 9
Train Loss     : 0.1205	 | 	Train Accuracy     : 0.9833
Valid Loss     : 0.0790	 | 	Valid Accuracy     : 1.0000

Epoch : 10
Train Loss     : 0.1119	 | 	Train Accuracy     : 0.9833
Valid Loss     : 0.0950	 | 	Valid Accuracy     : 1.0000

Epoch : 11
Train Loss     : 0.0939	 | 	Train Accuracy     : 0.9917
Valid Loss     : 0.0688	 | 	Valid Accuracy     : 1.0000

Epoch : 12
Train Loss     : 0.0739	 | 	Train Accuracy     : 0.9917
Valid Loss     : 0.0670	 | 	Valid Accuracy     : 1.0000

Epoch : 13
Train Loss     : 0.0753	 | 	Train Accuracy     : 0.9917
Valid Loss     : 0.0642	 | 	Valid Accuracy     : 1.0000

Epoch : 14
Train Loss     : 0.0617	 | 	Train Accuracy     : 1.0000
Valid Loss     : 0.0713	 | 	Valid Accuracy     : 1.0000

Epoch : 15
Train Loss     : 0.0931	 | 	Train Accuracy     : 0.9833
Valid Loss     : 0.3015	 | 	Valid Accuracy     : 0.8750

Epoch : 16
Train Loss     : 0.1844	 | 	Train Accuracy     : 0.9500
Valid Loss     : 0.0638	 | 	Valid Accuracy     : 1.0000

Epoch : 17
Train Loss     : 0.2675	 | 	Train Accuracy     : 0.9167
Valid Loss     : 0.3144	 | 	Valid Accuracy     : 0.8750

Epoch : 18
Train Loss     : 0.1389	 | 	Train Accuracy     : 0.9500
Valid Loss     : 0.1347	 | 	Valid Accuracy     : 0.9750

Epoch : 19
Train Loss     : 0.1077	 | 	Train Accuracy     : 0.9833
Valid Loss     : 1.1607	 | 	Valid Accuracy     : 0.6750

Epoch : 20
Train Loss     : 0.2065	 | 	Train Accuracy     : 0.9500
Valid Loss     : 0.1218	 | 	Valid Accuracy     : 0.9750

Epoch : 21
Train Loss     : 0.0836	 | 	Train Accuracy     : 1.0000
Valid Loss     : 0.1472	 | 	Valid Accuracy     : 0.9500

Epoch : 22
Train Loss     : 0.0531	 | 	Train Accuracy     : 1.0000
Valid Loss     : 0.0525	 | 	Valid Accuracy     : 1.0000

Epoch : 23
Train Loss     : 0.0557	 | 	Train Accuracy     : 1.0000
Valid Loss     : 0.0407	 | 	Valid Accuracy     : 1.0000

Epoch : 24
Train Loss     : 0.0435	 | 	Train Accuracy     : 1.0000
Valid Loss     : 0.0402	 | 	Valid Accuracy     : 1.0000

Epoch : 25
Train Loss     : 0.0397	 | 	Train Accuracy     : 1.0000
Valid Loss     : 0.0380	 | 	Valid Accuracy     : 1.0000

Epoch : 26
Train Loss     : 0.0416	 | 	Train Accuracy     : 1.0000
Valid Loss     : 0.0358	 | 	Valid Accuracy     : 1.0000

Epoch : 27
Train Loss     : 0.0471	 | 	Train Accuracy     : 1.0000
Valid Loss     : 0.0341	 | 	Valid Accuracy     : 1.0000

Epoch : 28
Train Loss     : 0.0397	 | 	Train Accuracy     : 1.0000
Valid Loss     : 0.0336	 | 	Valid Accuracy     : 1.0000

Epoch : 29
Train Loss     : 0.0343	 | 	Train Accuracy     : 1.0000
Valid Loss     : 0.0314	 | 	Valid Accuracy     : 1.0000

Epoch : 30
Train Loss     : 0.0889	 | 	Train Accuracy     : 0.9833
Valid Loss     : 0.0310	 | 	Valid Accuracy     : 1.0000

Evaluate on the Test set:
Test loss      :0.1602	 | Test Accuracy      : 0.9583

################## Training is Done! #########################
Training time is : 0:01:12.966772
