=============================================
Dataset: pFD
Method:  TS-TCC
Mode:    supervised
=============================================
Data loaded ...
Training started ....

Epoch : 1
Train Loss     : 12.3991	 | 	Train Accuracy     : 0.4164
Valid Loss     : 1.2243	 | 	Valid Accuracy     : 0.4417

Epoch : 2
Train Loss     : 0.9876	 | 	Train Accuracy     : 0.5656
Valid Loss     : 1.0146	 | 	Valid Accuracy     : 0.4454

Epoch : 3
Train Loss     : 0.5243	 | 	Train Accuracy     : 0.7916
Valid Loss     : 1.3670	 | 	Valid Accuracy     : 0.4476

Epoch : 4
Train Loss     : 0.2750	 | 	Train Accuracy     : 0.9108
Valid Loss     : 1.5114	 | 	Valid Accuracy     : 0.4512

Epoch : 5
Train Loss     : 0.1687	 | 	Train Accuracy     : 0.9488
Valid Loss     : 1.6801	 | 	Valid Accuracy     : 0.4399

Epoch : 6
Train Loss     : 0.1405	 | 	Train Accuracy     : 0.9600
Valid Loss     : 1.8422	 | 	Valid Accuracy     : 0.4256

Epoch : 7
Train Loss     : 0.1300	 | 	Train Accuracy     : 0.9651
Valid Loss     : 1.8644	 | 	Valid Accuracy     : 0.4318

Epoch : 8
Train Loss     : 0.1144	 | 	Train Accuracy     : 0.9707
Valid Loss     : 1.9273	 | 	Valid Accuracy     : 0.4479

Epoch : 9
Train Loss     : 0.1254	 | 	Train Accuracy     : 0.9679
Valid Loss     : 2.1069	 | 	Valid Accuracy     : 0.4421

Epoch : 10
Train Loss     : 0.1057	 | 	Train Accuracy     : 0.9732
Valid Loss     : 2.0716	 | 	Valid Accuracy     : 0.4395

Epoch : 11
Train Loss     : 0.0964	 | 	Train Accuracy     : 0.9731
Valid Loss     : 2.1656	 | 	Valid Accuracy     : 0.4417

Epoch : 12
Train Loss     : 0.1015	 | 	Train Accuracy     : 0.9732
Valid Loss     : 2.2530	 | 	Valid Accuracy     : 0.4370

Epoch : 13
Train Loss     : 0.0989	 | 	Train Accuracy     : 0.9730
Valid Loss     : 2.2942	 | 	Valid Accuracy     : 0.4413

Epoch : 14
Train Loss     : 0.0416	 | 	Train Accuracy     : 0.9907
Valid Loss     : 2.3211	 | 	Valid Accuracy     : 0.4428

Epoch : 15
Train Loss     : 0.0249	 | 	Train Accuracy     : 0.9940
Valid Loss     : 2.3351	 | 	Valid Accuracy     : 0.4435

Epoch : 16
Train Loss     : 0.0179	 | 	Train Accuracy     : 0.9970
Valid Loss     : 2.4360	 | 	Valid Accuracy     : 0.4413

Epoch : 17
Train Loss     : 0.0148	 | 	Train Accuracy     : 0.9980
Valid Loss     : 2.5809	 | 	Valid Accuracy     : 0.4490

Epoch : 18
Train Loss     : 0.0131	 | 	Train Accuracy     : 0.9979
Valid Loss     : 2.4779	 | 	Valid Accuracy     : 0.4417

Epoch : 19
Train Loss     : 0.0123	 | 	Train Accuracy     : 0.9980
Valid Loss     : 2.5651	 | 	Valid Accuracy     : 0.4490

Epoch : 20
Train Loss     : 0.0116	 | 	Train Accuracy     : 0.9984
Valid Loss     : 2.5278	 | 	Valid Accuracy     : 0.4472

Epoch : 21
Train Loss     : 0.0101	 | 	Train Accuracy     : 0.9984
Valid Loss     : 2.5313	 | 	Valid Accuracy     : 0.4391

Epoch : 22
Train Loss     : 0.0098	 | 	Train Accuracy     : 0.9993
Valid Loss     : 2.5807	 | 	Valid Accuracy     : 0.4479

Epoch : 23
Train Loss     : 0.0110	 | 	Train Accuracy     : 0.9978
Valid Loss     : 2.5919	 | 	Valid Accuracy     : 0.4505

Epoch : 24
Train Loss     : 0.0085	 | 	Train Accuracy     : 0.9993
Valid Loss     : 2.6112	 | 	Valid Accuracy     : 0.4505

Epoch : 25
Train Loss     : 0.0080	 | 	Train Accuracy     : 0.9985
Valid Loss     : 2.5683	 | 	Valid Accuracy     : 0.4556

Epoch : 26
Train Loss     : 0.0062	 | 	Train Accuracy     : 0.9994
Valid Loss     : 2.6443	 | 	Valid Accuracy     : 0.4527

Epoch : 27
Train Loss     : 0.0071	 | 	Train Accuracy     : 0.9989
Valid Loss     : 2.6160	 | 	Valid Accuracy     : 0.4520

Epoch : 28
Train Loss     : 0.0061	 | 	Train Accuracy     : 0.9993
Valid Loss     : 2.5965	 | 	Valid Accuracy     : 0.4516

Epoch : 29
Train Loss     : 0.0066	 | 	Train Accuracy     : 0.9991
Valid Loss     : 2.6661	 | 	Valid Accuracy     : 0.4509
