=============================================
Dataset: sleepEDF
Method:  TS-TCC
Mode:    supervised
=============================================
Data loaded ...
Training started ....

Epoch : 1
Train Loss     : 17.7036	 | 	Train Accuracy     : 0.2600
Valid Loss     : 4.5772	 | 	Valid Accuracy     : 0.4250

Epoch : 2
Train Loss     : 2.3636	 | 	Train Accuracy     : 0.2690
Valid Loss     : 1.5973	 | 	Valid Accuracy     : 0.1440

Epoch : 3
Train Loss     : 1.5556	 | 	Train Accuracy     : 0.3510
Valid Loss     : 1.5612	 | 	Valid Accuracy     : 0.1830

Epoch : 4
Train Loss     : 1.5819	 | 	Train Accuracy     : 0.3510
Valid Loss     : 1.4806	 | 	Valid Accuracy     : 0.4250

Epoch : 5
Train Loss     : 1.5306	 | 	Train Accuracy     : 0.3480
Valid Loss     : 1.5284	 | 	Valid Accuracy     : 0.1760

Epoch : 6
Train Loss     : 1.5145	 | 	Train Accuracy     : 0.3590
Valid Loss     : 1.4688	 | 	Valid Accuracy     : 0.4250

Epoch : 7
Train Loss     : 1.4773	 | 	Train Accuracy     : 0.3880
Valid Loss     : 1.4552	 | 	Valid Accuracy     : 0.4250

Epoch : 8
Train Loss     : 1.4937	 | 	Train Accuracy     : 0.3690
Valid Loss     : 1.4671	 | 	Valid Accuracy     : 0.4250

Epoch : 9
Train Loss     : 1.4816	 | 	Train Accuracy     : 0.3790
Valid Loss     : 1.4668	 | 	Valid Accuracy     : 0.4250

Epoch : 10
Train Loss     : 1.4882	 | 	Train Accuracy     : 0.3700
Valid Loss     : 1.4631	 | 	Valid Accuracy     : 0.4250

Epoch : 11
Train Loss     : 1.5069	 | 	Train Accuracy     : 0.3380
Valid Loss     : 1.4572	 | 	Valid Accuracy     : 0.4250

Epoch : 12
Train Loss     : 1.4938	 | 	Train Accuracy     : 0.3700
Valid Loss     : 1.4663	 | 	Valid Accuracy     : 0.4250

Epoch : 13
Train Loss     : 1.4932	 | 	Train Accuracy     : 0.3400
Valid Loss     : 1.4669	 | 	Valid Accuracy     : 0.4250

Epoch : 14
Train Loss     : 1.4918	 | 	Train Accuracy     : 0.3640
Valid Loss     : 1.4662	 | 	Valid Accuracy     : 0.4250

Epoch : 15
Train Loss     : 1.4866	 | 	Train Accuracy     : 0.3660
Valid Loss     : 1.4709	 | 	Valid Accuracy     : 0.4250

Epoch : 16
Train Loss     : 1.4891	 | 	Train Accuracy     : 0.3470
Valid Loss     : 1.4595	 | 	Valid Accuracy     : 0.4250

Epoch : 17
Train Loss     : 1.4988	 | 	Train Accuracy     : 0.3580
Valid Loss     : 1.6907	 | 	Valid Accuracy     : 0.2570

Epoch : 18
Train Loss     : 1.5177	 | 	Train Accuracy     : 0.3820
Valid Loss     : 1.4818	 | 	Valid Accuracy     : 0.4250

Epoch : 19
Train Loss     : 1.4793	 | 	Train Accuracy     : 0.3500
Valid Loss     : 1.4672	 | 	Valid Accuracy     : 0.4250

Epoch : 20
Train Loss     : 1.4888	 | 	Train Accuracy     : 0.3540
Valid Loss     : 1.4674	 | 	Valid Accuracy     : 0.4250

Epoch : 21
Train Loss     : 1.4855	 | 	Train Accuracy     : 0.3450
Valid Loss     : 1.4665	 | 	Valid Accuracy     : 0.4250

Epoch : 22
Train Loss     : 1.4837	 | 	Train Accuracy     : 0.3590
Valid Loss     : 1.4658	 | 	Valid Accuracy     : 0.4250

Epoch : 23
Train Loss     : 1.4591	 | 	Train Accuracy     : 0.3660
Valid Loss     : 1.4578	 | 	Valid Accuracy     : 0.4250
