=============================================
Dataset: sleepEDF
Method:  TS-TCC
Mode:    supervised
=============================================
Data loaded ...
Training started ....

Epoch : 1
Train Loss     : 1.5417	 | 	Train Accuracy     : 0.3713
Valid Loss     : 1.4666	 | 	Valid Accuracy     : 0.4089

Epoch : 2
Train Loss     : 1.4297	 | 	Train Accuracy     : 0.4105
Valid Loss     : 1.4815	 | 	Valid Accuracy     : 0.4187

Epoch : 3
Train Loss     : 1.3610	 | 	Train Accuracy     : 0.4356
Valid Loss     : 1.4930	 | 	Valid Accuracy     : 0.3885

Epoch : 4
Train Loss     : 1.3074	 | 	Train Accuracy     : 0.4559
Valid Loss     : 1.5355	 | 	Valid Accuracy     : 0.4010

Epoch : 5
Train Loss     : 1.2636	 | 	Train Accuracy     : 0.4736
Valid Loss     : 1.5354	 | 	Valid Accuracy     : 0.3837

Epoch : 6
Train Loss     : 1.2361	 | 	Train Accuracy     : 0.4861
Valid Loss     : 1.5499	 | 	Valid Accuracy     : 0.3274

Epoch : 7
Train Loss     : 1.2077	 | 	Train Accuracy     : 0.5005
Valid Loss     : 1.5676	 | 	Valid Accuracy     : 0.3370

Epoch : 8
Train Loss     : 1.1826	 | 	Train Accuracy     : 0.5108
Valid Loss     : 1.5912	 | 	Valid Accuracy     : 0.3724

Epoch : 9
Train Loss     : 1.1659	 | 	Train Accuracy     : 0.5186
Valid Loss     : 1.7046	 | 	Valid Accuracy     : 0.3918

Epoch : 10
Train Loss     : 1.1536	 | 	Train Accuracy     : 0.5245
Valid Loss     : 1.6210	 | 	Valid Accuracy     : 0.3767

Epoch : 11
Train Loss     : 1.1407	 | 	Train Accuracy     : 0.5280
Valid Loss     : 1.6531	 | 	Valid Accuracy     : 0.3423

Epoch : 12
Train Loss     : 1.1225	 | 	Train Accuracy     : 0.5398
Valid Loss     : 1.6636	 | 	Valid Accuracy     : 0.3788

Epoch : 13
Train Loss     : 1.0491	 | 	Train Accuracy     : 0.5715
Valid Loss     : 1.6592	 | 	Valid Accuracy     : 0.3567

Epoch : 14
Train Loss     : 1.0387	 | 	Train Accuracy     : 0.5778
Valid Loss     : 1.6802	 | 	Valid Accuracy     : 0.3623

Epoch : 15
Train Loss     : 1.0353	 | 	Train Accuracy     : 0.5778
Valid Loss     : 1.6842	 | 	Valid Accuracy     : 0.3615

Epoch : 16
Train Loss     : 1.0359	 | 	Train Accuracy     : 0.5762
Valid Loss     : 1.6973	 | 	Valid Accuracy     : 0.3678

Epoch : 17
Train Loss     : 1.0252	 | 	Train Accuracy     : 0.5837
Valid Loss     : 1.7091	 | 	Valid Accuracy     : 0.3603

Epoch : 18
Train Loss     : 1.0272	 | 	Train Accuracy     : 0.5806
Valid Loss     : 1.7052	 | 	Valid Accuracy     : 0.3594

Epoch : 19
Train Loss     : 1.0256	 | 	Train Accuracy     : 0.5851
Valid Loss     : 1.7045	 | 	Valid Accuracy     : 0.3575

Epoch : 20
Train Loss     : 1.0206	 | 	Train Accuracy     : 0.5848
Valid Loss     : 1.7116	 | 	Valid Accuracy     : 0.3589

Epoch : 21
Train Loss     : 1.0139	 | 	Train Accuracy     : 0.5851
Valid Loss     : 1.7182	 | 	Valid Accuracy     : 0.3562

Epoch : 22
Train Loss     : 1.0225	 | 	Train Accuracy     : 0.5836
Valid Loss     : 1.7125	 | 	Valid Accuracy     : 0.3548

Epoch : 23
Train Loss     : 1.0096	 | 	Train Accuracy     : 0.5899
Valid Loss     : 1.7181	 | 	Valid Accuracy     : 0.3558

Epoch : 24
Train Loss     : 1.0051	 | 	Train Accuracy     : 0.5913
Valid Loss     : 1.7218	 | 	Valid Accuracy     : 0.3558

Epoch : 25
Train Loss     : 1.0084	 | 	Train Accuracy     : 0.5895
Valid Loss     : 1.7205	 | 	Valid Accuracy     : 0.3572

Epoch : 26
Train Loss     : 1.0024	 | 	Train Accuracy     : 0.5907
Valid Loss     : 1.7235	 | 	Valid Accuracy     : 0.3575

Epoch : 27
Train Loss     : 1.0004	 | 	Train Accuracy     : 0.5953
Valid Loss     : 1.7182	 | 	Valid Accuracy     : 0.3553

Epoch : 28
Train Loss     : 1.0077	 | 	Train Accuracy     : 0.5869
Valid Loss     : 1.7215	 | 	Valid Accuracy     : 0.3565

Epoch : 29
Train Loss     : 1.0068	 | 	Train Accuracy     : 0.5923
Valid Loss     : 1.7218	 | 	Valid Accuracy     : 0.3570

Epoch : 30
Train Loss     : 1.0025	 | 	Train Accuracy     : 0.5935
Valid Loss     : 1.7249	 | 	Valid Accuracy     : 0.3577

Epoch : 31
Train Loss     : 1.0094	 | 	Train Accuracy     : 0.5912
Valid Loss     : 1.7243	 | 	Valid Accuracy     : 0.3567

Epoch : 32
Train Loss     : 1.0077	 | 	Train Accuracy     : 0.5910
Valid Loss     : 1.7246	 | 	Valid Accuracy     : 0.3560

Epoch : 33
Train Loss     : 1.0019	 | 	Train Accuracy     : 0.5933
Valid Loss     : 1.7257	 | 	Valid Accuracy     : 0.3562

Epoch : 34
Train Loss     : 1.0075	 | 	Train Accuracy     : 0.5895
Valid Loss     : 1.7267	 | 	Valid Accuracy     : 0.3562

Epoch : 35
Train Loss     : 1.0026	 | 	Train Accuracy     : 0.5913
Valid Loss     : 1.7252	 | 	Valid Accuracy     : 0.3560

Epoch : 36
Train Loss     : 1.0036	 | 	Train Accuracy     : 0.5932
Valid Loss     : 1.7252	 | 	Valid Accuracy     : 0.3555

Epoch : 37
Train Loss     : 1.0039	 | 	Train Accuracy     : 0.5914
Valid Loss     : 1.7241	 | 	Valid Accuracy     : 0.3565

Epoch : 38
Train Loss     : 0.9988	 | 	Train Accuracy     : 0.5952
Valid Loss     : 1.7257	 | 	Valid Accuracy     : 0.3567

Epoch : 39
Train Loss     : 1.0045	 | 	Train Accuracy     : 0.5914
Valid Loss     : 1.7259	 | 	Valid Accuracy     : 0.3550

Epoch : 40
Train Loss     : 1.0063	 | 	Train Accuracy     : 0.5899
Valid Loss     : 1.7248	 | 	Valid Accuracy     : 0.3562

Epoch : 41
Train Loss     : 1.0015	 | 	Train Accuracy     : 0.5961
Valid Loss     : 1.7256	 | 	Valid Accuracy     : 0.3560

Epoch : 42
Train Loss     : 0.9959	 | 	Train Accuracy     : 0.5942
Valid Loss     : 1.7263	 | 	Valid Accuracy     : 0.3555

Epoch : 43
Train Loss     : 1.0027	 | 	Train Accuracy     : 0.5932
Valid Loss     : 1.7262	 | 	Valid Accuracy     : 0.3555

Epoch : 44
Train Loss     : 0.9933	 | 	Train Accuracy     : 0.5952
Valid Loss     : 1.7269	 | 	Valid Accuracy     : 0.3550

Epoch : 45
Train Loss     : 1.0055	 | 	Train Accuracy     : 0.5908
Valid Loss     : 1.7253	 | 	Valid Accuracy     : 0.3560

Epoch : 46
Train Loss     : 1.0027	 | 	Train Accuracy     : 0.5927
Valid Loss     : 1.7258	 | 	Valid Accuracy     : 0.3555

Epoch : 47
Train Loss     : 0.9968	 | 	Train Accuracy     : 0.5914
Valid Loss     : 1.7248	 | 	Valid Accuracy     : 0.3558

Epoch : 48
Train Loss     : 1.0038	 | 	Train Accuracy     : 0.5923
Valid Loss     : 1.7242	 | 	Valid Accuracy     : 0.3562

Epoch : 49
Train Loss     : 0.9994	 | 	Train Accuracy     : 0.5964
Valid Loss     : 1.7250	 | 	Valid Accuracy     : 0.3553

Epoch : 50
Train Loss     : 1.0043	 | 	Train Accuracy     : 0.5942
Valid Loss     : 1.7260	 | 	Valid Accuracy     : 0.3560

Epoch : 51
Train Loss     : 0.9955	 | 	Train Accuracy     : 0.5957
Valid Loss     : 1.7279	 | 	Valid Accuracy     : 0.3555

Epoch : 52
Train Loss     : 1.0004	 | 	Train Accuracy     : 0.5936
Valid Loss     : 1.7246	 | 	Valid Accuracy     : 0.3570

Epoch : 53
Train Loss     : 0.9981	 | 	Train Accuracy     : 0.5955
Valid Loss     : 1.7252	 | 	Valid Accuracy     : 0.3570

Epoch : 54
Train Loss     : 1.0060	 | 	Train Accuracy     : 0.5907
Valid Loss     : 1.7297	 | 	Valid Accuracy     : 0.3558

Epoch : 55
Train Loss     : 0.9990	 | 	Train Accuracy     : 0.5940
Valid Loss     : 1.7262	 | 	Valid Accuracy     : 0.3558

Epoch : 56
Train Loss     : 1.0026	 | 	Train Accuracy     : 0.5928
Valid Loss     : 1.7278	 | 	Valid Accuracy     : 0.3550

Epoch : 57
Train Loss     : 1.0010	 | 	Train Accuracy     : 0.5902
Valid Loss     : 1.7269	 | 	Valid Accuracy     : 0.3548

Epoch : 58
Train Loss     : 1.0046	 | 	Train Accuracy     : 0.5912
Valid Loss     : 1.7261	 | 	Valid Accuracy     : 0.3555

Epoch : 59
Train Loss     : 0.9939	 | 	Train Accuracy     : 0.5952
Valid Loss     : 1.7251	 | 	Valid Accuracy     : 0.3567

Epoch : 60
Train Loss     : 1.0021	 | 	Train Accuracy     : 0.5902
Valid Loss     : 1.7265	 | 	Valid Accuracy     : 0.3562

Epoch : 61
Train Loss     : 1.0040	 | 	Train Accuracy     : 0.5899
Valid Loss     : 1.7265	 | 	Valid Accuracy     : 0.3558

Epoch : 62
Train Loss     : 0.9985	 | 	Train Accuracy     : 0.5936
Valid Loss     : 1.7243	 | 	Valid Accuracy     : 0.3558

Epoch : 63
Train Loss     : 0.9982	 | 	Train Accuracy     : 0.5946
Valid Loss     : 1.7249	 | 	Valid Accuracy     : 0.3553

Epoch : 64
Train Loss     : 1.0054	 | 	Train Accuracy     : 0.5875
Valid Loss     : 1.7265	 | 	Valid Accuracy     : 0.3550

Epoch : 65
Train Loss     : 1.0002	 | 	Train Accuracy     : 0.5917
Valid Loss     : 1.7280	 | 	Valid Accuracy     : 0.3548

Epoch : 66
Train Loss     : 0.9985	 | 	Train Accuracy     : 0.5935
Valid Loss     : 1.7260	 | 	Valid Accuracy     : 0.3555

Epoch : 67
Train Loss     : 1.0074	 | 	Train Accuracy     : 0.5891
Valid Loss     : 1.7286	 | 	Valid Accuracy     : 0.3555

Epoch : 68
Train Loss     : 1.0031	 | 	Train Accuracy     : 0.5916
Valid Loss     : 1.7253	 | 	Valid Accuracy     : 0.3558

Epoch : 69
Train Loss     : 1.0033	 | 	Train Accuracy     : 0.5900
Valid Loss     : 1.7279	 | 	Valid Accuracy     : 0.3553

Epoch : 70
Train Loss     : 0.9955	 | 	Train Accuracy     : 0.5937
Valid Loss     : 1.7251	 | 	Valid Accuracy     : 0.3548

Epoch : 71
Train Loss     : 1.0018	 | 	Train Accuracy     : 0.5925
Valid Loss     : 1.7261	 | 	Valid Accuracy     : 0.3565

Epoch : 72
Train Loss     : 0.9985	 | 	Train Accuracy     : 0.5923
Valid Loss     : 1.7251	 | 	Valid Accuracy     : 0.3558

Epoch : 73
Train Loss     : 0.9987	 | 	Train Accuracy     : 0.5945
Valid Loss     : 1.7269	 | 	Valid Accuracy     : 0.3558

Epoch : 74
Train Loss     : 1.0081	 | 	Train Accuracy     : 0.5889
Valid Loss     : 1.7276	 | 	Valid Accuracy     : 0.3555

Epoch : 75
Train Loss     : 0.9971	 | 	Train Accuracy     : 0.5935
Valid Loss     : 1.7280	 | 	Valid Accuracy     : 0.3558

Epoch : 76
Train Loss     : 1.0025	 | 	Train Accuracy     : 0.5923
Valid Loss     : 1.7243	 | 	Valid Accuracy     : 0.3565

Epoch : 77
Train Loss     : 1.0015	 | 	Train Accuracy     : 0.5929
Valid Loss     : 1.7270	 | 	Valid Accuracy     : 0.3550

Epoch : 78
Train Loss     : 1.0034	 | 	Train Accuracy     : 0.5907
Valid Loss     : 1.7250	 | 	Valid Accuracy     : 0.3560

Epoch : 79
Train Loss     : 0.9984	 | 	Train Accuracy     : 0.5937
Valid Loss     : 1.7251	 | 	Valid Accuracy     : 0.3562

Epoch : 80
Train Loss     : 1.0021	 | 	Train Accuracy     : 0.5950
Valid Loss     : 1.7278	 | 	Valid Accuracy     : 0.3560

Epoch : 81
Train Loss     : 0.9993	 | 	Train Accuracy     : 0.5954
Valid Loss     : 1.7250	 | 	Valid Accuracy     : 0.3548

Epoch : 82
Train Loss     : 0.9963	 | 	Train Accuracy     : 0.5945
Valid Loss     : 1.7260	 | 	Valid Accuracy     : 0.3562

Epoch : 83
Train Loss     : 1.0092	 | 	Train Accuracy     : 0.5847
Valid Loss     : 1.7241	 | 	Valid Accuracy     : 0.3553

Epoch : 84
Train Loss     : 0.9993	 | 	Train Accuracy     : 0.5928
Valid Loss     : 1.7265	 | 	Valid Accuracy     : 0.3558

Epoch : 85
Train Loss     : 1.0002	 | 	Train Accuracy     : 0.5949
Valid Loss     : 1.7264	 | 	Valid Accuracy     : 0.3555

Epoch : 86
Train Loss     : 0.9996	 | 	Train Accuracy     : 0.5918
Valid Loss     : 1.7268	 | 	Valid Accuracy     : 0.3558

Epoch : 87
Train Loss     : 0.9996	 | 	Train Accuracy     : 0.5941
Valid Loss     : 1.7247	 | 	Valid Accuracy     : 0.3565

Epoch : 88
Train Loss     : 1.0008	 | 	Train Accuracy     : 0.5915
Valid Loss     : 1.7235	 | 	Valid Accuracy     : 0.3560

Epoch : 89
Train Loss     : 1.0023	 | 	Train Accuracy     : 0.5910
Valid Loss     : 1.7276	 | 	Valid Accuracy     : 0.3550

Epoch : 90
Train Loss     : 1.0002	 | 	Train Accuracy     : 0.5932
Valid Loss     : 1.7262	 | 	Valid Accuracy     : 0.3558

Epoch : 91
Train Loss     : 1.0049	 | 	Train Accuracy     : 0.5905
Valid Loss     : 1.7267	 | 	Valid Accuracy     : 0.3558

Epoch : 92
Train Loss     : 1.0025	 | 	Train Accuracy     : 0.5911
Valid Loss     : 1.7248	 | 	Valid Accuracy     : 0.3550

Epoch : 93
Train Loss     : 0.9959	 | 	Train Accuracy     : 0.5936
Valid Loss     : 1.7289	 | 	Valid Accuracy     : 0.3553

Epoch : 94
Train Loss     : 1.0004	 | 	Train Accuracy     : 0.5927
Valid Loss     : 1.7265	 | 	Valid Accuracy     : 0.3560

Epoch : 95
Train Loss     : 1.0046	 | 	Train Accuracy     : 0.5899
Valid Loss     : 1.7261	 | 	Valid Accuracy     : 0.3550

Epoch : 96
Train Loss     : 0.9982	 | 	Train Accuracy     : 0.5964
Valid Loss     : 1.7255	 | 	Valid Accuracy     : 0.3555

Epoch : 97
Train Loss     : 0.9982	 | 	Train Accuracy     : 0.5936
Valid Loss     : 1.7284	 | 	Valid Accuracy     : 0.3555

Epoch : 98
Train Loss     : 1.0025	 | 	Train Accuracy     : 0.5896
Valid Loss     : 1.7268	 | 	Valid Accuracy     : 0.3550

Epoch : 99
Train Loss     : 1.0051	 | 	Train Accuracy     : 0.5871
Valid Loss     : 1.7252	 | 	Valid Accuracy     : 0.3560

Epoch : 100
Train Loss     : 0.9973	 | 	Train Accuracy     : 0.5956
Valid Loss     : 1.7270	 | 	Valid Accuracy     : 0.3541

Epoch : 101
Train Loss     : 1.0050	 | 	Train Accuracy     : 0.5911
Valid Loss     : 1.7275	 | 	Valid Accuracy     : 0.3560

Epoch : 102
Train Loss     : 1.0069	 | 	Train Accuracy     : 0.5896
Valid Loss     : 1.7269	 | 	Valid Accuracy     : 0.3555

Epoch : 103
Train Loss     : 1.0043	 | 	Train Accuracy     : 0.5910
Valid Loss     : 1.7258	 | 	Valid Accuracy     : 0.3560

Epoch : 104
Train Loss     : 0.9949	 | 	Train Accuracy     : 0.5963
Valid Loss     : 1.7237	 | 	Valid Accuracy     : 0.3565

Epoch : 105
Train Loss     : 1.0048	 | 	Train Accuracy     : 0.5916
Valid Loss     : 1.7269	 | 	Valid Accuracy     : 0.3562

Epoch : 106
Train Loss     : 1.0040	 | 	Train Accuracy     : 0.5916
Valid Loss     : 1.7241	 | 	Valid Accuracy     : 0.3565

Epoch : 107
Train Loss     : 0.9996	 | 	Train Accuracy     : 0.5939
Valid Loss     : 1.7271	 | 	Valid Accuracy     : 0.3541

Epoch : 108
Train Loss     : 1.0034	 | 	Train Accuracy     : 0.5923
Valid Loss     : 1.7282	 | 	Valid Accuracy     : 0.3555

Epoch : 109
Train Loss     : 0.9971	 | 	Train Accuracy     : 0.5972
Valid Loss     : 1.7251	 | 	Valid Accuracy     : 0.3555

Epoch : 110
Train Loss     : 1.0006	 | 	Train Accuracy     : 0.5930
Valid Loss     : 1.7254	 | 	Valid Accuracy     : 0.3567

Epoch : 111
Train Loss     : 1.0040	 | 	Train Accuracy     : 0.5946
Valid Loss     : 1.7288	 | 	Valid Accuracy     : 0.3555

Epoch : 112
Train Loss     : 1.0006	 | 	Train Accuracy     : 0.5929
Valid Loss     : 1.7289	 | 	Valid Accuracy     : 0.3555

Epoch : 113
Train Loss     : 0.9993	 | 	Train Accuracy     : 0.5926
Valid Loss     : 1.7257	 | 	Valid Accuracy     : 0.3558

Epoch : 114
Train Loss     : 1.0044	 | 	Train Accuracy     : 0.5903
Valid Loss     : 1.7252	 | 	Valid Accuracy     : 0.3553

Epoch : 115
Train Loss     : 0.9999	 | 	Train Accuracy     : 0.5928
Valid Loss     : 1.7212	 | 	Valid Accuracy     : 0.3567

Epoch : 116
Train Loss     : 0.9993	 | 	Train Accuracy     : 0.5945
Valid Loss     : 1.7256	 | 	Valid Accuracy     : 0.3560

Epoch : 117
Train Loss     : 0.9950	 | 	Train Accuracy     : 0.5939
Valid Loss     : 1.7288	 | 	Valid Accuracy     : 0.3555

Epoch : 118
Train Loss     : 1.0033	 | 	Train Accuracy     : 0.5888
Valid Loss     : 1.7268	 | 	Valid Accuracy     : 0.3550

Epoch : 119
Train Loss     : 1.0022	 | 	Train Accuracy     : 0.5903
Valid Loss     : 1.7223	 | 	Valid Accuracy     : 0.3558

Epoch : 120
Train Loss     : 0.9987	 | 	Train Accuracy     : 0.5940
Valid Loss     : 1.7268	 | 	Valid Accuracy     : 0.3548

Epoch : 121
Train Loss     : 1.0032	 | 	Train Accuracy     : 0.5918
Valid Loss     : 1.7258	 | 	Valid Accuracy     : 0.3572

Epoch : 122
Train Loss     : 1.0012	 | 	Train Accuracy     : 0.5946
Valid Loss     : 1.7253	 | 	Valid Accuracy     : 0.3558

Epoch : 123
Train Loss     : 1.0009	 | 	Train Accuracy     : 0.5932
Valid Loss     : 1.7241	 | 	Valid Accuracy     : 0.3558

Epoch : 124
Train Loss     : 1.0004	 | 	Train Accuracy     : 0.5938
Valid Loss     : 1.7248	 | 	Valid Accuracy     : 0.3553

Epoch : 125
Train Loss     : 1.0057	 | 	Train Accuracy     : 0.5896
Valid Loss     : 1.7266	 | 	Valid Accuracy     : 0.3543

Epoch : 126
Train Loss     : 1.0007	 | 	Train Accuracy     : 0.5930
Valid Loss     : 1.7258	 | 	Valid Accuracy     : 0.3555

Epoch : 127
Train Loss     : 0.9997	 | 	Train Accuracy     : 0.5950
Valid Loss     : 1.7244	 | 	Valid Accuracy     : 0.3560

Epoch : 128
Train Loss     : 1.0026	 | 	Train Accuracy     : 0.5932
Valid Loss     : 1.7249	 | 	Valid Accuracy     : 0.3558

Epoch : 129
Train Loss     : 1.0008	 | 	Train Accuracy     : 0.5927
Valid Loss     : 1.7254	 | 	Valid Accuracy     : 0.3550

Epoch : 130
Train Loss     : 1.0045	 | 	Train Accuracy     : 0.5882
Valid Loss     : 1.7232	 | 	Valid Accuracy     : 0.3553

Epoch : 131
Train Loss     : 0.9983	 | 	Train Accuracy     : 0.5934
Valid Loss     : 1.7245	 | 	Valid Accuracy     : 0.3567

Epoch : 132
Train Loss     : 1.0014	 | 	Train Accuracy     : 0.5913
Valid Loss     : 1.7240	 | 	Valid Accuracy     : 0.3565

Epoch : 133
Train Loss     : 0.9991	 | 	Train Accuracy     : 0.5943
Valid Loss     : 1.7243	 | 	Valid Accuracy     : 0.3555

Epoch : 134
Train Loss     : 1.0009	 | 	Train Accuracy     : 0.5914
Valid Loss     : 1.7262	 | 	Valid Accuracy     : 0.3555

Epoch : 135
Train Loss     : 1.0033	 | 	Train Accuracy     : 0.5908
Valid Loss     : 1.7282	 | 	Valid Accuracy     : 0.3562

Epoch : 136
Train Loss     : 0.9949	 | 	Train Accuracy     : 0.5946
Valid Loss     : 1.7274	 | 	Valid Accuracy     : 0.3550

Epoch : 137
Train Loss     : 1.0049	 | 	Train Accuracy     : 0.5899
Valid Loss     : 1.7286	 | 	Valid Accuracy     : 0.3562

Epoch : 138
Train Loss     : 1.0052	 | 	Train Accuracy     : 0.5909
Valid Loss     : 1.7241	 | 	Valid Accuracy     : 0.3567

Epoch : 139
Train Loss     : 0.9963	 | 	Train Accuracy     : 0.5946
Valid Loss     : 1.7264	 | 	Valid Accuracy     : 0.3553

Epoch : 140
Train Loss     : 1.0062	 | 	Train Accuracy     : 0.5891
Valid Loss     : 1.7241	 | 	Valid Accuracy     : 0.3562

Epoch : 141
Train Loss     : 1.0041	 | 	Train Accuracy     : 0.5929
Valid Loss     : 1.7268	 | 	Valid Accuracy     : 0.3553

Epoch : 142
Train Loss     : 1.0096	 | 	Train Accuracy     : 0.5883
Valid Loss     : 1.7252	 | 	Valid Accuracy     : 0.3560

Epoch : 143
Train Loss     : 1.0021	 | 	Train Accuracy     : 0.5903
Valid Loss     : 1.7273	 | 	Valid Accuracy     : 0.3565

Epoch : 144
Train Loss     : 1.0006	 | 	Train Accuracy     : 0.5935
Valid Loss     : 1.7248	 | 	Valid Accuracy     : 0.3560

Epoch : 145
Train Loss     : 1.0004	 | 	Train Accuracy     : 0.5937
Valid Loss     : 1.7264	 | 	Valid Accuracy     : 0.3560

Epoch : 146
Train Loss     : 1.0030	 | 	Train Accuracy     : 0.5958
Valid Loss     : 1.7290	 | 	Valid Accuracy     : 0.3562

Epoch : 147
Train Loss     : 0.9992	 | 	Train Accuracy     : 0.5928
Valid Loss     : 1.7268	 | 	Valid Accuracy     : 0.3553

Epoch : 148
Train Loss     : 1.0033	 | 	Train Accuracy     : 0.5918
Valid Loss     : 1.7260	 | 	Valid Accuracy     : 0.3550

Epoch : 149
Train Loss     : 1.0021	 | 	Train Accuracy     : 0.5932
Valid Loss     : 1.7236	 | 	Valid Accuracy     : 0.3560

Epoch : 150
Train Loss     : 1.0020	 | 	Train Accuracy     : 0.5940
Valid Loss     : 1.7293	 | 	Valid Accuracy     : 0.3560

Epoch : 151
Train Loss     : 0.9981	 | 	Train Accuracy     : 0.5938
Valid Loss     : 1.7267	 | 	Valid Accuracy     : 0.3560

Epoch : 152
Train Loss     : 0.9996	 | 	Train Accuracy     : 0.5912
Valid Loss     : 1.7260	 | 	Valid Accuracy     : 0.3553

Epoch : 153
Train Loss     : 1.0027	 | 	Train Accuracy     : 0.5927
Valid Loss     : 1.7224	 | 	Valid Accuracy     : 0.3577

Epoch : 154
Train Loss     : 1.0032	 | 	Train Accuracy     : 0.5908
Valid Loss     : 1.7240	 | 	Valid Accuracy     : 0.3558

Epoch : 155
Train Loss     : 0.9971	 | 	Train Accuracy     : 0.5955
Valid Loss     : 1.7261	 | 	Valid Accuracy     : 0.3550

Epoch : 156
Train Loss     : 1.0015	 | 	Train Accuracy     : 0.5925
Valid Loss     : 1.7282	 | 	Valid Accuracy     : 0.3555

Epoch : 157
Train Loss     : 0.9978	 | 	Train Accuracy     : 0.5934
Valid Loss     : 1.7256	 | 	Valid Accuracy     : 0.3553

Epoch : 158
Train Loss     : 0.9988	 | 	Train Accuracy     : 0.5948
Valid Loss     : 1.7272	 | 	Valid Accuracy     : 0.3553

Epoch : 159
Train Loss     : 0.9987	 | 	Train Accuracy     : 0.5941
Valid Loss     : 1.7270	 | 	Valid Accuracy     : 0.3550

Epoch : 160
Train Loss     : 1.0044	 | 	Train Accuracy     : 0.5926
Valid Loss     : 1.7258	 | 	Valid Accuracy     : 0.3562

Epoch : 161
Train Loss     : 0.9982	 | 	Train Accuracy     : 0.5921
Valid Loss     : 1.7285	 | 	Valid Accuracy     : 0.3546

Epoch : 162
Train Loss     : 0.9991	 | 	Train Accuracy     : 0.5926
Valid Loss     : 1.7290	 | 	Valid Accuracy     : 0.3543

Epoch : 163
Train Loss     : 0.9986	 | 	Train Accuracy     : 0.5940
Valid Loss     : 1.7258	 | 	Valid Accuracy     : 0.3560

Epoch : 164
Train Loss     : 0.9945	 | 	Train Accuracy     : 0.5959
Valid Loss     : 1.7244	 | 	Valid Accuracy     : 0.3558

Epoch : 165
Train Loss     : 1.0041	 | 	Train Accuracy     : 0.5894
Valid Loss     : 1.7254	 | 	Valid Accuracy     : 0.3565

Epoch : 166
Train Loss     : 1.0026	 | 	Train Accuracy     : 0.5943
Valid Loss     : 1.7266	 | 	Valid Accuracy     : 0.3558

Epoch : 167
Train Loss     : 0.9941	 | 	Train Accuracy     : 0.5962
Valid Loss     : 1.7249	 | 	Valid Accuracy     : 0.3560

Epoch : 168
Train Loss     : 0.9966	 | 	Train Accuracy     : 0.5914
Valid Loss     : 1.7275	 | 	Valid Accuracy     : 0.3558

Epoch : 169
Train Loss     : 0.9998	 | 	Train Accuracy     : 0.5941
Valid Loss     : 1.7263	 | 	Valid Accuracy     : 0.3553

Epoch : 170
Train Loss     : 1.0003	 | 	Train Accuracy     : 0.5948
Valid Loss     : 1.7245	 | 	Valid Accuracy     : 0.3560

Epoch : 171
Train Loss     : 0.9966	 | 	Train Accuracy     : 0.5961
Valid Loss     : 1.7282	 | 	Valid Accuracy     : 0.3550

Epoch : 172
Train Loss     : 1.0018	 | 	Train Accuracy     : 0.5903
Valid Loss     : 1.7266	 | 	Valid Accuracy     : 0.3550

Epoch : 173
Train Loss     : 0.9994	 | 	Train Accuracy     : 0.5924
Valid Loss     : 1.7262	 | 	Valid Accuracy     : 0.3553

Epoch : 174
Train Loss     : 0.9986	 | 	Train Accuracy     : 0.5933
Valid Loss     : 1.7259	 | 	Valid Accuracy     : 0.3567

Epoch : 175
Train Loss     : 0.9961	 | 	Train Accuracy     : 0.5957
Valid Loss     : 1.7262	 | 	Valid Accuracy     : 0.3550

Epoch : 176
Train Loss     : 1.0015	 | 	Train Accuracy     : 0.5912
Valid Loss     : 1.7268	 | 	Valid Accuracy     : 0.3558

Epoch : 177
Train Loss     : 1.0023	 | 	Train Accuracy     : 0.5935
Valid Loss     : 1.7256	 | 	Valid Accuracy     : 0.3550

Epoch : 178
Train Loss     : 0.9973	 | 	Train Accuracy     : 0.5934
Valid Loss     : 1.7265	 | 	Valid Accuracy     : 0.3553

Epoch : 179
Train Loss     : 0.9979	 | 	Train Accuracy     : 0.5952
Valid Loss     : 1.7249	 | 	Valid Accuracy     : 0.3567

Epoch : 180
Train Loss     : 1.0001	 | 	Train Accuracy     : 0.5951
Valid Loss     : 1.7251	 | 	Valid Accuracy     : 0.3555

Epoch : 181
Train Loss     : 0.9993	 | 	Train Accuracy     : 0.5966
Valid Loss     : 1.7261	 | 	Valid Accuracy     : 0.3548

Epoch : 182
Train Loss     : 1.0074	 | 	Train Accuracy     : 0.5893
Valid Loss     : 1.7266	 | 	Valid Accuracy     : 0.3555

Epoch : 183
Train Loss     : 1.0013	 | 	Train Accuracy     : 0.5916
Valid Loss     : 1.7279	 | 	Valid Accuracy     : 0.3560

Epoch : 184
Train Loss     : 0.9997	 | 	Train Accuracy     : 0.5946
Valid Loss     : 1.7246	 | 	Valid Accuracy     : 0.3572

Epoch : 185
Train Loss     : 0.9985	 | 	Train Accuracy     : 0.5948
Valid Loss     : 1.7268	 | 	Valid Accuracy     : 0.3553

Epoch : 186
Train Loss     : 0.9986	 | 	Train Accuracy     : 0.5951
Valid Loss     : 1.7271	 | 	Valid Accuracy     : 0.3553

Epoch : 187
Train Loss     : 1.0057	 | 	Train Accuracy     : 0.5889
Valid Loss     : 1.7264	 | 	Valid Accuracy     : 0.3553

Epoch : 188
Train Loss     : 1.0039	 | 	Train Accuracy     : 0.5913
Valid Loss     : 1.7273	 | 	Valid Accuracy     : 0.3567

Epoch : 189
Train Loss     : 0.9982	 | 	Train Accuracy     : 0.5932
Valid Loss     : 1.7258	 | 	Valid Accuracy     : 0.3555

Epoch : 190
Train Loss     : 1.0001	 | 	Train Accuracy     : 0.5933
Valid Loss     : 1.7268	 | 	Valid Accuracy     : 0.3534

Epoch : 191
Train Loss     : 1.0025	 | 	Train Accuracy     : 0.5905
Valid Loss     : 1.7254	 | 	Valid Accuracy     : 0.3558

Epoch : 192
Train Loss     : 1.0002	 | 	Train Accuracy     : 0.5950
Valid Loss     : 1.7282	 | 	Valid Accuracy     : 0.3562

Epoch : 193
Train Loss     : 0.9995	 | 	Train Accuracy     : 0.5940
Valid Loss     : 1.7267	 | 	Valid Accuracy     : 0.3562

Epoch : 194
Train Loss     : 1.0059	 | 	Train Accuracy     : 0.5903
Valid Loss     : 1.7250	 | 	Valid Accuracy     : 0.3558

Epoch : 195
Train Loss     : 0.9986	 | 	Train Accuracy     : 0.5946
Valid Loss     : 1.7265	 | 	Valid Accuracy     : 0.3558

Epoch : 196
Train Loss     : 1.0008	 | 	Train Accuracy     : 0.5904
Valid Loss     : 1.7260	 | 	Valid Accuracy     : 0.3560

Epoch : 197
Train Loss     : 0.9996	 | 	Train Accuracy     : 0.5935
Valid Loss     : 1.7280	 | 	Valid Accuracy     : 0.3548

Epoch : 198
Train Loss     : 1.0012	 | 	Train Accuracy     : 0.5941
Valid Loss     : 1.7232	 | 	Valid Accuracy     : 0.3558

Epoch : 199
Train Loss     : 1.0046	 | 	Train Accuracy     : 0.5905
Valid Loss     : 1.7267	 | 	Valid Accuracy     : 0.3553

Epoch : 200
Train Loss     : 0.9974	 | 	Train Accuracy     : 0.5920
Valid Loss     : 1.7266	 | 	Valid Accuracy     : 0.3567

Epoch : 201
Train Loss     : 1.0006	 | 	Train Accuracy     : 0.5946
Valid Loss     : 1.7266	 | 	Valid Accuracy     : 0.3558

Epoch : 202
Train Loss     : 1.0029	 | 	Train Accuracy     : 0.5917
Valid Loss     : 1.7279	 | 	Valid Accuracy     : 0.3550

Epoch : 203
Train Loss     : 1.0013	 | 	Train Accuracy     : 0.5909
Valid Loss     : 1.7232	 | 	Valid Accuracy     : 0.3555

Epoch : 204
Train Loss     : 0.9966	 | 	Train Accuracy     : 0.5961
Valid Loss     : 1.7249	 | 	Valid Accuracy     : 0.3555

Epoch : 205
Train Loss     : 0.9989	 | 	Train Accuracy     : 0.5904
Valid Loss     : 1.7297	 | 	Valid Accuracy     : 0.3543

Epoch : 206
Train Loss     : 1.0032	 | 	Train Accuracy     : 0.5920
Valid Loss     : 1.7254	 | 	Valid Accuracy     : 0.3562

Epoch : 207
Train Loss     : 1.0045	 | 	Train Accuracy     : 0.5917
Valid Loss     : 1.7280	 | 	Valid Accuracy     : 0.3546

Epoch : 208
Train Loss     : 1.0005	 | 	Train Accuracy     : 0.5939
Valid Loss     : 1.7245	 | 	Valid Accuracy     : 0.3550

Epoch : 209
Train Loss     : 0.9998	 | 	Train Accuracy     : 0.5967
Valid Loss     : 1.7242	 | 	Valid Accuracy     : 0.3555

Epoch : 210
Train Loss     : 1.0002	 | 	Train Accuracy     : 0.5935
Valid Loss     : 1.7275	 | 	Valid Accuracy     : 0.3562

Epoch : 211
Train Loss     : 1.0048	 | 	Train Accuracy     : 0.5914
Valid Loss     : 1.7284	 | 	Valid Accuracy     : 0.3560

Epoch : 212
Train Loss     : 1.0013	 | 	Train Accuracy     : 0.5931
Valid Loss     : 1.7267	 | 	Valid Accuracy     : 0.3562

Epoch : 213
Train Loss     : 0.9990	 | 	Train Accuracy     : 0.5898
Valid Loss     : 1.7260	 | 	Valid Accuracy     : 0.3565

Epoch : 214
Train Loss     : 0.9992	 | 	Train Accuracy     : 0.5929
Valid Loss     : 1.7244	 | 	Valid Accuracy     : 0.3567

Epoch : 215
Train Loss     : 0.9987	 | 	Train Accuracy     : 0.5927
Valid Loss     : 1.7272	 | 	Valid Accuracy     : 0.3546

Epoch : 216
Train Loss     : 1.0014	 | 	Train Accuracy     : 0.5927
Valid Loss     : 1.7262	 | 	Valid Accuracy     : 0.3553

Epoch : 217
Train Loss     : 0.9963	 | 	Train Accuracy     : 0.5942
Valid Loss     : 1.7256	 | 	Valid Accuracy     : 0.3550

Epoch : 218
Train Loss     : 1.0059	 | 	Train Accuracy     : 0.5888
Valid Loss     : 1.7288	 | 	Valid Accuracy     : 0.3555

Epoch : 219
Train Loss     : 0.9938	 | 	Train Accuracy     : 0.5947
Valid Loss     : 1.7272	 | 	Valid Accuracy     : 0.3553

Epoch : 220
Train Loss     : 1.0023	 | 	Train Accuracy     : 0.5894
Valid Loss     : 1.7255	 | 	Valid Accuracy     : 0.3572

Epoch : 221
Train Loss     : 0.9993	 | 	Train Accuracy     : 0.5939
Valid Loss     : 1.7253	 | 	Valid Accuracy     : 0.3558

Epoch : 222
Train Loss     : 1.0022	 | 	Train Accuracy     : 0.5944
Valid Loss     : 1.7249	 | 	Valid Accuracy     : 0.3565

Epoch : 223
Train Loss     : 0.9996	 | 	Train Accuracy     : 0.5919
Valid Loss     : 1.7276	 | 	Valid Accuracy     : 0.3555

Epoch : 224
Train Loss     : 0.9976	 | 	Train Accuracy     : 0.5935
Valid Loss     : 1.7236	 | 	Valid Accuracy     : 0.3572

Epoch : 225
Train Loss     : 1.0028	 | 	Train Accuracy     : 0.5914
Valid Loss     : 1.7280	 | 	Valid Accuracy     : 0.3567

Epoch : 226
Train Loss     : 1.0065	 | 	Train Accuracy     : 0.5895
Valid Loss     : 1.7240	 | 	Valid Accuracy     : 0.3565

Epoch : 227
Train Loss     : 1.0015	 | 	Train Accuracy     : 0.5917
Valid Loss     : 1.7246	 | 	Valid Accuracy     : 0.3572

Epoch : 228
Train Loss     : 0.9970	 | 	Train Accuracy     : 0.5964
Valid Loss     : 1.7237	 | 	Valid Accuracy     : 0.3558

Epoch : 229
Train Loss     : 1.0075	 | 	Train Accuracy     : 0.5860
Valid Loss     : 1.7276	 | 	Valid Accuracy     : 0.3548

Epoch : 230
Train Loss     : 1.0053	 | 	Train Accuracy     : 0.5908
Valid Loss     : 1.7255	 | 	Valid Accuracy     : 0.3558

Epoch : 231
Train Loss     : 0.9989	 | 	Train Accuracy     : 0.5923
Valid Loss     : 1.7256	 | 	Valid Accuracy     : 0.3562

Epoch : 232
Train Loss     : 0.9990	 | 	Train Accuracy     : 0.5929
Valid Loss     : 1.7302	 | 	Valid Accuracy     : 0.3565

Epoch : 233
Train Loss     : 1.0025	 | 	Train Accuracy     : 0.5931
Valid Loss     : 1.7254	 | 	Valid Accuracy     : 0.3565

Epoch : 234
Train Loss     : 1.0047	 | 	Train Accuracy     : 0.5943
Valid Loss     : 1.7282	 | 	Valid Accuracy     : 0.3548

Epoch : 235
Train Loss     : 0.9999	 | 	Train Accuracy     : 0.5950
Valid Loss     : 1.7285	 | 	Valid Accuracy     : 0.3555

Epoch : 236
Train Loss     : 0.9959	 | 	Train Accuracy     : 0.5968
Valid Loss     : 1.7283	 | 	Valid Accuracy     : 0.3560

Epoch : 237
Train Loss     : 0.9998	 | 	Train Accuracy     : 0.5934
Valid Loss     : 1.7253	 | 	Valid Accuracy     : 0.3558

Epoch : 238
Train Loss     : 1.0040	 | 	Train Accuracy     : 0.5917
Valid Loss     : 1.7246	 | 	Valid Accuracy     : 0.3550

Epoch : 239
Train Loss     : 0.9931	 | 	Train Accuracy     : 0.5952
Valid Loss     : 1.7269	 | 	Valid Accuracy     : 0.3560

Epoch : 240
Train Loss     : 0.9995	 | 	Train Accuracy     : 0.5931
Valid Loss     : 1.7271	 | 	Valid Accuracy     : 0.3548

Epoch : 241
Train Loss     : 0.9983	 | 	Train Accuracy     : 0.5938
Valid Loss     : 1.7248	 | 	Valid Accuracy     : 0.3562

Epoch : 242
Train Loss     : 1.0000	 | 	Train Accuracy     : 0.5918
Valid Loss     : 1.7232	 | 	Valid Accuracy     : 0.3553

Epoch : 243
Train Loss     : 1.0067	 | 	Train Accuracy     : 0.5919
Valid Loss     : 1.7266	 | 	Valid Accuracy     : 0.3555

Epoch : 244
Train Loss     : 1.0005	 | 	Train Accuracy     : 0.5937
Valid Loss     : 1.7277	 | 	Valid Accuracy     : 0.3555

Epoch : 245
Train Loss     : 0.9988	 | 	Train Accuracy     : 0.5954
Valid Loss     : 1.7231	 | 	Valid Accuracy     : 0.3562

Epoch : 246
Train Loss     : 1.0009	 | 	Train Accuracy     : 0.5916
Valid Loss     : 1.7226	 | 	Valid Accuracy     : 0.3562

Epoch : 247
Train Loss     : 1.0029	 | 	Train Accuracy     : 0.5926
Valid Loss     : 1.7274	 | 	Valid Accuracy     : 0.3548

Epoch : 248
Train Loss     : 1.0028	 | 	Train Accuracy     : 0.5908
Valid Loss     : 1.7259	 | 	Valid Accuracy     : 0.3548

Epoch : 249
Train Loss     : 1.0008	 | 	Train Accuracy     : 0.5934
Valid Loss     : 1.7264	 | 	Valid Accuracy     : 0.3550

Epoch : 250
Train Loss     : 0.9967	 | 	Train Accuracy     : 0.5948
Valid Loss     : 1.7256	 | 	Valid Accuracy     : 0.3560

Epoch : 251
Train Loss     : 1.0038	 | 	Train Accuracy     : 0.5906
Valid Loss     : 1.7252	 | 	Valid Accuracy     : 0.3565

Epoch : 252
Train Loss     : 1.0017	 | 	Train Accuracy     : 0.5929
Valid Loss     : 1.7263	 | 	Valid Accuracy     : 0.3560

Epoch : 253
Train Loss     : 1.0045	 | 	Train Accuracy     : 0.5901
Valid Loss     : 1.7260	 | 	Valid Accuracy     : 0.3567

Epoch : 254
Train Loss     : 1.0076	 | 	Train Accuracy     : 0.5893
Valid Loss     : 1.7269	 | 	Valid Accuracy     : 0.3558

Epoch : 255
Train Loss     : 0.9992	 | 	Train Accuracy     : 0.5914
Valid Loss     : 1.7269	 | 	Valid Accuracy     : 0.3555

Epoch : 256
Train Loss     : 0.9973	 | 	Train Accuracy     : 0.5936
Valid Loss     : 1.7245	 | 	Valid Accuracy     : 0.3562

Epoch : 257
Train Loss     : 1.0069	 | 	Train Accuracy     : 0.5887
Valid Loss     : 1.7230	 | 	Valid Accuracy     : 0.3558

Epoch : 258
Train Loss     : 0.9998	 | 	Train Accuracy     : 0.5956
Valid Loss     : 1.7264	 | 	Valid Accuracy     : 0.3555

Epoch : 259
Train Loss     : 1.0026	 | 	Train Accuracy     : 0.5904
Valid Loss     : 1.7290	 | 	Valid Accuracy     : 0.3546

Epoch : 260
Train Loss     : 1.0028	 | 	Train Accuracy     : 0.5911
Valid Loss     : 1.7282	 | 	Valid Accuracy     : 0.3555

Epoch : 261
Train Loss     : 1.0000	 | 	Train Accuracy     : 0.5903
Valid Loss     : 1.7247	 | 	Valid Accuracy     : 0.3565

Epoch : 262
Train Loss     : 1.0026	 | 	Train Accuracy     : 0.5918
Valid Loss     : 1.7261	 | 	Valid Accuracy     : 0.3550

Epoch : 263
Train Loss     : 1.0032	 | 	Train Accuracy     : 0.5902
Valid Loss     : 1.7255	 | 	Valid Accuracy     : 0.3558

Epoch : 264
Train Loss     : 1.0018	 | 	Train Accuracy     : 0.5901
Valid Loss     : 1.7244	 | 	Valid Accuracy     : 0.3565

Epoch : 265
Train Loss     : 1.0103	 | 	Train Accuracy     : 0.5896
Valid Loss     : 1.7256	 | 	Valid Accuracy     : 0.3560

Epoch : 266
Train Loss     : 0.9962	 | 	Train Accuracy     : 0.5974
Valid Loss     : 1.7275	 | 	Valid Accuracy     : 0.3550

Epoch : 267
Train Loss     : 1.0053	 | 	Train Accuracy     : 0.5933
Valid Loss     : 1.7270	 | 	Valid Accuracy     : 0.3555

Epoch : 268
Train Loss     : 1.0021	 | 	Train Accuracy     : 0.5884
Valid Loss     : 1.7292	 | 	Valid Accuracy     : 0.3550

Epoch : 269
Train Loss     : 1.0014	 | 	Train Accuracy     : 0.5918
Valid Loss     : 1.7277	 | 	Valid Accuracy     : 0.3553

Epoch : 270
Train Loss     : 1.0056	 | 	Train Accuracy     : 0.5913
Valid Loss     : 1.7260	 | 	Valid Accuracy     : 0.3553

Epoch : 271
Train Loss     : 0.9992	 | 	Train Accuracy     : 0.5954
Valid Loss     : 1.7233	 | 	Valid Accuracy     : 0.3562

Epoch : 272
Train Loss     : 1.0029	 | 	Train Accuracy     : 0.5925
Valid Loss     : 1.7270	 | 	Valid Accuracy     : 0.3555

Epoch : 273
Train Loss     : 1.0113	 | 	Train Accuracy     : 0.5883
Valid Loss     : 1.7278	 | 	Valid Accuracy     : 0.3560

Epoch : 274
Train Loss     : 1.0026	 | 	Train Accuracy     : 0.5945
Valid Loss     : 1.7250	 | 	Valid Accuracy     : 0.3558

Epoch : 275
Train Loss     : 1.0002	 | 	Train Accuracy     : 0.5936
Valid Loss     : 1.7238	 | 	Valid Accuracy     : 0.3560

Epoch : 276
Train Loss     : 1.0036	 | 	Train Accuracy     : 0.5903
Valid Loss     : 1.7232	 | 	Valid Accuracy     : 0.3565

Epoch : 277
Train Loss     : 1.0099	 | 	Train Accuracy     : 0.5875
Valid Loss     : 1.7245	 | 	Valid Accuracy     : 0.3553

Epoch : 278
Train Loss     : 1.0035	 | 	Train Accuracy     : 0.5895
Valid Loss     : 1.7250	 | 	Valid Accuracy     : 0.3562

Epoch : 279
Train Loss     : 1.0030	 | 	Train Accuracy     : 0.5882
Valid Loss     : 1.7254	 | 	Valid Accuracy     : 0.3558

Epoch : 280
Train Loss     : 0.9988	 | 	Train Accuracy     : 0.5934
Valid Loss     : 1.7285	 | 	Valid Accuracy     : 0.3550

Epoch : 281
Train Loss     : 1.0016	 | 	Train Accuracy     : 0.5911
Valid Loss     : 1.7256	 | 	Valid Accuracy     : 0.3553

Epoch : 282
Train Loss     : 1.0028	 | 	Train Accuracy     : 0.5906
Valid Loss     : 1.7260	 | 	Valid Accuracy     : 0.3562

Epoch : 283
Train Loss     : 0.9991	 | 	Train Accuracy     : 0.5952
Valid Loss     : 1.7260	 | 	Valid Accuracy     : 0.3560

Epoch : 284
Train Loss     : 1.0044	 | 	Train Accuracy     : 0.5899
Valid Loss     : 1.7269	 | 	Valid Accuracy     : 0.3553

Epoch : 285
Train Loss     : 1.0019	 | 	Train Accuracy     : 0.5959
Valid Loss     : 1.7269	 | 	Valid Accuracy     : 0.3558

Epoch : 286
Train Loss     : 1.0024	 | 	Train Accuracy     : 0.5946
Valid Loss     : 1.7276	 | 	Valid Accuracy     : 0.3550

Epoch : 287
Train Loss     : 1.0045	 | 	Train Accuracy     : 0.5904
Valid Loss     : 1.7265	 | 	Valid Accuracy     : 0.3555

Epoch : 288
Train Loss     : 0.9950	 | 	Train Accuracy     : 0.5954
Valid Loss     : 1.7277	 | 	Valid Accuracy     : 0.3567

Epoch : 289
Train Loss     : 1.0027	 | 	Train Accuracy     : 0.5884
Valid Loss     : 1.7277	 | 	Valid Accuracy     : 0.3553

Epoch : 290
Train Loss     : 1.0046	 | 	Train Accuracy     : 0.5874
Valid Loss     : 1.7259	 | 	Valid Accuracy     : 0.3555

Epoch : 291
Train Loss     : 1.0015	 | 	Train Accuracy     : 0.5891
Valid Loss     : 1.7276	 | 	Valid Accuracy     : 0.3548

Epoch : 292
Train Loss     : 1.0011	 | 	Train Accuracy     : 0.5915
Valid Loss     : 1.7246	 | 	Valid Accuracy     : 0.3562

Epoch : 293
Train Loss     : 1.0009	 | 	Train Accuracy     : 0.5930
Valid Loss     : 1.7243	 | 	Valid Accuracy     : 0.3555

Epoch : 294
Train Loss     : 0.9936	 | 	Train Accuracy     : 0.5961
Valid Loss     : 1.7279	 | 	Valid Accuracy     : 0.3560

Epoch : 295
Train Loss     : 0.9956	 | 	Train Accuracy     : 0.5955
Valid Loss     : 1.7286	 | 	Valid Accuracy     : 0.3543

Epoch : 296
Train Loss     : 1.0039	 | 	Train Accuracy     : 0.5932
Valid Loss     : 1.7235	 | 	Valid Accuracy     : 0.3565

Epoch : 297
Train Loss     : 1.0055	 | 	Train Accuracy     : 0.5915
Valid Loss     : 1.7252	 | 	Valid Accuracy     : 0.3562

Epoch : 298
Train Loss     : 1.0000	 | 	Train Accuracy     : 0.5932
Valid Loss     : 1.7265	 | 	Valid Accuracy     : 0.3562

Epoch : 299
Train Loss     : 1.0043	 | 	Train Accuracy     : 0.5921
Valid Loss     : 1.7260	 | 	Valid Accuracy     : 0.3562

Epoch : 300
Train Loss     : 0.9988	 | 	Train Accuracy     : 0.5956
Valid Loss     : 1.7259	 | 	Valid Accuracy     : 0.3553

Epoch : 301
Train Loss     : 1.0010	 | 	Train Accuracy     : 0.5914
Valid Loss     : 1.7257	 | 	Valid Accuracy     : 0.3558

Epoch : 302
Train Loss     : 1.0017	 | 	Train Accuracy     : 0.5913
Valid Loss     : 1.7258	 | 	Valid Accuracy     : 0.3565

Epoch : 303
Train Loss     : 1.0039	 | 	Train Accuracy     : 0.5901
Valid Loss     : 1.7253	 | 	Valid Accuracy     : 0.3543

Epoch : 304
Train Loss     : 0.9990	 | 	Train Accuracy     : 0.5919
Valid Loss     : 1.7280	 | 	Valid Accuracy     : 0.3555

Epoch : 305
Train Loss     : 0.9985	 | 	Train Accuracy     : 0.5945
Valid Loss     : 1.7258	 | 	Valid Accuracy     : 0.3560

Epoch : 306
Train Loss     : 1.0000	 | 	Train Accuracy     : 0.5920
Valid Loss     : 1.7281	 | 	Valid Accuracy     : 0.3562

Epoch : 307
Train Loss     : 0.9990	 | 	Train Accuracy     : 0.5924
Valid Loss     : 1.7286	 | 	Valid Accuracy     : 0.3543

Epoch : 308
Train Loss     : 1.0046	 | 	Train Accuracy     : 0.5894
Valid Loss     : 1.7280	 | 	Valid Accuracy     : 0.3553

Epoch : 309
Train Loss     : 1.0006	 | 	Train Accuracy     : 0.5912
Valid Loss     : 1.7283	 | 	Valid Accuracy     : 0.3562

Epoch : 310
Train Loss     : 1.0035	 | 	Train Accuracy     : 0.5896
Valid Loss     : 1.7254	 | 	Valid Accuracy     : 0.3562

Epoch : 311
Train Loss     : 1.0009	 | 	Train Accuracy     : 0.5940
Valid Loss     : 1.7255	 | 	Valid Accuracy     : 0.3555

Epoch : 312
Train Loss     : 1.0019	 | 	Train Accuracy     : 0.5940
Valid Loss     : 1.7278	 | 	Valid Accuracy     : 0.3548

Epoch : 313
Train Loss     : 0.9986	 | 	Train Accuracy     : 0.5935
Valid Loss     : 1.7233	 | 	Valid Accuracy     : 0.3560

Epoch : 314
Train Loss     : 1.0037	 | 	Train Accuracy     : 0.5953
Valid Loss     : 1.7272	 | 	Valid Accuracy     : 0.3553

Epoch : 315
Train Loss     : 1.0028	 | 	Train Accuracy     : 0.5916
Valid Loss     : 1.7292	 | 	Valid Accuracy     : 0.3550

Epoch : 316
Train Loss     : 1.0065	 | 	Train Accuracy     : 0.5892
Valid Loss     : 1.7251	 | 	Valid Accuracy     : 0.3562

Epoch : 317
Train Loss     : 1.0009	 | 	Train Accuracy     : 0.5902
Valid Loss     : 1.7267	 | 	Valid Accuracy     : 0.3558

Epoch : 318
Train Loss     : 1.0029	 | 	Train Accuracy     : 0.5913
Valid Loss     : 1.7282	 | 	Valid Accuracy     : 0.3560

Epoch : 319
Train Loss     : 1.0039	 | 	Train Accuracy     : 0.5930
Valid Loss     : 1.7262	 | 	Valid Accuracy     : 0.3550

Epoch : 320
Train Loss     : 1.0034	 | 	Train Accuracy     : 0.5939
Valid Loss     : 1.7258	 | 	Valid Accuracy     : 0.3565

Epoch : 321
Train Loss     : 1.0051	 | 	Train Accuracy     : 0.5913
Valid Loss     : 1.7235	 | 	Valid Accuracy     : 0.3560

Epoch : 322
Train Loss     : 1.0027	 | 	Train Accuracy     : 0.5905
Valid Loss     : 1.7279	 | 	Valid Accuracy     : 0.3548

Epoch : 323
Train Loss     : 0.9981	 | 	Train Accuracy     : 0.5924
Valid Loss     : 1.7261	 | 	Valid Accuracy     : 0.3550

Epoch : 324
Train Loss     : 1.0040	 | 	Train Accuracy     : 0.5880
Valid Loss     : 1.7252	 | 	Valid Accuracy     : 0.3553

Epoch : 325
Train Loss     : 1.0061	 | 	Train Accuracy     : 0.5921
Valid Loss     : 1.7280	 | 	Valid Accuracy     : 0.3550

Epoch : 326
Train Loss     : 1.0032	 | 	Train Accuracy     : 0.5926
Valid Loss     : 1.7252	 | 	Valid Accuracy     : 0.3558

Epoch : 327
Train Loss     : 1.0012	 | 	Train Accuracy     : 0.5932
Valid Loss     : 1.7276	 | 	Valid Accuracy     : 0.3562

Epoch : 328
Train Loss     : 1.0014	 | 	Train Accuracy     : 0.5907
Valid Loss     : 1.7279	 | 	Valid Accuracy     : 0.3558

Epoch : 329
Train Loss     : 1.0037	 | 	Train Accuracy     : 0.5903
Valid Loss     : 1.7250	 | 	Valid Accuracy     : 0.3550

Epoch : 330
Train Loss     : 1.0033	 | 	Train Accuracy     : 0.5916
Valid Loss     : 1.7249	 | 	Valid Accuracy     : 0.3558

Epoch : 331
Train Loss     : 0.9975	 | 	Train Accuracy     : 0.5952
Valid Loss     : 1.7276	 | 	Valid Accuracy     : 0.3553

Epoch : 332
Train Loss     : 0.9991	 | 	Train Accuracy     : 0.5914
Valid Loss     : 1.7269	 | 	Valid Accuracy     : 0.3555

Epoch : 333
Train Loss     : 0.9982	 | 	Train Accuracy     : 0.5927
Valid Loss     : 1.7240	 | 	Valid Accuracy     : 0.3565

Epoch : 334
Train Loss     : 0.9952	 | 	Train Accuracy     : 0.5938
Valid Loss     : 1.7233	 | 	Valid Accuracy     : 0.3555

Epoch : 335
Train Loss     : 0.9981	 | 	Train Accuracy     : 0.5943
Valid Loss     : 1.7255	 | 	Valid Accuracy     : 0.3553

Epoch : 336
Train Loss     : 0.9953	 | 	Train Accuracy     : 0.5924
Valid Loss     : 1.7254	 | 	Valid Accuracy     : 0.3553

Epoch : 337
Train Loss     : 1.0049	 | 	Train Accuracy     : 0.5913
Valid Loss     : 1.7259	 | 	Valid Accuracy     : 0.3553

Epoch : 338
Train Loss     : 1.0042	 | 	Train Accuracy     : 0.5882
Valid Loss     : 1.7255	 | 	Valid Accuracy     : 0.3548

Epoch : 339
Train Loss     : 0.9975	 | 	Train Accuracy     : 0.5902
Valid Loss     : 1.7229	 | 	Valid Accuracy     : 0.3562

Epoch : 340
Train Loss     : 0.9957	 | 	Train Accuracy     : 0.5950
Valid Loss     : 1.7259	 | 	Valid Accuracy     : 0.3560

Epoch : 341
Train Loss     : 0.9982	 | 	Train Accuracy     : 0.5922
Valid Loss     : 1.7271	 | 	Valid Accuracy     : 0.3555

Epoch : 342
Train Loss     : 1.0025	 | 	Train Accuracy     : 0.5926
Valid Loss     : 1.7285	 | 	Valid Accuracy     : 0.3555

Epoch : 343
Train Loss     : 1.0015	 | 	Train Accuracy     : 0.5926
Valid Loss     : 1.7286	 | 	Valid Accuracy     : 0.3546

Epoch : 344
Train Loss     : 1.0009	 | 	Train Accuracy     : 0.5929
Valid Loss     : 1.7274	 | 	Valid Accuracy     : 0.3560

Epoch : 345
Train Loss     : 1.0046	 | 	Train Accuracy     : 0.5905
Valid Loss     : 1.7237	 | 	Valid Accuracy     : 0.3575

Epoch : 346
Train Loss     : 1.0070	 | 	Train Accuracy     : 0.5924
Valid Loss     : 1.7258	 | 	Valid Accuracy     : 0.3562

Epoch : 347
Train Loss     : 0.9982	 | 	Train Accuracy     : 0.5950
Valid Loss     : 1.7277	 | 	Valid Accuracy     : 0.3548

Epoch : 348
Train Loss     : 0.9970	 | 	Train Accuracy     : 0.5979
Valid Loss     : 1.7256	 | 	Valid Accuracy     : 0.3553

Epoch : 349
Train Loss     : 1.0033	 | 	Train Accuracy     : 0.5892
Valid Loss     : 1.7267	 | 	Valid Accuracy     : 0.3550

Epoch : 350
Train Loss     : 0.9978	 | 	Train Accuracy     : 0.5927
Valid Loss     : 1.7271	 | 	Valid Accuracy     : 0.3553

Epoch : 351
Train Loss     : 0.9995	 | 	Train Accuracy     : 0.5935
Valid Loss     : 1.7277	 | 	Valid Accuracy     : 0.3550

Epoch : 352
Train Loss     : 1.0036	 | 	Train Accuracy     : 0.5902
Valid Loss     : 1.7258	 | 	Valid Accuracy     : 0.3550

Epoch : 353
Train Loss     : 0.9987	 | 	Train Accuracy     : 0.5907
Valid Loss     : 1.7239	 | 	Valid Accuracy     : 0.3572

Epoch : 354
Train Loss     : 1.0026	 | 	Train Accuracy     : 0.5898
Valid Loss     : 1.7252	 | 	Valid Accuracy     : 0.3550

Epoch : 355
Train Loss     : 0.9971	 | 	Train Accuracy     : 0.5937
Valid Loss     : 1.7276	 | 	Valid Accuracy     : 0.3553

Epoch : 356
Train Loss     : 0.9995	 | 	Train Accuracy     : 0.5966
Valid Loss     : 1.7252	 | 	Valid Accuracy     : 0.3555

Epoch : 357
Train Loss     : 1.0005	 | 	Train Accuracy     : 0.5947
Valid Loss     : 1.7242	 | 	Valid Accuracy     : 0.3560

Epoch : 358
Train Loss     : 1.0021	 | 	Train Accuracy     : 0.5935
Valid Loss     : 1.7252	 | 	Valid Accuracy     : 0.3575

Epoch : 359
Train Loss     : 1.0029	 | 	Train Accuracy     : 0.5915
Valid Loss     : 1.7254	 | 	Valid Accuracy     : 0.3548

Epoch : 360
Train Loss     : 1.0049	 | 	Train Accuracy     : 0.5896
Valid Loss     : 1.7257	 | 	Valid Accuracy     : 0.3558

Epoch : 361
Train Loss     : 0.9944	 | 	Train Accuracy     : 0.5982
Valid Loss     : 1.7282	 | 	Valid Accuracy     : 0.3548

Epoch : 362
Train Loss     : 1.0036	 | 	Train Accuracy     : 0.5883
Valid Loss     : 1.7245	 | 	Valid Accuracy     : 0.3553

Epoch : 363
Train Loss     : 1.0003	 | 	Train Accuracy     : 0.5952
Valid Loss     : 1.7264	 | 	Valid Accuracy     : 0.3562

Epoch : 364
Train Loss     : 1.0062	 | 	Train Accuracy     : 0.5905
Valid Loss     : 1.7246	 | 	Valid Accuracy     : 0.3558

Epoch : 365
Train Loss     : 0.9938	 | 	Train Accuracy     : 0.5966
Valid Loss     : 1.7264	 | 	Valid Accuracy     : 0.3562

Epoch : 366
Train Loss     : 1.0017	 | 	Train Accuracy     : 0.5932
Valid Loss     : 1.7241	 | 	Valid Accuracy     : 0.3562

Epoch : 367
Train Loss     : 1.0047	 | 	Train Accuracy     : 0.5908
Valid Loss     : 1.7255	 | 	Valid Accuracy     : 0.3558

Epoch : 368
Train Loss     : 0.9973	 | 	Train Accuracy     : 0.5956
Valid Loss     : 1.7246	 | 	Valid Accuracy     : 0.3560

Epoch : 369
Train Loss     : 1.0033	 | 	Train Accuracy     : 0.5909
Valid Loss     : 1.7231	 | 	Valid Accuracy     : 0.3550

Epoch : 370
Train Loss     : 1.0040	 | 	Train Accuracy     : 0.5903
Valid Loss     : 1.7252	 | 	Valid Accuracy     : 0.3558

Epoch : 371
Train Loss     : 1.0045	 | 	Train Accuracy     : 0.5917
Valid Loss     : 1.7272	 | 	Valid Accuracy     : 0.3558

Epoch : 372
Train Loss     : 0.9983	 | 	Train Accuracy     : 0.5932
Valid Loss     : 1.7267	 | 	Valid Accuracy     : 0.3555

Epoch : 373
Train Loss     : 1.0063	 | 	Train Accuracy     : 0.5886
Valid Loss     : 1.7243	 | 	Valid Accuracy     : 0.3560

Epoch : 374
Train Loss     : 0.9980	 | 	Train Accuracy     : 0.5926
Valid Loss     : 1.7268	 | 	Valid Accuracy     : 0.3565

Epoch : 375
Train Loss     : 0.9993	 | 	Train Accuracy     : 0.5928
Valid Loss     : 1.7263	 | 	Valid Accuracy     : 0.3565

Epoch : 376
Train Loss     : 1.0003	 | 	Train Accuracy     : 0.5929
Valid Loss     : 1.7243	 | 	Valid Accuracy     : 0.3550

Epoch : 377
Train Loss     : 1.0061	 | 	Train Accuracy     : 0.5900
Valid Loss     : 1.7279	 | 	Valid Accuracy     : 0.3567

Epoch : 378
Train Loss     : 1.0036	 | 	Train Accuracy     : 0.5912
Valid Loss     : 1.7255	 | 	Valid Accuracy     : 0.3555

Epoch : 379
Train Loss     : 1.0033	 | 	Train Accuracy     : 0.5899
Valid Loss     : 1.7264	 | 	Valid Accuracy     : 0.3560

Epoch : 380
Train Loss     : 1.0012	 | 	Train Accuracy     : 0.5929
Valid Loss     : 1.7265	 | 	Valid Accuracy     : 0.3550

Epoch : 381
Train Loss     : 0.9981	 | 	Train Accuracy     : 0.5926
Valid Loss     : 1.7264	 | 	Valid Accuracy     : 0.3546

Epoch : 382
Train Loss     : 1.0066	 | 	Train Accuracy     : 0.5907
Valid Loss     : 1.7254	 | 	Valid Accuracy     : 0.3570

Epoch : 383
Train Loss     : 0.9978	 | 	Train Accuracy     : 0.5904
Valid Loss     : 1.7251	 | 	Valid Accuracy     : 0.3553

Epoch : 384
Train Loss     : 1.0008	 | 	Train Accuracy     : 0.5923
Valid Loss     : 1.7250	 | 	Valid Accuracy     : 0.3553

Epoch : 385
Train Loss     : 1.0017	 | 	Train Accuracy     : 0.5913
Valid Loss     : 1.7267	 | 	Valid Accuracy     : 0.3555

Epoch : 386
Train Loss     : 1.0081	 | 	Train Accuracy     : 0.5878
Valid Loss     : 1.7263	 | 	Valid Accuracy     : 0.3570

Epoch : 387
Train Loss     : 1.0014	 | 	Train Accuracy     : 0.5932
Valid Loss     : 1.7254	 | 	Valid Accuracy     : 0.3553

Epoch : 388
Train Loss     : 1.0020	 | 	Train Accuracy     : 0.5908
Valid Loss     : 1.7231	 | 	Valid Accuracy     : 0.3577

Epoch : 389
Train Loss     : 1.0009	 | 	Train Accuracy     : 0.5915
Valid Loss     : 1.7258	 | 	Valid Accuracy     : 0.3548

Epoch : 390
Train Loss     : 0.9985	 | 	Train Accuracy     : 0.5950
Valid Loss     : 1.7288	 | 	Valid Accuracy     : 0.3550

Epoch : 391
Train Loss     : 0.9979	 | 	Train Accuracy     : 0.5963
Valid Loss     : 1.7262	 | 	Valid Accuracy     : 0.3562

Epoch : 392
Train Loss     : 1.0005	 | 	Train Accuracy     : 0.5905
Valid Loss     : 1.7255	 | 	Valid Accuracy     : 0.3577

Epoch : 393
Train Loss     : 1.0008	 | 	Train Accuracy     : 0.5909
Valid Loss     : 1.7232	 | 	Valid Accuracy     : 0.3558

Epoch : 394
Train Loss     : 1.0020	 | 	Train Accuracy     : 0.5926
Valid Loss     : 1.7256	 | 	Valid Accuracy     : 0.3555

Epoch : 395
Train Loss     : 1.0025	 | 	Train Accuracy     : 0.5933
Valid Loss     : 1.7267	 | 	Valid Accuracy     : 0.3560

Epoch : 396
Train Loss     : 0.9994	 | 	Train Accuracy     : 0.5951
Valid Loss     : 1.7257	 | 	Valid Accuracy     : 0.3562

Epoch : 397
Train Loss     : 1.0030	 | 	Train Accuracy     : 0.5916
Valid Loss     : 1.7282	 | 	Valid Accuracy     : 0.3546

Epoch : 398
Train Loss     : 1.0018	 | 	Train Accuracy     : 0.5906
Valid Loss     : 1.7250	 | 	Valid Accuracy     : 0.3562

Epoch : 399
Train Loss     : 1.0007	 | 	Train Accuracy     : 0.5923
Valid Loss     : 1.7251	 | 	Valid Accuracy     : 0.3567

Epoch : 400
Train Loss     : 1.0012	 | 	Train Accuracy     : 0.5924
Valid Loss     : 1.7249	 | 	Valid Accuracy     : 0.3567

Evaluate on the Test set:
Test loss      :1.7610	 | Test Accuracy      : 0.3358

################## Training is Done! #########################
Training time is : 10:02:31.480772
