=============================================
Dataset: pFD
Method:  TS-TCC
Mode:    supervised
=============================================
Data loaded ...
Training started ....

Epoch : 1
Train Loss     : 46.4350	 | 	Train Accuracy     : 0.4212
Valid Loss     : 18.0007	 | 	Valid Accuracy     : 0.5656

Epoch : 2
Train Loss     : 20.5159	 | 	Train Accuracy     : 0.5034
Valid Loss     : 27.2698	 | 	Valid Accuracy     : 0.5352

Epoch : 3
Train Loss     : 14.7623	 | 	Train Accuracy     : 0.5837
Valid Loss     : 13.2313	 | 	Valid Accuracy     : 0.6212

Epoch : 4
Train Loss     : 11.5797	 | 	Train Accuracy     : 0.6372
Valid Loss     : 6.5044	 | 	Valid Accuracy     : 0.7335

Epoch : 5
Train Loss     : 9.1885	 | 	Train Accuracy     : 0.6840
Valid Loss     : 4.3975	 | 	Valid Accuracy     : 0.7918

Epoch : 6
Train Loss     : 7.5927	 | 	Train Accuracy     : 0.7207
Valid Loss     : 4.4585	 | 	Valid Accuracy     : 0.7995

Epoch : 7
Train Loss     : 6.7561	 | 	Train Accuracy     : 0.7498
Valid Loss     : 4.0003	 | 	Valid Accuracy     : 0.8166

Epoch : 8
Train Loss     : 5.7822	 | 	Train Accuracy     : 0.7677
Valid Loss     : 3.6181	 | 	Valid Accuracy     : 0.8215

Epoch : 9
Train Loss     : 5.5819	 | 	Train Accuracy     : 0.7796
Valid Loss     : 2.7339	 | 	Valid Accuracy     : 0.8495

Epoch : 10
Train Loss     : 5.4049	 | 	Train Accuracy     : 0.7912
Valid Loss     : 2.5465	 | 	Valid Accuracy     : 0.8708

Epoch : 11
Train Loss     : 4.2121	 | 	Train Accuracy     : 0.8227
Valid Loss     : 2.1551	 | 	Valid Accuracy     : 0.8817

Epoch : 12
Train Loss     : 4.2000	 | 	Train Accuracy     : 0.8261
Valid Loss     : 1.8372	 | 	Valid Accuracy     : 0.8978

Epoch : 13
Train Loss     : 3.6459	 | 	Train Accuracy     : 0.8393
Valid Loss     : 2.8551	 | 	Valid Accuracy     : 0.8550

Epoch : 14
Train Loss     : 4.1801	 | 	Train Accuracy     : 0.8387
Valid Loss     : 1.1990	 | 	Valid Accuracy     : 0.9213

Epoch : 15
Train Loss     : 3.5645	 | 	Train Accuracy     : 0.8537
Valid Loss     : 1.0414	 | 	Valid Accuracy     : 0.9332

Epoch : 16
Train Loss     : 3.2465	 | 	Train Accuracy     : 0.8584
Valid Loss     : 4.3686	 | 	Valid Accuracy     : 0.8271

Epoch : 17
Train Loss     : 3.6022	 | 	Train Accuracy     : 0.8686
Valid Loss     : 0.8965	 | 	Valid Accuracy     : 0.9422

Epoch : 18
Train Loss     : 3.3352	 | 	Train Accuracy     : 0.8745
Valid Loss     : 3.0989	 | 	Valid Accuracy     : 0.8542

Epoch : 19
Train Loss     : 2.9777	 | 	Train Accuracy     : 0.8832
Valid Loss     : 1.6476	 | 	Valid Accuracy     : 0.9099
