=============================================
Dataset: sleepEDF
Method:  TS-TCC
Mode:    supervised
=============================================
Data loaded ...
Training started ....

Epoch : 1
Train Loss     : 1.6333	 | 	Train Accuracy     : 0.2750
Valid Loss     : 1.5510	 | 	Valid Accuracy     : 0.3219

Epoch : 2
Train Loss     : 1.5175	 | 	Train Accuracy     : 0.3812
Valid Loss     : 1.5061	 | 	Valid Accuracy     : 0.3938

Epoch : 3
Train Loss     : 1.4852	 | 	Train Accuracy     : 0.3906
Valid Loss     : 1.5079	 | 	Valid Accuracy     : 0.3979

Epoch : 4
Train Loss     : 1.4657	 | 	Train Accuracy     : 0.3938
Valid Loss     : 1.5101	 | 	Valid Accuracy     : 0.3969

Epoch : 5
Train Loss     : 1.4629	 | 	Train Accuracy     : 0.3948
Valid Loss     : 1.5085	 | 	Valid Accuracy     : 0.3958

Epoch : 6
Train Loss     : 1.4612	 | 	Train Accuracy     : 0.3917
Valid Loss     : 1.5055	 | 	Valid Accuracy     : 0.3979

Epoch : 7
Train Loss     : 1.4474	 | 	Train Accuracy     : 0.4031
Valid Loss     : 1.5032	 | 	Valid Accuracy     : 0.3958

Epoch : 8
Train Loss     : 1.4399	 | 	Train Accuracy     : 0.4135
Valid Loss     : 1.4995	 | 	Valid Accuracy     : 0.4062

Epoch : 9
Train Loss     : 1.4296	 | 	Train Accuracy     : 0.4135
Valid Loss     : 1.4994	 | 	Valid Accuracy     : 0.4062

Epoch : 10
Train Loss     : 1.4174	 | 	Train Accuracy     : 0.4125
Valid Loss     : 1.4994	 | 	Valid Accuracy     : 0.4062

Epoch : 11
Train Loss     : 1.4163	 | 	Train Accuracy     : 0.4146
Valid Loss     : 1.4986	 | 	Valid Accuracy     : 0.4073

Epoch : 12
Train Loss     : 1.4051	 | 	Train Accuracy     : 0.4135
Valid Loss     : 1.4999	 | 	Valid Accuracy     : 0.4021

Epoch : 13
Train Loss     : 1.3932	 | 	Train Accuracy     : 0.4240
Valid Loss     : 1.4988	 | 	Valid Accuracy     : 0.4073

Epoch : 14
Train Loss     : 1.4010	 | 	Train Accuracy     : 0.4187
Valid Loss     : 1.4973	 | 	Valid Accuracy     : 0.4042

Epoch : 15
Train Loss     : 1.3836	 | 	Train Accuracy     : 0.4229
Valid Loss     : 1.4982	 | 	Valid Accuracy     : 0.4042

Epoch : 16
Train Loss     : 1.3728	 | 	Train Accuracy     : 0.4302
Valid Loss     : 1.4974	 | 	Valid Accuracy     : 0.4094

Epoch : 17
Train Loss     : 1.3694	 | 	Train Accuracy     : 0.4313
Valid Loss     : 1.4973	 | 	Valid Accuracy     : 0.4052

Epoch : 18
Train Loss     : 1.3702	 | 	Train Accuracy     : 0.4333
Valid Loss     : 1.4985	 | 	Valid Accuracy     : 0.4010

Epoch : 19
Train Loss     : 1.3563	 | 	Train Accuracy     : 0.4375
Valid Loss     : 1.4977	 | 	Valid Accuracy     : 0.4083

Epoch : 20
Train Loss     : 1.3504	 | 	Train Accuracy     : 0.4365
Valid Loss     : 1.4981	 | 	Valid Accuracy     : 0.3979

Epoch : 21
Train Loss     : 1.3519	 | 	Train Accuracy     : 0.4385
Valid Loss     : 1.4988	 | 	Valid Accuracy     : 0.3990

Epoch : 22
Train Loss     : 1.3467	 | 	Train Accuracy     : 0.4344
Valid Loss     : 1.4987	 | 	Valid Accuracy     : 0.4042

Epoch : 23
Train Loss     : 1.3453	 | 	Train Accuracy     : 0.4333
Valid Loss     : 1.4994	 | 	Valid Accuracy     : 0.4010

Epoch : 24
Train Loss     : 1.3378	 | 	Train Accuracy     : 0.4469
Valid Loss     : 1.4972	 | 	Valid Accuracy     : 0.3969

Epoch : 25
Train Loss     : 1.3279	 | 	Train Accuracy     : 0.4417
Valid Loss     : 1.4983	 | 	Valid Accuracy     : 0.4062

Epoch : 26
Train Loss     : 1.3256	 | 	Train Accuracy     : 0.4448
Valid Loss     : 1.4985	 | 	Valid Accuracy     : 0.4073

Epoch : 27
Train Loss     : 1.3125	 | 	Train Accuracy     : 0.4542
Valid Loss     : 1.4987	 | 	Valid Accuracy     : 0.4042

Epoch : 28
Train Loss     : 1.3142	 | 	Train Accuracy     : 0.4521
Valid Loss     : 1.4987	 | 	Valid Accuracy     : 0.4052

Epoch : 29
Train Loss     : 1.3200	 | 	Train Accuracy     : 0.4479
Valid Loss     : 1.4993	 | 	Valid Accuracy     : 0.4021

Epoch : 30
Train Loss     : 1.3176	 | 	Train Accuracy     : 0.4500
Valid Loss     : 1.4990	 | 	Valid Accuracy     : 0.4021

Epoch : 31
Train Loss     : 1.3187	 | 	Train Accuracy     : 0.4448
Valid Loss     : 1.4992	 | 	Valid Accuracy     : 0.4021

Epoch : 32
Train Loss     : 1.3149	 | 	Train Accuracy     : 0.4490
Valid Loss     : 1.4991	 | 	Valid Accuracy     : 0.4031

Epoch : 33
Train Loss     : 1.3169	 | 	Train Accuracy     : 0.4469
Valid Loss     : 1.4993	 | 	Valid Accuracy     : 0.4021

Epoch : 34
Train Loss     : 1.3140	 | 	Train Accuracy     : 0.4510
Valid Loss     : 1.4994	 | 	Valid Accuracy     : 0.4010

Epoch : 35
Train Loss     : 1.3065	 | 	Train Accuracy     : 0.4531
Valid Loss     : 1.4998	 | 	Valid Accuracy     : 0.4010

Epoch : 36
Train Loss     : 1.3169	 | 	Train Accuracy     : 0.4479
Valid Loss     : 1.5001	 | 	Valid Accuracy     : 0.4010

Epoch : 37
Train Loss     : 1.3141	 | 	Train Accuracy     : 0.4479
Valid Loss     : 1.4998	 | 	Valid Accuracy     : 0.4010

Epoch : 38
Train Loss     : 1.3171	 | 	Train Accuracy     : 0.4531
Valid Loss     : 1.4999	 | 	Valid Accuracy     : 0.4010

Epoch : 39
Train Loss     : 1.3164	 | 	Train Accuracy     : 0.4469
Valid Loss     : 1.4999	 | 	Valid Accuracy     : 0.4010

Epoch : 40
Train Loss     : 1.3155	 | 	Train Accuracy     : 0.4479
Valid Loss     : 1.5003	 | 	Valid Accuracy     : 0.4010

Epoch : 41
Train Loss     : 1.3148	 | 	Train Accuracy     : 0.4490
Valid Loss     : 1.5002	 | 	Valid Accuracy     : 0.4010

Epoch : 42
Train Loss     : 1.3075	 | 	Train Accuracy     : 0.4531
Valid Loss     : 1.4999	 | 	Valid Accuracy     : 0.4010

Epoch : 43
Train Loss     : 1.3149	 | 	Train Accuracy     : 0.4479
Valid Loss     : 1.4997	 | 	Valid Accuracy     : 0.4010

Epoch : 44
Train Loss     : 1.3120	 | 	Train Accuracy     : 0.4542
Valid Loss     : 1.5000	 | 	Valid Accuracy     : 0.4010

Epoch : 45
Train Loss     : 1.3154	 | 	Train Accuracy     : 0.4469
Valid Loss     : 1.4997	 | 	Valid Accuracy     : 0.4021

Epoch : 46
Train Loss     : 1.3193	 | 	Train Accuracy     : 0.4490
Valid Loss     : 1.4998	 | 	Valid Accuracy     : 0.4010

Epoch : 47
Train Loss     : 1.3107	 | 	Train Accuracy     : 0.4510
Valid Loss     : 1.4996	 | 	Valid Accuracy     : 0.4010

Epoch : 48
Train Loss     : 1.3130	 | 	Train Accuracy     : 0.4490
Valid Loss     : 1.4994	 | 	Valid Accuracy     : 0.4010

Epoch : 49
Train Loss     : 1.3177	 | 	Train Accuracy     : 0.4531
Valid Loss     : 1.4992	 | 	Valid Accuracy     : 0.4021
