=============================================
Dataset: ECG
Method:  °³¹ßÁß...
Mode:    supervised
=============================================
Data loaded ...
Training started ....

Epoch : 1
Train Loss     : 1.5440	 | 	Train Accuracy     : 0.5618
Valid Loss     : 1.0226	 | 	Valid Accuracy     : 0.5988

Epoch : 2
Train Loss     : 1.0165	 | 	Train Accuracy     : 0.5974
Valid Loss     : 0.9744	 | 	Valid Accuracy     : 0.6008

Epoch : 3
Train Loss     : 0.9877	 | 	Train Accuracy     : 0.5968
Valid Loss     : 1.0354	 | 	Valid Accuracy     : 0.6008

Epoch : 4
Train Loss     : 0.9806	 | 	Train Accuracy     : 0.6005
Valid Loss     : 0.9644	 | 	Valid Accuracy     : 0.6008

Epoch : 5
Train Loss     : 0.9774	 | 	Train Accuracy     : 0.6011
Valid Loss     : 2.0617	 | 	Valid Accuracy     : 0.4163

Epoch : 6
Train Loss     : 0.9773	 | 	Train Accuracy     : 0.5998
Valid Loss     : 0.9606	 | 	Valid Accuracy     : 0.6008

Epoch : 7
Train Loss     : 0.9793	 | 	Train Accuracy     : 0.5991
Valid Loss     : 0.9633	 | 	Valid Accuracy     : 0.6008

Epoch : 8
Train Loss     : 0.9761	 | 	Train Accuracy     : 0.5998
Valid Loss     : 1.1592	 | 	Valid Accuracy     : 0.5847

Epoch : 9
Train Loss     : 0.9746	 | 	Train Accuracy     : 0.6008
Valid Loss     : 0.9612	 | 	Valid Accuracy     : 0.6008

Epoch : 10
Train Loss     : 0.9743	 | 	Train Accuracy     : 0.6008
Valid Loss     : 0.9651	 | 	Valid Accuracy     : 0.6008

Epoch : 11
Train Loss     : 0.9747	 | 	Train Accuracy     : 0.5948
Valid Loss     : 0.9620	 | 	Valid Accuracy     : 0.6008

Epoch : 12
Train Loss     : 0.9721	 | 	Train Accuracy     : 0.6011
Valid Loss     : 0.9599	 | 	Valid Accuracy     : 0.6008

Epoch : 13
Train Loss     : 0.9721	 | 	Train Accuracy     : 0.6008
Valid Loss     : 0.9599	 | 	Valid Accuracy     : 0.6008

Epoch : 14
Train Loss     : 0.9715	 | 	Train Accuracy     : 0.6018
Valid Loss     : 0.9598	 | 	Valid Accuracy     : 0.6008

Epoch : 15
Train Loss     : 0.9723	 | 	Train Accuracy     : 0.5998
Valid Loss     : 0.9597	 | 	Valid Accuracy     : 0.6008

Epoch : 16
Train Loss     : 0.9705	 | 	Train Accuracy     : 0.6018
Valid Loss     : 0.9609	 | 	Valid Accuracy     : 0.6008

Epoch : 17
Train Loss     : 0.9732	 | 	Train Accuracy     : 0.6008
Valid Loss     : 0.9606	 | 	Valid Accuracy     : 0.6008

Epoch : 18
Train Loss     : 0.9722	 | 	Train Accuracy     : 0.6001
Valid Loss     : 0.9609	 | 	Valid Accuracy     : 0.6008

Epoch : 19
Train Loss     : 0.9673	 | 	Train Accuracy     : 0.6025
Valid Loss     : 1.2221	 | 	Valid Accuracy     : 0.2994

Epoch : 20
Train Loss     : 0.9740	 | 	Train Accuracy     : 0.5991
Valid Loss     : 0.9614	 | 	Valid Accuracy     : 0.6008

Epoch : 21
Train Loss     : 0.9736	 | 	Train Accuracy     : 0.6001
Valid Loss     : 0.9618	 | 	Valid Accuracy     : 0.6008

Epoch : 22
Train Loss     : 0.9733	 | 	Train Accuracy     : 0.6005
Valid Loss     : 0.9608	 | 	Valid Accuracy     : 0.6008

Epoch : 23
Train Loss     : 0.9720	 | 	Train Accuracy     : 0.6015
Valid Loss     : 0.9615	 | 	Valid Accuracy     : 0.6008

Epoch : 24
Train Loss     : 0.9726	 | 	Train Accuracy     : 0.6005
Valid Loss     : 0.9595	 | 	Valid Accuracy     : 0.6008

Epoch : 25
Train Loss     : 0.9732	 | 	Train Accuracy     : 0.5951
Valid Loss     : 0.9606	 | 	Valid Accuracy     : 0.6008

Epoch : 26
Train Loss     : 0.9724	 | 	Train Accuracy     : 0.6008
Valid Loss     : 0.9607	 | 	Valid Accuracy     : 0.6008

Epoch : 27
Train Loss     : 0.9744	 | 	Train Accuracy     : 0.6001
Valid Loss     : 0.9592	 | 	Valid Accuracy     : 0.6008

Epoch : 28
Train Loss     : 0.9701	 | 	Train Accuracy     : 0.6018
Valid Loss     : 0.9628	 | 	Valid Accuracy     : 0.6008

Epoch : 29
Train Loss     : 0.9698	 | 	Train Accuracy     : 0.6018
Valid Loss     : 0.9609	 | 	Valid Accuracy     : 0.6008

Epoch : 30
Train Loss     : 0.9716	 | 	Train Accuracy     : 0.6001
Valid Loss     : 0.9588	 | 	Valid Accuracy     : 0.6008

Evaluate on the Test set:
Test loss      :0.9499	 | Test Accuracy      : 0.6104

################## Training is Done! #########################
Training time is : 0:14:58.209406
