=============================================
Dataset: sleepEDF
Method:  °³¹ßÁß...
Mode:    supervised
=============================================
Data loaded ...
Training started ....

Epoch : 1
Train Loss     : 0.9774	 | 	Train Accuracy     : 0.6348
Valid Loss     : 1.0563	 | 	Valid Accuracy     : 0.6087

Epoch : 2
Train Loss     : 0.7355	 | 	Train Accuracy     : 0.7275
Valid Loss     : 0.8816	 | 	Valid Accuracy     : 0.6684

Epoch : 3
Train Loss     : 0.6371	 | 	Train Accuracy     : 0.7620
Valid Loss     : 0.7729	 | 	Valid Accuracy     : 0.7196

Epoch : 4
Train Loss     : 0.5729	 | 	Train Accuracy     : 0.7865
Valid Loss     : 1.7533	 | 	Valid Accuracy     : 0.3981

Epoch : 5
Train Loss     : 0.5003	 | 	Train Accuracy     : 0.8132
Valid Loss     : 1.6234	 | 	Valid Accuracy     : 0.4363

Epoch : 6
Train Loss     : 0.4220	 | 	Train Accuracy     : 0.8485
Valid Loss     : 1.4329	 | 	Valid Accuracy     : 0.4905

Epoch : 7
Train Loss     : 0.3412	 | 	Train Accuracy     : 0.8771
Valid Loss     : 1.2019	 | 	Valid Accuracy     : 0.6431

Epoch : 8
Train Loss     : 0.2685	 | 	Train Accuracy     : 0.9069
Valid Loss     : 1.1079	 | 	Valid Accuracy     : 0.6790

Epoch : 9
Train Loss     : 0.2014	 | 	Train Accuracy     : 0.9315
Valid Loss     : 0.9064	 | 	Valid Accuracy     : 0.7210

Epoch : 10
Train Loss     : 0.1588	 | 	Train Accuracy     : 0.9468
Valid Loss     : 2.3623	 | 	Valid Accuracy     : 0.3965

Epoch : 11
Train Loss     : 0.1366	 | 	Train Accuracy     : 0.9530
Valid Loss     : 1.2181	 | 	Valid Accuracy     : 0.6439

Epoch : 12
Train Loss     : 0.1177	 | 	Train Accuracy     : 0.9606
Valid Loss     : 2.4440	 | 	Valid Accuracy     : 0.4006

Epoch : 13
Train Loss     : 0.0974	 | 	Train Accuracy     : 0.9682
Valid Loss     : 3.9624	 | 	Valid Accuracy     : 0.2556

Epoch : 14
Train Loss     : 0.0959	 | 	Train Accuracy     : 0.9672
Valid Loss     : 1.7470	 | 	Valid Accuracy     : 0.5710

Epoch : 15
Train Loss     : 0.0348	 | 	Train Accuracy     : 0.9905
Valid Loss     : 1.0517	 | 	Valid Accuracy     : 0.7449

Epoch : 16
Train Loss     : 0.0136	 | 	Train Accuracy     : 0.9984
Valid Loss     : 1.0856	 | 	Valid Accuracy     : 0.7412

Epoch : 17
Train Loss     : 0.0105	 | 	Train Accuracy     : 0.9991
Valid Loss     : 1.1273	 | 	Valid Accuracy     : 0.7433

Epoch : 18
Train Loss     : 0.0086	 | 	Train Accuracy     : 0.9994
Valid Loss     : 1.1489	 | 	Valid Accuracy     : 0.7424

Epoch : 19
Train Loss     : 0.0070	 | 	Train Accuracy     : 0.9997
Valid Loss     : 1.1802	 | 	Valid Accuracy     : 0.7421

Epoch : 20
Train Loss     : 0.0061	 | 	Train Accuracy     : 0.9997
Valid Loss     : 1.2089	 | 	Valid Accuracy     : 0.7415

Epoch : 21
Train Loss     : 0.0054	 | 	Train Accuracy     : 0.9997
Valid Loss     : 1.2360	 | 	Valid Accuracy     : 0.7415

Epoch : 22
Train Loss     : 0.0045	 | 	Train Accuracy     : 0.9998
Valid Loss     : 1.2454	 | 	Valid Accuracy     : 0.7449

Epoch : 23
Train Loss     : 0.0039	 | 	Train Accuracy     : 0.9999
Valid Loss     : 1.2704	 | 	Valid Accuracy     : 0.7404

Epoch : 24
Train Loss     : 0.0035	 | 	Train Accuracy     : 1.0000
Valid Loss     : 1.2821	 | 	Valid Accuracy     : 0.7427

Epoch : 25
Train Loss     : 0.0028	 | 	Train Accuracy     : 1.0000
Valid Loss     : 1.3073	 | 	Valid Accuracy     : 0.7422

Epoch : 26
Train Loss     : 0.0026	 | 	Train Accuracy     : 1.0000
Valid Loss     : 1.3123	 | 	Valid Accuracy     : 0.7417

Epoch : 27
Train Loss     : 0.0026	 | 	Train Accuracy     : 1.0000
Valid Loss     : 1.3194	 | 	Valid Accuracy     : 0.7415

Epoch : 28
Train Loss     : 0.0025	 | 	Train Accuracy     : 1.0000
Valid Loss     : 1.3197	 | 	Valid Accuracy     : 0.7436

Epoch : 29
Train Loss     : 0.0025	 | 	Train Accuracy     : 1.0000
Valid Loss     : 1.3172	 | 	Valid Accuracy     : 0.7420

Epoch : 30
Train Loss     : 0.0024	 | 	Train Accuracy     : 1.0000
Valid Loss     : 1.3128	 | 	Valid Accuracy     : 0.7429

Evaluate on the Test set:
Test loss      :1.3285	 | Test Accuracy      : 0.7370

################## Training is Done! #########################
Training time is : 5:39:14.541302
