=============================================
Dataset: sleepEDF
Method:  TS-TCC
Mode:    supervised
=============================================
Data loaded ...
Training started ....

Epoch : 1
Train Loss     : 1.7999	 | 	Train Accuracy     : 0.1510
Valid Loss     : 1.6478	 | 	Valid Accuracy     : 0.1750

Epoch : 2
Train Loss     : 1.7135	 | 	Train Accuracy     : 0.1906
Valid Loss     : 1.6573	 | 	Valid Accuracy     : 0.1917

Epoch : 3
Train Loss     : 1.6389	 | 	Train Accuracy     : 0.2344
Valid Loss     : 1.6228	 | 	Valid Accuracy     : 0.2396

Epoch : 4
Train Loss     : 1.5755	 | 	Train Accuracy     : 0.2896
Valid Loss     : 1.5844	 | 	Valid Accuracy     : 0.2948

Epoch : 5
Train Loss     : 1.5372	 | 	Train Accuracy     : 0.3375
Valid Loss     : 1.5544	 | 	Valid Accuracy     : 0.3260

Epoch : 6
Train Loss     : 1.5117	 | 	Train Accuracy     : 0.3781
Valid Loss     : 1.5357	 | 	Valid Accuracy     : 0.3594

Epoch : 7
Train Loss     : 1.5022	 | 	Train Accuracy     : 0.3948
Valid Loss     : 1.5240	 | 	Valid Accuracy     : 0.3844

Epoch : 8
Train Loss     : 1.4852	 | 	Train Accuracy     : 0.3927
Valid Loss     : 1.5157	 | 	Valid Accuracy     : 0.3906

Epoch : 9
Train Loss     : 1.4737	 | 	Train Accuracy     : 0.4042
Valid Loss     : 1.5105	 | 	Valid Accuracy     : 0.3969

Epoch : 10
Train Loss     : 1.4647	 | 	Train Accuracy     : 0.4115
Valid Loss     : 1.5056	 | 	Valid Accuracy     : 0.4021

Epoch : 11
Train Loss     : 1.4607	 | 	Train Accuracy     : 0.4083
Valid Loss     : 1.5024	 | 	Valid Accuracy     : 0.4073

Epoch : 12
Train Loss     : 1.4487	 | 	Train Accuracy     : 0.4198
Valid Loss     : 1.4999	 | 	Valid Accuracy     : 0.4146

Epoch : 13
Train Loss     : 1.4479	 | 	Train Accuracy     : 0.4135
Valid Loss     : 1.4975	 | 	Valid Accuracy     : 0.4156

Epoch : 14
Train Loss     : 1.4428	 | 	Train Accuracy     : 0.4156
Valid Loss     : 1.4959	 | 	Valid Accuracy     : 0.4177

Epoch : 15
Train Loss     : 1.4391	 | 	Train Accuracy     : 0.4146
Valid Loss     : 1.4951	 | 	Valid Accuracy     : 0.4167

Epoch : 16
Train Loss     : 1.4357	 | 	Train Accuracy     : 0.4135
Valid Loss     : 1.4934	 | 	Valid Accuracy     : 0.4167

Epoch : 17
Train Loss     : 1.4273	 | 	Train Accuracy     : 0.4177
Valid Loss     : 1.4922	 | 	Valid Accuracy     : 0.4208

Epoch : 18
Train Loss     : 1.4253	 | 	Train Accuracy     : 0.4198
Valid Loss     : 1.4911	 | 	Valid Accuracy     : 0.4146

Epoch : 19
Train Loss     : 1.4249	 | 	Train Accuracy     : 0.4198
Valid Loss     : 1.4907	 | 	Valid Accuracy     : 0.4146

Epoch : 20
Train Loss     : 1.4285	 | 	Train Accuracy     : 0.4167
Valid Loss     : 1.4903	 | 	Valid Accuracy     : 0.4135

Epoch : 21
Train Loss     : 1.4199	 | 	Train Accuracy     : 0.4229
Valid Loss     : 1.4895	 | 	Valid Accuracy     : 0.4135

Epoch : 22
Train Loss     : 1.4228	 | 	Train Accuracy     : 0.4229
Valid Loss     : 1.4897	 | 	Valid Accuracy     : 0.4135

Epoch : 23
Train Loss     : 1.4182	 | 	Train Accuracy     : 0.4281
Valid Loss     : 1.4882	 | 	Valid Accuracy     : 0.4135

Epoch : 24
Train Loss     : 1.4223	 | 	Train Accuracy     : 0.4219
Valid Loss     : 1.4876	 | 	Valid Accuracy     : 0.4104

Epoch : 25
Train Loss     : 1.4114	 | 	Train Accuracy     : 0.4302
Valid Loss     : 1.4870	 | 	Valid Accuracy     : 0.4094

Epoch : 26
Train Loss     : 1.4094	 | 	Train Accuracy     : 0.4240
Valid Loss     : 1.4861	 | 	Valid Accuracy     : 0.4104

Epoch : 27
Train Loss     : 1.4147	 | 	Train Accuracy     : 0.4240
Valid Loss     : 1.4855	 | 	Valid Accuracy     : 0.4104

Epoch : 28
Train Loss     : 1.4075	 | 	Train Accuracy     : 0.4219
Valid Loss     : 1.4859	 | 	Valid Accuracy     : 0.4104

Epoch : 29
Train Loss     : 1.4069	 | 	Train Accuracy     : 0.4281
Valid Loss     : 1.4865	 | 	Valid Accuracy     : 0.4094

Epoch : 30
Train Loss     : 1.4035	 | 	Train Accuracy     : 0.4271
Valid Loss     : 1.4860	 | 	Valid Accuracy     : 0.4094

Epoch : 31
Train Loss     : 1.4024	 | 	Train Accuracy     : 0.4271
Valid Loss     : 1.4858	 | 	Valid Accuracy     : 0.4094

Epoch : 32
Train Loss     : 1.4032	 | 	Train Accuracy     : 0.4229
Valid Loss     : 1.4845	 | 	Valid Accuracy     : 0.4115

Epoch : 33
Train Loss     : 1.3988	 | 	Train Accuracy     : 0.4219
Valid Loss     : 1.4841	 | 	Valid Accuracy     : 0.4104

Epoch : 34
Train Loss     : 1.3939	 | 	Train Accuracy     : 0.4292
Valid Loss     : 1.4843	 | 	Valid Accuracy     : 0.4115

Epoch : 35
Train Loss     : 1.4032	 | 	Train Accuracy     : 0.4240
Valid Loss     : 1.4847	 | 	Valid Accuracy     : 0.4104

Epoch : 36
Train Loss     : 1.3884	 | 	Train Accuracy     : 0.4302
Valid Loss     : 1.4844	 | 	Valid Accuracy     : 0.4115

Epoch : 37
Train Loss     : 1.3879	 | 	Train Accuracy     : 0.4271
Valid Loss     : 1.4849	 | 	Valid Accuracy     : 0.4104

Epoch : 38
Train Loss     : 1.3948	 | 	Train Accuracy     : 0.4281
Valid Loss     : 1.4847	 | 	Valid Accuracy     : 0.4094

Epoch : 39
Train Loss     : 1.3887	 | 	Train Accuracy     : 0.4323
Valid Loss     : 1.4840	 | 	Valid Accuracy     : 0.4125

Epoch : 40
Train Loss     : 1.3924	 | 	Train Accuracy     : 0.4271
Valid Loss     : 1.4841	 | 	Valid Accuracy     : 0.4115

Epoch : 41
Train Loss     : 1.3852	 | 	Train Accuracy     : 0.4323
Valid Loss     : 1.4837	 | 	Valid Accuracy     : 0.4115

Epoch : 42
Train Loss     : 1.3832	 | 	Train Accuracy     : 0.4333
Valid Loss     : 1.4833	 | 	Valid Accuracy     : 0.4115

Epoch : 43
Train Loss     : 1.3815	 | 	Train Accuracy     : 0.4323
Valid Loss     : 1.4832	 | 	Valid Accuracy     : 0.4115

Epoch : 44
Train Loss     : 1.3781	 | 	Train Accuracy     : 0.4333
Valid Loss     : 1.4840	 | 	Valid Accuracy     : 0.4083

Epoch : 45
Train Loss     : 1.3819	 | 	Train Accuracy     : 0.4313
Valid Loss     : 1.4831	 | 	Valid Accuracy     : 0.4104

Epoch : 46
Train Loss     : 1.3785	 | 	Train Accuracy     : 0.4354
Valid Loss     : 1.4827	 | 	Valid Accuracy     : 0.4094

Epoch : 47
Train Loss     : 1.3769	 | 	Train Accuracy     : 0.4344
Valid Loss     : 1.4828	 | 	Valid Accuracy     : 0.4104

Epoch : 48
Train Loss     : 1.3709	 | 	Train Accuracy     : 0.4354
Valid Loss     : 1.4837	 | 	Valid Accuracy     : 0.4094

Epoch : 49
Train Loss     : 1.3678	 | 	Train Accuracy     : 0.4354
Valid Loss     : 1.4835	 | 	Valid Accuracy     : 0.4073

Epoch : 50
Train Loss     : 1.3695	 | 	Train Accuracy     : 0.4396
Valid Loss     : 1.4834	 | 	Valid Accuracy     : 0.4094

Epoch : 51
Train Loss     : 1.3741	 | 	Train Accuracy     : 0.4365
Valid Loss     : 1.4819	 | 	Valid Accuracy     : 0.4083

Epoch : 52
Train Loss     : 1.3654	 | 	Train Accuracy     : 0.4448
Valid Loss     : 1.4823	 | 	Valid Accuracy     : 0.4104

Epoch : 53
Train Loss     : 1.3630	 | 	Train Accuracy     : 0.4396
Valid Loss     : 1.4832	 | 	Valid Accuracy     : 0.4094

Epoch : 54
Train Loss     : 1.3730	 | 	Train Accuracy     : 0.4302
Valid Loss     : 1.4836	 | 	Valid Accuracy     : 0.4062

Epoch : 55
Train Loss     : 1.3568	 | 	Train Accuracy     : 0.4448
Valid Loss     : 1.4829	 | 	Valid Accuracy     : 0.4073

Epoch : 56
Train Loss     : 1.3657	 | 	Train Accuracy     : 0.4375
Valid Loss     : 1.4831	 | 	Valid Accuracy     : 0.4073

Epoch : 57
Train Loss     : 1.3599	 | 	Train Accuracy     : 0.4375
Valid Loss     : 1.4826	 | 	Valid Accuracy     : 0.4073

Epoch : 58
Train Loss     : 1.3618	 | 	Train Accuracy     : 0.4375
Valid Loss     : 1.4829	 | 	Valid Accuracy     : 0.4062

Epoch : 59
Train Loss     : 1.3549	 | 	Train Accuracy     : 0.4385
Valid Loss     : 1.4838	 | 	Valid Accuracy     : 0.4042

Epoch : 60
Train Loss     : 1.3539	 | 	Train Accuracy     : 0.4396
Valid Loss     : 1.4833	 | 	Valid Accuracy     : 0.4052

Epoch : 61
Train Loss     : 1.3571	 | 	Train Accuracy     : 0.4375
Valid Loss     : 1.4833	 | 	Valid Accuracy     : 0.4073

Epoch : 62
Train Loss     : 1.3422	 | 	Train Accuracy     : 0.4500
Valid Loss     : 1.4835	 | 	Valid Accuracy     : 0.4052

Epoch : 63
Train Loss     : 1.3521	 | 	Train Accuracy     : 0.4427
Valid Loss     : 1.4840	 | 	Valid Accuracy     : 0.4062

Epoch : 64
Train Loss     : 1.3567	 | 	Train Accuracy     : 0.4365
Valid Loss     : 1.4833	 | 	Valid Accuracy     : 0.4052

Epoch : 65
Train Loss     : 1.3534	 | 	Train Accuracy     : 0.4427
Valid Loss     : 1.4839	 | 	Valid Accuracy     : 0.4062

Epoch : 66
Train Loss     : 1.3436	 | 	Train Accuracy     : 0.4448
Valid Loss     : 1.4837	 | 	Valid Accuracy     : 0.4062

Epoch : 67
Train Loss     : 1.3530	 | 	Train Accuracy     : 0.4375
Valid Loss     : 1.4836	 | 	Valid Accuracy     : 0.4052

Epoch : 68
Train Loss     : 1.3454	 | 	Train Accuracy     : 0.4458
Valid Loss     : 1.4834	 | 	Valid Accuracy     : 0.4062

Epoch : 69
Train Loss     : 1.3428	 | 	Train Accuracy     : 0.4490
Valid Loss     : 1.4840	 | 	Valid Accuracy     : 0.4062

Epoch : 70
Train Loss     : 1.3473	 | 	Train Accuracy     : 0.4479
Valid Loss     : 1.4836	 | 	Valid Accuracy     : 0.4052

Epoch : 71
Train Loss     : 1.3497	 | 	Train Accuracy     : 0.4437
Valid Loss     : 1.4832	 | 	Valid Accuracy     : 0.4062

Epoch : 72
Train Loss     : 1.3499	 | 	Train Accuracy     : 0.4417
Valid Loss     : 1.4842	 | 	Valid Accuracy     : 0.4062

Epoch : 73
Train Loss     : 1.3556	 | 	Train Accuracy     : 0.4375
Valid Loss     : 1.4845	 | 	Valid Accuracy     : 0.4062

Epoch : 74
Train Loss     : 1.3466	 | 	Train Accuracy     : 0.4427
Valid Loss     : 1.4837	 | 	Valid Accuracy     : 0.4052

Epoch : 75
Train Loss     : 1.3471	 | 	Train Accuracy     : 0.4427
Valid Loss     : 1.4841	 | 	Valid Accuracy     : 0.4062

Epoch : 76
Train Loss     : 1.3496	 | 	Train Accuracy     : 0.4427
Valid Loss     : 1.4836	 | 	Valid Accuracy     : 0.4062

Epoch : 77
Train Loss     : 1.3439	 | 	Train Accuracy     : 0.4500
Valid Loss     : 1.4835	 | 	Valid Accuracy     : 0.4062

Epoch : 78
Train Loss     : 1.3514	 | 	Train Accuracy     : 0.4406
Valid Loss     : 1.4841	 | 	Valid Accuracy     : 0.4073

Epoch : 79
Train Loss     : 1.3502	 | 	Train Accuracy     : 0.4385
Valid Loss     : 1.4839	 | 	Valid Accuracy     : 0.4052

Epoch : 80
Train Loss     : 1.3524	 | 	Train Accuracy     : 0.4437
Valid Loss     : 1.4835	 | 	Valid Accuracy     : 0.4062

Epoch : 81
Train Loss     : 1.3491	 | 	Train Accuracy     : 0.4448
Valid Loss     : 1.4834	 | 	Valid Accuracy     : 0.4062

Epoch : 82
Train Loss     : 1.3492	 | 	Train Accuracy     : 0.4427
Valid Loss     : 1.4839	 | 	Valid Accuracy     : 0.4062

Epoch : 83
Train Loss     : 1.3496	 | 	Train Accuracy     : 0.4406
Valid Loss     : 1.4835	 | 	Valid Accuracy     : 0.4062

Epoch : 84
Train Loss     : 1.3566	 | 	Train Accuracy     : 0.4365
Valid Loss     : 1.4841	 | 	Valid Accuracy     : 0.4062

Epoch : 85
Train Loss     : 1.3520	 | 	Train Accuracy     : 0.4385
Valid Loss     : 1.4841	 | 	Valid Accuracy     : 0.4062

Epoch : 86
Train Loss     : 1.3464	 | 	Train Accuracy     : 0.4427
Valid Loss     : 1.4841	 | 	Valid Accuracy     : 0.4062

Epoch : 87
Train Loss     : 1.3475	 | 	Train Accuracy     : 0.4427
Valid Loss     : 1.4834	 | 	Valid Accuracy     : 0.4062

Epoch : 88
Train Loss     : 1.3525	 | 	Train Accuracy     : 0.4365
Valid Loss     : 1.4834	 | 	Valid Accuracy     : 0.4062

Epoch : 89
Train Loss     : 1.3505	 | 	Train Accuracy     : 0.4365
Valid Loss     : 1.4840	 | 	Valid Accuracy     : 0.4062

Epoch : 90
Train Loss     : 1.3466	 | 	Train Accuracy     : 0.4406
Valid Loss     : 1.4837	 | 	Valid Accuracy     : 0.4052

Epoch : 91
Train Loss     : 1.3440	 | 	Train Accuracy     : 0.4479
Valid Loss     : 1.4841	 | 	Valid Accuracy     : 0.4062

Epoch : 92
Train Loss     : 1.3499	 | 	Train Accuracy     : 0.4437
Valid Loss     : 1.4833	 | 	Valid Accuracy     : 0.4062

Epoch : 93
Train Loss     : 1.3484	 | 	Train Accuracy     : 0.4406
Valid Loss     : 1.4837	 | 	Valid Accuracy     : 0.4073

Epoch : 94
Train Loss     : 1.3527	 | 	Train Accuracy     : 0.4469
Valid Loss     : 1.4835	 | 	Valid Accuracy     : 0.4062

Epoch : 95
Train Loss     : 1.3488	 | 	Train Accuracy     : 0.4427
Valid Loss     : 1.4838	 | 	Valid Accuracy     : 0.4052

Epoch : 96
Train Loss     : 1.3498	 | 	Train Accuracy     : 0.4427
Valid Loss     : 1.4836	 | 	Valid Accuracy     : 0.4062

Epoch : 97
Train Loss     : 1.3467	 | 	Train Accuracy     : 0.4417
Valid Loss     : 1.4833	 | 	Valid Accuracy     : 0.4062

Epoch : 98
Train Loss     : 1.3434	 | 	Train Accuracy     : 0.4500
Valid Loss     : 1.4830	 | 	Valid Accuracy     : 0.4062

Epoch : 99
Train Loss     : 1.3525	 | 	Train Accuracy     : 0.4396
Valid Loss     : 1.4833	 | 	Valid Accuracy     : 0.4062

Epoch : 100
Train Loss     : 1.3481	 | 	Train Accuracy     : 0.4406
Valid Loss     : 1.4840	 | 	Valid Accuracy     : 0.4062

Epoch : 101
Train Loss     : 1.3505	 | 	Train Accuracy     : 0.4427
Valid Loss     : 1.4836	 | 	Valid Accuracy     : 0.4062

Epoch : 102
Train Loss     : 1.3537	 | 	Train Accuracy     : 0.4375
Valid Loss     : 1.4832	 | 	Valid Accuracy     : 0.4062

Epoch : 103
Train Loss     : 1.3505	 | 	Train Accuracy     : 0.4427
Valid Loss     : 1.4833	 | 	Valid Accuracy     : 0.4062

Epoch : 104
Train Loss     : 1.3529	 | 	Train Accuracy     : 0.4396
Valid Loss     : 1.4835	 | 	Valid Accuracy     : 0.4062

Epoch : 105
Train Loss     : 1.3522	 | 	Train Accuracy     : 0.4437
Valid Loss     : 1.4833	 | 	Valid Accuracy     : 0.4062

Epoch : 106
Train Loss     : 1.3520	 | 	Train Accuracy     : 0.4354
Valid Loss     : 1.4831	 | 	Valid Accuracy     : 0.4062

Epoch : 107
Train Loss     : 1.3528	 | 	Train Accuracy     : 0.4375
Valid Loss     : 1.4833	 | 	Valid Accuracy     : 0.4062

Epoch : 108
Train Loss     : 1.3523	 | 	Train Accuracy     : 0.4437
Valid Loss     : 1.4842	 | 	Valid Accuracy     : 0.4062

Epoch : 109
Train Loss     : 1.3477	 | 	Train Accuracy     : 0.4458
Valid Loss     : 1.4843	 | 	Valid Accuracy     : 0.4062

Epoch : 110
Train Loss     : 1.3508	 | 	Train Accuracy     : 0.4385
Valid Loss     : 1.4840	 | 	Valid Accuracy     : 0.4062

Epoch : 111
Train Loss     : 1.3479	 | 	Train Accuracy     : 0.4448
Valid Loss     : 1.4842	 | 	Valid Accuracy     : 0.4062

Epoch : 112
Train Loss     : 1.3490	 | 	Train Accuracy     : 0.4427
Valid Loss     : 1.4837	 | 	Valid Accuracy     : 0.4052

Epoch : 113
Train Loss     : 1.3566	 | 	Train Accuracy     : 0.4323
Valid Loss     : 1.4837	 | 	Valid Accuracy     : 0.4073

Epoch : 114
Train Loss     : 1.3543	 | 	Train Accuracy     : 0.4417
Valid Loss     : 1.4833	 | 	Valid Accuracy     : 0.4062

Epoch : 115
Train Loss     : 1.3482	 | 	Train Accuracy     : 0.4448
Valid Loss     : 1.4838	 | 	Valid Accuracy     : 0.4052

Epoch : 116
Train Loss     : 1.3442	 | 	Train Accuracy     : 0.4479
Valid Loss     : 1.4838	 | 	Valid Accuracy     : 0.4052

Epoch : 117
Train Loss     : 1.3517	 | 	Train Accuracy     : 0.4427
Valid Loss     : 1.4838	 | 	Valid Accuracy     : 0.4062

Epoch : 118
Train Loss     : 1.3522	 | 	Train Accuracy     : 0.4396
Valid Loss     : 1.4835	 | 	Valid Accuracy     : 0.4062

Epoch : 119
Train Loss     : 1.3506	 | 	Train Accuracy     : 0.4406
Valid Loss     : 1.4833	 | 	Valid Accuracy     : 0.4062

Epoch : 120
Train Loss     : 1.3423	 | 	Train Accuracy     : 0.4500
Valid Loss     : 1.4833	 | 	Valid Accuracy     : 0.4062

Epoch : 121
Train Loss     : 1.3544	 | 	Train Accuracy     : 0.4375
Valid Loss     : 1.4836	 | 	Valid Accuracy     : 0.4062

Epoch : 122
Train Loss     : 1.3478	 | 	Train Accuracy     : 0.4427
Valid Loss     : 1.4833	 | 	Valid Accuracy     : 0.4062
