=============================================
Dataset: Epilepsy
Method:  °³¹ßÁß...
Mode:    supervised
=============================================
Data loaded ...
Training started ....

Epoch : 1
Train Loss     : 1.2188	 | 	Train Accuracy     : 0.7933
Valid Loss     : 2.8305	 | 	Valid Accuracy     : 0.1991

Epoch : 2
Train Loss     : 0.1705	 | 	Train Accuracy     : 0.9529
Valid Loss     : 0.1110	 | 	Valid Accuracy     : 0.9667

Epoch : 3
Train Loss     : 0.1030	 | 	Train Accuracy     : 0.9652
Valid Loss     : 0.1066	 | 	Valid Accuracy     : 0.9629

Epoch : 4
Train Loss     : 0.1010	 | 	Train Accuracy     : 0.9621
Valid Loss     : 0.4947	 | 	Valid Accuracy     : 0.8219

Epoch : 5
Train Loss     : 0.0968	 | 	Train Accuracy     : 0.9636
Valid Loss     : 0.2565	 | 	Valid Accuracy     : 0.9511

Epoch : 6
Train Loss     : 0.0941	 | 	Train Accuracy     : 0.9679
Valid Loss     : 0.1614	 | 	Valid Accuracy     : 0.9638

Epoch : 7
Train Loss     : 0.0945	 | 	Train Accuracy     : 0.9658
Valid Loss     : 0.4322	 | 	Valid Accuracy     : 0.8533

Epoch : 8
Train Loss     : 0.1108	 | 	Train Accuracy     : 0.9605
Valid Loss     : 0.9203	 | 	Valid Accuracy     : 0.4335

Epoch : 9
Train Loss     : 1.8447	 | 	Train Accuracy     : 0.8018
Valid Loss     : 27.9463	 | 	Valid Accuracy     : 0.1991

Epoch : 10
Train Loss     : 0.4728	 | 	Train Accuracy     : 0.9234
Valid Loss     : 0.1318	 | 	Valid Accuracy     : 0.9478

Epoch : 11
Train Loss     : 0.1456	 | 	Train Accuracy     : 0.9598
Valid Loss     : 0.1034	 | 	Valid Accuracy     : 0.9690

Epoch : 12
Train Loss     : 0.0917	 | 	Train Accuracy     : 0.9701
Valid Loss     : 0.0854	 | 	Valid Accuracy     : 0.9737

Epoch : 13
Train Loss     : 0.0831	 | 	Train Accuracy     : 0.9712
Valid Loss     : 0.0802	 | 	Valid Accuracy     : 0.9683

Epoch : 14
Train Loss     : 0.0792	 | 	Train Accuracy     : 0.9714
Valid Loss     : 0.0896	 | 	Valid Accuracy     : 0.9734

Epoch : 15
Train Loss     : 0.0758	 | 	Train Accuracy     : 0.9721
Valid Loss     : 0.0812	 | 	Valid Accuracy     : 0.9696

Epoch : 16
Train Loss     : 0.0789	 | 	Train Accuracy     : 0.9721
Valid Loss     : 0.0799	 | 	Valid Accuracy     : 0.9703

Epoch : 17
Train Loss     : 0.0745	 | 	Train Accuracy     : 0.9719
Valid Loss     : 0.1028	 | 	Valid Accuracy     : 0.9705

Epoch : 18
Train Loss     : 0.0725	 | 	Train Accuracy     : 0.9734
Valid Loss     : 0.1233	 | 	Valid Accuracy     : 0.9527

Epoch : 19
Train Loss     : 0.0843	 | 	Train Accuracy     : 0.9717
Valid Loss     : 0.1762	 | 	Valid Accuracy     : 0.9417

Epoch : 20
Train Loss     : 0.1154	 | 	Train Accuracy     : 0.9603
Valid Loss     : 0.1733	 | 	Valid Accuracy     : 0.9422

Epoch : 21
Train Loss     : 0.0981	 | 	Train Accuracy     : 0.9638
Valid Loss     : 0.0819	 | 	Valid Accuracy     : 0.9679

Epoch : 22
Train Loss     : 0.1038	 | 	Train Accuracy     : 0.9627
Valid Loss     : 0.0825	 | 	Valid Accuracy     : 0.9679

Epoch : 23
Train Loss     : 0.0891	 | 	Train Accuracy     : 0.9672
Valid Loss     : 0.0816	 | 	Valid Accuracy     : 0.9717

Epoch : 24
Train Loss     : 0.0654	 | 	Train Accuracy     : 0.9786
Valid Loss     : 0.0956	 | 	Valid Accuracy     : 0.9616

Epoch : 25
Train Loss     : 0.0697	 | 	Train Accuracy     : 0.9757
Valid Loss     : 0.1412	 | 	Valid Accuracy     : 0.9462

Epoch : 26
Train Loss     : 0.0752	 | 	Train Accuracy     : 0.9708
Valid Loss     : 0.0874	 | 	Valid Accuracy     : 0.9647

Epoch : 27
Train Loss     : 0.0639	 | 	Train Accuracy     : 0.9770
Valid Loss     : 0.0803	 | 	Valid Accuracy     : 0.9701

Epoch : 28
Train Loss     : 0.0537	 | 	Train Accuracy     : 0.9808
Valid Loss     : 0.0744	 | 	Valid Accuracy     : 0.9714

Epoch : 29
Train Loss     : 0.0545	 | 	Train Accuracy     : 0.9804
Valid Loss     : 0.0737	 | 	Valid Accuracy     : 0.9712

Epoch : 30
Train Loss     : 0.0535	 | 	Train Accuracy     : 0.9804
Valid Loss     : 0.0756	 | 	Valid Accuracy     : 0.9748

Epoch : 31
Train Loss     : 0.0537	 | 	Train Accuracy     : 0.9815
Valid Loss     : 0.0723	 | 	Valid Accuracy     : 0.9748

Epoch : 32
Train Loss     : 0.0526	 | 	Train Accuracy     : 0.9819
Valid Loss     : 0.0743	 | 	Valid Accuracy     : 0.9710

Epoch : 33
Train Loss     : 0.0519	 | 	Train Accuracy     : 0.9821
Valid Loss     : 0.0725	 | 	Valid Accuracy     : 0.9759

Epoch : 34
Train Loss     : 0.0526	 | 	Train Accuracy     : 0.9817
Valid Loss     : 0.0733	 | 	Valid Accuracy     : 0.9719

Epoch : 35
Train Loss     : 0.0517	 | 	Train Accuracy     : 0.9817
Valid Loss     : 0.0719	 | 	Valid Accuracy     : 0.9752

Epoch : 36
Train Loss     : 0.0523	 | 	Train Accuracy     : 0.9817
Valid Loss     : 0.0715	 | 	Valid Accuracy     : 0.9741

Epoch : 37
Train Loss     : 0.0539	 | 	Train Accuracy     : 0.9812
Valid Loss     : 0.0715	 | 	Valid Accuracy     : 0.9741

Epoch : 38
Train Loss     : 0.0519	 | 	Train Accuracy     : 0.9804
Valid Loss     : 0.0726	 | 	Valid Accuracy     : 0.9761

Epoch : 39
Train Loss     : 0.0500	 | 	Train Accuracy     : 0.9830
Valid Loss     : 0.0710	 | 	Valid Accuracy     : 0.9752

Epoch : 40
Train Loss     : 0.0512	 | 	Train Accuracy     : 0.9815
Valid Loss     : 0.0718	 | 	Valid Accuracy     : 0.9732

Epoch : 41
Train Loss     : 0.0517	 | 	Train Accuracy     : 0.9817
Valid Loss     : 0.0714	 | 	Valid Accuracy     : 0.9730

Epoch : 42
Train Loss     : 0.0501	 | 	Train Accuracy     : 0.9826
Valid Loss     : 0.0711	 | 	Valid Accuracy     : 0.9743

Epoch : 43
Train Loss     : 0.0510	 | 	Train Accuracy     : 0.9826
Valid Loss     : 0.0711	 | 	Valid Accuracy     : 0.9757

Epoch : 44
Train Loss     : 0.0508	 | 	Train Accuracy     : 0.9835
Valid Loss     : 0.0705	 | 	Valid Accuracy     : 0.9743

Epoch : 45
Train Loss     : 0.0510	 | 	Train Accuracy     : 0.9819
Valid Loss     : 0.0707	 | 	Valid Accuracy     : 0.9754

Epoch : 46
Train Loss     : 0.0533	 | 	Train Accuracy     : 0.9817
Valid Loss     : 0.0854	 | 	Valid Accuracy     : 0.9667

Epoch : 47
Train Loss     : 0.0504	 | 	Train Accuracy     : 0.9810
Valid Loss     : 0.0706	 | 	Valid Accuracy     : 0.9743

Epoch : 48
Train Loss     : 0.0495	 | 	Train Accuracy     : 0.9844
Valid Loss     : 0.0714	 | 	Valid Accuracy     : 0.9728

Epoch : 49
Train Loss     : 0.0484	 | 	Train Accuracy     : 0.9839
Valid Loss     : 0.0774	 | 	Valid Accuracy     : 0.9699

Epoch : 50
Train Loss     : 0.0493	 | 	Train Accuracy     : 0.9828
Valid Loss     : 0.0704	 | 	Valid Accuracy     : 0.9752

Evaluate on the Test set:
Test loss      :0.0853	 | Test Accuracy      : 0.9665

################## Training is Done! #########################
Training time is : 0:19:20.258831
