=============================================
Dataset: EMG
Method:  °³¹ßÁß...
Mode:    supervised
=============================================
Data loaded ...
Training started ....

Epoch : 1
Train Loss     : 0.5703	 | 	Train Accuracy     : 0.7917
Valid Loss     : 0.2798	 | 	Valid Accuracy     : 0.9500

Epoch : 2
Train Loss     : 0.4429	 | 	Train Accuracy     : 0.8833
Valid Loss     : 0.3823	 | 	Valid Accuracy     : 0.8750

Epoch : 3
Train Loss     : 0.3372	 | 	Train Accuracy     : 0.9000
Valid Loss     : 0.1506	 | 	Valid Accuracy     : 1.0000

Epoch : 4
Train Loss     : 0.2302	 | 	Train Accuracy     : 0.9500
Valid Loss     : 0.1290	 | 	Valid Accuracy     : 1.0000

Epoch : 5
Train Loss     : 0.2142	 | 	Train Accuracy     : 0.9583
Valid Loss     : 0.1325	 | 	Valid Accuracy     : 0.9750

Epoch : 6
Train Loss     : 0.2965	 | 	Train Accuracy     : 0.9083
Valid Loss     : 0.4310	 | 	Valid Accuracy     : 0.7500

Epoch : 7
Train Loss     : 0.2384	 | 	Train Accuracy     : 0.9333
Valid Loss     : 0.1731	 | 	Valid Accuracy     : 0.9500

Epoch : 8
Train Loss     : 0.1506	 | 	Train Accuracy     : 0.9667
Valid Loss     : 0.4510	 | 	Valid Accuracy     : 0.8250

Epoch : 9
Train Loss     : 0.2128	 | 	Train Accuracy     : 0.9417
Valid Loss     : 0.3392	 | 	Valid Accuracy     : 0.9000

Epoch : 10
Train Loss     : 0.2897	 | 	Train Accuracy     : 0.8917
Valid Loss     : 0.2395	 | 	Valid Accuracy     : 0.9250

Epoch : 11
Train Loss     : 0.1180	 | 	Train Accuracy     : 0.9833
Valid Loss     : 0.1938	 | 	Valid Accuracy     : 0.9250

Epoch : 12
Train Loss     : 0.1637	 | 	Train Accuracy     : 0.9583
Valid Loss     : 0.1198	 | 	Valid Accuracy     : 0.9750

Epoch : 13
Train Loss     : 0.1550	 | 	Train Accuracy     : 0.9583
Valid Loss     : 0.2707	 | 	Valid Accuracy     : 0.9000

Epoch : 14
Train Loss     : 0.0984	 | 	Train Accuracy     : 0.9750
Valid Loss     : 0.0546	 | 	Valid Accuracy     : 1.0000

Epoch : 15
Train Loss     : 0.0652	 | 	Train Accuracy     : 0.9917
Valid Loss     : 0.0654	 | 	Valid Accuracy     : 1.0000

Epoch : 16
Train Loss     : 0.0584	 | 	Train Accuracy     : 1.0000
Valid Loss     : 0.1120	 | 	Valid Accuracy     : 0.9750

Epoch : 17
Train Loss     : 0.0455	 | 	Train Accuracy     : 1.0000
Valid Loss     : 0.0450	 | 	Valid Accuracy     : 1.0000

Epoch : 18
Train Loss     : 0.0437	 | 	Train Accuracy     : 1.0000
Valid Loss     : 0.0389	 | 	Valid Accuracy     : 1.0000

Epoch : 19
Train Loss     : 0.0594	 | 	Train Accuracy     : 0.9917
Valid Loss     : 0.0382	 | 	Valid Accuracy     : 1.0000

Epoch : 20
Train Loss     : 0.0424	 | 	Train Accuracy     : 1.0000
Valid Loss     : 0.0380	 | 	Valid Accuracy     : 1.0000

Epoch : 21
Train Loss     : 0.0422	 | 	Train Accuracy     : 1.0000
Valid Loss     : 0.1051	 | 	Valid Accuracy     : 0.9500

Epoch : 22
Train Loss     : 0.0619	 | 	Train Accuracy     : 0.9917
Valid Loss     : 0.0788	 | 	Valid Accuracy     : 0.9500

Epoch : 23
Train Loss     : 0.0409	 | 	Train Accuracy     : 1.0000
Valid Loss     : 0.1535	 | 	Valid Accuracy     : 0.9500

Epoch : 24
Train Loss     : 0.0326	 | 	Train Accuracy     : 1.0000
Valid Loss     : 0.1269	 | 	Valid Accuracy     : 0.9750

Epoch : 25
Train Loss     : 0.0293	 | 	Train Accuracy     : 1.0000
Valid Loss     : 0.0309	 | 	Valid Accuracy     : 1.0000

Epoch : 26
Train Loss     : 0.1144	 | 	Train Accuracy     : 0.9750
Valid Loss     : 0.0509	 | 	Valid Accuracy     : 0.9750

Epoch : 27
Train Loss     : 0.2297	 | 	Train Accuracy     : 0.9083
Valid Loss     : 0.2313	 | 	Valid Accuracy     : 0.9500

Epoch : 28
Train Loss     : 0.2118	 | 	Train Accuracy     : 0.9417
Valid Loss     : 0.0738	 | 	Valid Accuracy     : 0.9750

Epoch : 29
Train Loss     : 0.1004	 | 	Train Accuracy     : 0.9750
Valid Loss     : 0.0454	 | 	Valid Accuracy     : 0.9750

Epoch : 30
Train Loss     : 0.0463	 | 	Train Accuracy     : 1.0000
Valid Loss     : 0.0638	 | 	Valid Accuracy     : 0.9750

Evaluate on the Test set:
Test loss      :0.1842	 | Test Accuracy      : 0.9318

################## Training is Done! #########################
Training time is : 0:01:46.106515
