=============================================
Dataset: sleepEDF
Method:  TS-TCC
Mode:    supervised
=============================================
Data loaded ...
Training started ....

Epoch : 1
Train Loss     : 1.7256	 | 	Train Accuracy     : 0.3014
Valid Loss     : 1.4677	 | 	Valid Accuracy     : 0.4234

Epoch : 2
Train Loss     : 1.5514	 | 	Train Accuracy     : 0.3458
Valid Loss     : 1.4912	 | 	Valid Accuracy     : 0.4012

Epoch : 3
Train Loss     : 1.5067	 | 	Train Accuracy     : 0.3548
Valid Loss     : 1.4900	 | 	Valid Accuracy     : 0.4032

Epoch : 4
Train Loss     : 1.4338	 | 	Train Accuracy     : 0.3972
Valid Loss     : 1.4983	 | 	Valid Accuracy     : 0.3659

Epoch : 5
Train Loss     : 1.4066	 | 	Train Accuracy     : 0.4083
Valid Loss     : 1.4923	 | 	Valid Accuracy     : 0.4073

Epoch : 6
Train Loss     : 1.3316	 | 	Train Accuracy     : 0.4556
Valid Loss     : 1.4767	 | 	Valid Accuracy     : 0.4234

Epoch : 7
Train Loss     : 1.2949	 | 	Train Accuracy     : 0.4738
Valid Loss     : 1.5480	 | 	Valid Accuracy     : 0.3004

Epoch : 8
Train Loss     : 1.2914	 | 	Train Accuracy     : 0.4617
Valid Loss     : 1.4946	 | 	Valid Accuracy     : 0.3962

Epoch : 9
Train Loss     : 1.1910	 | 	Train Accuracy     : 0.5111
Valid Loss     : 1.4868	 | 	Valid Accuracy     : 0.3942

Epoch : 10
Train Loss     : 1.1689	 | 	Train Accuracy     : 0.5020
Valid Loss     : 1.4970	 | 	Valid Accuracy     : 0.4042

Epoch : 11
Train Loss     : 1.1284	 | 	Train Accuracy     : 0.5625
Valid Loss     : 1.5112	 | 	Valid Accuracy     : 0.3770

Epoch : 12
Train Loss     : 1.0345	 | 	Train Accuracy     : 0.5958
Valid Loss     : 1.5349	 | 	Valid Accuracy     : 0.3387

Epoch : 13
Train Loss     : 1.0294	 | 	Train Accuracy     : 0.5867
Valid Loss     : 1.4971	 | 	Valid Accuracy     : 0.3821

Epoch : 14
Train Loss     : 0.9992	 | 	Train Accuracy     : 0.6089
Valid Loss     : 1.4983	 | 	Valid Accuracy     : 0.3831

Epoch : 15
Train Loss     : 0.9875	 | 	Train Accuracy     : 0.6250
Valid Loss     : 1.4943	 | 	Valid Accuracy     : 0.3891

Epoch : 16
Train Loss     : 0.9651	 | 	Train Accuracy     : 0.6492
Valid Loss     : 1.4993	 | 	Valid Accuracy     : 0.3851

Epoch : 17
Train Loss     : 0.9773	 | 	Train Accuracy     : 0.6472
Valid Loss     : 1.5052	 | 	Valid Accuracy     : 0.3700

Epoch : 18
Train Loss     : 1.0025	 | 	Train Accuracy     : 0.6381
Valid Loss     : 1.5006	 | 	Valid Accuracy     : 0.3810

Epoch : 19
Train Loss     : 0.9605	 | 	Train Accuracy     : 0.6472
Valid Loss     : 1.5043	 | 	Valid Accuracy     : 0.3760

Epoch : 20
Train Loss     : 0.9648	 | 	Train Accuracy     : 0.6542
Valid Loss     : 1.5053	 | 	Valid Accuracy     : 0.3710

Epoch : 21
Train Loss     : 0.9678	 | 	Train Accuracy     : 0.6381
Valid Loss     : 1.5007	 | 	Valid Accuracy     : 0.3841

Epoch : 22
Train Loss     : 0.9361	 | 	Train Accuracy     : 0.6623
Valid Loss     : 1.4978	 | 	Valid Accuracy     : 0.3921

Epoch : 23
Train Loss     : 0.9464	 | 	Train Accuracy     : 0.6542
Valid Loss     : 1.5036	 | 	Valid Accuracy     : 0.3780

Epoch : 24
Train Loss     : 0.9363	 | 	Train Accuracy     : 0.6573
Valid Loss     : 1.5005	 | 	Valid Accuracy     : 0.3810

Epoch : 25
Train Loss     : 0.9543	 | 	Train Accuracy     : 0.6411
Valid Loss     : 1.5010	 | 	Valid Accuracy     : 0.3841

Epoch : 26
Train Loss     : 0.9400	 | 	Train Accuracy     : 0.6442
Valid Loss     : 1.5014	 | 	Valid Accuracy     : 0.3810

Epoch : 27
Train Loss     : 0.9278	 | 	Train Accuracy     : 0.6653
Valid Loss     : 1.5031	 | 	Valid Accuracy     : 0.3770

Epoch : 28
Train Loss     : 0.9389	 | 	Train Accuracy     : 0.6522
Valid Loss     : 1.5028	 | 	Valid Accuracy     : 0.3800

Epoch : 29
Train Loss     : 0.9547	 | 	Train Accuracy     : 0.6421
Valid Loss     : 1.5014	 | 	Valid Accuracy     : 0.3841

Epoch : 30
Train Loss     : 0.9235	 | 	Train Accuracy     : 0.6825
Valid Loss     : 1.5030	 | 	Valid Accuracy     : 0.3800

Epoch : 31
Train Loss     : 0.9365	 | 	Train Accuracy     : 0.6694
Valid Loss     : 1.5032	 | 	Valid Accuracy     : 0.3810

Epoch : 32
Train Loss     : 0.9406	 | 	Train Accuracy     : 0.6583
Valid Loss     : 1.5025	 | 	Valid Accuracy     : 0.3810

Epoch : 33
Train Loss     : 0.9419	 | 	Train Accuracy     : 0.6512
Valid Loss     : 1.5023	 | 	Valid Accuracy     : 0.3790

Epoch : 34
Train Loss     : 0.9475	 | 	Train Accuracy     : 0.6371
Valid Loss     : 1.5011	 | 	Valid Accuracy     : 0.3800

Epoch : 35
Train Loss     : 0.9294	 | 	Train Accuracy     : 0.6653
Valid Loss     : 1.5019	 | 	Valid Accuracy     : 0.3800

Epoch : 36
Train Loss     : 0.9208	 | 	Train Accuracy     : 0.6815
Valid Loss     : 1.5002	 | 	Valid Accuracy     : 0.3831

Epoch : 37
Train Loss     : 0.9338	 | 	Train Accuracy     : 0.6552
Valid Loss     : 1.5014	 | 	Valid Accuracy     : 0.3821

Epoch : 38
Train Loss     : 0.9134	 | 	Train Accuracy     : 0.6764
Valid Loss     : 1.5022	 | 	Valid Accuracy     : 0.3800

Epoch : 39
Train Loss     : 0.9128	 | 	Train Accuracy     : 0.6845
Valid Loss     : 1.5016	 | 	Valid Accuracy     : 0.3810

Epoch : 40
Train Loss     : 0.9405	 | 	Train Accuracy     : 0.6794
Valid Loss     : 1.5012	 | 	Valid Accuracy     : 0.3800

Epoch : 41
Train Loss     : 0.9351	 | 	Train Accuracy     : 0.6683
Valid Loss     : 1.5007	 | 	Valid Accuracy     : 0.3800

Epoch : 42
Train Loss     : 0.9420	 | 	Train Accuracy     : 0.6663
Valid Loss     : 1.5009	 | 	Valid Accuracy     : 0.3790

Epoch : 43
Train Loss     : 0.9476	 | 	Train Accuracy     : 0.6593
Valid Loss     : 1.5002	 | 	Valid Accuracy     : 0.3800

Epoch : 44
Train Loss     : 0.9362	 | 	Train Accuracy     : 0.6542
Valid Loss     : 1.5015	 | 	Valid Accuracy     : 0.3810

Epoch : 45
Train Loss     : 0.9194	 | 	Train Accuracy     : 0.6804
Valid Loss     : 1.5017	 | 	Valid Accuracy     : 0.3800

Epoch : 46
Train Loss     : 0.9266	 | 	Train Accuracy     : 0.6663
Valid Loss     : 1.5005	 | 	Valid Accuracy     : 0.3810

Epoch : 47
Train Loss     : 0.9537	 | 	Train Accuracy     : 0.6472
Valid Loss     : 1.5010	 | 	Valid Accuracy     : 0.3790

Epoch : 48
Train Loss     : 0.9341	 | 	Train Accuracy     : 0.6552
Valid Loss     : 1.5012	 | 	Valid Accuracy     : 0.3800

Epoch : 49
Train Loss     : 0.9548	 | 	Train Accuracy     : 0.6411
Valid Loss     : 1.5000	 | 	Valid Accuracy     : 0.3800

Epoch : 50
Train Loss     : 0.9526	 | 	Train Accuracy     : 0.6593
Valid Loss     : 1.5013	 | 	Valid Accuracy     : 0.3790

Epoch : 51
Train Loss     : 0.9371	 | 	Train Accuracy     : 0.6653
Valid Loss     : 1.5018	 | 	Valid Accuracy     : 0.3800

Epoch : 52
Train Loss     : 0.9426	 | 	Train Accuracy     : 0.6633
Valid Loss     : 1.5022	 | 	Valid Accuracy     : 0.3780

Epoch : 53
Train Loss     : 0.9371	 | 	Train Accuracy     : 0.6764
Valid Loss     : 1.5014	 | 	Valid Accuracy     : 0.3770

Epoch : 54
Train Loss     : 0.9221	 | 	Train Accuracy     : 0.6835
Valid Loss     : 1.5020	 | 	Valid Accuracy     : 0.3800

Epoch : 55
Train Loss     : 0.9208	 | 	Train Accuracy     : 0.6724
Valid Loss     : 1.5018	 | 	Valid Accuracy     : 0.3790

Epoch : 56
Train Loss     : 0.9468	 | 	Train Accuracy     : 0.6411
Valid Loss     : 1.5014	 | 	Valid Accuracy     : 0.3800

Epoch : 57
Train Loss     : 0.9300	 | 	Train Accuracy     : 0.6694
Valid Loss     : 1.5013	 | 	Valid Accuracy     : 0.3790

Epoch : 58
Train Loss     : 0.9071	 | 	Train Accuracy     : 0.6683
Valid Loss     : 1.5015	 | 	Valid Accuracy     : 0.3810

Epoch : 59
Train Loss     : 0.9433	 | 	Train Accuracy     : 0.6653
Valid Loss     : 1.5015	 | 	Valid Accuracy     : 0.3800

Epoch : 60
Train Loss     : 0.9311	 | 	Train Accuracy     : 0.6683
Valid Loss     : 1.5021	 | 	Valid Accuracy     : 0.3800

Epoch : 61
Train Loss     : 0.9197	 | 	Train Accuracy     : 0.6562
Valid Loss     : 1.5014	 | 	Valid Accuracy     : 0.3810

Epoch : 62
Train Loss     : 0.9101	 | 	Train Accuracy     : 0.6754
Valid Loss     : 1.5015	 | 	Valid Accuracy     : 0.3780

Epoch : 63
Train Loss     : 0.9522	 | 	Train Accuracy     : 0.6411
Valid Loss     : 1.5013	 | 	Valid Accuracy     : 0.3790

Epoch : 64
Train Loss     : 0.9252	 | 	Train Accuracy     : 0.6694
Valid Loss     : 1.5014	 | 	Valid Accuracy     : 0.3790

Epoch : 65
Train Loss     : 0.9505	 | 	Train Accuracy     : 0.6452
Valid Loss     : 1.5019	 | 	Valid Accuracy     : 0.3800

Epoch : 66
Train Loss     : 0.9359	 | 	Train Accuracy     : 0.6794
Valid Loss     : 1.5009	 | 	Valid Accuracy     : 0.3810

Epoch : 67
Train Loss     : 0.9507	 | 	Train Accuracy     : 0.6472
Valid Loss     : 1.5013	 | 	Valid Accuracy     : 0.3790

Epoch : 68
Train Loss     : 0.9199	 | 	Train Accuracy     : 0.6633
Valid Loss     : 1.5022	 | 	Valid Accuracy     : 0.3790

Epoch : 69
Train Loss     : 0.9577	 | 	Train Accuracy     : 0.6431
Valid Loss     : 1.5015	 | 	Valid Accuracy     : 0.3810

Epoch : 70
Train Loss     : 0.9548	 | 	Train Accuracy     : 0.6502
Valid Loss     : 1.5023	 | 	Valid Accuracy     : 0.3770

Epoch : 71
Train Loss     : 0.9140	 | 	Train Accuracy     : 0.6724
Valid Loss     : 1.5011	 | 	Valid Accuracy     : 0.3821

Epoch : 72
Train Loss     : 0.9444	 | 	Train Accuracy     : 0.6482
Valid Loss     : 1.5005	 | 	Valid Accuracy     : 0.3821

Epoch : 73
Train Loss     : 0.9338	 | 	Train Accuracy     : 0.6663
Valid Loss     : 1.5000	 | 	Valid Accuracy     : 0.3790

Epoch : 74
Train Loss     : 0.9274	 | 	Train Accuracy     : 0.6603
Valid Loss     : 1.5005	 | 	Valid Accuracy     : 0.3790

Epoch : 75
Train Loss     : 0.9571	 | 	Train Accuracy     : 0.6321
Valid Loss     : 1.5028	 | 	Valid Accuracy     : 0.3790

Epoch : 76
Train Loss     : 0.9259	 | 	Train Accuracy     : 0.6784
Valid Loss     : 1.5011	 | 	Valid Accuracy     : 0.3790

Epoch : 77
Train Loss     : 0.9300	 | 	Train Accuracy     : 0.6542
Valid Loss     : 1.5015	 | 	Valid Accuracy     : 0.3810

Epoch : 78
Train Loss     : 0.9730	 | 	Train Accuracy     : 0.6371
Valid Loss     : 1.5020	 | 	Valid Accuracy     : 0.3800

Epoch : 79
Train Loss     : 0.9377	 | 	Train Accuracy     : 0.6683
Valid Loss     : 1.5014	 | 	Valid Accuracy     : 0.3800

Epoch : 80
Train Loss     : 0.9466	 | 	Train Accuracy     : 0.6633
Valid Loss     : 1.5014	 | 	Valid Accuracy     : 0.3831

Epoch : 81
Train Loss     : 0.9390	 | 	Train Accuracy     : 0.6694
Valid Loss     : 1.5021	 | 	Valid Accuracy     : 0.3780

Epoch : 82
Train Loss     : 0.9391	 | 	Train Accuracy     : 0.6694
Valid Loss     : 1.5021	 | 	Valid Accuracy     : 0.3790

Epoch : 83
Train Loss     : 0.9177	 | 	Train Accuracy     : 0.6653
Valid Loss     : 1.5024	 | 	Valid Accuracy     : 0.3790

Epoch : 84
Train Loss     : 0.9213	 | 	Train Accuracy     : 0.6895
Valid Loss     : 1.5011	 | 	Valid Accuracy     : 0.3810

Epoch : 85
Train Loss     : 0.9399	 | 	Train Accuracy     : 0.6593
Valid Loss     : 1.5017	 | 	Valid Accuracy     : 0.3800

Epoch : 86
Train Loss     : 0.9452	 | 	Train Accuracy     : 0.6683
Valid Loss     : 1.5017	 | 	Valid Accuracy     : 0.3821

Epoch : 87
Train Loss     : 0.9429	 | 	Train Accuracy     : 0.6683
Valid Loss     : 1.5018	 | 	Valid Accuracy     : 0.3800

Epoch : 88
Train Loss     : 0.9538	 | 	Train Accuracy     : 0.6532
Valid Loss     : 1.5012	 | 	Valid Accuracy     : 0.3821

Epoch : 89
Train Loss     : 0.9343	 | 	Train Accuracy     : 0.6683
Valid Loss     : 1.5008	 | 	Valid Accuracy     : 0.3831

Epoch : 90
Train Loss     : 0.9332	 | 	Train Accuracy     : 0.6613
Valid Loss     : 1.5015	 | 	Valid Accuracy     : 0.3780

Epoch : 91
Train Loss     : 0.9504	 | 	Train Accuracy     : 0.6643
Valid Loss     : 1.5021	 | 	Valid Accuracy     : 0.3800

Epoch : 92
Train Loss     : 0.9333	 | 	Train Accuracy     : 0.6754
Valid Loss     : 1.5010	 | 	Valid Accuracy     : 0.3800

Epoch : 93
Train Loss     : 0.9450	 | 	Train Accuracy     : 0.6442
Valid Loss     : 1.5017	 | 	Valid Accuracy     : 0.3810

Epoch : 94
Train Loss     : 0.9559	 | 	Train Accuracy     : 0.6442
Valid Loss     : 1.5017	 | 	Valid Accuracy     : 0.3790

Epoch : 95
Train Loss     : 0.9392	 | 	Train Accuracy     : 0.6603
Valid Loss     : 1.5025	 | 	Valid Accuracy     : 0.3800

Epoch : 96
Train Loss     : 0.9295	 | 	Train Accuracy     : 0.6673
Valid Loss     : 1.5008	 | 	Valid Accuracy     : 0.3810

Epoch : 97
Train Loss     : 0.9314	 | 	Train Accuracy     : 0.6754
Valid Loss     : 1.5014	 | 	Valid Accuracy     : 0.3821

Epoch : 98
Train Loss     : 0.9401	 | 	Train Accuracy     : 0.6794
Valid Loss     : 1.5018	 | 	Valid Accuracy     : 0.3800

Epoch : 99
Train Loss     : 0.9388	 | 	Train Accuracy     : 0.6653
Valid Loss     : 1.5020	 | 	Valid Accuracy     : 0.3770

Epoch : 100
Train Loss     : 0.9484	 | 	Train Accuracy     : 0.6532
Valid Loss     : 1.5024	 | 	Valid Accuracy     : 0.3790

Evaluate on the Test set:
Test loss      :1.5055	 | Test Accuracy      : 0.3547

################## Training is Done! #########################
Training time is : 0:00:57.935802
