=============================================
Dataset: sleepEDF
Method:  TS-TCC
Mode:    supervised
=============================================
Data loaded ...
Training started ....

Epoch : 1
Train Loss     : 1.0091	 | 	Train Accuracy     : 0.6250
Valid Loss     : 1.9465	 | 	Valid Accuracy     : 0.4774

Epoch : 2
Train Loss     : 0.4176	 | 	Train Accuracy     : 0.8628
Valid Loss     : 1.1091	 | 	Valid Accuracy     : 0.6623

Epoch : 3
Train Loss     : 0.1567	 | 	Train Accuracy     : 0.9540
Valid Loss     : 1.2076	 | 	Valid Accuracy     : 0.6432

Epoch : 4
Train Loss     : 0.0690	 | 	Train Accuracy     : 0.9870
Valid Loss     : 1.4083	 | 	Valid Accuracy     : 0.6302

Epoch : 5
Train Loss     : 0.1583	 | 	Train Accuracy     : 0.9488
Valid Loss     : 1.2141	 | 	Valid Accuracy     : 0.6415

Epoch : 6
Train Loss     : 0.3973	 | 	Train Accuracy     : 0.8707
Valid Loss     : 3.2618	 | 	Valid Accuracy     : 0.4991

Epoch : 7
Train Loss     : 0.3559	 | 	Train Accuracy     : 0.8872
Valid Loss     : 1.5032	 | 	Valid Accuracy     : 0.6415

Epoch : 8
Train Loss     : 0.1984	 | 	Train Accuracy     : 0.9253
Valid Loss     : 1.8930	 | 	Valid Accuracy     : 0.5312

Epoch : 9
Train Loss     : 0.2127	 | 	Train Accuracy     : 0.9245
Valid Loss     : 1.5675	 | 	Valid Accuracy     : 0.6389

Epoch : 10
Train Loss     : 0.2596	 | 	Train Accuracy     : 0.9193
Valid Loss     : 2.0589	 | 	Valid Accuracy     : 0.5955

Epoch : 11
Train Loss     : 0.1654	 | 	Train Accuracy     : 0.9453
Valid Loss     : 1.4590	 | 	Valid Accuracy     : 0.6293

Epoch : 12
Train Loss     : 0.1363	 | 	Train Accuracy     : 0.9505
Valid Loss     : 1.3696	 | 	Valid Accuracy     : 0.6467

Epoch : 13
Train Loss     : 0.2158	 | 	Train Accuracy     : 0.9323
Valid Loss     : 1.6171	 | 	Valid Accuracy     : 0.6042

Epoch : 14
Train Loss     : 0.1241	 | 	Train Accuracy     : 0.9609
Valid Loss     : 1.2296	 | 	Valid Accuracy     : 0.6788

Epoch : 15
Train Loss     : 0.0452	 | 	Train Accuracy     : 0.9861
Valid Loss     : 1.1082	 | 	Valid Accuracy     : 0.6962

Epoch : 16
Train Loss     : 0.0226	 | 	Train Accuracy     : 0.9974
Valid Loss     : 1.0957	 | 	Valid Accuracy     : 0.6988

Epoch : 17
Train Loss     : 0.0121	 | 	Train Accuracy     : 1.0000
Valid Loss     : 1.1225	 | 	Valid Accuracy     : 0.6988

Epoch : 18
Train Loss     : 0.0099	 | 	Train Accuracy     : 0.9983
Valid Loss     : 1.1502	 | 	Valid Accuracy     : 0.7127

Epoch : 19
Train Loss     : 0.0077	 | 	Train Accuracy     : 1.0000
Valid Loss     : 1.1380	 | 	Valid Accuracy     : 0.7127

Epoch : 20
Train Loss     : 0.0066	 | 	Train Accuracy     : 1.0000
Valid Loss     : 1.1704	 | 	Valid Accuracy     : 0.7092

Epoch : 21
Train Loss     : 0.0047	 | 	Train Accuracy     : 1.0000
Valid Loss     : 1.1757	 | 	Valid Accuracy     : 0.7040

Epoch : 22
Train Loss     : 0.0055	 | 	Train Accuracy     : 1.0000
Valid Loss     : 1.1691	 | 	Valid Accuracy     : 0.7031

Epoch : 23
Train Loss     : 0.0032	 | 	Train Accuracy     : 1.0000
Valid Loss     : 1.2024	 | 	Valid Accuracy     : 0.7049

Epoch : 24
Train Loss     : 0.0034	 | 	Train Accuracy     : 1.0000
Valid Loss     : 1.2115	 | 	Valid Accuracy     : 0.7101

Epoch : 25
Train Loss     : 0.0024	 | 	Train Accuracy     : 1.0000
Valid Loss     : 1.2049	 | 	Valid Accuracy     : 0.7083

Epoch : 26
Train Loss     : 0.0025	 | 	Train Accuracy     : 1.0000
Valid Loss     : 1.1863	 | 	Valid Accuracy     : 0.7092

Epoch : 27
Train Loss     : 0.0024	 | 	Train Accuracy     : 1.0000
Valid Loss     : 1.1949	 | 	Valid Accuracy     : 0.7101

Epoch : 28
Train Loss     : 0.0021	 | 	Train Accuracy     : 1.0000
Valid Loss     : 1.2268	 | 	Valid Accuracy     : 0.7092

Epoch : 29
Train Loss     : 0.0025	 | 	Train Accuracy     : 1.0000
Valid Loss     : 1.2434	 | 	Valid Accuracy     : 0.7101
