=============================================
Dataset: ECG
Method:  °³¹ßÁß...
Mode:    supervised
=============================================
Data loaded ...
Training started ....

Epoch : 1
Train Loss     : 1.0177	 | 	Train Accuracy     : 0.5866
Valid Loss     : 0.9940	 | 	Valid Accuracy     : 0.5847

Epoch : 2
Train Loss     : 0.9768	 | 	Train Accuracy     : 0.6003
Valid Loss     : 0.9913	 | 	Valid Accuracy     : 0.5938

Epoch : 3
Train Loss     : 0.9729	 | 	Train Accuracy     : 0.6012
Valid Loss     : 0.9855	 | 	Valid Accuracy     : 0.5922

Epoch : 4
Train Loss     : 0.9687	 | 	Train Accuracy     : 0.5980
Valid Loss     : 0.9954	 | 	Valid Accuracy     : 0.5918

Epoch : 5
Train Loss     : 0.9729	 | 	Train Accuracy     : 0.5992
Valid Loss     : 1.0298	 | 	Valid Accuracy     : 0.5853

Epoch : 6
Train Loss     : 0.9775	 | 	Train Accuracy     : 0.5975
Valid Loss     : 1.0290	 | 	Valid Accuracy     : 0.5765

Epoch : 7
Train Loss     : 0.9740	 | 	Train Accuracy     : 0.5985
Valid Loss     : 0.9932	 | 	Valid Accuracy     : 0.5882

Epoch : 8
Train Loss     : 0.9669	 | 	Train Accuracy     : 0.6003
Valid Loss     : 1.0775	 | 	Valid Accuracy     : 0.5677

Epoch : 9
Train Loss     : 0.9626	 | 	Train Accuracy     : 0.6012
Valid Loss     : 1.0017	 | 	Valid Accuracy     : 0.5935

Epoch : 10
Train Loss     : 0.9608	 | 	Train Accuracy     : 0.6003
Valid Loss     : 1.0703	 | 	Valid Accuracy     : 0.5922

Epoch : 11
Train Loss     : 0.9575	 | 	Train Accuracy     : 0.6020
Valid Loss     : 1.0008	 | 	Valid Accuracy     : 0.5925

Epoch : 12
Train Loss     : 0.9592	 | 	Train Accuracy     : 0.6024
Valid Loss     : 0.9928	 | 	Valid Accuracy     : 0.5922
