=============================================
Dataset: sleepEDF
Method:  TS-TCC
Mode:    supervised
=============================================
Data loaded ...
Training started ....

Epoch : 1
Train Loss     : 1.7590	 | 	Train Accuracy     : 0.1825
Valid Loss     : 1.6369	 | 	Valid Accuracy     : 0.1953

Epoch : 2
Train Loss     : 1.7388	 | 	Train Accuracy     : 0.1878
Valid Loss     : 1.6269	 | 	Valid Accuracy     : 0.1956

Epoch : 3
Train Loss     : 1.7372	 | 	Train Accuracy     : 0.1778
Valid Loss     : 1.6224	 | 	Valid Accuracy     : 0.1953

Epoch : 4
Train Loss     : 1.7174	 | 	Train Accuracy     : 0.1875
Valid Loss     : 1.6192	 | 	Valid Accuracy     : 0.1947

Epoch : 5
Train Loss     : 1.7163	 | 	Train Accuracy     : 0.1884
Valid Loss     : 1.6155	 | 	Valid Accuracy     : 0.1922

Epoch : 6
Train Loss     : 1.6992	 | 	Train Accuracy     : 0.1941
Valid Loss     : 1.6102	 | 	Valid Accuracy     : 0.1937

Epoch : 7
Train Loss     : 1.6975	 | 	Train Accuracy     : 0.2009
Valid Loss     : 1.6118	 | 	Valid Accuracy     : 0.1884

Epoch : 8
Train Loss     : 1.6716	 | 	Train Accuracy     : 0.2050
Valid Loss     : 1.6066	 | 	Valid Accuracy     : 0.1866

Epoch : 9
Train Loss     : 1.6846	 | 	Train Accuracy     : 0.2116
Valid Loss     : 1.6024	 | 	Valid Accuracy     : 0.1922

Epoch : 10
Train Loss     : 1.6637	 | 	Train Accuracy     : 0.2044
Valid Loss     : 1.5987	 | 	Valid Accuracy     : 0.1922

Epoch : 11
Train Loss     : 1.6615	 | 	Train Accuracy     : 0.2163
Valid Loss     : 1.5955	 | 	Valid Accuracy     : 0.1909

Epoch : 12
Train Loss     : 1.6813	 | 	Train Accuracy     : 0.1963
Valid Loss     : 1.5916	 | 	Valid Accuracy     : 0.1937

Epoch : 13
Train Loss     : 1.6647	 | 	Train Accuracy     : 0.1978
Valid Loss     : 1.5884	 | 	Valid Accuracy     : 0.1941

Epoch : 14
Train Loss     : 1.6488	 | 	Train Accuracy     : 0.2059
Valid Loss     : 1.5864	 | 	Valid Accuracy     : 0.1956

Epoch : 15
Train Loss     : 1.6605	 | 	Train Accuracy     : 0.2175
Valid Loss     : 1.5823	 | 	Valid Accuracy     : 0.1956

Epoch : 16
Train Loss     : 1.6501	 | 	Train Accuracy     : 0.2134
Valid Loss     : 1.5811	 | 	Valid Accuracy     : 0.1969

Epoch : 17
Train Loss     : 1.6515	 | 	Train Accuracy     : 0.2113
Valid Loss     : 1.5797	 | 	Valid Accuracy     : 0.1956

Epoch : 18
Train Loss     : 1.6501	 | 	Train Accuracy     : 0.2147
Valid Loss     : 1.5759	 | 	Valid Accuracy     : 0.1975

Epoch : 19
Train Loss     : 1.6413	 | 	Train Accuracy     : 0.2297
Valid Loss     : 1.5733	 | 	Valid Accuracy     : 0.1969

Epoch : 20
Train Loss     : 1.6346	 | 	Train Accuracy     : 0.2147
Valid Loss     : 1.5724	 | 	Valid Accuracy     : 0.1966

Epoch : 21
Train Loss     : 1.6355	 | 	Train Accuracy     : 0.2338
Valid Loss     : 1.5705	 | 	Valid Accuracy     : 0.1994

Epoch : 22
Train Loss     : 1.6259	 | 	Train Accuracy     : 0.2366
Valid Loss     : 1.5695	 | 	Valid Accuracy     : 0.1966

Epoch : 23
Train Loss     : 1.6228	 | 	Train Accuracy     : 0.2344
Valid Loss     : 1.5687	 | 	Valid Accuracy     : 0.1956

Epoch : 24
Train Loss     : 1.6170	 | 	Train Accuracy     : 0.2288
Valid Loss     : 1.5640	 | 	Valid Accuracy     : 0.2003
