=============================================
Dataset: sleepEDF
Method:  TS-TCC
Mode:    supervised
=============================================
Data loaded ...
Training started ....

Epoch : 1
Train Loss     : 159.6757	 | 	Train Accuracy     : 0.2665
Valid Loss     : 291.5169	 | 	Valid Accuracy     : 0.2045

Epoch : 2
Train Loss     : 73.9972	 | 	Train Accuracy     : 0.3186
Valid Loss     : 89.4934	 | 	Valid Accuracy     : 0.2366

Epoch : 3
Train Loss     : 59.2179	 | 	Train Accuracy     : 0.3813
Valid Loss     : 88.5593	 | 	Valid Accuracy     : 0.2466

Epoch : 4
Train Loss     : 50.1418	 | 	Train Accuracy     : 0.4235
Valid Loss     : 130.3639	 | 	Valid Accuracy     : 0.2096

Epoch : 5
Train Loss     : 51.7545	 | 	Train Accuracy     : 0.4417
Valid Loss     : 108.0770	 | 	Valid Accuracy     : 0.1698

Epoch : 6
Train Loss     : 47.4237	 | 	Train Accuracy     : 0.4601
Valid Loss     : 65.9497	 | 	Valid Accuracy     : 0.2755

Epoch : 7
Train Loss     : 43.3983	 | 	Train Accuracy     : 0.4745
Valid Loss     : 94.5168	 | 	Valid Accuracy     : 0.1514

Epoch : 8
Train Loss     : 43.1541	 | 	Train Accuracy     : 0.4841
Valid Loss     : 57.3536	 | 	Valid Accuracy     : 0.3257

Epoch : 9
Train Loss     : 41.5118	 | 	Train Accuracy     : 0.4987
Valid Loss     : 63.9024	 | 	Valid Accuracy     : 0.2739

Epoch : 10
Train Loss     : 42.5050	 | 	Train Accuracy     : 0.4966
Valid Loss     : 228.2668	 | 	Valid Accuracy     : 0.1358

Epoch : 11
Train Loss     : 43.2750	 | 	Train Accuracy     : 0.4977
Valid Loss     : 63.5225	 | 	Valid Accuracy     : 0.2689

Epoch : 12
Train Loss     : 43.6163	 | 	Train Accuracy     : 0.5066
Valid Loss     : 60.8097	 | 	Valid Accuracy     : 0.2462

Epoch : 13
Train Loss     : 38.8790	 | 	Train Accuracy     : 0.5075
Valid Loss     : 64.0184	 | 	Valid Accuracy     : 0.2782

Epoch : 14
Train Loss     : 38.3148	 | 	Train Accuracy     : 0.5061
Valid Loss     : 82.6062	 | 	Valid Accuracy     : 0.3588

Epoch : 15
Train Loss     : 41.6698	 | 	Train Accuracy     : 0.5029
Valid Loss     : 136.2051	 | 	Valid Accuracy     : 0.3853

Epoch : 16
Train Loss     : 40.6396	 | 	Train Accuracy     : 0.5062
Valid Loss     : 81.5390	 | 	Valid Accuracy     : 0.3151

Epoch : 17
Train Loss     : 39.2964	 | 	Train Accuracy     : 0.5128
Valid Loss     : 68.8736	 | 	Valid Accuracy     : 0.3038

Epoch : 18
Train Loss     : 38.3526	 | 	Train Accuracy     : 0.5142
Valid Loss     : 101.1891	 | 	Valid Accuracy     : 0.1847

Epoch : 19
Train Loss     : 36.5968	 | 	Train Accuracy     : 0.5212
Valid Loss     : 308.8008	 | 	Valid Accuracy     : 0.0668

Epoch : 20
Train Loss     : 9.7646	 | 	Train Accuracy     : 0.7256
Valid Loss     : 31.5094	 | 	Valid Accuracy     : 0.2759

Epoch : 21
Train Loss     : 2.9381	 | 	Train Accuracy     : 0.8353
Valid Loss     : 28.3499	 | 	Valid Accuracy     : 0.3077

Epoch : 22
Train Loss     : 1.2975	 | 	Train Accuracy     : 0.8879
Valid Loss     : 21.3273	 | 	Valid Accuracy     : 0.3052

Epoch : 23
Train Loss     : 0.9611	 | 	Train Accuracy     : 0.8974
Valid Loss     : 16.9371	 | 	Valid Accuracy     : 0.2875

Epoch : 24
Train Loss     : 0.8563	 | 	Train Accuracy     : 0.8925
Valid Loss     : 14.6203	 | 	Valid Accuracy     : 0.2577

Epoch : 25
Train Loss     : 0.8594	 | 	Train Accuracy     : 0.8895
Valid Loss     : 14.7461	 | 	Valid Accuracy     : 0.3285

Epoch : 26
Train Loss     : 0.8963	 | 	Train Accuracy     : 0.8800
Valid Loss     : 13.2107	 | 	Valid Accuracy     : 0.3218

Epoch : 27
Train Loss     : 0.8859	 | 	Train Accuracy     : 0.8765
Valid Loss     : 10.9282	 | 	Valid Accuracy     : 0.2727

Epoch : 28
Train Loss     : 0.9126	 | 	Train Accuracy     : 0.8683
Valid Loss     : 10.7758	 | 	Valid Accuracy     : 0.2713

Epoch : 29
Train Loss     : 0.9296	 | 	Train Accuracy     : 0.8632
Valid Loss     : 11.1663	 | 	Valid Accuracy     : 0.2938

Epoch : 30
Train Loss     : 0.9808	 | 	Train Accuracy     : 0.8574
Valid Loss     : 10.7998	 | 	Valid Accuracy     : 0.3076

Epoch : 31
Train Loss     : 1.0561	 | 	Train Accuracy     : 0.8565
Valid Loss     : 11.4602	 | 	Valid Accuracy     : 0.3226

Epoch : 32
Train Loss     : 0.9557	 | 	Train Accuracy     : 0.8603
Valid Loss     : 10.3603	 | 	Valid Accuracy     : 0.2851

Epoch : 33
Train Loss     : 1.0448	 | 	Train Accuracy     : 0.8517
Valid Loss     : 10.7550	 | 	Valid Accuracy     : 0.2565

Epoch : 34
Train Loss     : 0.9369	 | 	Train Accuracy     : 0.8588
Valid Loss     : 10.1526	 | 	Valid Accuracy     : 0.2987

Epoch : 35
Train Loss     : 1.0707	 | 	Train Accuracy     : 0.8479
Valid Loss     : 10.4314	 | 	Valid Accuracy     : 0.2933

Epoch : 36
Train Loss     : 1.0215	 | 	Train Accuracy     : 0.8507
Valid Loss     : 10.2389	 | 	Valid Accuracy     : 0.2833

Epoch : 37
Train Loss     : 0.9455	 | 	Train Accuracy     : 0.8604
Valid Loss     : 10.1223	 | 	Valid Accuracy     : 0.2828

Epoch : 38
Train Loss     : 0.9887	 | 	Train Accuracy     : 0.8585
Valid Loss     : 9.7184	 | 	Valid Accuracy     : 0.2843

Epoch : 39
Train Loss     : 1.0740	 | 	Train Accuracy     : 0.8490
Valid Loss     : 10.5560	 | 	Valid Accuracy     : 0.2546

Epoch : 40
Train Loss     : 1.0485	 | 	Train Accuracy     : 0.8534
Valid Loss     : 10.6903	 | 	Valid Accuracy     : 0.2918

Epoch : 41
Train Loss     : 1.0483	 | 	Train Accuracy     : 0.8526
Valid Loss     : 10.0191	 | 	Valid Accuracy     : 0.2963

Epoch : 42
Train Loss     : 0.9681	 | 	Train Accuracy     : 0.8528
Valid Loss     : 10.1940	 | 	Valid Accuracy     : 0.2850

Epoch : 43
Train Loss     : 1.1467	 | 	Train Accuracy     : 0.8512
Valid Loss     : 10.2824	 | 	Valid Accuracy     : 0.3060

Epoch : 44
Train Loss     : 0.9510	 | 	Train Accuracy     : 0.8566
Valid Loss     : 10.0428	 | 	Valid Accuracy     : 0.2740

Epoch : 45
Train Loss     : 0.9576	 | 	Train Accuracy     : 0.8575
Valid Loss     : 9.8248	 | 	Valid Accuracy     : 0.2846

Epoch : 46
Train Loss     : 1.1572	 | 	Train Accuracy     : 0.8408
Valid Loss     : 10.6594	 | 	Valid Accuracy     : 0.2677

Epoch : 47
Train Loss     : 0.9762	 | 	Train Accuracy     : 0.8577
Valid Loss     : 10.4350	 | 	Valid Accuracy     : 0.2509

Epoch : 48
Train Loss     : 1.0979	 | 	Train Accuracy     : 0.8477
Valid Loss     : 10.4691	 | 	Valid Accuracy     : 0.3223

Epoch : 49
Train Loss     : 1.0062	 | 	Train Accuracy     : 0.8544
Valid Loss     : 10.9967	 | 	Valid Accuracy     : 0.3304

Epoch : 50
Train Loss     : 0.3803	 | 	Train Accuracy     : 0.9255
Valid Loss     : 9.0023	 | 	Valid Accuracy     : 0.2966

Epoch : 51
Train Loss     : 0.1507	 | 	Train Accuracy     : 0.9584
Valid Loss     : 8.7405	 | 	Valid Accuracy     : 0.2965

Epoch : 52
Train Loss     : 0.0819	 | 	Train Accuracy     : 0.9750
Valid Loss     : 8.2483	 | 	Valid Accuracy     : 0.2958

Epoch : 53
Train Loss     : 0.0513	 | 	Train Accuracy     : 0.9844
Valid Loss     : 7.8646	 | 	Valid Accuracy     : 0.3024

Epoch : 54
Train Loss     : 0.0455	 | 	Train Accuracy     : 0.9859
Valid Loss     : 7.1648	 | 	Valid Accuracy     : 0.3078

Epoch : 55
Train Loss     : 0.0409	 | 	Train Accuracy     : 0.9869
Valid Loss     : 6.7515	 | 	Valid Accuracy     : 0.3058

Epoch : 56
Train Loss     : 0.0288	 | 	Train Accuracy     : 0.9910
Valid Loss     : 6.2283	 | 	Valid Accuracy     : 0.3012

Epoch : 57
Train Loss     : 0.0335	 | 	Train Accuracy     : 0.9890
Valid Loss     : 5.7248	 | 	Valid Accuracy     : 0.3047

Epoch : 58
Train Loss     : 0.0264	 | 	Train Accuracy     : 0.9929
Valid Loss     : 5.3616	 | 	Valid Accuracy     : 0.3135

Epoch : 59
Train Loss     : 0.0294	 | 	Train Accuracy     : 0.9922
Valid Loss     : 4.7657	 | 	Valid Accuracy     : 0.2994

Epoch : 60
Train Loss     : 0.0332	 | 	Train Accuracy     : 0.9913
Valid Loss     : 4.4886	 | 	Valid Accuracy     : 0.2922

Epoch : 61
Train Loss     : 0.0363	 | 	Train Accuracy     : 0.9908
Valid Loss     : 4.3712	 | 	Valid Accuracy     : 0.3053

Epoch : 62
Train Loss     : 0.0296	 | 	Train Accuracy     : 0.9932
Valid Loss     : 4.1109	 | 	Valid Accuracy     : 0.3109

Epoch : 63
Train Loss     : 0.0309	 | 	Train Accuracy     : 0.9936
Valid Loss     : 3.8895	 | 	Valid Accuracy     : 0.3002

Epoch : 64
Train Loss     : 0.0315	 | 	Train Accuracy     : 0.9937
Valid Loss     : 3.8093	 | 	Valid Accuracy     : 0.3081

Epoch : 65
Train Loss     : 0.0288	 | 	Train Accuracy     : 0.9942
Valid Loss     : 3.7922	 | 	Valid Accuracy     : 0.3154

Epoch : 66
Train Loss     : 0.0295	 | 	Train Accuracy     : 0.9951
Valid Loss     : 3.6619	 | 	Valid Accuracy     : 0.3181

Epoch : 67
Train Loss     : 0.0328	 | 	Train Accuracy     : 0.9933
Valid Loss     : 3.5611	 | 	Valid Accuracy     : 0.3097

Epoch : 68
Train Loss     : 0.0309	 | 	Train Accuracy     : 0.9950
Valid Loss     : 3.5850	 | 	Valid Accuracy     : 0.3184

Epoch : 69
Train Loss     : 0.0353	 | 	Train Accuracy     : 0.9929
Valid Loss     : 3.4745	 | 	Valid Accuracy     : 0.3030

Epoch : 70
Train Loss     : 0.0391	 | 	Train Accuracy     : 0.9921
Valid Loss     : 3.4025	 | 	Valid Accuracy     : 0.3066

Epoch : 71
Train Loss     : 0.0373	 | 	Train Accuracy     : 0.9924
Valid Loss     : 3.4959	 | 	Valid Accuracy     : 0.2979

Epoch : 72
Train Loss     : 0.0319	 | 	Train Accuracy     : 0.9941
Valid Loss     : 3.4994	 | 	Valid Accuracy     : 0.3000

Epoch : 73
Train Loss     : 0.0342	 | 	Train Accuracy     : 0.9930
Valid Loss     : 3.4295	 | 	Valid Accuracy     : 0.3025

Epoch : 74
Train Loss     : 0.0302	 | 	Train Accuracy     : 0.9945
Valid Loss     : 3.4723	 | 	Valid Accuracy     : 0.3064

Epoch : 75
Train Loss     : 0.0342	 | 	Train Accuracy     : 0.9933
Valid Loss     : 3.3794	 | 	Valid Accuracy     : 0.2966

Epoch : 76
Train Loss     : 0.0326	 | 	Train Accuracy     : 0.9929
Valid Loss     : 3.4992	 | 	Valid Accuracy     : 0.2832

Epoch : 77
Train Loss     : 0.0374	 | 	Train Accuracy     : 0.9920
Valid Loss     : 3.5192	 | 	Valid Accuracy     : 0.3036

Epoch : 78
Train Loss     : 0.0348	 | 	Train Accuracy     : 0.9923
Valid Loss     : 3.5469	 | 	Valid Accuracy     : 0.3034

Epoch : 79
Train Loss     : 0.0349	 | 	Train Accuracy     : 0.9923
Valid Loss     : 3.5030	 | 	Valid Accuracy     : 0.2839

Epoch : 80
Train Loss     : 0.0352	 | 	Train Accuracy     : 0.9928
Valid Loss     : 3.5315	 | 	Valid Accuracy     : 0.3036

Epoch : 81
Train Loss     : 0.0385	 | 	Train Accuracy     : 0.9915
Valid Loss     : 3.5245	 | 	Valid Accuracy     : 0.3055

Epoch : 82
Train Loss     : 0.0330	 | 	Train Accuracy     : 0.9929
Valid Loss     : 3.5668	 | 	Valid Accuracy     : 0.3039

Epoch : 83
Train Loss     : 0.0351	 | 	Train Accuracy     : 0.9924
Valid Loss     : 3.7392	 | 	Valid Accuracy     : 0.3105

Epoch : 84
Train Loss     : 0.0394	 | 	Train Accuracy     : 0.9920
Valid Loss     : 3.6081	 | 	Valid Accuracy     : 0.3075

Epoch : 85
Train Loss     : 0.0337	 | 	Train Accuracy     : 0.9922
Valid Loss     : 3.7304	 | 	Valid Accuracy     : 0.3105

Epoch : 86
Train Loss     : 0.0397	 | 	Train Accuracy     : 0.9904
Valid Loss     : 3.6811	 | 	Valid Accuracy     : 0.3189

Epoch : 87
Train Loss     : 0.0193	 | 	Train Accuracy     : 0.9968
Valid Loss     : 3.5491	 | 	Valid Accuracy     : 0.3126

Epoch : 88
Train Loss     : 0.0139	 | 	Train Accuracy     : 0.9978
Valid Loss     : 3.6514	 | 	Valid Accuracy     : 0.3124

Epoch : 89
Train Loss     : 0.0107	 | 	Train Accuracy     : 0.9990
Valid Loss     : 3.6656	 | 	Valid Accuracy     : 0.3123

Epoch : 90
Train Loss     : 0.0096	 | 	Train Accuracy     : 0.9992
Valid Loss     : 3.6218	 | 	Valid Accuracy     : 0.3104

Epoch : 91
Train Loss     : 0.0088	 | 	Train Accuracy     : 0.9992
Valid Loss     : 3.5570	 | 	Valid Accuracy     : 0.3108

Epoch : 92
Train Loss     : 0.0079	 | 	Train Accuracy     : 0.9996
Valid Loss     : 3.5445	 | 	Valid Accuracy     : 0.3096

Epoch : 93
Train Loss     : 0.0072	 | 	Train Accuracy     : 0.9998
Valid Loss     : 3.6169	 | 	Valid Accuracy     : 0.3073

Epoch : 94
Train Loss     : 0.0071	 | 	Train Accuracy     : 0.9996
Valid Loss     : 3.5691	 | 	Valid Accuracy     : 0.3105

Epoch : 95
Train Loss     : 0.0068	 | 	Train Accuracy     : 0.9996
Valid Loss     : 3.5850	 | 	Valid Accuracy     : 0.3161

Epoch : 96
Train Loss     : 0.0068	 | 	Train Accuracy     : 0.9996
Valid Loss     : 3.5585	 | 	Valid Accuracy     : 0.3142

Epoch : 97
Train Loss     : 0.0064	 | 	Train Accuracy     : 0.9996
Valid Loss     : 3.5657	 | 	Valid Accuracy     : 0.3118

Epoch : 98
Train Loss     : 0.0055	 | 	Train Accuracy     : 0.9998
Valid Loss     : 3.5030	 | 	Valid Accuracy     : 0.3118

Epoch : 99
Train Loss     : 0.0052	 | 	Train Accuracy     : 0.9999
Valid Loss     : 3.5788	 | 	Valid Accuracy     : 0.3125

Epoch : 100
Train Loss     : 0.0054	 | 	Train Accuracy     : 0.9998
Valid Loss     : 3.5536	 | 	Valid Accuracy     : 0.3133

Epoch : 101
Train Loss     : 0.0052	 | 	Train Accuracy     : 0.9999
Valid Loss     : 3.6224	 | 	Valid Accuracy     : 0.3152

Epoch : 102
Train Loss     : 0.0051	 | 	Train Accuracy     : 0.9999
Valid Loss     : 3.6027	 | 	Valid Accuracy     : 0.3137

Epoch : 103
Train Loss     : 0.0051	 | 	Train Accuracy     : 0.9998
Valid Loss     : 3.5452	 | 	Valid Accuracy     : 0.3131

Epoch : 104
Train Loss     : 0.0049	 | 	Train Accuracy     : 1.0000
Valid Loss     : 3.5323	 | 	Valid Accuracy     : 0.3162

Epoch : 105
Train Loss     : 0.0051	 | 	Train Accuracy     : 0.9997
Valid Loss     : 3.5503	 | 	Valid Accuracy     : 0.3153

Epoch : 106
Train Loss     : 0.0056	 | 	Train Accuracy     : 0.9996
Valid Loss     : 3.5527	 | 	Valid Accuracy     : 0.3161

Epoch : 107
Train Loss     : 0.0052	 | 	Train Accuracy     : 0.9999
Valid Loss     : 3.5617	 | 	Valid Accuracy     : 0.3139

Epoch : 108
Train Loss     : 0.0049	 | 	Train Accuracy     : 0.9998
Valid Loss     : 3.6325	 | 	Valid Accuracy     : 0.3148

Epoch : 109
Train Loss     : 0.0047	 | 	Train Accuracy     : 0.9999
Valid Loss     : 3.5297	 | 	Valid Accuracy     : 0.3157

Epoch : 110
Train Loss     : 0.0051	 | 	Train Accuracy     : 0.9998
Valid Loss     : 3.5291	 | 	Valid Accuracy     : 0.3156

Epoch : 111
Train Loss     : 0.0048	 | 	Train Accuracy     : 0.9999
Valid Loss     : 3.5066	 | 	Valid Accuracy     : 0.3151

Epoch : 112
Train Loss     : 0.0051	 | 	Train Accuracy     : 0.9997
Valid Loss     : 3.4953	 | 	Valid Accuracy     : 0.3149

Epoch : 113
Train Loss     : 0.0046	 | 	Train Accuracy     : 0.9999
Valid Loss     : 3.5646	 | 	Valid Accuracy     : 0.3160

Epoch : 114
Train Loss     : 0.0050	 | 	Train Accuracy     : 0.9999
Valid Loss     : 3.5783	 | 	Valid Accuracy     : 0.3157

Epoch : 115
Train Loss     : 0.0049	 | 	Train Accuracy     : 0.9998
Valid Loss     : 3.6095	 | 	Valid Accuracy     : 0.3160

Epoch : 116
Train Loss     : 0.0048	 | 	Train Accuracy     : 0.9999
Valid Loss     : 3.5476	 | 	Valid Accuracy     : 0.3161

Epoch : 117
Train Loss     : 0.0049	 | 	Train Accuracy     : 0.9999
Valid Loss     : 3.5167	 | 	Valid Accuracy     : 0.3161

Epoch : 118
Train Loss     : 0.0049	 | 	Train Accuracy     : 0.9999
Valid Loss     : 3.5616	 | 	Valid Accuracy     : 0.3159

Epoch : 119
Train Loss     : 0.0048	 | 	Train Accuracy     : 1.0000
Valid Loss     : 3.5326	 | 	Valid Accuracy     : 0.3150

Epoch : 120
Train Loss     : 0.0049	 | 	Train Accuracy     : 0.9999
Valid Loss     : 3.5374	 | 	Valid Accuracy     : 0.3150

Epoch : 121
Train Loss     : 0.0049	 | 	Train Accuracy     : 0.9999
Valid Loss     : 3.5988	 | 	Valid Accuracy     : 0.3154

Epoch : 122
Train Loss     : 0.0050	 | 	Train Accuracy     : 0.9999
Valid Loss     : 3.6094	 | 	Valid Accuracy     : 0.3164

Epoch : 123
Train Loss     : 0.0047	 | 	Train Accuracy     : 0.9999
Valid Loss     : 3.5347	 | 	Valid Accuracy     : 0.3154

Epoch : 124
Train Loss     : 0.0048	 | 	Train Accuracy     : 0.9997
Valid Loss     : 3.5170	 | 	Valid Accuracy     : 0.3159

Epoch : 125
Train Loss     : 0.0046	 | 	Train Accuracy     : 1.0000
Valid Loss     : 3.4777	 | 	Valid Accuracy     : 0.3159

Epoch : 126
Train Loss     : 0.0050	 | 	Train Accuracy     : 0.9998
Valid Loss     : 3.4601	 | 	Valid Accuracy     : 0.3157

Epoch : 127
Train Loss     : 0.0050	 | 	Train Accuracy     : 0.9998
Valid Loss     : 3.5456	 | 	Valid Accuracy     : 0.3154

Epoch : 128
Train Loss     : 0.0046	 | 	Train Accuracy     : 0.9999
Valid Loss     : 3.5169	 | 	Valid Accuracy     : 0.3150

Epoch : 129
Train Loss     : 0.0046	 | 	Train Accuracy     : 0.9999
Valid Loss     : 3.5230	 | 	Valid Accuracy     : 0.3154

Epoch : 130
Train Loss     : 0.0048	 | 	Train Accuracy     : 0.9999
Valid Loss     : 3.5244	 | 	Valid Accuracy     : 0.3160

Epoch : 131
Train Loss     : 0.0048	 | 	Train Accuracy     : 0.9999
Valid Loss     : 3.5394	 | 	Valid Accuracy     : 0.3159

Epoch : 132
Train Loss     : 0.0047	 | 	Train Accuracy     : 1.0000
Valid Loss     : 3.5894	 | 	Valid Accuracy     : 0.3160

Epoch : 133
Train Loss     : 0.0049	 | 	Train Accuracy     : 0.9998
Valid Loss     : 3.5374	 | 	Valid Accuracy     : 0.3162

Epoch : 134
Train Loss     : 0.0045	 | 	Train Accuracy     : 0.9999
Valid Loss     : 3.5634	 | 	Valid Accuracy     : 0.3163

Epoch : 135
Train Loss     : 0.0046	 | 	Train Accuracy     : 0.9998
Valid Loss     : 3.5962	 | 	Valid Accuracy     : 0.3159

Epoch : 136
Train Loss     : 0.0048	 | 	Train Accuracy     : 0.9998
Valid Loss     : 3.5874	 | 	Valid Accuracy     : 0.3163

Epoch : 137
Train Loss     : 0.0049	 | 	Train Accuracy     : 0.9999
Valid Loss     : 3.5483	 | 	Valid Accuracy     : 0.3157

Epoch : 138
Train Loss     : 0.0047	 | 	Train Accuracy     : 0.9999
Valid Loss     : 3.5203	 | 	Valid Accuracy     : 0.3154

Epoch : 139
Train Loss     : 0.0047	 | 	Train Accuracy     : 0.9999
Valid Loss     : 3.5280	 | 	Valid Accuracy     : 0.3160

Epoch : 140
Train Loss     : 0.0046	 | 	Train Accuracy     : 1.0000
Valid Loss     : 3.6063	 | 	Valid Accuracy     : 0.3159

Epoch : 141
Train Loss     : 0.0050	 | 	Train Accuracy     : 0.9999
Valid Loss     : 3.4672	 | 	Valid Accuracy     : 0.3160

Epoch : 142
Train Loss     : 0.0046	 | 	Train Accuracy     : 0.9999
Valid Loss     : 3.5301	 | 	Valid Accuracy     : 0.3153

Epoch : 143
Train Loss     : 0.0049	 | 	Train Accuracy     : 0.9999
Valid Loss     : 3.5150	 | 	Valid Accuracy     : 0.3154

Epoch : 144
Train Loss     : 0.0051	 | 	Train Accuracy     : 0.9998
Valid Loss     : 3.5790	 | 	Valid Accuracy     : 0.3163

Epoch : 145
Train Loss     : 0.0051	 | 	Train Accuracy     : 0.9998
Valid Loss     : 3.5525	 | 	Valid Accuracy     : 0.3158

Epoch : 146
Train Loss     : 0.0050	 | 	Train Accuracy     : 0.9999
Valid Loss     : 3.5784	 | 	Valid Accuracy     : 0.3162

Epoch : 147
Train Loss     : 0.0046	 | 	Train Accuracy     : 0.9999
Valid Loss     : 3.5405	 | 	Valid Accuracy     : 0.3162

Epoch : 148
Train Loss     : 0.0047	 | 	Train Accuracy     : 0.9998
Valid Loss     : 3.5179	 | 	Valid Accuracy     : 0.3156

Epoch : 149
Train Loss     : 0.0046	 | 	Train Accuracy     : 1.0000
Valid Loss     : 3.6063	 | 	Valid Accuracy     : 0.3160

Epoch : 150
Train Loss     : 0.0047	 | 	Train Accuracy     : 1.0000
Valid Loss     : 3.5364	 | 	Valid Accuracy     : 0.3162

Epoch : 151
Train Loss     : 0.0048	 | 	Train Accuracy     : 0.9999
Valid Loss     : 3.6120	 | 	Valid Accuracy     : 0.3158

Epoch : 152
Train Loss     : 0.0047	 | 	Train Accuracy     : 0.9999
Valid Loss     : 3.5015	 | 	Valid Accuracy     : 0.3156

Epoch : 153
Train Loss     : 0.0047	 | 	Train Accuracy     : 1.0000
Valid Loss     : 3.5093	 | 	Valid Accuracy     : 0.3155

Epoch : 154
Train Loss     : 0.0047	 | 	Train Accuracy     : 0.9999
Valid Loss     : 3.5206	 | 	Valid Accuracy     : 0.3157

Epoch : 155
Train Loss     : 0.0049	 | 	Train Accuracy     : 0.9999
Valid Loss     : 3.5436	 | 	Valid Accuracy     : 0.3154

Epoch : 156
Train Loss     : 0.0047	 | 	Train Accuracy     : 0.9999
Valid Loss     : 3.5826	 | 	Valid Accuracy     : 0.3162

Epoch : 157
Train Loss     : 0.0049	 | 	Train Accuracy     : 0.9998
Valid Loss     : 3.5753	 | 	Valid Accuracy     : 0.3160

Epoch : 158
Train Loss     : 0.0047	 | 	Train Accuracy     : 0.9999
Valid Loss     : 3.5610	 | 	Valid Accuracy     : 0.3162

Epoch : 159
Train Loss     : 0.0048	 | 	Train Accuracy     : 0.9999
Valid Loss     : 3.5145	 | 	Valid Accuracy     : 0.3161

Epoch : 160
Train Loss     : 0.0048	 | 	Train Accuracy     : 0.9998
Valid Loss     : 3.5810	 | 	Valid Accuracy     : 0.3160

Epoch : 161
Train Loss     : 0.0047	 | 	Train Accuracy     : 1.0000
Valid Loss     : 3.5489	 | 	Valid Accuracy     : 0.3159

Epoch : 162
Train Loss     : 0.0048	 | 	Train Accuracy     : 0.9999
Valid Loss     : 3.5376	 | 	Valid Accuracy     : 0.3157

Epoch : 163
Train Loss     : 0.0048	 | 	Train Accuracy     : 0.9999
Valid Loss     : 3.5307	 | 	Valid Accuracy     : 0.3159

Epoch : 164
Train Loss     : 0.0050	 | 	Train Accuracy     : 0.9998
Valid Loss     : 3.6005	 | 	Valid Accuracy     : 0.3162

Epoch : 165
Train Loss     : 0.0051	 | 	Train Accuracy     : 0.9998
Valid Loss     : 3.5021	 | 	Valid Accuracy     : 0.3156

Epoch : 166
Train Loss     : 0.0050	 | 	Train Accuracy     : 1.0000
Valid Loss     : 3.5684	 | 	Valid Accuracy     : 0.3160

Epoch : 167
Train Loss     : 0.0049	 | 	Train Accuracy     : 0.9999
Valid Loss     : 3.5131	 | 	Valid Accuracy     : 0.3156

Epoch : 168
Train Loss     : 0.0047	 | 	Train Accuracy     : 0.9999
Valid Loss     : 3.5825	 | 	Valid Accuracy     : 0.3162

Epoch : 169
Train Loss     : 0.0047	 | 	Train Accuracy     : 0.9998
Valid Loss     : 3.5841	 | 	Valid Accuracy     : 0.3162

Epoch : 170
Train Loss     : 0.0048	 | 	Train Accuracy     : 0.9999
Valid Loss     : 3.5754	 | 	Valid Accuracy     : 0.3160

Epoch : 171
Train Loss     : 0.0049	 | 	Train Accuracy     : 0.9998
Valid Loss     : 3.5088	 | 	Valid Accuracy     : 0.3153

Epoch : 172
Train Loss     : 0.0046	 | 	Train Accuracy     : 1.0000
Valid Loss     : 3.5246	 | 	Valid Accuracy     : 0.3160

Epoch : 173
Train Loss     : 0.0049	 | 	Train Accuracy     : 0.9998
Valid Loss     : 3.5604	 | 	Valid Accuracy     : 0.3157

Epoch : 174
Train Loss     : 0.0050	 | 	Train Accuracy     : 0.9997
Valid Loss     : 3.5428	 | 	Valid Accuracy     : 0.3157

Epoch : 175
Train Loss     : 0.0047	 | 	Train Accuracy     : 0.9999
Valid Loss     : 3.5698	 | 	Valid Accuracy     : 0.3161

Epoch : 176
Train Loss     : 0.0048	 | 	Train Accuracy     : 0.9998
Valid Loss     : 3.5793	 | 	Valid Accuracy     : 0.3159

Epoch : 177
Train Loss     : 0.0048	 | 	Train Accuracy     : 0.9999
Valid Loss     : 3.5564	 | 	Valid Accuracy     : 0.3161

Epoch : 178
Train Loss     : 0.0049	 | 	Train Accuracy     : 0.9999
Valid Loss     : 3.5573	 | 	Valid Accuracy     : 0.3162

Epoch : 179
Train Loss     : 0.0049	 | 	Train Accuracy     : 0.9996
Valid Loss     : 3.5076	 | 	Valid Accuracy     : 0.3152

Epoch : 180
Train Loss     : 0.0047	 | 	Train Accuracy     : 0.9998
Valid Loss     : 3.5973	 | 	Valid Accuracy     : 0.3162

Epoch : 181
Train Loss     : 0.0046	 | 	Train Accuracy     : 1.0000
Valid Loss     : 3.5345	 | 	Valid Accuracy     : 0.3155

Epoch : 182
Train Loss     : 0.0052	 | 	Train Accuracy     : 0.9998
Valid Loss     : 3.5665	 | 	Valid Accuracy     : 0.3160

Epoch : 183
Train Loss     : 0.0049	 | 	Train Accuracy     : 0.9999
Valid Loss     : 3.5052	 | 	Valid Accuracy     : 0.3161

Epoch : 184
Train Loss     : 0.0049	 | 	Train Accuracy     : 0.9998
Valid Loss     : 3.5933	 | 	Valid Accuracy     : 0.3162

Epoch : 185
Train Loss     : 0.0049	 | 	Train Accuracy     : 0.9998
Valid Loss     : 3.5804	 | 	Valid Accuracy     : 0.3163

Epoch : 186
Train Loss     : 0.0047	 | 	Train Accuracy     : 1.0000
Valid Loss     : 3.6060	 | 	Valid Accuracy     : 0.3162

Epoch : 187
Train Loss     : 0.0046	 | 	Train Accuracy     : 0.9999
Valid Loss     : 3.5490	 | 	Valid Accuracy     : 0.3157

Epoch : 188
Train Loss     : 0.0047	 | 	Train Accuracy     : 0.9999
Valid Loss     : 3.4814	 | 	Valid Accuracy     : 0.3160

Epoch : 189
Train Loss     : 0.0049	 | 	Train Accuracy     : 0.9998
Valid Loss     : 3.5384	 | 	Valid Accuracy     : 0.3160

Epoch : 190
Train Loss     : 0.0049	 | 	Train Accuracy     : 0.9999
Valid Loss     : 3.5440	 | 	Valid Accuracy     : 0.3157

Epoch : 191
Train Loss     : 0.0050	 | 	Train Accuracy     : 0.9998
Valid Loss     : 3.5150	 | 	Valid Accuracy     : 0.3154

Epoch : 192
Train Loss     : 0.0046	 | 	Train Accuracy     : 1.0000
Valid Loss     : 3.5883	 | 	Valid Accuracy     : 0.3156

Epoch : 193
Train Loss     : 0.0047	 | 	Train Accuracy     : 0.9999
Valid Loss     : 3.6131	 | 	Valid Accuracy     : 0.3159

Epoch : 194
Train Loss     : 0.0045	 | 	Train Accuracy     : 0.9999
Valid Loss     : 3.5375	 | 	Valid Accuracy     : 0.3157

Epoch : 195
Train Loss     : 0.0048	 | 	Train Accuracy     : 0.9999
Valid Loss     : 3.5727	 | 	Valid Accuracy     : 0.3160

Epoch : 196
Train Loss     : 0.0048	 | 	Train Accuracy     : 0.9999
Valid Loss     : 3.4446	 | 	Valid Accuracy     : 0.3157

Epoch : 197
Train Loss     : 0.0045	 | 	Train Accuracy     : 0.9999
Valid Loss     : 3.5437	 | 	Valid Accuracy     : 0.3158

Epoch : 198
Train Loss     : 0.0045	 | 	Train Accuracy     : 0.9999
Valid Loss     : 3.6450	 | 	Valid Accuracy     : 0.3162

Epoch : 199
Train Loss     : 0.0046	 | 	Train Accuracy     : 0.9998
Valid Loss     : 3.4356	 | 	Valid Accuracy     : 0.3163

Epoch : 200
Train Loss     : 0.0048	 | 	Train Accuracy     : 0.9998
Valid Loss     : 3.6125	 | 	Valid Accuracy     : 0.3159

Epoch : 201
Train Loss     : 0.0049	 | 	Train Accuracy     : 0.9999
Valid Loss     : 3.5267	 | 	Valid Accuracy     : 0.3153

Epoch : 202
Train Loss     : 0.0052	 | 	Train Accuracy     : 0.9998
Valid Loss     : 3.4987	 | 	Valid Accuracy     : 0.3156

Epoch : 203
Train Loss     : 0.0048	 | 	Train Accuracy     : 0.9999
Valid Loss     : 3.6090	 | 	Valid Accuracy     : 0.3161

Epoch : 204
Train Loss     : 0.0047	 | 	Train Accuracy     : 0.9999
Valid Loss     : 3.5818	 | 	Valid Accuracy     : 0.3161

Epoch : 205
Train Loss     : 0.0048	 | 	Train Accuracy     : 0.9999
Valid Loss     : 3.5942	 | 	Valid Accuracy     : 0.3159

Epoch : 206
Train Loss     : 0.0049	 | 	Train Accuracy     : 0.9999
Valid Loss     : 3.5103	 | 	Valid Accuracy     : 0.3162

Epoch : 207
Train Loss     : 0.0047	 | 	Train Accuracy     : 0.9999
Valid Loss     : 3.5417	 | 	Valid Accuracy     : 0.3160

Epoch : 208
Train Loss     : 0.0048	 | 	Train Accuracy     : 0.9999
Valid Loss     : 3.5827	 | 	Valid Accuracy     : 0.3172

Epoch : 209
Train Loss     : 0.0047	 | 	Train Accuracy     : 0.9999
Valid Loss     : 3.5876	 | 	Valid Accuracy     : 0.3160

Epoch : 210
Train Loss     : 0.0047	 | 	Train Accuracy     : 0.9999
Valid Loss     : 3.5178	 | 	Valid Accuracy     : 0.3153

Epoch : 211
Train Loss     : 0.0051	 | 	Train Accuracy     : 0.9998
Valid Loss     : 3.5322	 | 	Valid Accuracy     : 0.3163

Epoch : 212
Train Loss     : 0.0047	 | 	Train Accuracy     : 0.9998
Valid Loss     : 3.5351	 | 	Valid Accuracy     : 0.3153

Epoch : 213
Train Loss     : 0.0046	 | 	Train Accuracy     : 0.9999
Valid Loss     : 3.5996	 | 	Valid Accuracy     : 0.3164

Epoch : 214
Train Loss     : 0.0049	 | 	Train Accuracy     : 0.9999
Valid Loss     : 3.4728	 | 	Valid Accuracy     : 0.3163

Epoch : 215
Train Loss     : 0.0050	 | 	Train Accuracy     : 0.9998
Valid Loss     : 3.5582	 | 	Valid Accuracy     : 0.3162

Epoch : 216
Train Loss     : 0.0051	 | 	Train Accuracy     : 0.9998
Valid Loss     : 3.5781	 | 	Valid Accuracy     : 0.3153

Epoch : 217
Train Loss     : 0.0046	 | 	Train Accuracy     : 0.9999
Valid Loss     : 3.4812	 | 	Valid Accuracy     : 0.3157

Epoch : 218
Train Loss     : 0.0045	 | 	Train Accuracy     : 0.9999
Valid Loss     : 3.6370	 | 	Valid Accuracy     : 0.3155

Epoch : 219
Train Loss     : 0.0050	 | 	Train Accuracy     : 0.9998
Valid Loss     : 3.5029	 | 	Valid Accuracy     : 0.3160

Epoch : 220
Train Loss     : 0.0048	 | 	Train Accuracy     : 0.9999
Valid Loss     : 3.5556	 | 	Valid Accuracy     : 0.3161

Epoch : 221
Train Loss     : 0.0048	 | 	Train Accuracy     : 0.9999
Valid Loss     : 3.5125	 | 	Valid Accuracy     : 0.3157

Epoch : 222
Train Loss     : 0.0046	 | 	Train Accuracy     : 1.0000
Valid Loss     : 3.5540	 | 	Valid Accuracy     : 0.3161

Epoch : 223
Train Loss     : 0.0048	 | 	Train Accuracy     : 0.9999
Valid Loss     : 3.4905	 | 	Valid Accuracy     : 0.3158

Epoch : 224
Train Loss     : 0.0049	 | 	Train Accuracy     : 0.9998
Valid Loss     : 3.5402	 | 	Valid Accuracy     : 0.3155

Epoch : 225
Train Loss     : 0.0046	 | 	Train Accuracy     : 0.9999
Valid Loss     : 3.5652	 | 	Valid Accuracy     : 0.3162

Epoch : 226
Train Loss     : 0.0048	 | 	Train Accuracy     : 0.9998
Valid Loss     : 3.5827	 | 	Valid Accuracy     : 0.3163

Epoch : 227
Train Loss     : 0.0048	 | 	Train Accuracy     : 0.9999
Valid Loss     : 3.5801	 | 	Valid Accuracy     : 0.3160

Epoch : 228
Train Loss     : 0.0045	 | 	Train Accuracy     : 0.9999
Valid Loss     : 3.5217	 | 	Valid Accuracy     : 0.3160

Epoch : 229
Train Loss     : 0.0050	 | 	Train Accuracy     : 0.9998
Valid Loss     : 3.5382	 | 	Valid Accuracy     : 0.3159

Epoch : 230
Train Loss     : 0.0048	 | 	Train Accuracy     : 0.9998
Valid Loss     : 3.5631	 | 	Valid Accuracy     : 0.3157

Epoch : 231
Train Loss     : 0.0048	 | 	Train Accuracy     : 0.9999
Valid Loss     : 3.5788	 | 	Valid Accuracy     : 0.3158

Epoch : 232
Train Loss     : 0.0048	 | 	Train Accuracy     : 0.9999
Valid Loss     : 3.5380	 | 	Valid Accuracy     : 0.3156

Epoch : 233
Train Loss     : 0.0049	 | 	Train Accuracy     : 0.9998
Valid Loss     : 3.6043	 | 	Valid Accuracy     : 0.3163

Epoch : 234
Train Loss     : 0.0047	 | 	Train Accuracy     : 0.9999
Valid Loss     : 3.6496	 | 	Valid Accuracy     : 0.3154

Epoch : 235
Train Loss     : 0.0046	 | 	Train Accuracy     : 0.9999
Valid Loss     : 3.5792	 | 	Valid Accuracy     : 0.3160

Epoch : 236
Train Loss     : 0.0046	 | 	Train Accuracy     : 0.9999
Valid Loss     : 3.5304	 | 	Valid Accuracy     : 0.3151

Epoch : 237
Train Loss     : 0.0049	 | 	Train Accuracy     : 0.9999
Valid Loss     : 3.4968	 | 	Valid Accuracy     : 0.3153

Epoch : 238
Train Loss     : 0.0048	 | 	Train Accuracy     : 0.9999
Valid Loss     : 3.4872	 | 	Valid Accuracy     : 0.3156

Epoch : 239
Train Loss     : 0.0047	 | 	Train Accuracy     : 0.9999
Valid Loss     : 3.4942	 | 	Valid Accuracy     : 0.3161

Epoch : 240
Train Loss     : 0.0050	 | 	Train Accuracy     : 0.9997
Valid Loss     : 3.5720	 | 	Valid Accuracy     : 0.3159

Epoch : 241
Train Loss     : 0.0047	 | 	Train Accuracy     : 0.9999
Valid Loss     : 3.5113	 | 	Valid Accuracy     : 0.3153

Epoch : 242
Train Loss     : 0.0050	 | 	Train Accuracy     : 0.9999
Valid Loss     : 3.5786	 | 	Valid Accuracy     : 0.3154

Epoch : 243
Train Loss     : 0.0047	 | 	Train Accuracy     : 1.0000
Valid Loss     : 3.5901	 | 	Valid Accuracy     : 0.3162

Epoch : 244
Train Loss     : 0.0049	 | 	Train Accuracy     : 0.9999
Valid Loss     : 3.5973	 | 	Valid Accuracy     : 0.3159

Epoch : 245
Train Loss     : 0.0048	 | 	Train Accuracy     : 0.9999
Valid Loss     : 3.6117	 | 	Valid Accuracy     : 0.3163

Epoch : 246
Train Loss     : 0.0046	 | 	Train Accuracy     : 0.9999
Valid Loss     : 3.5810	 | 	Valid Accuracy     : 0.3165

Epoch : 247
Train Loss     : 0.0046	 | 	Train Accuracy     : 1.0000
Valid Loss     : 3.5820	 | 	Valid Accuracy     : 0.3160

Epoch : 248
Train Loss     : 0.0049	 | 	Train Accuracy     : 0.9999
Valid Loss     : 3.4872	 | 	Valid Accuracy     : 0.3158

Epoch : 249
Train Loss     : 0.0048	 | 	Train Accuracy     : 0.9999
Valid Loss     : 3.4777	 | 	Valid Accuracy     : 0.3158

Epoch : 250
Train Loss     : 0.0048	 | 	Train Accuracy     : 0.9999
Valid Loss     : 3.5406	 | 	Valid Accuracy     : 0.3150

Epoch : 251
Train Loss     : 0.0049	 | 	Train Accuracy     : 0.9998
Valid Loss     : 3.5126	 | 	Valid Accuracy     : 0.3153

Epoch : 252
Train Loss     : 0.0047	 | 	Train Accuracy     : 0.9999
Valid Loss     : 3.5801	 | 	Valid Accuracy     : 0.3162

Epoch : 253
Train Loss     : 0.0050	 | 	Train Accuracy     : 0.9996
Valid Loss     : 3.5318	 | 	Valid Accuracy     : 0.3157

Epoch : 254
Train Loss     : 0.0046	 | 	Train Accuracy     : 0.9999
Valid Loss     : 3.5140	 | 	Valid Accuracy     : 0.3162

Epoch : 255
Train Loss     : 0.0050	 | 	Train Accuracy     : 0.9999
Valid Loss     : 3.4595	 | 	Valid Accuracy     : 0.3158

Epoch : 256
Train Loss     : 0.0048	 | 	Train Accuracy     : 0.9997
Valid Loss     : 3.5282	 | 	Valid Accuracy     : 0.3155

Epoch : 257
Train Loss     : 0.0051	 | 	Train Accuracy     : 0.9998
Valid Loss     : 3.4741	 | 	Valid Accuracy     : 0.3157

Epoch : 258
Train Loss     : 0.0048	 | 	Train Accuracy     : 0.9997
Valid Loss     : 3.5118	 | 	Valid Accuracy     : 0.3159

Epoch : 259
Train Loss     : 0.0047	 | 	Train Accuracy     : 0.9999
Valid Loss     : 3.5048	 | 	Valid Accuracy     : 0.3156

Epoch : 260
Train Loss     : 0.0048	 | 	Train Accuracy     : 1.0000
Valid Loss     : 3.5108	 | 	Valid Accuracy     : 0.3151

Epoch : 261
Train Loss     : 0.0046	 | 	Train Accuracy     : 1.0000
Valid Loss     : 3.5323	 | 	Valid Accuracy     : 0.3153

Epoch : 262
Train Loss     : 0.0048	 | 	Train Accuracy     : 0.9997
Valid Loss     : 3.5220	 | 	Valid Accuracy     : 0.3154

Epoch : 263
Train Loss     : 0.0047	 | 	Train Accuracy     : 0.9999
Valid Loss     : 3.5660	 | 	Valid Accuracy     : 0.3163

Epoch : 264
Train Loss     : 0.0048	 | 	Train Accuracy     : 0.9998
Valid Loss     : 3.5252	 | 	Valid Accuracy     : 0.3157

Epoch : 265
Train Loss     : 0.0049	 | 	Train Accuracy     : 0.9998
Valid Loss     : 3.6337	 | 	Valid Accuracy     : 0.3150

Epoch : 266
Train Loss     : 0.0049	 | 	Train Accuracy     : 0.9996
Valid Loss     : 3.5036	 | 	Valid Accuracy     : 0.3163

Epoch : 267
Train Loss     : 0.0047	 | 	Train Accuracy     : 0.9999
Valid Loss     : 3.5532	 | 	Valid Accuracy     : 0.3158

Epoch : 268
Train Loss     : 0.0047	 | 	Train Accuracy     : 0.9999
Valid Loss     : 3.6252	 | 	Valid Accuracy     : 0.3160

Epoch : 269
Train Loss     : 0.0047	 | 	Train Accuracy     : 0.9999
Valid Loss     : 3.5231	 | 	Valid Accuracy     : 0.3157

Epoch : 270
Train Loss     : 0.0044	 | 	Train Accuracy     : 1.0000
Valid Loss     : 3.5808	 | 	Valid Accuracy     : 0.3162

Epoch : 271
Train Loss     : 0.0048	 | 	Train Accuracy     : 0.9999
Valid Loss     : 3.4271	 | 	Valid Accuracy     : 0.3157

Epoch : 272
Train Loss     : 0.0050	 | 	Train Accuracy     : 0.9999
Valid Loss     : 3.5535	 | 	Valid Accuracy     : 0.3161

Epoch : 273
Train Loss     : 0.0050	 | 	Train Accuracy     : 0.9998
Valid Loss     : 3.5107	 | 	Valid Accuracy     : 0.3154

Epoch : 274
Train Loss     : 0.0048	 | 	Train Accuracy     : 0.9999
Valid Loss     : 3.5280	 | 	Valid Accuracy     : 0.3155

Epoch : 275
Train Loss     : 0.0050	 | 	Train Accuracy     : 0.9997
Valid Loss     : 3.5262	 | 	Valid Accuracy     : 0.3157

Epoch : 276
Train Loss     : 0.0050	 | 	Train Accuracy     : 0.9998
Valid Loss     : 3.5334	 | 	Valid Accuracy     : 0.3161

Epoch : 277
Train Loss     : 0.0046	 | 	Train Accuracy     : 0.9998
Valid Loss     : 3.5575	 | 	Valid Accuracy     : 0.3157

Epoch : 278
Train Loss     : 0.0046	 | 	Train Accuracy     : 1.0000
Valid Loss     : 3.5967	 | 	Valid Accuracy     : 0.3156

Epoch : 279
Train Loss     : 0.0051	 | 	Train Accuracy     : 0.9998
Valid Loss     : 3.5808	 | 	Valid Accuracy     : 0.3159

Epoch : 280
Train Loss     : 0.0048	 | 	Train Accuracy     : 0.9998
Valid Loss     : 3.5267	 | 	Valid Accuracy     : 0.3159

Epoch : 281
Train Loss     : 0.0049	 | 	Train Accuracy     : 0.9998
Valid Loss     : 3.6161	 | 	Valid Accuracy     : 0.3163

Epoch : 282
Train Loss     : 0.0052	 | 	Train Accuracy     : 0.9996
Valid Loss     : 3.5460	 | 	Valid Accuracy     : 0.3156

Epoch : 283
Train Loss     : 0.0048	 | 	Train Accuracy     : 0.9999
Valid Loss     : 3.5475	 | 	Valid Accuracy     : 0.3159

Epoch : 284
Train Loss     : 0.0052	 | 	Train Accuracy     : 0.9998
Valid Loss     : 3.4885	 | 	Valid Accuracy     : 0.3157

Epoch : 285
Train Loss     : 0.0048	 | 	Train Accuracy     : 0.9998
Valid Loss     : 3.5315	 | 	Valid Accuracy     : 0.3153

Epoch : 286
Train Loss     : 0.0051	 | 	Train Accuracy     : 0.9998
Valid Loss     : 3.4565	 | 	Valid Accuracy     : 0.3157

Epoch : 287
Train Loss     : 0.0045	 | 	Train Accuracy     : 0.9999
Valid Loss     : 3.5402	 | 	Valid Accuracy     : 0.3155

Epoch : 288
Train Loss     : 0.0048	 | 	Train Accuracy     : 0.9999
Valid Loss     : 3.5440	 | 	Valid Accuracy     : 0.3157

Epoch : 289
Train Loss     : 0.0045	 | 	Train Accuracy     : 0.9999
Valid Loss     : 3.6218	 | 	Valid Accuracy     : 0.3162

Epoch : 290
Train Loss     : 0.0049	 | 	Train Accuracy     : 0.9999
Valid Loss     : 3.5717	 | 	Valid Accuracy     : 0.3161

Epoch : 291
Train Loss     : 0.0050	 | 	Train Accuracy     : 0.9999
Valid Loss     : 3.5815	 | 	Valid Accuracy     : 0.3163

Epoch : 292
Train Loss     : 0.0048	 | 	Train Accuracy     : 0.9998
Valid Loss     : 3.6017	 | 	Valid Accuracy     : 0.3159

Epoch : 293
Train Loss     : 0.0050	 | 	Train Accuracy     : 0.9997
Valid Loss     : 3.5794	 | 	Valid Accuracy     : 0.3156

Epoch : 294
Train Loss     : 0.0046	 | 	Train Accuracy     : 0.9999
Valid Loss     : 3.5848	 | 	Valid Accuracy     : 0.3163

Epoch : 295
Train Loss     : 0.0048	 | 	Train Accuracy     : 0.9999
Valid Loss     : 3.5249	 | 	Valid Accuracy     : 0.3160

Epoch : 296
Train Loss     : 0.0050	 | 	Train Accuracy     : 0.9998
Valid Loss     : 3.5474	 | 	Valid Accuracy     : 0.3160

Epoch : 297
Train Loss     : 0.0048	 | 	Train Accuracy     : 0.9998
Valid Loss     : 3.5636	 | 	Valid Accuracy     : 0.3158

Epoch : 298
Train Loss     : 0.0046	 | 	Train Accuracy     : 0.9999
Valid Loss     : 3.5535	 | 	Valid Accuracy     : 0.3162

Epoch : 299
Train Loss     : 0.0049	 | 	Train Accuracy     : 0.9999
Valid Loss     : 3.6240	 | 	Valid Accuracy     : 0.3162

Epoch : 300
Train Loss     : 0.0048	 | 	Train Accuracy     : 0.9999
Valid Loss     : 3.5301	 | 	Valid Accuracy     : 0.3154

Epoch : 301
Train Loss     : 0.0050	 | 	Train Accuracy     : 0.9998
Valid Loss     : 3.5473	 | 	Valid Accuracy     : 0.3161

Epoch : 302
Train Loss     : 0.0047	 | 	Train Accuracy     : 0.9998
Valid Loss     : 3.5419	 | 	Valid Accuracy     : 0.3162

Epoch : 303
Train Loss     : 0.0051	 | 	Train Accuracy     : 0.9999
Valid Loss     : 3.5436	 | 	Valid Accuracy     : 0.3155

Epoch : 304
Train Loss     : 0.0046	 | 	Train Accuracy     : 0.9999
Valid Loss     : 3.5201	 | 	Valid Accuracy     : 0.3157

Epoch : 305
Train Loss     : 0.0047	 | 	Train Accuracy     : 0.9999
Valid Loss     : 3.5296	 | 	Valid Accuracy     : 0.3151

Epoch : 306
Train Loss     : 0.0046	 | 	Train Accuracy     : 0.9999
Valid Loss     : 3.5538	 | 	Valid Accuracy     : 0.3158

Epoch : 307
Train Loss     : 0.0050	 | 	Train Accuracy     : 0.9997
Valid Loss     : 3.5825	 | 	Valid Accuracy     : 0.3160

Epoch : 308
Train Loss     : 0.0046	 | 	Train Accuracy     : 0.9999
Valid Loss     : 3.5058	 | 	Valid Accuracy     : 0.3151

Epoch : 309
Train Loss     : 0.0047	 | 	Train Accuracy     : 0.9998
Valid Loss     : 3.5245	 | 	Valid Accuracy     : 0.3153

Epoch : 310
Train Loss     : 0.0048	 | 	Train Accuracy     : 0.9999
Valid Loss     : 3.5465	 | 	Valid Accuracy     : 0.3157

Epoch : 311
Train Loss     : 0.0047	 | 	Train Accuracy     : 0.9999
Valid Loss     : 3.5397	 | 	Valid Accuracy     : 0.3163

Epoch : 312
Train Loss     : 0.0048	 | 	Train Accuracy     : 0.9999
Valid Loss     : 3.5513	 | 	Valid Accuracy     : 0.3159

Epoch : 313
Train Loss     : 0.0049	 | 	Train Accuracy     : 0.9998
Valid Loss     : 3.5568	 | 	Valid Accuracy     : 0.3158

Epoch : 314
Train Loss     : 0.0047	 | 	Train Accuracy     : 0.9998
Valid Loss     : 3.5101	 | 	Valid Accuracy     : 0.3154

Epoch : 315
Train Loss     : 0.0046	 | 	Train Accuracy     : 0.9999
Valid Loss     : 3.5343	 | 	Valid Accuracy     : 0.3162

Epoch : 316
Train Loss     : 0.0045	 | 	Train Accuracy     : 0.9999
Valid Loss     : 3.5463	 | 	Valid Accuracy     : 0.3162

Epoch : 317
Train Loss     : 0.0049	 | 	Train Accuracy     : 0.9998
Valid Loss     : 3.4986	 | 	Valid Accuracy     : 0.3160

Epoch : 318
Train Loss     : 0.0048	 | 	Train Accuracy     : 0.9998
Valid Loss     : 3.4877	 | 	Valid Accuracy     : 0.3159

Epoch : 319
Train Loss     : 0.0049	 | 	Train Accuracy     : 0.9999
Valid Loss     : 3.5499	 | 	Valid Accuracy     : 0.3160

Epoch : 320
Train Loss     : 0.0048	 | 	Train Accuracy     : 0.9999
Valid Loss     : 3.6012	 | 	Valid Accuracy     : 0.3162

Epoch : 321
Train Loss     : 0.0049	 | 	Train Accuracy     : 0.9999
Valid Loss     : 3.5924	 | 	Valid Accuracy     : 0.3164

Epoch : 322
Train Loss     : 0.0048	 | 	Train Accuracy     : 0.9999
Valid Loss     : 3.5826	 | 	Valid Accuracy     : 0.3158

Epoch : 323
Train Loss     : 0.0047	 | 	Train Accuracy     : 0.9999
Valid Loss     : 3.5732	 | 	Valid Accuracy     : 0.3163

Epoch : 324
Train Loss     : 0.0049	 | 	Train Accuracy     : 0.9999
Valid Loss     : 3.5553	 | 	Valid Accuracy     : 0.3155

Epoch : 325
Train Loss     : 0.0047	 | 	Train Accuracy     : 0.9998
Valid Loss     : 3.5897	 | 	Valid Accuracy     : 0.3160

Epoch : 326
Train Loss     : 0.0046	 | 	Train Accuracy     : 0.9999
Valid Loss     : 3.4769	 | 	Valid Accuracy     : 0.3160

Epoch : 327
Train Loss     : 0.0051	 | 	Train Accuracy     : 0.9998
Valid Loss     : 3.5821	 | 	Valid Accuracy     : 0.3163

Epoch : 328
Train Loss     : 0.0047	 | 	Train Accuracy     : 0.9999
Valid Loss     : 3.5414	 | 	Valid Accuracy     : 0.3158

Epoch : 329
Train Loss     : 0.0048	 | 	Train Accuracy     : 0.9999
Valid Loss     : 3.5206	 | 	Valid Accuracy     : 0.3155

Epoch : 330
Train Loss     : 0.0049	 | 	Train Accuracy     : 1.0000
Valid Loss     : 3.5956	 | 	Valid Accuracy     : 0.3162

Epoch : 331
Train Loss     : 0.0052	 | 	Train Accuracy     : 0.9997
Valid Loss     : 3.5537	 | 	Valid Accuracy     : 0.3159

Epoch : 332
Train Loss     : 0.0048	 | 	Train Accuracy     : 0.9999
Valid Loss     : 3.5608	 | 	Valid Accuracy     : 0.3162

Epoch : 333
Train Loss     : 0.0048	 | 	Train Accuracy     : 0.9998
Valid Loss     : 3.4965	 | 	Valid Accuracy     : 0.3163

Epoch : 334
Train Loss     : 0.0052	 | 	Train Accuracy     : 0.9997
Valid Loss     : 3.5217	 | 	Valid Accuracy     : 0.3159

Epoch : 335
Train Loss     : 0.0048	 | 	Train Accuracy     : 0.9999
Valid Loss     : 3.5736	 | 	Valid Accuracy     : 0.3162

Epoch : 336
Train Loss     : 0.0049	 | 	Train Accuracy     : 0.9999
Valid Loss     : 3.5316	 | 	Valid Accuracy     : 0.3160

Epoch : 337
Train Loss     : 0.0049	 | 	Train Accuracy     : 0.9999
Valid Loss     : 3.6119	 | 	Valid Accuracy     : 0.3157

Epoch : 338
Train Loss     : 0.0048	 | 	Train Accuracy     : 0.9999
Valid Loss     : 3.5786	 | 	Valid Accuracy     : 0.3163

Epoch : 339
Train Loss     : 0.0046	 | 	Train Accuracy     : 0.9999
Valid Loss     : 3.5648	 | 	Valid Accuracy     : 0.3162

Epoch : 340
Train Loss     : 0.0046	 | 	Train Accuracy     : 0.9999
Valid Loss     : 3.5437	 | 	Valid Accuracy     : 0.3161

Epoch : 341
Train Loss     : 0.0047	 | 	Train Accuracy     : 0.9999
Valid Loss     : 3.4889	 | 	Valid Accuracy     : 0.3160

Epoch : 342
Train Loss     : 0.0048	 | 	Train Accuracy     : 0.9999
Valid Loss     : 3.5514	 | 	Valid Accuracy     : 0.3162

Epoch : 343
Train Loss     : 0.0047	 | 	Train Accuracy     : 0.9998
Valid Loss     : 3.5406	 | 	Valid Accuracy     : 0.3159

Epoch : 344
Train Loss     : 0.0048	 | 	Train Accuracy     : 0.9999
Valid Loss     : 3.5904	 | 	Valid Accuracy     : 0.3165

Epoch : 345
Train Loss     : 0.0047	 | 	Train Accuracy     : 1.0000
Valid Loss     : 3.5574	 | 	Valid Accuracy     : 0.3160

Epoch : 346
Train Loss     : 0.0048	 | 	Train Accuracy     : 0.9999
Valid Loss     : 3.5756	 | 	Valid Accuracy     : 0.3161

Epoch : 347
Train Loss     : 0.0046	 | 	Train Accuracy     : 0.9998
Valid Loss     : 3.4956	 | 	Valid Accuracy     : 0.3163

Epoch : 348
Train Loss     : 0.0047	 | 	Train Accuracy     : 0.9999
Valid Loss     : 3.5390	 | 	Valid Accuracy     : 0.3158
