=============================================
Dataset: Epilepsy
Method:  °³¹ßÁß...
Mode:    random_init
=============================================
Data loaded ...
Training started ....

Epoch : 1
Train Loss     : 0.3243	 | 	Train Accuracy     : 0.8615
Valid Loss     : 0.2464	 | 	Valid Accuracy     : 0.8957

Epoch : 2
Train Loss     : 0.2121	 | 	Train Accuracy     : 0.9202
Valid Loss     : 0.1923	 | 	Valid Accuracy     : 0.9230

Epoch : 3
Train Loss     : 0.1791	 | 	Train Accuracy     : 0.9342
Valid Loss     : 0.1697	 | 	Valid Accuracy     : 0.9335

Epoch : 4
Train Loss     : 0.1629	 | 	Train Accuracy     : 0.9388
Valid Loss     : 0.1579	 | 	Valid Accuracy     : 0.9423

Epoch : 5
Train Loss     : 0.1524	 | 	Train Accuracy     : 0.9435
Valid Loss     : 0.1550	 | 	Valid Accuracy     : 0.9340

Epoch : 6
Train Loss     : 0.1454	 | 	Train Accuracy     : 0.9453
Valid Loss     : 0.1447	 | 	Valid Accuracy     : 0.9516

Epoch : 7
Train Loss     : 0.1409	 | 	Train Accuracy     : 0.9475
Valid Loss     : 0.1430	 | 	Valid Accuracy     : 0.9410

Epoch : 8
Train Loss     : 0.1344	 | 	Train Accuracy     : 0.9501
Valid Loss     : 0.1397	 | 	Valid Accuracy     : 0.9547

Epoch : 9
Train Loss     : 0.1314	 | 	Train Accuracy     : 0.9507
Valid Loss     : 0.1339	 | 	Valid Accuracy     : 0.9520

Epoch : 10
Train Loss     : 0.1282	 | 	Train Accuracy     : 0.9523
Valid Loss     : 0.1335	 | 	Valid Accuracy     : 0.9481

Epoch : 11
Train Loss     : 0.1317	 | 	Train Accuracy     : 0.9507
Valid Loss     : 0.1288	 | 	Valid Accuracy     : 0.9538

Epoch : 12
Train Loss     : 0.1261	 | 	Train Accuracy     : 0.9536
Valid Loss     : 0.1268	 | 	Valid Accuracy     : 0.9555

Epoch : 13
Train Loss     : 0.1226	 | 	Train Accuracy     : 0.9547
Valid Loss     : 0.1246	 | 	Valid Accuracy     : 0.9542

Epoch : 14
Train Loss     : 0.1192	 | 	Train Accuracy     : 0.9549
Valid Loss     : 0.1231	 | 	Valid Accuracy     : 0.9551

Epoch : 15
Train Loss     : 0.1211	 | 	Train Accuracy     : 0.9555
Valid Loss     : 0.1247	 | 	Valid Accuracy     : 0.9569

Epoch : 16
Train Loss     : 0.1166	 | 	Train Accuracy     : 0.9574
Valid Loss     : 0.1244	 | 	Valid Accuracy     : 0.9520

Epoch : 17
Train Loss     : 0.1164	 | 	Train Accuracy     : 0.9557
Valid Loss     : 0.1203	 | 	Valid Accuracy     : 0.9586

Epoch : 18
Train Loss     : 0.1116	 | 	Train Accuracy     : 0.9599
Valid Loss     : 0.1179	 | 	Valid Accuracy     : 0.9573

Epoch : 19
Train Loss     : 0.1131	 | 	Train Accuracy     : 0.9580
Valid Loss     : 0.1173	 | 	Valid Accuracy     : 0.9582

Epoch : 20
Train Loss     : 0.1123	 | 	Train Accuracy     : 0.9586
Valid Loss     : 0.1169	 | 	Valid Accuracy     : 0.9551

Epoch : 21
Train Loss     : 0.1102	 | 	Train Accuracy     : 0.9593
Valid Loss     : 0.1148	 | 	Valid Accuracy     : 0.9582

Epoch : 22
Train Loss     : 0.1101	 | 	Train Accuracy     : 0.9581
Valid Loss     : 0.1150	 | 	Valid Accuracy     : 0.9551

Epoch : 23
Train Loss     : 0.1085	 | 	Train Accuracy     : 0.9597
Valid Loss     : 0.1151	 | 	Valid Accuracy     : 0.9542

Epoch : 24
Train Loss     : 0.1066	 | 	Train Accuracy     : 0.9612
Valid Loss     : 0.1122	 | 	Valid Accuracy     : 0.9591

Epoch : 25
Train Loss     : 0.1062	 | 	Train Accuracy     : 0.9594
Valid Loss     : 0.1113	 | 	Valid Accuracy     : 0.9591

Epoch : 26
Train Loss     : 0.1061	 | 	Train Accuracy     : 0.9608
Valid Loss     : 0.1111	 | 	Valid Accuracy     : 0.9591

Epoch : 27
Train Loss     : 0.1028	 | 	Train Accuracy     : 0.9621
Valid Loss     : 0.1108	 | 	Valid Accuracy     : 0.9586

Epoch : 28
Train Loss     : 0.1055	 | 	Train Accuracy     : 0.9605
Valid Loss     : 0.1109	 | 	Valid Accuracy     : 0.9591

Epoch : 29
Train Loss     : 0.1016	 | 	Train Accuracy     : 0.9622
Valid Loss     : 0.1094	 | 	Valid Accuracy     : 0.9591

Epoch : 30
Train Loss     : 0.1001	 | 	Train Accuracy     : 0.9644
Valid Loss     : 0.1088	 | 	Valid Accuracy     : 0.9591

Evaluate on the Test set:
Test loss      :0.1077	 | Test Accuracy      : 0.9627

################## Training is Done! #########################
Training time is : 0:15:58.145574
