=============================================
Dataset: Epilepsy
Method:  °³¹ßÁß...
Mode:    random_init
=============================================
Data loaded ...
Training started ....

Epoch : 1
Train Loss     : 0.7771	 | 	Train Accuracy     : 0.4167
Valid Loss     : 0.6662	 | 	Valid Accuracy     : 0.8542

Epoch : 2
Train Loss     : 0.5374	 | 	Train Accuracy     : 0.7917
Valid Loss     : 0.5344	 | 	Valid Accuracy     : 0.7812

Epoch : 3
Train Loss     : 0.5224	 | 	Train Accuracy     : 0.7847
Valid Loss     : 0.5255	 | 	Valid Accuracy     : 0.7812

Epoch : 4
Train Loss     : 0.5017	 | 	Train Accuracy     : 0.7882
Valid Loss     : 0.5107	 | 	Valid Accuracy     : 0.7812

Epoch : 5
Train Loss     : 0.4699	 | 	Train Accuracy     : 0.7917
Valid Loss     : 0.4933	 | 	Valid Accuracy     : 0.7812

Epoch : 6
Train Loss     : 0.4569	 | 	Train Accuracy     : 0.7917
Valid Loss     : 0.4761	 | 	Valid Accuracy     : 0.7812

Epoch : 7
Train Loss     : 0.4437	 | 	Train Accuracy     : 0.7951
Valid Loss     : 0.4619	 | 	Valid Accuracy     : 0.7812

Epoch : 8
Train Loss     : 0.4300	 | 	Train Accuracy     : 0.7986
Valid Loss     : 0.4506	 | 	Valid Accuracy     : 0.7917

Epoch : 9
Train Loss     : 0.4168	 | 	Train Accuracy     : 0.8056
Valid Loss     : 0.4382	 | 	Valid Accuracy     : 0.7917

Epoch : 10
Train Loss     : 0.3949	 | 	Train Accuracy     : 0.8194
Valid Loss     : 0.4260	 | 	Valid Accuracy     : 0.7917

Epoch : 11
Train Loss     : 0.3785	 | 	Train Accuracy     : 0.8403
Valid Loss     : 0.4147	 | 	Valid Accuracy     : 0.7917

Epoch : 12
Train Loss     : 0.3585	 | 	Train Accuracy     : 0.8507
Valid Loss     : 0.4037	 | 	Valid Accuracy     : 0.8021

Epoch : 13
Train Loss     : 0.3577	 | 	Train Accuracy     : 0.8542
Valid Loss     : 0.3963	 | 	Valid Accuracy     : 0.8021

Epoch : 14
Train Loss     : 0.3550	 | 	Train Accuracy     : 0.8576
Valid Loss     : 0.3847	 | 	Valid Accuracy     : 0.8021

Epoch : 15
Train Loss     : 0.3323	 | 	Train Accuracy     : 0.8681
Valid Loss     : 0.3754	 | 	Valid Accuracy     : 0.8021

Epoch : 16
Train Loss     : 0.3370	 | 	Train Accuracy     : 0.8646
Valid Loss     : 0.3692	 | 	Valid Accuracy     : 0.8021

Epoch : 17
Train Loss     : 0.3284	 | 	Train Accuracy     : 0.8611
Valid Loss     : 0.3636	 | 	Valid Accuracy     : 0.8021

Epoch : 18
Train Loss     : 0.3178	 | 	Train Accuracy     : 0.8750
Valid Loss     : 0.3543	 | 	Valid Accuracy     : 0.8125

Epoch : 19
Train Loss     : 0.3034	 | 	Train Accuracy     : 0.8854
Valid Loss     : 0.3477	 | 	Valid Accuracy     : 0.8125

Epoch : 20
Train Loss     : 0.3048	 | 	Train Accuracy     : 0.8854
Valid Loss     : 0.3416	 | 	Valid Accuracy     : 0.8229

Epoch : 21
Train Loss     : 0.2945	 | 	Train Accuracy     : 0.8889
Valid Loss     : 0.3363	 | 	Valid Accuracy     : 0.8229

Epoch : 22
Train Loss     : 0.2887	 | 	Train Accuracy     : 0.8854
Valid Loss     : 0.3321	 | 	Valid Accuracy     : 0.8438

Epoch : 23
Train Loss     : 0.2814	 | 	Train Accuracy     : 0.8958
Valid Loss     : 0.3248	 | 	Valid Accuracy     : 0.8542

Epoch : 24
Train Loss     : 0.2803	 | 	Train Accuracy     : 0.8924
Valid Loss     : 0.3185	 | 	Valid Accuracy     : 0.8646

Epoch : 25
Train Loss     : 0.2673	 | 	Train Accuracy     : 0.9028
Valid Loss     : 0.3161	 | 	Valid Accuracy     : 0.8646

Epoch : 26
Train Loss     : 0.2732	 | 	Train Accuracy     : 0.8854
Valid Loss     : 0.3178	 | 	Valid Accuracy     : 0.8542

Epoch : 27
Train Loss     : 0.2733	 | 	Train Accuracy     : 0.8993
Valid Loss     : 0.3051	 | 	Valid Accuracy     : 0.8750

Epoch : 28
Train Loss     : 0.2615	 | 	Train Accuracy     : 0.8993
Valid Loss     : 0.3026	 | 	Valid Accuracy     : 0.8750

Epoch : 29
Train Loss     : 0.2612	 | 	Train Accuracy     : 0.8924
Valid Loss     : 0.2994	 | 	Valid Accuracy     : 0.8750

Epoch : 30
Train Loss     : 0.2526	 | 	Train Accuracy     : 0.8993
Valid Loss     : 0.2952	 | 	Valid Accuracy     : 0.8854

Evaluate on the Test set:
Test loss      :0.3045	 | Test Accuracy      : 0.8984

################## Training is Done! #########################
Training time is : 0:00:51.018177
