=============================================
Dataset: Epilepsy
Method:  °³¹ßÁß...
Mode:    random_init
=============================================
Data loaded ...
Training started ....

Epoch : 1
Train Loss     : 0.4207	 | 	Train Accuracy     : 0.8177
Valid Loss     : 0.3758	 | 	Valid Accuracy     : 0.8185

Epoch : 2
Train Loss     : 0.3182	 | 	Train Accuracy     : 0.8669
Valid Loss     : 0.2932	 | 	Valid Accuracy     : 0.8810

Epoch : 3
Train Loss     : 0.2612	 | 	Train Accuracy     : 0.8980
Valid Loss     : 0.2508	 | 	Valid Accuracy     : 0.9007

Epoch : 4
Train Loss     : 0.2284	 | 	Train Accuracy     : 0.9129
Valid Loss     : 0.2249	 | 	Valid Accuracy     : 0.9090

Epoch : 5
Train Loss     : 0.2080	 | 	Train Accuracy     : 0.9226
Valid Loss     : 0.2068	 | 	Valid Accuracy     : 0.9200

Epoch : 6
Train Loss     : 0.1924	 | 	Train Accuracy     : 0.9290
Valid Loss     : 0.1953	 | 	Valid Accuracy     : 0.9210

Epoch : 7
Train Loss     : 0.1815	 | 	Train Accuracy     : 0.9346
Valid Loss     : 0.1842	 | 	Valid Accuracy     : 0.9320

Epoch : 8
Train Loss     : 0.1719	 | 	Train Accuracy     : 0.9346
Valid Loss     : 0.1768	 | 	Valid Accuracy     : 0.9347

Epoch : 9
Train Loss     : 0.1644	 | 	Train Accuracy     : 0.9397
Valid Loss     : 0.1708	 | 	Valid Accuracy     : 0.9338

Epoch : 10
Train Loss     : 0.1587	 | 	Train Accuracy     : 0.9413
Valid Loss     : 0.1653	 | 	Valid Accuracy     : 0.9357

Epoch : 11
Train Loss     : 0.1566	 | 	Train Accuracy     : 0.9410
Valid Loss     : 0.1615	 | 	Valid Accuracy     : 0.9426

Epoch : 12
Train Loss     : 0.1508	 | 	Train Accuracy     : 0.9441
Valid Loss     : 0.1576	 | 	Valid Accuracy     : 0.9393

Epoch : 13
Train Loss     : 0.1472	 | 	Train Accuracy     : 0.9434
Valid Loss     : 0.1553	 | 	Valid Accuracy     : 0.9393

Epoch : 14
Train Loss     : 0.1427	 | 	Train Accuracy     : 0.9452
Valid Loss     : 0.1520	 | 	Valid Accuracy     : 0.9407

Epoch : 15
Train Loss     : 0.1421	 | 	Train Accuracy     : 0.9481
Valid Loss     : 0.1490	 | 	Valid Accuracy     : 0.9439

Epoch : 16
Train Loss     : 0.1384	 | 	Train Accuracy     : 0.9472
Valid Loss     : 0.1469	 | 	Valid Accuracy     : 0.9444

Epoch : 17
Train Loss     : 0.1383	 | 	Train Accuracy     : 0.9483
Valid Loss     : 0.1453	 | 	Valid Accuracy     : 0.9439

Epoch : 18
Train Loss     : 0.1348	 | 	Train Accuracy     : 0.9497
Valid Loss     : 0.1431	 | 	Valid Accuracy     : 0.9527

Epoch : 19
Train Loss     : 0.1340	 | 	Train Accuracy     : 0.9494
Valid Loss     : 0.1411	 | 	Valid Accuracy     : 0.9490

Epoch : 20
Train Loss     : 0.1310	 | 	Train Accuracy     : 0.9500
Valid Loss     : 0.1400	 | 	Valid Accuracy     : 0.9481

Epoch : 21
Train Loss     : 0.1303	 | 	Train Accuracy     : 0.9512
Valid Loss     : 0.1382	 | 	Valid Accuracy     : 0.9531

Epoch : 22
Train Loss     : 0.1287	 | 	Train Accuracy     : 0.9518
Valid Loss     : 0.1381	 | 	Valid Accuracy     : 0.9476

Epoch : 23
Train Loss     : 0.1257	 | 	Train Accuracy     : 0.9531
Valid Loss     : 0.1358	 | 	Valid Accuracy     : 0.9513

Epoch : 24
Train Loss     : 0.1258	 | 	Train Accuracy     : 0.9539
Valid Loss     : 0.1349	 | 	Valid Accuracy     : 0.9513

Epoch : 25
Train Loss     : 0.1238	 | 	Train Accuracy     : 0.9522
Valid Loss     : 0.1348	 | 	Valid Accuracy     : 0.9550

Epoch : 26
Train Loss     : 0.1232	 | 	Train Accuracy     : 0.9539
Valid Loss     : 0.1325	 | 	Valid Accuracy     : 0.9531

Epoch : 27
Train Loss     : 0.1238	 | 	Train Accuracy     : 0.9539
Valid Loss     : 0.1327	 | 	Valid Accuracy     : 0.9508

Epoch : 28
Train Loss     : 0.1214	 | 	Train Accuracy     : 0.9545
Valid Loss     : 0.1306	 | 	Valid Accuracy     : 0.9536

Epoch : 29
Train Loss     : 0.1209	 | 	Train Accuracy     : 0.9555
Valid Loss     : 0.1294	 | 	Valid Accuracy     : 0.9527

Epoch : 30
Train Loss     : 0.1177	 | 	Train Accuracy     : 0.9562
Valid Loss     : 0.1287	 | 	Valid Accuracy     : 0.9554

Evaluate on the Test set:
Test loss      :0.1207	 | Test Accuracy      : 0.9574

################## Training is Done! #########################
Training time is : 0:14:44.669997
