=============================================
Dataset: EMG
Method:  °³¹ßÁß...
Mode:    random_init
=============================================
Data loaded ...
Training started ....

Epoch : 1
Train Loss     : 1.0379	 | 	Train Accuracy     : 0.4500
Valid Loss     : 0.7483	 | 	Valid Accuracy     : 0.6750

Epoch : 2
Train Loss     : 0.8640	 | 	Train Accuracy     : 0.6750
Valid Loss     : 0.5029	 | 	Valid Accuracy     : 0.9500

Epoch : 3
Train Loss     : 0.6960	 | 	Train Accuracy     : 0.7833
Valid Loss     : 0.4030	 | 	Valid Accuracy     : 0.9750

Epoch : 4
Train Loss     : 0.5904	 | 	Train Accuracy     : 0.8500
Valid Loss     : 0.3327	 | 	Valid Accuracy     : 0.9500

Epoch : 5
Train Loss     : 0.5444	 | 	Train Accuracy     : 0.8667
Valid Loss     : 0.3019	 | 	Valid Accuracy     : 0.9250

Epoch : 6
Train Loss     : 0.5689	 | 	Train Accuracy     : 0.8167
Valid Loss     : 0.2496	 | 	Valid Accuracy     : 0.9500

Epoch : 7
Train Loss     : 0.5056	 | 	Train Accuracy     : 0.8417
Valid Loss     : 0.2430	 | 	Valid Accuracy     : 0.9250

Epoch : 8
Train Loss     : 0.5248	 | 	Train Accuracy     : 0.8083
Valid Loss     : 0.2116	 | 	Valid Accuracy     : 0.9500

Epoch : 9
Train Loss     : 0.3584	 | 	Train Accuracy     : 0.9083
Valid Loss     : 0.2289	 | 	Valid Accuracy     : 0.9250

Epoch : 10
Train Loss     : 0.3967	 | 	Train Accuracy     : 0.8833
Valid Loss     : 0.1969	 | 	Valid Accuracy     : 0.9250

Evaluate on the Test set:
Test loss      :0.2674	 | Test Accuracy      : 0.9545

################## Training is Done! #########################
Training time is : 0:00:18.154223
