=============================================
Dataset: pFD
Method:  TS-TCC
Mode:    random_init
=============================================
Data loaded ...
Training started ....

Epoch : 1
Train Loss     : 173.0563	 | 	Train Accuracy     : 0.4217
Valid Loss     : 39.7906	 | 	Valid Accuracy     : 0.4654

Epoch : 2
Train Loss     : 117.8918	 | 	Train Accuracy     : 0.4349
Valid Loss     : 102.7029	 | 	Valid Accuracy     : 0.4607

Epoch : 3
Train Loss     : 148.1589	 | 	Train Accuracy     : 0.4316
Valid Loss     : 37.7074	 | 	Valid Accuracy     : 0.4592

Epoch : 4
Train Loss     : 157.1672	 | 	Train Accuracy     : 0.4330
Valid Loss     : 124.7992	 | 	Valid Accuracy     : 0.4522

Epoch : 5
Train Loss     : 133.6727	 | 	Train Accuracy     : 0.4377
Valid Loss     : 184.4406	 | 	Valid Accuracy     : 0.4533

Epoch : 6
Train Loss     : 133.2571	 | 	Train Accuracy     : 0.4297
Valid Loss     : 69.5946	 | 	Valid Accuracy     : 0.4515

Epoch : 7
Train Loss     : 113.9413	 | 	Train Accuracy     : 0.4386
Valid Loss     : 35.1788	 | 	Valid Accuracy     : 0.4581

Epoch : 8
Train Loss     : 116.9004	 | 	Train Accuracy     : 0.4408
Valid Loss     : 94.5116	 | 	Valid Accuracy     : 0.2324

Epoch : 9
Train Loss     : 114.4361	 | 	Train Accuracy     : 0.4304
Valid Loss     : 74.4633	 | 	Valid Accuracy     : 0.4665

Epoch : 10
Train Loss     : 116.2108	 | 	Train Accuracy     : 0.4458
Valid Loss     : 71.0302	 | 	Valid Accuracy     : 0.4540

Evaluate on the Test set:
Test loss      :71.8086	 | Test Accuracy      : 0.4611

################## Training is Done! #########################
Training time is : 0:27:18.417943
