=============================================
Dataset: pFD
Method:  °³¹ßÁß...
Mode:    train_linear
=============================================
Data loaded ...
Training started ....

Epoch : 1
Train Loss     : 0.6552	 | 	Train Accuracy     : 0.7910
Valid Loss     : 0.3233	 | 	Valid Accuracy     : 0.9258

Epoch : 2
Train Loss     : 0.4378	 | 	Train Accuracy     : 0.8572
Valid Loss     : 0.2045	 | 	Valid Accuracy     : 0.9530

Epoch : 3
Train Loss     : 0.3703	 | 	Train Accuracy     : 0.8747
Valid Loss     : 0.1728	 | 	Valid Accuracy     : 0.9580

Epoch : 4
Train Loss     : 0.3378	 | 	Train Accuracy     : 0.8828
Valid Loss     : 0.1465	 | 	Valid Accuracy     : 0.9628

Epoch : 5
Train Loss     : 0.3132	 | 	Train Accuracy     : 0.8911
Valid Loss     : 0.1331	 | 	Valid Accuracy     : 0.9700

Epoch : 6
Train Loss     : 0.3043	 | 	Train Accuracy     : 0.8888
Valid Loss     : 0.1217	 | 	Valid Accuracy     : 0.9747

Epoch : 7
Train Loss     : 0.2916	 | 	Train Accuracy     : 0.8987
Valid Loss     : 0.1101	 | 	Valid Accuracy     : 0.9700

Epoch : 8
Train Loss     : 0.2880	 | 	Train Accuracy     : 0.8931
Valid Loss     : 0.0980	 | 	Valid Accuracy     : 0.9762

Epoch : 9
Train Loss     : 0.2789	 | 	Train Accuracy     : 0.8951
Valid Loss     : 0.0916	 | 	Valid Accuracy     : 0.9780

Epoch : 10
Train Loss     : 0.2727	 | 	Train Accuracy     : 0.8997
Valid Loss     : 0.1012	 | 	Valid Accuracy     : 0.9772

Epoch : 11
Train Loss     : 0.2649	 | 	Train Accuracy     : 0.9033
Valid Loss     : 0.1051	 | 	Valid Accuracy     : 0.9728

Epoch : 12
Train Loss     : 0.2633	 | 	Train Accuracy     : 0.9024
Valid Loss     : 0.0930	 | 	Valid Accuracy     : 0.9778

Epoch : 13
Train Loss     : 0.2557	 | 	Train Accuracy     : 0.9051
Valid Loss     : 0.0979	 | 	Valid Accuracy     : 0.9753

Epoch : 14
Train Loss     : 0.2548	 | 	Train Accuracy     : 0.9063
Valid Loss     : 0.0847	 | 	Valid Accuracy     : 0.9735

Epoch : 15
Train Loss     : 0.2451	 | 	Train Accuracy     : 0.9100
Valid Loss     : 0.0865	 | 	Valid Accuracy     : 0.9787

Epoch : 16
Train Loss     : 0.2520	 | 	Train Accuracy     : 0.9075
Valid Loss     : 0.0876	 | 	Valid Accuracy     : 0.9772

Epoch : 17
Train Loss     : 0.2483	 | 	Train Accuracy     : 0.9079
Valid Loss     : 0.1076	 | 	Valid Accuracy     : 0.9688

Epoch : 18
Train Loss     : 0.2445	 | 	Train Accuracy     : 0.9116
Valid Loss     : 0.1003	 | 	Valid Accuracy     : 0.9715

Epoch : 19
Train Loss     : 0.2366	 | 	Train Accuracy     : 0.9118
Valid Loss     : 0.0864	 | 	Valid Accuracy     : 0.9785

Epoch : 20
Train Loss     : 0.2354	 | 	Train Accuracy     : 0.9147
Valid Loss     : 0.0923	 | 	Valid Accuracy     : 0.9712

Epoch : 21
Train Loss     : 0.2290	 | 	Train Accuracy     : 0.9172
Valid Loss     : 0.0945	 | 	Valid Accuracy     : 0.9753

Epoch : 22
Train Loss     : 0.2330	 | 	Train Accuracy     : 0.9162
Valid Loss     : 0.0944	 | 	Valid Accuracy     : 0.9750

Epoch : 23
Train Loss     : 0.2311	 | 	Train Accuracy     : 0.9155
Valid Loss     : 0.0892	 | 	Valid Accuracy     : 0.9715

Epoch : 24
Train Loss     : 0.2273	 | 	Train Accuracy     : 0.9175
Valid Loss     : 0.0922	 | 	Valid Accuracy     : 0.9695

Epoch : 25
Train Loss     : 0.2309	 | 	Train Accuracy     : 0.9163
Valid Loss     : 0.0854	 | 	Valid Accuracy     : 0.9790

Epoch : 26
Train Loss     : 0.2177	 | 	Train Accuracy     : 0.9237
Valid Loss     : 0.0758	 | 	Valid Accuracy     : 0.9803

Epoch : 27
Train Loss     : 0.2218	 | 	Train Accuracy     : 0.9203
Valid Loss     : 0.0841	 | 	Valid Accuracy     : 0.9753

Epoch : 28
Train Loss     : 0.2249	 | 	Train Accuracy     : 0.9204
Valid Loss     : 0.0747	 | 	Valid Accuracy     : 0.9812

Epoch : 29
Train Loss     : 0.2213	 | 	Train Accuracy     : 0.9213
Valid Loss     : 0.0786	 | 	Valid Accuracy     : 0.9778

Epoch : 30
Train Loss     : 0.2293	 | 	Train Accuracy     : 0.9166
Valid Loss     : 0.0815	 | 	Valid Accuracy     : 0.9765

Evaluate on the Test set:
Test loss      :0.0729	 | Test Accuracy      : 0.9825

################## Training is Done! #########################
Training time is : 1:30:14.247768
