=============================================
Dataset: EMG
Method:  °³¹ßÁß...
Mode:    train_linear
=============================================
Data loaded ...
Training started ....

Epoch : 1
Train Loss     : 1.2164	 | 	Train Accuracy     : 0.2167
Valid Loss     : 0.7105	 | 	Valid Accuracy     : 0.8250

Epoch : 2
Train Loss     : 0.6768	 | 	Train Accuracy     : 0.7667
Valid Loss     : 0.3677	 | 	Valid Accuracy     : 0.9500

Epoch : 3
Train Loss     : 0.4770	 | 	Train Accuracy     : 0.8333
Valid Loss     : 0.2498	 | 	Valid Accuracy     : 1.0000

Epoch : 4
Train Loss     : 0.4295	 | 	Train Accuracy     : 0.8500
Valid Loss     : 0.1867	 | 	Valid Accuracy     : 1.0000

Epoch : 5
Train Loss     : 0.2928	 | 	Train Accuracy     : 0.9250
Valid Loss     : 0.1623	 | 	Valid Accuracy     : 1.0000

Epoch : 6
Train Loss     : 0.4662	 | 	Train Accuracy     : 0.8333
Valid Loss     : 0.1413	 | 	Valid Accuracy     : 1.0000

Epoch : 7
Train Loss     : 0.3153	 | 	Train Accuracy     : 0.9083
Valid Loss     : 0.1455	 | 	Valid Accuracy     : 0.9500

Epoch : 8
Train Loss     : 0.3688	 | 	Train Accuracy     : 0.8583
Valid Loss     : 0.1441	 | 	Valid Accuracy     : 1.0000

Epoch : 9
Train Loss     : 0.3176	 | 	Train Accuracy     : 0.8667
Valid Loss     : 0.1329	 | 	Valid Accuracy     : 1.0000

Epoch : 10
Train Loss     : 0.2934	 | 	Train Accuracy     : 0.9000
Valid Loss     : 0.1199	 | 	Valid Accuracy     : 1.0000

Epoch : 11
Train Loss     : 0.3468	 | 	Train Accuracy     : 0.8417
Valid Loss     : 0.1375	 | 	Valid Accuracy     : 0.9500

Epoch : 12
Train Loss     : 0.2468	 | 	Train Accuracy     : 0.9167
Valid Loss     : 0.1352	 | 	Valid Accuracy     : 0.9500

Epoch : 13
Train Loss     : 0.3120	 | 	Train Accuracy     : 0.8750
Valid Loss     : 0.1325	 | 	Valid Accuracy     : 0.9500

Epoch : 14
Train Loss     : 0.3165	 | 	Train Accuracy     : 0.8750
Valid Loss     : 0.1131	 | 	Valid Accuracy     : 0.9500

Epoch : 15
Train Loss     : 0.2157	 | 	Train Accuracy     : 0.9417
Valid Loss     : 0.1032	 | 	Valid Accuracy     : 0.9750

Epoch : 16
Train Loss     : 0.2303	 | 	Train Accuracy     : 0.9333
Valid Loss     : 0.1084	 | 	Valid Accuracy     : 1.0000

Epoch : 17
Train Loss     : 0.2363	 | 	Train Accuracy     : 0.9083
Valid Loss     : 0.0942	 | 	Valid Accuracy     : 1.0000

Epoch : 18
Train Loss     : 0.3799	 | 	Train Accuracy     : 0.8417
Valid Loss     : 0.1061	 | 	Valid Accuracy     : 0.9750

Epoch : 19
Train Loss     : 0.2127	 | 	Train Accuracy     : 0.9250
Valid Loss     : 0.0953	 | 	Valid Accuracy     : 0.9750

Epoch : 20
Train Loss     : 0.3773	 | 	Train Accuracy     : 0.8750
Valid Loss     : 0.0989	 | 	Valid Accuracy     : 0.9500

Epoch : 21
Train Loss     : 0.3081	 | 	Train Accuracy     : 0.8500
Valid Loss     : 0.1217	 | 	Valid Accuracy     : 0.9500

Epoch : 22
Train Loss     : 0.3392	 | 	Train Accuracy     : 0.8583
Valid Loss     : 0.1146	 | 	Valid Accuracy     : 0.9500

Epoch : 23
Train Loss     : 0.2678	 | 	Train Accuracy     : 0.8833
Valid Loss     : 0.1017	 | 	Valid Accuracy     : 0.9500

Epoch : 24
Train Loss     : 0.2769	 | 	Train Accuracy     : 0.8917
Valid Loss     : 0.1032	 | 	Valid Accuracy     : 0.9750

Epoch : 25
Train Loss     : 0.3130	 | 	Train Accuracy     : 0.8667
Valid Loss     : 0.1082	 | 	Valid Accuracy     : 0.9500

Epoch : 26
Train Loss     : 0.2171	 | 	Train Accuracy     : 0.9500
Valid Loss     : 0.1041	 | 	Valid Accuracy     : 0.9500

Epoch : 27
Train Loss     : 0.3075	 | 	Train Accuracy     : 0.8917
Valid Loss     : 0.1045	 | 	Valid Accuracy     : 0.9500

Epoch : 28
Train Loss     : 0.3527	 | 	Train Accuracy     : 0.8750
Valid Loss     : 0.1180	 | 	Valid Accuracy     : 0.9500

Epoch : 29
Train Loss     : 0.2510	 | 	Train Accuracy     : 0.8917
Valid Loss     : 0.1214	 | 	Valid Accuracy     : 0.9500

Epoch : 30
Train Loss     : 0.2141	 | 	Train Accuracy     : 0.9417
Valid Loss     : 0.1191	 | 	Valid Accuracy     : 0.9500

Evaluate on the Test set:
Test loss      :0.1179	 | Test Accuracy      : 0.9792

################## Training is Done! #########################
Training time is : 0:00:30.569166
