=============================================
Dataset: EMG
Method:  °³¹ßÁß...
Mode:    train_linear
=============================================
Data loaded ...
Training started ....

Epoch : 1
Train Loss     : 0.6462	 | 	Train Accuracy     : 0.7667
Valid Loss     : 0.5478	 | 	Valid Accuracy     : 0.7750

Epoch : 2
Train Loss     : 0.3462	 | 	Train Accuracy     : 0.8750
Valid Loss     : 0.3176	 | 	Valid Accuracy     : 0.8250

Epoch : 3
Train Loss     : 0.2448	 | 	Train Accuracy     : 0.9500
Valid Loss     : 0.2205	 | 	Valid Accuracy     : 0.9000

Epoch : 4
Train Loss     : 0.2105	 | 	Train Accuracy     : 0.9250
Valid Loss     : 0.1488	 | 	Valid Accuracy     : 0.9500

Epoch : 5
Train Loss     : 0.1833	 | 	Train Accuracy     : 0.9417
Valid Loss     : 0.1119	 | 	Valid Accuracy     : 0.9750

Epoch : 6
Train Loss     : 0.1323	 | 	Train Accuracy     : 0.9583
Valid Loss     : 0.1018	 | 	Valid Accuracy     : 0.9750

Epoch : 7
Train Loss     : 0.1075	 | 	Train Accuracy     : 0.9667
Valid Loss     : 0.1058	 | 	Valid Accuracy     : 0.9750

Epoch : 8
Train Loss     : 0.1075	 | 	Train Accuracy     : 0.9667
Valid Loss     : 0.1148	 | 	Valid Accuracy     : 0.9750

Epoch : 9
Train Loss     : 0.0953	 | 	Train Accuracy     : 0.9917
Valid Loss     : 0.1163	 | 	Valid Accuracy     : 0.9750

Epoch : 10
Train Loss     : 0.1041	 | 	Train Accuracy     : 0.9833
Valid Loss     : 0.1100	 | 	Valid Accuracy     : 0.9750

Epoch : 11
Train Loss     : 0.0895	 | 	Train Accuracy     : 0.9833
Valid Loss     : 0.1023	 | 	Valid Accuracy     : 0.9500

Epoch : 12
Train Loss     : 0.0978	 | 	Train Accuracy     : 0.9750
Valid Loss     : 0.0957	 | 	Valid Accuracy     : 0.9500

Epoch : 13
Train Loss     : 0.0851	 | 	Train Accuracy     : 0.9750
Valid Loss     : 0.0958	 | 	Valid Accuracy     : 0.9500

Epoch : 14
Train Loss     : 0.1136	 | 	Train Accuracy     : 0.9750
Valid Loss     : 0.0976	 | 	Valid Accuracy     : 0.9500

Epoch : 15
Train Loss     : 0.0733	 | 	Train Accuracy     : 0.9917
Valid Loss     : 0.0986	 | 	Valid Accuracy     : 0.9500

Epoch : 16
Train Loss     : 0.0864	 | 	Train Accuracy     : 0.9833
Valid Loss     : 0.0946	 | 	Valid Accuracy     : 0.9500

Epoch : 17
Train Loss     : 0.0624	 | 	Train Accuracy     : 0.9917
Valid Loss     : 0.0856	 | 	Valid Accuracy     : 0.9500

Epoch : 18
Train Loss     : 0.0929	 | 	Train Accuracy     : 0.9833
Valid Loss     : 0.0737	 | 	Valid Accuracy     : 0.9750

Epoch : 19
Train Loss     : 0.0756	 | 	Train Accuracy     : 0.9833
Valid Loss     : 0.0698	 | 	Valid Accuracy     : 0.9750

Epoch : 20
Train Loss     : 0.0712	 | 	Train Accuracy     : 0.9833
Valid Loss     : 0.0696	 | 	Valid Accuracy     : 0.9750

Epoch : 21
Train Loss     : 0.0698	 | 	Train Accuracy     : 0.9833
Valid Loss     : 0.0642	 | 	Valid Accuracy     : 0.9750

Epoch : 22
Train Loss     : 0.0757	 | 	Train Accuracy     : 0.9833
Valid Loss     : 0.0665	 | 	Valid Accuracy     : 0.9750

Epoch : 23
Train Loss     : 0.0760	 | 	Train Accuracy     : 0.9833
Valid Loss     : 0.0689	 | 	Valid Accuracy     : 0.9750

Epoch : 24
Train Loss     : 0.0694	 | 	Train Accuracy     : 0.9833
Valid Loss     : 0.0655	 | 	Valid Accuracy     : 0.9750

Epoch : 25
Train Loss     : 0.0822	 | 	Train Accuracy     : 0.9833
Valid Loss     : 0.0690	 | 	Valid Accuracy     : 0.9750

Epoch : 26
Train Loss     : 0.0532	 | 	Train Accuracy     : 0.9917
Valid Loss     : 0.0740	 | 	Valid Accuracy     : 0.9750

Epoch : 27
Train Loss     : 0.1174	 | 	Train Accuracy     : 0.9583
Valid Loss     : 0.0863	 | 	Valid Accuracy     : 0.9500

Epoch : 28
Train Loss     : 0.0632	 | 	Train Accuracy     : 0.9833
Valid Loss     : 0.0764	 | 	Valid Accuracy     : 0.9500

Epoch : 29
Train Loss     : 0.0491	 | 	Train Accuracy     : 0.9917
Valid Loss     : 0.0774	 | 	Valid Accuracy     : 0.9500

Epoch : 30
Train Loss     : 0.0529	 | 	Train Accuracy     : 0.9917
Valid Loss     : 0.0825	 | 	Valid Accuracy     : 0.9500

Evaluate on the Test set:
Test loss      :0.0313	 | Test Accuracy      : 0.9875

################## Training is Done! #########################
Training time is : 0:00:23.568416
