=============================================
Dataset: EMG
Method:  °³¹ßÁß...
Mode:    train_linear
=============================================
Data loaded ...
Training started ....

Epoch : 1
Train Loss     : 1.1264	 | 	Train Accuracy     : 0.3750
Valid Loss     : 0.3835	 | 	Valid Accuracy     : 0.9500

Epoch : 2
Train Loss     : 0.3505	 | 	Train Accuracy     : 0.8833
Valid Loss     : 0.2690	 | 	Valid Accuracy     : 0.8750

Epoch : 3
Train Loss     : 0.2060	 | 	Train Accuracy     : 0.9417
Valid Loss     : 0.2297	 | 	Valid Accuracy     : 0.9000

Epoch : 4
Train Loss     : 0.1794	 | 	Train Accuracy     : 0.9417
Valid Loss     : 0.1436	 | 	Valid Accuracy     : 0.9250

Epoch : 5
Train Loss     : 0.1887	 | 	Train Accuracy     : 0.9417
Valid Loss     : 0.0847	 | 	Valid Accuracy     : 1.0000

Epoch : 6
Train Loss     : 0.1262	 | 	Train Accuracy     : 0.9667
Valid Loss     : 0.0731	 | 	Valid Accuracy     : 1.0000

Epoch : 7
Train Loss     : 0.1491	 | 	Train Accuracy     : 0.9500
Valid Loss     : 0.0728	 | 	Valid Accuracy     : 0.9750

Epoch : 8
Train Loss     : 0.1221	 | 	Train Accuracy     : 0.9583
Valid Loss     : 0.0718	 | 	Valid Accuracy     : 0.9750

Epoch : 9
Train Loss     : 0.1162	 | 	Train Accuracy     : 0.9750
Valid Loss     : 0.0772	 | 	Valid Accuracy     : 0.9750

Epoch : 10
Train Loss     : 0.1015	 | 	Train Accuracy     : 0.9750
Valid Loss     : 0.0810	 | 	Valid Accuracy     : 0.9750

Epoch : 11
Train Loss     : 0.1409	 | 	Train Accuracy     : 0.9417
Valid Loss     : 0.0771	 | 	Valid Accuracy     : 0.9750

Epoch : 12
Train Loss     : 0.0944	 | 	Train Accuracy     : 0.9667
Valid Loss     : 0.0735	 | 	Valid Accuracy     : 0.9750

Epoch : 13
Train Loss     : 0.0935	 | 	Train Accuracy     : 0.9750
Valid Loss     : 0.0750	 | 	Valid Accuracy     : 0.9750

Epoch : 14
Train Loss     : 0.0963	 | 	Train Accuracy     : 0.9833
Valid Loss     : 0.0748	 | 	Valid Accuracy     : 0.9750

Epoch : 15
Train Loss     : 0.1099	 | 	Train Accuracy     : 0.9833
Valid Loss     : 0.0756	 | 	Valid Accuracy     : 0.9750

Epoch : 16
Train Loss     : 0.0986	 | 	Train Accuracy     : 0.9833
Valid Loss     : 0.0782	 | 	Valid Accuracy     : 0.9750

Epoch : 17
Train Loss     : 0.0797	 | 	Train Accuracy     : 0.9833
Valid Loss     : 0.0792	 | 	Valid Accuracy     : 0.9750

Epoch : 18
Train Loss     : 0.0756	 | 	Train Accuracy     : 0.9833
Valid Loss     : 0.0833	 | 	Valid Accuracy     : 0.9750

Epoch : 19
Train Loss     : 0.1395	 | 	Train Accuracy     : 0.9750
Valid Loss     : 0.0887	 | 	Valid Accuracy     : 0.9500

Epoch : 20
Train Loss     : 0.0822	 | 	Train Accuracy     : 0.9667
Valid Loss     : 0.0877	 | 	Valid Accuracy     : 0.9500

Epoch : 21
Train Loss     : 0.0844	 | 	Train Accuracy     : 0.9833
Valid Loss     : 0.0868	 | 	Valid Accuracy     : 0.9500

Epoch : 22
Train Loss     : 0.0922	 | 	Train Accuracy     : 0.9583
Valid Loss     : 0.0846	 | 	Valid Accuracy     : 0.9500

Epoch : 23
Train Loss     : 0.0973	 | 	Train Accuracy     : 0.9667
Valid Loss     : 0.0822	 | 	Valid Accuracy     : 0.9750

Epoch : 24
Train Loss     : 0.0791	 | 	Train Accuracy     : 0.9750
Valid Loss     : 0.0798	 | 	Valid Accuracy     : 0.9750

Epoch : 25
Train Loss     : 0.0793	 | 	Train Accuracy     : 0.9667
Valid Loss     : 0.0803	 | 	Valid Accuracy     : 0.9750

Epoch : 26
Train Loss     : 0.0972	 | 	Train Accuracy     : 0.9583
Valid Loss     : 0.0791	 | 	Valid Accuracy     : 0.9750

Epoch : 27
Train Loss     : 0.0803	 | 	Train Accuracy     : 0.9833
Valid Loss     : 0.0786	 | 	Valid Accuracy     : 0.9750

Epoch : 28
Train Loss     : 0.0815	 | 	Train Accuracy     : 0.9667
Valid Loss     : 0.0788	 | 	Valid Accuracy     : 0.9750

Epoch : 29
Train Loss     : 0.1167	 | 	Train Accuracy     : 0.9333
Valid Loss     : 0.0771	 | 	Valid Accuracy     : 0.9750

Epoch : 30
Train Loss     : 0.1378	 | 	Train Accuracy     : 0.9333
Valid Loss     : 0.0785	 | 	Valid Accuracy     : 0.9750

Evaluate on the Test set:
Test loss      :0.0400	 | Test Accuracy      : 0.9750

################## Training is Done! #########################
Training time is : 0:00:23.353091
