=============================================
Dataset: EMG
Method:  °³¹ßÁß...
Mode:    train_linear
=============================================
Data loaded ...
Training started ....

Epoch : 1
Train Loss     : 1.0163	 | 	Train Accuracy     : 0.4583
Valid Loss     : 0.3801	 | 	Valid Accuracy     : 0.9250

Epoch : 2
Train Loss     : 0.3526	 | 	Train Accuracy     : 0.9250
Valid Loss     : 0.2587	 | 	Valid Accuracy     : 0.9250

Epoch : 3
Train Loss     : 0.2324	 | 	Train Accuracy     : 0.9250
Valid Loss     : 0.1784	 | 	Valid Accuracy     : 0.9500

Epoch : 4
Train Loss     : 0.1818	 | 	Train Accuracy     : 0.9333
Valid Loss     : 0.1117	 | 	Valid Accuracy     : 0.9750

Epoch : 5
Train Loss     : 0.1217	 | 	Train Accuracy     : 0.9833
Valid Loss     : 0.0930	 | 	Valid Accuracy     : 0.9750

Epoch : 6
Train Loss     : 0.1142	 | 	Train Accuracy     : 0.9750
Valid Loss     : 0.0871	 | 	Valid Accuracy     : 0.9750

Epoch : 7
Train Loss     : 0.1072	 | 	Train Accuracy     : 0.9750
Valid Loss     : 0.0937	 | 	Valid Accuracy     : 0.9750

Epoch : 8
Train Loss     : 0.0917	 | 	Train Accuracy     : 0.9833
Valid Loss     : 0.1057	 | 	Valid Accuracy     : 0.9750

Epoch : 9
Train Loss     : 0.1113	 | 	Train Accuracy     : 0.9750
Valid Loss     : 0.1223	 | 	Valid Accuracy     : 0.9750

Epoch : 10
Train Loss     : 0.0800	 | 	Train Accuracy     : 0.9833
Valid Loss     : 0.1353	 | 	Valid Accuracy     : 0.9750

Epoch : 11
Train Loss     : 0.1269	 | 	Train Accuracy     : 0.9583
Valid Loss     : 0.1283	 | 	Valid Accuracy     : 0.9750

Epoch : 12
Train Loss     : 0.0670	 | 	Train Accuracy     : 0.9917
Valid Loss     : 0.1323	 | 	Valid Accuracy     : 0.9750

Epoch : 13
Train Loss     : 0.1103	 | 	Train Accuracy     : 0.9417
Valid Loss     : 0.1294	 | 	Valid Accuracy     : 0.9750

Epoch : 14
Train Loss     : 0.0799	 | 	Train Accuracy     : 0.9917
Valid Loss     : 0.1318	 | 	Valid Accuracy     : 0.9500

Epoch : 15
Train Loss     : 0.0750	 | 	Train Accuracy     : 0.9833
Valid Loss     : 0.1475	 | 	Valid Accuracy     : 0.9500

Epoch : 16
Train Loss     : 0.1031	 | 	Train Accuracy     : 0.9750
Valid Loss     : 0.1534	 | 	Valid Accuracy     : 0.9500

Epoch : 17
Train Loss     : 0.0580	 | 	Train Accuracy     : 0.9833
Valid Loss     : 0.1576	 | 	Valid Accuracy     : 0.9750

Epoch : 18
Train Loss     : 0.0497	 | 	Train Accuracy     : 0.9917
Valid Loss     : 0.1590	 | 	Valid Accuracy     : 0.9750

Epoch : 19
Train Loss     : 0.0812	 | 	Train Accuracy     : 0.9667
Valid Loss     : 0.1602	 | 	Valid Accuracy     : 0.9750

Epoch : 20
Train Loss     : 0.0521	 | 	Train Accuracy     : 0.9917
Valid Loss     : 0.1592	 | 	Valid Accuracy     : 0.9750

Epoch : 21
Train Loss     : 0.0663	 | 	Train Accuracy     : 0.9917
Valid Loss     : 0.1566	 | 	Valid Accuracy     : 0.9750

Epoch : 22
Train Loss     : 0.0703	 | 	Train Accuracy     : 0.9833
Valid Loss     : 0.1559	 | 	Valid Accuracy     : 0.9750

Epoch : 23
Train Loss     : 0.0962	 | 	Train Accuracy     : 0.9667
Valid Loss     : 0.1552	 | 	Valid Accuracy     : 0.9750

Epoch : 24
Train Loss     : 0.0742	 | 	Train Accuracy     : 0.9667
Valid Loss     : 0.1566	 | 	Valid Accuracy     : 0.9750

Epoch : 25
Train Loss     : 0.0693	 | 	Train Accuracy     : 0.9833
Valid Loss     : 0.1575	 | 	Valid Accuracy     : 0.9500

Epoch : 26
Train Loss     : 0.0759	 | 	Train Accuracy     : 0.9833
Valid Loss     : 0.1581	 | 	Valid Accuracy     : 0.9500

Epoch : 27
Train Loss     : 0.0773	 | 	Train Accuracy     : 0.9917
Valid Loss     : 0.1586	 | 	Valid Accuracy     : 0.9500

Epoch : 28
Train Loss     : 0.0528	 | 	Train Accuracy     : 0.9833
Valid Loss     : 0.1570	 | 	Valid Accuracy     : 0.9500

Epoch : 29
Train Loss     : 0.0482	 | 	Train Accuracy     : 0.9833
Valid Loss     : 0.1573	 | 	Valid Accuracy     : 0.9500

Epoch : 30
Train Loss     : 0.0729	 | 	Train Accuracy     : 0.9667
Valid Loss     : 0.1567	 | 	Valid Accuracy     : 0.9500

Evaluate on the Test set:
Test loss      :0.0777	 | Test Accuracy      : 0.9875

################## Training is Done! #########################
Training time is : 0:00:23.738787
