=============================================
Dataset: EMG
Method:  °³¹ßÁß...
Mode:    train_linear
=============================================
Data loaded ...
Training started ....

Epoch : 1
Train Loss     : 0.8419	 | 	Train Accuracy     : 0.6000
Valid Loss     : 0.1937	 | 	Valid Accuracy     : 0.9250

Epoch : 2
Train Loss     : 0.2548	 | 	Train Accuracy     : 0.9250
Valid Loss     : 0.1426	 | 	Valid Accuracy     : 0.9500

Epoch : 3
Train Loss     : 0.2208	 | 	Train Accuracy     : 0.9667
Valid Loss     : 0.1186	 | 	Valid Accuracy     : 0.9500

Epoch : 4
Train Loss     : 0.1842	 | 	Train Accuracy     : 0.9583
Valid Loss     : 0.0662	 | 	Valid Accuracy     : 0.9500

Epoch : 5
Train Loss     : 0.1725	 | 	Train Accuracy     : 0.9500
Valid Loss     : 0.0671	 | 	Valid Accuracy     : 1.0000

Epoch : 6
Train Loss     : 0.1436	 | 	Train Accuracy     : 0.9667
Valid Loss     : 0.0676	 | 	Valid Accuracy     : 0.9500

Epoch : 7
Train Loss     : 0.1359	 | 	Train Accuracy     : 0.9583
Valid Loss     : 0.0969	 | 	Valid Accuracy     : 0.9500

Epoch : 8
Train Loss     : 0.1193	 | 	Train Accuracy     : 0.9667
Valid Loss     : 0.0928	 | 	Valid Accuracy     : 0.9500

Epoch : 9
Train Loss     : 0.1439	 | 	Train Accuracy     : 0.9583
Valid Loss     : 0.0780	 | 	Valid Accuracy     : 0.9750

Epoch : 10
Train Loss     : 0.1458	 | 	Train Accuracy     : 0.9583
Valid Loss     : 0.0841	 | 	Valid Accuracy     : 0.9500

Epoch : 11
Train Loss     : 0.0945	 | 	Train Accuracy     : 0.9750
Valid Loss     : 0.0916	 | 	Valid Accuracy     : 0.9500

Epoch : 12
Train Loss     : 0.1078	 | 	Train Accuracy     : 0.9750
Valid Loss     : 0.0958	 | 	Valid Accuracy     : 0.9500

Epoch : 13
Train Loss     : 0.1235	 | 	Train Accuracy     : 0.9583
Valid Loss     : 0.0683	 | 	Valid Accuracy     : 0.9500

Epoch : 14
Train Loss     : 0.0984	 | 	Train Accuracy     : 0.9667
Valid Loss     : 0.0590	 | 	Valid Accuracy     : 0.9750

Epoch : 15
Train Loss     : 0.0849	 | 	Train Accuracy     : 0.9750
Valid Loss     : 0.0576	 | 	Valid Accuracy     : 0.9750

Epoch : 16
Train Loss     : 0.0905	 | 	Train Accuracy     : 0.9750
Valid Loss     : 0.0561	 | 	Valid Accuracy     : 0.9750

Epoch : 17
Train Loss     : 0.0916	 | 	Train Accuracy     : 0.9667
Valid Loss     : 0.0589	 | 	Valid Accuracy     : 0.9500

Epoch : 18
Train Loss     : 0.1295	 | 	Train Accuracy     : 0.9667
Valid Loss     : 0.0504	 | 	Valid Accuracy     : 0.9750

Epoch : 19
Train Loss     : 0.0905	 | 	Train Accuracy     : 0.9667
Valid Loss     : 0.0428	 | 	Valid Accuracy     : 1.0000

Epoch : 20
Train Loss     : 0.0802	 | 	Train Accuracy     : 0.9750
Valid Loss     : 0.0450	 | 	Valid Accuracy     : 1.0000

Epoch : 21
Train Loss     : 0.0813	 | 	Train Accuracy     : 0.9750
Valid Loss     : 0.0451	 | 	Valid Accuracy     : 1.0000

Epoch : 22
Train Loss     : 0.0882	 | 	Train Accuracy     : 0.9667
Valid Loss     : 0.0514	 | 	Valid Accuracy     : 1.0000

Epoch : 23
Train Loss     : 0.0836	 | 	Train Accuracy     : 0.9667
Valid Loss     : 0.0522	 | 	Valid Accuracy     : 1.0000

Epoch : 24
Train Loss     : 0.0814	 | 	Train Accuracy     : 0.9750
Valid Loss     : 0.0447	 | 	Valid Accuracy     : 1.0000

Epoch : 25
Train Loss     : 0.1078	 | 	Train Accuracy     : 0.9667
Valid Loss     : 0.0395	 | 	Valid Accuracy     : 1.0000

Epoch : 26
Train Loss     : 0.0890	 | 	Train Accuracy     : 0.9750
Valid Loss     : 0.0386	 | 	Valid Accuracy     : 1.0000

Epoch : 27
Train Loss     : 0.1085	 | 	Train Accuracy     : 0.9667
Valid Loss     : 0.0353	 | 	Valid Accuracy     : 1.0000

Epoch : 28
Train Loss     : 0.0878	 | 	Train Accuracy     : 0.9667
Valid Loss     : 0.0366	 | 	Valid Accuracy     : 1.0000

Epoch : 29
Train Loss     : 0.0905	 | 	Train Accuracy     : 0.9750
Valid Loss     : 0.0369	 | 	Valid Accuracy     : 1.0000

Epoch : 30
Train Loss     : 0.0897	 | 	Train Accuracy     : 0.9667
Valid Loss     : 0.0423	 | 	Valid Accuracy     : 1.0000

Evaluate on the Test set:
Test loss      :0.0141	 | Test Accuracy      : 1.0000

################## Training is Done! #########################
Training time is : 0:00:23.313694
