=============================================
Dataset: EMG
Method:  °³¹ßÁß...
Mode:    train_linear
=============================================
Data loaded ...
Training started ....

Epoch : 1
Train Loss     : 1.0340	 | 	Train Accuracy     : 0.4917
Valid Loss     : 0.3285	 | 	Valid Accuracy     : 0.9250

Epoch : 2
Train Loss     : 0.2958	 | 	Train Accuracy     : 0.8917
Valid Loss     : 0.1448	 | 	Valid Accuracy     : 0.9500

Epoch : 3
Train Loss     : 0.1583	 | 	Train Accuracy     : 0.9667
Valid Loss     : 0.1122	 | 	Valid Accuracy     : 0.9750

Epoch : 4
Train Loss     : 0.1415	 | 	Train Accuracy     : 0.9583
Valid Loss     : 0.0704	 | 	Valid Accuracy     : 1.0000

Epoch : 5
Train Loss     : 0.1303	 | 	Train Accuracy     : 0.9583
Valid Loss     : 0.0463	 | 	Valid Accuracy     : 1.0000

Epoch : 6
Train Loss     : 0.1085	 | 	Train Accuracy     : 0.9750
Valid Loss     : 0.0396	 | 	Valid Accuracy     : 1.0000

Epoch : 7
Train Loss     : 0.0830	 | 	Train Accuracy     : 0.9750
Valid Loss     : 0.0382	 | 	Valid Accuracy     : 1.0000

Epoch : 8
Train Loss     : 0.1400	 | 	Train Accuracy     : 0.9417
Valid Loss     : 0.0410	 | 	Valid Accuracy     : 1.0000

Epoch : 9
Train Loss     : 0.1366	 | 	Train Accuracy     : 0.9667
Valid Loss     : 0.0388	 | 	Valid Accuracy     : 1.0000

Epoch : 10
Train Loss     : 0.1021	 | 	Train Accuracy     : 0.9750
Valid Loss     : 0.0412	 | 	Valid Accuracy     : 1.0000

Epoch : 11
Train Loss     : 0.0927	 | 	Train Accuracy     : 0.9750
Valid Loss     : 0.0484	 | 	Valid Accuracy     : 1.0000

Epoch : 12
Train Loss     : 0.0874	 | 	Train Accuracy     : 0.9667
Valid Loss     : 0.0517	 | 	Valid Accuracy     : 1.0000

Epoch : 13
Train Loss     : 0.1251	 | 	Train Accuracy     : 0.9667
Valid Loss     : 0.0511	 | 	Valid Accuracy     : 1.0000

Epoch : 14
Train Loss     : 0.1150	 | 	Train Accuracy     : 0.9833
Valid Loss     : 0.0445	 | 	Valid Accuracy     : 1.0000

Epoch : 15
Train Loss     : 0.0929	 | 	Train Accuracy     : 0.9833
Valid Loss     : 0.0416	 | 	Valid Accuracy     : 1.0000

Epoch : 16
Train Loss     : 0.0826	 | 	Train Accuracy     : 0.9750
Valid Loss     : 0.0415	 | 	Valid Accuracy     : 1.0000

Epoch : 17
Train Loss     : 0.0654	 | 	Train Accuracy     : 0.9833
Valid Loss     : 0.0403	 | 	Valid Accuracy     : 1.0000

Epoch : 18
Train Loss     : 0.0794	 | 	Train Accuracy     : 0.9750
Valid Loss     : 0.0462	 | 	Valid Accuracy     : 1.0000

Epoch : 19
Train Loss     : 0.0575	 | 	Train Accuracy     : 0.9833
Valid Loss     : 0.0467	 | 	Valid Accuracy     : 1.0000

Epoch : 20
Train Loss     : 0.1484	 | 	Train Accuracy     : 0.9417
Valid Loss     : 0.0494	 | 	Valid Accuracy     : 1.0000

Epoch : 21
Train Loss     : 0.1453	 | 	Train Accuracy     : 0.9583
Valid Loss     : 0.0481	 | 	Valid Accuracy     : 1.0000

Epoch : 22
Train Loss     : 0.0695	 | 	Train Accuracy     : 0.9750
Valid Loss     : 0.0489	 | 	Valid Accuracy     : 1.0000

Epoch : 23
Train Loss     : 0.0476	 | 	Train Accuracy     : 0.9833
Valid Loss     : 0.0478	 | 	Valid Accuracy     : 1.0000

Epoch : 24
Train Loss     : 0.1247	 | 	Train Accuracy     : 0.9583
Valid Loss     : 0.0476	 | 	Valid Accuracy     : 1.0000

Epoch : 25
Train Loss     : 0.0715	 | 	Train Accuracy     : 0.9833
Valid Loss     : 0.0467	 | 	Valid Accuracy     : 1.0000

Epoch : 26
Train Loss     : 0.0751	 | 	Train Accuracy     : 0.9833
Valid Loss     : 0.0455	 | 	Valid Accuracy     : 1.0000

Epoch : 27
Train Loss     : 0.0781	 | 	Train Accuracy     : 0.9750
Valid Loss     : 0.0432	 | 	Valid Accuracy     : 1.0000

Epoch : 28
Train Loss     : 0.0990	 | 	Train Accuracy     : 0.9500
Valid Loss     : 0.0413	 | 	Valid Accuracy     : 1.0000

Epoch : 29
Train Loss     : 0.0792	 | 	Train Accuracy     : 0.9750
Valid Loss     : 0.0415	 | 	Valid Accuracy     : 1.0000

Epoch : 30
Train Loss     : 0.0760	 | 	Train Accuracy     : 0.9750
Valid Loss     : 0.0420	 | 	Valid Accuracy     : 1.0000

Evaluate on the Test set:
Test loss      :0.0234	 | Test Accuracy      : 0.9875

################## Training is Done! #########################
Training time is : 0:00:22.952940
