=============================================
Dataset: pFD
Method:  °³¹ßÁß...
Mode:    train_linear
=============================================
Data loaded ...
Training started ....

Epoch : 1
Train Loss     : 0.5082	 | 	Train Accuracy     : 0.8022
Valid Loss     : 0.2337	 | 	Valid Accuracy     : 0.9485

Epoch : 2
Train Loss     : 0.3434	 | 	Train Accuracy     : 0.8753
Valid Loss     : 0.1709	 | 	Valid Accuracy     : 0.9582

Epoch : 3
Train Loss     : 0.3047	 | 	Train Accuracy     : 0.8933
Valid Loss     : 0.1345	 | 	Valid Accuracy     : 0.9660

Epoch : 4
Train Loss     : 0.2930	 | 	Train Accuracy     : 0.8911
Valid Loss     : 0.1271	 | 	Valid Accuracy     : 0.9670

Epoch : 5
Train Loss     : 0.2721	 | 	Train Accuracy     : 0.8994
Valid Loss     : 0.1086	 | 	Valid Accuracy     : 0.9735

Epoch : 6
Train Loss     : 0.2635	 | 	Train Accuracy     : 0.8996
Valid Loss     : 0.1045	 | 	Valid Accuracy     : 0.9720

Epoch : 7
Train Loss     : 0.2576	 | 	Train Accuracy     : 0.9013
Valid Loss     : 0.0923	 | 	Valid Accuracy     : 0.9800

Epoch : 8
Train Loss     : 0.2516	 | 	Train Accuracy     : 0.9065
Valid Loss     : 0.0965	 | 	Valid Accuracy     : 0.9765

Epoch : 9
Train Loss     : 0.2463	 | 	Train Accuracy     : 0.9091
Valid Loss     : 0.0909	 | 	Valid Accuracy     : 0.9770

Epoch : 10
Train Loss     : 0.2445	 | 	Train Accuracy     : 0.9053
Valid Loss     : 0.0907	 | 	Valid Accuracy     : 0.9772

Epoch : 11
Train Loss     : 0.2410	 | 	Train Accuracy     : 0.9098
Valid Loss     : 0.0903	 | 	Valid Accuracy     : 0.9710

Epoch : 12
Train Loss     : 0.2377	 | 	Train Accuracy     : 0.9107
Valid Loss     : 0.0819	 | 	Valid Accuracy     : 0.9808

Epoch : 13
Train Loss     : 0.2299	 | 	Train Accuracy     : 0.9136
Valid Loss     : 0.0768	 | 	Valid Accuracy     : 0.9818

Epoch : 14
Train Loss     : 0.2340	 | 	Train Accuracy     : 0.9104
Valid Loss     : 0.0783	 | 	Valid Accuracy     : 0.9815

Epoch : 15
Train Loss     : 0.2343	 | 	Train Accuracy     : 0.9106
Valid Loss     : 0.0756	 | 	Valid Accuracy     : 0.9830

Epoch : 16
Train Loss     : 0.2253	 | 	Train Accuracy     : 0.9166
Valid Loss     : 0.0718	 | 	Valid Accuracy     : 0.9830

Epoch : 17
Train Loss     : 0.2255	 | 	Train Accuracy     : 0.9149
Valid Loss     : 0.0715	 | 	Valid Accuracy     : 0.9860

Epoch : 18
Train Loss     : 0.2204	 | 	Train Accuracy     : 0.9172
Valid Loss     : 0.0703	 | 	Valid Accuracy     : 0.9868

Epoch : 19
Train Loss     : 0.2201	 | 	Train Accuracy     : 0.9183
Valid Loss     : 0.0721	 | 	Valid Accuracy     : 0.9818

Epoch : 20
Train Loss     : 0.2219	 | 	Train Accuracy     : 0.9166
Valid Loss     : 0.0762	 | 	Valid Accuracy     : 0.9797

Epoch : 21
Train Loss     : 0.2162	 | 	Train Accuracy     : 0.9231
Valid Loss     : 0.0652	 | 	Valid Accuracy     : 0.9855

Epoch : 22
Train Loss     : 0.2073	 | 	Train Accuracy     : 0.9244
Valid Loss     : 0.0781	 | 	Valid Accuracy     : 0.9795

Epoch : 23
Train Loss     : 0.2069	 | 	Train Accuracy     : 0.9237
Valid Loss     : 0.0704	 | 	Valid Accuracy     : 0.9815

Epoch : 24
Train Loss     : 0.2117	 | 	Train Accuracy     : 0.9199
Valid Loss     : 0.0634	 | 	Valid Accuracy     : 0.9900

Epoch : 25
Train Loss     : 0.2068	 | 	Train Accuracy     : 0.9224
Valid Loss     : 0.0691	 | 	Valid Accuracy     : 0.9820

Epoch : 26
Train Loss     : 0.2088	 | 	Train Accuracy     : 0.9240
Valid Loss     : 0.0716	 | 	Valid Accuracy     : 0.9827

Epoch : 27
Train Loss     : 0.2044	 | 	Train Accuracy     : 0.9234
Valid Loss     : 0.0621	 | 	Valid Accuracy     : 0.9893

Epoch : 28
Train Loss     : 0.2023	 | 	Train Accuracy     : 0.9259
Valid Loss     : 0.0672	 | 	Valid Accuracy     : 0.9812

Epoch : 29
Train Loss     : 0.1990	 | 	Train Accuracy     : 0.9274
Valid Loss     : 0.0648	 | 	Valid Accuracy     : 0.9840

Epoch : 30
Train Loss     : 0.1948	 | 	Train Accuracy     : 0.9261
Valid Loss     : 0.0600	 | 	Valid Accuracy     : 0.9872

Evaluate on the Test set:
Test loss      :0.0650	 | Test Accuracy      : 0.9820

################## Training is Done! #########################
Training time is : 0:53:11.316466
