=============================================
Dataset: EMG
Method:  °³¹ßÁß...
Mode:    train_linear
=============================================
Data loaded ...
Training started ....

Epoch : 1
Train Loss     : 1.1095	 | 	Train Accuracy     : 0.3250
Valid Loss     : 0.9882	 | 	Valid Accuracy     : 0.5750

Epoch : 2
Train Loss     : 0.9577	 | 	Train Accuracy     : 0.5083
Valid Loss     : 0.8865	 | 	Valid Accuracy     : 0.6500

Epoch : 3
Train Loss     : 0.8462	 | 	Train Accuracy     : 0.6500
Valid Loss     : 0.8023	 | 	Valid Accuracy     : 0.6750

Epoch : 4
Train Loss     : 0.7614	 | 	Train Accuracy     : 0.7083
Valid Loss     : 0.7267	 | 	Valid Accuracy     : 0.7250

Epoch : 5
Train Loss     : 0.6747	 | 	Train Accuracy     : 0.7667
Valid Loss     : 0.6556	 | 	Valid Accuracy     : 0.7750

Epoch : 6
Train Loss     : 0.6283	 | 	Train Accuracy     : 0.7917
Valid Loss     : 0.5862	 | 	Valid Accuracy     : 0.8250

Epoch : 7
Train Loss     : 0.5569	 | 	Train Accuracy     : 0.8583
Valid Loss     : 0.5271	 | 	Valid Accuracy     : 0.9000

Epoch : 8
Train Loss     : 0.5091	 | 	Train Accuracy     : 0.9000
Valid Loss     : 0.4760	 | 	Valid Accuracy     : 0.9250

Epoch : 9
Train Loss     : 0.4755	 | 	Train Accuracy     : 0.9333
Valid Loss     : 0.4348	 | 	Valid Accuracy     : 0.9500

Epoch : 10
Train Loss     : 0.4248	 | 	Train Accuracy     : 0.9417
Valid Loss     : 0.4012	 | 	Valid Accuracy     : 0.9500

Epoch : 11
Train Loss     : 0.4365	 | 	Train Accuracy     : 0.9000
Valid Loss     : 0.3712	 | 	Valid Accuracy     : 0.9750

Epoch : 12
Train Loss     : 0.3716	 | 	Train Accuracy     : 0.9667
Valid Loss     : 0.3473	 | 	Valid Accuracy     : 0.9750

Epoch : 13
Train Loss     : 0.3749	 | 	Train Accuracy     : 0.9167
Valid Loss     : 0.3236	 | 	Valid Accuracy     : 0.9750

Epoch : 14
Train Loss     : 0.3339	 | 	Train Accuracy     : 0.9500
Valid Loss     : 0.3063	 | 	Valid Accuracy     : 0.9750

Epoch : 15
Train Loss     : 0.3070	 | 	Train Accuracy     : 0.9500
Valid Loss     : 0.2929	 | 	Valid Accuracy     : 0.9750

Epoch : 16
Train Loss     : 0.3138	 | 	Train Accuracy     : 0.9500
Valid Loss     : 0.2796	 | 	Valid Accuracy     : 0.9750

Epoch : 17
Train Loss     : 0.2818	 | 	Train Accuracy     : 0.9667
Valid Loss     : 0.2664	 | 	Valid Accuracy     : 0.9750

Epoch : 18
Train Loss     : 0.2686	 | 	Train Accuracy     : 0.9750
Valid Loss     : 0.2545	 | 	Valid Accuracy     : 0.9750

Epoch : 19
Train Loss     : 0.2682	 | 	Train Accuracy     : 0.9750
Valid Loss     : 0.2443	 | 	Valid Accuracy     : 0.9750

Epoch : 20
Train Loss     : 0.2430	 | 	Train Accuracy     : 0.9583
Valid Loss     : 0.2364	 | 	Valid Accuracy     : 0.9750

Epoch : 21
Train Loss     : 0.2371	 | 	Train Accuracy     : 0.9750
Valid Loss     : 0.2289	 | 	Valid Accuracy     : 0.9750

Epoch : 22
Train Loss     : 0.2362	 | 	Train Accuracy     : 0.9750
Valid Loss     : 0.2227	 | 	Valid Accuracy     : 0.9750

Epoch : 23
Train Loss     : 0.2485	 | 	Train Accuracy     : 0.9667
Valid Loss     : 0.2129	 | 	Valid Accuracy     : 0.9750

Epoch : 24
Train Loss     : 0.2221	 | 	Train Accuracy     : 0.9833
Valid Loss     : 0.2071	 | 	Valid Accuracy     : 0.9750

Epoch : 25
Train Loss     : 0.2229	 | 	Train Accuracy     : 0.9833
Valid Loss     : 0.2007	 | 	Valid Accuracy     : 0.9750

Epoch : 26
Train Loss     : 0.2198	 | 	Train Accuracy     : 0.9750
Valid Loss     : 0.1971	 | 	Valid Accuracy     : 0.9750

Epoch : 27
Train Loss     : 0.2108	 | 	Train Accuracy     : 0.9750
Valid Loss     : 0.1922	 | 	Valid Accuracy     : 0.9750

Epoch : 28
Train Loss     : 0.1940	 | 	Train Accuracy     : 0.9750
Valid Loss     : 0.1883	 | 	Valid Accuracy     : 0.9750

Epoch : 29
Train Loss     : 0.1743	 | 	Train Accuracy     : 0.9917
Valid Loss     : 0.1857	 | 	Valid Accuracy     : 0.9750

Epoch : 30
Train Loss     : 0.1900	 | 	Train Accuracy     : 0.9667
Valid Loss     : 0.1834	 | 	Valid Accuracy     : 0.9750

Evaluate on the Test set:
Test loss      :0.1543	 | Test Accuracy      : 1.0000

################## Training is Done! #########################
Training time is : 0:00:23.192540
