=============================================
Dataset: EMG
Method:  °³¹ßÁß...
Mode:    train_linear
=============================================
Data loaded ...
Training started ....

Epoch : 1
Train Loss     : 0.5969	 | 	Train Accuracy     : 0.7167
Valid Loss     : 0.2549	 | 	Valid Accuracy     : 0.9000

Epoch : 2
Train Loss     : 0.2657	 | 	Train Accuracy     : 0.8833
Valid Loss     : 0.1925	 | 	Valid Accuracy     : 0.9500

Epoch : 3
Train Loss     : 0.2129	 | 	Train Accuracy     : 0.9250
Valid Loss     : 0.2315	 | 	Valid Accuracy     : 0.9250

Epoch : 4
Train Loss     : 0.1328	 | 	Train Accuracy     : 0.9667
Valid Loss     : 0.2580	 | 	Valid Accuracy     : 0.9250

Epoch : 5
Train Loss     : 0.1609	 | 	Train Accuracy     : 0.9583
Valid Loss     : 0.2587	 | 	Valid Accuracy     : 0.9250

Epoch : 6
Train Loss     : 0.1347	 | 	Train Accuracy     : 0.9500
Valid Loss     : 0.2338	 | 	Valid Accuracy     : 0.9500

Epoch : 7
Train Loss     : 0.1839	 | 	Train Accuracy     : 0.9500
Valid Loss     : 0.2241	 | 	Valid Accuracy     : 0.9500

Epoch : 8
Train Loss     : 0.1095	 | 	Train Accuracy     : 0.9583
Valid Loss     : 0.2277	 | 	Valid Accuracy     : 0.9500

Epoch : 9
Train Loss     : 0.1165	 | 	Train Accuracy     : 0.9750
Valid Loss     : 0.2387	 | 	Valid Accuracy     : 0.9500

Epoch : 10
Train Loss     : 0.1153	 | 	Train Accuracy     : 0.9500
Valid Loss     : 0.2477	 | 	Valid Accuracy     : 0.9500

Epoch : 11
Train Loss     : 0.1296	 | 	Train Accuracy     : 0.9583
Valid Loss     : 0.2599	 | 	Valid Accuracy     : 0.9500

Epoch : 12
Train Loss     : 0.1750	 | 	Train Accuracy     : 0.9333
Valid Loss     : 0.2757	 | 	Valid Accuracy     : 0.9500

Epoch : 13
Train Loss     : 0.1079	 | 	Train Accuracy     : 0.9833
Valid Loss     : 0.2761	 | 	Valid Accuracy     : 0.9500

Epoch : 14
Train Loss     : 0.1289	 | 	Train Accuracy     : 0.9667
Valid Loss     : 0.2754	 | 	Valid Accuracy     : 0.9500

Epoch : 15
Train Loss     : 0.1055	 | 	Train Accuracy     : 0.9750
Valid Loss     : 0.2747	 | 	Valid Accuracy     : 0.9500

Epoch : 16
Train Loss     : 0.0991	 | 	Train Accuracy     : 0.9750
Valid Loss     : 0.2723	 | 	Valid Accuracy     : 0.9500

Epoch : 17
Train Loss     : 0.0947	 | 	Train Accuracy     : 0.9750
Valid Loss     : 0.2741	 | 	Valid Accuracy     : 0.9500

Epoch : 18
Train Loss     : 0.1368	 | 	Train Accuracy     : 0.9500
Valid Loss     : 0.2727	 | 	Valid Accuracy     : 0.9500

Epoch : 19
Train Loss     : 0.1226	 | 	Train Accuracy     : 0.9667
Valid Loss     : 0.2707	 | 	Valid Accuracy     : 0.9500

Epoch : 20
Train Loss     : 0.0952	 | 	Train Accuracy     : 0.9750
Valid Loss     : 0.2642	 | 	Valid Accuracy     : 0.9500

Epoch : 21
Train Loss     : 0.1904	 | 	Train Accuracy     : 0.9333
Valid Loss     : 0.2602	 | 	Valid Accuracy     : 0.9500

Epoch : 22
Train Loss     : 0.1166	 | 	Train Accuracy     : 0.9667
Valid Loss     : 0.2605	 | 	Valid Accuracy     : 0.9500

Epoch : 23
Train Loss     : 0.1790	 | 	Train Accuracy     : 0.9333
Valid Loss     : 0.2585	 | 	Valid Accuracy     : 0.9500

Epoch : 24
Train Loss     : 0.0979	 | 	Train Accuracy     : 0.9583
Valid Loss     : 0.2552	 | 	Valid Accuracy     : 0.9500

Epoch : 25
Train Loss     : 0.0891	 | 	Train Accuracy     : 0.9750
Valid Loss     : 0.2543	 | 	Valid Accuracy     : 0.9500

Epoch : 26
Train Loss     : 0.1317	 | 	Train Accuracy     : 0.9333
Valid Loss     : 0.2571	 | 	Valid Accuracy     : 0.9500

Epoch : 27
Train Loss     : 0.1237	 | 	Train Accuracy     : 0.9583
Valid Loss     : 0.2585	 | 	Valid Accuracy     : 0.9500

Epoch : 28
Train Loss     : 0.2026	 | 	Train Accuracy     : 0.9083
Valid Loss     : 0.2598	 | 	Valid Accuracy     : 0.9500

Epoch : 29
Train Loss     : 0.1207	 | 	Train Accuracy     : 0.9583
Valid Loss     : 0.2593	 | 	Valid Accuracy     : 0.9500

Epoch : 30
Train Loss     : 0.1251	 | 	Train Accuracy     : 0.9500
Valid Loss     : 0.2574	 | 	Valid Accuracy     : 0.9500

Evaluate on the Test set:
Test loss      :0.1942	 | Test Accuracy      : 0.9625

################## Training is Done! #########################
Training time is : 0:00:23.316673
