=============================================
Dataset: EMG
Method:  °³¹ßÁß...
Mode:    train_linear
=============================================
Data loaded ...
Training started ....

Epoch : 1
Train Loss     : 0.9430	 | 	Train Accuracy     : 0.5446
Valid Loss     : 0.3107	 | 	Valid Accuracy     : 1.0000

Epoch : 2
Train Loss     : 0.3051	 | 	Train Accuracy     : 0.9107
Valid Loss     : 0.1870	 | 	Valid Accuracy     : 0.9688

Epoch : 3
Train Loss     : 0.1859	 | 	Train Accuracy     : 0.9464
Valid Loss     : 0.0924	 | 	Valid Accuracy     : 1.0000

Epoch : 4
Train Loss     : 0.1690	 | 	Train Accuracy     : 0.9464
Valid Loss     : 0.0650	 | 	Valid Accuracy     : 1.0000

Epoch : 5
Train Loss     : 0.1438	 | 	Train Accuracy     : 0.9643
Valid Loss     : 0.0594	 | 	Valid Accuracy     : 1.0000

Epoch : 6
Train Loss     : 0.2491	 | 	Train Accuracy     : 0.9286
Valid Loss     : 0.0594	 | 	Valid Accuracy     : 1.0000

Epoch : 7
Train Loss     : 0.1519	 | 	Train Accuracy     : 0.9643
Valid Loss     : 0.0436	 | 	Valid Accuracy     : 1.0000

Epoch : 8
Train Loss     : 0.2070	 | 	Train Accuracy     : 0.9018
Valid Loss     : 0.0601	 | 	Valid Accuracy     : 0.9688

Epoch : 9
Train Loss     : 0.1009	 | 	Train Accuracy     : 0.9821
Valid Loss     : 0.0654	 | 	Valid Accuracy     : 0.9688

Epoch : 10
Train Loss     : 0.1143	 | 	Train Accuracy     : 0.9643
Valid Loss     : 0.0495	 | 	Valid Accuracy     : 1.0000

Epoch : 11
Train Loss     : 0.1550	 | 	Train Accuracy     : 0.9464
Valid Loss     : 0.0515	 | 	Valid Accuracy     : 1.0000

Epoch : 12
Train Loss     : 0.1648	 | 	Train Accuracy     : 0.9375
Valid Loss     : 0.0579	 | 	Valid Accuracy     : 1.0000

Epoch : 13
Train Loss     : 0.1570	 | 	Train Accuracy     : 0.9643
Valid Loss     : 0.0732	 | 	Valid Accuracy     : 0.9688

Epoch : 14
Train Loss     : 0.1357	 | 	Train Accuracy     : 0.9464
Valid Loss     : 0.0357	 | 	Valid Accuracy     : 1.0000

Epoch : 15
Train Loss     : 0.1243	 | 	Train Accuracy     : 0.9643
Valid Loss     : 0.0419	 | 	Valid Accuracy     : 1.0000

Epoch : 16
Train Loss     : 0.0939	 | 	Train Accuracy     : 0.9732
Valid Loss     : 0.0598	 | 	Valid Accuracy     : 0.9688

Epoch : 17
Train Loss     : 0.0765	 | 	Train Accuracy     : 0.9821
Valid Loss     : 0.0440	 | 	Valid Accuracy     : 1.0000

Epoch : 18
Train Loss     : 0.0988	 | 	Train Accuracy     : 0.9732
Valid Loss     : 0.0338	 | 	Valid Accuracy     : 1.0000

Epoch : 19
Train Loss     : 0.0753	 | 	Train Accuracy     : 0.9821
Valid Loss     : 0.0320	 | 	Valid Accuracy     : 1.0000

Epoch : 20
Train Loss     : 0.1504	 | 	Train Accuracy     : 0.9554
Valid Loss     : 0.0740	 | 	Valid Accuracy     : 0.9688

Epoch : 21
Train Loss     : 0.2072	 | 	Train Accuracy     : 0.9286
Valid Loss     : 0.0412	 | 	Valid Accuracy     : 0.9688

Epoch : 22
Train Loss     : 0.2268	 | 	Train Accuracy     : 0.9196
Valid Loss     : 0.0303	 | 	Valid Accuracy     : 1.0000

Epoch : 23
Train Loss     : 0.0967	 | 	Train Accuracy     : 0.9643
Valid Loss     : 0.0201	 | 	Valid Accuracy     : 1.0000

Epoch : 24
Train Loss     : 0.0811	 | 	Train Accuracy     : 0.9911
Valid Loss     : 0.0364	 | 	Valid Accuracy     : 1.0000

Epoch : 25
Train Loss     : 0.1088	 | 	Train Accuracy     : 0.9732
Valid Loss     : 0.0241	 | 	Valid Accuracy     : 1.0000

Epoch : 26
Train Loss     : 0.0927	 | 	Train Accuracy     : 0.9732
Valid Loss     : 0.0274	 | 	Valid Accuracy     : 1.0000

Epoch : 27
Train Loss     : 0.0841	 | 	Train Accuracy     : 0.9643
Valid Loss     : 0.0234	 | 	Valid Accuracy     : 1.0000

Epoch : 28
Train Loss     : 0.2010	 | 	Train Accuracy     : 0.9464
Valid Loss     : 0.0214	 | 	Valid Accuracy     : 1.0000

Epoch : 29
Train Loss     : 0.0963	 | 	Train Accuracy     : 0.9643
Valid Loss     : 0.1118	 | 	Valid Accuracy     : 0.9375

Epoch : 30
Train Loss     : 0.0964	 | 	Train Accuracy     : 0.9821
Valid Loss     : 0.1381	 | 	Valid Accuracy     : 0.9375

Epoch : 31
Train Loss     : 0.1181	 | 	Train Accuracy     : 0.9375
Valid Loss     : 0.0195	 | 	Valid Accuracy     : 1.0000

Epoch : 32
Train Loss     : 0.1372	 | 	Train Accuracy     : 0.9375
Valid Loss     : 0.0167	 | 	Valid Accuracy     : 1.0000

Epoch : 33
Train Loss     : 0.1257	 | 	Train Accuracy     : 0.9554
Valid Loss     : 0.0266	 | 	Valid Accuracy     : 1.0000

Epoch : 34
Train Loss     : 0.1161	 | 	Train Accuracy     : 0.9554
Valid Loss     : 0.0598	 | 	Valid Accuracy     : 0.9688

Epoch : 35
Train Loss     : 0.1038	 | 	Train Accuracy     : 0.9732
Valid Loss     : 0.0417	 | 	Valid Accuracy     : 0.9688

Epoch : 36
Train Loss     : 0.0753	 | 	Train Accuracy     : 0.9821
Valid Loss     : 0.0252	 | 	Valid Accuracy     : 1.0000

Epoch : 37
Train Loss     : 0.0977	 | 	Train Accuracy     : 0.9554
Valid Loss     : 0.0197	 | 	Valid Accuracy     : 1.0000

Epoch : 38
Train Loss     : 0.0979	 | 	Train Accuracy     : 0.9821
Valid Loss     : 0.0224	 | 	Valid Accuracy     : 1.0000

Epoch : 39
Train Loss     : 0.1364	 | 	Train Accuracy     : 0.9732
Valid Loss     : 0.0233	 | 	Valid Accuracy     : 1.0000

Epoch : 40
Train Loss     : 0.1002	 | 	Train Accuracy     : 0.9821
Valid Loss     : 0.0240	 | 	Valid Accuracy     : 1.0000

Evaluate on the Test set:
Test loss      :0.0316	 | Test Accuracy      : 1.0000

################## Training is Done! #########################
Training time is : 0:00:28.481054
