=============================================
Dataset: EMG
Method:  °³¹ßÁß...
Mode:    supervised
=============================================
Data loaded ...
Training started ....

Epoch : 1
Train Loss     : 0.6984	 | 	Train Accuracy     : 0.7250
Valid Loss     : 0.3103	 | 	Valid Accuracy     : 0.9250

Epoch : 2
Train Loss     : 0.4444	 | 	Train Accuracy     : 0.8500
Valid Loss     : 0.3623	 | 	Valid Accuracy     : 0.8250

Epoch : 3
Train Loss     : 0.3570	 | 	Train Accuracy     : 0.8833
Valid Loss     : 0.1278	 | 	Valid Accuracy     : 0.9750

Epoch : 4
Train Loss     : 0.5303	 | 	Train Accuracy     : 0.8000
Valid Loss     : 0.6977	 | 	Valid Accuracy     : 0.8250

Epoch : 5
Train Loss     : 0.2008	 | 	Train Accuracy     : 0.9583
Valid Loss     : 0.2702	 | 	Valid Accuracy     : 0.9000

Epoch : 6
Train Loss     : 0.1474	 | 	Train Accuracy     : 0.9583
Valid Loss     : 0.3214	 | 	Valid Accuracy     : 0.8750

Epoch : 7
Train Loss     : 0.2126	 | 	Train Accuracy     : 0.9333
Valid Loss     : 0.3765	 | 	Valid Accuracy     : 0.8750

Epoch : 8
Train Loss     : 0.1499	 | 	Train Accuracy     : 0.9500
Valid Loss     : 0.1520	 | 	Valid Accuracy     : 0.9500

Epoch : 9
Train Loss     : 0.0620	 | 	Train Accuracy     : 0.9833
Valid Loss     : 0.1412	 | 	Valid Accuracy     : 0.9750

Epoch : 10
Train Loss     : 0.0786	 | 	Train Accuracy     : 0.9500
Valid Loss     : 0.3317	 | 	Valid Accuracy     : 0.8500

Epoch : 11
Train Loss     : 0.1217	 | 	Train Accuracy     : 0.9583
Valid Loss     : 0.2869	 | 	Valid Accuracy     : 0.8750

Epoch : 12
Train Loss     : 0.0901	 | 	Train Accuracy     : 0.9750
Valid Loss     : 0.2810	 | 	Valid Accuracy     : 0.9500

Epoch : 13
Train Loss     : 0.1648	 | 	Train Accuracy     : 0.9500
Valid Loss     : 0.1116	 | 	Valid Accuracy     : 0.9750

Epoch : 14
Train Loss     : 0.1883	 | 	Train Accuracy     : 0.9250
Valid Loss     : 0.3211	 | 	Valid Accuracy     : 0.8750

Epoch : 15
Train Loss     : 0.0385	 | 	Train Accuracy     : 0.9917
Valid Loss     : 0.2280	 | 	Valid Accuracy     : 0.9000

Epoch : 16
Train Loss     : 0.1926	 | 	Train Accuracy     : 0.9583
Valid Loss     : 0.5550	 | 	Valid Accuracy     : 0.8750

Epoch : 17
Train Loss     : 0.1896	 | 	Train Accuracy     : 0.9333
Valid Loss     : 0.3577	 | 	Valid Accuracy     : 0.8750

Epoch : 18
Train Loss     : 0.1992	 | 	Train Accuracy     : 0.9417
Valid Loss     : 0.0924	 | 	Valid Accuracy     : 0.9750

Epoch : 19
Train Loss     : 0.0791	 | 	Train Accuracy     : 0.9917
Valid Loss     : 0.1678	 | 	Valid Accuracy     : 0.9000

Epoch : 20
Train Loss     : 0.0610	 | 	Train Accuracy     : 0.9833
Valid Loss     : 0.1380	 | 	Valid Accuracy     : 0.9750

Epoch : 21
Train Loss     : 0.2010	 | 	Train Accuracy     : 0.9417
Valid Loss     : 0.2072	 | 	Valid Accuracy     : 0.9500

Epoch : 22
Train Loss     : 0.0540	 | 	Train Accuracy     : 0.9833
Valid Loss     : 0.1716	 | 	Valid Accuracy     : 0.9250

Epoch : 23
Train Loss     : 0.1557	 | 	Train Accuracy     : 0.9583
Valid Loss     : 0.6389	 | 	Valid Accuracy     : 0.7000

Epoch : 24
Train Loss     : 0.1777	 | 	Train Accuracy     : 0.9417
Valid Loss     : 0.1957	 | 	Valid Accuracy     : 0.9250

Epoch : 25
Train Loss     : 0.1615	 | 	Train Accuracy     : 0.9583
Valid Loss     : 0.3278	 | 	Valid Accuracy     : 0.9000

Epoch : 26
Train Loss     : 0.0614	 | 	Train Accuracy     : 0.9750
Valid Loss     : 0.1624	 | 	Valid Accuracy     : 0.9750

Epoch : 27
Train Loss     : 0.0863	 | 	Train Accuracy     : 0.9917
Valid Loss     : 0.2745	 | 	Valid Accuracy     : 0.9000

Epoch : 28
Train Loss     : 0.1876	 | 	Train Accuracy     : 0.9500
Valid Loss     : 0.1841	 | 	Valid Accuracy     : 0.9500

Epoch : 29
Train Loss     : 0.1330	 | 	Train Accuracy     : 0.9417
Valid Loss     : 0.1742	 | 	Valid Accuracy     : 0.9500

Epoch : 30
Train Loss     : 0.0260	 | 	Train Accuracy     : 1.0000
Valid Loss     : 0.1564	 | 	Valid Accuracy     : 0.9750

Evaluate on the Test set:
Test loss      :0.2177	 | Test Accuracy      : 0.9091

################## Training is Done! #########################
Training time is : 0:01:18.607130
