=============================================
Dataset: EMG
Method:  °³¹ßÁß...
Mode:    supervised
=============================================
Data loaded ...
Training started ....

Epoch : 1
Train Loss     : 0.7847	 | 	Train Accuracy     : 0.7300
Valid Loss     : 175.9059	 | 	Valid Accuracy     : 0.3600

Epoch : 2
Train Loss     : 0.2385	 | 	Train Accuracy     : 0.9200
Valid Loss     : 3441.4868	 | 	Valid Accuracy     : 0.3600

Epoch : 3
Train Loss     : 0.0740	 | 	Train Accuracy     : 0.9800
Valid Loss     : 109.8756	 | 	Valid Accuracy     : 0.0400

Epoch : 4
Train Loss     : 0.0394	 | 	Train Accuracy     : 0.9900
Valid Loss     : 13.1120	 | 	Valid Accuracy     : 0.1600

Epoch : 5
Train Loss     : 0.0380	 | 	Train Accuracy     : 0.9800
Valid Loss     : 4.1498	 | 	Valid Accuracy     : 0.6800

Epoch : 6
Train Loss     : 0.0330	 | 	Train Accuracy     : 0.9800
Valid Loss     : 5.6679	 | 	Valid Accuracy     : 0.2400

Epoch : 7
Train Loss     : 0.0612	 | 	Train Accuracy     : 0.9800
Valid Loss     : 21.5393	 | 	Valid Accuracy     : 0.0800

Epoch : 8
Train Loss     : 0.0107	 | 	Train Accuracy     : 1.0000
Valid Loss     : 22.3873	 | 	Valid Accuracy     : 0.1200

Epoch : 9
Train Loss     : 0.0524	 | 	Train Accuracy     : 0.9700
Valid Loss     : 7.0424	 | 	Valid Accuracy     : 0.5600

Epoch : 10
Train Loss     : 0.1070	 | 	Train Accuracy     : 0.9500
Valid Loss     : 4.9455	 | 	Valid Accuracy     : 0.8400

Epoch : 11
Train Loss     : 0.0124	 | 	Train Accuracy     : 1.0000
Valid Loss     : 2.2934	 | 	Valid Accuracy     : 0.8800

Epoch : 12
Train Loss     : 0.0343	 | 	Train Accuracy     : 0.9900
Valid Loss     : 2.2834	 | 	Valid Accuracy     : 0.9200

Epoch : 13
Train Loss     : 0.0245	 | 	Train Accuracy     : 0.9900
Valid Loss     : 3.0893	 | 	Valid Accuracy     : 0.9200

Epoch : 14
Train Loss     : 0.0105	 | 	Train Accuracy     : 1.0000
Valid Loss     : 2.6518	 | 	Valid Accuracy     : 0.9200

Epoch : 15
Train Loss     : 0.0101	 | 	Train Accuracy     : 1.0000
Valid Loss     : 1.8646	 | 	Valid Accuracy     : 0.9200

Epoch : 16
Train Loss     : 0.0011	 | 	Train Accuracy     : 1.0000
Valid Loss     : 1.3791	 | 	Valid Accuracy     : 0.9200

Epoch : 17
Train Loss     : 0.0005	 | 	Train Accuracy     : 1.0000
Valid Loss     : 1.0400	 | 	Valid Accuracy     : 0.9200

Epoch : 18
Train Loss     : 0.0373	 | 	Train Accuracy     : 0.9900
Valid Loss     : 0.9409	 | 	Valid Accuracy     : 0.9200

Epoch : 19
Train Loss     : 0.0074	 | 	Train Accuracy     : 1.0000
Valid Loss     : 0.7103	 | 	Valid Accuracy     : 0.8800

Epoch : 20
Train Loss     : 0.0012	 | 	Train Accuracy     : 1.0000
Valid Loss     : 0.5661	 | 	Valid Accuracy     : 0.8800

Epoch : 21
Train Loss     : 0.0659	 | 	Train Accuracy     : 0.9800
Valid Loss     : 0.5423	 | 	Valid Accuracy     : 0.9200

Epoch : 22
Train Loss     : 0.0197	 | 	Train Accuracy     : 1.0000
Valid Loss     : 0.4902	 | 	Valid Accuracy     : 0.9200

Epoch : 23
Train Loss     : 0.0419	 | 	Train Accuracy     : 0.9800
Valid Loss     : 0.9504	 | 	Valid Accuracy     : 0.9200

Epoch : 24
Train Loss     : 0.0040	 | 	Train Accuracy     : 1.0000
Valid Loss     : 1.6041	 | 	Valid Accuracy     : 0.9200
