=============================================
Dataset: EMG
Method:  °³¹ßÁß...
Mode:    supervised
=============================================
Data loaded ...
Training started ....

Epoch : 1
Train Loss     : 0.2850	 | 	Train Accuracy     : 0.9167
Valid Loss     : 0.6304	 | 	Valid Accuracy     : 0.7750

Epoch : 2
Train Loss     : 0.1930	 | 	Train Accuracy     : 0.9417
Valid Loss     : 0.1181	 | 	Valid Accuracy     : 0.9750

Epoch : 3
Train Loss     : 0.0214	 | 	Train Accuracy     : 0.9917
Valid Loss     : 0.0964	 | 	Valid Accuracy     : 0.9500

Epoch : 4
Train Loss     : 0.0153	 | 	Train Accuracy     : 1.0000
Valid Loss     : 0.0883	 | 	Valid Accuracy     : 0.9750

Epoch : 5
Train Loss     : 0.0423	 | 	Train Accuracy     : 0.9917
Valid Loss     : 0.0441	 | 	Valid Accuracy     : 0.9750

Epoch : 6
Train Loss     : 0.0183	 | 	Train Accuracy     : 1.0000
Valid Loss     : 0.2122	 | 	Valid Accuracy     : 0.9500

Epoch : 7
Train Loss     : 0.0088	 | 	Train Accuracy     : 1.0000
Valid Loss     : 0.1421	 | 	Valid Accuracy     : 0.9500

Epoch : 8
Train Loss     : 0.1203	 | 	Train Accuracy     : 0.9583
Valid Loss     : 0.1039	 | 	Valid Accuracy     : 0.9500

Epoch : 9
Train Loss     : 0.0465	 | 	Train Accuracy     : 0.9917
Valid Loss     : 0.0235	 | 	Valid Accuracy     : 1.0000

Epoch : 10
Train Loss     : 0.1604	 | 	Train Accuracy     : 0.9833
Valid Loss     : 0.0367	 | 	Valid Accuracy     : 0.9750

Epoch : 11
Train Loss     : 0.0197	 | 	Train Accuracy     : 1.0000
Valid Loss     : 0.1901	 | 	Valid Accuracy     : 0.9750

Epoch : 12
Train Loss     : 0.0240	 | 	Train Accuracy     : 0.9917
Valid Loss     : 0.3140	 | 	Valid Accuracy     : 0.9500

Epoch : 13
Train Loss     : 0.0292	 | 	Train Accuracy     : 0.9917
Valid Loss     : 0.1361	 | 	Valid Accuracy     : 0.9500

Epoch : 14
Train Loss     : 0.0162	 | 	Train Accuracy     : 0.9917
Valid Loss     : 0.0643	 | 	Valid Accuracy     : 0.9750

Epoch : 15
Train Loss     : 0.0024	 | 	Train Accuracy     : 1.0000
Valid Loss     : 0.0682	 | 	Valid Accuracy     : 0.9500

Epoch : 16
Train Loss     : 0.0022	 | 	Train Accuracy     : 1.0000
Valid Loss     : 0.0568	 | 	Valid Accuracy     : 0.9500

Epoch : 17
Train Loss     : 0.0027	 | 	Train Accuracy     : 1.0000
Valid Loss     : 0.0665	 | 	Valid Accuracy     : 0.9750

Epoch : 18
Train Loss     : 0.0042	 | 	Train Accuracy     : 1.0000
Valid Loss     : 0.0217	 | 	Valid Accuracy     : 0.9750

Epoch : 19
Train Loss     : 0.0031	 | 	Train Accuracy     : 1.0000
Valid Loss     : 0.0248	 | 	Valid Accuracy     : 0.9750

Epoch : 20
Train Loss     : 0.0026	 | 	Train Accuracy     : 1.0000
Valid Loss     : 0.0224	 | 	Valid Accuracy     : 0.9750

Epoch : 21
Train Loss     : 0.0060	 | 	Train Accuracy     : 1.0000
Valid Loss     : 0.0087	 | 	Valid Accuracy     : 1.0000

Epoch : 22
Train Loss     : 0.0038	 | 	Train Accuracy     : 1.0000
Valid Loss     : 0.0090	 | 	Valid Accuracy     : 1.0000

Epoch : 23
Train Loss     : 0.0041	 | 	Train Accuracy     : 1.0000
Valid Loss     : 0.0071	 | 	Valid Accuracy     : 1.0000

Epoch : 24
Train Loss     : 0.0010	 | 	Train Accuracy     : 1.0000
Valid Loss     : 0.0045	 | 	Valid Accuracy     : 1.0000

Epoch : 25
Train Loss     : 0.0007	 | 	Train Accuracy     : 1.0000
Valid Loss     : 0.0078	 | 	Valid Accuracy     : 1.0000

Epoch : 26
Train Loss     : 0.0009	 | 	Train Accuracy     : 1.0000
Valid Loss     : 0.0081	 | 	Valid Accuracy     : 1.0000

Epoch : 27
Train Loss     : 0.0011	 | 	Train Accuracy     : 1.0000
Valid Loss     : 0.0074	 | 	Valid Accuracy     : 1.0000

Epoch : 28
Train Loss     : 0.0010	 | 	Train Accuracy     : 1.0000
Valid Loss     : 0.0086	 | 	Valid Accuracy     : 1.0000

Epoch : 29
Train Loss     : 0.0010	 | 	Train Accuracy     : 1.0000
Valid Loss     : 0.0154	 | 	Valid Accuracy     : 1.0000

Epoch : 30
Train Loss     : 0.0006	 | 	Train Accuracy     : 1.0000
Valid Loss     : 0.0206	 | 	Valid Accuracy     : 1.0000

Evaluate on the Test set:
Test loss      :0.2950	 | Test Accuracy      : 0.9792

################## Training is Done! #########################
Training time is : 0:00:58.647155
