=============================================
Dataset: EMG
Method:  °³¹ßÁß...
Mode:    supervised
=============================================
Data loaded ...
Training started ....

Epoch : 1
Train Loss     : 0.2728	 | 	Train Accuracy     : 0.8750
Valid Loss     : 1.3359	 | 	Valid Accuracy     : 0.4250

Epoch : 2
Train Loss     : 0.0401	 | 	Train Accuracy     : 0.9917
Valid Loss     : 0.3881	 | 	Valid Accuracy     : 0.9250

Epoch : 3
Train Loss     : 0.0378	 | 	Train Accuracy     : 0.9833
Valid Loss     : 0.3136	 | 	Valid Accuracy     : 0.9500

Epoch : 4
Train Loss     : 0.0039	 | 	Train Accuracy     : 1.0000
Valid Loss     : 0.4080	 | 	Valid Accuracy     : 0.9500

Epoch : 5
Train Loss     : 0.0301	 | 	Train Accuracy     : 0.9917
Valid Loss     : 0.0399	 | 	Valid Accuracy     : 0.9750

Epoch : 6
Train Loss     : 0.0042	 | 	Train Accuracy     : 1.0000
Valid Loss     : 0.0611	 | 	Valid Accuracy     : 0.9750

Epoch : 7
Train Loss     : 0.0364	 | 	Train Accuracy     : 0.9917
Valid Loss     : 0.0082	 | 	Valid Accuracy     : 1.0000

Epoch : 8
Train Loss     : 0.0628	 | 	Train Accuracy     : 0.9833
Valid Loss     : 0.1272	 | 	Valid Accuracy     : 0.9500

Epoch : 9
Train Loss     : 0.0404	 | 	Train Accuracy     : 0.9833
Valid Loss     : 0.1600	 | 	Valid Accuracy     : 0.9500

Epoch : 10
Train Loss     : 0.0916	 | 	Train Accuracy     : 0.9750
Valid Loss     : 0.0490	 | 	Valid Accuracy     : 0.9750

Epoch : 11
Train Loss     : 0.0124	 | 	Train Accuracy     : 1.0000
Valid Loss     : 0.0545	 | 	Valid Accuracy     : 0.9750

Epoch : 12
Train Loss     : 0.0039	 | 	Train Accuracy     : 1.0000
Valid Loss     : 0.0697	 | 	Valid Accuracy     : 0.9500

Epoch : 13
Train Loss     : 0.0036	 | 	Train Accuracy     : 1.0000
Valid Loss     : 0.0978	 | 	Valid Accuracy     : 0.9500

Epoch : 14
Train Loss     : 0.0067	 | 	Train Accuracy     : 1.0000
Valid Loss     : 0.1363	 | 	Valid Accuracy     : 0.9500

Epoch : 15
Train Loss     : 0.0013	 | 	Train Accuracy     : 1.0000
Valid Loss     : 0.1475	 | 	Valid Accuracy     : 0.9750

Epoch : 16
Train Loss     : 0.0014	 | 	Train Accuracy     : 1.0000
Valid Loss     : 0.1092	 | 	Valid Accuracy     : 0.9750

Epoch : 17
Train Loss     : 0.0022	 | 	Train Accuracy     : 1.0000
Valid Loss     : 0.0626	 | 	Valid Accuracy     : 0.9750

Epoch : 18
Train Loss     : 0.0014	 | 	Train Accuracy     : 1.0000
Valid Loss     : 0.0309	 | 	Valid Accuracy     : 0.9750

Epoch : 19
Train Loss     : 0.0021	 | 	Train Accuracy     : 1.0000
Valid Loss     : 0.0288	 | 	Valid Accuracy     : 0.9750

Epoch : 20
Train Loss     : 0.0007	 | 	Train Accuracy     : 1.0000
Valid Loss     : 0.0263	 | 	Valid Accuracy     : 1.0000

Epoch : 21
Train Loss     : 0.0004	 | 	Train Accuracy     : 1.0000
Valid Loss     : 0.0252	 | 	Valid Accuracy     : 1.0000

Epoch : 22
Train Loss     : 0.0004	 | 	Train Accuracy     : 1.0000
Valid Loss     : 0.0243	 | 	Valid Accuracy     : 1.0000

Epoch : 23
Train Loss     : 0.0010	 | 	Train Accuracy     : 1.0000
Valid Loss     : 0.0255	 | 	Valid Accuracy     : 1.0000

Epoch : 24
Train Loss     : 0.0006	 | 	Train Accuracy     : 1.0000
Valid Loss     : 0.0271	 | 	Valid Accuracy     : 1.0000

Epoch : 25
Train Loss     : 0.0007	 | 	Train Accuracy     : 1.0000
Valid Loss     : 0.0297	 | 	Valid Accuracy     : 0.9750

Epoch : 26
Train Loss     : 0.0465	 | 	Train Accuracy     : 0.9917
Valid Loss     : 0.0123	 | 	Valid Accuracy     : 1.0000

Epoch : 27
Train Loss     : 0.0015	 | 	Train Accuracy     : 1.0000
Valid Loss     : 0.0081	 | 	Valid Accuracy     : 1.0000

Epoch : 28
Train Loss     : 0.0221	 | 	Train Accuracy     : 0.9917
Valid Loss     : 0.0077	 | 	Valid Accuracy     : 1.0000

Epoch : 29
Train Loss     : 0.0005	 | 	Train Accuracy     : 1.0000
Valid Loss     : 0.0070	 | 	Valid Accuracy     : 1.0000

Epoch : 30
Train Loss     : 0.0028	 | 	Train Accuracy     : 1.0000
Valid Loss     : 0.0078	 | 	Valid Accuracy     : 1.0000

Evaluate on the Test set:
Test loss      :0.1458	 | Test Accuracy      : 0.9833

################## Training is Done! #########################
Training time is : 0:00:46.838340
