=============================================
Dataset: EMG
Method:  °³¹ßÁß...
Mode:    supervised
=============================================
Data loaded ...
Training started ....

Epoch : 1
Train Loss     : 0.2718	 | 	Train Accuracy     : 0.8750
Valid Loss     : 1.1828	 | 	Valid Accuracy     : 0.4500

Epoch : 2
Train Loss     : 0.0448	 | 	Train Accuracy     : 0.9833
Valid Loss     : 0.6656	 | 	Valid Accuracy     : 0.6750

Epoch : 3
Train Loss     : 0.0082	 | 	Train Accuracy     : 1.0000
Valid Loss     : 0.1774	 | 	Valid Accuracy     : 0.9500

Epoch : 4
Train Loss     : 0.0047	 | 	Train Accuracy     : 1.0000
Valid Loss     : 0.1468	 | 	Valid Accuracy     : 0.9500

Epoch : 5
Train Loss     : 0.0022	 | 	Train Accuracy     : 1.0000
Valid Loss     : 0.0534	 | 	Valid Accuracy     : 0.9750

Epoch : 6
Train Loss     : 0.0048	 | 	Train Accuracy     : 1.0000
Valid Loss     : 0.0220	 | 	Valid Accuracy     : 0.9750

Epoch : 7
Train Loss     : 0.0004	 | 	Train Accuracy     : 1.0000
Valid Loss     : 0.0124	 | 	Valid Accuracy     : 1.0000

Epoch : 8
Train Loss     : 0.0005	 | 	Train Accuracy     : 1.0000
Valid Loss     : 0.0127	 | 	Valid Accuracy     : 1.0000

Epoch : 9
Train Loss     : 0.0010	 | 	Train Accuracy     : 1.0000
Valid Loss     : 0.0161	 | 	Valid Accuracy     : 1.0000

Epoch : 10
Train Loss     : 0.0178	 | 	Train Accuracy     : 0.9917
Valid Loss     : 0.0136	 | 	Valid Accuracy     : 1.0000

Epoch : 11
Train Loss     : 0.0077	 | 	Train Accuracy     : 1.0000
Valid Loss     : 0.0705	 | 	Valid Accuracy     : 0.9750

Epoch : 12
Train Loss     : 0.0021	 | 	Train Accuracy     : 1.0000
Valid Loss     : 0.1837	 | 	Valid Accuracy     : 0.9500

Epoch : 13
Train Loss     : 0.0033	 | 	Train Accuracy     : 1.0000
Valid Loss     : 0.2669	 | 	Valid Accuracy     : 0.9500

Epoch : 14
Train Loss     : 0.0007	 | 	Train Accuracy     : 1.0000
Valid Loss     : 0.2483	 | 	Valid Accuracy     : 0.9500

Epoch : 15
Train Loss     : 0.0013	 | 	Train Accuracy     : 1.0000
Valid Loss     : 0.2106	 | 	Valid Accuracy     : 0.9500

Epoch : 16
Train Loss     : 0.0004	 | 	Train Accuracy     : 1.0000
Valid Loss     : 0.1520	 | 	Valid Accuracy     : 0.9500

Epoch : 17
Train Loss     : 0.0003	 | 	Train Accuracy     : 1.0000
Valid Loss     : 0.1406	 | 	Valid Accuracy     : 0.9500

Epoch : 18
Train Loss     : 0.0200	 | 	Train Accuracy     : 0.9917
Valid Loss     : 0.1073	 | 	Valid Accuracy     : 0.9750

Epoch : 19
Train Loss     : 0.0178	 | 	Train Accuracy     : 1.0000
Valid Loss     : 0.0258	 | 	Valid Accuracy     : 1.0000

Epoch : 20
Train Loss     : 0.0073	 | 	Train Accuracy     : 1.0000
Valid Loss     : 0.0067	 | 	Valid Accuracy     : 1.0000

Epoch : 21
Train Loss     : 0.0057	 | 	Train Accuracy     : 1.0000
Valid Loss     : 0.0048	 | 	Valid Accuracy     : 1.0000

Epoch : 22
Train Loss     : 0.0053	 | 	Train Accuracy     : 1.0000
Valid Loss     : 0.0046	 | 	Valid Accuracy     : 1.0000

Epoch : 23
Train Loss     : 0.0015	 | 	Train Accuracy     : 1.0000
Valid Loss     : 0.0052	 | 	Valid Accuracy     : 1.0000

Epoch : 24
Train Loss     : 0.0013	 | 	Train Accuracy     : 1.0000
Valid Loss     : 0.0046	 | 	Valid Accuracy     : 1.0000

Epoch : 25
Train Loss     : 0.0031	 | 	Train Accuracy     : 1.0000
Valid Loss     : 0.0052	 | 	Valid Accuracy     : 1.0000

Epoch : 26
Train Loss     : 0.0009	 | 	Train Accuracy     : 1.0000
Valid Loss     : 0.0053	 | 	Valid Accuracy     : 1.0000

Epoch : 27
Train Loss     : 0.0019	 | 	Train Accuracy     : 1.0000
Valid Loss     : 0.0046	 | 	Valid Accuracy     : 1.0000

Epoch : 28
Train Loss     : 0.0009	 | 	Train Accuracy     : 1.0000
Valid Loss     : 0.0049	 | 	Valid Accuracy     : 1.0000

Epoch : 29
Train Loss     : 0.0007	 | 	Train Accuracy     : 1.0000
Valid Loss     : 0.0049	 | 	Valid Accuracy     : 1.0000

Epoch : 30
Train Loss     : 0.0046	 | 	Train Accuracy     : 1.0000
Valid Loss     : 0.0052	 | 	Valid Accuracy     : 1.0000

Evaluate on the Test set:
Test loss      :0.3670	 | Test Accuracy      : 0.9333

################## Training is Done! #########################
Training time is : 0:00:46.891054
