=============================================
Dataset: EMG
Method:  °³¹ßÁß...
Mode:    supervised
=============================================
Data loaded ...
Training started ....

Epoch : 1
Train Loss     : 0.3881	 | 	Train Accuracy     : 0.7917
Valid Loss     : 861.9050	 | 	Valid Accuracy     : 0.1250

Epoch : 2
Train Loss     : 0.1280	 | 	Train Accuracy     : 0.9417
Valid Loss     : 273.7004	 | 	Valid Accuracy     : 0.1250

Epoch : 3
Train Loss     : 0.2979	 | 	Train Accuracy     : 0.9167
Valid Loss     : 517.2191	 | 	Valid Accuracy     : 0.1250

Epoch : 4
Train Loss     : 0.0515	 | 	Train Accuracy     : 0.9917
Valid Loss     : 559.5656	 | 	Valid Accuracy     : 0.1250

Epoch : 5
Train Loss     : 0.0225	 | 	Train Accuracy     : 1.0000
Valid Loss     : 120.9132	 | 	Valid Accuracy     : 0.1250

Epoch : 6
Train Loss     : 0.0068	 | 	Train Accuracy     : 1.0000
Valid Loss     : 35.8562	 | 	Valid Accuracy     : 0.4750

Epoch : 7
Train Loss     : 0.0164	 | 	Train Accuracy     : 0.9917
Valid Loss     : 15.7699	 | 	Valid Accuracy     : 0.5250

Epoch : 8
Train Loss     : 0.0161	 | 	Train Accuracy     : 1.0000
Valid Loss     : 11.1380	 | 	Valid Accuracy     : 0.5250

Epoch : 9
Train Loss     : 0.0073	 | 	Train Accuracy     : 1.0000
Valid Loss     : 5.4876	 | 	Valid Accuracy     : 0.5250

Epoch : 10
Train Loss     : 0.0031	 | 	Train Accuracy     : 1.0000
Valid Loss     : 2.9456	 | 	Valid Accuracy     : 0.5500

Epoch : 11
Train Loss     : 0.0516	 | 	Train Accuracy     : 0.9833
Valid Loss     : 3.4297	 | 	Valid Accuracy     : 0.9250

Epoch : 12
Train Loss     : 0.0415	 | 	Train Accuracy     : 0.9833
Valid Loss     : 2.6560	 | 	Valid Accuracy     : 0.9250

Epoch : 13
Train Loss     : 0.0024	 | 	Train Accuracy     : 1.0000
Valid Loss     : 1.7267	 | 	Valid Accuracy     : 0.9250

Epoch : 14
Train Loss     : 0.0075	 | 	Train Accuracy     : 0.9917
Valid Loss     : 1.1107	 | 	Valid Accuracy     : 0.9250

Epoch : 15
Train Loss     : 0.0185	 | 	Train Accuracy     : 0.9917
Valid Loss     : 0.6517	 | 	Valid Accuracy     : 0.9250

Epoch : 16
Train Loss     : 0.0222	 | 	Train Accuracy     : 0.9917
Valid Loss     : 0.2394	 | 	Valid Accuracy     : 0.9500

Epoch : 17
Train Loss     : 0.0070	 | 	Train Accuracy     : 1.0000
Valid Loss     : 0.1020	 | 	Valid Accuracy     : 0.9750

Epoch : 18
Train Loss     : 0.0088	 | 	Train Accuracy     : 1.0000
Valid Loss     : 0.0114	 | 	Valid Accuracy     : 1.0000

Epoch : 19
Train Loss     : 0.0088	 | 	Train Accuracy     : 1.0000
Valid Loss     : 0.0345	 | 	Valid Accuracy     : 0.9750

Epoch : 20
Train Loss     : 0.0029	 | 	Train Accuracy     : 1.0000
Valid Loss     : 0.1162	 | 	Valid Accuracy     : 0.9750

Epoch : 21
Train Loss     : 0.0008	 | 	Train Accuracy     : 1.0000
Valid Loss     : 0.1519	 | 	Valid Accuracy     : 0.9750

Epoch : 22
Train Loss     : 0.0011	 | 	Train Accuracy     : 1.0000
Valid Loss     : 0.1703	 | 	Valid Accuracy     : 0.9750

Epoch : 23
Train Loss     : 0.0016	 | 	Train Accuracy     : 1.0000
Valid Loss     : 0.1788	 | 	Valid Accuracy     : 0.9750

Epoch : 24
Train Loss     : 0.0006	 | 	Train Accuracy     : 1.0000
Valid Loss     : 0.1903	 | 	Valid Accuracy     : 0.9750

Epoch : 25
Train Loss     : 0.0003	 | 	Train Accuracy     : 1.0000
Valid Loss     : 0.2000	 | 	Valid Accuracy     : 0.9750

Epoch : 26
Train Loss     : 0.0018	 | 	Train Accuracy     : 1.0000
Valid Loss     : 0.1971	 | 	Valid Accuracy     : 0.9750

Epoch : 27
Train Loss     : 0.0018	 | 	Train Accuracy     : 1.0000
Valid Loss     : 0.1960	 | 	Valid Accuracy     : 0.9750

Epoch : 28
Train Loss     : 0.0005	 | 	Train Accuracy     : 1.0000
Valid Loss     : 0.1905	 | 	Valid Accuracy     : 0.9750

Epoch : 29
Train Loss     : 0.0099	 | 	Train Accuracy     : 0.9917
Valid Loss     : 0.1150	 | 	Valid Accuracy     : 0.9750

Epoch : 30
Train Loss     : 0.0007	 | 	Train Accuracy     : 1.0000
Valid Loss     : 0.0980	 | 	Valid Accuracy     : 0.9750

Evaluate on the Test set:
Test loss      :0.2608	 | Test Accuracy      : 0.9875

################## Training is Done! #########################
Training time is : 0:00:42.074888
