=============================================
Dataset: EMG
Method:  °³¹ßÁß...
Mode:    supervised
=============================================
Data loaded ...
Training started ....

Epoch : 1
Train Loss     : 0.2846	 | 	Train Accuracy     : 0.9083
Valid Loss     : 0.1653	 | 	Valid Accuracy     : 0.9750

Epoch : 2
Train Loss     : 0.0617	 | 	Train Accuracy     : 0.9833
Valid Loss     : 0.2326	 | 	Valid Accuracy     : 0.9500

Epoch : 3
Train Loss     : 0.0604	 | 	Train Accuracy     : 0.9833
Valid Loss     : 0.0064	 | 	Valid Accuracy     : 1.0000

Epoch : 4
Train Loss     : 0.0636	 | 	Train Accuracy     : 0.9833
Valid Loss     : 0.0940	 | 	Valid Accuracy     : 0.9500

Epoch : 5
Train Loss     : 0.0790	 | 	Train Accuracy     : 0.9833
Valid Loss     : 0.0040	 | 	Valid Accuracy     : 1.0000

Epoch : 6
Train Loss     : 0.0832	 | 	Train Accuracy     : 0.9750
Valid Loss     : 0.2345	 | 	Valid Accuracy     : 0.9500

Epoch : 7
Train Loss     : 0.0147	 | 	Train Accuracy     : 1.0000
Valid Loss     : 0.1185	 | 	Valid Accuracy     : 0.9500

Epoch : 8
Train Loss     : 0.0610	 | 	Train Accuracy     : 0.9750
Valid Loss     : 0.4453	 | 	Valid Accuracy     : 0.9500

Epoch : 9
Train Loss     : 0.0265	 | 	Train Accuracy     : 0.9917
Valid Loss     : 0.0748	 | 	Valid Accuracy     : 0.9750

Epoch : 10
Train Loss     : 0.0883	 | 	Train Accuracy     : 0.9667
Valid Loss     : 0.1368	 | 	Valid Accuracy     : 0.9750

Epoch : 11
Train Loss     : 0.0156	 | 	Train Accuracy     : 0.9917
Valid Loss     : 0.0621	 | 	Valid Accuracy     : 0.9750

Epoch : 12
Train Loss     : 0.0580	 | 	Train Accuracy     : 0.9750
Valid Loss     : 0.5385	 | 	Valid Accuracy     : 0.9250

Epoch : 13
Train Loss     : 0.0147	 | 	Train Accuracy     : 0.9917
Valid Loss     : 0.2549	 | 	Valid Accuracy     : 0.9500

Epoch : 14
Train Loss     : 0.0040	 | 	Train Accuracy     : 1.0000
Valid Loss     : 0.1669	 | 	Valid Accuracy     : 0.9750

Epoch : 15
Train Loss     : 0.0020	 | 	Train Accuracy     : 1.0000
Valid Loss     : 0.1077	 | 	Valid Accuracy     : 0.9750

Epoch : 16
Train Loss     : 0.0030	 | 	Train Accuracy     : 1.0000
Valid Loss     : 0.1182	 | 	Valid Accuracy     : 0.9750

Epoch : 17
Train Loss     : 0.0031	 | 	Train Accuracy     : 1.0000
Valid Loss     : 0.1347	 | 	Valid Accuracy     : 0.9750

Epoch : 18
Train Loss     : 0.0025	 | 	Train Accuracy     : 1.0000
Valid Loss     : 0.1109	 | 	Valid Accuracy     : 0.9750

Epoch : 19
Train Loss     : 0.0041	 | 	Train Accuracy     : 1.0000
Valid Loss     : 0.1332	 | 	Valid Accuracy     : 0.9750

Epoch : 20
Train Loss     : 0.0026	 | 	Train Accuracy     : 1.0000
Valid Loss     : 0.1201	 | 	Valid Accuracy     : 0.9750

Epoch : 21
Train Loss     : 0.0024	 | 	Train Accuracy     : 1.0000
Valid Loss     : 0.1266	 | 	Valid Accuracy     : 0.9750

Epoch : 22
Train Loss     : 0.0018	 | 	Train Accuracy     : 1.0000
Valid Loss     : 0.1217	 | 	Valid Accuracy     : 0.9750

Epoch : 23
Train Loss     : 0.0046	 | 	Train Accuracy     : 1.0000
Valid Loss     : 0.1216	 | 	Valid Accuracy     : 0.9750

Epoch : 24
Train Loss     : 0.0008	 | 	Train Accuracy     : 1.0000
Valid Loss     : 0.1186	 | 	Valid Accuracy     : 0.9750

Epoch : 25
Train Loss     : 0.0009	 | 	Train Accuracy     : 1.0000
Valid Loss     : 0.1099	 | 	Valid Accuracy     : 0.9750

Epoch : 26
Train Loss     : 0.0011	 | 	Train Accuracy     : 1.0000
Valid Loss     : 0.1273	 | 	Valid Accuracy     : 0.9750

Epoch : 27
Train Loss     : 0.0033	 | 	Train Accuracy     : 1.0000
Valid Loss     : 0.1220	 | 	Valid Accuracy     : 0.9750

Epoch : 28
Train Loss     : 0.0030	 | 	Train Accuracy     : 1.0000
Valid Loss     : 0.1309	 | 	Valid Accuracy     : 0.9750

Epoch : 29
Train Loss     : 0.0021	 | 	Train Accuracy     : 1.0000
Valid Loss     : 0.1255	 | 	Valid Accuracy     : 0.9750

Epoch : 30
Train Loss     : 0.0018	 | 	Train Accuracy     : 1.0000
Valid Loss     : 0.1227	 | 	Valid Accuracy     : 0.9750

Evaluate on the Test set:
Test loss      :0.2136	 | Test Accuracy      : 0.9792

################## Training is Done! #########################
Training time is : 0:00:57.021997
