=============================================
Dataset: EMG
Method:  °³¹ßÁß...
Mode:    supervised
=============================================
Data loaded ...
Training started ....

Epoch : 1
Train Loss     : 0.9292	 | 	Train Accuracy     : 0.6833
Valid Loss     : 1.1478	 | 	Valid Accuracy     : 0.4000

Epoch : 2
Train Loss     : 0.6418	 | 	Train Accuracy     : 0.7833
Valid Loss     : 0.3644	 | 	Valid Accuracy     : 0.8500

Epoch : 3
Train Loss     : 0.4487	 | 	Train Accuracy     : 0.8500
Valid Loss     : 0.1658	 | 	Valid Accuracy     : 0.9750

Epoch : 4
Train Loss     : 0.2893	 | 	Train Accuracy     : 0.8917
Valid Loss     : 0.3113	 | 	Valid Accuracy     : 0.9250

Epoch : 5
Train Loss     : 0.3062	 | 	Train Accuracy     : 0.8917
Valid Loss     : 0.1300	 | 	Valid Accuracy     : 1.0000

Epoch : 6
Train Loss     : 0.4136	 | 	Train Accuracy     : 0.8500
Valid Loss     : 0.3170	 | 	Valid Accuracy     : 0.8750

Epoch : 7
Train Loss     : 0.4263	 | 	Train Accuracy     : 0.8417
Valid Loss     : 0.2762	 | 	Valid Accuracy     : 0.9250

Epoch : 8
Train Loss     : 0.1769	 | 	Train Accuracy     : 0.9500
Valid Loss     : 0.2012	 | 	Valid Accuracy     : 0.9250

Epoch : 9
Train Loss     : 0.1104	 | 	Train Accuracy     : 0.9833
Valid Loss     : 0.1303	 | 	Valid Accuracy     : 0.9750

Epoch : 10
Train Loss     : 0.2646	 | 	Train Accuracy     : 0.9167
Valid Loss     : 0.2154	 | 	Valid Accuracy     : 0.9000

Epoch : 11
Train Loss     : 0.2366	 | 	Train Accuracy     : 0.9083
Valid Loss     : 0.2734	 | 	Valid Accuracy     : 0.9000

Epoch : 12
Train Loss     : 0.1889	 | 	Train Accuracy     : 0.9250
Valid Loss     : 0.2610	 | 	Valid Accuracy     : 0.8750

Epoch : 13
Train Loss     : 0.2836	 | 	Train Accuracy     : 0.9000
Valid Loss     : 1.5608	 | 	Valid Accuracy     : 0.6750

Epoch : 14
Train Loss     : 0.2070	 | 	Train Accuracy     : 0.9583
Valid Loss     : 0.3678	 | 	Valid Accuracy     : 0.8750

Epoch : 15
Train Loss     : 0.1278	 | 	Train Accuracy     : 0.9500
Valid Loss     : 0.4767	 | 	Valid Accuracy     : 0.8750

Epoch : 16
Train Loss     : 0.2632	 | 	Train Accuracy     : 0.9083
Valid Loss     : 0.4704	 | 	Valid Accuracy     : 0.8500

Epoch : 17
Train Loss     : 0.1361	 | 	Train Accuracy     : 0.9500
Valid Loss     : 0.3532	 | 	Valid Accuracy     : 0.9000

Epoch : 18
Train Loss     : 0.0642	 | 	Train Accuracy     : 0.9833
Valid Loss     : 0.3001	 | 	Valid Accuracy     : 0.9000

Epoch : 19
Train Loss     : 0.0675	 | 	Train Accuracy     : 0.9750
Valid Loss     : 0.2840	 | 	Valid Accuracy     : 0.9250

Epoch : 20
Train Loss     : 0.1789	 | 	Train Accuracy     : 0.9417
Valid Loss     : 0.2336	 | 	Valid Accuracy     : 0.9250

Epoch : 21
Train Loss     : 0.1661	 | 	Train Accuracy     : 0.9583
Valid Loss     : 0.2676	 | 	Valid Accuracy     : 0.9250

Epoch : 22
Train Loss     : 0.2973	 | 	Train Accuracy     : 0.9167
Valid Loss     : 0.3030	 | 	Valid Accuracy     : 0.9000

Epoch : 23
Train Loss     : 0.0597	 | 	Train Accuracy     : 0.9833
Valid Loss     : 0.2899	 | 	Valid Accuracy     : 0.9000

Epoch : 24
Train Loss     : 0.2146	 | 	Train Accuracy     : 0.9083
Valid Loss     : 0.2602	 | 	Valid Accuracy     : 0.9250

Epoch : 25
Train Loss     : 0.0493	 | 	Train Accuracy     : 0.9917
Valid Loss     : 0.2655	 | 	Valid Accuracy     : 0.9250

Epoch : 26
Train Loss     : 0.0683	 | 	Train Accuracy     : 0.9750
Valid Loss     : 0.2356	 | 	Valid Accuracy     : 0.9250

Epoch : 27
Train Loss     : 0.0295	 | 	Train Accuracy     : 1.0000
Valid Loss     : 0.2403	 | 	Valid Accuracy     : 0.9250

Epoch : 28
Train Loss     : 0.2948	 | 	Train Accuracy     : 0.9083
Valid Loss     : 0.2539	 | 	Valid Accuracy     : 0.9250

Epoch : 29
Train Loss     : 0.2761	 | 	Train Accuracy     : 0.9250
Valid Loss     : 0.2677	 | 	Valid Accuracy     : 0.9250

Epoch : 30
Train Loss     : 0.0420	 | 	Train Accuracy     : 0.9917
Valid Loss     : 0.2177	 | 	Valid Accuracy     : 0.9250

Evaluate on the Test set:
Test loss      :0.4049	 | Test Accuracy      : 0.8864

################## Training is Done! #########################
Training time is : 0:01:18.717003
