=============================================
Dataset: EMG
Method:  °³¹ßÁß...
Mode:    supervised
=============================================
Data loaded ...
Training started ....

Epoch : 1
Train Loss     : 0.3055	 | 	Train Accuracy     : 0.8333
Valid Loss     : 9280.1055	 | 	Valid Accuracy     : 0.1250

Epoch : 2
Train Loss     : 0.1129	 | 	Train Accuracy     : 0.9750
Valid Loss     : 5967.1089	 | 	Valid Accuracy     : 0.4750

Epoch : 3
Train Loss     : 0.1645	 | 	Train Accuracy     : 0.9500
Valid Loss     : 232.2616	 | 	Valid Accuracy     : 0.5500

Epoch : 4
Train Loss     : 0.1567	 | 	Train Accuracy     : 0.9500
Valid Loss     : 7.6583	 | 	Valid Accuracy     : 0.7750

Epoch : 5
Train Loss     : 0.1320	 | 	Train Accuracy     : 0.9667
Valid Loss     : 0.2076	 | 	Valid Accuracy     : 0.9500

Epoch : 6
Train Loss     : 0.3390	 | 	Train Accuracy     : 0.9500
Valid Loss     : 1.1330	 | 	Valid Accuracy     : 0.9000

Epoch : 7
Train Loss     : 0.1580	 | 	Train Accuracy     : 0.9667
Valid Loss     : 4.1633	 | 	Valid Accuracy     : 0.9250

Epoch : 8
Train Loss     : 0.0171	 | 	Train Accuracy     : 0.9917
Valid Loss     : 2.0026	 | 	Valid Accuracy     : 0.9250

Epoch : 9
Train Loss     : 0.0545	 | 	Train Accuracy     : 0.9917
Valid Loss     : 0.9256	 | 	Valid Accuracy     : 0.9250

Epoch : 10
Train Loss     : 0.0976	 | 	Train Accuracy     : 0.9750
Valid Loss     : 0.3874	 | 	Valid Accuracy     : 0.9250

Epoch : 11
Train Loss     : 0.0542	 | 	Train Accuracy     : 0.9833
Valid Loss     : 0.7100	 | 	Valid Accuracy     : 0.9000

Epoch : 12
Train Loss     : 0.0138	 | 	Train Accuracy     : 1.0000
Valid Loss     : 0.3336	 | 	Valid Accuracy     : 0.9250

Epoch : 13
Train Loss     : 0.0157	 | 	Train Accuracy     : 0.9917
Valid Loss     : 0.4788	 | 	Valid Accuracy     : 0.9000

Epoch : 14
Train Loss     : 0.0057	 | 	Train Accuracy     : 1.0000
Valid Loss     : 0.3922	 | 	Valid Accuracy     : 0.9250

Epoch : 15
Train Loss     : 0.0013	 | 	Train Accuracy     : 1.0000
Valid Loss     : 0.3138	 | 	Valid Accuracy     : 0.9250

Epoch : 16
Train Loss     : 0.0012	 | 	Train Accuracy     : 1.0000
Valid Loss     : 0.2943	 | 	Valid Accuracy     : 0.9250

Epoch : 17
Train Loss     : 0.0020	 | 	Train Accuracy     : 1.0000
Valid Loss     : 0.3310	 | 	Valid Accuracy     : 0.9250

Epoch : 18
Train Loss     : 0.0319	 | 	Train Accuracy     : 0.9833
Valid Loss     : 0.3117	 | 	Valid Accuracy     : 0.9250

Epoch : 19
Train Loss     : 0.0018	 | 	Train Accuracy     : 1.0000
Valid Loss     : 0.3027	 | 	Valid Accuracy     : 0.9250

Epoch : 20
Train Loss     : 0.0089	 | 	Train Accuracy     : 0.9917
Valid Loss     : 0.2956	 | 	Valid Accuracy     : 0.9250

Epoch : 21
Train Loss     : 0.0028	 | 	Train Accuracy     : 1.0000
Valid Loss     : 0.2863	 | 	Valid Accuracy     : 0.9250

Epoch : 22
Train Loss     : 0.1493	 | 	Train Accuracy     : 0.9833
Valid Loss     : 0.3293	 | 	Valid Accuracy     : 0.9250

Epoch : 23
Train Loss     : 0.0014	 | 	Train Accuracy     : 1.0000
Valid Loss     : 0.3405	 | 	Valid Accuracy     : 0.9250

Epoch : 24
Train Loss     : 0.0008	 | 	Train Accuracy     : 1.0000
Valid Loss     : 0.3596	 | 	Valid Accuracy     : 0.9250

Epoch : 25
Train Loss     : 0.0097	 | 	Train Accuracy     : 1.0000
Valid Loss     : 0.3422	 | 	Valid Accuracy     : 0.9250

Epoch : 26
Train Loss     : 0.0020	 | 	Train Accuracy     : 1.0000
Valid Loss     : 0.3368	 | 	Valid Accuracy     : 0.9250

Epoch : 27
Train Loss     : 0.0753	 | 	Train Accuracy     : 0.9833
Valid Loss     : 0.3711	 | 	Valid Accuracy     : 0.9250

Epoch : 28
Train Loss     : 0.0051	 | 	Train Accuracy     : 1.0000
Valid Loss     : 0.3802	 | 	Valid Accuracy     : 0.9250

Epoch : 29
Train Loss     : 0.0031	 | 	Train Accuracy     : 1.0000
Valid Loss     : 0.3732	 | 	Valid Accuracy     : 0.9250

Epoch : 30
Train Loss     : 0.0123	 | 	Train Accuracy     : 0.9917
Valid Loss     : 0.3611	 | 	Valid Accuracy     : 0.9250

Evaluate on the Test set:
Test loss      :0.2099	 | Test Accuracy      : 0.9833

################## Training is Done! #########################
Training time is : 0:00:47.679199
