=============================================
Dataset: EMG
Method:  °³¹ßÁß...
Mode:    supervised
=============================================
Data loaded ...
Training started ....

Epoch : 1
Train Loss     : 0.4135	 | 	Train Accuracy     : 0.8917
Valid Loss     : 0.1186	 | 	Valid Accuracy     : 0.9750

Epoch : 2
Train Loss     : 0.1493	 | 	Train Accuracy     : 0.9417
Valid Loss     : 0.1989	 | 	Valid Accuracy     : 0.9500

Epoch : 3
Train Loss     : 0.1514	 | 	Train Accuracy     : 0.9500
Valid Loss     : 0.0952	 | 	Valid Accuracy     : 0.9500

Epoch : 4
Train Loss     : 0.1843	 | 	Train Accuracy     : 0.9250
Valid Loss     : 0.0490	 | 	Valid Accuracy     : 1.0000

Epoch : 5
Train Loss     : 0.2564	 | 	Train Accuracy     : 0.9167
Valid Loss     : 0.0741	 | 	Valid Accuracy     : 0.9750

Epoch : 6
Train Loss     : 0.0411	 | 	Train Accuracy     : 0.9917
Valid Loss     : 0.0350	 | 	Valid Accuracy     : 0.9750

Epoch : 7
Train Loss     : 0.1555	 | 	Train Accuracy     : 0.9667
Valid Loss     : 0.1034	 | 	Valid Accuracy     : 0.9750

Epoch : 8
Train Loss     : 0.0957	 | 	Train Accuracy     : 0.9667
Valid Loss     : 0.0138	 | 	Valid Accuracy     : 1.0000

Epoch : 9
Train Loss     : 0.0286	 | 	Train Accuracy     : 0.9917
Valid Loss     : 0.0214	 | 	Valid Accuracy     : 1.0000

Epoch : 10
Train Loss     : 0.3088	 | 	Train Accuracy     : 0.9083
Valid Loss     : 0.1871	 | 	Valid Accuracy     : 0.9750

Epoch : 11
Train Loss     : 0.0701	 | 	Train Accuracy     : 0.9833
Valid Loss     : 0.0423	 | 	Valid Accuracy     : 0.9750

Epoch : 12
Train Loss     : 0.0319	 | 	Train Accuracy     : 0.9917
Valid Loss     : 0.0210	 | 	Valid Accuracy     : 1.0000

Epoch : 13
Train Loss     : 0.0257	 | 	Train Accuracy     : 0.9917
Valid Loss     : 0.0378	 | 	Valid Accuracy     : 0.9750

Epoch : 14
Train Loss     : 0.0347	 | 	Train Accuracy     : 0.9833
Valid Loss     : 0.1000	 | 	Valid Accuracy     : 0.9750

Epoch : 15
Train Loss     : 0.0726	 | 	Train Accuracy     : 0.9833
Valid Loss     : 0.1222	 | 	Valid Accuracy     : 0.9500

Epoch : 16
Train Loss     : 0.0283	 | 	Train Accuracy     : 0.9917
Valid Loss     : 0.0537	 | 	Valid Accuracy     : 0.9750

Epoch : 17
Train Loss     : 0.0236	 | 	Train Accuracy     : 1.0000
Valid Loss     : 0.0281	 | 	Valid Accuracy     : 1.0000

Epoch : 18
Train Loss     : 0.0929	 | 	Train Accuracy     : 0.9667
Valid Loss     : 0.0849	 | 	Valid Accuracy     : 0.9750

Epoch : 19
Train Loss     : 0.0240	 | 	Train Accuracy     : 1.0000
Valid Loss     : 0.1062	 | 	Valid Accuracy     : 0.9750

Epoch : 20
Train Loss     : 0.0302	 | 	Train Accuracy     : 0.9917
Valid Loss     : 0.0527	 | 	Valid Accuracy     : 0.9750

Epoch : 21
Train Loss     : 0.0068	 | 	Train Accuracy     : 1.0000
Valid Loss     : 0.0484	 | 	Valid Accuracy     : 0.9750

Epoch : 22
Train Loss     : 0.0163	 | 	Train Accuracy     : 1.0000
Valid Loss     : 0.0372	 | 	Valid Accuracy     : 0.9750

Epoch : 23
Train Loss     : 0.0072	 | 	Train Accuracy     : 1.0000
Valid Loss     : 0.0496	 | 	Valid Accuracy     : 0.9750

Epoch : 24
Train Loss     : 0.0065	 | 	Train Accuracy     : 1.0000
Valid Loss     : 0.0612	 | 	Valid Accuracy     : 0.9750

Epoch : 25
Train Loss     : 0.0055	 | 	Train Accuracy     : 1.0000
Valid Loss     : 0.0451	 | 	Valid Accuracy     : 0.9750

Epoch : 26
Train Loss     : 0.0024	 | 	Train Accuracy     : 1.0000
Valid Loss     : 0.0609	 | 	Valid Accuracy     : 0.9750

Epoch : 27
Train Loss     : 0.0123	 | 	Train Accuracy     : 1.0000
Valid Loss     : 0.0394	 | 	Valid Accuracy     : 0.9750

Epoch : 28
Train Loss     : 0.0105	 | 	Train Accuracy     : 1.0000
Valid Loss     : 0.0607	 | 	Valid Accuracy     : 0.9750

Epoch : 29
Train Loss     : 0.0102	 | 	Train Accuracy     : 1.0000
Valid Loss     : 0.0546	 | 	Valid Accuracy     : 0.9750

Epoch : 30
Train Loss     : 0.0139	 | 	Train Accuracy     : 1.0000
Valid Loss     : 0.0607	 | 	Valid Accuracy     : 0.9750

Evaluate on the Test set:
Test loss      :0.1977	 | Test Accuracy      : 0.9773

################## Training is Done! #########################
Training time is : 0:07:21.967906
