=============================================
Dataset: EMG
Method:  °³¹ßÁß...
Mode:    supervised
=============================================
Data loaded ...
Training started ....

Epoch : 1
Train Loss     : 0.5653	 | 	Train Accuracy     : 0.8500
Valid Loss     : 1847.7341	 | 	Valid Accuracy     : 0.4000

Epoch : 2
Train Loss     : 0.4419	 | 	Train Accuracy     : 0.8833
Valid Loss     : 8.3517	 | 	Valid Accuracy     : 0.5500

Epoch : 3
Train Loss     : 0.1477	 | 	Train Accuracy     : 0.9833
Valid Loss     : 3.5532	 | 	Valid Accuracy     : 0.8250

Epoch : 4
Train Loss     : 0.0502	 | 	Train Accuracy     : 0.9833
Valid Loss     : 2.0989	 | 	Valid Accuracy     : 0.8500

Epoch : 5
Train Loss     : 0.1794	 | 	Train Accuracy     : 0.9417
Valid Loss     : 0.2653	 | 	Valid Accuracy     : 0.9250

Epoch : 6
Train Loss     : 0.0678	 | 	Train Accuracy     : 0.9833
Valid Loss     : 0.2671	 | 	Valid Accuracy     : 0.9000

Epoch : 7
Train Loss     : 0.0453	 | 	Train Accuracy     : 0.9833
Valid Loss     : 0.5181	 | 	Valid Accuracy     : 0.9000

Epoch : 8
Train Loss     : 0.1424	 | 	Train Accuracy     : 0.9750
Valid Loss     : 1.1581	 | 	Valid Accuracy     : 0.8500

Epoch : 9
Train Loss     : 0.0278	 | 	Train Accuracy     : 1.0000
Valid Loss     : 0.7664	 | 	Valid Accuracy     : 0.9000

Epoch : 10
Train Loss     : 0.6210	 | 	Train Accuracy     : 0.8417
Valid Loss     : 3.3764	 | 	Valid Accuracy     : 0.7000

Epoch : 11
Train Loss     : 0.2677	 | 	Train Accuracy     : 0.9167
Valid Loss     : 22.0359	 | 	Valid Accuracy     : 0.6000

Epoch : 12
Train Loss     : 0.4831	 | 	Train Accuracy     : 0.9167
Valid Loss     : 28.4197	 | 	Valid Accuracy     : 0.6750

Epoch : 13
Train Loss     : 0.0966	 | 	Train Accuracy     : 0.9750
Valid Loss     : 4.2394	 | 	Valid Accuracy     : 0.8000

Epoch : 14
Train Loss     : 0.1383	 | 	Train Accuracy     : 0.9667
Valid Loss     : 1.1770	 | 	Valid Accuracy     : 0.6000

Epoch : 15
Train Loss     : 0.0797	 | 	Train Accuracy     : 0.9667
Valid Loss     : 0.4586	 | 	Valid Accuracy     : 0.9000

Epoch : 16
Train Loss     : 0.0762	 | 	Train Accuracy     : 0.9833
Valid Loss     : 0.1817	 | 	Valid Accuracy     : 0.9500

Epoch : 17
Train Loss     : 0.0242	 | 	Train Accuracy     : 0.9917
Valid Loss     : 0.2946	 | 	Valid Accuracy     : 0.9250

Epoch : 18
Train Loss     : 0.0678	 | 	Train Accuracy     : 0.9667
Valid Loss     : 0.3111	 | 	Valid Accuracy     : 0.9250

Epoch : 19
Train Loss     : 0.0572	 | 	Train Accuracy     : 0.9667
Valid Loss     : 0.3306	 | 	Valid Accuracy     : 0.9250

Epoch : 20
Train Loss     : 0.0246	 | 	Train Accuracy     : 0.9833
Valid Loss     : 0.2882	 | 	Valid Accuracy     : 0.9000

Epoch : 21
Train Loss     : 0.0316	 | 	Train Accuracy     : 0.9917
Valid Loss     : 0.3744	 | 	Valid Accuracy     : 0.9000

Epoch : 22
Train Loss     : 0.0533	 | 	Train Accuracy     : 0.9667
Valid Loss     : 1.7156	 | 	Valid Accuracy     : 0.9000

Epoch : 23
Train Loss     : 0.2164	 | 	Train Accuracy     : 0.9583
Valid Loss     : 0.6741	 | 	Valid Accuracy     : 0.7750

Epoch : 24
Train Loss     : 0.1725	 | 	Train Accuracy     : 0.9417
Valid Loss     : 1.0411	 | 	Valid Accuracy     : 0.8750

Epoch : 25
Train Loss     : 0.0390	 | 	Train Accuracy     : 0.9833
Valid Loss     : 0.4092	 | 	Valid Accuracy     : 0.9500

Epoch : 26
Train Loss     : 0.0179	 | 	Train Accuracy     : 0.9917
Valid Loss     : 0.2081	 | 	Valid Accuracy     : 0.9500

Epoch : 27
Train Loss     : 0.0733	 | 	Train Accuracy     : 0.9750
Valid Loss     : 0.5004	 | 	Valid Accuracy     : 0.8750

Epoch : 28
Train Loss     : 0.0220	 | 	Train Accuracy     : 0.9833
Valid Loss     : 0.3744	 | 	Valid Accuracy     : 0.9250

Epoch : 29
Train Loss     : 0.0435	 | 	Train Accuracy     : 0.9750
Valid Loss     : 0.3650	 | 	Valid Accuracy     : 0.9250

Epoch : 30
Train Loss     : 0.0413	 | 	Train Accuracy     : 0.9833
Valid Loss     : 0.3255	 | 	Valid Accuracy     : 0.9250

Evaluate on the Test set:
Test loss      :0.2571	 | Test Accuracy      : 0.9375

################## Training is Done! #########################
Training time is : 0:00:57.039466
