=============================================
Dataset: EMG
Method:  °³¹ßÁß...
Mode:    supervised
=============================================
Data loaded ...
Training started ....

Epoch : 1
Train Loss     : 0.4897	 | 	Train Accuracy     : 0.8667
Valid Loss     : 0.0961	 | 	Valid Accuracy     : 0.9250

Epoch : 2
Train Loss     : 0.1360	 | 	Train Accuracy     : 0.9500
Valid Loss     : 0.2452	 | 	Valid Accuracy     : 0.9500

Epoch : 3
Train Loss     : 0.1977	 | 	Train Accuracy     : 0.9250
Valid Loss     : 0.0280	 | 	Valid Accuracy     : 1.0000

Epoch : 4
Train Loss     : 0.0769	 | 	Train Accuracy     : 0.9833
Valid Loss     : 0.0933	 | 	Valid Accuracy     : 0.9250

Epoch : 5
Train Loss     : 0.1428	 | 	Train Accuracy     : 0.9500
Valid Loss     : 0.1761	 | 	Valid Accuracy     : 0.9500

Epoch : 6
Train Loss     : 0.0860	 | 	Train Accuracy     : 0.9667
Valid Loss     : 0.1646	 | 	Valid Accuracy     : 0.9500

Epoch : 7
Train Loss     : 0.2974	 | 	Train Accuracy     : 0.9250
Valid Loss     : 0.1240	 | 	Valid Accuracy     : 0.9750

Epoch : 8
Train Loss     : 0.0844	 | 	Train Accuracy     : 0.9583
Valid Loss     : 0.0983	 | 	Valid Accuracy     : 0.9500

Epoch : 9
Train Loss     : 0.0335	 | 	Train Accuracy     : 0.9833
Valid Loss     : 0.1456	 | 	Valid Accuracy     : 0.9500

Epoch : 10
Train Loss     : 0.0430	 | 	Train Accuracy     : 0.9917
Valid Loss     : 0.1612	 | 	Valid Accuracy     : 0.9500

Epoch : 11
Train Loss     : 0.0560	 | 	Train Accuracy     : 0.9833
Valid Loss     : 0.0520	 | 	Valid Accuracy     : 0.9750

Epoch : 12
Train Loss     : 0.0328	 | 	Train Accuracy     : 1.0000
Valid Loss     : 0.2474	 | 	Valid Accuracy     : 0.9500

Epoch : 13
Train Loss     : 0.0191	 | 	Train Accuracy     : 1.0000
Valid Loss     : 0.1196	 | 	Valid Accuracy     : 0.9250

Epoch : 14
Train Loss     : 0.0145	 | 	Train Accuracy     : 1.0000
Valid Loss     : 0.1297	 | 	Valid Accuracy     : 0.9500

Epoch : 15
Train Loss     : 0.0060	 | 	Train Accuracy     : 1.0000
Valid Loss     : 0.1246	 | 	Valid Accuracy     : 0.9500

Epoch : 16
Train Loss     : 0.0518	 | 	Train Accuracy     : 0.9917
Valid Loss     : 0.1579	 | 	Valid Accuracy     : 0.9500

Epoch : 17
Train Loss     : 0.0060	 | 	Train Accuracy     : 1.0000
Valid Loss     : 0.1357	 | 	Valid Accuracy     : 0.9500

Epoch : 18
Train Loss     : 0.0032	 | 	Train Accuracy     : 1.0000
Valid Loss     : 0.1104	 | 	Valid Accuracy     : 0.9500

Epoch : 19
Train Loss     : 0.0048	 | 	Train Accuracy     : 1.0000
Valid Loss     : 0.1518	 | 	Valid Accuracy     : 0.9500

Epoch : 20
Train Loss     : 0.0100	 | 	Train Accuracy     : 1.0000
Valid Loss     : 0.1584	 | 	Valid Accuracy     : 0.9500

Epoch : 21
Train Loss     : 0.0229	 | 	Train Accuracy     : 0.9833
Valid Loss     : 0.1481	 | 	Valid Accuracy     : 0.9500

Epoch : 22
Train Loss     : 0.1701	 | 	Train Accuracy     : 0.9750
Valid Loss     : 0.1448	 | 	Valid Accuracy     : 0.9500

Epoch : 23
Train Loss     : 0.0228	 | 	Train Accuracy     : 0.9917
Valid Loss     : 0.1124	 | 	Valid Accuracy     : 0.9500

Epoch : 24
Train Loss     : 0.0301	 | 	Train Accuracy     : 0.9917
Valid Loss     : 0.1396	 | 	Valid Accuracy     : 0.9500

Epoch : 25
Train Loss     : 0.0080	 | 	Train Accuracy     : 1.0000
Valid Loss     : 0.1368	 | 	Valid Accuracy     : 0.9500

Epoch : 26
Train Loss     : 0.0068	 | 	Train Accuracy     : 1.0000
Valid Loss     : 0.1214	 | 	Valid Accuracy     : 0.9500

Epoch : 27
Train Loss     : 0.0041	 | 	Train Accuracy     : 1.0000
Valid Loss     : 0.1352	 | 	Valid Accuracy     : 0.9500

Epoch : 28
Train Loss     : 0.1314	 | 	Train Accuracy     : 0.9667
Valid Loss     : 0.1413	 | 	Valid Accuracy     : 0.9500

Epoch : 29
Train Loss     : 0.1333	 | 	Train Accuracy     : 0.9667
Valid Loss     : 0.1111	 | 	Valid Accuracy     : 0.9500

Epoch : 30
Train Loss     : 0.0045	 | 	Train Accuracy     : 1.0000
Valid Loss     : 0.1199	 | 	Valid Accuracy     : 0.9500

Evaluate on the Test set:
Test loss      :0.2276	 | Test Accuracy      : 0.9773

################## Training is Done! #########################
Training time is : 0:01:19.030467
