=============================================
Dataset: EMG
Method:  °³¹ßÁß...
Mode:    supervised
=============================================
Data loaded ...
Training started ....

Epoch : 1
Train Loss     : 0.5354	 | 	Train Accuracy     : 0.8333
Valid Loss     : 0.9978	 | 	Valid Accuracy     : 0.4333

Epoch : 2
Train Loss     : 0.0693	 | 	Train Accuracy     : 0.9917
Valid Loss     : 0.3395	 | 	Valid Accuracy     : 0.9667

Epoch : 3
Train Loss     : 0.0261	 | 	Train Accuracy     : 0.9917
Valid Loss     : 0.1509	 | 	Valid Accuracy     : 0.9333

Epoch : 4
Train Loss     : 0.0108	 | 	Train Accuracy     : 1.0000
Valid Loss     : 0.1150	 | 	Valid Accuracy     : 0.9333

Epoch : 5
Train Loss     : 0.0062	 | 	Train Accuracy     : 1.0000
Valid Loss     : 0.0891	 | 	Valid Accuracy     : 0.9333

Epoch : 6
Train Loss     : 0.0019	 | 	Train Accuracy     : 1.0000
Valid Loss     : 0.0754	 | 	Valid Accuracy     : 0.9667

Epoch : 7
Train Loss     : 0.0019	 | 	Train Accuracy     : 1.0000
Valid Loss     : 0.0728	 | 	Valid Accuracy     : 0.9667

Epoch : 8
Train Loss     : 0.0016	 | 	Train Accuracy     : 1.0000
Valid Loss     : 0.0724	 | 	Valid Accuracy     : 0.9667

Epoch : 9
Train Loss     : 0.0004	 | 	Train Accuracy     : 1.0000
Valid Loss     : 0.0721	 | 	Valid Accuracy     : 0.9667

Epoch : 10
Train Loss     : 0.0009	 | 	Train Accuracy     : 1.0000
Valid Loss     : 0.0732	 | 	Valid Accuracy     : 0.9667

Epoch : 11
Train Loss     : 0.0009	 | 	Train Accuracy     : 1.0000
Valid Loss     : 0.0747	 | 	Valid Accuracy     : 0.9667

Epoch : 12
Train Loss     : 0.0006	 | 	Train Accuracy     : 1.0000
Valid Loss     : 0.0775	 | 	Valid Accuracy     : 0.9667

Epoch : 13
Train Loss     : 0.0014	 | 	Train Accuracy     : 1.0000
Valid Loss     : 0.0774	 | 	Valid Accuracy     : 0.9667

Epoch : 14
Train Loss     : 0.0006	 | 	Train Accuracy     : 1.0000
Valid Loss     : 0.0790	 | 	Valid Accuracy     : 0.9667

Epoch : 15
Train Loss     : 0.0005	 | 	Train Accuracy     : 1.0000
Valid Loss     : 0.0802	 | 	Valid Accuracy     : 0.9667

Epoch : 16
Train Loss     : 0.0006	 | 	Train Accuracy     : 1.0000
Valid Loss     : 0.0820	 | 	Valid Accuracy     : 0.9667

Epoch : 17
Train Loss     : 0.0015	 | 	Train Accuracy     : 1.0000
Valid Loss     : 0.0764	 | 	Valid Accuracy     : 0.9667

Epoch : 18
Train Loss     : 0.0006	 | 	Train Accuracy     : 1.0000
Valid Loss     : 0.0694	 | 	Valid Accuracy     : 0.9667

Epoch : 19
Train Loss     : 0.0011	 | 	Train Accuracy     : 1.0000
Valid Loss     : 0.0677	 | 	Valid Accuracy     : 0.9667

Epoch : 20
Train Loss     : 0.0023	 | 	Train Accuracy     : 1.0000
Valid Loss     : 0.0700	 | 	Valid Accuracy     : 0.9667

Epoch : 21
Train Loss     : 0.0013	 | 	Train Accuracy     : 1.0000
Valid Loss     : 0.0767	 | 	Valid Accuracy     : 0.9667

Epoch : 22
Train Loss     : 0.0018	 | 	Train Accuracy     : 1.0000
Valid Loss     : 0.0824	 | 	Valid Accuracy     : 0.9667

Epoch : 23
Train Loss     : 0.0012	 | 	Train Accuracy     : 1.0000
Valid Loss     : 0.0860	 | 	Valid Accuracy     : 0.9667

Epoch : 24
Train Loss     : 0.0009	 | 	Train Accuracy     : 1.0000
Valid Loss     : 0.0892	 | 	Valid Accuracy     : 0.9667

Epoch : 25
Train Loss     : 0.0010	 | 	Train Accuracy     : 1.0000
Valid Loss     : 0.0910	 | 	Valid Accuracy     : 0.9667

Epoch : 26
Train Loss     : 0.0012	 | 	Train Accuracy     : 1.0000
Valid Loss     : 0.0910	 | 	Valid Accuracy     : 0.9667

Epoch : 27
Train Loss     : 0.0018	 | 	Train Accuracy     : 1.0000
Valid Loss     : 0.0851	 | 	Valid Accuracy     : 0.9667

Epoch : 28
Train Loss     : 0.0007	 | 	Train Accuracy     : 1.0000
Valid Loss     : 0.0833	 | 	Valid Accuracy     : 0.9667

Epoch : 29
Train Loss     : 0.0006	 | 	Train Accuracy     : 1.0000
Valid Loss     : 0.0811	 | 	Valid Accuracy     : 0.9667

Epoch : 30
Train Loss     : 0.0006	 | 	Train Accuracy     : 1.0000
Valid Loss     : 0.0800	 | 	Valid Accuracy     : 0.9667

Evaluate on the Test set:
Test loss      :0.1451	 | Test Accuracy      : 0.9833

################## Training is Done! #########################
Training time is : 0:00:35.824891
