=============================================
Dataset: EMG
Method:  °³¹ßÁß...
Mode:    supervised
=============================================
Data loaded ...
Training started ....

Epoch : 1
Train Loss     : 0.4293	 | 	Train Accuracy     : 0.8500
Valid Loss     : 29.4629	 | 	Valid Accuracy     : 0.4000

Epoch : 2
Train Loss     : 0.3055	 | 	Train Accuracy     : 0.9667
Valid Loss     : 5.1726	 | 	Valid Accuracy     : 0.6000

Epoch : 3
Train Loss     : 0.3498	 | 	Train Accuracy     : 0.9000
Valid Loss     : 4.9386	 | 	Valid Accuracy     : 0.5000

Epoch : 4
Train Loss     : 0.4322	 | 	Train Accuracy     : 0.9167
Valid Loss     : 1.0740	 | 	Valid Accuracy     : 0.5500

Epoch : 5
Train Loss     : 0.2899	 | 	Train Accuracy     : 0.9583
Valid Loss     : 1.3639	 | 	Valid Accuracy     : 0.9250

Epoch : 6
Train Loss     : 0.2021	 | 	Train Accuracy     : 0.9333
Valid Loss     : 0.9363	 | 	Valid Accuracy     : 0.8750

Epoch : 7
Train Loss     : 0.0950	 | 	Train Accuracy     : 0.9750
Valid Loss     : 1.1335	 | 	Valid Accuracy     : 0.6750

Epoch : 8
Train Loss     : 0.1418	 | 	Train Accuracy     : 0.9833
Valid Loss     : 1.1132	 | 	Valid Accuracy     : 0.7000

Epoch : 9
Train Loss     : 0.1277	 | 	Train Accuracy     : 0.9500
Valid Loss     : 1.6739	 | 	Valid Accuracy     : 0.6000

Epoch : 10
Train Loss     : 0.2307	 | 	Train Accuracy     : 0.9167
Valid Loss     : 2.3126	 | 	Valid Accuracy     : 0.5000

Epoch : 11
Train Loss     : 0.1594	 | 	Train Accuracy     : 0.9417
Valid Loss     : 0.6853	 | 	Valid Accuracy     : 0.7750

Epoch : 12
Train Loss     : 0.1329	 | 	Train Accuracy     : 0.9583
Valid Loss     : 0.3450	 | 	Valid Accuracy     : 0.9000

Epoch : 13
Train Loss     : 0.1686	 | 	Train Accuracy     : 0.9333
Valid Loss     : 0.8938	 | 	Valid Accuracy     : 0.7500

Epoch : 14
Train Loss     : 0.0740	 | 	Train Accuracy     : 0.9833
Valid Loss     : 0.4117	 | 	Valid Accuracy     : 0.9250

Epoch : 15
Train Loss     : 0.2340	 | 	Train Accuracy     : 0.9667
Valid Loss     : 1.7899	 | 	Valid Accuracy     : 0.5500

Epoch : 16
Train Loss     : 0.0387	 | 	Train Accuracy     : 1.0000
Valid Loss     : 0.2273	 | 	Valid Accuracy     : 0.8750

Epoch : 17
Train Loss     : 0.1458	 | 	Train Accuracy     : 0.9333
Valid Loss     : 0.6121	 | 	Valid Accuracy     : 0.7250

Epoch : 18
Train Loss     : 0.0948	 | 	Train Accuracy     : 1.0000
Valid Loss     : 0.4238	 | 	Valid Accuracy     : 0.7750

Epoch : 19
Train Loss     : 0.0179	 | 	Train Accuracy     : 1.0000
Valid Loss     : 0.8806	 | 	Valid Accuracy     : 0.6000

Epoch : 20
Train Loss     : 0.1190	 | 	Train Accuracy     : 0.9667
Valid Loss     : 0.5403	 | 	Valid Accuracy     : 0.8750

Epoch : 21
Train Loss     : 0.0814	 | 	Train Accuracy     : 0.9750
Valid Loss     : 3.0006	 | 	Valid Accuracy     : 0.5500

Epoch : 22
Train Loss     : 0.0501	 | 	Train Accuracy     : 0.9917
Valid Loss     : 0.6938	 | 	Valid Accuracy     : 0.6250

Epoch : 23
Train Loss     : 0.0124	 | 	Train Accuracy     : 0.9917
Valid Loss     : 0.2772	 | 	Valid Accuracy     : 0.9750

Epoch : 24
Train Loss     : 0.0460	 | 	Train Accuracy     : 0.9833
Valid Loss     : 0.4214	 | 	Valid Accuracy     : 0.8750

Epoch : 25
Train Loss     : 0.2363	 | 	Train Accuracy     : 0.9500
Valid Loss     : 0.7344	 | 	Valid Accuracy     : 0.6000

Epoch : 26
Train Loss     : 0.1095	 | 	Train Accuracy     : 0.9833
Valid Loss     : 0.4235	 | 	Valid Accuracy     : 0.9250

Epoch : 27
Train Loss     : 0.3917	 | 	Train Accuracy     : 0.9333
Valid Loss     : 4.0350	 | 	Valid Accuracy     : 0.6250

Epoch : 28
Train Loss     : 0.0729	 | 	Train Accuracy     : 0.9917
Valid Loss     : 4.3503	 | 	Valid Accuracy     : 0.5250

Epoch : 29
Train Loss     : 0.0525	 | 	Train Accuracy     : 0.9917
Valid Loss     : 0.4071	 | 	Valid Accuracy     : 0.9250

Epoch : 30
Train Loss     : 0.0456	 | 	Train Accuracy     : 1.0000
Valid Loss     : 0.2312	 | 	Valid Accuracy     : 0.9500

Evaluate on the Test set:
Test loss      :0.2052	 | Test Accuracy      : 0.9600

################## Training is Done! #########################
Training time is : 0:00:42.070688
