=============================================
Dataset: EMG
Method:  °³¹ßÁß...
Mode:    supervised
=============================================
Data loaded ...
Training started ....

Epoch : 1
Train Loss     : 0.2732	 | 	Train Accuracy     : 0.8750
Valid Loss     : 1.1910	 | 	Valid Accuracy     : 0.4500

Epoch : 2
Train Loss     : 0.0300	 | 	Train Accuracy     : 0.9833
Valid Loss     : 0.6771	 | 	Valid Accuracy     : 0.6250

Epoch : 3
Train Loss     : 0.0078	 | 	Train Accuracy     : 1.0000
Valid Loss     : 0.1706	 | 	Valid Accuracy     : 0.9500

Epoch : 4
Train Loss     : 0.0057	 | 	Train Accuracy     : 1.0000
Valid Loss     : 0.1849	 | 	Valid Accuracy     : 0.9250

Epoch : 5
Train Loss     : 0.0037	 | 	Train Accuracy     : 1.0000
Valid Loss     : 0.1002	 | 	Valid Accuracy     : 0.9750

Epoch : 6
Train Loss     : 0.0095	 | 	Train Accuracy     : 1.0000
Valid Loss     : 0.0650	 | 	Valid Accuracy     : 0.9750

Epoch : 7
Train Loss     : 0.0014	 | 	Train Accuracy     : 1.0000
Valid Loss     : 0.1275	 | 	Valid Accuracy     : 0.9250

Epoch : 8
Train Loss     : 0.0023	 | 	Train Accuracy     : 1.0000
Valid Loss     : 0.1446	 | 	Valid Accuracy     : 0.9250

Epoch : 9
Train Loss     : 0.0026	 | 	Train Accuracy     : 1.0000
Valid Loss     : 0.1575	 | 	Valid Accuracy     : 0.9250

Epoch : 10
Train Loss     : 0.0135	 | 	Train Accuracy     : 1.0000
Valid Loss     : 0.0887	 | 	Valid Accuracy     : 0.9750

Epoch : 11
Train Loss     : 0.0058	 | 	Train Accuracy     : 1.0000
Valid Loss     : 0.1995	 | 	Valid Accuracy     : 0.9250

Epoch : 12
Train Loss     : 0.0086	 | 	Train Accuracy     : 1.0000
Valid Loss     : 0.4038	 | 	Valid Accuracy     : 0.9500

Epoch : 13
Train Loss     : 0.0126	 | 	Train Accuracy     : 1.0000
Valid Loss     : 0.0141	 | 	Valid Accuracy     : 1.0000

Epoch : 14
Train Loss     : 0.0081	 | 	Train Accuracy     : 1.0000
Valid Loss     : 0.8130	 | 	Valid Accuracy     : 0.9250

Epoch : 15
Train Loss     : 0.0037	 | 	Train Accuracy     : 1.0000
Valid Loss     : 0.4568	 | 	Valid Accuracy     : 0.9250

Epoch : 16
Train Loss     : 0.0010	 | 	Train Accuracy     : 1.0000
Valid Loss     : 0.0388	 | 	Valid Accuracy     : 0.9750

Epoch : 17
Train Loss     : 0.0037	 | 	Train Accuracy     : 1.0000
Valid Loss     : 0.1634	 | 	Valid Accuracy     : 0.9750

Epoch : 18
Train Loss     : 0.1893	 | 	Train Accuracy     : 0.9750
Valid Loss     : 0.2681	 | 	Valid Accuracy     : 0.9500

Epoch : 19
Train Loss     : 0.0939	 | 	Train Accuracy     : 0.9833
Valid Loss     : 0.1634	 | 	Valid Accuracy     : 0.9250

Epoch : 20
Train Loss     : 0.1642	 | 	Train Accuracy     : 0.9500
Valid Loss     : 1.3894	 | 	Valid Accuracy     : 0.9000

Epoch : 21
Train Loss     : 0.1355	 | 	Train Accuracy     : 0.9500
Valid Loss     : 1.0536	 | 	Valid Accuracy     : 0.9250

Epoch : 22
Train Loss     : 0.2791	 | 	Train Accuracy     : 0.9417
Valid Loss     : 0.5057	 | 	Valid Accuracy     : 0.8750

Epoch : 23
Train Loss     : 0.0810	 | 	Train Accuracy     : 0.9833
Valid Loss     : 0.4007	 | 	Valid Accuracy     : 0.9000

Epoch : 24
Train Loss     : 0.0318	 | 	Train Accuracy     : 0.9917
Valid Loss     : 0.1185	 | 	Valid Accuracy     : 0.9250

Epoch : 25
Train Loss     : 0.0160	 | 	Train Accuracy     : 1.0000
Valid Loss     : 0.1164	 | 	Valid Accuracy     : 0.9500

Epoch : 26
Train Loss     : 0.0070	 | 	Train Accuracy     : 1.0000
Valid Loss     : 0.1441	 | 	Valid Accuracy     : 0.9500

Epoch : 27
Train Loss     : 0.0117	 | 	Train Accuracy     : 1.0000
Valid Loss     : 0.2086	 | 	Valid Accuracy     : 0.9500

Epoch : 28
Train Loss     : 0.0132	 | 	Train Accuracy     : 0.9917
Valid Loss     : 0.2069	 | 	Valid Accuracy     : 0.9500

Epoch : 29
Train Loss     : 0.0107	 | 	Train Accuracy     : 0.9917
Valid Loss     : 0.1551	 | 	Valid Accuracy     : 0.9500

Epoch : 30
Train Loss     : 0.0133	 | 	Train Accuracy     : 1.0000
Valid Loss     : 0.1094	 | 	Valid Accuracy     : 0.9500

Evaluate on the Test set:
Test loss      :0.1421	 | Test Accuracy      : 0.9833

################## Training is Done! #########################
Training time is : 0:00:46.838511
