=============================================
Dataset: EMG
Method:  °³¹ßÁß...
Mode:    supervised
=============================================
Data loaded ...
Training started ....

Epoch : 1
Train Loss     : 0.2589	 | 	Train Accuracy     : 0.9000
Valid Loss     : 1.1748	 | 	Valid Accuracy     : 0.4750

Epoch : 2
Train Loss     : 0.0459	 | 	Train Accuracy     : 0.9833
Valid Loss     : 0.7176	 | 	Valid Accuracy     : 0.5750

Epoch : 3
Train Loss     : 0.0034	 | 	Train Accuracy     : 1.0000
Valid Loss     : 0.1666	 | 	Valid Accuracy     : 0.9500

Epoch : 4
Train Loss     : 0.0068	 | 	Train Accuracy     : 1.0000
Valid Loss     : 0.2541	 | 	Valid Accuracy     : 0.9250

Epoch : 5
Train Loss     : 0.0030	 | 	Train Accuracy     : 1.0000
Valid Loss     : 0.1387	 | 	Valid Accuracy     : 0.9500

Epoch : 6
Train Loss     : 0.0618	 | 	Train Accuracy     : 0.9833
Valid Loss     : 0.0098	 | 	Valid Accuracy     : 1.0000

Epoch : 7
Train Loss     : 0.0014	 | 	Train Accuracy     : 1.0000
Valid Loss     : 0.0289	 | 	Valid Accuracy     : 1.0000

Epoch : 8
Train Loss     : 0.0056	 | 	Train Accuracy     : 1.0000
Valid Loss     : 0.0180	 | 	Valid Accuracy     : 1.0000

Epoch : 9
Train Loss     : 0.0061	 | 	Train Accuracy     : 1.0000
Valid Loss     : 0.0106	 | 	Valid Accuracy     : 1.0000

Epoch : 10
Train Loss     : 0.0764	 | 	Train Accuracy     : 0.9667
Valid Loss     : 0.0036	 | 	Valid Accuracy     : 1.0000

Epoch : 11
Train Loss     : 0.0091	 | 	Train Accuracy     : 1.0000
Valid Loss     : 0.0063	 | 	Valid Accuracy     : 1.0000

Epoch : 12
Train Loss     : 0.0432	 | 	Train Accuracy     : 0.9917
Valid Loss     : 0.5033	 | 	Valid Accuracy     : 0.7500

Epoch : 13
Train Loss     : 0.0242	 | 	Train Accuracy     : 0.9917
Valid Loss     : 0.0030	 | 	Valid Accuracy     : 1.0000

Epoch : 14
Train Loss     : 0.0016	 | 	Train Accuracy     : 1.0000
Valid Loss     : 0.0045	 | 	Valid Accuracy     : 1.0000

Epoch : 15
Train Loss     : 0.0008	 | 	Train Accuracy     : 1.0000
Valid Loss     : 0.0168	 | 	Valid Accuracy     : 1.0000

Epoch : 16
Train Loss     : 0.0009	 | 	Train Accuracy     : 1.0000
Valid Loss     : 0.0263	 | 	Valid Accuracy     : 0.9750

Epoch : 17
Train Loss     : 0.0021	 | 	Train Accuracy     : 1.0000
Valid Loss     : 0.0283	 | 	Valid Accuracy     : 0.9750

Epoch : 18
Train Loss     : 0.0018	 | 	Train Accuracy     : 1.0000
Valid Loss     : 0.0004	 | 	Valid Accuracy     : 1.0000

Epoch : 19
Train Loss     : 0.0009	 | 	Train Accuracy     : 1.0000
Valid Loss     : 0.0004	 | 	Valid Accuracy     : 1.0000

Epoch : 20
Train Loss     : 0.0004	 | 	Train Accuracy     : 1.0000
Valid Loss     : 0.0004	 | 	Valid Accuracy     : 1.0000

Epoch : 21
Train Loss     : 0.0006	 | 	Train Accuracy     : 1.0000
Valid Loss     : 0.0004	 | 	Valid Accuracy     : 1.0000

Epoch : 22
Train Loss     : 0.0006	 | 	Train Accuracy     : 1.0000
Valid Loss     : 0.0003	 | 	Valid Accuracy     : 1.0000

Epoch : 23
Train Loss     : 0.0003	 | 	Train Accuracy     : 1.0000
Valid Loss     : 0.0004	 | 	Valid Accuracy     : 1.0000

Epoch : 24
Train Loss     : 0.0003	 | 	Train Accuracy     : 1.0000
Valid Loss     : 0.0004	 | 	Valid Accuracy     : 1.0000

Epoch : 25
Train Loss     : 0.0005	 | 	Train Accuracy     : 1.0000
Valid Loss     : 0.0009	 | 	Valid Accuracy     : 1.0000

Epoch : 26
Train Loss     : 0.0002	 | 	Train Accuracy     : 1.0000
Valid Loss     : 0.0021	 | 	Valid Accuracy     : 1.0000

Epoch : 27
Train Loss     : 0.0003	 | 	Train Accuracy     : 1.0000
Valid Loss     : 0.0040	 | 	Valid Accuracy     : 1.0000

Epoch : 28
Train Loss     : 0.0003	 | 	Train Accuracy     : 1.0000
Valid Loss     : 0.0052	 | 	Valid Accuracy     : 1.0000

Epoch : 29
Train Loss     : 0.0003	 | 	Train Accuracy     : 1.0000
Valid Loss     : 0.0056	 | 	Valid Accuracy     : 1.0000

Epoch : 30
Train Loss     : 0.0009	 | 	Train Accuracy     : 1.0000
Valid Loss     : 0.0061	 | 	Valid Accuracy     : 1.0000

Evaluate on the Test set:
Test loss      :0.1914	 | Test Accuracy      : 0.9833

################## Training is Done! #########################
Training time is : 0:00:47.050703
