=============================================
Dataset: EMG
Method:  °³¹ßÁß...
Mode:    supervised
=============================================
Data loaded ...
Training started ....

Epoch : 1
Train Loss     : 0.5733	 | 	Train Accuracy     : 0.7583
Valid Loss     : 0.2317	 | 	Valid Accuracy     : 0.9500

Epoch : 2
Train Loss     : 0.1721	 | 	Train Accuracy     : 0.9417
Valid Loss     : 0.1667	 | 	Valid Accuracy     : 0.9500

Epoch : 3
Train Loss     : 0.1585	 | 	Train Accuracy     : 0.9750
Valid Loss     : 0.1484	 | 	Valid Accuracy     : 0.9250

Epoch : 4
Train Loss     : 0.2941	 | 	Train Accuracy     : 0.9083
Valid Loss     : 0.1607	 | 	Valid Accuracy     : 0.9500

Epoch : 5
Train Loss     : 0.1370	 | 	Train Accuracy     : 0.9583
Valid Loss     : 0.1821	 | 	Valid Accuracy     : 0.9500

Epoch : 6
Train Loss     : 0.1290	 | 	Train Accuracy     : 0.9583
Valid Loss     : 0.0682	 | 	Valid Accuracy     : 0.9750

Epoch : 7
Train Loss     : 0.0982	 | 	Train Accuracy     : 0.9583
Valid Loss     : 0.2070	 | 	Valid Accuracy     : 0.9500

Epoch : 8
Train Loss     : 0.0880	 | 	Train Accuracy     : 0.9833
Valid Loss     : 0.0849	 | 	Valid Accuracy     : 0.9750

Epoch : 9
Train Loss     : 0.0294	 | 	Train Accuracy     : 1.0000
Valid Loss     : 0.1017	 | 	Valid Accuracy     : 0.9750

Epoch : 10
Train Loss     : 0.0686	 | 	Train Accuracy     : 0.9917
Valid Loss     : 0.0096	 | 	Valid Accuracy     : 1.0000

Epoch : 11
Train Loss     : 0.2557	 | 	Train Accuracy     : 0.9333
Valid Loss     : 0.0820	 | 	Valid Accuracy     : 0.9750

Epoch : 12
Train Loss     : 0.1001	 | 	Train Accuracy     : 0.9750
Valid Loss     : 0.0186	 | 	Valid Accuracy     : 1.0000

Epoch : 13
Train Loss     : 0.0351	 | 	Train Accuracy     : 1.0000
Valid Loss     : 0.0147	 | 	Valid Accuracy     : 1.0000

Epoch : 14
Train Loss     : 0.2189	 | 	Train Accuracy     : 0.9333
Valid Loss     : 1.3448	 | 	Valid Accuracy     : 0.6500

Epoch : 15
Train Loss     : 0.4098	 | 	Train Accuracy     : 0.8583
Valid Loss     : 0.2008	 | 	Valid Accuracy     : 0.9500

Epoch : 16
Train Loss     : 0.1697	 | 	Train Accuracy     : 0.9333
Valid Loss     : 0.0741	 | 	Valid Accuracy     : 0.9750

Epoch : 17
Train Loss     : 0.2579	 | 	Train Accuracy     : 0.8917
Valid Loss     : 0.2611	 | 	Valid Accuracy     : 0.9500

Epoch : 18
Train Loss     : 0.0579	 | 	Train Accuracy     : 0.9833
Valid Loss     : 0.0543	 | 	Valid Accuracy     : 0.9750

Epoch : 19
Train Loss     : 0.0466	 | 	Train Accuracy     : 0.9917
Valid Loss     : 0.1631	 | 	Valid Accuracy     : 0.9500

Epoch : 20
Train Loss     : 0.0577	 | 	Train Accuracy     : 0.9833
Valid Loss     : 0.0974	 | 	Valid Accuracy     : 0.9750

Epoch : 21
Train Loss     : 0.1336	 | 	Train Accuracy     : 0.9500
Valid Loss     : 0.2760	 | 	Valid Accuracy     : 0.9000

Epoch : 22
Train Loss     : 0.1080	 | 	Train Accuracy     : 0.9583
Valid Loss     : 0.0625	 | 	Valid Accuracy     : 0.9750

Epoch : 23
Train Loss     : 0.0274	 | 	Train Accuracy     : 1.0000
Valid Loss     : 0.0601	 | 	Valid Accuracy     : 0.9750

Epoch : 24
Train Loss     : 0.0986	 | 	Train Accuracy     : 0.9583
Valid Loss     : 0.0875	 | 	Valid Accuracy     : 0.9750

Epoch : 25
Train Loss     : 0.0791	 | 	Train Accuracy     : 0.9667
Valid Loss     : 0.0981	 | 	Valid Accuracy     : 0.9750

Epoch : 26
Train Loss     : 0.0249	 | 	Train Accuracy     : 1.0000
Valid Loss     : 0.0948	 | 	Valid Accuracy     : 0.9750

Epoch : 27
Train Loss     : 0.0237	 | 	Train Accuracy     : 1.0000
Valid Loss     : 0.0558	 | 	Valid Accuracy     : 0.9750

Epoch : 28
Train Loss     : 0.0398	 | 	Train Accuracy     : 0.9917
Valid Loss     : 0.0807	 | 	Valid Accuracy     : 0.9750

Epoch : 29
Train Loss     : 0.0373	 | 	Train Accuracy     : 0.9917
Valid Loss     : 0.0803	 | 	Valid Accuracy     : 0.9750

Epoch : 30
Train Loss     : 0.0260	 | 	Train Accuracy     : 1.0000
Valid Loss     : 0.0934	 | 	Valid Accuracy     : 0.9750

Evaluate on the Test set:
Test loss      :0.1499	 | Test Accuracy      : 0.9773

################## Training is Done! #########################
Training time is : 0:01:47.786647
