=============================================
Dataset: EMG
Method:  °³¹ßÁß...
Mode:    supervised
=============================================
Data loaded ...
Training started ....

Epoch : 1
Train Loss     : 0.9553	 | 	Train Accuracy     : 0.6500
Valid Loss     : 0.8729	 | 	Valid Accuracy     : 0.5750

Epoch : 2
Train Loss     : 0.6771	 | 	Train Accuracy     : 0.6583
Valid Loss     : 0.4775	 | 	Valid Accuracy     : 0.9250

Epoch : 3
Train Loss     : 0.4864	 | 	Train Accuracy     : 0.8250
Valid Loss     : 0.2580	 | 	Valid Accuracy     : 0.9000

Epoch : 4
Train Loss     : 0.4174	 | 	Train Accuracy     : 0.8417
Valid Loss     : 0.2000	 | 	Valid Accuracy     : 0.9500

Epoch : 5
Train Loss     : 0.3010	 | 	Train Accuracy     : 0.9083
Valid Loss     : 0.1512	 | 	Valid Accuracy     : 0.9750

Epoch : 6
Train Loss     : 0.2145	 | 	Train Accuracy     : 0.9667
Valid Loss     : 0.1205	 | 	Valid Accuracy     : 0.9750

Epoch : 7
Train Loss     : 0.1778	 | 	Train Accuracy     : 0.9417
Valid Loss     : 0.0568	 | 	Valid Accuracy     : 1.0000

Epoch : 8
Train Loss     : 0.1783	 | 	Train Accuracy     : 0.9667
Valid Loss     : 0.0378	 | 	Valid Accuracy     : 1.0000

Epoch : 9
Train Loss     : 0.0943	 | 	Train Accuracy     : 0.9833
Valid Loss     : 0.1216	 | 	Valid Accuracy     : 0.9750

Epoch : 10
Train Loss     : 0.0390	 | 	Train Accuracy     : 1.0000
Valid Loss     : 0.0459	 | 	Valid Accuracy     : 1.0000

Epoch : 11
Train Loss     : 0.0273	 | 	Train Accuracy     : 1.0000
Valid Loss     : 0.0536	 | 	Valid Accuracy     : 0.9750

Epoch : 12
Train Loss     : 0.0644	 | 	Train Accuracy     : 0.9750
Valid Loss     : 0.0623	 | 	Valid Accuracy     : 0.9750

Epoch : 13
Train Loss     : 0.0647	 | 	Train Accuracy     : 0.9833
Valid Loss     : 0.1540	 | 	Valid Accuracy     : 0.9500

Epoch : 14
Train Loss     : 0.0167	 | 	Train Accuracy     : 1.0000
Valid Loss     : 0.0862	 | 	Valid Accuracy     : 0.9750

Epoch : 15
Train Loss     : 0.0166	 | 	Train Accuracy     : 1.0000
Valid Loss     : 0.0928	 | 	Valid Accuracy     : 0.9500

Epoch : 16
Train Loss     : 0.0132	 | 	Train Accuracy     : 1.0000
Valid Loss     : 0.0941	 | 	Valid Accuracy     : 0.9500

Epoch : 17
Train Loss     : 0.0154	 | 	Train Accuracy     : 1.0000
Valid Loss     : 0.1061	 | 	Valid Accuracy     : 0.9500

Epoch : 18
Train Loss     : 0.0085	 | 	Train Accuracy     : 1.0000
Valid Loss     : 0.1311	 | 	Valid Accuracy     : 0.9500

Epoch : 19
Train Loss     : 0.0133	 | 	Train Accuracy     : 1.0000
Valid Loss     : 0.1632	 | 	Valid Accuracy     : 0.9500

Epoch : 20
Train Loss     : 0.0088	 | 	Train Accuracy     : 1.0000
Valid Loss     : 0.1597	 | 	Valid Accuracy     : 0.9500

Epoch : 21
Train Loss     : 0.0055	 | 	Train Accuracy     : 1.0000
Valid Loss     : 0.1517	 | 	Valid Accuracy     : 0.9500

Epoch : 22
Train Loss     : 0.0055	 | 	Train Accuracy     : 1.0000
Valid Loss     : 0.1387	 | 	Valid Accuracy     : 0.9500

Epoch : 23
Train Loss     : 0.0117	 | 	Train Accuracy     : 1.0000
Valid Loss     : 0.1426	 | 	Valid Accuracy     : 0.9500

Epoch : 24
Train Loss     : 0.0056	 | 	Train Accuracy     : 1.0000
Valid Loss     : 0.1378	 | 	Valid Accuracy     : 0.9500

Epoch : 25
Train Loss     : 0.0052	 | 	Train Accuracy     : 1.0000
Valid Loss     : 0.1364	 | 	Valid Accuracy     : 0.9500

Epoch : 26
Train Loss     : 0.0099	 | 	Train Accuracy     : 1.0000
Valid Loss     : 0.1537	 | 	Valid Accuracy     : 0.9500

Epoch : 27
Train Loss     : 0.0520	 | 	Train Accuracy     : 0.9917
Valid Loss     : 0.1307	 | 	Valid Accuracy     : 0.9500

Epoch : 28
Train Loss     : 0.0091	 | 	Train Accuracy     : 1.0000
Valid Loss     : 0.1339	 | 	Valid Accuracy     : 0.9500

Epoch : 29
Train Loss     : 0.0034	 | 	Train Accuracy     : 1.0000
Valid Loss     : 0.1439	 | 	Valid Accuracy     : 0.9500

Epoch : 30
Train Loss     : 0.0036	 | 	Train Accuracy     : 1.0000
Valid Loss     : 0.1249	 | 	Valid Accuracy     : 0.9500

Evaluate on the Test set:
Test loss      :0.1054	 | Test Accuracy      : 0.9773

################## Training is Done! #########################
Training time is : 0:03:54.847951
