=============================================
Dataset: EMG
Method:  °³¹ßÁß...
Mode:    supervised
=============================================
Data loaded ...
Training started ....

Epoch : 1
Train Loss     : 0.9964	 | 	Train Accuracy     : 0.7589
Valid Loss     : 2194.7744	 | 	Valid Accuracy     : 0.0938

Epoch : 2
Train Loss     : 0.3962	 | 	Train Accuracy     : 0.8661
Valid Loss     : 1310.4296	 | 	Valid Accuracy     : 0.0938

Epoch : 3
Train Loss     : 0.1352	 | 	Train Accuracy     : 0.9554
Valid Loss     : 18.6080	 | 	Valid Accuracy     : 0.2812

Epoch : 4
Train Loss     : 0.1657	 | 	Train Accuracy     : 0.9554
Valid Loss     : 2.6925	 | 	Valid Accuracy     : 0.8438

Epoch : 5
Train Loss     : 0.0461	 | 	Train Accuracy     : 0.9732
Valid Loss     : 1.2566	 | 	Valid Accuracy     : 0.7812

Epoch : 6
Train Loss     : 0.1837	 | 	Train Accuracy     : 0.9464
Valid Loss     : 0.7083	 | 	Valid Accuracy     : 0.9062

Epoch : 7
Train Loss     : 0.0270	 | 	Train Accuracy     : 1.0000
Valid Loss     : 0.8953	 | 	Valid Accuracy     : 0.8750

Epoch : 8
Train Loss     : 0.0268	 | 	Train Accuracy     : 1.0000
Valid Loss     : 0.5091	 | 	Valid Accuracy     : 0.9062

Epoch : 9
Train Loss     : 0.0213	 | 	Train Accuracy     : 0.9911
Valid Loss     : 0.3418	 | 	Valid Accuracy     : 0.9375

Epoch : 10
Train Loss     : 0.0588	 | 	Train Accuracy     : 0.9911
Valid Loss     : 0.2576	 | 	Valid Accuracy     : 0.9375

Epoch : 11
Train Loss     : 0.0150	 | 	Train Accuracy     : 1.0000
Valid Loss     : 0.2883	 | 	Valid Accuracy     : 0.9062

Epoch : 12
Train Loss     : 0.0317	 | 	Train Accuracy     : 0.9732
Valid Loss     : 0.4391	 | 	Valid Accuracy     : 0.9375

Epoch : 13
Train Loss     : 0.0036	 | 	Train Accuracy     : 1.0000
Valid Loss     : 0.5239	 | 	Valid Accuracy     : 0.9375

Epoch : 14
Train Loss     : 0.0084	 | 	Train Accuracy     : 1.0000
Valid Loss     : 0.3167	 | 	Valid Accuracy     : 0.9375

Epoch : 15
Train Loss     : 0.0046	 | 	Train Accuracy     : 1.0000
Valid Loss     : 0.2811	 | 	Valid Accuracy     : 0.9375

Epoch : 16
Train Loss     : 0.0669	 | 	Train Accuracy     : 0.9643
Valid Loss     : 0.5245	 | 	Valid Accuracy     : 0.9375

Epoch : 17
Train Loss     : 0.0663	 | 	Train Accuracy     : 0.9821
Valid Loss     : 0.8994	 | 	Valid Accuracy     : 0.5938

Epoch : 18
Train Loss     : 0.0369	 | 	Train Accuracy     : 0.9911
Valid Loss     : 0.7896	 | 	Valid Accuracy     : 0.9062

Epoch : 19
Train Loss     : 0.0212	 | 	Train Accuracy     : 0.9911
Valid Loss     : 0.7911	 | 	Valid Accuracy     : 0.8750

Epoch : 20
Train Loss     : 0.0085	 | 	Train Accuracy     : 1.0000
Valid Loss     : 0.4125	 | 	Valid Accuracy     : 0.9375

Epoch : 21
Train Loss     : 0.0039	 | 	Train Accuracy     : 1.0000
Valid Loss     : 0.4204	 | 	Valid Accuracy     : 0.9375

Epoch : 22
Train Loss     : 0.0417	 | 	Train Accuracy     : 0.9821
Valid Loss     : 0.3883	 | 	Valid Accuracy     : 0.9375

Epoch : 23
Train Loss     : 0.0650	 | 	Train Accuracy     : 0.9821
Valid Loss     : 0.4224	 | 	Valid Accuracy     : 0.9375

Epoch : 24
Train Loss     : 0.0028	 | 	Train Accuracy     : 1.0000
Valid Loss     : 0.3751	 | 	Valid Accuracy     : 0.9375

Epoch : 25
Train Loss     : 0.0037	 | 	Train Accuracy     : 1.0000
Valid Loss     : 0.3394	 | 	Valid Accuracy     : 0.9375

Epoch : 26
Train Loss     : 0.0082	 | 	Train Accuracy     : 1.0000
Valid Loss     : 0.3314	 | 	Valid Accuracy     : 0.9375

Epoch : 27
Train Loss     : 0.0369	 | 	Train Accuracy     : 0.9821
Valid Loss     : 0.3319	 | 	Valid Accuracy     : 0.9375

Epoch : 28
Train Loss     : 0.0444	 | 	Train Accuracy     : 0.9821
Valid Loss     : 0.3210	 | 	Valid Accuracy     : 0.9375

Epoch : 29
Train Loss     : 0.0032	 | 	Train Accuracy     : 1.0000
Valid Loss     : 0.3056	 | 	Valid Accuracy     : 0.9375

Epoch : 30
Train Loss     : 0.0133	 | 	Train Accuracy     : 1.0000
Valid Loss     : 0.3216	 | 	Valid Accuracy     : 0.9375

Epoch : 31
Train Loss     : 0.0094	 | 	Train Accuracy     : 1.0000
Valid Loss     : 0.3338	 | 	Valid Accuracy     : 0.9375

Epoch : 32
Train Loss     : 0.0016	 | 	Train Accuracy     : 1.0000
Valid Loss     : 0.3025	 | 	Valid Accuracy     : 0.9375

Epoch : 33
Train Loss     : 0.0028	 | 	Train Accuracy     : 1.0000
Valid Loss     : 0.3225	 | 	Valid Accuracy     : 0.9375

Epoch : 34
Train Loss     : 0.0027	 | 	Train Accuracy     : 1.0000
Valid Loss     : 0.3040	 | 	Valid Accuracy     : 0.9375

Epoch : 35
Train Loss     : 0.0047	 | 	Train Accuracy     : 1.0000
Valid Loss     : 0.2919	 | 	Valid Accuracy     : 0.9375

Epoch : 36
Train Loss     : 0.0064	 | 	Train Accuracy     : 1.0000
Valid Loss     : 0.2884	 | 	Valid Accuracy     : 0.9375

Epoch : 37
Train Loss     : 0.0051	 | 	Train Accuracy     : 1.0000
Valid Loss     : 0.2857	 | 	Valid Accuracy     : 0.9375

Epoch : 38
Train Loss     : 0.0030	 | 	Train Accuracy     : 1.0000
Valid Loss     : 0.3111	 | 	Valid Accuracy     : 0.9375

Epoch : 39
Train Loss     : 0.0056	 | 	Train Accuracy     : 1.0000
Valid Loss     : 0.3252	 | 	Valid Accuracy     : 0.9375

Epoch : 40
Train Loss     : 0.0068	 | 	Train Accuracy     : 1.0000
Valid Loss     : 0.3222	 | 	Valid Accuracy     : 0.9375

Evaluate on the Test set:
Test loss      :0.1524	 | Test Accuracy      : 0.9792

################## Training is Done! #########################
Training time is : 0:00:55.354175
