=============================================
Dataset: EMG
Method:  °³¹ßÁß...
Mode:    supervised
=============================================
Data loaded ...
Training started ....

Epoch : 1
Train Loss     : 1.2868	 | 	Train Accuracy     : 0.6250
Valid Loss     : 1514.8625	 | 	Valid Accuracy     : 0.0938

Epoch : 2
Train Loss     : 0.3325	 | 	Train Accuracy     : 0.9286
Valid Loss     : 586.0695	 | 	Valid Accuracy     : 0.0938

Epoch : 3
Train Loss     : 0.2002	 | 	Train Accuracy     : 0.9464
Valid Loss     : 32.4075	 | 	Valid Accuracy     : 0.0938

Epoch : 4
Train Loss     : 0.1719	 | 	Train Accuracy     : 0.9554
Valid Loss     : 2.1954	 | 	Valid Accuracy     : 0.6562

Epoch : 5
Train Loss     : 0.0909	 | 	Train Accuracy     : 0.9732
Valid Loss     : 0.9589	 | 	Valid Accuracy     : 0.8125

Epoch : 6
Train Loss     : 0.1861	 | 	Train Accuracy     : 0.9286
Valid Loss     : 0.1372	 | 	Valid Accuracy     : 0.9688

Epoch : 7
Train Loss     : 0.1695	 | 	Train Accuracy     : 0.9286
Valid Loss     : 0.5863	 | 	Valid Accuracy     : 0.8750

Epoch : 8
Train Loss     : 0.2677	 | 	Train Accuracy     : 0.9375
Valid Loss     : 0.0935	 | 	Valid Accuracy     : 0.9688

Epoch : 9
Train Loss     : 0.0643	 | 	Train Accuracy     : 0.9732
Valid Loss     : 0.0638	 | 	Valid Accuracy     : 0.9688

Epoch : 10
Train Loss     : 0.0910	 | 	Train Accuracy     : 0.9554
Valid Loss     : 0.0567	 | 	Valid Accuracy     : 1.0000

Epoch : 11
Train Loss     : 0.0666	 | 	Train Accuracy     : 0.9911
Valid Loss     : 0.0119	 | 	Valid Accuracy     : 1.0000

Epoch : 12
Train Loss     : 0.0194	 | 	Train Accuracy     : 1.0000
Valid Loss     : 0.0285	 | 	Valid Accuracy     : 1.0000

Epoch : 13
Train Loss     : 0.0558	 | 	Train Accuracy     : 0.9643
Valid Loss     : 0.0683	 | 	Valid Accuracy     : 0.9688

Epoch : 14
Train Loss     : 0.0245	 | 	Train Accuracy     : 1.0000
Valid Loss     : 0.4458	 | 	Valid Accuracy     : 0.8750

Epoch : 15
Train Loss     : 0.0119	 | 	Train Accuracy     : 1.0000
Valid Loss     : 0.8399	 | 	Valid Accuracy     : 0.8438

Epoch : 16
Train Loss     : 0.0034	 | 	Train Accuracy     : 1.0000
Valid Loss     : 0.9456	 | 	Valid Accuracy     : 0.8125

Epoch : 17
Train Loss     : 0.0063	 | 	Train Accuracy     : 1.0000
Valid Loss     : 0.1460	 | 	Valid Accuracy     : 0.9375

Epoch : 18
Train Loss     : 0.0097	 | 	Train Accuracy     : 1.0000
Valid Loss     : 0.0982	 | 	Valid Accuracy     : 0.9375

Epoch : 19
Train Loss     : 0.0024	 | 	Train Accuracy     : 1.0000
Valid Loss     : 0.1693	 | 	Valid Accuracy     : 0.9375

Epoch : 20
Train Loss     : 0.0023	 | 	Train Accuracy     : 1.0000
Valid Loss     : 0.1164	 | 	Valid Accuracy     : 0.9375

Epoch : 21
Train Loss     : 0.0081	 | 	Train Accuracy     : 1.0000
Valid Loss     : 0.1208	 | 	Valid Accuracy     : 0.9375

Epoch : 22
Train Loss     : 0.0202	 | 	Train Accuracy     : 0.9911
Valid Loss     : 0.1285	 | 	Valid Accuracy     : 0.9375

Epoch : 23
Train Loss     : 0.0030	 | 	Train Accuracy     : 1.0000
Valid Loss     : 0.1045	 | 	Valid Accuracy     : 0.9375

Epoch : 24
Train Loss     : 0.0172	 | 	Train Accuracy     : 0.9911
Valid Loss     : 0.0678	 | 	Valid Accuracy     : 0.9375

Epoch : 25
Train Loss     : 0.0071	 | 	Train Accuracy     : 1.0000
Valid Loss     : 0.0893	 | 	Valid Accuracy     : 0.9375

Epoch : 26
Train Loss     : 0.0347	 | 	Train Accuracy     : 0.9911
Valid Loss     : 0.0534	 | 	Valid Accuracy     : 0.9688

Epoch : 27
Train Loss     : 0.0157	 | 	Train Accuracy     : 0.9911
Valid Loss     : 0.0699	 | 	Valid Accuracy     : 0.9375

Epoch : 28
Train Loss     : 0.0106	 | 	Train Accuracy     : 0.9911
Valid Loss     : 0.0932	 | 	Valid Accuracy     : 0.9688

Epoch : 29
Train Loss     : 0.0024	 | 	Train Accuracy     : 1.0000
Valid Loss     : 0.1154	 | 	Valid Accuracy     : 0.9688

Epoch : 30
Train Loss     : 0.0009	 | 	Train Accuracy     : 1.0000
Valid Loss     : 0.1249	 | 	Valid Accuracy     : 0.9375

Evaluate on the Test set:
Test loss      :0.0893	 | Test Accuracy      : 0.9792

################## Training is Done! #########################
Training time is : 0:00:41.314029
