=============================================
Dataset: EMG
Method:  °³¹ßÁß...
Mode:    supervised
=============================================
Data loaded ...
Training started ....

Epoch : 1
Train Loss     : 6.1088	 | 	Train Accuracy     : 0.3667
Valid Loss     : 17199262.0000	 | 	Valid Accuracy     : 0.1500

Epoch : 2
Train Loss     : 2.5492	 | 	Train Accuracy     : 0.4583
Valid Loss     : 4373.8057	 | 	Valid Accuracy     : 0.1500

Epoch : 3
Train Loss     : 0.9165	 | 	Train Accuracy     : 0.5167
Valid Loss     : 23.0693	 | 	Valid Accuracy     : 0.6000

Epoch : 4
Train Loss     : 0.6561	 | 	Train Accuracy     : 0.7667
Valid Loss     : 1.5763	 | 	Valid Accuracy     : 0.5500

Epoch : 5
Train Loss     : 0.4795	 | 	Train Accuracy     : 0.9083
Valid Loss     : 5.7299	 | 	Valid Accuracy     : 0.4500

Epoch : 6
Train Loss     : 0.5014	 | 	Train Accuracy     : 0.7500
Valid Loss     : 3.3883	 | 	Valid Accuracy     : 0.4500

Epoch : 7
Train Loss     : 0.6275	 | 	Train Accuracy     : 0.9167
Valid Loss     : 0.6577	 | 	Valid Accuracy     : 0.7250

Epoch : 8
Train Loss     : 0.7229	 | 	Train Accuracy     : 0.8000
Valid Loss     : 1.0848	 | 	Valid Accuracy     : 0.4000

Epoch : 9
Train Loss     : 0.3742	 | 	Train Accuracy     : 0.9250
Valid Loss     : 1.7348	 | 	Valid Accuracy     : 0.4000

Epoch : 10
Train Loss     : 0.3146	 | 	Train Accuracy     : 0.9250
Valid Loss     : 1.6476	 | 	Valid Accuracy     : 0.4000

Epoch : 11
Train Loss     : 0.2626	 | 	Train Accuracy     : 0.9167
Valid Loss     : 0.9872	 | 	Valid Accuracy     : 0.4000

Epoch : 12
Train Loss     : 0.4279	 | 	Train Accuracy     : 0.9250
Valid Loss     : 0.8340	 | 	Valid Accuracy     : 0.7500

Epoch : 13
Train Loss     : 0.4196	 | 	Train Accuracy     : 0.9083
Valid Loss     : 0.7438	 | 	Valid Accuracy     : 0.6250

Epoch : 14
Train Loss     : 0.2261	 | 	Train Accuracy     : 0.9250
Valid Loss     : 0.5720	 | 	Valid Accuracy     : 0.7750

Epoch : 15
Train Loss     : 0.3324	 | 	Train Accuracy     : 0.9167
Valid Loss     : 1.5747	 | 	Valid Accuracy     : 0.4000

Epoch : 16
Train Loss     : 0.2178	 | 	Train Accuracy     : 0.9750
Valid Loss     : 0.7738	 | 	Valid Accuracy     : 0.7750

Epoch : 17
Train Loss     : 0.1878	 | 	Train Accuracy     : 0.9417
Valid Loss     : 1.0175	 | 	Valid Accuracy     : 0.4000

Epoch : 18
Train Loss     : 0.1754	 | 	Train Accuracy     : 0.9583
Valid Loss     : 1.2181	 | 	Valid Accuracy     : 0.4000

Epoch : 19
Train Loss     : 0.2395	 | 	Train Accuracy     : 0.9000
Valid Loss     : 1.0642	 | 	Valid Accuracy     : 0.4000

Epoch : 20
Train Loss     : 0.2657	 | 	Train Accuracy     : 0.8917
Valid Loss     : 3.3455	 | 	Valid Accuracy     : 0.4000

Epoch : 21
Train Loss     : 0.3923	 | 	Train Accuracy     : 0.8833
Valid Loss     : 0.3514	 | 	Valid Accuracy     : 0.8500

Epoch : 22
Train Loss     : 0.5448	 | 	Train Accuracy     : 0.7750
Valid Loss     : 2.5144	 | 	Valid Accuracy     : 0.4500

Epoch : 23
Train Loss     : 0.2677	 | 	Train Accuracy     : 0.9250
Valid Loss     : 2.0752	 | 	Valid Accuracy     : 0.4000

Epoch : 24
Train Loss     : 0.1768	 | 	Train Accuracy     : 0.9667
Valid Loss     : 0.7781	 | 	Valid Accuracy     : 0.7750

Epoch : 25
Train Loss     : 0.1837	 | 	Train Accuracy     : 0.9583
Valid Loss     : 1.1181	 | 	Valid Accuracy     : 0.7250

Epoch : 26
Train Loss     : 0.2045	 | 	Train Accuracy     : 0.9333
Valid Loss     : 2.9393	 | 	Valid Accuracy     : 0.4000

Epoch : 27
Train Loss     : 0.1164	 | 	Train Accuracy     : 0.9667
Valid Loss     : 3.0996	 | 	Valid Accuracy     : 0.4000

Epoch : 28
Train Loss     : 0.3624	 | 	Train Accuracy     : 0.8417
Valid Loss     : 40.9761	 | 	Valid Accuracy     : 0.4500

Epoch : 29
Train Loss     : 0.2739	 | 	Train Accuracy     : 0.9083
Valid Loss     : 15.5324	 | 	Valid Accuracy     : 0.1500

Epoch : 30
Train Loss     : 0.1734	 | 	Train Accuracy     : 0.9583
Valid Loss     : 0.0849	 | 	Valid Accuracy     : 1.0000

Evaluate on the Test set:
Test loss      :0.1036	 | Test Accuracy      : 0.9833

################## Training is Done! #########################
Training time is : 0:00:46.723637
