=============================================
Dataset: EMG
Method:  °³¹ßÁß...
Mode:    supervised
=============================================
Data loaded ...
Training started ....

Epoch : 1
Train Loss     : 1.0296	 | 	Train Accuracy     : 0.5417
Valid Loss     : 12.3562	 | 	Valid Accuracy     : 0.4500

Epoch : 2
Train Loss     : 0.8729	 | 	Train Accuracy     : 0.6750
Valid Loss     : 1.0660	 | 	Valid Accuracy     : 0.4500

Epoch : 3
Train Loss     : 0.7181	 | 	Train Accuracy     : 0.7167
Valid Loss     : 0.9452	 | 	Valid Accuracy     : 0.6250

Epoch : 4
Train Loss     : 0.6130	 | 	Train Accuracy     : 0.8167
Valid Loss     : 0.7984	 | 	Valid Accuracy     : 0.8250

Epoch : 5
Train Loss     : 0.5232	 | 	Train Accuracy     : 0.9167
Valid Loss     : 0.5969	 | 	Valid Accuracy     : 0.9250

Epoch : 6
Train Loss     : 0.4685	 | 	Train Accuracy     : 0.9583
Valid Loss     : 0.4804	 | 	Valid Accuracy     : 0.9500

Epoch : 7
Train Loss     : 0.4040	 | 	Train Accuracy     : 0.9833
Valid Loss     : 0.3811	 | 	Valid Accuracy     : 0.9750

Epoch : 8
Train Loss     : 0.3291	 | 	Train Accuracy     : 0.9750
Valid Loss     : 0.2889	 | 	Valid Accuracy     : 0.9750

Epoch : 9
Train Loss     : 0.2348	 | 	Train Accuracy     : 0.9833
Valid Loss     : 0.2101	 | 	Valid Accuracy     : 0.9500

Epoch : 10
Train Loss     : 0.1532	 | 	Train Accuracy     : 0.9833
Valid Loss     : 0.1663	 | 	Valid Accuracy     : 0.9500

Epoch : 11
Train Loss     : 0.0968	 | 	Train Accuracy     : 1.0000
Valid Loss     : 0.1467	 | 	Valid Accuracy     : 0.9500

Epoch : 12
Train Loss     : 0.0686	 | 	Train Accuracy     : 1.0000
Valid Loss     : 0.1251	 | 	Valid Accuracy     : 0.9500

Epoch : 13
Train Loss     : 0.0545	 | 	Train Accuracy     : 1.0000
Valid Loss     : 0.1089	 | 	Valid Accuracy     : 0.9500

Epoch : 14
Train Loss     : 0.0525	 | 	Train Accuracy     : 1.0000
Valid Loss     : 0.1055	 | 	Valid Accuracy     : 0.9500

Epoch : 15
Train Loss     : 0.0234	 | 	Train Accuracy     : 1.0000
Valid Loss     : 0.1049	 | 	Valid Accuracy     : 0.9500

Epoch : 16
Train Loss     : 0.0319	 | 	Train Accuracy     : 1.0000
Valid Loss     : 0.1052	 | 	Valid Accuracy     : 0.9500

Epoch : 17
Train Loss     : 0.0230	 | 	Train Accuracy     : 1.0000
Valid Loss     : 0.1053	 | 	Valid Accuracy     : 0.9500

Epoch : 18
Train Loss     : 0.0240	 | 	Train Accuracy     : 1.0000
Valid Loss     : 0.1050	 | 	Valid Accuracy     : 0.9500

Epoch : 19
Train Loss     : 0.0273	 | 	Train Accuracy     : 1.0000
Valid Loss     : 0.1032	 | 	Valid Accuracy     : 0.9500

Epoch : 20
Train Loss     : 0.0123	 | 	Train Accuracy     : 1.0000
Valid Loss     : 0.1082	 | 	Valid Accuracy     : 0.9500

Epoch : 21
Train Loss     : 0.0306	 | 	Train Accuracy     : 1.0000
Valid Loss     : 0.1058	 | 	Valid Accuracy     : 0.9500

Epoch : 22
Train Loss     : 0.0248	 | 	Train Accuracy     : 1.0000
Valid Loss     : 0.1010	 | 	Valid Accuracy     : 0.9500

Epoch : 23
Train Loss     : 0.0140	 | 	Train Accuracy     : 1.0000
Valid Loss     : 0.0962	 | 	Valid Accuracy     : 0.9500

Epoch : 24
Train Loss     : 0.0195	 | 	Train Accuracy     : 1.0000
Valid Loss     : 0.0941	 | 	Valid Accuracy     : 0.9500

Epoch : 25
Train Loss     : 0.0272	 | 	Train Accuracy     : 0.9917
Valid Loss     : 0.1112	 | 	Valid Accuracy     : 0.9500

Epoch : 26
Train Loss     : 0.0129	 | 	Train Accuracy     : 1.0000
Valid Loss     : 0.1323	 | 	Valid Accuracy     : 0.9500

Epoch : 27
Train Loss     : 0.0186	 | 	Train Accuracy     : 1.0000
Valid Loss     : 0.1249	 | 	Valid Accuracy     : 0.9500

Epoch : 28
Train Loss     : 0.0090	 | 	Train Accuracy     : 1.0000
Valid Loss     : 0.1317	 | 	Valid Accuracy     : 0.9500

Epoch : 29
Train Loss     : 0.0099	 | 	Train Accuracy     : 1.0000
Valid Loss     : 0.1343	 | 	Valid Accuracy     : 0.9500

Epoch : 30
Train Loss     : 0.0113	 | 	Train Accuracy     : 1.0000
Valid Loss     : 0.1293	 | 	Valid Accuracy     : 0.9500

Evaluate on the Test set:
Test loss      :0.0562	 | Test Accuracy      : 0.9833

################## Training is Done! #########################
Training time is : 0:01:53.263855
