=============================================
Dataset: EMG
Method:  °³¹ßÁß...
Mode:    supervised
=============================================
Data loaded ...
Training started ....

Epoch : 1
Train Loss     : 0.5906	 | 	Train Accuracy     : 0.7333
Valid Loss     : 1573.1362	 | 	Valid Accuracy     : 0.1500

Epoch : 2
Train Loss     : 0.3570	 | 	Train Accuracy     : 0.9250
Valid Loss     : 223.5763	 | 	Valid Accuracy     : 0.1500

Epoch : 3
Train Loss     : 0.1360	 | 	Train Accuracy     : 0.9667
Valid Loss     : 32.5180	 | 	Valid Accuracy     : 0.0500

Epoch : 4
Train Loss     : 0.1440	 | 	Train Accuracy     : 0.9417
Valid Loss     : 3.8490	 | 	Valid Accuracy     : 0.5250

Epoch : 5
Train Loss     : 0.0753	 | 	Train Accuracy     : 0.9833
Valid Loss     : 0.8424	 | 	Valid Accuracy     : 0.8250

Epoch : 6
Train Loss     : 0.1204	 | 	Train Accuracy     : 0.9750
Valid Loss     : 1.3688	 | 	Valid Accuracy     : 0.7750

Epoch : 7
Train Loss     : 0.2735	 | 	Train Accuracy     : 0.9250
Valid Loss     : 0.7945	 | 	Valid Accuracy     : 0.8000

Epoch : 8
Train Loss     : 0.1963	 | 	Train Accuracy     : 0.9333
Valid Loss     : 3.6458	 | 	Valid Accuracy     : 0.8250

Epoch : 9
Train Loss     : 0.1249	 | 	Train Accuracy     : 0.9583
Valid Loss     : 0.1258	 | 	Valid Accuracy     : 0.9500

Epoch : 10
Train Loss     : 0.0665	 | 	Train Accuracy     : 0.9750
Valid Loss     : 0.0484	 | 	Valid Accuracy     : 0.9750

Epoch : 11
Train Loss     : 0.0321	 | 	Train Accuracy     : 0.9917
Valid Loss     : 0.1393	 | 	Valid Accuracy     : 0.9500

Epoch : 12
Train Loss     : 0.1070	 | 	Train Accuracy     : 0.9500
Valid Loss     : 0.4754	 | 	Valid Accuracy     : 0.9250

Epoch : 13
Train Loss     : 0.0418	 | 	Train Accuracy     : 0.9833
Valid Loss     : 0.5565	 | 	Valid Accuracy     : 0.9250

Epoch : 14
Train Loss     : 0.0261	 | 	Train Accuracy     : 0.9917
Valid Loss     : 0.3425	 | 	Valid Accuracy     : 0.9250

Epoch : 15
Train Loss     : 0.0072	 | 	Train Accuracy     : 1.0000
Valid Loss     : 0.2229	 | 	Valid Accuracy     : 0.9250

Epoch : 16
Train Loss     : 0.0029	 | 	Train Accuracy     : 1.0000
Valid Loss     : 0.1919	 | 	Valid Accuracy     : 0.9500

Epoch : 17
Train Loss     : 0.0040	 | 	Train Accuracy     : 1.0000
Valid Loss     : 0.2208	 | 	Valid Accuracy     : 0.9250

Epoch : 18
Train Loss     : 0.0014	 | 	Train Accuracy     : 1.0000
Valid Loss     : 0.2585	 | 	Valid Accuracy     : 0.9250

Epoch : 19
Train Loss     : 0.0041	 | 	Train Accuracy     : 1.0000
Valid Loss     : 0.2945	 | 	Valid Accuracy     : 0.9250

Epoch : 20
Train Loss     : 0.0232	 | 	Train Accuracy     : 0.9917
Valid Loss     : 0.2268	 | 	Valid Accuracy     : 0.9500

Epoch : 21
Train Loss     : 0.0060	 | 	Train Accuracy     : 1.0000
Valid Loss     : 0.1774	 | 	Valid Accuracy     : 0.9250

Epoch : 22
Train Loss     : 0.1624	 | 	Train Accuracy     : 0.9667
Valid Loss     : 0.1240	 | 	Valid Accuracy     : 0.9500

Epoch : 23
Train Loss     : 0.0077	 | 	Train Accuracy     : 1.0000
Valid Loss     : 0.0918	 | 	Valid Accuracy     : 0.9750

Epoch : 24
Train Loss     : 0.0161	 | 	Train Accuracy     : 0.9917
Valid Loss     : 0.0845	 | 	Valid Accuracy     : 0.9750

Epoch : 25
Train Loss     : 0.0022	 | 	Train Accuracy     : 1.0000
Valid Loss     : 0.0934	 | 	Valid Accuracy     : 0.9500

Epoch : 26
Train Loss     : 0.0063	 | 	Train Accuracy     : 1.0000
Valid Loss     : 0.1012	 | 	Valid Accuracy     : 0.9500

Epoch : 27
Train Loss     : 0.0029	 | 	Train Accuracy     : 1.0000
Valid Loss     : 0.1078	 | 	Valid Accuracy     : 0.9500

Epoch : 28
Train Loss     : 0.0014	 | 	Train Accuracy     : 1.0000
Valid Loss     : 0.1211	 | 	Valid Accuracy     : 0.9500

Epoch : 29
Train Loss     : 0.0023	 | 	Train Accuracy     : 1.0000
Valid Loss     : 0.1299	 | 	Valid Accuracy     : 0.9500

Epoch : 30
Train Loss     : 0.0019	 | 	Train Accuracy     : 1.0000
Valid Loss     : 0.1388	 | 	Valid Accuracy     : 0.9500

Evaluate on the Test set:
Test loss      :0.0791	 | Test Accuracy      : 0.9833

################## Training is Done! #########################
Training time is : 0:00:46.729474
