=============================================
Dataset: EMG
Method:  °³¹ßÁß...
Mode:    supervised
=============================================
Data loaded ...
Training started ....

Epoch : 1
Train Loss     : 0.6713	 | 	Train Accuracy     : 0.7083
Valid Loss     : 0.8910	 | 	Valid Accuracy     : 0.7000

Epoch : 2
Train Loss     : 0.4857	 | 	Train Accuracy     : 0.7917
Valid Loss     : 0.4630	 | 	Valid Accuracy     : 0.8750

Epoch : 3
Train Loss     : 0.3717	 | 	Train Accuracy     : 0.8667
Valid Loss     : 0.5422	 | 	Valid Accuracy     : 0.8500

Epoch : 4
Train Loss     : 0.2545	 | 	Train Accuracy     : 0.9417
Valid Loss     : 0.2586	 | 	Valid Accuracy     : 0.8750

Epoch : 5
Train Loss     : 0.3043	 | 	Train Accuracy     : 0.9167
Valid Loss     : 0.2504	 | 	Valid Accuracy     : 0.8750

Epoch : 6
Train Loss     : 0.1577	 | 	Train Accuracy     : 0.9667
Valid Loss     : 0.1782	 | 	Valid Accuracy     : 0.9500

Epoch : 7
Train Loss     : 0.1570	 | 	Train Accuracy     : 0.9500
Valid Loss     : 0.1460	 | 	Valid Accuracy     : 0.9000

Epoch : 8
Train Loss     : 0.2317	 | 	Train Accuracy     : 0.9500
Valid Loss     : 0.1507	 | 	Valid Accuracy     : 0.9500

Epoch : 9
Train Loss     : 0.2296	 | 	Train Accuracy     : 0.9250
Valid Loss     : 0.1507	 | 	Valid Accuracy     : 0.9500

Epoch : 10
Train Loss     : 0.0705	 | 	Train Accuracy     : 0.9917
Valid Loss     : 0.1821	 | 	Valid Accuracy     : 0.9000

Epoch : 11
Train Loss     : 0.0441	 | 	Train Accuracy     : 0.9917
Valid Loss     : 0.3267	 | 	Valid Accuracy     : 0.9250

Epoch : 12
Train Loss     : 0.2144	 | 	Train Accuracy     : 0.9333
Valid Loss     : 0.2522	 | 	Valid Accuracy     : 0.9000

Epoch : 13
Train Loss     : 0.0946	 | 	Train Accuracy     : 0.9833
Valid Loss     : 0.1461	 | 	Valid Accuracy     : 0.9250

Epoch : 14
Train Loss     : 0.1652	 | 	Train Accuracy     : 0.9333
Valid Loss     : 0.3583	 | 	Valid Accuracy     : 0.9000

Epoch : 15
Train Loss     : 0.1039	 | 	Train Accuracy     : 0.9667
Valid Loss     : 0.3758	 | 	Valid Accuracy     : 0.8750

Epoch : 16
Train Loss     : 0.0992	 | 	Train Accuracy     : 0.9750
Valid Loss     : 0.3571	 | 	Valid Accuracy     : 0.8750

Epoch : 17
Train Loss     : 0.0360	 | 	Train Accuracy     : 0.9917
Valid Loss     : 0.2935	 | 	Valid Accuracy     : 0.9250

Epoch : 18
Train Loss     : 0.3430	 | 	Train Accuracy     : 0.9167
Valid Loss     : 0.1575	 | 	Valid Accuracy     : 0.9500

Epoch : 19
Train Loss     : 0.0910	 | 	Train Accuracy     : 0.9750
Valid Loss     : 0.1177	 | 	Valid Accuracy     : 0.9500

Epoch : 20
Train Loss     : 0.1960	 | 	Train Accuracy     : 0.9500
Valid Loss     : 0.1063	 | 	Valid Accuracy     : 0.9750

Epoch : 21
Train Loss     : 0.0457	 | 	Train Accuracy     : 1.0000
Valid Loss     : 0.1057	 | 	Valid Accuracy     : 0.9750

Epoch : 22
Train Loss     : 0.0561	 | 	Train Accuracy     : 0.9917
Valid Loss     : 0.1127	 | 	Valid Accuracy     : 0.9750

Epoch : 23
Train Loss     : 0.1556	 | 	Train Accuracy     : 0.9500
Valid Loss     : 0.1238	 | 	Valid Accuracy     : 0.9750

Epoch : 24
Train Loss     : 0.1468	 | 	Train Accuracy     : 0.9500
Valid Loss     : 0.1162	 | 	Valid Accuracy     : 0.9750

Epoch : 25
Train Loss     : 0.0337	 | 	Train Accuracy     : 0.9917
Valid Loss     : 0.1152	 | 	Valid Accuracy     : 0.9750

Epoch : 26
Train Loss     : 0.1047	 | 	Train Accuracy     : 0.9667
Valid Loss     : 0.1216	 | 	Valid Accuracy     : 0.9750

Epoch : 27
Train Loss     : 0.1808	 | 	Train Accuracy     : 0.9750
Valid Loss     : 0.1334	 | 	Valid Accuracy     : 0.9500

Epoch : 28
Train Loss     : 0.0540	 | 	Train Accuracy     : 0.9917
Valid Loss     : 0.1299	 | 	Valid Accuracy     : 0.9750

Epoch : 29
Train Loss     : 0.0197	 | 	Train Accuracy     : 1.0000
Valid Loss     : 0.1139	 | 	Valid Accuracy     : 0.9750

Epoch : 30
Train Loss     : 0.1101	 | 	Train Accuracy     : 0.9667
Valid Loss     : 0.1255	 | 	Valid Accuracy     : 0.9500

Evaluate on the Test set:
Test loss      :0.1317	 | Test Accuracy      : 0.9545

################## Training is Done! #########################
Training time is : 0:01:17.245341
