=============================================
Dataset: EMG
Method:  °³¹ßÁß...
Mode:    supervised
=============================================
Data loaded ...
Training started ....

Epoch : 1
Train Loss     : 1.0239	 | 	Train Accuracy     : 0.7833
Valid Loss     : 865.7221	 | 	Valid Accuracy     : 0.4000

Epoch : 2
Train Loss     : 0.3091	 | 	Train Accuracy     : 0.8833
Valid Loss     : 77.4778	 | 	Valid Accuracy     : 0.5000

Epoch : 3
Train Loss     : 0.1645	 | 	Train Accuracy     : 0.9500
Valid Loss     : 44.7819	 | 	Valid Accuracy     : 0.4000

Epoch : 4
Train Loss     : 0.1628	 | 	Train Accuracy     : 0.9583
Valid Loss     : 13.3417	 | 	Valid Accuracy     : 0.5500

Epoch : 5
Train Loss     : 0.0853	 | 	Train Accuracy     : 0.9750
Valid Loss     : 4.1438	 | 	Valid Accuracy     : 0.5250

Epoch : 6
Train Loss     : 0.0475	 | 	Train Accuracy     : 0.9917
Valid Loss     : 0.6992	 | 	Valid Accuracy     : 0.8000

Epoch : 7
Train Loss     : 0.0366	 | 	Train Accuracy     : 0.9917
Valid Loss     : 0.2334	 | 	Valid Accuracy     : 0.9250

Epoch : 8
Train Loss     : 0.0454	 | 	Train Accuracy     : 0.9917
Valid Loss     : 0.2061	 | 	Valid Accuracy     : 0.9500

Epoch : 9
Train Loss     : 0.1046	 | 	Train Accuracy     : 0.9667
Valid Loss     : 0.1111	 | 	Valid Accuracy     : 0.9750

Epoch : 10
Train Loss     : 0.1468	 | 	Train Accuracy     : 0.9417
Valid Loss     : 0.3221	 | 	Valid Accuracy     : 0.8500

Epoch : 11
Train Loss     : 0.1316	 | 	Train Accuracy     : 0.9667
Valid Loss     : 0.4068	 | 	Valid Accuracy     : 0.8750

Epoch : 12
Train Loss     : 0.1009	 | 	Train Accuracy     : 0.9917
Valid Loss     : 0.0908	 | 	Valid Accuracy     : 0.9750

Epoch : 13
Train Loss     : 0.0531	 | 	Train Accuracy     : 0.9833
Valid Loss     : 0.1037	 | 	Valid Accuracy     : 0.9500

Epoch : 14
Train Loss     : 0.0567	 | 	Train Accuracy     : 0.9833
Valid Loss     : 0.1313	 | 	Valid Accuracy     : 0.9500

Epoch : 15
Train Loss     : 0.0357	 | 	Train Accuracy     : 0.9917
Valid Loss     : 0.3021	 | 	Valid Accuracy     : 0.9250

Epoch : 16
Train Loss     : 0.0240	 | 	Train Accuracy     : 0.9917
Valid Loss     : 0.2235	 | 	Valid Accuracy     : 0.8750

Epoch : 17
Train Loss     : 0.1048	 | 	Train Accuracy     : 0.9583
Valid Loss     : 1.1855	 | 	Valid Accuracy     : 0.9250

Epoch : 18
Train Loss     : 0.0711	 | 	Train Accuracy     : 0.9833
Valid Loss     : 0.1862	 | 	Valid Accuracy     : 0.9250

Epoch : 19
Train Loss     : 0.0791	 | 	Train Accuracy     : 0.9750
Valid Loss     : 0.2345	 | 	Valid Accuracy     : 0.8750

Epoch : 20
Train Loss     : 0.0732	 | 	Train Accuracy     : 0.9750
Valid Loss     : 0.1773	 | 	Valid Accuracy     : 0.9000

Epoch : 21
Train Loss     : 0.0718	 | 	Train Accuracy     : 0.9833
Valid Loss     : 0.2371	 | 	Valid Accuracy     : 0.9250

Epoch : 22
Train Loss     : 0.0254	 | 	Train Accuracy     : 0.9833
Valid Loss     : 0.2163	 | 	Valid Accuracy     : 0.9500

Epoch : 23
Train Loss     : 0.0227	 | 	Train Accuracy     : 0.9917
Valid Loss     : 0.3687	 | 	Valid Accuracy     : 0.8750

Epoch : 24
Train Loss     : 0.0026	 | 	Train Accuracy     : 1.0000
Valid Loss     : 0.1706	 | 	Valid Accuracy     : 0.9500

Epoch : 25
Train Loss     : 0.0047	 | 	Train Accuracy     : 1.0000
Valid Loss     : 0.1667	 | 	Valid Accuracy     : 0.9500

Epoch : 26
Train Loss     : 0.0072	 | 	Train Accuracy     : 1.0000
Valid Loss     : 0.1779	 | 	Valid Accuracy     : 0.9500

Epoch : 27
Train Loss     : 0.0102	 | 	Train Accuracy     : 1.0000
Valid Loss     : 0.1925	 | 	Valid Accuracy     : 0.9500

Epoch : 28
Train Loss     : 0.0052	 | 	Train Accuracy     : 1.0000
Valid Loss     : 0.1923	 | 	Valid Accuracy     : 0.9500

Epoch : 29
Train Loss     : 0.0026	 | 	Train Accuracy     : 1.0000
Valid Loss     : 0.1947	 | 	Valid Accuracy     : 0.9500

Epoch : 30
Train Loss     : 0.0023	 | 	Train Accuracy     : 1.0000
Valid Loss     : 0.1986	 | 	Valid Accuracy     : 0.9500

Evaluate on the Test set:
Test loss      :0.0214	 | Test Accuracy      : 0.9833

################## Training is Done! #########################
Training time is : 0:00:46.830504
