=============================================
Dataset: EMG
Method:  °³¹ßÁß...
Mode:    supervised
=============================================
Data loaded ...
Training started ....

Epoch : 1
Train Loss     : 0.6833	 | 	Train Accuracy     : 0.7417
Valid Loss     : 0.0282	 | 	Valid Accuracy     : 1.0000

Epoch : 2
Train Loss     : 0.3789	 | 	Train Accuracy     : 0.8667
Valid Loss     : 0.1346	 | 	Valid Accuracy     : 0.9750

Epoch : 3
Train Loss     : 0.2329	 | 	Train Accuracy     : 0.9417
Valid Loss     : 0.1320	 | 	Valid Accuracy     : 0.9750

Epoch : 4
Train Loss     : 0.2713	 | 	Train Accuracy     : 0.8917
Valid Loss     : 0.1247	 | 	Valid Accuracy     : 0.9250

Epoch : 5
Train Loss     : 0.1388	 | 	Train Accuracy     : 0.9750
Valid Loss     : 0.1930	 | 	Valid Accuracy     : 0.9500

Epoch : 6
Train Loss     : 0.2527	 | 	Train Accuracy     : 0.9667
Valid Loss     : 0.2323	 | 	Valid Accuracy     : 0.9250

Epoch : 7
Train Loss     : 0.0643	 | 	Train Accuracy     : 0.9917
Valid Loss     : 0.3107	 | 	Valid Accuracy     : 0.9250

Epoch : 8
Train Loss     : 0.0619	 | 	Train Accuracy     : 0.9833
Valid Loss     : 0.1978	 | 	Valid Accuracy     : 0.9250

Epoch : 9
Train Loss     : 0.0659	 | 	Train Accuracy     : 0.9667
Valid Loss     : 0.1553	 | 	Valid Accuracy     : 0.9250

Epoch : 10
Train Loss     : 0.0724	 | 	Train Accuracy     : 0.9750
Valid Loss     : 0.2450	 | 	Valid Accuracy     : 0.9000

Epoch : 11
Train Loss     : 0.0850	 | 	Train Accuracy     : 0.9750
Valid Loss     : 0.1819	 | 	Valid Accuracy     : 0.9500

Epoch : 12
Train Loss     : 0.0871	 | 	Train Accuracy     : 0.9500
Valid Loss     : 0.2455	 | 	Valid Accuracy     : 0.9500

Epoch : 13
Train Loss     : 0.0296	 | 	Train Accuracy     : 1.0000
Valid Loss     : 0.2346	 | 	Valid Accuracy     : 0.9500

Epoch : 14
Train Loss     : 0.0295	 | 	Train Accuracy     : 0.9917
Valid Loss     : 0.2102	 | 	Valid Accuracy     : 0.9500

Epoch : 15
Train Loss     : 0.0269	 | 	Train Accuracy     : 0.9917
Valid Loss     : 0.2010	 | 	Valid Accuracy     : 0.9500

Epoch : 16
Train Loss     : 0.0116	 | 	Train Accuracy     : 1.0000
Valid Loss     : 0.1893	 | 	Valid Accuracy     : 0.9500

Epoch : 17
Train Loss     : 0.0249	 | 	Train Accuracy     : 0.9917
Valid Loss     : 0.2011	 | 	Valid Accuracy     : 0.9500

Epoch : 18
Train Loss     : 0.0295	 | 	Train Accuracy     : 0.9833
Valid Loss     : 0.1949	 | 	Valid Accuracy     : 0.9500

Epoch : 19
Train Loss     : 0.0215	 | 	Train Accuracy     : 1.0000
Valid Loss     : 0.1859	 | 	Valid Accuracy     : 0.9500

Epoch : 20
Train Loss     : 0.0194	 | 	Train Accuracy     : 1.0000
Valid Loss     : 0.1894	 | 	Valid Accuracy     : 0.9500

Epoch : 21
Train Loss     : 0.0088	 | 	Train Accuracy     : 1.0000
Valid Loss     : 0.1893	 | 	Valid Accuracy     : 0.9500

Epoch : 22
Train Loss     : 0.0945	 | 	Train Accuracy     : 0.9833
Valid Loss     : 0.2103	 | 	Valid Accuracy     : 0.9500

Epoch : 23
Train Loss     : 0.0523	 | 	Train Accuracy     : 0.9833
Valid Loss     : 0.1961	 | 	Valid Accuracy     : 0.9500

Epoch : 24
Train Loss     : 0.0126	 | 	Train Accuracy     : 1.0000
Valid Loss     : 0.1742	 | 	Valid Accuracy     : 0.9500

Epoch : 25
Train Loss     : 0.0167	 | 	Train Accuracy     : 1.0000
Valid Loss     : 0.1982	 | 	Valid Accuracy     : 0.9500

Epoch : 26
Train Loss     : 0.0069	 | 	Train Accuracy     : 1.0000
Valid Loss     : 0.1830	 | 	Valid Accuracy     : 0.9500

Epoch : 27
Train Loss     : 0.0388	 | 	Train Accuracy     : 0.9833
Valid Loss     : 0.1801	 | 	Valid Accuracy     : 0.9500

Epoch : 28
Train Loss     : 0.0456	 | 	Train Accuracy     : 0.9833
Valid Loss     : 0.1926	 | 	Valid Accuracy     : 0.9500

Epoch : 29
Train Loss     : 0.0549	 | 	Train Accuracy     : 0.9917
Valid Loss     : 0.1728	 | 	Valid Accuracy     : 0.9500

Epoch : 30
Train Loss     : 0.0073	 | 	Train Accuracy     : 1.0000
Valid Loss     : 0.1782	 | 	Valid Accuracy     : 0.9500

Evaluate on the Test set:
Test loss      :0.1367	 | Test Accuracy      : 0.9773

################## Training is Done! #########################
Training time is : 0:01:19.208685
