=============================================
Dataset: EMG
Method:  °³¹ßÁß...
Mode:    supervised
=============================================
Data loaded ...
Training started ....

Epoch : 1
Train Loss     : 0.3965	 | 	Train Accuracy     : 0.8750
Valid Loss     : 0.2384	 | 	Valid Accuracy     : 0.9000

Epoch : 2
Train Loss     : 0.2839	 | 	Train Accuracy     : 0.9083
Valid Loss     : 0.0895	 | 	Valid Accuracy     : 0.9500

Epoch : 3
Train Loss     : 0.1487	 | 	Train Accuracy     : 0.9417
Valid Loss     : 0.2118	 | 	Valid Accuracy     : 0.9750

Epoch : 4
Train Loss     : 0.1068	 | 	Train Accuracy     : 0.9750
Valid Loss     : 0.0279	 | 	Valid Accuracy     : 0.9750

Epoch : 5
Train Loss     : 0.1573	 | 	Train Accuracy     : 0.9417
Valid Loss     : 0.2369	 | 	Valid Accuracy     : 0.9000

Epoch : 6
Train Loss     : 0.1099	 | 	Train Accuracy     : 0.9583
Valid Loss     : 0.1449	 | 	Valid Accuracy     : 0.9500

Epoch : 7
Train Loss     : 0.0943	 | 	Train Accuracy     : 0.9667
Valid Loss     : 0.1409	 | 	Valid Accuracy     : 0.9750

Epoch : 8
Train Loss     : 0.0916	 | 	Train Accuracy     : 0.9667
Valid Loss     : 0.3729	 | 	Valid Accuracy     : 0.9500

Epoch : 9
Train Loss     : 0.2139	 | 	Train Accuracy     : 0.9417
Valid Loss     : 0.1948	 | 	Valid Accuracy     : 0.9500

Epoch : 10
Train Loss     : 0.0718	 | 	Train Accuracy     : 0.9833
Valid Loss     : 0.1381	 | 	Valid Accuracy     : 0.9750

Epoch : 11
Train Loss     : 0.1126	 | 	Train Accuracy     : 0.9833
Valid Loss     : 0.5731	 | 	Valid Accuracy     : 0.9250

Epoch : 12
Train Loss     : 0.0629	 | 	Train Accuracy     : 0.9833
Valid Loss     : 0.1361	 | 	Valid Accuracy     : 0.9750

Epoch : 13
Train Loss     : 0.1090	 | 	Train Accuracy     : 0.9750
Valid Loss     : 0.2939	 | 	Valid Accuracy     : 0.9750

Epoch : 14
Train Loss     : 0.0576	 | 	Train Accuracy     : 0.9833
Valid Loss     : 0.2845	 | 	Valid Accuracy     : 0.9750

Epoch : 15
Train Loss     : 0.0127	 | 	Train Accuracy     : 1.0000
Valid Loss     : 0.1469	 | 	Valid Accuracy     : 0.9500

Epoch : 16
Train Loss     : 0.0420	 | 	Train Accuracy     : 0.9917
Valid Loss     : 0.1867	 | 	Valid Accuracy     : 0.9500

Epoch : 17
Train Loss     : 0.0191	 | 	Train Accuracy     : 1.0000
Valid Loss     : 0.1811	 | 	Valid Accuracy     : 0.9500

Epoch : 18
Train Loss     : 0.0136	 | 	Train Accuracy     : 1.0000
Valid Loss     : 0.1782	 | 	Valid Accuracy     : 0.9500

Epoch : 19
Train Loss     : 0.0132	 | 	Train Accuracy     : 1.0000
Valid Loss     : 0.1713	 | 	Valid Accuracy     : 0.9750

Epoch : 20
Train Loss     : 0.0218	 | 	Train Accuracy     : 0.9917
Valid Loss     : 0.1733	 | 	Valid Accuracy     : 0.9750

Epoch : 21
Train Loss     : 0.0298	 | 	Train Accuracy     : 0.9917
Valid Loss     : 0.1802	 | 	Valid Accuracy     : 0.9750

Epoch : 22
Train Loss     : 0.0122	 | 	Train Accuracy     : 1.0000
Valid Loss     : 0.1735	 | 	Valid Accuracy     : 0.9750

Epoch : 23
Train Loss     : 0.1599	 | 	Train Accuracy     : 0.9750
Valid Loss     : 0.1840	 | 	Valid Accuracy     : 0.9750

Epoch : 24
Train Loss     : 0.0069	 | 	Train Accuracy     : 1.0000
Valid Loss     : 0.1752	 | 	Valid Accuracy     : 0.9750

Epoch : 25
Train Loss     : 0.1130	 | 	Train Accuracy     : 0.9833
Valid Loss     : 0.1916	 | 	Valid Accuracy     : 0.9750

Epoch : 26
Train Loss     : 0.0212	 | 	Train Accuracy     : 0.9917
Valid Loss     : 0.1787	 | 	Valid Accuracy     : 0.9750

Epoch : 27
Train Loss     : 0.0108	 | 	Train Accuracy     : 1.0000
Valid Loss     : 0.1902	 | 	Valid Accuracy     : 0.9750

Epoch : 28
Train Loss     : 0.0912	 | 	Train Accuracy     : 0.9833
Valid Loss     : 0.1930	 | 	Valid Accuracy     : 0.9750

Epoch : 29
Train Loss     : 0.1055	 | 	Train Accuracy     : 0.9833
Valid Loss     : 0.2046	 | 	Valid Accuracy     : 0.9750

Epoch : 30
Train Loss     : 0.0069	 | 	Train Accuracy     : 1.0000
Valid Loss     : 0.1884	 | 	Valid Accuracy     : 0.9750

Evaluate on the Test set:
Test loss      :0.0046	 | Test Accuracy      : 1.0000

################## Training is Done! #########################
Training time is : 0:01:17.178107
