=============================================
Dataset: EMG
Method:  °³¹ßÁß...
Mode:    supervised
=============================================
Data loaded ...
Training started ....

Epoch : 1
Train Loss     : 1.4664	 | 	Train Accuracy     : 0.6333
Valid Loss     : 3.4014	 | 	Valid Accuracy     : 0.5250

Epoch : 2
Train Loss     : 0.4044	 | 	Train Accuracy     : 0.8250
Valid Loss     : 1.6977	 | 	Valid Accuracy     : 0.6500

Epoch : 3
Train Loss     : 0.8010	 | 	Train Accuracy     : 0.8250
Valid Loss     : 0.2165	 | 	Valid Accuracy     : 0.9500

Epoch : 4
Train Loss     : 0.5147	 | 	Train Accuracy     : 0.8333
Valid Loss     : 0.2612	 | 	Valid Accuracy     : 0.9500

Epoch : 5
Train Loss     : 0.2046	 | 	Train Accuracy     : 0.9667
Valid Loss     : 1.4687	 | 	Valid Accuracy     : 0.8500

Epoch : 6
Train Loss     : 0.5655	 | 	Train Accuracy     : 0.8333
Valid Loss     : 1.6860	 | 	Valid Accuracy     : 0.5000

Epoch : 7
Train Loss     : 0.3114	 | 	Train Accuracy     : 0.9333
Valid Loss     : 0.0716	 | 	Valid Accuracy     : 0.9750

Epoch : 8
Train Loss     : 0.5340	 | 	Train Accuracy     : 0.8250
Valid Loss     : 0.1727	 | 	Valid Accuracy     : 0.9250

Epoch : 9
Train Loss     : 0.3143	 | 	Train Accuracy     : 0.9000
Valid Loss     : 0.1720	 | 	Valid Accuracy     : 0.9500

Epoch : 10
Train Loss     : 0.2725	 | 	Train Accuracy     : 0.9333
Valid Loss     : 0.2810	 | 	Valid Accuracy     : 0.9000

Epoch : 11
Train Loss     : 0.4047	 | 	Train Accuracy     : 0.8833
Valid Loss     : 0.7815	 | 	Valid Accuracy     : 0.8750

Epoch : 12
Train Loss     : 0.3915	 | 	Train Accuracy     : 0.9000
Valid Loss     : 0.7892	 | 	Valid Accuracy     : 0.7750

Epoch : 13
Train Loss     : 0.4709	 | 	Train Accuracy     : 0.8333
Valid Loss     : 0.4434	 | 	Valid Accuracy     : 0.8500

Epoch : 14
Train Loss     : 0.2931	 | 	Train Accuracy     : 0.9083
Valid Loss     : 0.4125	 | 	Valid Accuracy     : 0.8750

Epoch : 15
Train Loss     : 0.5472	 | 	Train Accuracy     : 0.8250
Valid Loss     : 16.1128	 | 	Valid Accuracy     : 0.4500

Epoch : 16
Train Loss     : 0.1971	 | 	Train Accuracy     : 0.9083
Valid Loss     : 0.2514	 | 	Valid Accuracy     : 0.9250

Epoch : 17
Train Loss     : 0.2676	 | 	Train Accuracy     : 0.9417
Valid Loss     : 0.4552	 | 	Valid Accuracy     : 0.8500

Epoch : 18
Train Loss     : 0.4275	 | 	Train Accuracy     : 0.9083
Valid Loss     : 0.1529	 | 	Valid Accuracy     : 0.9500

Epoch : 19
Train Loss     : 0.2962	 | 	Train Accuracy     : 0.9333
Valid Loss     : 0.1725	 | 	Valid Accuracy     : 0.9250

Epoch : 20
Train Loss     : 0.2021	 | 	Train Accuracy     : 0.9333
Valid Loss     : 0.1526	 | 	Valid Accuracy     : 0.9750

Epoch : 21
Train Loss     : 0.1276	 | 	Train Accuracy     : 0.9583
Valid Loss     : 0.1566	 | 	Valid Accuracy     : 0.9500

Epoch : 22
Train Loss     : 0.3179	 | 	Train Accuracy     : 0.8917
Valid Loss     : 0.1360	 | 	Valid Accuracy     : 0.9750

Epoch : 23
Train Loss     : 0.1114	 | 	Train Accuracy     : 0.9667
Valid Loss     : 0.1253	 | 	Valid Accuracy     : 0.9750

Epoch : 24
Train Loss     : 0.2208	 | 	Train Accuracy     : 0.9500
Valid Loss     : 0.1087	 | 	Valid Accuracy     : 0.9750

Epoch : 25
Train Loss     : 0.1956	 | 	Train Accuracy     : 0.9333
Valid Loss     : 0.1363	 | 	Valid Accuracy     : 0.9750

Epoch : 26
Train Loss     : 0.0867	 | 	Train Accuracy     : 0.9583
Valid Loss     : 0.1206	 | 	Valid Accuracy     : 0.9750

Epoch : 27
Train Loss     : 0.0921	 | 	Train Accuracy     : 0.9750
Valid Loss     : 0.1275	 | 	Valid Accuracy     : 0.9750

Epoch : 28
Train Loss     : 0.1598	 | 	Train Accuracy     : 0.9417
Valid Loss     : 0.1597	 | 	Valid Accuracy     : 0.9500

Epoch : 29
Train Loss     : 0.2036	 | 	Train Accuracy     : 0.9500
Valid Loss     : 0.1408	 | 	Valid Accuracy     : 0.9750

Epoch : 30
Train Loss     : 0.0583	 | 	Train Accuracy     : 0.9917
Valid Loss     : 0.1445	 | 	Valid Accuracy     : 0.9750

Evaluate on the Test set:
Test loss      :0.1513	 | Test Accuracy      : 0.9545

################## Training is Done! #########################
Training time is : 0:01:19.188948
