=============================================
Dataset: EMG
Method:  °³¹ßÁß...
Mode:    supervised
=============================================
Data loaded ...
Training started ....

Epoch : 1
Train Loss     : 0.4715	 | 	Train Accuracy     : 0.7500
Valid Loss     : 1.6320	 | 	Valid Accuracy     : 0.5000

Epoch : 2
Train Loss     : 0.0573	 | 	Train Accuracy     : 0.9833
Valid Loss     : 1.1291	 | 	Valid Accuracy     : 0.5000

Epoch : 3
Train Loss     : 0.0074	 | 	Train Accuracy     : 1.0000
Valid Loss     : 0.9580	 | 	Valid Accuracy     : 0.5250

Epoch : 4
Train Loss     : 0.0027	 | 	Train Accuracy     : 1.0000
Valid Loss     : 0.3879	 | 	Valid Accuracy     : 0.8000

Epoch : 5
Train Loss     : 0.0010	 | 	Train Accuracy     : 1.0000
Valid Loss     : 0.2345	 | 	Valid Accuracy     : 0.9250

Epoch : 6
Train Loss     : 0.0356	 | 	Train Accuracy     : 0.9833
Valid Loss     : 0.2852	 | 	Valid Accuracy     : 0.8750

Epoch : 7
Train Loss     : 0.0585	 | 	Train Accuracy     : 0.9667
Valid Loss     : 0.2442	 | 	Valid Accuracy     : 0.9500

Epoch : 8
Train Loss     : 0.0066	 | 	Train Accuracy     : 1.0000
Valid Loss     : 0.3700	 | 	Valid Accuracy     : 0.9000

Epoch : 9
Train Loss     : 0.0254	 | 	Train Accuracy     : 0.9917
Valid Loss     : 0.3365	 | 	Valid Accuracy     : 0.9250

Epoch : 10
Train Loss     : 0.0021	 | 	Train Accuracy     : 1.0000
Valid Loss     : 0.2661	 | 	Valid Accuracy     : 0.9250

Epoch : 11
Train Loss     : 0.0006	 | 	Train Accuracy     : 1.0000
Valid Loss     : 0.2253	 | 	Valid Accuracy     : 0.9250

Epoch : 12
Train Loss     : 0.0029	 | 	Train Accuracy     : 1.0000
Valid Loss     : 0.2021	 | 	Valid Accuracy     : 0.9500

Epoch : 13
Train Loss     : 0.0061	 | 	Train Accuracy     : 1.0000
Valid Loss     : 0.1906	 | 	Valid Accuracy     : 0.9750

Epoch : 14
Train Loss     : 0.0009	 | 	Train Accuracy     : 1.0000
Valid Loss     : 0.2037	 | 	Valid Accuracy     : 0.9750

Epoch : 15
Train Loss     : 0.0013	 | 	Train Accuracy     : 1.0000
Valid Loss     : 0.2188	 | 	Valid Accuracy     : 0.9500

Epoch : 16
Train Loss     : 0.0006	 | 	Train Accuracy     : 1.0000
Valid Loss     : 0.2285	 | 	Valid Accuracy     : 0.9500

Epoch : 17
Train Loss     : 0.0002	 | 	Train Accuracy     : 1.0000
Valid Loss     : 0.2354	 | 	Valid Accuracy     : 0.9500

Epoch : 18
Train Loss     : 0.0002	 | 	Train Accuracy     : 1.0000
Valid Loss     : 0.2402	 | 	Valid Accuracy     : 0.9500

Epoch : 19
Train Loss     : 0.0003	 | 	Train Accuracy     : 1.0000
Valid Loss     : 0.2476	 | 	Valid Accuracy     : 0.9500

Epoch : 20
Train Loss     : 0.0004	 | 	Train Accuracy     : 1.0000
Valid Loss     : 0.2485	 | 	Valid Accuracy     : 0.9500

Epoch : 21
Train Loss     : 0.0003	 | 	Train Accuracy     : 1.0000
Valid Loss     : 0.2534	 | 	Valid Accuracy     : 0.9500

Epoch : 22
Train Loss     : 0.0006	 | 	Train Accuracy     : 1.0000
Valid Loss     : 0.2565	 | 	Valid Accuracy     : 0.9500

Epoch : 23
Train Loss     : 0.0003	 | 	Train Accuracy     : 1.0000
Valid Loss     : 0.2578	 | 	Valid Accuracy     : 0.9500

Epoch : 24
Train Loss     : 0.0002	 | 	Train Accuracy     : 1.0000
Valid Loss     : 0.2585	 | 	Valid Accuracy     : 0.9500

Epoch : 25
Train Loss     : 0.0002	 | 	Train Accuracy     : 1.0000
Valid Loss     : 0.2591	 | 	Valid Accuracy     : 0.9500

Epoch : 26
Train Loss     : 0.0001	 | 	Train Accuracy     : 1.0000
Valid Loss     : 0.2573	 | 	Valid Accuracy     : 0.9500

Epoch : 27
Train Loss     : 0.0001	 | 	Train Accuracy     : 1.0000
Valid Loss     : 0.2550	 | 	Valid Accuracy     : 0.9500

Epoch : 28
Train Loss     : 0.0002	 | 	Train Accuracy     : 1.0000
Valid Loss     : 0.2574	 | 	Valid Accuracy     : 0.9500

Epoch : 29
Train Loss     : 0.0001	 | 	Train Accuracy     : 1.0000
Valid Loss     : 0.2587	 | 	Valid Accuracy     : 0.9500

Epoch : 30
Train Loss     : 0.0002	 | 	Train Accuracy     : 1.0000
Valid Loss     : 0.2595	 | 	Valid Accuracy     : 0.9500

Evaluate on the Test set:
Test loss      :0.0681	 | Test Accuracy      : 0.9875

################## Training is Done! #########################
Training time is : 0:00:41.313381
