=============================================
Dataset: EMG
Method:  °³¹ßÁß...
Mode:    supervised
=============================================
Data loaded ...
Training started ....

Epoch : 1
Train Loss     : 0.7579	 | 	Train Accuracy     : 0.6833
Valid Loss     : 1.1048	 | 	Valid Accuracy     : 0.4500

Epoch : 2
Train Loss     : 0.2624	 | 	Train Accuracy     : 0.9667
Valid Loss     : 0.8627	 | 	Valid Accuracy     : 0.9250

Epoch : 3
Train Loss     : 0.1127	 | 	Train Accuracy     : 0.9750
Valid Loss     : 0.2397	 | 	Valid Accuracy     : 0.9250

Epoch : 4
Train Loss     : 0.0613	 | 	Train Accuracy     : 0.9833
Valid Loss     : 0.1587	 | 	Valid Accuracy     : 0.9250

Epoch : 5
Train Loss     : 0.0299	 | 	Train Accuracy     : 1.0000
Valid Loss     : 0.1300	 | 	Valid Accuracy     : 0.9500

Epoch : 6
Train Loss     : 0.0551	 | 	Train Accuracy     : 0.9917
Valid Loss     : 0.1086	 | 	Valid Accuracy     : 0.9500

Epoch : 7
Train Loss     : 0.0336	 | 	Train Accuracy     : 1.0000
Valid Loss     : 0.0994	 | 	Valid Accuracy     : 0.9750

Epoch : 8
Train Loss     : 0.0411	 | 	Train Accuracy     : 1.0000
Valid Loss     : 0.0913	 | 	Valid Accuracy     : 0.9750

Epoch : 9
Train Loss     : 0.0177	 | 	Train Accuracy     : 1.0000
Valid Loss     : 0.0914	 | 	Valid Accuracy     : 0.9750

Epoch : 10
Train Loss     : 0.0109	 | 	Train Accuracy     : 1.0000
Valid Loss     : 0.0906	 | 	Valid Accuracy     : 0.9750

Epoch : 11
Train Loss     : 0.0083	 | 	Train Accuracy     : 1.0000
Valid Loss     : 0.0914	 | 	Valid Accuracy     : 0.9750

Epoch : 12
Train Loss     : 0.0223	 | 	Train Accuracy     : 1.0000
Valid Loss     : 0.1011	 | 	Valid Accuracy     : 0.9750

Epoch : 13
Train Loss     : 0.0078	 | 	Train Accuracy     : 1.0000
Valid Loss     : 0.1018	 | 	Valid Accuracy     : 0.9750

Epoch : 14
Train Loss     : 0.0087	 | 	Train Accuracy     : 1.0000
Valid Loss     : 0.0995	 | 	Valid Accuracy     : 0.9750

Epoch : 15
Train Loss     : 0.0084	 | 	Train Accuracy     : 1.0000
Valid Loss     : 0.1012	 | 	Valid Accuracy     : 0.9500

Epoch : 16
Train Loss     : 0.0055	 | 	Train Accuracy     : 1.0000
Valid Loss     : 0.0950	 | 	Valid Accuracy     : 0.9750

Epoch : 17
Train Loss     : 0.0055	 | 	Train Accuracy     : 1.0000
Valid Loss     : 0.0897	 | 	Valid Accuracy     : 0.9750

Epoch : 18
Train Loss     : 0.0036	 | 	Train Accuracy     : 1.0000
Valid Loss     : 0.0890	 | 	Valid Accuracy     : 0.9750

Epoch : 19
Train Loss     : 0.0052	 | 	Train Accuracy     : 1.0000
Valid Loss     : 0.0932	 | 	Valid Accuracy     : 0.9750

Epoch : 20
Train Loss     : 0.0132	 | 	Train Accuracy     : 1.0000
Valid Loss     : 0.0893	 | 	Valid Accuracy     : 0.9750

Evaluate on the Test set:
Test loss      :0.0972	 | Test Accuracy      : 0.9667

################## Training is Done! #########################
Training time is : 0:00:33.475166
