=============================================
Dataset: EMG
Method:  °³¹ßÁß...
Mode:    supervised
=============================================
Data loaded ...
Training started ....

Epoch : 1
Train Loss     : 2.1108	 | 	Train Accuracy     : 0.5167
Valid Loss     : 41.8183	 | 	Valid Accuracy     : 0.4000

Epoch : 2
Train Loss     : 0.3699	 | 	Train Accuracy     : 0.8917
Valid Loss     : 854.2983	 | 	Valid Accuracy     : 0.4750

Epoch : 3
Train Loss     : 0.1167	 | 	Train Accuracy     : 0.9583
Valid Loss     : 388.2727	 | 	Valid Accuracy     : 0.1500

Epoch : 4
Train Loss     : 0.0770	 | 	Train Accuracy     : 0.9750
Valid Loss     : 121.1763	 | 	Valid Accuracy     : 0.4000

Epoch : 5
Train Loss     : 0.0579	 | 	Train Accuracy     : 0.9833
Valid Loss     : 69.8328	 | 	Valid Accuracy     : 0.4000

Epoch : 6
Train Loss     : 0.0634	 | 	Train Accuracy     : 0.9917
Valid Loss     : 51.7542	 | 	Valid Accuracy     : 0.4000

Epoch : 7
Train Loss     : 0.0319	 | 	Train Accuracy     : 0.9917
Valid Loss     : 30.1868	 | 	Valid Accuracy     : 0.4250

Epoch : 8
Train Loss     : 0.0372	 | 	Train Accuracy     : 0.9917
Valid Loss     : 0.1129	 | 	Valid Accuracy     : 0.9750

Epoch : 9
Train Loss     : 0.0185	 | 	Train Accuracy     : 1.0000
Valid Loss     : 0.2900	 | 	Valid Accuracy     : 0.9500

Epoch : 10
Train Loss     : 0.0189	 | 	Train Accuracy     : 1.0000
Valid Loss     : 0.4028	 | 	Valid Accuracy     : 0.9250

Epoch : 11
Train Loss     : 0.0080	 | 	Train Accuracy     : 1.0000
Valid Loss     : 0.2537	 | 	Valid Accuracy     : 0.9250

Epoch : 12
Train Loss     : 0.0077	 | 	Train Accuracy     : 1.0000
Valid Loss     : 0.1112	 | 	Valid Accuracy     : 0.9750

Epoch : 13
Train Loss     : 0.0248	 | 	Train Accuracy     : 0.9917
Valid Loss     : 0.0992	 | 	Valid Accuracy     : 0.9750

Epoch : 14
Train Loss     : 0.0036	 | 	Train Accuracy     : 1.0000
Valid Loss     : 0.1193	 | 	Valid Accuracy     : 0.9750

Epoch : 15
Train Loss     : 0.0039	 | 	Train Accuracy     : 1.0000
Valid Loss     : 0.1196	 | 	Valid Accuracy     : 0.9750

Epoch : 16
Train Loss     : 0.0039	 | 	Train Accuracy     : 1.0000
Valid Loss     : 0.1006	 | 	Valid Accuracy     : 0.9500

Epoch : 17
Train Loss     : 0.0039	 | 	Train Accuracy     : 1.0000
Valid Loss     : 0.0851	 | 	Valid Accuracy     : 0.9500

Epoch : 18
Train Loss     : 0.0017	 | 	Train Accuracy     : 1.0000
Valid Loss     : 0.0905	 | 	Valid Accuracy     : 0.9750

Epoch : 19
Train Loss     : 0.0048	 | 	Train Accuracy     : 1.0000
Valid Loss     : 0.0839	 | 	Valid Accuracy     : 0.9750

Epoch : 20
Train Loss     : 0.0008	 | 	Train Accuracy     : 1.0000
Valid Loss     : 0.0829	 | 	Valid Accuracy     : 0.9750

Epoch : 21
Train Loss     : 0.0017	 | 	Train Accuracy     : 1.0000
Valid Loss     : 0.0813	 | 	Valid Accuracy     : 0.9750

Epoch : 22
Train Loss     : 0.0008	 | 	Train Accuracy     : 1.0000
Valid Loss     : 0.0857	 | 	Valid Accuracy     : 0.9750

Epoch : 23
Train Loss     : 0.0004	 | 	Train Accuracy     : 1.0000
Valid Loss     : 0.0914	 | 	Valid Accuracy     : 0.9750

Epoch : 24
Train Loss     : 0.0004	 | 	Train Accuracy     : 1.0000
Valid Loss     : 0.0932	 | 	Valid Accuracy     : 0.9750

Epoch : 25
Train Loss     : 0.0007	 | 	Train Accuracy     : 1.0000
Valid Loss     : 0.0940	 | 	Valid Accuracy     : 0.9750

Epoch : 26
Train Loss     : 0.0005	 | 	Train Accuracy     : 1.0000
Valid Loss     : 0.0972	 | 	Valid Accuracy     : 0.9750

Epoch : 27
Train Loss     : 0.0008	 | 	Train Accuracy     : 1.0000
Valid Loss     : 0.1088	 | 	Valid Accuracy     : 0.9750

Epoch : 28
Train Loss     : 0.0005	 | 	Train Accuracy     : 1.0000
Valid Loss     : 0.1142	 | 	Valid Accuracy     : 0.9750

Epoch : 29
Train Loss     : 0.0021	 | 	Train Accuracy     : 1.0000
Valid Loss     : 0.1172	 | 	Valid Accuracy     : 0.9750

Epoch : 30
Train Loss     : 0.0003	 | 	Train Accuracy     : 1.0000
Valid Loss     : 0.1250	 | 	Valid Accuracy     : 0.9750

Evaluate on the Test set:
Test loss      :0.0407	 | Test Accuracy      : 0.9875

################## Training is Done! #########################
Training time is : 0:00:41.038803
