=============================================
Dataset: Epilepsy
Method:  °³¹ßÁß...
Mode:    supervised
=============================================
Data loaded ...
Training started ....

Epoch : 1
Train Loss     : 0.1047	 | 	Train Accuracy     : 0.9603
Valid Loss     : 0.1314	 | 	Valid Accuracy     : 0.9521

Epoch : 2
Train Loss     : 0.0757	 | 	Train Accuracy     : 0.9730
Valid Loss     : 0.0648	 | 	Valid Accuracy     : 0.9756

Epoch : 3
Train Loss     : 0.0628	 | 	Train Accuracy     : 0.9764
Valid Loss     : 0.0686	 | 	Valid Accuracy     : 0.9760

Epoch : 4
Train Loss     : 0.0578	 | 	Train Accuracy     : 0.9794
Valid Loss     : 0.0590	 | 	Valid Accuracy     : 0.9800

Epoch : 5
Train Loss     : 0.0500	 | 	Train Accuracy     : 0.9819
Valid Loss     : 0.1386	 | 	Valid Accuracy     : 0.9512

Epoch : 6
Train Loss     : 0.0367	 | 	Train Accuracy     : 0.9874
Valid Loss     : 0.0870	 | 	Valid Accuracy     : 0.9691

Epoch : 7
Train Loss     : 0.0450	 | 	Train Accuracy     : 0.9833
Valid Loss     : 0.0557	 | 	Valid Accuracy     : 0.9800

Epoch : 8
Train Loss     : 0.0387	 | 	Train Accuracy     : 0.9861
Valid Loss     : 0.4879	 | 	Valid Accuracy     : 0.8432

Epoch : 9
Train Loss     : 0.0315	 | 	Train Accuracy     : 0.9885
Valid Loss     : 0.0695	 | 	Valid Accuracy     : 0.9730

Epoch : 10
Train Loss     : 0.0221	 | 	Train Accuracy     : 0.9910
Valid Loss     : 0.0641	 | 	Valid Accuracy     : 0.9782

Epoch : 11
Train Loss     : 0.0245	 | 	Train Accuracy     : 0.9909
Valid Loss     : 0.0979	 | 	Valid Accuracy     : 0.9612

Epoch : 12
Train Loss     : 0.0199	 | 	Train Accuracy     : 0.9923
Valid Loss     : 0.0714	 | 	Valid Accuracy     : 0.9774

Epoch : 13
Train Loss     : 0.0152	 | 	Train Accuracy     : 0.9942
Valid Loss     : 0.0824	 | 	Valid Accuracy     : 0.9747

Epoch : 14
Train Loss     : 0.0214	 | 	Train Accuracy     : 0.9920
Valid Loss     : 0.0751	 | 	Valid Accuracy     : 0.9704

Epoch : 15
Train Loss     : 0.0182	 | 	Train Accuracy     : 0.9938
Valid Loss     : 0.0620	 | 	Valid Accuracy     : 0.9782

Epoch : 16
Train Loss     : 0.0138	 | 	Train Accuracy     : 0.9962
Valid Loss     : 0.1128	 | 	Valid Accuracy     : 0.9730

Epoch : 17
Train Loss     : 0.0157	 | 	Train Accuracy     : 0.9948
Valid Loss     : 0.0827	 | 	Valid Accuracy     : 0.9760

Epoch : 18
Train Loss     : 0.0075	 | 	Train Accuracy     : 0.9981
Valid Loss     : 0.0733	 | 	Valid Accuracy     : 0.9717

Epoch : 19
Train Loss     : 0.0017	 | 	Train Accuracy     : 0.9999
Valid Loss     : 0.0758	 | 	Valid Accuracy     : 0.9800

Epoch : 20
Train Loss     : 0.0010	 | 	Train Accuracy     : 0.9999
Valid Loss     : 0.0756	 | 	Valid Accuracy     : 0.9800

Epoch : 21
Train Loss     : 0.0007	 | 	Train Accuracy     : 1.0000
Valid Loss     : 0.0712	 | 	Valid Accuracy     : 0.9817

Epoch : 22
Train Loss     : 0.0004	 | 	Train Accuracy     : 1.0000
Valid Loss     : 0.0753	 | 	Valid Accuracy     : 0.9830

Epoch : 23
Train Loss     : 0.0004	 | 	Train Accuracy     : 1.0000
Valid Loss     : 0.0818	 | 	Valid Accuracy     : 0.9821

Epoch : 24
Train Loss     : 0.0003	 | 	Train Accuracy     : 1.0000
Valid Loss     : 0.0799	 | 	Valid Accuracy     : 0.9813

Epoch : 25
Train Loss     : 0.0004	 | 	Train Accuracy     : 1.0000
Valid Loss     : 0.0825	 | 	Valid Accuracy     : 0.9813

Epoch : 26
Train Loss     : 0.0002	 | 	Train Accuracy     : 1.0000
Valid Loss     : 0.0854	 | 	Valid Accuracy     : 0.9813

Epoch : 27
Train Loss     : 0.0001	 | 	Train Accuracy     : 1.0000
Valid Loss     : 0.0841	 | 	Valid Accuracy     : 0.9821

Epoch : 28
Train Loss     : 0.0004	 | 	Train Accuracy     : 0.9999
Valid Loss     : 0.0861	 | 	Valid Accuracy     : 0.9808

Epoch : 29
Train Loss     : 0.0002	 | 	Train Accuracy     : 1.0000
Valid Loss     : 0.0849	 | 	Valid Accuracy     : 0.9821

Epoch : 30
Train Loss     : 0.0001	 | 	Train Accuracy     : 1.0000
Valid Loss     : 0.0845	 | 	Valid Accuracy     : 0.9821

Evaluate on the Test set:
Test loss      :0.0845	 | Test Accuracy      : 0.9831

################## Training is Done! #########################
Training time is : 1:07:00.135968
