=============================================
Dataset: EMG
Method:  °³¹ßÁß...
Mode:    supervised
=============================================
Data loaded ...
Training started ....

Epoch : 1
Train Loss     : 0.9990	 | 	Train Accuracy     : 0.6167
Valid Loss     : 0.9219	 | 	Valid Accuracy     : 0.7000

Epoch : 2
Train Loss     : 0.7240	 | 	Train Accuracy     : 0.6667
Valid Loss     : 0.5766	 | 	Valid Accuracy     : 0.8750

Epoch : 3
Train Loss     : 0.5772	 | 	Train Accuracy     : 0.8250
Valid Loss     : 0.4148	 | 	Valid Accuracy     : 0.9500

Epoch : 4
Train Loss     : 0.3965	 | 	Train Accuracy     : 0.9000
Valid Loss     : 0.2079	 | 	Valid Accuracy     : 0.9750

Epoch : 5
Train Loss     : 0.2333	 | 	Train Accuracy     : 0.9500
Valid Loss     : 0.1006	 | 	Valid Accuracy     : 0.9750

Epoch : 6
Train Loss     : 0.1938	 | 	Train Accuracy     : 0.9333
Valid Loss     : 0.0918	 | 	Valid Accuracy     : 0.9500

Epoch : 7
Train Loss     : 0.0972	 | 	Train Accuracy     : 0.9750
Valid Loss     : 0.0943	 | 	Valid Accuracy     : 0.9750

Epoch : 8
Train Loss     : 0.0941	 | 	Train Accuracy     : 0.9833
Valid Loss     : 0.1291	 | 	Valid Accuracy     : 0.9250

Epoch : 9
Train Loss     : 0.1756	 | 	Train Accuracy     : 0.9500
Valid Loss     : 0.1284	 | 	Valid Accuracy     : 0.9250

Epoch : 10
Train Loss     : 0.0888	 | 	Train Accuracy     : 0.9667
Valid Loss     : 0.1288	 | 	Valid Accuracy     : 0.9500

Epoch : 11
Train Loss     : 0.0371	 | 	Train Accuracy     : 0.9917
Valid Loss     : 0.1062	 | 	Valid Accuracy     : 0.9500

Epoch : 12
Train Loss     : 0.0493	 | 	Train Accuracy     : 0.9917
Valid Loss     : 0.0789	 | 	Valid Accuracy     : 0.9500

Epoch : 13
Train Loss     : 0.0186	 | 	Train Accuracy     : 1.0000
Valid Loss     : 0.1037	 | 	Valid Accuracy     : 0.9500

Epoch : 14
Train Loss     : 0.0155	 | 	Train Accuracy     : 1.0000
Valid Loss     : 0.0706	 | 	Valid Accuracy     : 0.9750

Epoch : 15
Train Loss     : 0.0953	 | 	Train Accuracy     : 0.9833
Valid Loss     : 0.1424	 | 	Valid Accuracy     : 0.9500

Epoch : 16
Train Loss     : 0.0615	 | 	Train Accuracy     : 0.9750
Valid Loss     : 0.1391	 | 	Valid Accuracy     : 0.9500

Epoch : 17
Train Loss     : 0.0341	 | 	Train Accuracy     : 0.9917
Valid Loss     : 0.1632	 | 	Valid Accuracy     : 0.9500

Epoch : 18
Train Loss     : 0.0121	 | 	Train Accuracy     : 1.0000
Valid Loss     : 0.1438	 | 	Valid Accuracy     : 0.9500

Epoch : 19
Train Loss     : 0.0129	 | 	Train Accuracy     : 1.0000
Valid Loss     : 0.1596	 | 	Valid Accuracy     : 0.9500

Epoch : 20
Train Loss     : 0.0226	 | 	Train Accuracy     : 0.9917
Valid Loss     : 0.1117	 | 	Valid Accuracy     : 0.9500

Epoch : 21
Train Loss     : 0.0092	 | 	Train Accuracy     : 1.0000
Valid Loss     : 0.1276	 | 	Valid Accuracy     : 0.9500

Epoch : 22
Train Loss     : 0.0075	 | 	Train Accuracy     : 1.0000
Valid Loss     : 0.1456	 | 	Valid Accuracy     : 0.9500

Epoch : 23
Train Loss     : 0.0020	 | 	Train Accuracy     : 1.0000
Valid Loss     : 0.1586	 | 	Valid Accuracy     : 0.9250

Epoch : 24
Train Loss     : 0.0184	 | 	Train Accuracy     : 0.9917
Valid Loss     : 0.1762	 | 	Valid Accuracy     : 0.9250

Epoch : 25
Train Loss     : 0.0033	 | 	Train Accuracy     : 1.0000
Valid Loss     : 0.2114	 | 	Valid Accuracy     : 0.9250

Epoch : 26
Train Loss     : 0.0032	 | 	Train Accuracy     : 1.0000
Valid Loss     : 0.1753	 | 	Valid Accuracy     : 0.9250

Epoch : 27
Train Loss     : 0.0162	 | 	Train Accuracy     : 0.9917
Valid Loss     : 0.1758	 | 	Valid Accuracy     : 0.9500

Epoch : 28
Train Loss     : 0.0033	 | 	Train Accuracy     : 1.0000
Valid Loss     : 0.1620	 | 	Valid Accuracy     : 0.9250

Epoch : 29
Train Loss     : 0.0053	 | 	Train Accuracy     : 1.0000
Valid Loss     : 0.1673	 | 	Valid Accuracy     : 0.9250

Epoch : 30
Train Loss     : 0.0037	 | 	Train Accuracy     : 1.0000
Valid Loss     : 0.1843	 | 	Valid Accuracy     : 0.9250

Evaluate on the Test set:
Test loss      :0.3142	 | Test Accuracy      : 0.9318

################## Training is Done! #########################
Training time is : 0:03:48.260856
