=============================================
Dataset: EMG
Method:  °³¹ßÁß...
Mode:    supervised
=============================================
Data loaded ...
Training started ....

Epoch : 1
Train Loss     : 0.7811	 | 	Train Accuracy     : 0.7333
Valid Loss     : 0.5738	 | 	Valid Accuracy     : 0.7250

Epoch : 2
Train Loss     : 0.5958	 | 	Train Accuracy     : 0.8000
Valid Loss     : 0.2252	 | 	Valid Accuracy     : 0.9000

Epoch : 3
Train Loss     : 0.5465	 | 	Train Accuracy     : 0.8000
Valid Loss     : 0.2717	 | 	Valid Accuracy     : 0.9250

Epoch : 4
Train Loss     : 0.4467	 | 	Train Accuracy     : 0.8417
Valid Loss     : 0.3561	 | 	Valid Accuracy     : 0.8750

Epoch : 5
Train Loss     : 0.3581	 | 	Train Accuracy     : 0.8833
Valid Loss     : 0.2144	 | 	Valid Accuracy     : 0.8500

Epoch : 6
Train Loss     : 0.3131	 | 	Train Accuracy     : 0.8833
Valid Loss     : 0.2957	 | 	Valid Accuracy     : 0.8750

Epoch : 7
Train Loss     : 0.3307	 | 	Train Accuracy     : 0.9083
Valid Loss     : 0.4462	 | 	Valid Accuracy     : 0.8500

Epoch : 8
Train Loss     : 0.2839	 | 	Train Accuracy     : 0.8917
Valid Loss     : 0.3451	 | 	Valid Accuracy     : 0.8750

Epoch : 9
Train Loss     : 0.2327	 | 	Train Accuracy     : 0.9500
Valid Loss     : 0.1886	 | 	Valid Accuracy     : 0.9250

Epoch : 10
Train Loss     : 0.3384	 | 	Train Accuracy     : 0.9000
Valid Loss     : 0.1798	 | 	Valid Accuracy     : 0.9500

Epoch : 11
Train Loss     : 0.4542	 | 	Train Accuracy     : 0.8417
Valid Loss     : 0.1986	 | 	Valid Accuracy     : 0.9250

Epoch : 12
Train Loss     : 0.3092	 | 	Train Accuracy     : 0.9083
Valid Loss     : 0.1695	 | 	Valid Accuracy     : 0.9250

Epoch : 13
Train Loss     : 0.2975	 | 	Train Accuracy     : 0.8750
Valid Loss     : 0.1764	 | 	Valid Accuracy     : 0.9500

Epoch : 14
Train Loss     : 0.1920	 | 	Train Accuracy     : 0.9250
Valid Loss     : 0.2816	 | 	Valid Accuracy     : 0.8500

Epoch : 15
Train Loss     : 0.0863	 | 	Train Accuracy     : 0.9833
Valid Loss     : 0.2211	 | 	Valid Accuracy     : 0.9250

Epoch : 16
Train Loss     : 0.2375	 | 	Train Accuracy     : 0.9167
Valid Loss     : 0.2461	 | 	Valid Accuracy     : 0.9000

Epoch : 17
Train Loss     : 0.2105	 | 	Train Accuracy     : 0.9500
Valid Loss     : 0.1766	 | 	Valid Accuracy     : 0.9500

Epoch : 18
Train Loss     : 0.1153	 | 	Train Accuracy     : 0.9667
Valid Loss     : 0.1380	 | 	Valid Accuracy     : 0.9750

Epoch : 19
Train Loss     : 0.1989	 | 	Train Accuracy     : 0.9250
Valid Loss     : 0.4867	 | 	Valid Accuracy     : 0.8000

Epoch : 20
Train Loss     : 0.1684	 | 	Train Accuracy     : 0.9667
Valid Loss     : 0.1861	 | 	Valid Accuracy     : 0.9000

Epoch : 21
Train Loss     : 0.2403	 | 	Train Accuracy     : 0.9000
Valid Loss     : 0.4950	 | 	Valid Accuracy     : 0.8250

Epoch : 22
Train Loss     : 0.1182	 | 	Train Accuracy     : 0.9833
Valid Loss     : 0.1005	 | 	Valid Accuracy     : 1.0000

Epoch : 23
Train Loss     : 0.1900	 | 	Train Accuracy     : 0.9667
Valid Loss     : 0.2408	 | 	Valid Accuracy     : 0.9000

Epoch : 24
Train Loss     : 0.1102	 | 	Train Accuracy     : 0.9583
Valid Loss     : 0.5453	 | 	Valid Accuracy     : 0.7750

Epoch : 25
Train Loss     : 0.2514	 | 	Train Accuracy     : 0.9500
Valid Loss     : 0.3230	 | 	Valid Accuracy     : 0.8500

Epoch : 26
Train Loss     : 0.2281	 | 	Train Accuracy     : 0.9083
Valid Loss     : 0.3569	 | 	Valid Accuracy     : 0.8500

Epoch : 27
Train Loss     : 0.1100	 | 	Train Accuracy     : 0.9667
Valid Loss     : 0.2383	 | 	Valid Accuracy     : 0.9000

Epoch : 28
Train Loss     : 0.2533	 | 	Train Accuracy     : 0.9500
Valid Loss     : 0.1460	 | 	Valid Accuracy     : 0.9250

Epoch : 29
Train Loss     : 0.2328	 | 	Train Accuracy     : 0.9167
Valid Loss     : 0.1809	 | 	Valid Accuracy     : 0.9250

Epoch : 30
Train Loss     : 0.0510	 | 	Train Accuracy     : 0.9833
Valid Loss     : 0.1229	 | 	Valid Accuracy     : 1.0000

Evaluate on the Test set:
Test loss      :0.0374	 | Test Accuracy      : 1.0000

################## Training is Done! #########################
Training time is : 0:01:17.632059
