=============================================
Dataset: EMG
Method:  °³¹ßÁß...
Mode:    supervised
=============================================
Data loaded ...
Training started ....

Epoch : 1
Train Loss     : 0.4141	 | 	Train Accuracy     : 0.8583
Valid Loss     : 0.1340	 | 	Valid Accuracy     : 0.9500

Epoch : 2
Train Loss     : 0.4164	 | 	Train Accuracy     : 0.8667
Valid Loss     : 0.0133	 | 	Valid Accuracy     : 1.0000

Epoch : 3
Train Loss     : 0.1917	 | 	Train Accuracy     : 0.9333
Valid Loss     : 0.0096	 | 	Valid Accuracy     : 1.0000

Epoch : 4
Train Loss     : 0.1963	 | 	Train Accuracy     : 0.9583
Valid Loss     : 0.0181	 | 	Valid Accuracy     : 1.0000

Epoch : 5
Train Loss     : 0.1349	 | 	Train Accuracy     : 0.9667
Valid Loss     : 0.0513	 | 	Valid Accuracy     : 0.9750

Epoch : 6
Train Loss     : 0.1929	 | 	Train Accuracy     : 0.9583
Valid Loss     : 0.0452	 | 	Valid Accuracy     : 1.0000

Epoch : 7
Train Loss     : 0.1572	 | 	Train Accuracy     : 0.9417
Valid Loss     : 0.0295	 | 	Valid Accuracy     : 0.9750

Epoch : 8
Train Loss     : 0.1137	 | 	Train Accuracy     : 0.9833
Valid Loss     : 0.0150	 | 	Valid Accuracy     : 1.0000

Epoch : 9
Train Loss     : 0.0169	 | 	Train Accuracy     : 1.0000
Valid Loss     : 0.0095	 | 	Valid Accuracy     : 1.0000

Epoch : 10
Train Loss     : 0.0700	 | 	Train Accuracy     : 0.9750
Valid Loss     : 0.0051	 | 	Valid Accuracy     : 1.0000

Epoch : 11
Train Loss     : 0.0710	 | 	Train Accuracy     : 0.9583
Valid Loss     : 0.0126	 | 	Valid Accuracy     : 1.0000

Epoch : 12
Train Loss     : 0.0417	 | 	Train Accuracy     : 1.0000
Valid Loss     : 0.0089	 | 	Valid Accuracy     : 1.0000

Epoch : 13
Train Loss     : 0.0091	 | 	Train Accuracy     : 1.0000
Valid Loss     : 0.0034	 | 	Valid Accuracy     : 1.0000

Epoch : 14
Train Loss     : 0.0224	 | 	Train Accuracy     : 1.0000
Valid Loss     : 0.0025	 | 	Valid Accuracy     : 1.0000

Epoch : 15
Train Loss     : 0.0102	 | 	Train Accuracy     : 1.0000
Valid Loss     : 0.0448	 | 	Valid Accuracy     : 1.0000

Epoch : 16
Train Loss     : 0.0748	 | 	Train Accuracy     : 0.9833
Valid Loss     : 0.0292	 | 	Valid Accuracy     : 0.9750

Epoch : 17
Train Loss     : 0.1503	 | 	Train Accuracy     : 0.9583
Valid Loss     : 0.0364	 | 	Valid Accuracy     : 0.9750

Epoch : 18
Train Loss     : 0.1815	 | 	Train Accuracy     : 0.9667
Valid Loss     : 0.0304	 | 	Valid Accuracy     : 1.0000

Epoch : 19
Train Loss     : 0.1159	 | 	Train Accuracy     : 0.9750
Valid Loss     : 0.0035	 | 	Valid Accuracy     : 1.0000

Epoch : 20
Train Loss     : 0.0624	 | 	Train Accuracy     : 0.9833
Valid Loss     : 0.0298	 | 	Valid Accuracy     : 1.0000

Epoch : 21
Train Loss     : 0.0655	 | 	Train Accuracy     : 0.9917
Valid Loss     : 0.0300	 | 	Valid Accuracy     : 1.0000

Epoch : 22
Train Loss     : 0.1149	 | 	Train Accuracy     : 0.9750
Valid Loss     : 0.0098	 | 	Valid Accuracy     : 1.0000

Epoch : 23
Train Loss     : 0.1268	 | 	Train Accuracy     : 0.9583
Valid Loss     : 0.0327	 | 	Valid Accuracy     : 1.0000

Epoch : 24
Train Loss     : 0.0645	 | 	Train Accuracy     : 0.9750
Valid Loss     : 0.0110	 | 	Valid Accuracy     : 1.0000

Epoch : 25
Train Loss     : 0.1668	 | 	Train Accuracy     : 0.9833
Valid Loss     : 0.1140	 | 	Valid Accuracy     : 0.9500

Epoch : 26
Train Loss     : 0.0124	 | 	Train Accuracy     : 1.0000
Valid Loss     : 0.0469	 | 	Valid Accuracy     : 0.9500

Epoch : 27
Train Loss     : 0.0308	 | 	Train Accuracy     : 0.9917
Valid Loss     : 0.0158	 | 	Valid Accuracy     : 1.0000

Epoch : 28
Train Loss     : 0.0108	 | 	Train Accuracy     : 1.0000
Valid Loss     : 0.0069	 | 	Valid Accuracy     : 1.0000

Epoch : 29
Train Loss     : 0.0215	 | 	Train Accuracy     : 1.0000
Valid Loss     : 0.0082	 | 	Valid Accuracy     : 1.0000

Epoch : 30
Train Loss     : 0.0055	 | 	Train Accuracy     : 1.0000
Valid Loss     : 0.0102	 | 	Valid Accuracy     : 1.0000

Evaluate on the Test set:
Test loss      :0.0098	 | Test Accuracy      : 1.0000

################## Training is Done! #########################
Training time is : 0:01:18.526885
