=============================================
Dataset: EMG
Method:  °³¹ßÁß...
Mode:    supervised
=============================================
Data loaded ...
Training started ....

Epoch : 1
Train Loss     : 0.9416	 | 	Train Accuracy     : 0.6250
Valid Loss     : 0.8634	 | 	Valid Accuracy     : 0.7250

Epoch : 2
Train Loss     : 0.6534	 | 	Train Accuracy     : 0.7083
Valid Loss     : 0.5376	 | 	Valid Accuracy     : 0.8500

Epoch : 3
Train Loss     : 0.5790	 | 	Train Accuracy     : 0.8000
Valid Loss     : 0.5448	 | 	Valid Accuracy     : 0.9250

Epoch : 4
Train Loss     : 0.3676	 | 	Train Accuracy     : 0.9083
Valid Loss     : 0.2707	 | 	Valid Accuracy     : 0.9500

Epoch : 5
Train Loss     : 0.2550	 | 	Train Accuracy     : 0.9250
Valid Loss     : 0.1914	 | 	Valid Accuracy     : 0.9750

Epoch : 6
Train Loss     : 0.2783	 | 	Train Accuracy     : 0.9333
Valid Loss     : 0.1624	 | 	Valid Accuracy     : 0.9750

Epoch : 7
Train Loss     : 0.1913	 | 	Train Accuracy     : 0.9500
Valid Loss     : 0.0755	 | 	Valid Accuracy     : 1.0000

Epoch : 8
Train Loss     : 0.1400	 | 	Train Accuracy     : 0.9833
Valid Loss     : 0.0983	 | 	Valid Accuracy     : 0.9750

Epoch : 9
Train Loss     : 0.1366	 | 	Train Accuracy     : 0.9500
Valid Loss     : 0.0963	 | 	Valid Accuracy     : 0.9750

Epoch : 10
Train Loss     : 0.0901	 | 	Train Accuracy     : 0.9750
Valid Loss     : 0.0862	 | 	Valid Accuracy     : 1.0000

Epoch : 11
Train Loss     : 0.0696	 | 	Train Accuracy     : 0.9833
Valid Loss     : 0.0513	 | 	Valid Accuracy     : 1.0000

Epoch : 12
Train Loss     : 0.0539	 | 	Train Accuracy     : 0.9917
Valid Loss     : 0.0604	 | 	Valid Accuracy     : 1.0000

Epoch : 13
Train Loss     : 0.0203	 | 	Train Accuracy     : 1.0000
Valid Loss     : 0.0195	 | 	Valid Accuracy     : 1.0000

Epoch : 14
Train Loss     : 0.0222	 | 	Train Accuracy     : 1.0000
Valid Loss     : 0.0579	 | 	Valid Accuracy     : 0.9750

Epoch : 15
Train Loss     : 0.0291	 | 	Train Accuracy     : 1.0000
Valid Loss     : 0.0157	 | 	Valid Accuracy     : 1.0000

Epoch : 16
Train Loss     : 0.0146	 | 	Train Accuracy     : 1.0000
Valid Loss     : 0.1766	 | 	Valid Accuracy     : 0.9000

Epoch : 17
Train Loss     : 0.1268	 | 	Train Accuracy     : 0.9667
Valid Loss     : 0.0898	 | 	Valid Accuracy     : 0.9750

Epoch : 18
Train Loss     : 0.0388	 | 	Train Accuracy     : 1.0000
Valid Loss     : 0.0216	 | 	Valid Accuracy     : 1.0000

Epoch : 19
Train Loss     : 0.0189	 | 	Train Accuracy     : 1.0000
Valid Loss     : 0.0448	 | 	Valid Accuracy     : 0.9750

Epoch : 20
Train Loss     : 0.0129	 | 	Train Accuracy     : 1.0000
Valid Loss     : 0.0402	 | 	Valid Accuracy     : 0.9750

Epoch : 21
Train Loss     : 0.0049	 | 	Train Accuracy     : 1.0000
Valid Loss     : 0.0246	 | 	Valid Accuracy     : 1.0000

Epoch : 22
Train Loss     : 0.0126	 | 	Train Accuracy     : 1.0000
Valid Loss     : 0.0084	 | 	Valid Accuracy     : 1.0000

Epoch : 23
Train Loss     : 0.0204	 | 	Train Accuracy     : 0.9917
Valid Loss     : 0.0422	 | 	Valid Accuracy     : 0.9750

Epoch : 24
Train Loss     : 0.0248	 | 	Train Accuracy     : 0.9917
Valid Loss     : 0.0143	 | 	Valid Accuracy     : 1.0000

Epoch : 25
Train Loss     : 0.0047	 | 	Train Accuracy     : 1.0000
Valid Loss     : 0.0106	 | 	Valid Accuracy     : 1.0000

Epoch : 26
Train Loss     : 0.0073	 | 	Train Accuracy     : 1.0000
Valid Loss     : 0.0072	 | 	Valid Accuracy     : 1.0000

Epoch : 27
Train Loss     : 0.0036	 | 	Train Accuracy     : 1.0000
Valid Loss     : 0.0115	 | 	Valid Accuracy     : 1.0000

Epoch : 28
Train Loss     : 0.0049	 | 	Train Accuracy     : 1.0000
Valid Loss     : 0.0068	 | 	Valid Accuracy     : 1.0000

Epoch : 29
Train Loss     : 0.0036	 | 	Train Accuracy     : 1.0000
Valid Loss     : 0.0038	 | 	Valid Accuracy     : 1.0000

Epoch : 30
Train Loss     : 0.0036	 | 	Train Accuracy     : 1.0000
Valid Loss     : 0.0059	 | 	Valid Accuracy     : 1.0000

Evaluate on the Test set:
Test loss      :0.0100	 | Test Accuracy      : 1.0000

################## Training is Done! #########################
Training time is : 0:03:51.887801
