=============================================
Dataset: EMG
Method:  °³¹ßÁß...
Mode:    train_linear
=============================================
Data loaded ...
Training started ....

Epoch : 1
Train Loss     : 0.9484	 | 	Train Accuracy     : 0.5750
Valid Loss     : 0.5086	 | 	Valid Accuracy     : 0.9500

Epoch : 2
Train Loss     : 0.4905	 | 	Train Accuracy     : 0.8667
Valid Loss     : 0.2894	 | 	Valid Accuracy     : 0.9500

Epoch : 3
Train Loss     : 0.4131	 | 	Train Accuracy     : 0.8833
Valid Loss     : 0.1970	 | 	Valid Accuracy     : 0.9750

Epoch : 4
Train Loss     : 0.3824	 | 	Train Accuracy     : 0.8833
Valid Loss     : 0.1656	 | 	Valid Accuracy     : 0.9750

Epoch : 5
Train Loss     : 0.3496	 | 	Train Accuracy     : 0.8917
Valid Loss     : 0.1560	 | 	Valid Accuracy     : 0.9750

Epoch : 6
Train Loss     : 0.2702	 | 	Train Accuracy     : 0.9083
Valid Loss     : 0.1274	 | 	Valid Accuracy     : 0.9750

Epoch : 7
Train Loss     : 0.2848	 | 	Train Accuracy     : 0.9417
Valid Loss     : 0.1215	 | 	Valid Accuracy     : 0.9750

Epoch : 8
Train Loss     : 0.3827	 | 	Train Accuracy     : 0.8750
Valid Loss     : 0.1154	 | 	Valid Accuracy     : 0.9750

Epoch : 9
Train Loss     : 0.3075	 | 	Train Accuracy     : 0.9167
Valid Loss     : 0.1039	 | 	Valid Accuracy     : 1.0000

Epoch : 10
Train Loss     : 0.2610	 | 	Train Accuracy     : 0.8917
Valid Loss     : 0.1175	 | 	Valid Accuracy     : 1.0000

Epoch : 11
Train Loss     : 0.3048	 | 	Train Accuracy     : 0.8917
Valid Loss     : 0.0901	 | 	Valid Accuracy     : 1.0000

Epoch : 12
Train Loss     : 0.2191	 | 	Train Accuracy     : 0.9250
Valid Loss     : 0.0929	 | 	Valid Accuracy     : 1.0000

Epoch : 13
Train Loss     : 0.2258	 | 	Train Accuracy     : 0.9250
Valid Loss     : 0.0958	 | 	Valid Accuracy     : 0.9750

Epoch : 14
Train Loss     : 0.2006	 | 	Train Accuracy     : 0.9583
Valid Loss     : 0.1065	 | 	Valid Accuracy     : 1.0000

Epoch : 15
Train Loss     : 0.3006	 | 	Train Accuracy     : 0.9000
Valid Loss     : 0.0819	 | 	Valid Accuracy     : 1.0000

Epoch : 16
Train Loss     : 0.2455	 | 	Train Accuracy     : 0.9167
Valid Loss     : 0.0817	 | 	Valid Accuracy     : 0.9750

Epoch : 17
Train Loss     : 0.2170	 | 	Train Accuracy     : 0.9250
Valid Loss     : 0.0706	 | 	Valid Accuracy     : 1.0000

Epoch : 18
Train Loss     : 0.1821	 | 	Train Accuracy     : 0.9500
Valid Loss     : 0.0914	 | 	Valid Accuracy     : 0.9750

Epoch : 19
Train Loss     : 0.3351	 | 	Train Accuracy     : 0.8833
Valid Loss     : 0.0829	 | 	Valid Accuracy     : 0.9750

Epoch : 20
Train Loss     : 0.3433	 | 	Train Accuracy     : 0.8750
Valid Loss     : 0.0681	 | 	Valid Accuracy     : 1.0000

Epoch : 21
Train Loss     : 0.3587	 | 	Train Accuracy     : 0.8750
Valid Loss     : 0.0724	 | 	Valid Accuracy     : 0.9750

Epoch : 22
Train Loss     : 0.2281	 | 	Train Accuracy     : 0.9167
Valid Loss     : 0.0825	 | 	Valid Accuracy     : 0.9750

Epoch : 23
Train Loss     : 0.1825	 | 	Train Accuracy     : 0.9500
Valid Loss     : 0.0834	 | 	Valid Accuracy     : 1.0000

Epoch : 24
Train Loss     : 0.2533	 | 	Train Accuracy     : 0.9083
Valid Loss     : 0.0838	 | 	Valid Accuracy     : 0.9750

Epoch : 25
Train Loss     : 0.2245	 | 	Train Accuracy     : 0.9167
Valid Loss     : 0.0680	 | 	Valid Accuracy     : 1.0000

Epoch : 26
Train Loss     : 0.1984	 | 	Train Accuracy     : 0.9250
Valid Loss     : 0.0688	 | 	Valid Accuracy     : 0.9750

Epoch : 27
Train Loss     : 0.1458	 | 	Train Accuracy     : 0.9500
Valid Loss     : 0.0596	 | 	Valid Accuracy     : 1.0000

Epoch : 28
Train Loss     : 0.2012	 | 	Train Accuracy     : 0.9500
Valid Loss     : 0.0684	 | 	Valid Accuracy     : 1.0000

Epoch : 29
Train Loss     : 0.2505	 | 	Train Accuracy     : 0.9000
Valid Loss     : 0.0590	 | 	Valid Accuracy     : 1.0000

Epoch : 30
Train Loss     : 0.3462	 | 	Train Accuracy     : 0.8917
Valid Loss     : 0.0529	 | 	Valid Accuracy     : 1.0000

Evaluate on the Test set:
Test loss      :0.5048	 | Test Accuracy      : 0.8542

################## Training is Done! #########################
Training time is : 0:00:30.538417
