=============================================
Dataset: EMG
Method:  °³¹ßÁß...
Mode:    train_linear
=============================================
Data loaded ...
Training started ....

Epoch : 1
Train Loss     : 1.0616	 | 	Train Accuracy     : 0.4018
Valid Loss     : 0.7554	 | 	Valid Accuracy     : 0.7188

Epoch : 2
Train Loss     : 0.7094	 | 	Train Accuracy     : 0.8393
Valid Loss     : 0.5000	 | 	Valid Accuracy     : 0.9062

Epoch : 3
Train Loss     : 0.5707	 | 	Train Accuracy     : 0.8125
Valid Loss     : 0.3657	 | 	Valid Accuracy     : 0.9375

Epoch : 4
Train Loss     : 0.5103	 | 	Train Accuracy     : 0.8125
Valid Loss     : 0.2748	 | 	Valid Accuracy     : 0.9688

Epoch : 5
Train Loss     : 0.4321	 | 	Train Accuracy     : 0.9018
Valid Loss     : 0.2227	 | 	Valid Accuracy     : 0.9688

Epoch : 6
Train Loss     : 0.3289	 | 	Train Accuracy     : 0.9464
Valid Loss     : 0.1928	 | 	Valid Accuracy     : 0.9688

Epoch : 7
Train Loss     : 0.3068	 | 	Train Accuracy     : 0.9643
Valid Loss     : 0.1598	 | 	Valid Accuracy     : 0.9688

Epoch : 8
Train Loss     : 0.2632	 | 	Train Accuracy     : 0.9643
Valid Loss     : 0.1369	 | 	Valid Accuracy     : 0.9688

Epoch : 9
Train Loss     : 0.2776	 | 	Train Accuracy     : 0.9464
Valid Loss     : 0.1206	 | 	Valid Accuracy     : 0.9688

Epoch : 10
Train Loss     : 0.2640	 | 	Train Accuracy     : 0.9196
Valid Loss     : 0.1144	 | 	Valid Accuracy     : 0.9688

Epoch : 11
Train Loss     : 0.2121	 | 	Train Accuracy     : 0.9732
Valid Loss     : 0.1050	 | 	Valid Accuracy     : 0.9688

Epoch : 12
Train Loss     : 0.1809	 | 	Train Accuracy     : 0.9821
Valid Loss     : 0.0976	 | 	Valid Accuracy     : 0.9688

Epoch : 13
Train Loss     : 0.2398	 | 	Train Accuracy     : 0.9643
Valid Loss     : 0.0899	 | 	Valid Accuracy     : 1.0000

Epoch : 14
Train Loss     : 0.1482	 | 	Train Accuracy     : 0.9821
Valid Loss     : 0.0850	 | 	Valid Accuracy     : 1.0000

Epoch : 15
Train Loss     : 0.2497	 | 	Train Accuracy     : 0.8839
Valid Loss     : 0.0793	 | 	Valid Accuracy     : 0.9688

Epoch : 16
Train Loss     : 0.2188	 | 	Train Accuracy     : 0.9554
Valid Loss     : 0.0770	 | 	Valid Accuracy     : 0.9688

Epoch : 17
Train Loss     : 0.1492	 | 	Train Accuracy     : 0.9911
Valid Loss     : 0.0741	 | 	Valid Accuracy     : 0.9688

Epoch : 18
Train Loss     : 0.1471	 | 	Train Accuracy     : 0.9643
Valid Loss     : 0.0727	 | 	Valid Accuracy     : 0.9688

Epoch : 19
Train Loss     : 0.1938	 | 	Train Accuracy     : 0.9732
Valid Loss     : 0.0713	 | 	Valid Accuracy     : 0.9688

Epoch : 20
Train Loss     : 0.1074	 | 	Train Accuracy     : 1.0000
Valid Loss     : 0.0690	 | 	Valid Accuracy     : 0.9688

Epoch : 21
Train Loss     : 0.1741	 | 	Train Accuracy     : 0.9464
Valid Loss     : 0.0647	 | 	Valid Accuracy     : 0.9688

Epoch : 22
Train Loss     : 0.1969	 | 	Train Accuracy     : 0.9554
Valid Loss     : 0.0616	 | 	Valid Accuracy     : 1.0000

Epoch : 23
Train Loss     : 0.1474	 | 	Train Accuracy     : 0.9554
Valid Loss     : 0.0591	 | 	Valid Accuracy     : 1.0000

Epoch : 24
Train Loss     : 0.1586	 | 	Train Accuracy     : 0.9643
Valid Loss     : 0.0547	 | 	Valid Accuracy     : 1.0000

Epoch : 25
Train Loss     : 0.1535	 | 	Train Accuracy     : 0.9732
Valid Loss     : 0.0547	 | 	Valid Accuracy     : 0.9688

Epoch : 26
Train Loss     : 0.1284	 | 	Train Accuracy     : 0.9732
Valid Loss     : 0.0536	 | 	Valid Accuracy     : 0.9688

Epoch : 27
Train Loss     : 0.0911	 | 	Train Accuracy     : 1.0000
Valid Loss     : 0.0522	 | 	Valid Accuracy     : 0.9688

Epoch : 28
Train Loss     : 0.1269	 | 	Train Accuracy     : 0.9732
Valid Loss     : 0.0530	 | 	Valid Accuracy     : 0.9688

Epoch : 29
Train Loss     : 0.1597	 | 	Train Accuracy     : 0.9643
Valid Loss     : 0.0498	 | 	Valid Accuracy     : 0.9688

Epoch : 30
Train Loss     : 0.2372	 | 	Train Accuracy     : 0.9375
Valid Loss     : 0.0451	 | 	Valid Accuracy     : 1.0000

Evaluate on the Test set:
Test loss      :0.1958	 | Test Accuracy      : 0.9375

################## Training is Done! #########################
Training time is : 0:00:22.335247
