=============================================
Dataset: EMG
Method:  °³¹ßÁß...
Mode:    train_linear
=============================================
Data loaded ...
Training started ....

Epoch : 1
Train Loss     : 0.5229	 | 	Train Accuracy     : 0.7500
Valid Loss     : 0.3366	 | 	Valid Accuracy     : 0.8750

Epoch : 2
Train Loss     : 0.1808	 | 	Train Accuracy     : 0.9375
Valid Loss     : 0.0070	 | 	Valid Accuracy     : 1.0000

Epoch : 3
Train Loss     : 0.1447	 | 	Train Accuracy     : 0.9554
Valid Loss     : 0.0055	 | 	Valid Accuracy     : 1.0000

Epoch : 4
Train Loss     : 0.2870	 | 	Train Accuracy     : 0.9018
Valid Loss     : 0.0088	 | 	Valid Accuracy     : 1.0000

Epoch : 5
Train Loss     : 0.3048	 | 	Train Accuracy     : 0.8661
Valid Loss     : 0.0209	 | 	Valid Accuracy     : 1.0000

Epoch : 6
Train Loss     : 0.0875	 | 	Train Accuracy     : 0.9732
Valid Loss     : 0.0052	 | 	Valid Accuracy     : 1.0000

Epoch : 7
Train Loss     : 0.1375	 | 	Train Accuracy     : 0.9643
Valid Loss     : 0.0041	 | 	Valid Accuracy     : 1.0000

Epoch : 8
Train Loss     : 0.0956	 | 	Train Accuracy     : 0.9554
Valid Loss     : 0.0024	 | 	Valid Accuracy     : 1.0000

Epoch : 9
Train Loss     : 0.2002	 | 	Train Accuracy     : 0.9464
Valid Loss     : 0.0034	 | 	Valid Accuracy     : 1.0000

Epoch : 10
Train Loss     : 0.1872	 | 	Train Accuracy     : 0.9464
Valid Loss     : 0.0052	 | 	Valid Accuracy     : 1.0000

Epoch : 11
Train Loss     : 0.1320	 | 	Train Accuracy     : 0.9464
Valid Loss     : 0.0035	 | 	Valid Accuracy     : 1.0000

Epoch : 12
Train Loss     : 0.1004	 | 	Train Accuracy     : 0.9464
Valid Loss     : 0.0038	 | 	Valid Accuracy     : 1.0000

Epoch : 13
Train Loss     : 0.1210	 | 	Train Accuracy     : 0.9554
Valid Loss     : 0.0025	 | 	Valid Accuracy     : 1.0000

Epoch : 14
Train Loss     : 0.0239	 | 	Train Accuracy     : 1.0000
Valid Loss     : 0.0152	 | 	Valid Accuracy     : 1.0000

Epoch : 15
Train Loss     : 0.3906	 | 	Train Accuracy     : 0.9018
Valid Loss     : 0.0069	 | 	Valid Accuracy     : 1.0000

Epoch : 16
Train Loss     : 0.1145	 | 	Train Accuracy     : 0.9554
Valid Loss     : 0.0052	 | 	Valid Accuracy     : 1.0000

Epoch : 17
Train Loss     : 0.0814	 | 	Train Accuracy     : 0.9732
Valid Loss     : 0.0042	 | 	Valid Accuracy     : 1.0000

Epoch : 18
Train Loss     : 0.0619	 | 	Train Accuracy     : 0.9821
Valid Loss     : 0.0049	 | 	Valid Accuracy     : 1.0000

Epoch : 19
Train Loss     : 0.1482	 | 	Train Accuracy     : 0.9196
Valid Loss     : 0.0085	 | 	Valid Accuracy     : 1.0000

Epoch : 20
Train Loss     : 0.0544	 | 	Train Accuracy     : 0.9911
Valid Loss     : 0.0085	 | 	Valid Accuracy     : 1.0000

Epoch : 21
Train Loss     : 0.0904	 | 	Train Accuracy     : 0.9643
Valid Loss     : 0.0061	 | 	Valid Accuracy     : 1.0000

Epoch : 22
Train Loss     : 0.1308	 | 	Train Accuracy     : 0.9464
Valid Loss     : 0.0037	 | 	Valid Accuracy     : 1.0000

Epoch : 23
Train Loss     : 0.0742	 | 	Train Accuracy     : 0.9821
Valid Loss     : 0.0039	 | 	Valid Accuracy     : 1.0000

Epoch : 24
Train Loss     : 0.0684	 | 	Train Accuracy     : 0.9821
Valid Loss     : 0.0027	 | 	Valid Accuracy     : 1.0000

Epoch : 25
Train Loss     : 0.1485	 | 	Train Accuracy     : 0.9464
Valid Loss     : 0.0028	 | 	Valid Accuracy     : 1.0000

Epoch : 26
Train Loss     : 0.0436	 | 	Train Accuracy     : 0.9911
Valid Loss     : 0.0031	 | 	Valid Accuracy     : 1.0000

Epoch : 27
Train Loss     : 0.0313	 | 	Train Accuracy     : 0.9911
Valid Loss     : 0.0032	 | 	Valid Accuracy     : 1.0000

Epoch : 28
Train Loss     : 0.0655	 | 	Train Accuracy     : 0.9732
Valid Loss     : 0.0032	 | 	Valid Accuracy     : 1.0000

Epoch : 29
Train Loss     : 0.0958	 | 	Train Accuracy     : 0.9554
Valid Loss     : 0.0032	 | 	Valid Accuracy     : 1.0000

Epoch : 30
Train Loss     : 0.1909	 | 	Train Accuracy     : 0.9375
Valid Loss     : 0.0025	 | 	Valid Accuracy     : 1.0000

Epoch : 31
Train Loss     : 0.0603	 | 	Train Accuracy     : 0.9821
Valid Loss     : 0.0025	 | 	Valid Accuracy     : 1.0000

Epoch : 32
Train Loss     : 0.0327	 | 	Train Accuracy     : 0.9911
Valid Loss     : 0.0028	 | 	Valid Accuracy     : 1.0000

Epoch : 33
Train Loss     : 0.0904	 | 	Train Accuracy     : 0.9464
Valid Loss     : 0.0028	 | 	Valid Accuracy     : 1.0000

Epoch : 34
Train Loss     : 0.0378	 | 	Train Accuracy     : 0.9821
Valid Loss     : 0.0031	 | 	Valid Accuracy     : 1.0000

Epoch : 35
Train Loss     : 0.0600	 | 	Train Accuracy     : 0.9821
Valid Loss     : 0.0028	 | 	Valid Accuracy     : 1.0000

Epoch : 36
Train Loss     : 0.1550	 | 	Train Accuracy     : 0.9286
Valid Loss     : 0.0030	 | 	Valid Accuracy     : 1.0000

Epoch : 37
Train Loss     : 0.1406	 | 	Train Accuracy     : 0.9286
Valid Loss     : 0.0028	 | 	Valid Accuracy     : 1.0000

Epoch : 38
Train Loss     : 0.0735	 | 	Train Accuracy     : 0.9643
Valid Loss     : 0.0027	 | 	Valid Accuracy     : 1.0000

Epoch : 39
Train Loss     : 0.1088	 | 	Train Accuracy     : 0.9554
Valid Loss     : 0.0025	 | 	Valid Accuracy     : 1.0000

Epoch : 40
Train Loss     : 0.1013	 | 	Train Accuracy     : 0.9554
Valid Loss     : 0.0027	 | 	Valid Accuracy     : 1.0000

Evaluate on the Test set:
Test loss      :0.1524	 | Test Accuracy      : 0.9583

################## Training is Done! #########################
Training time is : 0:00:28.091512
