=============================================
Dataset: EMG
Method:  °³¹ßÁß...
Mode:    train_linear
=============================================
Data loaded ...
Training started ....

Epoch : 1
Train Loss     : 1.0737	 | 	Train Accuracy     : 0.5083
Valid Loss     : 0.2914	 | 	Valid Accuracy     : 0.9250

Epoch : 2
Train Loss     : 0.2357	 | 	Train Accuracy     : 0.9083
Valid Loss     : 0.1932	 | 	Valid Accuracy     : 0.9500

Epoch : 3
Train Loss     : 0.1780	 | 	Train Accuracy     : 0.9417
Valid Loss     : 0.1387	 | 	Valid Accuracy     : 0.9750

Epoch : 4
Train Loss     : 0.1191	 | 	Train Accuracy     : 0.9833
Valid Loss     : 0.0900	 | 	Valid Accuracy     : 0.9750

Epoch : 5
Train Loss     : 0.1382	 | 	Train Accuracy     : 0.9667
Valid Loss     : 0.0748	 | 	Valid Accuracy     : 0.9750

Epoch : 6
Train Loss     : 0.0784	 | 	Train Accuracy     : 0.9833
Valid Loss     : 0.0682	 | 	Valid Accuracy     : 0.9750

Epoch : 7
Train Loss     : 0.0747	 | 	Train Accuracy     : 0.9750
Valid Loss     : 0.0696	 | 	Valid Accuracy     : 0.9750

Epoch : 8
Train Loss     : 0.0532	 | 	Train Accuracy     : 0.9917
Valid Loss     : 0.0806	 | 	Valid Accuracy     : 0.9750

Epoch : 9
Train Loss     : 0.0833	 | 	Train Accuracy     : 0.9667
Valid Loss     : 0.0707	 | 	Valid Accuracy     : 0.9750

Epoch : 10
Train Loss     : 0.0398	 | 	Train Accuracy     : 0.9833
Valid Loss     : 0.0573	 | 	Valid Accuracy     : 0.9750

Epoch : 11
Train Loss     : 0.0493	 | 	Train Accuracy     : 0.9833
Valid Loss     : 0.0559	 | 	Valid Accuracy     : 0.9750

Epoch : 12
Train Loss     : 0.0477	 | 	Train Accuracy     : 0.9917
Valid Loss     : 0.0584	 | 	Valid Accuracy     : 0.9750

Epoch : 13
Train Loss     : 0.0477	 | 	Train Accuracy     : 0.9917
Valid Loss     : 0.0624	 | 	Valid Accuracy     : 0.9750

Epoch : 14
Train Loss     : 0.0399	 | 	Train Accuracy     : 0.9917
Valid Loss     : 0.0682	 | 	Valid Accuracy     : 0.9750

Epoch : 15
Train Loss     : 0.0391	 | 	Train Accuracy     : 0.9917
Valid Loss     : 0.0635	 | 	Valid Accuracy     : 0.9750

Epoch : 16
Train Loss     : 0.0378	 | 	Train Accuracy     : 0.9917
Valid Loss     : 0.0574	 | 	Valid Accuracy     : 0.9750

Epoch : 17
Train Loss     : 0.0368	 | 	Train Accuracy     : 0.9917
Valid Loss     : 0.0553	 | 	Valid Accuracy     : 0.9750

Epoch : 18
Train Loss     : 0.0413	 | 	Train Accuracy     : 0.9917
Valid Loss     : 0.0508	 | 	Valid Accuracy     : 0.9750

Epoch : 19
Train Loss     : 0.0499	 | 	Train Accuracy     : 0.9833
Valid Loss     : 0.0474	 | 	Valid Accuracy     : 0.9750

Epoch : 20
Train Loss     : 0.0396	 | 	Train Accuracy     : 0.9833
Valid Loss     : 0.0421	 | 	Valid Accuracy     : 0.9750

Epoch : 21
Train Loss     : 0.0413	 | 	Train Accuracy     : 0.9833
Valid Loss     : 0.0435	 | 	Valid Accuracy     : 0.9750

Epoch : 22
Train Loss     : 0.0522	 | 	Train Accuracy     : 0.9833
Valid Loss     : 0.0530	 | 	Valid Accuracy     : 0.9750

Epoch : 23
Train Loss     : 0.0501	 | 	Train Accuracy     : 0.9833
Valid Loss     : 0.0384	 | 	Valid Accuracy     : 0.9750

Epoch : 24
Train Loss     : 0.0446	 | 	Train Accuracy     : 0.9917
Valid Loss     : 0.0331	 | 	Valid Accuracy     : 0.9750

Epoch : 25
Train Loss     : 0.0362	 | 	Train Accuracy     : 0.9917
Valid Loss     : 0.0331	 | 	Valid Accuracy     : 0.9750

Epoch : 26
Train Loss     : 0.0401	 | 	Train Accuracy     : 0.9833
Valid Loss     : 0.0362	 | 	Valid Accuracy     : 0.9750

Epoch : 27
Train Loss     : 0.0362	 | 	Train Accuracy     : 0.9917
Valid Loss     : 0.0412	 | 	Valid Accuracy     : 0.9750

Epoch : 28
Train Loss     : 0.0466	 | 	Train Accuracy     : 0.9917
Valid Loss     : 0.0369	 | 	Valid Accuracy     : 0.9750

Epoch : 29
Train Loss     : 0.0421	 | 	Train Accuracy     : 0.9917
Valid Loss     : 0.0403	 | 	Valid Accuracy     : 0.9750

Epoch : 30
Train Loss     : 0.0459	 | 	Train Accuracy     : 0.9833
Valid Loss     : 0.0412	 | 	Valid Accuracy     : 0.9750

Evaluate on the Test set:
Test loss      :0.2932	 | Test Accuracy      : 0.9750

################## Training is Done! #########################
Training time is : 0:00:23.127454
