=============================================
Dataset: EMG
Method:  °³¹ßÁß...
Mode:    train_linear
=============================================
Data loaded ...
Training started ....

Epoch : 1
Train Loss     : 0.5037	 | 	Train Accuracy     : 0.7857
Valid Loss     : 0.5339	 | 	Valid Accuracy     : 0.7812

Epoch : 2
Train Loss     : 0.1705	 | 	Train Accuracy     : 0.9375
Valid Loss     : 0.0406	 | 	Valid Accuracy     : 1.0000

Epoch : 3
Train Loss     : 0.1371	 | 	Train Accuracy     : 0.9554
Valid Loss     : 0.0181	 | 	Valid Accuracy     : 1.0000

Epoch : 4
Train Loss     : 0.2424	 | 	Train Accuracy     : 0.9196
Valid Loss     : 0.0073	 | 	Valid Accuracy     : 1.0000

Epoch : 5
Train Loss     : 0.3266	 | 	Train Accuracy     : 0.8661
Valid Loss     : 0.0186	 | 	Valid Accuracy     : 1.0000

Epoch : 6
Train Loss     : 0.0772	 | 	Train Accuracy     : 0.9732
Valid Loss     : 0.0042	 | 	Valid Accuracy     : 1.0000

Epoch : 7
Train Loss     : 0.1370	 | 	Train Accuracy     : 0.9286
Valid Loss     : 0.0041	 | 	Valid Accuracy     : 1.0000

Epoch : 8
Train Loss     : 0.0946	 | 	Train Accuracy     : 0.9643
Valid Loss     : 0.0044	 | 	Valid Accuracy     : 1.0000

Epoch : 9
Train Loss     : 0.2636	 | 	Train Accuracy     : 0.9018
Valid Loss     : 0.0235	 | 	Valid Accuracy     : 1.0000

Epoch : 10
Train Loss     : 0.2309	 | 	Train Accuracy     : 0.9286
Valid Loss     : 0.0251	 | 	Valid Accuracy     : 1.0000

Epoch : 11
Train Loss     : 0.2084	 | 	Train Accuracy     : 0.9286
Valid Loss     : 0.0050	 | 	Valid Accuracy     : 1.0000

Epoch : 12
Train Loss     : 0.1280	 | 	Train Accuracy     : 0.9375
Valid Loss     : 0.0057	 | 	Valid Accuracy     : 1.0000

Epoch : 13
Train Loss     : 0.1499	 | 	Train Accuracy     : 0.9643
Valid Loss     : 0.0055	 | 	Valid Accuracy     : 1.0000

Epoch : 14
Train Loss     : 0.0416	 | 	Train Accuracy     : 0.9821
Valid Loss     : 0.0320	 | 	Valid Accuracy     : 0.9688

Epoch : 15
Train Loss     : 0.4146	 | 	Train Accuracy     : 0.8929
Valid Loss     : 0.0045	 | 	Valid Accuracy     : 1.0000

Epoch : 16
Train Loss     : 0.1710	 | 	Train Accuracy     : 0.9464
Valid Loss     : 0.0105	 | 	Valid Accuracy     : 1.0000

Epoch : 17
Train Loss     : 0.0615	 | 	Train Accuracy     : 0.9732
Valid Loss     : 0.0048	 | 	Valid Accuracy     : 1.0000

Epoch : 18
Train Loss     : 0.0438	 | 	Train Accuracy     : 0.9911
Valid Loss     : 0.0100	 | 	Valid Accuracy     : 1.0000

Epoch : 19
Train Loss     : 0.1477	 | 	Train Accuracy     : 0.9464
Valid Loss     : 0.0103	 | 	Valid Accuracy     : 1.0000

Epoch : 20
Train Loss     : 0.0689	 | 	Train Accuracy     : 0.9732
Valid Loss     : 0.0111	 | 	Valid Accuracy     : 1.0000

Epoch : 21
Train Loss     : 0.0976	 | 	Train Accuracy     : 0.9554
Valid Loss     : 0.0083	 | 	Valid Accuracy     : 1.0000

Epoch : 22
Train Loss     : 0.1261	 | 	Train Accuracy     : 0.9464
Valid Loss     : 0.0064	 | 	Valid Accuracy     : 1.0000

Epoch : 23
Train Loss     : 0.0933	 | 	Train Accuracy     : 0.9732
Valid Loss     : 0.0054	 | 	Valid Accuracy     : 1.0000

Epoch : 24
Train Loss     : 0.1106	 | 	Train Accuracy     : 0.9643
Valid Loss     : 0.0065	 | 	Valid Accuracy     : 1.0000

Epoch : 25
Train Loss     : 0.1066	 | 	Train Accuracy     : 0.9375
Valid Loss     : 0.0049	 | 	Valid Accuracy     : 1.0000

Epoch : 26
Train Loss     : 0.0522	 | 	Train Accuracy     : 0.9821
Valid Loss     : 0.0048	 | 	Valid Accuracy     : 1.0000

Epoch : 27
Train Loss     : 0.0413	 | 	Train Accuracy     : 0.9911
Valid Loss     : 0.0048	 | 	Valid Accuracy     : 1.0000

Epoch : 28
Train Loss     : 0.0866	 | 	Train Accuracy     : 0.9554
Valid Loss     : 0.0052	 | 	Valid Accuracy     : 1.0000

Epoch : 29
Train Loss     : 0.1409	 | 	Train Accuracy     : 0.9464
Valid Loss     : 0.0049	 | 	Valid Accuracy     : 1.0000

Epoch : 30
Train Loss     : 0.1872	 | 	Train Accuracy     : 0.9107
Valid Loss     : 0.0038	 | 	Valid Accuracy     : 1.0000

Evaluate on the Test set:
Test loss      :0.1463	 | Test Accuracy      : 0.9583

################## Training is Done! #########################
Training time is : 0:00:22.455146
