=============================================
Dataset: pFD
Method:  °³¹ßÁß...
Mode:    train_linear
=============================================
Data loaded ...
Training started ....

Epoch : 1
Train Loss     : 0.5163	 | 	Train Accuracy     : 0.7867
Valid Loss     : 0.2513	 | 	Valid Accuracy     : 0.9300

Epoch : 2
Train Loss     : 0.3401	 | 	Train Accuracy     : 0.8751
Valid Loss     : 0.1865	 | 	Valid Accuracy     : 0.9513

Epoch : 3
Train Loss     : 0.3065	 | 	Train Accuracy     : 0.8883
Valid Loss     : 0.1431	 | 	Valid Accuracy     : 0.9610

Epoch : 4
Train Loss     : 0.2884	 | 	Train Accuracy     : 0.8934
Valid Loss     : 0.1261	 | 	Valid Accuracy     : 0.9657

Epoch : 5
Train Loss     : 0.2664	 | 	Train Accuracy     : 0.9007
Valid Loss     : 0.1115	 | 	Valid Accuracy     : 0.9745

Epoch : 6
Train Loss     : 0.2656	 | 	Train Accuracy     : 0.9002
Valid Loss     : 0.1042	 | 	Valid Accuracy     : 0.9710

Epoch : 7
Train Loss     : 0.2576	 | 	Train Accuracy     : 0.9009
Valid Loss     : 0.0974	 | 	Valid Accuracy     : 0.9775

Epoch : 8
Train Loss     : 0.2480	 | 	Train Accuracy     : 0.9056
Valid Loss     : 0.0936	 | 	Valid Accuracy     : 0.9765

Epoch : 9
Train Loss     : 0.2362	 | 	Train Accuracy     : 0.9107
Valid Loss     : 0.0897	 | 	Valid Accuracy     : 0.9797

Epoch : 10
Train Loss     : 0.2507	 | 	Train Accuracy     : 0.9039
Valid Loss     : 0.0936	 | 	Valid Accuracy     : 0.9745

Epoch : 11
Train Loss     : 0.2297	 | 	Train Accuracy     : 0.9135
Valid Loss     : 0.0876	 | 	Valid Accuracy     : 0.9793

Epoch : 12
Train Loss     : 0.2386	 | 	Train Accuracy     : 0.9129
Valid Loss     : 0.0801	 | 	Valid Accuracy     : 0.9827

Epoch : 13
Train Loss     : 0.2330	 | 	Train Accuracy     : 0.9124
Valid Loss     : 0.0783	 | 	Valid Accuracy     : 0.9815

Epoch : 14
Train Loss     : 0.2258	 | 	Train Accuracy     : 0.9151
Valid Loss     : 0.0769	 | 	Valid Accuracy     : 0.9835

Epoch : 15
Train Loss     : 0.2289	 | 	Train Accuracy     : 0.9103
Valid Loss     : 0.0738	 | 	Valid Accuracy     : 0.9852

Epoch : 16
Train Loss     : 0.2188	 | 	Train Accuracy     : 0.9203
Valid Loss     : 0.0707	 | 	Valid Accuracy     : 0.9837

Epoch : 17
Train Loss     : 0.2246	 | 	Train Accuracy     : 0.9147
Valid Loss     : 0.0883	 | 	Valid Accuracy     : 0.9728

Epoch : 18
Train Loss     : 0.2093	 | 	Train Accuracy     : 0.9224
Valid Loss     : 0.0698	 | 	Valid Accuracy     : 0.9858

Epoch : 19
Train Loss     : 0.2155	 | 	Train Accuracy     : 0.9193
Valid Loss     : 0.0747	 | 	Valid Accuracy     : 0.9840

Epoch : 20
Train Loss     : 0.2121	 | 	Train Accuracy     : 0.9221
Valid Loss     : 0.0746	 | 	Valid Accuracy     : 0.9820

Epoch : 21
Train Loss     : 0.2157	 | 	Train Accuracy     : 0.9172
Valid Loss     : 0.0729	 | 	Valid Accuracy     : 0.9852

Epoch : 22
Train Loss     : 0.2041	 | 	Train Accuracy     : 0.9254
Valid Loss     : 0.0692	 | 	Valid Accuracy     : 0.9837

Epoch : 23
Train Loss     : 0.2124	 | 	Train Accuracy     : 0.9207
Valid Loss     : 0.0676	 | 	Valid Accuracy     : 0.9862

Epoch : 24
Train Loss     : 0.2121	 | 	Train Accuracy     : 0.9207
Valid Loss     : 0.0706	 | 	Valid Accuracy     : 0.9855

Epoch : 25
Train Loss     : 0.1997	 | 	Train Accuracy     : 0.9266
Valid Loss     : 0.0771	 | 	Valid Accuracy     : 0.9820

Epoch : 26
Train Loss     : 0.2048	 | 	Train Accuracy     : 0.9250
Valid Loss     : 0.0737	 | 	Valid Accuracy     : 0.9815

Epoch : 27
Train Loss     : 0.1968	 | 	Train Accuracy     : 0.9293
Valid Loss     : 0.0722	 | 	Valid Accuracy     : 0.9843

Epoch : 28
Train Loss     : 0.1986	 | 	Train Accuracy     : 0.9270
Valid Loss     : 0.0738	 | 	Valid Accuracy     : 0.9797

Epoch : 29
Train Loss     : 0.2025	 | 	Train Accuracy     : 0.9259
Valid Loss     : 0.0684	 | 	Valid Accuracy     : 0.9852

Epoch : 30
Train Loss     : 0.1934	 | 	Train Accuracy     : 0.9294
Valid Loss     : 0.0655	 | 	Valid Accuracy     : 0.9850

Evaluate on the Test set:
Test loss      :0.0652	 | Test Accuracy      : 0.9835

################## Training is Done! #########################
Training time is : 0:49:58.996773
