=============================================
Dataset: EMG
Method:  °³¹ßÁß...
Mode:    train_linear
=============================================
Data loaded ...
Training started ....

Epoch : 1
Train Loss     : 0.8503	 | 	Train Accuracy     : 0.6500
Valid Loss     : 0.3875	 | 	Valid Accuracy     : 0.9000

Epoch : 2
Train Loss     : 0.5996	 | 	Train Accuracy     : 0.7750
Valid Loss     : 0.2605	 | 	Valid Accuracy     : 0.9500

Epoch : 3
Train Loss     : 0.5427	 | 	Train Accuracy     : 0.7667
Valid Loss     : 0.2183	 | 	Valid Accuracy     : 1.0000

Epoch : 4
Train Loss     : 0.5239	 | 	Train Accuracy     : 0.8000
Valid Loss     : 0.2059	 | 	Valid Accuracy     : 1.0000

Epoch : 5
Train Loss     : 0.4187	 | 	Train Accuracy     : 0.8333
Valid Loss     : 0.1668	 | 	Valid Accuracy     : 1.0000

Epoch : 6
Train Loss     : 0.4132	 | 	Train Accuracy     : 0.8500
Valid Loss     : 0.1996	 | 	Valid Accuracy     : 0.9500

Epoch : 7
Train Loss     : 0.4316	 | 	Train Accuracy     : 0.8333
Valid Loss     : 0.2002	 | 	Valid Accuracy     : 0.9750

Epoch : 8
Train Loss     : 0.3725	 | 	Train Accuracy     : 0.8333
Valid Loss     : 0.2038	 | 	Valid Accuracy     : 0.9000

Epoch : 9
Train Loss     : 0.4030	 | 	Train Accuracy     : 0.8167
Valid Loss     : 0.1501	 | 	Valid Accuracy     : 1.0000

Epoch : 10
Train Loss     : 0.3091	 | 	Train Accuracy     : 0.9167
Valid Loss     : 0.1515	 | 	Valid Accuracy     : 1.0000

Epoch : 11
Train Loss     : 0.5339	 | 	Train Accuracy     : 0.8000
Valid Loss     : 0.1464	 | 	Valid Accuracy     : 0.9750

Epoch : 12
Train Loss     : 0.4420	 | 	Train Accuracy     : 0.8333
Valid Loss     : 0.1258	 | 	Valid Accuracy     : 1.0000

Epoch : 13
Train Loss     : 0.3605	 | 	Train Accuracy     : 0.8500
Valid Loss     : 0.1330	 | 	Valid Accuracy     : 1.0000

Epoch : 14
Train Loss     : 0.4108	 | 	Train Accuracy     : 0.8333
Valid Loss     : 0.1447	 | 	Valid Accuracy     : 1.0000

Epoch : 15
Train Loss     : 0.3223	 | 	Train Accuracy     : 0.8500
Valid Loss     : 0.1487	 | 	Valid Accuracy     : 0.9750

Epoch : 16
Train Loss     : 0.5070	 | 	Train Accuracy     : 0.7917
Valid Loss     : 0.1134	 | 	Valid Accuracy     : 1.0000

Epoch : 17
Train Loss     : 0.4847	 | 	Train Accuracy     : 0.8083
Valid Loss     : 0.1402	 | 	Valid Accuracy     : 0.9750

Epoch : 18
Train Loss     : 0.5587	 | 	Train Accuracy     : 0.7750
Valid Loss     : 0.1319	 | 	Valid Accuracy     : 1.0000

Epoch : 19
Train Loss     : 0.3779	 | 	Train Accuracy     : 0.8083
Valid Loss     : 0.1456	 | 	Valid Accuracy     : 0.9500

Epoch : 20
Train Loss     : 0.2852	 | 	Train Accuracy     : 0.9083
Valid Loss     : 0.1379	 | 	Valid Accuracy     : 0.9750

Epoch : 21
Train Loss     : 0.4249	 | 	Train Accuracy     : 0.8750
Valid Loss     : 0.1756	 | 	Valid Accuracy     : 0.9250

Epoch : 22
Train Loss     : 0.4158	 | 	Train Accuracy     : 0.8583
Valid Loss     : 0.1797	 | 	Valid Accuracy     : 0.9500

Epoch : 23
Train Loss     : 0.3809	 | 	Train Accuracy     : 0.8000
Valid Loss     : 0.1419	 | 	Valid Accuracy     : 0.9750

Epoch : 24
Train Loss     : 0.6146	 | 	Train Accuracy     : 0.8000
Valid Loss     : 0.1571	 | 	Valid Accuracy     : 0.9500

Epoch : 25
Train Loss     : 0.3209	 | 	Train Accuracy     : 0.8667
Valid Loss     : 0.1633	 | 	Valid Accuracy     : 1.0000

Epoch : 26
Train Loss     : 0.3734	 | 	Train Accuracy     : 0.8333
Valid Loss     : 0.1450	 | 	Valid Accuracy     : 1.0000

Epoch : 27
Train Loss     : 0.2863	 | 	Train Accuracy     : 0.8500
Valid Loss     : 0.1595	 | 	Valid Accuracy     : 0.9750

Epoch : 28
Train Loss     : 0.3288	 | 	Train Accuracy     : 0.8667
Valid Loss     : 0.1288	 | 	Valid Accuracy     : 1.0000

Epoch : 29
Train Loss     : 0.5662	 | 	Train Accuracy     : 0.8167
Valid Loss     : 0.1495	 | 	Valid Accuracy     : 0.9750

Epoch : 30
Train Loss     : 0.4506	 | 	Train Accuracy     : 0.8167
Valid Loss     : 0.1254	 | 	Valid Accuracy     : 0.9750

Evaluate on the Test set:
Test loss      :0.4561	 | Test Accuracy      : 0.8864

################## Training is Done! #########################
Training time is : 0:00:30.012854
