=============================================
Dataset: EMG
Method:  °³¹ßÁß...
Mode:    train_linear
=============================================
Data loaded ...
Training started ....

Epoch : 1
Train Loss     : 1.0207	 | 	Train Accuracy     : 0.4917
Valid Loss     : 0.5507	 | 	Valid Accuracy     : 0.8750

Epoch : 2
Train Loss     : 0.5566	 | 	Train Accuracy     : 0.8333
Valid Loss     : 0.3037	 | 	Valid Accuracy     : 0.9750

Epoch : 3
Train Loss     : 0.4606	 | 	Train Accuracy     : 0.8250
Valid Loss     : 0.2114	 | 	Valid Accuracy     : 1.0000

Epoch : 4
Train Loss     : 0.4209	 | 	Train Accuracy     : 0.8833
Valid Loss     : 0.1689	 | 	Valid Accuracy     : 1.0000

Epoch : 5
Train Loss     : 0.3638	 | 	Train Accuracy     : 0.8667
Valid Loss     : 0.1461	 | 	Valid Accuracy     : 1.0000

Epoch : 6
Train Loss     : 0.2858	 | 	Train Accuracy     : 0.8833
Valid Loss     : 0.1367	 | 	Valid Accuracy     : 1.0000

Epoch : 7
Train Loss     : 0.3105	 | 	Train Accuracy     : 0.9000
Valid Loss     : 0.1278	 | 	Valid Accuracy     : 1.0000

Epoch : 8
Train Loss     : 0.4053	 | 	Train Accuracy     : 0.8583
Valid Loss     : 0.1220	 | 	Valid Accuracy     : 1.0000

Epoch : 9
Train Loss     : 0.4078	 | 	Train Accuracy     : 0.8333
Valid Loss     : 0.1183	 | 	Valid Accuracy     : 1.0000

Epoch : 10
Train Loss     : 0.2856	 | 	Train Accuracy     : 0.9167
Valid Loss     : 0.1183	 | 	Valid Accuracy     : 1.0000

Epoch : 11
Train Loss     : 0.3724	 | 	Train Accuracy     : 0.8583
Valid Loss     : 0.1186	 | 	Valid Accuracy     : 1.0000

Epoch : 12
Train Loss     : 0.2857	 | 	Train Accuracy     : 0.8750
Valid Loss     : 0.1191	 | 	Valid Accuracy     : 1.0000

Epoch : 13
Train Loss     : 0.2465	 | 	Train Accuracy     : 0.9083
Valid Loss     : 0.1150	 | 	Valid Accuracy     : 1.0000

Epoch : 14
Train Loss     : 0.2589	 | 	Train Accuracy     : 0.9167
Valid Loss     : 0.0983	 | 	Valid Accuracy     : 1.0000

Epoch : 15
Train Loss     : 0.3230	 | 	Train Accuracy     : 0.8583
Valid Loss     : 0.0976	 | 	Valid Accuracy     : 1.0000

Epoch : 16
Train Loss     : 0.2871	 | 	Train Accuracy     : 0.8917
Valid Loss     : 0.1128	 | 	Valid Accuracy     : 1.0000

Epoch : 17
Train Loss     : 0.2914	 | 	Train Accuracy     : 0.8750
Valid Loss     : 0.0921	 | 	Valid Accuracy     : 1.0000

Epoch : 18
Train Loss     : 0.1966	 | 	Train Accuracy     : 0.9250
Valid Loss     : 0.0963	 | 	Valid Accuracy     : 1.0000

Epoch : 19
Train Loss     : 0.3503	 | 	Train Accuracy     : 0.8833
Valid Loss     : 0.0836	 | 	Valid Accuracy     : 1.0000

Epoch : 20
Train Loss     : 0.3430	 | 	Train Accuracy     : 0.8917
Valid Loss     : 0.0795	 | 	Valid Accuracy     : 1.0000

Epoch : 21
Train Loss     : 0.4187	 | 	Train Accuracy     : 0.7750
Valid Loss     : 0.1061	 | 	Valid Accuracy     : 0.9750

Epoch : 22
Train Loss     : 0.2791	 | 	Train Accuracy     : 0.8667
Valid Loss     : 0.1297	 | 	Valid Accuracy     : 0.9500

Epoch : 23
Train Loss     : 0.1846	 | 	Train Accuracy     : 0.9167
Valid Loss     : 0.0872	 | 	Valid Accuracy     : 1.0000

Epoch : 24
Train Loss     : 0.3196	 | 	Train Accuracy     : 0.8917
Valid Loss     : 0.0947	 | 	Valid Accuracy     : 1.0000

Epoch : 25
Train Loss     : 0.2279	 | 	Train Accuracy     : 0.9000
Valid Loss     : 0.0852	 | 	Valid Accuracy     : 1.0000

Epoch : 26
Train Loss     : 0.2435	 | 	Train Accuracy     : 0.8917
Valid Loss     : 0.1066	 | 	Valid Accuracy     : 0.9750

Epoch : 27
Train Loss     : 0.1922	 | 	Train Accuracy     : 0.9083
Valid Loss     : 0.0782	 | 	Valid Accuracy     : 1.0000

Epoch : 28
Train Loss     : 0.2142	 | 	Train Accuracy     : 0.9583
Valid Loss     : 0.0810	 | 	Valid Accuracy     : 1.0000

Epoch : 29
Train Loss     : 0.2857	 | 	Train Accuracy     : 0.8750
Valid Loss     : 0.0769	 | 	Valid Accuracy     : 1.0000

Epoch : 30
Train Loss     : 0.4568	 | 	Train Accuracy     : 0.8083
Valid Loss     : 0.0767	 | 	Valid Accuracy     : 1.0000

Evaluate on the Test set:
Test loss      :0.1737	 | Test Accuracy      : 0.9792

################## Training is Done! #########################
Training time is : 0:00:27.574444
