=============================================
Dataset: EMG
Method:  °³¹ßÁß...
Mode:    train_linear
=============================================
Data loaded ...
Training started ....

Epoch : 1
Train Loss     : 0.8641	 | 	Train Accuracy     : 0.5833
Valid Loss     : 0.5090	 | 	Valid Accuracy     : 0.8500

Epoch : 2
Train Loss     : 0.4256	 | 	Train Accuracy     : 0.8583
Valid Loss     : 0.2839	 | 	Valid Accuracy     : 0.9000

Epoch : 3
Train Loss     : 0.1829	 | 	Train Accuracy     : 0.9750
Valid Loss     : 0.2556	 | 	Valid Accuracy     : 0.9250

Epoch : 4
Train Loss     : 0.1512	 | 	Train Accuracy     : 0.9333
Valid Loss     : 0.2441	 | 	Valid Accuracy     : 0.9250

Epoch : 5
Train Loss     : 0.1014	 | 	Train Accuracy     : 0.9667
Valid Loss     : 0.1520	 | 	Valid Accuracy     : 0.9500

Epoch : 6
Train Loss     : 0.0957	 | 	Train Accuracy     : 0.9667
Valid Loss     : 0.1153	 | 	Valid Accuracy     : 0.9500

Epoch : 7
Train Loss     : 0.0665	 | 	Train Accuracy     : 0.9833
Valid Loss     : 0.1039	 | 	Valid Accuracy     : 0.9500

Epoch : 8
Train Loss     : 0.0571	 | 	Train Accuracy     : 0.9917
Valid Loss     : 0.1072	 | 	Valid Accuracy     : 0.9500

Epoch : 9
Train Loss     : 0.0396	 | 	Train Accuracy     : 0.9833
Valid Loss     : 0.1101	 | 	Valid Accuracy     : 0.9500

Epoch : 10
Train Loss     : 0.0586	 | 	Train Accuracy     : 0.9917
Valid Loss     : 0.0916	 | 	Valid Accuracy     : 0.9750

Epoch : 11
Train Loss     : 0.0258	 | 	Train Accuracy     : 1.0000
Valid Loss     : 0.0908	 | 	Valid Accuracy     : 0.9750

Epoch : 12
Train Loss     : 0.0364	 | 	Train Accuracy     : 0.9917
Valid Loss     : 0.0848	 | 	Valid Accuracy     : 0.9750

Epoch : 13
Train Loss     : 0.0201	 | 	Train Accuracy     : 1.0000
Valid Loss     : 0.0827	 | 	Valid Accuracy     : 0.9750

Epoch : 14
Train Loss     : 0.0230	 | 	Train Accuracy     : 1.0000
Valid Loss     : 0.0782	 | 	Valid Accuracy     : 0.9750

Epoch : 15
Train Loss     : 0.0234	 | 	Train Accuracy     : 1.0000
Valid Loss     : 0.0748	 | 	Valid Accuracy     : 0.9750

Epoch : 16
Train Loss     : 0.0215	 | 	Train Accuracy     : 0.9917
Valid Loss     : 0.0783	 | 	Valid Accuracy     : 0.9750

Epoch : 17
Train Loss     : 0.0158	 | 	Train Accuracy     : 1.0000
Valid Loss     : 0.0891	 | 	Valid Accuracy     : 0.9750

Epoch : 18
Train Loss     : 0.0260	 | 	Train Accuracy     : 1.0000
Valid Loss     : 0.0933	 | 	Valid Accuracy     : 0.9500

Epoch : 19
Train Loss     : 0.0351	 | 	Train Accuracy     : 0.9833
Valid Loss     : 0.0730	 | 	Valid Accuracy     : 0.9750

Epoch : 20
Train Loss     : 0.0160	 | 	Train Accuracy     : 1.0000
Valid Loss     : 0.0651	 | 	Valid Accuracy     : 0.9750

Epoch : 21
Train Loss     : 0.0170	 | 	Train Accuracy     : 1.0000
Valid Loss     : 0.0660	 | 	Valid Accuracy     : 0.9750

Epoch : 22
Train Loss     : 0.0237	 | 	Train Accuracy     : 1.0000
Valid Loss     : 0.0779	 | 	Valid Accuracy     : 0.9750

Epoch : 23
Train Loss     : 0.0295	 | 	Train Accuracy     : 0.9917
Valid Loss     : 0.0764	 | 	Valid Accuracy     : 0.9750

Epoch : 24
Train Loss     : 0.0105	 | 	Train Accuracy     : 1.0000
Valid Loss     : 0.0857	 | 	Valid Accuracy     : 0.9750

Epoch : 25
Train Loss     : 0.0396	 | 	Train Accuracy     : 0.9833
Valid Loss     : 0.0912	 | 	Valid Accuracy     : 0.9500

Epoch : 26
Train Loss     : 0.0117	 | 	Train Accuracy     : 1.0000
Valid Loss     : 0.1210	 | 	Valid Accuracy     : 0.9500

Epoch : 27
Train Loss     : 0.0116	 | 	Train Accuracy     : 1.0000
Valid Loss     : 0.1282	 | 	Valid Accuracy     : 0.9500

Epoch : 28
Train Loss     : 0.0204	 | 	Train Accuracy     : 1.0000
Valid Loss     : 0.1134	 | 	Valid Accuracy     : 0.9500

Epoch : 29
Train Loss     : 0.0155	 | 	Train Accuracy     : 1.0000
Valid Loss     : 0.0846	 | 	Valid Accuracy     : 0.9750

Epoch : 30
Train Loss     : 0.0126	 | 	Train Accuracy     : 1.0000
Valid Loss     : 0.0694	 | 	Valid Accuracy     : 0.9750

Epoch : 31
Train Loss     : 0.0290	 | 	Train Accuracy     : 1.0000
Valid Loss     : 0.0761	 | 	Valid Accuracy     : 0.9750

Epoch : 32
Train Loss     : 0.0094	 | 	Train Accuracy     : 1.0000
Valid Loss     : 0.0756	 | 	Valid Accuracy     : 0.9750

Epoch : 33
Train Loss     : 0.0133	 | 	Train Accuracy     : 1.0000
Valid Loss     : 0.0749	 | 	Valid Accuracy     : 0.9750

Epoch : 34
Train Loss     : 0.0078	 | 	Train Accuracy     : 1.0000
Valid Loss     : 0.0745	 | 	Valid Accuracy     : 0.9750

Epoch : 35
Train Loss     : 0.0078	 | 	Train Accuracy     : 1.0000
Valid Loss     : 0.0752	 | 	Valid Accuracy     : 0.9750

Epoch : 36
Train Loss     : 0.0057	 | 	Train Accuracy     : 1.0000
Valid Loss     : 0.0744	 | 	Valid Accuracy     : 0.9750

Epoch : 37
Train Loss     : 0.0078	 | 	Train Accuracy     : 1.0000
Valid Loss     : 0.0741	 | 	Valid Accuracy     : 0.9750

Epoch : 38
Train Loss     : 0.0081	 | 	Train Accuracy     : 1.0000
Valid Loss     : 0.0725	 | 	Valid Accuracy     : 0.9750

Epoch : 39
Train Loss     : 0.0149	 | 	Train Accuracy     : 1.0000
Valid Loss     : 0.0706	 | 	Valid Accuracy     : 0.9750

Epoch : 40
Train Loss     : 0.0074	 | 	Train Accuracy     : 1.0000
Valid Loss     : 0.0700	 | 	Valid Accuracy     : 0.9750

Epoch : 41
Train Loss     : 0.0060	 | 	Train Accuracy     : 1.0000
Valid Loss     : 0.0709	 | 	Valid Accuracy     : 0.9750

Epoch : 42
Train Loss     : 0.0137	 | 	Train Accuracy     : 1.0000
Valid Loss     : 0.0706	 | 	Valid Accuracy     : 0.9750

Epoch : 43
Train Loss     : 0.0362	 | 	Train Accuracy     : 0.9917
Valid Loss     : 0.0691	 | 	Valid Accuracy     : 0.9750

Epoch : 44
Train Loss     : 0.0076	 | 	Train Accuracy     : 1.0000
Valid Loss     : 0.0701	 | 	Valid Accuracy     : 0.9750

Epoch : 45
Train Loss     : 0.0111	 | 	Train Accuracy     : 1.0000
Valid Loss     : 0.0701	 | 	Valid Accuracy     : 0.9750

Epoch : 46
Train Loss     : 0.0159	 | 	Train Accuracy     : 1.0000
Valid Loss     : 0.0709	 | 	Valid Accuracy     : 0.9750

Epoch : 47
Train Loss     : 0.0179	 | 	Train Accuracy     : 1.0000
Valid Loss     : 0.0734	 | 	Valid Accuracy     : 0.9750

Epoch : 48
Train Loss     : 0.0109	 | 	Train Accuracy     : 1.0000
Valid Loss     : 0.0729	 | 	Valid Accuracy     : 0.9750

Epoch : 49
Train Loss     : 0.0140	 | 	Train Accuracy     : 1.0000
Valid Loss     : 0.0741	 | 	Valid Accuracy     : 0.9750

Epoch : 50
Train Loss     : 0.0100	 | 	Train Accuracy     : 1.0000
Valid Loss     : 0.0736	 | 	Valid Accuracy     : 0.9750

Evaluate on the Test set:
Test loss      :0.1497	 | Test Accuracy      : 0.9750

################## Training is Done! #########################
Training time is : 0:00:34.408908
