=============================================
Dataset: EMG
Method:  °³¹ßÁß...
Mode:    train_linear
=============================================
Data loaded ...
Training started ....

Epoch : 1
Train Loss     : 1.1452	 | 	Train Accuracy     : 0.2833
Valid Loss     : 0.8245	 | 	Valid Accuracy     : 0.7000

Epoch : 2
Train Loss     : 0.8089	 | 	Train Accuracy     : 0.6833
Valid Loss     : 1.1583	 | 	Valid Accuracy     : 0.7250

Epoch : 3
Train Loss     : 0.6543	 | 	Train Accuracy     : 0.7750
Valid Loss     : 1.3976	 | 	Valid Accuracy     : 0.7750

Epoch : 4
Train Loss     : 0.7068	 | 	Train Accuracy     : 0.7417
Valid Loss     : 1.0379	 | 	Valid Accuracy     : 0.7750

Epoch : 5
Train Loss     : 0.5926	 | 	Train Accuracy     : 0.7667
Valid Loss     : 1.2665	 | 	Valid Accuracy     : 0.8250

Epoch : 6
Train Loss     : 0.6057	 | 	Train Accuracy     : 0.7750
Valid Loss     : 1.2181	 | 	Valid Accuracy     : 0.8000

Epoch : 7
Train Loss     : 0.6495	 | 	Train Accuracy     : 0.7417
Valid Loss     : 1.2607	 | 	Valid Accuracy     : 0.8500

Epoch : 8
Train Loss     : 0.5575	 | 	Train Accuracy     : 0.7917
Valid Loss     : 1.1816	 | 	Valid Accuracy     : 0.7500

Epoch : 9
Train Loss     : 0.5310	 | 	Train Accuracy     : 0.7833
Valid Loss     : 1.1180	 | 	Valid Accuracy     : 0.8250

Epoch : 10
Train Loss     : 0.5197	 | 	Train Accuracy     : 0.7750
Valid Loss     : 1.4806	 | 	Valid Accuracy     : 0.7750

Epoch : 11
Train Loss     : 0.5432	 | 	Train Accuracy     : 0.7833
Valid Loss     : 1.3117	 | 	Valid Accuracy     : 0.7750

Epoch : 12
Train Loss     : 0.5493	 | 	Train Accuracy     : 0.8250
Valid Loss     : 1.1904	 | 	Valid Accuracy     : 0.7250

Epoch : 13
Train Loss     : 0.5154	 | 	Train Accuracy     : 0.7833
Valid Loss     : 1.0819	 | 	Valid Accuracy     : 0.8000

Epoch : 14
Train Loss     : 0.5727	 | 	Train Accuracy     : 0.7667
Valid Loss     : 1.0028	 | 	Valid Accuracy     : 0.7500

Epoch : 15
Train Loss     : 0.4304	 | 	Train Accuracy     : 0.8417
Valid Loss     : 1.2409	 | 	Valid Accuracy     : 0.7750

Epoch : 16
Train Loss     : 0.5432	 | 	Train Accuracy     : 0.8250
Valid Loss     : 1.3742	 | 	Valid Accuracy     : 0.7500

Epoch : 17
Train Loss     : 0.5085	 | 	Train Accuracy     : 0.8333
Valid Loss     : 1.0067	 | 	Valid Accuracy     : 0.8000

Epoch : 18
Train Loss     : 0.5536	 | 	Train Accuracy     : 0.8083
Valid Loss     : 0.9774	 | 	Valid Accuracy     : 0.7500

Epoch : 19
Train Loss     : 0.4838	 | 	Train Accuracy     : 0.7833
Valid Loss     : 1.1048	 | 	Valid Accuracy     : 0.8250

Epoch : 20
Train Loss     : 0.5173	 | 	Train Accuracy     : 0.8333
Valid Loss     : 1.1151	 | 	Valid Accuracy     : 0.8250

Epoch : 21
Train Loss     : 0.5096	 | 	Train Accuracy     : 0.7833
Valid Loss     : 0.9282	 | 	Valid Accuracy     : 0.7750

Epoch : 22
Train Loss     : 0.4777	 | 	Train Accuracy     : 0.8083
Valid Loss     : 0.9319	 | 	Valid Accuracy     : 0.8250

Epoch : 23
Train Loss     : 0.6012	 | 	Train Accuracy     : 0.7500
Valid Loss     : 1.2761	 | 	Valid Accuracy     : 0.8250

Epoch : 24
Train Loss     : 0.4961	 | 	Train Accuracy     : 0.7917
Valid Loss     : 1.0411	 | 	Valid Accuracy     : 0.8500

Epoch : 25
Train Loss     : 0.5220	 | 	Train Accuracy     : 0.8167
Valid Loss     : 1.2555	 | 	Valid Accuracy     : 0.8250

Epoch : 26
Train Loss     : 0.5089	 | 	Train Accuracy     : 0.7583
Valid Loss     : 1.1122	 | 	Valid Accuracy     : 0.8500

Epoch : 27
Train Loss     : 0.4553	 | 	Train Accuracy     : 0.8667
Valid Loss     : 1.3603	 | 	Valid Accuracy     : 0.8250

Epoch : 28
Train Loss     : 0.5083	 | 	Train Accuracy     : 0.8083
Valid Loss     : 1.5139	 | 	Valid Accuracy     : 0.8750

Epoch : 29
Train Loss     : 0.5845	 | 	Train Accuracy     : 0.7750
Valid Loss     : 1.0167	 | 	Valid Accuracy     : 0.8250

Epoch : 30
Train Loss     : 0.4476	 | 	Train Accuracy     : 0.8583
Valid Loss     : 1.0293	 | 	Valid Accuracy     : 0.8250

Evaluate on the Test set:
Test loss      :0.6643	 | Test Accuracy      : 0.8864

################## Training is Done! #########################
Training time is : 0:00:29.537882
