=============================================
Dataset: EMG
Method:  °³¹ßÁß...
Mode:    train_linear
=============================================
Data loaded ...
Training started ....

Epoch : 1
Train Loss     : 0.9730	 | 	Train Accuracy     : 0.5083
Valid Loss     : 0.4330	 | 	Valid Accuracy     : 0.8750

Epoch : 2
Train Loss     : 0.3740	 | 	Train Accuracy     : 0.8583
Valid Loss     : 0.2487	 | 	Valid Accuracy     : 0.9000

Epoch : 3
Train Loss     : 0.1784	 | 	Train Accuracy     : 0.9500
Valid Loss     : 0.1374	 | 	Valid Accuracy     : 0.9750

Epoch : 4
Train Loss     : 0.1051	 | 	Train Accuracy     : 0.9667
Valid Loss     : 0.1404	 | 	Valid Accuracy     : 0.9750

Epoch : 5
Train Loss     : 0.0877	 | 	Train Accuracy     : 0.9667
Valid Loss     : 0.1213	 | 	Valid Accuracy     : 0.9750

Epoch : 6
Train Loss     : 0.1105	 | 	Train Accuracy     : 0.9583
Valid Loss     : 0.0752	 | 	Valid Accuracy     : 0.9750

Epoch : 7
Train Loss     : 0.0634	 | 	Train Accuracy     : 0.9833
Valid Loss     : 0.0554	 | 	Valid Accuracy     : 1.0000

Epoch : 8
Train Loss     : 0.0711	 | 	Train Accuracy     : 0.9833
Valid Loss     : 0.0568	 | 	Valid Accuracy     : 1.0000

Epoch : 9
Train Loss     : 0.0401	 | 	Train Accuracy     : 1.0000
Valid Loss     : 0.0645	 | 	Valid Accuracy     : 1.0000

Epoch : 10
Train Loss     : 0.0872	 | 	Train Accuracy     : 0.9750
Valid Loss     : 0.0564	 | 	Valid Accuracy     : 1.0000

Epoch : 11
Train Loss     : 0.0340	 | 	Train Accuracy     : 1.0000
Valid Loss     : 0.0501	 | 	Valid Accuracy     : 1.0000

Epoch : 12
Train Loss     : 0.0463	 | 	Train Accuracy     : 0.9833
Valid Loss     : 0.0462	 | 	Valid Accuracy     : 1.0000

Epoch : 13
Train Loss     : 0.0275	 | 	Train Accuracy     : 1.0000
Valid Loss     : 0.0429	 | 	Valid Accuracy     : 1.0000

Epoch : 14
Train Loss     : 0.0333	 | 	Train Accuracy     : 1.0000
Valid Loss     : 0.0419	 | 	Valid Accuracy     : 1.0000

Epoch : 15
Train Loss     : 0.0343	 | 	Train Accuracy     : 0.9917
Valid Loss     : 0.0425	 | 	Valid Accuracy     : 1.0000

Epoch : 16
Train Loss     : 0.0377	 | 	Train Accuracy     : 0.9833
Valid Loss     : 0.0435	 | 	Valid Accuracy     : 1.0000

Epoch : 17
Train Loss     : 0.0235	 | 	Train Accuracy     : 1.0000
Valid Loss     : 0.0467	 | 	Valid Accuracy     : 1.0000

Epoch : 18
Train Loss     : 0.0434	 | 	Train Accuracy     : 0.9833
Valid Loss     : 0.0525	 | 	Valid Accuracy     : 1.0000

Epoch : 19
Train Loss     : 0.0445	 | 	Train Accuracy     : 0.9833
Valid Loss     : 0.0476	 | 	Valid Accuracy     : 1.0000

Epoch : 20
Train Loss     : 0.0370	 | 	Train Accuracy     : 0.9833
Valid Loss     : 0.0451	 | 	Valid Accuracy     : 1.0000

Epoch : 21
Train Loss     : 0.0143	 | 	Train Accuracy     : 1.0000
Valid Loss     : 0.0435	 | 	Valid Accuracy     : 1.0000

Epoch : 22
Train Loss     : 0.0342	 | 	Train Accuracy     : 0.9917
Valid Loss     : 0.0429	 | 	Valid Accuracy     : 0.9750

Epoch : 23
Train Loss     : 0.0493	 | 	Train Accuracy     : 0.9833
Valid Loss     : 0.0416	 | 	Valid Accuracy     : 1.0000

Epoch : 24
Train Loss     : 0.0243	 | 	Train Accuracy     : 1.0000
Valid Loss     : 0.0406	 | 	Valid Accuracy     : 1.0000

Epoch : 25
Train Loss     : 0.0995	 | 	Train Accuracy     : 0.9667
Valid Loss     : 0.0397	 | 	Valid Accuracy     : 1.0000

Epoch : 26
Train Loss     : 0.0194	 | 	Train Accuracy     : 1.0000
Valid Loss     : 0.0502	 | 	Valid Accuracy     : 0.9750

Epoch : 27
Train Loss     : 0.0187	 | 	Train Accuracy     : 1.0000
Valid Loss     : 0.0591	 | 	Valid Accuracy     : 0.9750

Epoch : 28
Train Loss     : 0.0375	 | 	Train Accuracy     : 0.9917
Valid Loss     : 0.0559	 | 	Valid Accuracy     : 0.9750

Epoch : 29
Train Loss     : 0.0360	 | 	Train Accuracy     : 0.9833
Valid Loss     : 0.0416	 | 	Valid Accuracy     : 1.0000

Epoch : 30
Train Loss     : 0.0251	 | 	Train Accuracy     : 1.0000
Valid Loss     : 0.0386	 | 	Valid Accuracy     : 1.0000

Evaluate on the Test set:
Test loss      :0.1614	 | Test Accuracy      : 0.9750

################## Training is Done! #########################
Training time is : 0:00:23.912766
