=============================================
Dataset: EMG
Method:  °³¹ßÁß...
Mode:    train_linear
=============================================
Data loaded ...
Training started ....

Epoch : 1
Train Loss     : 1.0871	 | 	Train Accuracy     : 0.4833
Valid Loss     : 0.8089	 | 	Valid Accuracy     : 0.7750

Epoch : 2
Train Loss     : 0.9427	 | 	Train Accuracy     : 0.6667
Valid Loss     : 0.7032	 | 	Valid Accuracy     : 0.8000

Epoch : 3
Train Loss     : 0.8588	 | 	Train Accuracy     : 0.7167
Valid Loss     : 0.6314	 | 	Valid Accuracy     : 0.8250

Epoch : 4
Train Loss     : 0.8051	 | 	Train Accuracy     : 0.7667
Valid Loss     : 0.5801	 | 	Valid Accuracy     : 0.8500

Epoch : 5
Train Loss     : 0.7267	 | 	Train Accuracy     : 0.8000
Valid Loss     : 0.5392	 | 	Valid Accuracy     : 0.8250

Epoch : 6
Train Loss     : 0.6568	 | 	Train Accuracy     : 0.8417
Valid Loss     : 0.5024	 | 	Valid Accuracy     : 0.8500

Epoch : 7
Train Loss     : 0.6211	 | 	Train Accuracy     : 0.8083
Valid Loss     : 0.4720	 | 	Valid Accuracy     : 0.8500

Epoch : 8
Train Loss     : 0.5589	 | 	Train Accuracy     : 0.8417
Valid Loss     : 0.4460	 | 	Valid Accuracy     : 0.8500

Epoch : 9
Train Loss     : 0.4964	 | 	Train Accuracy     : 0.8833
Valid Loss     : 0.4254	 | 	Valid Accuracy     : 0.8750

Epoch : 10
Train Loss     : 0.4506	 | 	Train Accuracy     : 0.9083
Valid Loss     : 0.4075	 | 	Valid Accuracy     : 0.8750

Epoch : 11
Train Loss     : 0.4253	 | 	Train Accuracy     : 0.9333
Valid Loss     : 0.3924	 | 	Valid Accuracy     : 0.8750

Epoch : 12
Train Loss     : 0.4134	 | 	Train Accuracy     : 0.8917
Valid Loss     : 0.3777	 | 	Valid Accuracy     : 0.9250

Epoch : 13
Train Loss     : 0.3807	 | 	Train Accuracy     : 0.9417
Valid Loss     : 0.3626	 | 	Valid Accuracy     : 0.9250

Epoch : 14
Train Loss     : 0.3540	 | 	Train Accuracy     : 0.9417
Valid Loss     : 0.3492	 | 	Valid Accuracy     : 0.9250

Epoch : 15
Train Loss     : 0.3275	 | 	Train Accuracy     : 0.9250
Valid Loss     : 0.3369	 | 	Valid Accuracy     : 0.9250

Epoch : 16
Train Loss     : 0.3132	 | 	Train Accuracy     : 0.9333
Valid Loss     : 0.3256	 | 	Valid Accuracy     : 0.9250

Epoch : 17
Train Loss     : 0.2913	 | 	Train Accuracy     : 0.9333
Valid Loss     : 0.3169	 | 	Valid Accuracy     : 0.9000

Epoch : 18
Train Loss     : 0.2927	 | 	Train Accuracy     : 0.9500
Valid Loss     : 0.3061	 | 	Valid Accuracy     : 0.9250

Epoch : 19
Train Loss     : 0.2793	 | 	Train Accuracy     : 0.9750
Valid Loss     : 0.2990	 | 	Valid Accuracy     : 0.9000

Epoch : 20
Train Loss     : 0.2570	 | 	Train Accuracy     : 0.9750
Valid Loss     : 0.2950	 | 	Valid Accuracy     : 0.9250

Epoch : 21
Train Loss     : 0.2394	 | 	Train Accuracy     : 0.9833
Valid Loss     : 0.2898	 | 	Valid Accuracy     : 0.9250

Epoch : 22
Train Loss     : 0.2388	 | 	Train Accuracy     : 0.9667
Valid Loss     : 0.2845	 | 	Valid Accuracy     : 0.9250

Epoch : 23
Train Loss     : 0.2459	 | 	Train Accuracy     : 0.9500
Valid Loss     : 0.2774	 | 	Valid Accuracy     : 0.9250

Epoch : 24
Train Loss     : 0.2208	 | 	Train Accuracy     : 0.9917
Valid Loss     : 0.2680	 | 	Valid Accuracy     : 0.9250

Epoch : 25
Train Loss     : 0.1981	 | 	Train Accuracy     : 0.9917
Valid Loss     : 0.2625	 | 	Valid Accuracy     : 0.9250

Epoch : 26
Train Loss     : 0.2022	 | 	Train Accuracy     : 0.9833
Valid Loss     : 0.2573	 | 	Valid Accuracy     : 0.9250

Epoch : 27
Train Loss     : 0.1881	 | 	Train Accuracy     : 0.9833
Valid Loss     : 0.2539	 | 	Valid Accuracy     : 0.9250

Epoch : 28
Train Loss     : 0.1912	 | 	Train Accuracy     : 0.9917
Valid Loss     : 0.2505	 | 	Valid Accuracy     : 0.9250

Epoch : 29
Train Loss     : 0.1761	 | 	Train Accuracy     : 1.0000
Valid Loss     : 0.2464	 | 	Valid Accuracy     : 0.9250

Epoch : 30
Train Loss     : 0.2030	 | 	Train Accuracy     : 0.9500
Valid Loss     : 0.2461	 | 	Valid Accuracy     : 0.9250

Evaluate on the Test set:
Test loss      :0.2125	 | Test Accuracy      : 0.9375

################## Training is Done! #########################
Training time is : 0:00:22.940920
