=============================================
Dataset: EMG
Method:  °³¹ßÁß...
Mode:    train_linear
=============================================
Data loaded ...
Training started ....

Epoch : 1
Train Loss     : 0.9640	 | 	Train Accuracy     : 0.4667
Valid Loss     : 0.3738	 | 	Valid Accuracy     : 0.8750

Epoch : 2
Train Loss     : 0.3283	 | 	Train Accuracy     : 0.9167
Valid Loss     : 0.3042	 | 	Valid Accuracy     : 0.8750

Epoch : 3
Train Loss     : 0.1301	 | 	Train Accuracy     : 0.9667
Valid Loss     : 0.2707	 | 	Valid Accuracy     : 0.9250

Epoch : 4
Train Loss     : 0.0977	 | 	Train Accuracy     : 0.9583
Valid Loss     : 0.2493	 | 	Valid Accuracy     : 0.9500

Epoch : 5
Train Loss     : 0.0980	 | 	Train Accuracy     : 0.9750
Valid Loss     : 0.2305	 | 	Valid Accuracy     : 0.9500

Epoch : 6
Train Loss     : 0.0696	 | 	Train Accuracy     : 0.9833
Valid Loss     : 0.2036	 | 	Valid Accuracy     : 0.9500

Epoch : 7
Train Loss     : 0.0461	 | 	Train Accuracy     : 0.9917
Valid Loss     : 0.1867	 | 	Valid Accuracy     : 0.9500

Epoch : 8
Train Loss     : 0.0462	 | 	Train Accuracy     : 0.9833
Valid Loss     : 0.1807	 | 	Valid Accuracy     : 0.9500

Epoch : 9
Train Loss     : 0.0260	 | 	Train Accuracy     : 1.0000
Valid Loss     : 0.1816	 | 	Valid Accuracy     : 0.9500

Epoch : 10
Train Loss     : 0.0352	 | 	Train Accuracy     : 1.0000
Valid Loss     : 0.1821	 | 	Valid Accuracy     : 0.9500

Epoch : 11
Train Loss     : 0.0654	 | 	Train Accuracy     : 0.9667
Valid Loss     : 0.1726	 | 	Valid Accuracy     : 0.9500

Epoch : 12
Train Loss     : 0.0194	 | 	Train Accuracy     : 0.9917
Valid Loss     : 0.1636	 | 	Valid Accuracy     : 0.9500

Epoch : 13
Train Loss     : 0.0347	 | 	Train Accuracy     : 0.9917
Valid Loss     : 0.1552	 | 	Valid Accuracy     : 0.9500

Epoch : 14
Train Loss     : 0.0280	 | 	Train Accuracy     : 0.9917
Valid Loss     : 0.1517	 | 	Valid Accuracy     : 0.9500

Epoch : 15
Train Loss     : 0.0318	 | 	Train Accuracy     : 0.9917
Valid Loss     : 0.1507	 | 	Valid Accuracy     : 0.9500

Epoch : 16
Train Loss     : 0.0196	 | 	Train Accuracy     : 1.0000
Valid Loss     : 0.1512	 | 	Valid Accuracy     : 0.9500

Epoch : 17
Train Loss     : 0.0232	 | 	Train Accuracy     : 1.0000
Valid Loss     : 0.1503	 | 	Valid Accuracy     : 0.9500

Epoch : 18
Train Loss     : 0.0294	 | 	Train Accuracy     : 0.9917
Valid Loss     : 0.1494	 | 	Valid Accuracy     : 0.9500

Epoch : 19
Train Loss     : 0.0222	 | 	Train Accuracy     : 1.0000
Valid Loss     : 0.1485	 | 	Valid Accuracy     : 0.9500

Epoch : 20
Train Loss     : 0.0112	 | 	Train Accuracy     : 1.0000
Valid Loss     : 0.1483	 | 	Valid Accuracy     : 0.9500

Epoch : 21
Train Loss     : 0.0543	 | 	Train Accuracy     : 0.9917
Valid Loss     : 0.1472	 | 	Valid Accuracy     : 0.9500

Epoch : 22
Train Loss     : 0.0187	 | 	Train Accuracy     : 1.0000
Valid Loss     : 0.1485	 | 	Valid Accuracy     : 0.9500

Epoch : 23
Train Loss     : 0.0221	 | 	Train Accuracy     : 0.9917
Valid Loss     : 0.1504	 | 	Valid Accuracy     : 0.9500

Epoch : 24
Train Loss     : 0.0181	 | 	Train Accuracy     : 1.0000
Valid Loss     : 0.1523	 | 	Valid Accuracy     : 0.9500

Epoch : 25
Train Loss     : 0.0380	 | 	Train Accuracy     : 0.9833
Valid Loss     : 0.1580	 | 	Valid Accuracy     : 0.9500

Epoch : 26
Train Loss     : 0.0131	 | 	Train Accuracy     : 1.0000
Valid Loss     : 0.1614	 | 	Valid Accuracy     : 0.9500

Epoch : 27
Train Loss     : 0.0152	 | 	Train Accuracy     : 1.0000
Valid Loss     : 0.1639	 | 	Valid Accuracy     : 0.9500

Epoch : 28
Train Loss     : 0.0234	 | 	Train Accuracy     : 0.9917
Valid Loss     : 0.1611	 | 	Valid Accuracy     : 0.9500

Epoch : 29
Train Loss     : 0.0194	 | 	Train Accuracy     : 0.9917
Valid Loss     : 0.1504	 | 	Valid Accuracy     : 0.9500

Epoch : 30
Train Loss     : 0.0100	 | 	Train Accuracy     : 1.0000
Valid Loss     : 0.1456	 | 	Valid Accuracy     : 0.9500

Evaluate on the Test set:
Test loss      :0.1400	 | Test Accuracy      : 0.9875

################## Training is Done! #########################
Training time is : 0:00:23.861826
