=============================================
Dataset: EMG
Method:  °³¹ßÁß...
Mode:    train_linear
=============================================
Data loaded ...
Training started ....

Epoch : 1
Train Loss     : 0.8173	 | 	Train Accuracy     : 0.6667
Valid Loss     : 0.3364	 | 	Valid Accuracy     : 0.9750

Epoch : 2
Train Loss     : 0.4880	 | 	Train Accuracy     : 0.8250
Valid Loss     : 0.2108	 | 	Valid Accuracy     : 1.0000

Epoch : 3
Train Loss     : 0.3818	 | 	Train Accuracy     : 0.8750
Valid Loss     : 0.1727	 | 	Valid Accuracy     : 0.9750

Epoch : 4
Train Loss     : 0.4730	 | 	Train Accuracy     : 0.8167
Valid Loss     : 0.1580	 | 	Valid Accuracy     : 0.9750

Epoch : 5
Train Loss     : 0.4916	 | 	Train Accuracy     : 0.8083
Valid Loss     : 0.1237	 | 	Valid Accuracy     : 1.0000

Epoch : 6
Train Loss     : 0.4287	 | 	Train Accuracy     : 0.8333
Valid Loss     : 0.1593	 | 	Valid Accuracy     : 0.9750

Epoch : 7
Train Loss     : 0.4316	 | 	Train Accuracy     : 0.8333
Valid Loss     : 0.1224	 | 	Valid Accuracy     : 1.0000

Epoch : 8
Train Loss     : 0.4091	 | 	Train Accuracy     : 0.8583
Valid Loss     : 0.1131	 | 	Valid Accuracy     : 1.0000

Epoch : 9
Train Loss     : 0.3724	 | 	Train Accuracy     : 0.8417
Valid Loss     : 0.1153	 | 	Valid Accuracy     : 1.0000

Epoch : 10
Train Loss     : 0.6155	 | 	Train Accuracy     : 0.7667
Valid Loss     : 0.1120	 | 	Valid Accuracy     : 0.9750

Epoch : 11
Train Loss     : 0.4096	 | 	Train Accuracy     : 0.8500
Valid Loss     : 0.1421	 | 	Valid Accuracy     : 0.9750

Epoch : 12
Train Loss     : 0.3426	 | 	Train Accuracy     : 0.8833
Valid Loss     : 0.1360	 | 	Valid Accuracy     : 0.9750

Epoch : 13
Train Loss     : 0.3412	 | 	Train Accuracy     : 0.8500
Valid Loss     : 0.1413	 | 	Valid Accuracy     : 0.9500

Epoch : 14
Train Loss     : 0.3286	 | 	Train Accuracy     : 0.8500
Valid Loss     : 0.1268	 | 	Valid Accuracy     : 0.9750

Epoch : 15
Train Loss     : 0.3538	 | 	Train Accuracy     : 0.8667
Valid Loss     : 0.1170	 | 	Valid Accuracy     : 0.9750

Epoch : 16
Train Loss     : 0.4205	 | 	Train Accuracy     : 0.8250
Valid Loss     : 0.0964	 | 	Valid Accuracy     : 1.0000

Epoch : 17
Train Loss     : 0.4055	 | 	Train Accuracy     : 0.8583
Valid Loss     : 0.1112	 | 	Valid Accuracy     : 1.0000

Epoch : 18
Train Loss     : 0.4331	 | 	Train Accuracy     : 0.8167
Valid Loss     : 0.1201	 | 	Valid Accuracy     : 0.9750

Epoch : 19
Train Loss     : 0.4035	 | 	Train Accuracy     : 0.8500
Valid Loss     : 0.1116	 | 	Valid Accuracy     : 1.0000

Epoch : 20
Train Loss     : 0.4023	 | 	Train Accuracy     : 0.8250
Valid Loss     : 0.1264	 | 	Valid Accuracy     : 0.9750

Epoch : 21
Train Loss     : 0.4143	 | 	Train Accuracy     : 0.8250
Valid Loss     : 0.1322	 | 	Valid Accuracy     : 0.9750

Epoch : 22
Train Loss     : 0.4338	 | 	Train Accuracy     : 0.8417
Valid Loss     : 0.1102	 | 	Valid Accuracy     : 1.0000

Epoch : 23
Train Loss     : 0.4112	 | 	Train Accuracy     : 0.8083
Valid Loss     : 0.1346	 | 	Valid Accuracy     : 0.9750

Epoch : 24
Train Loss     : 0.2857	 | 	Train Accuracy     : 0.9167
Valid Loss     : 0.1156	 | 	Valid Accuracy     : 0.9750

Epoch : 25
Train Loss     : 0.3339	 | 	Train Accuracy     : 0.8667
Valid Loss     : 0.1288	 | 	Valid Accuracy     : 0.9750

Epoch : 26
Train Loss     : 0.2270	 | 	Train Accuracy     : 0.9167
Valid Loss     : 0.1429	 | 	Valid Accuracy     : 0.9500

Epoch : 27
Train Loss     : 0.4724	 | 	Train Accuracy     : 0.8250
Valid Loss     : 0.0896	 | 	Valid Accuracy     : 1.0000

Epoch : 28
Train Loss     : 0.4497	 | 	Train Accuracy     : 0.8333
Valid Loss     : 0.0998	 | 	Valid Accuracy     : 1.0000

Epoch : 29
Train Loss     : 0.3465	 | 	Train Accuracy     : 0.8750
Valid Loss     : 0.0935	 | 	Valid Accuracy     : 1.0000

Epoch : 30
Train Loss     : 0.5067	 | 	Train Accuracy     : 0.7917
Valid Loss     : 0.1202	 | 	Valid Accuracy     : 1.0000

Evaluate on the Test set:
Test loss      :0.2318	 | Test Accuracy      : 0.9545

################## Training is Done! #########################
Training time is : 0:00:36.216476
