=============================================
Dataset: EMG
Method:  °³¹ßÁß...
Mode:    train_linear
=============================================
Data loaded ...
Training started ....

Epoch : 1
Train Loss     : 0.8707	 | 	Train Accuracy     : 0.6167
Valid Loss     : 0.2661	 | 	Valid Accuracy     : 0.8750

Epoch : 2
Train Loss     : 0.2063	 | 	Train Accuracy     : 0.9417
Valid Loss     : 0.1760	 | 	Valid Accuracy     : 0.9250

Epoch : 3
Train Loss     : 0.0560	 | 	Train Accuracy     : 0.9833
Valid Loss     : 0.1790	 | 	Valid Accuracy     : 0.9250

Epoch : 4
Train Loss     : 0.0398	 | 	Train Accuracy     : 0.9833
Valid Loss     : 0.2067	 | 	Valid Accuracy     : 0.9500

Epoch : 5
Train Loss     : 0.0674	 | 	Train Accuracy     : 0.9833
Valid Loss     : 0.1983	 | 	Valid Accuracy     : 0.9500

Epoch : 6
Train Loss     : 0.0295	 | 	Train Accuracy     : 0.9917
Valid Loss     : 0.1832	 | 	Valid Accuracy     : 0.9500

Epoch : 7
Train Loss     : 0.0240	 | 	Train Accuracy     : 0.9917
Valid Loss     : 0.1711	 | 	Valid Accuracy     : 0.9500

Epoch : 8
Train Loss     : 0.0207	 | 	Train Accuracy     : 0.9917
Valid Loss     : 0.1528	 | 	Valid Accuracy     : 0.9500

Epoch : 9
Train Loss     : 0.0384	 | 	Train Accuracy     : 0.9750
Valid Loss     : 0.1386	 | 	Valid Accuracy     : 0.9500

Epoch : 10
Train Loss     : 0.0119	 | 	Train Accuracy     : 0.9917
Valid Loss     : 0.1344	 | 	Valid Accuracy     : 0.9500

Epoch : 11
Train Loss     : 0.0118	 | 	Train Accuracy     : 1.0000
Valid Loss     : 0.1308	 | 	Valid Accuracy     : 0.9500

Epoch : 12
Train Loss     : 0.0510	 | 	Train Accuracy     : 0.9750
Valid Loss     : 0.1361	 | 	Valid Accuracy     : 0.9500

Epoch : 13
Train Loss     : 0.0174	 | 	Train Accuracy     : 0.9917
Valid Loss     : 0.1457	 | 	Valid Accuracy     : 0.9750

Epoch : 14
Train Loss     : 0.0588	 | 	Train Accuracy     : 0.9667
Valid Loss     : 0.1427	 | 	Valid Accuracy     : 0.9500

Epoch : 15
Train Loss     : 0.0270	 | 	Train Accuracy     : 0.9917
Valid Loss     : 0.1544	 | 	Valid Accuracy     : 0.9500

Epoch : 16
Train Loss     : 0.0245	 | 	Train Accuracy     : 0.9917
Valid Loss     : 0.1810	 | 	Valid Accuracy     : 0.9250

Epoch : 17
Train Loss     : 0.0296	 | 	Train Accuracy     : 0.9917
Valid Loss     : 0.1983	 | 	Valid Accuracy     : 0.9250

Epoch : 18
Train Loss     : 0.0142	 | 	Train Accuracy     : 1.0000
Valid Loss     : 0.2089	 | 	Valid Accuracy     : 0.9250

Epoch : 19
Train Loss     : 0.0283	 | 	Train Accuracy     : 0.9833
Valid Loss     : 0.1862	 | 	Valid Accuracy     : 0.9250

Epoch : 20
Train Loss     : 0.0252	 | 	Train Accuracy     : 0.9917
Valid Loss     : 0.1689	 | 	Valid Accuracy     : 0.9250

Epoch : 21
Train Loss     : 0.0707	 | 	Train Accuracy     : 0.9750
Valid Loss     : 0.1428	 | 	Valid Accuracy     : 0.9500

Epoch : 22
Train Loss     : 0.0198	 | 	Train Accuracy     : 1.0000
Valid Loss     : 0.1315	 | 	Valid Accuracy     : 0.9750

Epoch : 23
Train Loss     : 0.0150	 | 	Train Accuracy     : 1.0000
Valid Loss     : 0.1310	 | 	Valid Accuracy     : 0.9750

Epoch : 24
Train Loss     : 0.0200	 | 	Train Accuracy     : 0.9917
Valid Loss     : 0.1300	 | 	Valid Accuracy     : 0.9750

Epoch : 25
Train Loss     : 0.0137	 | 	Train Accuracy     : 1.0000
Valid Loss     : 0.1302	 | 	Valid Accuracy     : 0.9750

Epoch : 26
Train Loss     : 0.0251	 | 	Train Accuracy     : 0.9917
Valid Loss     : 0.1293	 | 	Valid Accuracy     : 0.9750

Epoch : 27
Train Loss     : 0.0307	 | 	Train Accuracy     : 0.9917
Valid Loss     : 0.1298	 | 	Valid Accuracy     : 0.9750

Epoch : 28
Train Loss     : 0.0147	 | 	Train Accuracy     : 0.9917
Valid Loss     : 0.1294	 | 	Valid Accuracy     : 0.9750

Epoch : 29
Train Loss     : 0.0120	 | 	Train Accuracy     : 1.0000
Valid Loss     : 0.1304	 | 	Valid Accuracy     : 0.9750

Epoch : 30
Train Loss     : 0.0068	 | 	Train Accuracy     : 1.0000
Valid Loss     : 0.1317	 | 	Valid Accuracy     : 0.9750

Evaluate on the Test set:
Test loss      :0.1760	 | Test Accuracy      : 0.9875

################## Training is Done! #########################
Training time is : 0:00:23.813987
