=============================================
Dataset: EMG
Method:  °³¹ßÁß...
Mode:    train_linear
=============================================
Data loaded ...
Training started ....

Epoch : 1
Train Loss     : 0.4446	 | 	Train Accuracy     : 0.8583
Valid Loss     : 0.4592	 | 	Valid Accuracy     : 0.9500

Epoch : 2
Train Loss     : 0.1514	 | 	Train Accuracy     : 0.9333
Valid Loss     : 0.2271	 | 	Valid Accuracy     : 0.9500

Epoch : 3
Train Loss     : 0.1306	 | 	Train Accuracy     : 0.9333
Valid Loss     : 0.1123	 | 	Valid Accuracy     : 0.9500

Epoch : 4
Train Loss     : 0.2590	 | 	Train Accuracy     : 0.8917
Valid Loss     : 0.0702	 | 	Valid Accuracy     : 0.9750

Epoch : 5
Train Loss     : 0.1865	 | 	Train Accuracy     : 0.9333
Valid Loss     : 0.0511	 | 	Valid Accuracy     : 0.9750

Epoch : 6
Train Loss     : 0.2027	 | 	Train Accuracy     : 0.9250
Valid Loss     : 0.0493	 | 	Valid Accuracy     : 0.9750

Epoch : 7
Train Loss     : 0.0982	 | 	Train Accuracy     : 0.9750
Valid Loss     : 0.3623	 | 	Valid Accuracy     : 0.9500

Epoch : 8
Train Loss     : 0.3663	 | 	Train Accuracy     : 0.9083
Valid Loss     : 0.4005	 | 	Valid Accuracy     : 0.9500

Epoch : 9
Train Loss     : 0.2116	 | 	Train Accuracy     : 0.9250
Valid Loss     : 0.1498	 | 	Valid Accuracy     : 0.9250

Epoch : 10
Train Loss     : 0.5499	 | 	Train Accuracy     : 0.8583
Valid Loss     : 0.4174	 | 	Valid Accuracy     : 0.9500

Epoch : 11
Train Loss     : 0.3160	 | 	Train Accuracy     : 0.9000
Valid Loss     : 0.2974	 | 	Valid Accuracy     : 0.9500

Epoch : 12
Train Loss     : 0.3302	 | 	Train Accuracy     : 0.9083
Valid Loss     : 0.0954	 | 	Valid Accuracy     : 0.9750

Epoch : 13
Train Loss     : 0.1976	 | 	Train Accuracy     : 0.9250
Valid Loss     : 0.3573	 | 	Valid Accuracy     : 0.9500

Epoch : 14
Train Loss     : 0.1460	 | 	Train Accuracy     : 0.9583
Valid Loss     : 0.2303	 | 	Valid Accuracy     : 0.9500

Epoch : 15
Train Loss     : 0.1207	 | 	Train Accuracy     : 0.9583
Valid Loss     : 0.2015	 | 	Valid Accuracy     : 0.9500

Epoch : 16
Train Loss     : 0.1223	 | 	Train Accuracy     : 0.9750
Valid Loss     : 0.1392	 | 	Valid Accuracy     : 0.9500

Epoch : 17
Train Loss     : 0.1948	 | 	Train Accuracy     : 0.9250
Valid Loss     : 0.3963	 | 	Valid Accuracy     : 0.9500

Epoch : 18
Train Loss     : 0.1398	 | 	Train Accuracy     : 0.9750
Valid Loss     : 0.2608	 | 	Valid Accuracy     : 0.9500

Epoch : 19
Train Loss     : 0.1426	 | 	Train Accuracy     : 0.9250
Valid Loss     : 0.2932	 | 	Valid Accuracy     : 0.9500

Epoch : 20
Train Loss     : 0.0949	 | 	Train Accuracy     : 0.9667
Valid Loss     : 0.2204	 | 	Valid Accuracy     : 0.9500

Epoch : 21
Train Loss     : 0.0960	 | 	Train Accuracy     : 0.9667
Valid Loss     : 0.1828	 | 	Valid Accuracy     : 0.9500

Epoch : 22
Train Loss     : 0.2238	 | 	Train Accuracy     : 0.9500
Valid Loss     : 0.1546	 | 	Valid Accuracy     : 0.9500

Epoch : 23
Train Loss     : 0.1925	 | 	Train Accuracy     : 0.9417
Valid Loss     : 0.0908	 | 	Valid Accuracy     : 0.9500

Epoch : 24
Train Loss     : 0.0925	 | 	Train Accuracy     : 0.9583
Valid Loss     : 0.0938	 | 	Valid Accuracy     : 0.9500

Epoch : 25
Train Loss     : 0.0698	 | 	Train Accuracy     : 0.9750
Valid Loss     : 0.1269	 | 	Valid Accuracy     : 0.9500

Epoch : 26
Train Loss     : 0.1310	 | 	Train Accuracy     : 0.9333
Valid Loss     : 0.1836	 | 	Valid Accuracy     : 0.9500

Epoch : 27
Train Loss     : 0.1479	 | 	Train Accuracy     : 0.9583
Valid Loss     : 0.2260	 | 	Valid Accuracy     : 0.9500

Epoch : 28
Train Loss     : 0.1567	 | 	Train Accuracy     : 0.9667
Valid Loss     : 0.2255	 | 	Valid Accuracy     : 0.9500

Epoch : 29
Train Loss     : 0.1500	 | 	Train Accuracy     : 0.9500
Valid Loss     : 0.1750	 | 	Valid Accuracy     : 0.9500

Epoch : 30
Train Loss     : 0.1567	 | 	Train Accuracy     : 0.9333
Valid Loss     : 0.1758	 | 	Valid Accuracy     : 0.9500

Evaluate on the Test set:
Test loss      :0.1208	 | Test Accuracy      : 0.9792

################## Training is Done! #########################
Training time is : 0:00:31.898785
