=============================================
Dataset: EMG
Method:  °³¹ßÁß...
Mode:    train_linear
=============================================
Data loaded ...
Training started ....

Epoch : 1
Train Loss     : 0.8605	 | 	Train Accuracy     : 0.6000
Valid Loss     : 0.4590	 | 	Valid Accuracy     : 0.8750

Epoch : 2
Train Loss     : 0.5964	 | 	Train Accuracy     : 0.7333
Valid Loss     : 0.3926	 | 	Valid Accuracy     : 0.9500

Epoch : 3
Train Loss     : 0.5089	 | 	Train Accuracy     : 0.8083
Valid Loss     : 0.3963	 | 	Valid Accuracy     : 0.9500

Epoch : 4
Train Loss     : 0.5963	 | 	Train Accuracy     : 0.7417
Valid Loss     : 0.3548	 | 	Valid Accuracy     : 0.9250

Epoch : 5
Train Loss     : 0.4915	 | 	Train Accuracy     : 0.8250
Valid Loss     : 0.4098	 | 	Valid Accuracy     : 0.9500

Epoch : 6
Train Loss     : 0.4689	 | 	Train Accuracy     : 0.8167
Valid Loss     : 0.4266	 | 	Valid Accuracy     : 0.9500

Epoch : 7
Train Loss     : 0.4448	 | 	Train Accuracy     : 0.8500
Valid Loss     : 0.4360	 | 	Valid Accuracy     : 0.9500

Epoch : 8
Train Loss     : 0.4495	 | 	Train Accuracy     : 0.8333
Valid Loss     : 0.3672	 | 	Valid Accuracy     : 0.9500

Epoch : 9
Train Loss     : 0.4799	 | 	Train Accuracy     : 0.8167
Valid Loss     : 0.3519	 | 	Valid Accuracy     : 0.9500

Epoch : 10
Train Loss     : 0.3869	 | 	Train Accuracy     : 0.8250
Valid Loss     : 0.4760	 | 	Valid Accuracy     : 0.9500

Epoch : 11
Train Loss     : 0.4178	 | 	Train Accuracy     : 0.8500
Valid Loss     : 0.3884	 | 	Valid Accuracy     : 0.9500

Epoch : 12
Train Loss     : 0.4703	 | 	Train Accuracy     : 0.8667
Valid Loss     : 0.4266	 | 	Valid Accuracy     : 0.9500

Epoch : 13
Train Loss     : 0.4232	 | 	Train Accuracy     : 0.8417
Valid Loss     : 0.3497	 | 	Valid Accuracy     : 0.9500

Epoch : 14
Train Loss     : 0.4919	 | 	Train Accuracy     : 0.8333
Valid Loss     : 0.3444	 | 	Valid Accuracy     : 0.9500

Epoch : 15
Train Loss     : 0.3407	 | 	Train Accuracy     : 0.8750
Valid Loss     : 0.4425	 | 	Valid Accuracy     : 0.9500

Epoch : 16
Train Loss     : 0.4946	 | 	Train Accuracy     : 0.8750
Valid Loss     : 0.4450	 | 	Valid Accuracy     : 0.9500

Epoch : 17
Train Loss     : 0.4114	 | 	Train Accuracy     : 0.8583
Valid Loss     : 0.3441	 | 	Valid Accuracy     : 0.9500

Epoch : 18
Train Loss     : 0.4674	 | 	Train Accuracy     : 0.8250
Valid Loss     : 0.3610	 | 	Valid Accuracy     : 0.9500

Epoch : 19
Train Loss     : 0.3606	 | 	Train Accuracy     : 0.8333
Valid Loss     : 0.3529	 | 	Valid Accuracy     : 0.9500

Epoch : 20
Train Loss     : 0.3503	 | 	Train Accuracy     : 0.8583
Valid Loss     : 0.3644	 | 	Valid Accuracy     : 0.9500

Epoch : 21
Train Loss     : 0.4415	 | 	Train Accuracy     : 0.8167
Valid Loss     : 0.3387	 | 	Valid Accuracy     : 0.9000

Epoch : 22
Train Loss     : 0.3044	 | 	Train Accuracy     : 0.8917
Valid Loss     : 0.2779	 | 	Valid Accuracy     : 0.9500

Epoch : 23
Train Loss     : 0.5329	 | 	Train Accuracy     : 0.8167
Valid Loss     : 0.3397	 | 	Valid Accuracy     : 0.9500

Epoch : 24
Train Loss     : 0.4100	 | 	Train Accuracy     : 0.8583
Valid Loss     : 0.3205	 | 	Valid Accuracy     : 0.9500

Epoch : 25
Train Loss     : 0.4545	 | 	Train Accuracy     : 0.8000
Valid Loss     : 0.3808	 | 	Valid Accuracy     : 0.9500

Epoch : 26
Train Loss     : 0.3675	 | 	Train Accuracy     : 0.8417
Valid Loss     : 0.3343	 | 	Valid Accuracy     : 0.9500

Epoch : 27
Train Loss     : 0.3674	 | 	Train Accuracy     : 0.8750
Valid Loss     : 0.4704	 | 	Valid Accuracy     : 0.9500

Epoch : 28
Train Loss     : 0.4373	 | 	Train Accuracy     : 0.8583
Valid Loss     : 0.3646	 | 	Valid Accuracy     : 0.9500

Epoch : 29
Train Loss     : 0.4281	 | 	Train Accuracy     : 0.8583
Valid Loss     : 0.2424	 | 	Valid Accuracy     : 0.9500

Epoch : 30
Train Loss     : 0.3642	 | 	Train Accuracy     : 0.8667
Valid Loss     : 0.2812	 | 	Valid Accuracy     : 0.9500

Evaluate on the Test set:
Test loss      :0.2896	 | Test Accuracy      : 0.9318

################## Training is Done! #########################
Training time is : 0:00:29.489763
