=============================================
Dataset: EMG
Method:  °³¹ßÁß...
Mode:    train_linear
=============================================
Data loaded ...
Training started ....

Epoch : 1
Train Loss     : 0.7526	 | 	Train Accuracy     : 0.6417
Valid Loss     : 0.2716	 | 	Valid Accuracy     : 0.8750

Epoch : 2
Train Loss     : 0.2417	 | 	Train Accuracy     : 0.9417
Valid Loss     : 0.2396	 | 	Valid Accuracy     : 0.9000

Epoch : 3
Train Loss     : 0.1216	 | 	Train Accuracy     : 0.9500
Valid Loss     : 0.2525	 | 	Valid Accuracy     : 0.8750

Epoch : 4
Train Loss     : 0.0988	 | 	Train Accuracy     : 0.9750
Valid Loss     : 0.2795	 | 	Valid Accuracy     : 0.8250

Epoch : 5
Train Loss     : 0.0888	 | 	Train Accuracy     : 0.9750
Valid Loss     : 0.2556	 | 	Valid Accuracy     : 0.8500

Epoch : 6
Train Loss     : 0.0868	 | 	Train Accuracy     : 0.9667
Valid Loss     : 0.2109	 | 	Valid Accuracy     : 0.8500

Epoch : 7
Train Loss     : 0.1673	 | 	Train Accuracy     : 0.9417
Valid Loss     : 0.1816	 | 	Valid Accuracy     : 0.9000

Epoch : 8
Train Loss     : 0.0800	 | 	Train Accuracy     : 0.9833
Valid Loss     : 0.1860	 | 	Valid Accuracy     : 0.9000

Epoch : 9
Train Loss     : 0.1075	 | 	Train Accuracy     : 0.9583
Valid Loss     : 0.2085	 | 	Valid Accuracy     : 0.8750

Epoch : 10
Train Loss     : 0.0730	 | 	Train Accuracy     : 0.9750
Valid Loss     : 0.2161	 | 	Valid Accuracy     : 0.9000

Epoch : 11
Train Loss     : 0.0861	 | 	Train Accuracy     : 0.9667
Valid Loss     : 0.2177	 | 	Valid Accuracy     : 0.9250

Epoch : 12
Train Loss     : 0.0301	 | 	Train Accuracy     : 1.0000
Valid Loss     : 0.2172	 | 	Valid Accuracy     : 0.9250

Epoch : 13
Train Loss     : 0.0906	 | 	Train Accuracy     : 0.9667
Valid Loss     : 0.2216	 | 	Valid Accuracy     : 0.9250

Epoch : 14
Train Loss     : 0.0866	 | 	Train Accuracy     : 0.9667
Valid Loss     : 0.1958	 | 	Valid Accuracy     : 0.9250

Epoch : 15
Train Loss     : 0.1196	 | 	Train Accuracy     : 0.9583
Valid Loss     : 0.1820	 | 	Valid Accuracy     : 0.9250

Epoch : 16
Train Loss     : 0.0753	 | 	Train Accuracy     : 0.9667
Valid Loss     : 0.1548	 | 	Valid Accuracy     : 0.9000

Epoch : 17
Train Loss     : 0.0660	 | 	Train Accuracy     : 0.9750
Valid Loss     : 0.1381	 | 	Valid Accuracy     : 0.9000

Epoch : 18
Train Loss     : 0.0459	 | 	Train Accuracy     : 0.9917
Valid Loss     : 0.1475	 | 	Valid Accuracy     : 0.9000

Epoch : 19
Train Loss     : 0.0385	 | 	Train Accuracy     : 0.9917
Valid Loss     : 0.1543	 | 	Valid Accuracy     : 0.9000

Epoch : 20
Train Loss     : 0.0575	 | 	Train Accuracy     : 0.9667
Valid Loss     : 0.1568	 | 	Valid Accuracy     : 0.9000

Epoch : 21
Train Loss     : 0.1130	 | 	Train Accuracy     : 0.9500
Valid Loss     : 0.1376	 | 	Valid Accuracy     : 0.9250

Epoch : 22
Train Loss     : 0.0440	 | 	Train Accuracy     : 0.9833
Valid Loss     : 0.1397	 | 	Valid Accuracy     : 0.9000

Epoch : 23
Train Loss     : 0.0507	 | 	Train Accuracy     : 0.9750
Valid Loss     : 0.1355	 | 	Valid Accuracy     : 0.9000

Epoch : 24
Train Loss     : 0.0459	 | 	Train Accuracy     : 0.9833
Valid Loss     : 0.1521	 | 	Valid Accuracy     : 0.9250

Epoch : 25
Train Loss     : 0.0436	 | 	Train Accuracy     : 0.9917
Valid Loss     : 0.1660	 | 	Valid Accuracy     : 0.9000

Epoch : 26
Train Loss     : 0.1032	 | 	Train Accuracy     : 0.9500
Valid Loss     : 0.1714	 | 	Valid Accuracy     : 0.9000

Epoch : 27
Train Loss     : 0.0582	 | 	Train Accuracy     : 0.9750
Valid Loss     : 0.1686	 | 	Valid Accuracy     : 0.9250

Epoch : 28
Train Loss     : 0.0277	 | 	Train Accuracy     : 0.9917
Valid Loss     : 0.1742	 | 	Valid Accuracy     : 0.9250

Epoch : 29
Train Loss     : 0.0571	 | 	Train Accuracy     : 0.9750
Valid Loss     : 0.1775	 | 	Valid Accuracy     : 0.9250

Epoch : 30
Train Loss     : 0.0390	 | 	Train Accuracy     : 0.9833
Valid Loss     : 0.1750	 | 	Valid Accuracy     : 0.9250

Evaluate on the Test set:
Test loss      :0.1269	 | Test Accuracy      : 0.9750

################## Training is Done! #########################
Training time is : 0:00:24.288817
