=============================================
Dataset: EMG
Method:  °³¹ßÁß...
Mode:    train_linear
=============================================
Data loaded ...
Training started ....

Epoch : 1
Train Loss     : 0.4675	 | 	Train Accuracy     : 0.7768
Valid Loss     : 0.2361	 | 	Valid Accuracy     : 0.8750

Epoch : 2
Train Loss     : 0.1309	 | 	Train Accuracy     : 0.9375
Valid Loss     : 0.1394	 | 	Valid Accuracy     : 0.9375

Epoch : 3
Train Loss     : 0.0399	 | 	Train Accuracy     : 1.0000
Valid Loss     : 0.0521	 | 	Valid Accuracy     : 1.0000

Epoch : 4
Train Loss     : 0.0856	 | 	Train Accuracy     : 0.9643
Valid Loss     : 0.0313	 | 	Valid Accuracy     : 1.0000

Epoch : 5
Train Loss     : 0.0661	 | 	Train Accuracy     : 0.9732
Valid Loss     : 0.0502	 | 	Valid Accuracy     : 0.9688

Epoch : 6
Train Loss     : 0.1157	 | 	Train Accuracy     : 0.9375
Valid Loss     : 0.0879	 | 	Valid Accuracy     : 0.9688

Epoch : 7
Train Loss     : 0.0302	 | 	Train Accuracy     : 0.9911
Valid Loss     : 0.0359	 | 	Valid Accuracy     : 0.9688

Epoch : 8
Train Loss     : 0.0259	 | 	Train Accuracy     : 0.9911
Valid Loss     : 0.0327	 | 	Valid Accuracy     : 0.9688

Epoch : 9
Train Loss     : 0.0200	 | 	Train Accuracy     : 1.0000
Valid Loss     : 0.0449	 | 	Valid Accuracy     : 0.9688

Epoch : 10
Train Loss     : 0.1494	 | 	Train Accuracy     : 0.9554
Valid Loss     : 0.0910	 | 	Valid Accuracy     : 0.9688

Epoch : 11
Train Loss     : 0.0524	 | 	Train Accuracy     : 0.9821
Valid Loss     : 0.1076	 | 	Valid Accuracy     : 0.9688

Epoch : 12
Train Loss     : 0.1159	 | 	Train Accuracy     : 0.9643
Valid Loss     : 0.1200	 | 	Valid Accuracy     : 0.9688

Epoch : 13
Train Loss     : 0.0323	 | 	Train Accuracy     : 0.9911
Valid Loss     : 0.0879	 | 	Valid Accuracy     : 0.9688

Epoch : 14
Train Loss     : 0.0502	 | 	Train Accuracy     : 0.9911
Valid Loss     : 0.0912	 | 	Valid Accuracy     : 0.9375

Epoch : 15
Train Loss     : 0.0204	 | 	Train Accuracy     : 1.0000
Valid Loss     : 0.0718	 | 	Valid Accuracy     : 0.9688

Epoch : 16
Train Loss     : 0.0754	 | 	Train Accuracy     : 0.9643
Valid Loss     : 0.0759	 | 	Valid Accuracy     : 0.9688

Epoch : 17
Train Loss     : 0.0226	 | 	Train Accuracy     : 0.9911
Valid Loss     : 0.0884	 | 	Valid Accuracy     : 0.9688

Epoch : 18
Train Loss     : 0.0254	 | 	Train Accuracy     : 0.9911
Valid Loss     : 0.0727	 | 	Valid Accuracy     : 0.9688

Epoch : 19
Train Loss     : 0.0284	 | 	Train Accuracy     : 0.9911
Valid Loss     : 0.0702	 | 	Valid Accuracy     : 0.9688

Epoch : 20
Train Loss     : 0.0584	 | 	Train Accuracy     : 0.9821
Valid Loss     : 0.0865	 | 	Valid Accuracy     : 0.9688

Epoch : 21
Train Loss     : 0.0571	 | 	Train Accuracy     : 0.9821
Valid Loss     : 0.0798	 | 	Valid Accuracy     : 0.9688

Epoch : 22
Train Loss     : 0.0344	 | 	Train Accuracy     : 0.9821
Valid Loss     : 0.0653	 | 	Valid Accuracy     : 0.9688

Epoch : 23
Train Loss     : 0.1519	 | 	Train Accuracy     : 0.9554
Valid Loss     : 0.0744	 | 	Valid Accuracy     : 0.9688

Epoch : 24
Train Loss     : 0.0417	 | 	Train Accuracy     : 0.9821
Valid Loss     : 0.0566	 | 	Valid Accuracy     : 0.9688

Epoch : 25
Train Loss     : 0.0374	 | 	Train Accuracy     : 0.9821
Valid Loss     : 0.0386	 | 	Valid Accuracy     : 0.9688

Epoch : 26
Train Loss     : 0.0489	 | 	Train Accuracy     : 0.9821
Valid Loss     : 0.0382	 | 	Valid Accuracy     : 0.9688

Epoch : 27
Train Loss     : 0.0774	 | 	Train Accuracy     : 0.9732
Valid Loss     : 0.0732	 | 	Valid Accuracy     : 0.9688

Epoch : 28
Train Loss     : 0.1396	 | 	Train Accuracy     : 0.9554
Valid Loss     : 0.0900	 | 	Valid Accuracy     : 0.9688

Epoch : 29
Train Loss     : 0.0547	 | 	Train Accuracy     : 0.9821
Valid Loss     : 0.0839	 | 	Valid Accuracy     : 0.9688

Epoch : 30
Train Loss     : 0.1099	 | 	Train Accuracy     : 0.9464
Valid Loss     : 0.0580	 | 	Valid Accuracy     : 0.9688

Evaluate on the Test set:
Test loss      :0.1467	 | Test Accuracy      : 0.9792

################## Training is Done! #########################
Training time is : 0:00:23.392503
