=============================================
Dataset: EMG
Method:  °³¹ßÁß...
Mode:    train_linear
=============================================
Data loaded ...
Training started ....

Epoch : 1
Train Loss     : 0.4393	 | 	Train Accuracy     : 0.8393
Valid Loss     : 0.4404	 | 	Valid Accuracy     : 0.8438

Epoch : 2
Train Loss     : 0.1669	 | 	Train Accuracy     : 0.9375
Valid Loss     : 0.2982	 | 	Valid Accuracy     : 0.8125

Epoch : 3
Train Loss     : 0.0573	 | 	Train Accuracy     : 0.9821
Valid Loss     : 0.0883	 | 	Valid Accuracy     : 0.9688

Epoch : 4
Train Loss     : 0.0939	 | 	Train Accuracy     : 0.9554
Valid Loss     : 0.0479	 | 	Valid Accuracy     : 1.0000

Epoch : 5
Train Loss     : 0.0805	 | 	Train Accuracy     : 0.9554
Valid Loss     : 0.0515	 | 	Valid Accuracy     : 1.0000

Epoch : 6
Train Loss     : 0.1408	 | 	Train Accuracy     : 0.9464
Valid Loss     : 0.1062	 | 	Valid Accuracy     : 0.9688

Epoch : 7
Train Loss     : 0.0570	 | 	Train Accuracy     : 0.9732
Valid Loss     : 0.0741	 | 	Valid Accuracy     : 0.9688

Epoch : 8
Train Loss     : 0.0418	 | 	Train Accuracy     : 0.9821
Valid Loss     : 0.0654	 | 	Valid Accuracy     : 0.9375

Epoch : 9
Train Loss     : 0.0531	 | 	Train Accuracy     : 0.9732
Valid Loss     : 0.0568	 | 	Valid Accuracy     : 0.9688

Epoch : 10
Train Loss     : 0.1438	 | 	Train Accuracy     : 0.9464
Valid Loss     : 0.0708	 | 	Valid Accuracy     : 0.9688

Epoch : 11
Train Loss     : 0.0469	 | 	Train Accuracy     : 0.9911
Valid Loss     : 0.0681	 | 	Valid Accuracy     : 0.9688

Epoch : 12
Train Loss     : 0.1076	 | 	Train Accuracy     : 0.9554
Valid Loss     : 0.2285	 | 	Valid Accuracy     : 0.9688

Epoch : 13
Train Loss     : 0.0400	 | 	Train Accuracy     : 0.9911
Valid Loss     : 0.1619	 | 	Valid Accuracy     : 0.9062

Epoch : 14
Train Loss     : 0.0664	 | 	Train Accuracy     : 0.9821
Valid Loss     : 0.1155	 | 	Valid Accuracy     : 0.9375

Epoch : 15
Train Loss     : 0.0129	 | 	Train Accuracy     : 1.0000
Valid Loss     : 0.1044	 | 	Valid Accuracy     : 0.9375

Epoch : 16
Train Loss     : 0.0972	 | 	Train Accuracy     : 0.9643
Valid Loss     : 0.0926	 | 	Valid Accuracy     : 0.9375

Epoch : 17
Train Loss     : 0.0282	 | 	Train Accuracy     : 0.9821
Valid Loss     : 0.1035	 | 	Valid Accuracy     : 0.9375

Epoch : 18
Train Loss     : 0.0231	 | 	Train Accuracy     : 1.0000
Valid Loss     : 0.0773	 | 	Valid Accuracy     : 0.9688

Epoch : 19
Train Loss     : 0.0743	 | 	Train Accuracy     : 0.9732
Valid Loss     : 0.0572	 | 	Valid Accuracy     : 0.9688

Epoch : 20
Train Loss     : 0.0879	 | 	Train Accuracy     : 0.9643
Valid Loss     : 0.0795	 | 	Valid Accuracy     : 0.9688

Epoch : 21
Train Loss     : 0.0375	 | 	Train Accuracy     : 0.9911
Valid Loss     : 0.0644	 | 	Valid Accuracy     : 0.9688

Epoch : 22
Train Loss     : 0.0512	 | 	Train Accuracy     : 0.9821
Valid Loss     : 0.0560	 | 	Valid Accuracy     : 0.9688

Epoch : 23
Train Loss     : 0.2214	 | 	Train Accuracy     : 0.9554
Valid Loss     : 0.0691	 | 	Valid Accuracy     : 0.9688

Epoch : 24
Train Loss     : 0.0458	 | 	Train Accuracy     : 0.9911
Valid Loss     : 0.0417	 | 	Valid Accuracy     : 1.0000

Epoch : 25
Train Loss     : 0.0322	 | 	Train Accuracy     : 0.9821
Valid Loss     : 0.0347	 | 	Valid Accuracy     : 1.0000

Epoch : 26
Train Loss     : 0.0824	 | 	Train Accuracy     : 0.9821
Valid Loss     : 0.0373	 | 	Valid Accuracy     : 1.0000

Epoch : 27
Train Loss     : 0.0973	 | 	Train Accuracy     : 0.9643
Valid Loss     : 0.0686	 | 	Valid Accuracy     : 0.9688

Epoch : 28
Train Loss     : 0.1569	 | 	Train Accuracy     : 0.9375
Valid Loss     : 0.0862	 | 	Valid Accuracy     : 0.9688

Epoch : 29
Train Loss     : 0.0540	 | 	Train Accuracy     : 0.9821
Valid Loss     : 0.0794	 | 	Valid Accuracy     : 0.9688

Epoch : 30
Train Loss     : 0.1807	 | 	Train Accuracy     : 0.9375
Valid Loss     : 0.0586	 | 	Valid Accuracy     : 0.9688

Evaluate on the Test set:
Test loss      :0.1626	 | Test Accuracy      : 0.9458

################## Training is Done! #########################
Training time is : 0:00:22.822775
