=============================================
Dataset: EMG
Method:  °³¹ßÁß...
Mode:    train_linear
=============================================
Data loaded ...
Training started ....

Epoch : 1
Train Loss     : 1.1332	 | 	Train Accuracy     : 0.3833
Valid Loss     : 1.0809	 | 	Valid Accuracy     : 0.4250

Epoch : 2
Train Loss     : 1.0052	 | 	Train Accuracy     : 0.5333
Valid Loss     : 0.9429	 | 	Valid Accuracy     : 0.5000

Epoch : 3
Train Loss     : 0.8884	 | 	Train Accuracy     : 0.6250
Valid Loss     : 0.8448	 | 	Valid Accuracy     : 0.6250

Epoch : 4
Train Loss     : 0.8073	 | 	Train Accuracy     : 0.6833
Valid Loss     : 0.7659	 | 	Valid Accuracy     : 0.6750

Epoch : 5
Train Loss     : 0.7263	 | 	Train Accuracy     : 0.7083
Valid Loss     : 0.6986	 | 	Valid Accuracy     : 0.7750

Epoch : 6
Train Loss     : 0.6624	 | 	Train Accuracy     : 0.7333
Valid Loss     : 0.6400	 | 	Valid Accuracy     : 0.8500

Epoch : 7
Train Loss     : 0.5884	 | 	Train Accuracy     : 0.8250
Valid Loss     : 0.5919	 | 	Valid Accuracy     : 0.8500

Epoch : 8
Train Loss     : 0.5348	 | 	Train Accuracy     : 0.8833
Valid Loss     : 0.5539	 | 	Valid Accuracy     : 0.8750

Epoch : 9
Train Loss     : 0.4863	 | 	Train Accuracy     : 0.8833
Valid Loss     : 0.5213	 | 	Valid Accuracy     : 0.8750

Epoch : 10
Train Loss     : 0.4597	 | 	Train Accuracy     : 0.9250
Valid Loss     : 0.4887	 | 	Valid Accuracy     : 0.9000

Epoch : 11
Train Loss     : 0.3936	 | 	Train Accuracy     : 0.9500
Valid Loss     : 0.4628	 | 	Valid Accuracy     : 0.8750

Epoch : 12
Train Loss     : 0.3814	 | 	Train Accuracy     : 0.9083
Valid Loss     : 0.4369	 | 	Valid Accuracy     : 0.8750

Epoch : 13
Train Loss     : 0.3473	 | 	Train Accuracy     : 0.9583
Valid Loss     : 0.4123	 | 	Valid Accuracy     : 0.8750

Epoch : 14
Train Loss     : 0.3255	 | 	Train Accuracy     : 0.9583
Valid Loss     : 0.3884	 | 	Valid Accuracy     : 0.8750

Epoch : 15
Train Loss     : 0.3121	 | 	Train Accuracy     : 0.9417
Valid Loss     : 0.3666	 | 	Valid Accuracy     : 0.8750

Epoch : 16
Train Loss     : 0.2882	 | 	Train Accuracy     : 0.9667
Valid Loss     : 0.3483	 | 	Valid Accuracy     : 0.8750

Epoch : 17
Train Loss     : 0.2670	 | 	Train Accuracy     : 0.9833
Valid Loss     : 0.3347	 | 	Valid Accuracy     : 0.8750

Epoch : 18
Train Loss     : 0.2734	 | 	Train Accuracy     : 0.9417
Valid Loss     : 0.3215	 | 	Valid Accuracy     : 0.8750

Epoch : 19
Train Loss     : 0.2601	 | 	Train Accuracy     : 0.9583
Valid Loss     : 0.3083	 | 	Valid Accuracy     : 0.8750

Epoch : 20
Train Loss     : 0.2313	 | 	Train Accuracy     : 0.9833
Valid Loss     : 0.2981	 | 	Valid Accuracy     : 0.8750

Epoch : 21
Train Loss     : 0.2185	 | 	Train Accuracy     : 0.9833
Valid Loss     : 0.2898	 | 	Valid Accuracy     : 0.9000

Epoch : 22
Train Loss     : 0.2243	 | 	Train Accuracy     : 0.9833
Valid Loss     : 0.2823	 | 	Valid Accuracy     : 0.9000

Epoch : 23
Train Loss     : 0.2118	 | 	Train Accuracy     : 0.9667
Valid Loss     : 0.2730	 | 	Valid Accuracy     : 0.9000

Epoch : 24
Train Loss     : 0.1826	 | 	Train Accuracy     : 1.0000
Valid Loss     : 0.2660	 | 	Valid Accuracy     : 0.9000

Epoch : 25
Train Loss     : 0.2190	 | 	Train Accuracy     : 0.9500
Valid Loss     : 0.2565	 | 	Valid Accuracy     : 0.9250

Epoch : 26
Train Loss     : 0.1760	 | 	Train Accuracy     : 0.9917
Valid Loss     : 0.2540	 | 	Valid Accuracy     : 0.9000

Epoch : 27
Train Loss     : 0.1670	 | 	Train Accuracy     : 0.9833
Valid Loss     : 0.2495	 | 	Valid Accuracy     : 0.9000

Epoch : 28
Train Loss     : 0.1720	 | 	Train Accuracy     : 0.9667
Valid Loss     : 0.2458	 | 	Valid Accuracy     : 0.9000

Epoch : 29
Train Loss     : 0.1719	 | 	Train Accuracy     : 0.9833
Valid Loss     : 0.2381	 | 	Valid Accuracy     : 0.9250

Epoch : 30
Train Loss     : 0.1675	 | 	Train Accuracy     : 0.9833
Valid Loss     : 0.2335	 | 	Valid Accuracy     : 0.9250

Evaluate on the Test set:
Test loss      :0.2578	 | Test Accuracy      : 0.9250

################## Training is Done! #########################
Training time is : 0:00:23.223548
