=============================================
Dataset: EMG
Method:  °³¹ßÁß...
Mode:    train_linear
=============================================
Data loaded ...
Training started ....

Epoch : 1
Train Loss     : 0.5518	 | 	Train Accuracy     : 0.7321
Valid Loss     : 0.1920	 | 	Valid Accuracy     : 0.9688

Epoch : 2
Train Loss     : 0.1939	 | 	Train Accuracy     : 0.9196
Valid Loss     : 0.2078	 | 	Valid Accuracy     : 0.9062

Epoch : 3
Train Loss     : 0.0667	 | 	Train Accuracy     : 0.9732
Valid Loss     : 0.1461	 | 	Valid Accuracy     : 0.9688

Epoch : 4
Train Loss     : 0.1369	 | 	Train Accuracy     : 0.9464
Valid Loss     : 0.0643	 | 	Valid Accuracy     : 0.9688

Epoch : 5
Train Loss     : 0.0836	 | 	Train Accuracy     : 0.9554
Valid Loss     : 0.0542	 | 	Valid Accuracy     : 1.0000

Epoch : 6
Train Loss     : 0.0871	 | 	Train Accuracy     : 0.9554
Valid Loss     : 0.0675	 | 	Valid Accuracy     : 0.9688

Epoch : 7
Train Loss     : 0.0577	 | 	Train Accuracy     : 0.9821
Valid Loss     : 0.0621	 | 	Valid Accuracy     : 0.9688

Epoch : 8
Train Loss     : 0.0444	 | 	Train Accuracy     : 0.9911
Valid Loss     : 0.0598	 | 	Valid Accuracy     : 0.9688

Epoch : 9
Train Loss     : 0.0616	 | 	Train Accuracy     : 0.9732
Valid Loss     : 0.0387	 | 	Valid Accuracy     : 1.0000

Epoch : 10
Train Loss     : 0.0954	 | 	Train Accuracy     : 0.9464
Valid Loss     : 0.0433	 | 	Valid Accuracy     : 1.0000

Epoch : 11
Train Loss     : 0.0599	 | 	Train Accuracy     : 0.9643
Valid Loss     : 0.0513	 | 	Valid Accuracy     : 0.9688

Epoch : 12
Train Loss     : 0.1124	 | 	Train Accuracy     : 0.9643
Valid Loss     : 0.0570	 | 	Valid Accuracy     : 0.9688

Epoch : 13
Train Loss     : 0.0331	 | 	Train Accuracy     : 0.9911
Valid Loss     : 0.0520	 | 	Valid Accuracy     : 0.9688

Epoch : 14
Train Loss     : 0.0857	 | 	Train Accuracy     : 0.9821
Valid Loss     : 0.0575	 | 	Valid Accuracy     : 0.9688

Epoch : 15
Train Loss     : 0.0196	 | 	Train Accuracy     : 1.0000
Valid Loss     : 0.0535	 | 	Valid Accuracy     : 0.9688

Epoch : 16
Train Loss     : 0.1035	 | 	Train Accuracy     : 0.9732
Valid Loss     : 0.0389	 | 	Valid Accuracy     : 1.0000

Epoch : 17
Train Loss     : 0.0230	 | 	Train Accuracy     : 0.9911
Valid Loss     : 0.0489	 | 	Valid Accuracy     : 0.9688

Epoch : 18
Train Loss     : 0.0442	 | 	Train Accuracy     : 0.9732
Valid Loss     : 0.0381	 | 	Valid Accuracy     : 1.0000

Epoch : 19
Train Loss     : 0.0363	 | 	Train Accuracy     : 0.9821
Valid Loss     : 0.1089	 | 	Valid Accuracy     : 0.9688

Epoch : 20
Train Loss     : 0.0980	 | 	Train Accuracy     : 0.9554
Valid Loss     : 0.0872	 | 	Valid Accuracy     : 0.9688

Epoch : 21
Train Loss     : 0.0299	 | 	Train Accuracy     : 1.0000
Valid Loss     : 0.0494	 | 	Valid Accuracy     : 0.9688

Epoch : 22
Train Loss     : 0.0937	 | 	Train Accuracy     : 0.9554
Valid Loss     : 0.0632	 | 	Valid Accuracy     : 0.9688

Epoch : 23
Train Loss     : 0.2045	 | 	Train Accuracy     : 0.9643
Valid Loss     : 0.0419	 | 	Valid Accuracy     : 1.0000

Epoch : 24
Train Loss     : 0.0462	 | 	Train Accuracy     : 0.9732
Valid Loss     : 0.0331	 | 	Valid Accuracy     : 1.0000

Epoch : 25
Train Loss     : 0.0612	 | 	Train Accuracy     : 0.9643
Valid Loss     : 0.0235	 | 	Valid Accuracy     : 1.0000

Epoch : 26
Train Loss     : 0.1009	 | 	Train Accuracy     : 0.9643
Valid Loss     : 0.0578	 | 	Valid Accuracy     : 0.9688

Epoch : 27
Train Loss     : 0.1411	 | 	Train Accuracy     : 0.9286
Valid Loss     : 0.0718	 | 	Valid Accuracy     : 0.9688

Epoch : 28
Train Loss     : 0.1072	 | 	Train Accuracy     : 0.9643
Valid Loss     : 0.0431	 | 	Valid Accuracy     : 0.9688

Epoch : 29
Train Loss     : 0.0398	 | 	Train Accuracy     : 0.9911
Valid Loss     : 0.0358	 | 	Valid Accuracy     : 1.0000

Epoch : 30
Train Loss     : 0.2252	 | 	Train Accuracy     : 0.9375
Valid Loss     : 0.0391	 | 	Valid Accuracy     : 1.0000

Epoch : 31
Train Loss     : 0.1261	 | 	Train Accuracy     : 0.9464
Valid Loss     : 0.1093	 | 	Valid Accuracy     : 0.9375

Epoch : 32
Train Loss     : 0.0490	 | 	Train Accuracy     : 0.9821
Valid Loss     : 0.0497	 | 	Valid Accuracy     : 0.9688

Epoch : 33
Train Loss     : 0.0243	 | 	Train Accuracy     : 0.9911
Valid Loss     : 0.0457	 | 	Valid Accuracy     : 0.9688

Epoch : 34
Train Loss     : 0.0772	 | 	Train Accuracy     : 0.9911
Valid Loss     : 0.0613	 | 	Valid Accuracy     : 0.9688

Epoch : 35
Train Loss     : 0.1977	 | 	Train Accuracy     : 0.9286
Valid Loss     : 0.0850	 | 	Valid Accuracy     : 0.9688

Epoch : 36
Train Loss     : 0.1081	 | 	Train Accuracy     : 0.9643
Valid Loss     : 0.0291	 | 	Valid Accuracy     : 1.0000

Epoch : 37
Train Loss     : 0.0789	 | 	Train Accuracy     : 0.9464
Valid Loss     : 0.0258	 | 	Valid Accuracy     : 1.0000

Epoch : 38
Train Loss     : 0.0489	 | 	Train Accuracy     : 0.9732
Valid Loss     : 0.0172	 | 	Valid Accuracy     : 1.0000

Epoch : 39
Train Loss     : 0.0422	 | 	Train Accuracy     : 0.9732
Valid Loss     : 0.0155	 | 	Valid Accuracy     : 1.0000

Epoch : 40
Train Loss     : 0.1146	 | 	Train Accuracy     : 0.9554
Valid Loss     : 0.0167	 | 	Valid Accuracy     : 1.0000

Evaluate on the Test set:
Test loss      :0.1794	 | Test Accuracy      : 0.9792

################## Training is Done! #########################
Training time is : 0:00:27.917543
