=============================================
Dataset: EMG
Method:  °³¹ßÁß...
Mode:    train_linear
=============================================
Data loaded ...
Training started ....

Epoch : 1
Train Loss     : 0.7950	 | 	Train Accuracy     : 0.6667
Valid Loss     : 0.4608	 | 	Valid Accuracy     : 0.9000

Epoch : 2
Train Loss     : 0.5846	 | 	Train Accuracy     : 0.7667
Valid Loss     : 0.3964	 | 	Valid Accuracy     : 0.8750

Epoch : 3
Train Loss     : 0.4816	 | 	Train Accuracy     : 0.8333
Valid Loss     : 0.3985	 | 	Valid Accuracy     : 0.9000

Epoch : 4
Train Loss     : 0.4235	 | 	Train Accuracy     : 0.8583
Valid Loss     : 0.3748	 | 	Valid Accuracy     : 0.9000

Epoch : 5
Train Loss     : 0.3868	 | 	Train Accuracy     : 0.8833
Valid Loss     : 0.3569	 | 	Valid Accuracy     : 0.9000

Epoch : 6
Train Loss     : 0.4213	 | 	Train Accuracy     : 0.8583
Valid Loss     : 0.3281	 | 	Valid Accuracy     : 0.8750

Epoch : 7
Train Loss     : 0.4995	 | 	Train Accuracy     : 0.8000
Valid Loss     : 0.3411	 | 	Valid Accuracy     : 0.9250

Epoch : 8
Train Loss     : 0.3684	 | 	Train Accuracy     : 0.8750
Valid Loss     : 0.3458	 | 	Valid Accuracy     : 0.9250

Epoch : 9
Train Loss     : 0.3227	 | 	Train Accuracy     : 0.8667
Valid Loss     : 0.3675	 | 	Valid Accuracy     : 0.9500

Epoch : 10
Train Loss     : 0.3668	 | 	Train Accuracy     : 0.8250
Valid Loss     : 0.3515	 | 	Valid Accuracy     : 0.9000

Epoch : 11
Train Loss     : 0.3880	 | 	Train Accuracy     : 0.8917
Valid Loss     : 0.3376	 | 	Valid Accuracy     : 0.9250

Epoch : 12
Train Loss     : 0.3823	 | 	Train Accuracy     : 0.8500
Valid Loss     : 0.3570	 | 	Valid Accuracy     : 0.9000

Epoch : 13
Train Loss     : 0.4772	 | 	Train Accuracy     : 0.8250
Valid Loss     : 0.3050	 | 	Valid Accuracy     : 0.9500

Epoch : 14
Train Loss     : 0.3895	 | 	Train Accuracy     : 0.8583
Valid Loss     : 0.2823	 | 	Valid Accuracy     : 0.9250

Epoch : 15
Train Loss     : 0.3516	 | 	Train Accuracy     : 0.8417
Valid Loss     : 0.3077	 | 	Valid Accuracy     : 0.9250

Epoch : 16
Train Loss     : 0.4872	 | 	Train Accuracy     : 0.8250
Valid Loss     : 0.3183	 | 	Valid Accuracy     : 0.9500

Epoch : 17
Train Loss     : 0.3604	 | 	Train Accuracy     : 0.8500
Valid Loss     : 0.2816	 | 	Valid Accuracy     : 0.8750

Epoch : 18
Train Loss     : 0.2964	 | 	Train Accuracy     : 0.9000
Valid Loss     : 0.2979	 | 	Valid Accuracy     : 0.9000

Epoch : 19
Train Loss     : 0.3319	 | 	Train Accuracy     : 0.8667
Valid Loss     : 0.3039	 | 	Valid Accuracy     : 0.9000

Epoch : 20
Train Loss     : 0.4408	 | 	Train Accuracy     : 0.8250
Valid Loss     : 0.2976	 | 	Valid Accuracy     : 0.9000

Epoch : 21
Train Loss     : 0.4148	 | 	Train Accuracy     : 0.8417
Valid Loss     : 0.2924	 | 	Valid Accuracy     : 0.9000

Epoch : 22
Train Loss     : 0.5343	 | 	Train Accuracy     : 0.8250
Valid Loss     : 0.3923	 | 	Valid Accuracy     : 0.9500

Epoch : 23
Train Loss     : 0.3687	 | 	Train Accuracy     : 0.8667
Valid Loss     : 0.3090	 | 	Valid Accuracy     : 0.9500

Epoch : 24
Train Loss     : 0.5444	 | 	Train Accuracy     : 0.8083
Valid Loss     : 0.3503	 | 	Valid Accuracy     : 0.9500

Epoch : 25
Train Loss     : 0.3940	 | 	Train Accuracy     : 0.8333
Valid Loss     : 0.2932	 | 	Valid Accuracy     : 0.9500

Epoch : 26
Train Loss     : 0.4781	 | 	Train Accuracy     : 0.7833
Valid Loss     : 0.2965	 | 	Valid Accuracy     : 0.9500

Epoch : 27
Train Loss     : 0.3557	 | 	Train Accuracy     : 0.8583
Valid Loss     : 0.2725	 | 	Valid Accuracy     : 0.9500

Epoch : 28
Train Loss     : 0.5879	 | 	Train Accuracy     : 0.7917
Valid Loss     : 0.4645	 | 	Valid Accuracy     : 0.9500

Epoch : 29
Train Loss     : 0.5676	 | 	Train Accuracy     : 0.7917
Valid Loss     : 0.3340	 | 	Valid Accuracy     : 0.9500

Epoch : 30
Train Loss     : 0.4033	 | 	Train Accuracy     : 0.8833
Valid Loss     : 0.2752	 | 	Valid Accuracy     : 0.9250

Evaluate on the Test set:
Test loss      :0.3000	 | Test Accuracy      : 0.9545

################## Training is Done! #########################
Training time is : 0:00:30.902505
