=============================================
Dataset: EMG
Method:  °³¹ßÁß...
Mode:    supervised
=============================================
Data loaded ...
Training started ....

Epoch : 1
Train Loss     : 0.3658	 | 	Train Accuracy     : 0.9167
Valid Loss     : 0.1339	 | 	Valid Accuracy     : 1.0000

Epoch : 2
Train Loss     : 0.1197	 | 	Train Accuracy     : 0.9667
Valid Loss     : 0.0525	 | 	Valid Accuracy     : 0.9750

Epoch : 3
Train Loss     : 0.1175	 | 	Train Accuracy     : 0.9667
Valid Loss     : 0.0927	 | 	Valid Accuracy     : 0.9750

Epoch : 4
Train Loss     : 0.1316	 | 	Train Accuracy     : 0.9667
Valid Loss     : 0.0236	 | 	Valid Accuracy     : 0.9750

Epoch : 5
Train Loss     : 0.0732	 | 	Train Accuracy     : 0.9667
Valid Loss     : 0.0453	 | 	Valid Accuracy     : 0.9750

Epoch : 6
Train Loss     : 0.0261	 | 	Train Accuracy     : 0.9833
Valid Loss     : 0.0150	 | 	Valid Accuracy     : 1.0000

Epoch : 7
Train Loss     : 0.0208	 | 	Train Accuracy     : 1.0000
Valid Loss     : 0.0066	 | 	Valid Accuracy     : 1.0000

Epoch : 8
Train Loss     : 0.0581	 | 	Train Accuracy     : 0.9750
Valid Loss     : 0.2130	 | 	Valid Accuracy     : 0.9500

Epoch : 9
Train Loss     : 0.0863	 | 	Train Accuracy     : 0.9583
Valid Loss     : 0.6068	 | 	Valid Accuracy     : 0.7000

Epoch : 10
Train Loss     : 0.1545	 | 	Train Accuracy     : 0.9417
Valid Loss     : 0.0361	 | 	Valid Accuracy     : 0.9750

Epoch : 11
Train Loss     : 0.0553	 | 	Train Accuracy     : 0.9750
Valid Loss     : 0.0817	 | 	Valid Accuracy     : 0.9750

Epoch : 12
Train Loss     : 0.0167	 | 	Train Accuracy     : 1.0000
Valid Loss     : 0.0045	 | 	Valid Accuracy     : 1.0000

Epoch : 13
Train Loss     : 0.0052	 | 	Train Accuracy     : 1.0000
Valid Loss     : 0.0015	 | 	Valid Accuracy     : 1.0000

Epoch : 14
Train Loss     : 0.0055	 | 	Train Accuracy     : 1.0000
Valid Loss     : 0.0016	 | 	Valid Accuracy     : 1.0000

Epoch : 15
Train Loss     : 0.0064	 | 	Train Accuracy     : 1.0000
Valid Loss     : 0.0032	 | 	Valid Accuracy     : 1.0000

Epoch : 16
Train Loss     : 0.0063	 | 	Train Accuracy     : 1.0000
Valid Loss     : 0.0010	 | 	Valid Accuracy     : 1.0000

Epoch : 17
Train Loss     : 0.0013	 | 	Train Accuracy     : 1.0000
Valid Loss     : 0.0017	 | 	Valid Accuracy     : 1.0000

Epoch : 18
Train Loss     : 0.0028	 | 	Train Accuracy     : 1.0000
Valid Loss     : 0.0089	 | 	Valid Accuracy     : 1.0000

Epoch : 19
Train Loss     : 0.0432	 | 	Train Accuracy     : 0.9833
Valid Loss     : 0.1437	 | 	Valid Accuracy     : 0.9250

Epoch : 20
Train Loss     : 0.0348	 | 	Train Accuracy     : 0.9917
Valid Loss     : 0.0841	 | 	Valid Accuracy     : 0.9750

Epoch : 21
Train Loss     : 0.1085	 | 	Train Accuracy     : 0.9750
Valid Loss     : 0.3193	 | 	Valid Accuracy     : 0.9500

Epoch : 22
Train Loss     : 0.0967	 | 	Train Accuracy     : 0.9667
Valid Loss     : 0.0152	 | 	Valid Accuracy     : 1.0000

Epoch : 23
Train Loss     : 0.0194	 | 	Train Accuracy     : 0.9917
Valid Loss     : 0.0087	 | 	Valid Accuracy     : 1.0000

Epoch : 24
Train Loss     : 0.0094	 | 	Train Accuracy     : 1.0000
Valid Loss     : 0.0048	 | 	Valid Accuracy     : 1.0000

Epoch : 25
Train Loss     : 0.0029	 | 	Train Accuracy     : 1.0000
Valid Loss     : 0.0041	 | 	Valid Accuracy     : 1.0000

Epoch : 26
Train Loss     : 0.0038	 | 	Train Accuracy     : 1.0000
Valid Loss     : 0.0029	 | 	Valid Accuracy     : 1.0000

Epoch : 27
Train Loss     : 0.0016	 | 	Train Accuracy     : 1.0000
Valid Loss     : 0.0032	 | 	Valid Accuracy     : 1.0000

Epoch : 28
Train Loss     : 0.0072	 | 	Train Accuracy     : 1.0000
Valid Loss     : 0.0024	 | 	Valid Accuracy     : 1.0000

Epoch : 29
Train Loss     : 0.0024	 | 	Train Accuracy     : 1.0000
Valid Loss     : 0.0033	 | 	Valid Accuracy     : 1.0000

Epoch : 30
Train Loss     : 0.0035	 | 	Train Accuracy     : 1.0000
Valid Loss     : 0.0041	 | 	Valid Accuracy     : 1.0000

Evaluate on the Test set:
Test loss      :0.1179	 | Test Accuracy      : 0.9792

################## Training is Done! #########################
Training time is : 0:00:56.929661
