=============================================
Dataset: EMG
Method:  °³¹ßÁß...
Mode:    supervised
=============================================
Data loaded ...
Training started ....

Epoch : 1
Train Loss     : 0.4341	 | 	Train Accuracy     : 0.7700
Valid Loss     : 979.0959	 | 	Valid Accuracy     : 0.0800

Epoch : 2
Train Loss     : 0.9689	 | 	Train Accuracy     : 0.8200
Valid Loss     : 6126.7280	 | 	Valid Accuracy     : 0.3200

Epoch : 3
Train Loss     : 0.1939	 | 	Train Accuracy     : 0.9500
Valid Loss     : 716.0584	 | 	Valid Accuracy     : 0.3200

Epoch : 4
Train Loss     : 0.3602	 | 	Train Accuracy     : 0.8800
Valid Loss     : 1523.1902	 | 	Valid Accuracy     : 0.3200

Epoch : 5
Train Loss     : 0.3511	 | 	Train Accuracy     : 0.8800
Valid Loss     : 17.5352	 | 	Valid Accuracy     : 0.5600

Epoch : 6
Train Loss     : 0.1038	 | 	Train Accuracy     : 0.9700
Valid Loss     : 0.2708	 | 	Valid Accuracy     : 0.8800

Epoch : 7
Train Loss     : 0.0645	 | 	Train Accuracy     : 0.9900
Valid Loss     : 1.8812	 | 	Valid Accuracy     : 0.6400

Epoch : 8
Train Loss     : 0.0655	 | 	Train Accuracy     : 0.9800
Valid Loss     : 0.8280	 | 	Valid Accuracy     : 0.7200

Epoch : 9
Train Loss     : 0.1445	 | 	Train Accuracy     : 0.9800
Valid Loss     : 0.1459	 | 	Valid Accuracy     : 0.9200

Epoch : 10
Train Loss     : 0.0475	 | 	Train Accuracy     : 0.9800
Valid Loss     : 0.3086	 | 	Valid Accuracy     : 0.8400

Epoch : 11
Train Loss     : 0.0242	 | 	Train Accuracy     : 0.9900
Valid Loss     : 0.5198	 | 	Valid Accuracy     : 0.7600

Epoch : 12
Train Loss     : 0.0282	 | 	Train Accuracy     : 0.9900
Valid Loss     : 0.5304	 | 	Valid Accuracy     : 0.8000

Epoch : 13
Train Loss     : 0.0171	 | 	Train Accuracy     : 1.0000
Valid Loss     : 0.3273	 | 	Valid Accuracy     : 0.8400

Epoch : 14
Train Loss     : 0.0124	 | 	Train Accuracy     : 1.0000
Valid Loss     : 0.0390	 | 	Valid Accuracy     : 1.0000

Epoch : 15
Train Loss     : 0.0449	 | 	Train Accuracy     : 0.9800
Valid Loss     : 0.0029	 | 	Valid Accuracy     : 1.0000

Epoch : 16
Train Loss     : 0.0048	 | 	Train Accuracy     : 1.0000
Valid Loss     : 0.0036	 | 	Valid Accuracy     : 1.0000

Epoch : 17
Train Loss     : 0.0036	 | 	Train Accuracy     : 1.0000
Valid Loss     : 0.0043	 | 	Valid Accuracy     : 1.0000

Epoch : 18
Train Loss     : 0.0108	 | 	Train Accuracy     : 1.0000
Valid Loss     : 0.0039	 | 	Valid Accuracy     : 1.0000

Epoch : 19
Train Loss     : 0.0076	 | 	Train Accuracy     : 1.0000
Valid Loss     : 0.0020	 | 	Valid Accuracy     : 1.0000

Epoch : 20
Train Loss     : 0.0023	 | 	Train Accuracy     : 1.0000
Valid Loss     : 0.0010	 | 	Valid Accuracy     : 1.0000

Epoch : 21
Train Loss     : 0.0041	 | 	Train Accuracy     : 1.0000
Valid Loss     : 0.0006	 | 	Valid Accuracy     : 1.0000

Epoch : 22
Train Loss     : 0.0012	 | 	Train Accuracy     : 1.0000
Valid Loss     : 0.0005	 | 	Valid Accuracy     : 1.0000

Epoch : 23
Train Loss     : 0.0010	 | 	Train Accuracy     : 1.0000
Valid Loss     : 0.0005	 | 	Valid Accuracy     : 1.0000

Epoch : 24
Train Loss     : 0.0014	 | 	Train Accuracy     : 1.0000
Valid Loss     : 0.0005	 | 	Valid Accuracy     : 1.0000

Epoch : 25
Train Loss     : 0.0004	 | 	Train Accuracy     : 1.0000
Valid Loss     : 0.0006	 | 	Valid Accuracy     : 1.0000

Epoch : 26
Train Loss     : 0.0007	 | 	Train Accuracy     : 1.0000
Valid Loss     : 0.0012	 | 	Valid Accuracy     : 1.0000

Epoch : 27
Train Loss     : 0.0008	 | 	Train Accuracy     : 1.0000
Valid Loss     : 0.0016	 | 	Valid Accuracy     : 1.0000

Epoch : 28
Train Loss     : 0.0002	 | 	Train Accuracy     : 1.0000
Valid Loss     : 0.0027	 | 	Valid Accuracy     : 1.0000

Epoch : 29
Train Loss     : 0.0063	 | 	Train Accuracy     : 1.0000
Valid Loss     : 0.0059	 | 	Valid Accuracy     : 1.0000

Epoch : 30
Train Loss     : 0.0009	 | 	Train Accuracy     : 1.0000
Valid Loss     : 0.0016	 | 	Valid Accuracy     : 1.0000

Evaluate on the Test set:
Test loss      :0.1569	 | Test Accuracy      : 0.9800

################## Training is Done! #########################
Training time is : 0:00:36.354904
