=============================================
Dataset: EMG
Method:  °³¹ßÁß...
Mode:    supervised
=============================================
Data loaded ...
Training started ....

Epoch : 1
Train Loss     : 0.6705	 | 	Train Accuracy     : 0.7333
Valid Loss     : 22.2426	 | 	Valid Accuracy     : 0.3250

Epoch : 2
Train Loss     : 0.0985	 | 	Train Accuracy     : 0.9917
Valid Loss     : 3.8551	 | 	Valid Accuracy     : 0.3250

Epoch : 3
Train Loss     : 0.0262	 | 	Train Accuracy     : 1.0000
Valid Loss     : 0.6465	 | 	Valid Accuracy     : 0.8750

Epoch : 4
Train Loss     : 0.0233	 | 	Train Accuracy     : 1.0000
Valid Loss     : 0.0561	 | 	Valid Accuracy     : 1.0000

Epoch : 5
Train Loss     : 0.0046	 | 	Train Accuracy     : 1.0000
Valid Loss     : 0.0059	 | 	Valid Accuracy     : 1.0000

Epoch : 6
Train Loss     : 0.0065	 | 	Train Accuracy     : 1.0000
Valid Loss     : 0.0030	 | 	Valid Accuracy     : 1.0000

Epoch : 7
Train Loss     : 0.0107	 | 	Train Accuracy     : 1.0000
Valid Loss     : 0.0070	 | 	Valid Accuracy     : 1.0000

Epoch : 8
Train Loss     : 0.0229	 | 	Train Accuracy     : 1.0000
Valid Loss     : 0.0619	 | 	Valid Accuracy     : 0.9750

Epoch : 9
Train Loss     : 0.0049	 | 	Train Accuracy     : 1.0000
Valid Loss     : 0.0894	 | 	Valid Accuracy     : 0.9750

Epoch : 10
Train Loss     : 0.0022	 | 	Train Accuracy     : 1.0000
Valid Loss     : 0.0997	 | 	Valid Accuracy     : 0.9750

Epoch : 11
Train Loss     : 0.0075	 | 	Train Accuracy     : 1.0000
Valid Loss     : 0.0726	 | 	Valid Accuracy     : 0.9750

Epoch : 12
Train Loss     : 0.0036	 | 	Train Accuracy     : 1.0000
Valid Loss     : 0.0200	 | 	Valid Accuracy     : 0.9750

Epoch : 13
Train Loss     : 0.0029	 | 	Train Accuracy     : 1.0000
Valid Loss     : 0.0040	 | 	Valid Accuracy     : 1.0000

Epoch : 14
Train Loss     : 0.0057	 | 	Train Accuracy     : 1.0000
Valid Loss     : 0.0016	 | 	Valid Accuracy     : 1.0000

Epoch : 15
Train Loss     : 0.0019	 | 	Train Accuracy     : 1.0000
Valid Loss     : 0.0013	 | 	Valid Accuracy     : 1.0000

Epoch : 16
Train Loss     : 0.0015	 | 	Train Accuracy     : 1.0000
Valid Loss     : 0.0013	 | 	Valid Accuracy     : 1.0000

Epoch : 17
Train Loss     : 0.0013	 | 	Train Accuracy     : 1.0000
Valid Loss     : 0.0012	 | 	Valid Accuracy     : 1.0000

Epoch : 18
Train Loss     : 0.0034	 | 	Train Accuracy     : 1.0000
Valid Loss     : 0.0011	 | 	Valid Accuracy     : 1.0000

Epoch : 19
Train Loss     : 0.0023	 | 	Train Accuracy     : 1.0000
Valid Loss     : 0.0019	 | 	Valid Accuracy     : 1.0000

Epoch : 20
Train Loss     : 0.0005	 | 	Train Accuracy     : 1.0000
Valid Loss     : 0.0033	 | 	Valid Accuracy     : 1.0000

Epoch : 21
Train Loss     : 0.0040	 | 	Train Accuracy     : 1.0000
Valid Loss     : 0.0040	 | 	Valid Accuracy     : 1.0000

Epoch : 22
Train Loss     : 0.0011	 | 	Train Accuracy     : 1.0000
Valid Loss     : 0.0029	 | 	Valid Accuracy     : 1.0000

Epoch : 23
Train Loss     : 0.0048	 | 	Train Accuracy     : 1.0000
Valid Loss     : 0.0014	 | 	Valid Accuracy     : 1.0000

Epoch : 24
Train Loss     : 0.0013	 | 	Train Accuracy     : 1.0000
Valid Loss     : 0.0012	 | 	Valid Accuracy     : 1.0000

Epoch : 25
Train Loss     : 0.0013	 | 	Train Accuracy     : 1.0000
Valid Loss     : 0.0013	 | 	Valid Accuracy     : 1.0000

Epoch : 26
Train Loss     : 0.0003	 | 	Train Accuracy     : 1.0000
Valid Loss     : 0.0015	 | 	Valid Accuracy     : 1.0000

Epoch : 27
Train Loss     : 0.0012	 | 	Train Accuracy     : 1.0000
Valid Loss     : 0.0012	 | 	Valid Accuracy     : 1.0000

Epoch : 28
Train Loss     : 0.0004	 | 	Train Accuracy     : 1.0000
Valid Loss     : 0.0011	 | 	Valid Accuracy     : 1.0000

Epoch : 29
Train Loss     : 0.0007	 | 	Train Accuracy     : 1.0000
Valid Loss     : 0.0010	 | 	Valid Accuracy     : 1.0000

Epoch : 30
Train Loss     : 0.0007	 | 	Train Accuracy     : 1.0000
Valid Loss     : 0.0010	 | 	Valid Accuracy     : 1.0000

Evaluate on the Test set:
Test loss      :0.6330	 | Test Accuracy      : 0.8000

################## Training is Done! #########################
Training time is : 0:01:59.329627
