=============================================
Dataset: EMG
Method:  °³¹ßÁß...
Mode:    supervised
=============================================
Data loaded ...
Training started ....

Epoch : 1
Train Loss     : 0.9314	 | 	Train Accuracy     : 0.7250
Valid Loss     : 0.9469	 | 	Valid Accuracy     : 0.8250

Epoch : 2
Train Loss     : 0.2115	 | 	Train Accuracy     : 0.9333
Valid Loss     : 0.1398	 | 	Valid Accuracy     : 0.9250

Epoch : 3
Train Loss     : 0.5999	 | 	Train Accuracy     : 0.8250
Valid Loss     : 0.0262	 | 	Valid Accuracy     : 1.0000

Epoch : 4
Train Loss     : 0.5015	 | 	Train Accuracy     : 0.8667
Valid Loss     : 0.1258	 | 	Valid Accuracy     : 0.9500

Epoch : 5
Train Loss     : 0.3594	 | 	Train Accuracy     : 0.9000
Valid Loss     : 0.1002	 | 	Valid Accuracy     : 0.9500

Epoch : 6
Train Loss     : 0.1661	 | 	Train Accuracy     : 0.9500
Valid Loss     : 0.0355	 | 	Valid Accuracy     : 1.0000

Epoch : 7
Train Loss     : 0.1779	 | 	Train Accuracy     : 0.9333
Valid Loss     : 0.0238	 | 	Valid Accuracy     : 1.0000

Epoch : 8
Train Loss     : 0.3932	 | 	Train Accuracy     : 0.9250
Valid Loss     : 0.3989	 | 	Valid Accuracy     : 0.8000

Epoch : 9
Train Loss     : 0.2553	 | 	Train Accuracy     : 0.9333
Valid Loss     : 0.1331	 | 	Valid Accuracy     : 0.9750

Epoch : 10
Train Loss     : 0.4069	 | 	Train Accuracy     : 0.8417
Valid Loss     : 0.0495	 | 	Valid Accuracy     : 0.9750

Epoch : 11
Train Loss     : 0.2579	 | 	Train Accuracy     : 0.9167
Valid Loss     : 2.4710	 | 	Valid Accuracy     : 0.3750

Epoch : 12
Train Loss     : 0.2919	 | 	Train Accuracy     : 0.9167
Valid Loss     : 0.0109	 | 	Valid Accuracy     : 1.0000

Epoch : 13
Train Loss     : 0.2944	 | 	Train Accuracy     : 0.8917
Valid Loss     : 0.5253	 | 	Valid Accuracy     : 0.8000

Epoch : 14
Train Loss     : 0.3585	 | 	Train Accuracy     : 0.9167
Valid Loss     : 0.0260	 | 	Valid Accuracy     : 1.0000

Epoch : 15
Train Loss     : 0.1185	 | 	Train Accuracy     : 0.9667
Valid Loss     : 0.0488	 | 	Valid Accuracy     : 1.0000

Epoch : 16
Train Loss     : 0.0866	 | 	Train Accuracy     : 0.9750
Valid Loss     : 0.0224	 | 	Valid Accuracy     : 1.0000

Epoch : 17
Train Loss     : 0.2468	 | 	Train Accuracy     : 0.9167
Valid Loss     : 1.3735	 | 	Valid Accuracy     : 0.6000

Epoch : 18
Train Loss     : 0.0488	 | 	Train Accuracy     : 0.9917
Valid Loss     : 0.8676	 | 	Valid Accuracy     : 0.6750

Epoch : 19
Train Loss     : 0.3108	 | 	Train Accuracy     : 0.9000
Valid Loss     : 0.8309	 | 	Valid Accuracy     : 0.8000

Epoch : 20
Train Loss     : 0.4565	 | 	Train Accuracy     : 0.8667
Valid Loss     : 4.1004	 | 	Valid Accuracy     : 0.4000

Epoch : 21
Train Loss     : 0.2645	 | 	Train Accuracy     : 0.9250
Valid Loss     : 0.1268	 | 	Valid Accuracy     : 0.9500

Epoch : 22
Train Loss     : 0.3005	 | 	Train Accuracy     : 0.9083
Valid Loss     : 0.2799	 | 	Valid Accuracy     : 0.9250

Epoch : 23
Train Loss     : 0.1634	 | 	Train Accuracy     : 0.9583
Valid Loss     : 0.4169	 | 	Valid Accuracy     : 0.7750

Epoch : 24
Train Loss     : 0.1479	 | 	Train Accuracy     : 0.9417
Valid Loss     : 0.0383	 | 	Valid Accuracy     : 0.9750

Epoch : 25
Train Loss     : 0.1113	 | 	Train Accuracy     : 0.9667
Valid Loss     : 0.0529	 | 	Valid Accuracy     : 0.9750

Epoch : 26
Train Loss     : 0.2322	 | 	Train Accuracy     : 0.9333
Valid Loss     : 0.0331	 | 	Valid Accuracy     : 1.0000

Epoch : 27
Train Loss     : 0.0647	 | 	Train Accuracy     : 0.9833
Valid Loss     : 0.0266	 | 	Valid Accuracy     : 1.0000

Epoch : 28
Train Loss     : 0.0737	 | 	Train Accuracy     : 0.9750
Valid Loss     : 0.0285	 | 	Valid Accuracy     : 0.9750

Epoch : 29
Train Loss     : 0.0781	 | 	Train Accuracy     : 0.9750
Valid Loss     : 0.0432	 | 	Valid Accuracy     : 0.9750

Epoch : 30
Train Loss     : 0.2864	 | 	Train Accuracy     : 0.9583
Valid Loss     : 0.0430	 | 	Valid Accuracy     : 0.9750

Evaluate on the Test set:
Test loss      :0.2353	 | Test Accuracy      : 0.8864

################## Training is Done! #########################
Training time is : 0:01:13.183953
