=============================================
Dataset: EMG
Method:  °³¹ßÁß...
Mode:    supervised
=============================================
Data loaded ...
Training started ....

Epoch : 1
Train Loss     : 0.9497	 | 	Train Accuracy     : 0.4917
Valid Loss     : 0.7051	 | 	Valid Accuracy     : 0.7000

Epoch : 2
Train Loss     : 0.6793	 | 	Train Accuracy     : 0.6750
Valid Loss     : 0.4552	 | 	Valid Accuracy     : 0.9000

Epoch : 3
Train Loss     : 0.5608	 | 	Train Accuracy     : 0.8333
Valid Loss     : 0.3014	 | 	Valid Accuracy     : 0.9500

Epoch : 4
Train Loss     : 0.3918	 | 	Train Accuracy     : 0.9000
Valid Loss     : 0.1518	 | 	Valid Accuracy     : 0.9750

Epoch : 5
Train Loss     : 0.3322	 | 	Train Accuracy     : 0.9000
Valid Loss     : 0.1100	 | 	Valid Accuracy     : 1.0000

Epoch : 6
Train Loss     : 0.1687	 | 	Train Accuracy     : 0.9667
Valid Loss     : 0.0465	 | 	Valid Accuracy     : 1.0000

Epoch : 7
Train Loss     : 0.1259	 | 	Train Accuracy     : 0.9750
Valid Loss     : 0.0510	 | 	Valid Accuracy     : 1.0000

Epoch : 8
Train Loss     : 0.0943	 | 	Train Accuracy     : 0.9833
Valid Loss     : 0.0303	 | 	Valid Accuracy     : 1.0000

Epoch : 9
Train Loss     : 0.0782	 | 	Train Accuracy     : 0.9833
Valid Loss     : 0.0295	 | 	Valid Accuracy     : 1.0000

Epoch : 10
Train Loss     : 0.0700	 | 	Train Accuracy     : 0.9750
Valid Loss     : 0.0154	 | 	Valid Accuracy     : 1.0000

Epoch : 11
Train Loss     : 0.0395	 | 	Train Accuracy     : 1.0000
Valid Loss     : 0.0184	 | 	Valid Accuracy     : 1.0000

Epoch : 12
Train Loss     : 0.0537	 | 	Train Accuracy     : 0.9917
Valid Loss     : 0.0658	 | 	Valid Accuracy     : 1.0000

Epoch : 13
Train Loss     : 0.0188	 | 	Train Accuracy     : 1.0000
Valid Loss     : 0.0143	 | 	Valid Accuracy     : 1.0000

Epoch : 14
Train Loss     : 0.0515	 | 	Train Accuracy     : 0.9917
Valid Loss     : 0.0240	 | 	Valid Accuracy     : 1.0000

Epoch : 15
Train Loss     : 0.0564	 | 	Train Accuracy     : 0.9833
Valid Loss     : 0.0477	 | 	Valid Accuracy     : 0.9750

Epoch : 16
Train Loss     : 0.0247	 | 	Train Accuracy     : 1.0000
Valid Loss     : 0.0160	 | 	Valid Accuracy     : 1.0000

Epoch : 17
Train Loss     : 0.0350	 | 	Train Accuracy     : 0.9833
Valid Loss     : 0.0072	 | 	Valid Accuracy     : 1.0000

Epoch : 18
Train Loss     : 0.0100	 | 	Train Accuracy     : 1.0000
Valid Loss     : 0.0040	 | 	Valid Accuracy     : 1.0000

Epoch : 19
Train Loss     : 0.0218	 | 	Train Accuracy     : 0.9917
Valid Loss     : 0.0079	 | 	Valid Accuracy     : 1.0000

Epoch : 20
Train Loss     : 0.0047	 | 	Train Accuracy     : 1.0000
Valid Loss     : 0.0087	 | 	Valid Accuracy     : 1.0000

Epoch : 21
Train Loss     : 0.0132	 | 	Train Accuracy     : 1.0000
Valid Loss     : 0.0048	 | 	Valid Accuracy     : 1.0000

Epoch : 22
Train Loss     : 0.0069	 | 	Train Accuracy     : 1.0000
Valid Loss     : 0.0052	 | 	Valid Accuracy     : 1.0000

Epoch : 23
Train Loss     : 0.0041	 | 	Train Accuracy     : 1.0000
Valid Loss     : 0.0034	 | 	Valid Accuracy     : 1.0000

Epoch : 24
Train Loss     : 0.0035	 | 	Train Accuracy     : 1.0000
Valid Loss     : 0.0031	 | 	Valid Accuracy     : 1.0000

Epoch : 25
Train Loss     : 0.0049	 | 	Train Accuracy     : 1.0000
Valid Loss     : 0.0047	 | 	Valid Accuracy     : 1.0000

Epoch : 26
Train Loss     : 0.0051	 | 	Train Accuracy     : 1.0000
Valid Loss     : 0.0152	 | 	Valid Accuracy     : 1.0000

Epoch : 27
Train Loss     : 0.0044	 | 	Train Accuracy     : 1.0000
Valid Loss     : 0.0031	 | 	Valid Accuracy     : 1.0000

Epoch : 28
Train Loss     : 0.0025	 | 	Train Accuracy     : 1.0000
Valid Loss     : 0.0066	 | 	Valid Accuracy     : 1.0000

Epoch : 29
Train Loss     : 0.0028	 | 	Train Accuracy     : 1.0000
Valid Loss     : 0.0029	 | 	Valid Accuracy     : 1.0000

Epoch : 30
Train Loss     : 0.0065	 | 	Train Accuracy     : 1.0000
Valid Loss     : 0.0029	 | 	Valid Accuracy     : 1.0000

Evaluate on the Test set:
Test loss      :0.1626	 | Test Accuracy      : 0.9773

################## Training is Done! #########################
Training time is : 0:03:52.397224
