=============================================
Dataset: EMG
Method:  °³¹ßÁß...
Mode:    supervised
=============================================
Data loaded ...
Training started ....

Epoch : 1
Train Loss     : 0.3656	 | 	Train Accuracy     : 0.9167
Valid Loss     : 0.1417	 | 	Valid Accuracy     : 1.0000

Epoch : 2
Train Loss     : 0.1177	 | 	Train Accuracy     : 0.9667
Valid Loss     : 0.0597	 | 	Valid Accuracy     : 0.9750

Epoch : 3
Train Loss     : 0.1140	 | 	Train Accuracy     : 0.9667
Valid Loss     : 0.0969	 | 	Valid Accuracy     : 0.9750

Epoch : 4
Train Loss     : 0.1415	 | 	Train Accuracy     : 0.9667
Valid Loss     : 0.0151	 | 	Valid Accuracy     : 1.0000

Epoch : 5
Train Loss     : 0.0584	 | 	Train Accuracy     : 0.9750
Valid Loss     : 0.0209	 | 	Valid Accuracy     : 1.0000

Epoch : 6
Train Loss     : 0.0178	 | 	Train Accuracy     : 0.9917
Valid Loss     : 0.0637	 | 	Valid Accuracy     : 0.9750

Epoch : 7
Train Loss     : 0.0110	 | 	Train Accuracy     : 1.0000
Valid Loss     : 0.0055	 | 	Valid Accuracy     : 1.0000

Epoch : 8
Train Loss     : 0.0448	 | 	Train Accuracy     : 0.9833
Valid Loss     : 0.2065	 | 	Valid Accuracy     : 0.9000

Epoch : 9
Train Loss     : 0.0864	 | 	Train Accuracy     : 0.9583
Valid Loss     : 0.4320	 | 	Valid Accuracy     : 0.7000

Epoch : 10
Train Loss     : 0.1889	 | 	Train Accuracy     : 0.9583
Valid Loss     : 0.0379	 | 	Valid Accuracy     : 1.0000

Epoch : 11
Train Loss     : 0.1388	 | 	Train Accuracy     : 0.9500
Valid Loss     : 0.0724	 | 	Valid Accuracy     : 0.9500

Epoch : 12
Train Loss     : 0.0280	 | 	Train Accuracy     : 0.9917
Valid Loss     : 0.0011	 | 	Valid Accuracy     : 1.0000

Epoch : 13
Train Loss     : 0.0069	 | 	Train Accuracy     : 1.0000
Valid Loss     : 0.0014	 | 	Valid Accuracy     : 1.0000

Epoch : 14
Train Loss     : 0.0032	 | 	Train Accuracy     : 1.0000
Valid Loss     : 0.0036	 | 	Valid Accuracy     : 1.0000

Epoch : 15
Train Loss     : 0.0143	 | 	Train Accuracy     : 1.0000
Valid Loss     : 0.0018	 | 	Valid Accuracy     : 1.0000

Epoch : 16
Train Loss     : 0.0058	 | 	Train Accuracy     : 1.0000
Valid Loss     : 0.0029	 | 	Valid Accuracy     : 1.0000

Epoch : 17
Train Loss     : 0.0054	 | 	Train Accuracy     : 1.0000
Valid Loss     : 0.0032	 | 	Valid Accuracy     : 1.0000

Epoch : 18
Train Loss     : 0.0024	 | 	Train Accuracy     : 1.0000
Valid Loss     : 0.0023	 | 	Valid Accuracy     : 1.0000

Epoch : 19
Train Loss     : 0.1338	 | 	Train Accuracy     : 0.9833
Valid Loss     : 0.2758	 | 	Valid Accuracy     : 0.9000

Epoch : 20
Train Loss     : 0.0493	 | 	Train Accuracy     : 0.9750
Valid Loss     : 0.0142	 | 	Valid Accuracy     : 1.0000

Epoch : 21
Train Loss     : 0.0372	 | 	Train Accuracy     : 0.9917
Valid Loss     : 0.0028	 | 	Valid Accuracy     : 1.0000

Epoch : 22
Train Loss     : 0.0053	 | 	Train Accuracy     : 1.0000
Valid Loss     : 0.0007	 | 	Valid Accuracy     : 1.0000

Epoch : 23
Train Loss     : 0.0015	 | 	Train Accuracy     : 1.0000
Valid Loss     : 0.0010	 | 	Valid Accuracy     : 1.0000

Epoch : 24
Train Loss     : 0.0023	 | 	Train Accuracy     : 1.0000
Valid Loss     : 0.0014	 | 	Valid Accuracy     : 1.0000

Epoch : 25
Train Loss     : 0.0012	 | 	Train Accuracy     : 1.0000
Valid Loss     : 0.0015	 | 	Valid Accuracy     : 1.0000

Epoch : 26
Train Loss     : 0.0023	 | 	Train Accuracy     : 1.0000
Valid Loss     : 0.0015	 | 	Valid Accuracy     : 1.0000

Epoch : 27
Train Loss     : 0.0007	 | 	Train Accuracy     : 1.0000
Valid Loss     : 0.0016	 | 	Valid Accuracy     : 1.0000

Epoch : 28
Train Loss     : 0.0174	 | 	Train Accuracy     : 0.9917
Valid Loss     : 0.0185	 | 	Valid Accuracy     : 1.0000

Epoch : 29
Train Loss     : 0.0289	 | 	Train Accuracy     : 0.9917
Valid Loss     : 0.0079	 | 	Valid Accuracy     : 1.0000

Epoch : 30
Train Loss     : 0.0578	 | 	Train Accuracy     : 0.9833
Valid Loss     : 0.0025	 | 	Valid Accuracy     : 1.0000

Evaluate on the Test set:
Test loss      :1.0500	 | Test Accuracy      : 0.8750

################## Training is Done! #########################
Training time is : 0:00:57.281128
