=============================================
Dataset: EMG
Method:  °³¹ßÁß...
Mode:    supervised
=============================================
Data loaded ...
Training started ....

Epoch : 1
Train Loss     : 0.5500	 | 	Train Accuracy     : 0.7083
Valid Loss     : 58.5470	 | 	Valid Accuracy     : 0.3250

Epoch : 2
Train Loss     : 0.4577	 | 	Train Accuracy     : 0.8917
Valid Loss     : 15.3941	 | 	Valid Accuracy     : 0.5750

Epoch : 3
Train Loss     : 0.1849	 | 	Train Accuracy     : 0.9583
Valid Loss     : 576.7128	 | 	Valid Accuracy     : 0.1250

Epoch : 4
Train Loss     : 0.0540	 | 	Train Accuracy     : 0.9667
Valid Loss     : 74.7990	 | 	Valid Accuracy     : 0.1250

Epoch : 5
Train Loss     : 0.0185	 | 	Train Accuracy     : 1.0000
Valid Loss     : 56.5516	 | 	Valid Accuracy     : 0.4500

Epoch : 6
Train Loss     : 0.0132	 | 	Train Accuracy     : 1.0000
Valid Loss     : 57.1468	 | 	Valid Accuracy     : 0.3750

Epoch : 7
Train Loss     : 0.0085	 | 	Train Accuracy     : 1.0000
Valid Loss     : 42.8981	 | 	Valid Accuracy     : 0.3250

Epoch : 8
Train Loss     : 0.0057	 | 	Train Accuracy     : 1.0000
Valid Loss     : 24.6603	 | 	Valid Accuracy     : 0.3250

Epoch : 9
Train Loss     : 0.0034	 | 	Train Accuracy     : 1.0000
Valid Loss     : 9.3216	 | 	Valid Accuracy     : 0.3250

Epoch : 10
Train Loss     : 0.0032	 | 	Train Accuracy     : 1.0000
Valid Loss     : 2.2933	 | 	Valid Accuracy     : 0.4250

Epoch : 11
Train Loss     : 0.0025	 | 	Train Accuracy     : 1.0000
Valid Loss     : 0.8795	 | 	Valid Accuracy     : 0.7000

Epoch : 12
Train Loss     : 0.0016	 | 	Train Accuracy     : 1.0000
Valid Loss     : 0.2920	 | 	Valid Accuracy     : 0.8750

Epoch : 13
Train Loss     : 0.0015	 | 	Train Accuracy     : 1.0000
Valid Loss     : 0.0870	 | 	Valid Accuracy     : 0.9750

Epoch : 14
Train Loss     : 0.0219	 | 	Train Accuracy     : 0.9833
Valid Loss     : 0.0078	 | 	Valid Accuracy     : 1.0000

Epoch : 15
Train Loss     : 0.0038	 | 	Train Accuracy     : 1.0000
Valid Loss     : 0.0114	 | 	Valid Accuracy     : 1.0000

Epoch : 16
Train Loss     : 0.0075	 | 	Train Accuracy     : 1.0000
Valid Loss     : 0.0174	 | 	Valid Accuracy     : 1.0000

Epoch : 17
Train Loss     : 0.0091	 | 	Train Accuracy     : 1.0000
Valid Loss     : 0.0116	 | 	Valid Accuracy     : 1.0000

Epoch : 18
Train Loss     : 0.0061	 | 	Train Accuracy     : 1.0000
Valid Loss     : 0.0056	 | 	Valid Accuracy     : 1.0000

Epoch : 19
Train Loss     : 0.0066	 | 	Train Accuracy     : 1.0000
Valid Loss     : 0.0033	 | 	Valid Accuracy     : 1.0000

Epoch : 20
Train Loss     : 0.0022	 | 	Train Accuracy     : 1.0000
Valid Loss     : 0.0026	 | 	Valid Accuracy     : 1.0000

Epoch : 21
Train Loss     : 0.0015	 | 	Train Accuracy     : 1.0000
Valid Loss     : 0.0022	 | 	Valid Accuracy     : 1.0000

Epoch : 22
Train Loss     : 0.0008	 | 	Train Accuracy     : 1.0000
Valid Loss     : 0.0020	 | 	Valid Accuracy     : 1.0000

Epoch : 23
Train Loss     : 0.0007	 | 	Train Accuracy     : 1.0000
Valid Loss     : 0.0018	 | 	Valid Accuracy     : 1.0000

Epoch : 24
Train Loss     : 0.0004	 | 	Train Accuracy     : 1.0000
Valid Loss     : 0.0018	 | 	Valid Accuracy     : 1.0000

Epoch : 25
Train Loss     : 0.0003	 | 	Train Accuracy     : 1.0000
Valid Loss     : 0.0018	 | 	Valid Accuracy     : 1.0000

Epoch : 26
Train Loss     : 0.0003	 | 	Train Accuracy     : 1.0000
Valid Loss     : 0.0017	 | 	Valid Accuracy     : 1.0000

Epoch : 27
Train Loss     : 0.0004	 | 	Train Accuracy     : 1.0000
Valid Loss     : 0.0017	 | 	Valid Accuracy     : 1.0000

Epoch : 28
Train Loss     : 0.0005	 | 	Train Accuracy     : 1.0000
Valid Loss     : 0.0018	 | 	Valid Accuracy     : 1.0000

Epoch : 29
Train Loss     : 0.0004	 | 	Train Accuracy     : 1.0000
Valid Loss     : 0.0016	 | 	Valid Accuracy     : 1.0000

Epoch : 30
Train Loss     : 0.0002	 | 	Train Accuracy     : 1.0000
Valid Loss     : 0.0016	 | 	Valid Accuracy     : 1.0000

Evaluate on the Test set:
Test loss      :0.2007	 | Test Accuracy      : 0.9875

################## Training is Done! #########################
Training time is : 0:00:40.923392
