=============================================
Dataset: EMG
Method:  °³¹ßÁß...
Mode:    supervised
=============================================
Data loaded ...
Training started ....

Epoch : 1
Train Loss     : 1.1155	 | 	Train Accuracy     : 0.6833
Valid Loss     : 307.3584	 | 	Valid Accuracy     : 0.1000

Epoch : 2
Train Loss     : 0.3631	 | 	Train Accuracy     : 0.8833
Valid Loss     : 498.1726	 | 	Valid Accuracy     : 0.1000

Epoch : 3
Train Loss     : 0.1226	 | 	Train Accuracy     : 0.9667
Valid Loss     : 43.6746	 | 	Valid Accuracy     : 0.6667

Epoch : 4
Train Loss     : 0.0969	 | 	Train Accuracy     : 0.9667
Valid Loss     : 40.3966	 | 	Valid Accuracy     : 0.5667

Epoch : 5
Train Loss     : 0.0557	 | 	Train Accuracy     : 0.9917
Valid Loss     : 20.7717	 | 	Valid Accuracy     : 0.5667

Epoch : 6
Train Loss     : 0.0303	 | 	Train Accuracy     : 1.0000
Valid Loss     : 6.3051	 | 	Valid Accuracy     : 0.5667

Epoch : 7
Train Loss     : 0.0163	 | 	Train Accuracy     : 1.0000
Valid Loss     : 1.6718	 | 	Valid Accuracy     : 0.5667

Epoch : 8
Train Loss     : 0.0173	 | 	Train Accuracy     : 0.9917
Valid Loss     : 0.5007	 | 	Valid Accuracy     : 0.8000

Epoch : 9
Train Loss     : 0.0096	 | 	Train Accuracy     : 1.0000
Valid Loss     : 0.0984	 | 	Valid Accuracy     : 0.9667

Epoch : 10
Train Loss     : 0.0141	 | 	Train Accuracy     : 1.0000
Valid Loss     : 0.0171	 | 	Valid Accuracy     : 1.0000

Epoch : 11
Train Loss     : 0.0031	 | 	Train Accuracy     : 1.0000
Valid Loss     : 0.0035	 | 	Valid Accuracy     : 1.0000

Epoch : 12
Train Loss     : 0.0015	 | 	Train Accuracy     : 1.0000
Valid Loss     : 0.0018	 | 	Valid Accuracy     : 1.0000

Epoch : 13
Train Loss     : 0.0016	 | 	Train Accuracy     : 1.0000
Valid Loss     : 0.0014	 | 	Valid Accuracy     : 1.0000

Epoch : 14
Train Loss     : 0.0008	 | 	Train Accuracy     : 1.0000
Valid Loss     : 0.0012	 | 	Valid Accuracy     : 1.0000

Epoch : 15
Train Loss     : 0.0041	 | 	Train Accuracy     : 1.0000
Valid Loss     : 0.0031	 | 	Valid Accuracy     : 1.0000

Epoch : 16
Train Loss     : 0.0006	 | 	Train Accuracy     : 1.0000
Valid Loss     : 0.0032	 | 	Valid Accuracy     : 1.0000

Epoch : 17
Train Loss     : 0.0009	 | 	Train Accuracy     : 1.0000
Valid Loss     : 0.0031	 | 	Valid Accuracy     : 1.0000

Epoch : 18
Train Loss     : 0.0014	 | 	Train Accuracy     : 1.0000
Valid Loss     : 0.0021	 | 	Valid Accuracy     : 1.0000

Epoch : 19
Train Loss     : 0.0020	 | 	Train Accuracy     : 1.0000
Valid Loss     : 0.0009	 | 	Valid Accuracy     : 1.0000

Epoch : 20
Train Loss     : 0.0005	 | 	Train Accuracy     : 1.0000
Valid Loss     : 0.0008	 | 	Valid Accuracy     : 1.0000

Epoch : 21
Train Loss     : 0.0014	 | 	Train Accuracy     : 1.0000
Valid Loss     : 0.0007	 | 	Valid Accuracy     : 1.0000

Epoch : 22
Train Loss     : 0.0174	 | 	Train Accuracy     : 0.9917
Valid Loss     : 0.0020	 | 	Valid Accuracy     : 1.0000

Epoch : 23
Train Loss     : 0.0256	 | 	Train Accuracy     : 0.9833
Valid Loss     : 1.0353	 | 	Valid Accuracy     : 0.7667

Epoch : 24
Train Loss     : 0.0153	 | 	Train Accuracy     : 0.9917
Valid Loss     : 1.7664	 | 	Valid Accuracy     : 0.6667

Epoch : 25
Train Loss     : 0.0754	 | 	Train Accuracy     : 0.9750
Valid Loss     : 0.3837	 | 	Valid Accuracy     : 0.8667

Epoch : 26
Train Loss     : 0.1208	 | 	Train Accuracy     : 0.9667
Valid Loss     : 0.5418	 | 	Valid Accuracy     : 0.8333

Epoch : 27
Train Loss     : 0.0116	 | 	Train Accuracy     : 1.0000
Valid Loss     : 8.6336	 | 	Valid Accuracy     : 0.3000

Epoch : 28
Train Loss     : 0.0337	 | 	Train Accuracy     : 0.9833
Valid Loss     : 0.8501	 | 	Valid Accuracy     : 0.8333

Epoch : 29
Train Loss     : 0.0597	 | 	Train Accuracy     : 0.9750
Valid Loss     : 0.2752	 | 	Valid Accuracy     : 0.9333

Epoch : 30
Train Loss     : 0.1534	 | 	Train Accuracy     : 0.9500
Valid Loss     : 0.0068	 | 	Valid Accuracy     : 1.0000

Evaluate on the Test set:
Test loss      :0.6322	 | Test Accuracy      : 0.9667

################## Training is Done! #########################
Training time is : 0:00:40.204379
