=============================================
Dataset: EMG
Method:  °³¹ßÁß...
Mode:    supervised
=============================================
Data loaded ...
Training started ....

Epoch : 1
Train Loss     : 0.5118	 | 	Train Accuracy     : 0.8500
Valid Loss     : 0.0973	 | 	Valid Accuracy     : 0.9500

Epoch : 2
Train Loss     : 0.2929	 | 	Train Accuracy     : 0.9000
Valid Loss     : 1.5044	 | 	Valid Accuracy     : 0.4500

Epoch : 3
Train Loss     : 0.1815	 | 	Train Accuracy     : 0.9500
Valid Loss     : 0.0023	 | 	Valid Accuracy     : 1.0000

Epoch : 4
Train Loss     : 0.1492	 | 	Train Accuracy     : 0.9583
Valid Loss     : 0.0063	 | 	Valid Accuracy     : 1.0000

Epoch : 5
Train Loss     : 0.0808	 | 	Train Accuracy     : 0.9750
Valid Loss     : 0.0340	 | 	Valid Accuracy     : 1.0000

Epoch : 6
Train Loss     : 0.1221	 | 	Train Accuracy     : 0.9750
Valid Loss     : 0.0056	 | 	Valid Accuracy     : 1.0000

Epoch : 7
Train Loss     : 0.0501	 | 	Train Accuracy     : 0.9917
Valid Loss     : 0.0299	 | 	Valid Accuracy     : 1.0000

Epoch : 8
Train Loss     : 0.0221	 | 	Train Accuracy     : 1.0000
Valid Loss     : 0.0024	 | 	Valid Accuracy     : 1.0000

Epoch : 9
Train Loss     : 0.0088	 | 	Train Accuracy     : 1.0000
Valid Loss     : 0.0018	 | 	Valid Accuracy     : 1.0000

Epoch : 10
Train Loss     : 0.0038	 | 	Train Accuracy     : 1.0000
Valid Loss     : 0.0012	 | 	Valid Accuracy     : 1.0000

Epoch : 11
Train Loss     : 0.0657	 | 	Train Accuracy     : 0.9833
Valid Loss     : 0.0270	 | 	Valid Accuracy     : 0.9750

Epoch : 12
Train Loss     : 0.0154	 | 	Train Accuracy     : 1.0000
Valid Loss     : 0.0017	 | 	Valid Accuracy     : 1.0000

Epoch : 13
Train Loss     : 0.0066	 | 	Train Accuracy     : 1.0000
Valid Loss     : 0.0016	 | 	Valid Accuracy     : 1.0000

Epoch : 14
Train Loss     : 0.0174	 | 	Train Accuracy     : 0.9917
Valid Loss     : 0.0025	 | 	Valid Accuracy     : 1.0000

Epoch : 15
Train Loss     : 0.0070	 | 	Train Accuracy     : 1.0000
Valid Loss     : 0.0025	 | 	Valid Accuracy     : 1.0000

Epoch : 16
Train Loss     : 0.0105	 | 	Train Accuracy     : 1.0000
Valid Loss     : 0.0009	 | 	Valid Accuracy     : 1.0000

Epoch : 17
Train Loss     : 0.0847	 | 	Train Accuracy     : 0.9833
Valid Loss     : 0.0027	 | 	Valid Accuracy     : 1.0000

Epoch : 18
Train Loss     : 0.0503	 | 	Train Accuracy     : 0.9833
Valid Loss     : 0.0146	 | 	Valid Accuracy     : 1.0000

Epoch : 19
Train Loss     : 0.0388	 | 	Train Accuracy     : 0.9917
Valid Loss     : 0.0048	 | 	Valid Accuracy     : 1.0000

Epoch : 20
Train Loss     : 0.0083	 | 	Train Accuracy     : 1.0000
Valid Loss     : 0.0020	 | 	Valid Accuracy     : 1.0000

Epoch : 21
Train Loss     : 0.0071	 | 	Train Accuracy     : 1.0000
Valid Loss     : 0.0039	 | 	Valid Accuracy     : 1.0000

Epoch : 22
Train Loss     : 0.0047	 | 	Train Accuracy     : 1.0000
Valid Loss     : 0.0012	 | 	Valid Accuracy     : 1.0000

Epoch : 23
Train Loss     : 0.0022	 | 	Train Accuracy     : 1.0000
Valid Loss     : 0.0008	 | 	Valid Accuracy     : 1.0000

Epoch : 24
Train Loss     : 0.2807	 | 	Train Accuracy     : 0.9500
Valid Loss     : 0.0359	 | 	Valid Accuracy     : 1.0000

Epoch : 25
Train Loss     : 0.0653	 | 	Train Accuracy     : 0.9917
Valid Loss     : 0.0326	 | 	Valid Accuracy     : 0.9750

Epoch : 26
Train Loss     : 0.0652	 | 	Train Accuracy     : 0.9833
Valid Loss     : 0.0081	 | 	Valid Accuracy     : 1.0000

Epoch : 27
Train Loss     : 0.0199	 | 	Train Accuracy     : 0.9917
Valid Loss     : 0.0043	 | 	Valid Accuracy     : 1.0000

Epoch : 28
Train Loss     : 0.0233	 | 	Train Accuracy     : 0.9917
Valid Loss     : 0.0318	 | 	Valid Accuracy     : 0.9750

Epoch : 29
Train Loss     : 0.0807	 | 	Train Accuracy     : 0.9667
Valid Loss     : 0.0508	 | 	Valid Accuracy     : 0.9750

Epoch : 30
Train Loss     : 0.1045	 | 	Train Accuracy     : 0.9667
Valid Loss     : 0.2059	 | 	Valid Accuracy     : 0.9250

Evaluate on the Test set:
Test loss      :0.2166	 | Test Accuracy      : 0.9773

################## Training is Done! #########################
Training time is : 0:01:17.616151
