=============================================
Dataset: EMG
Method:  °³¹ßÁß...
Mode:    supervised
=============================================
Data loaded ...
Training started ....

Epoch : 1
Train Loss     : 0.5839	 | 	Train Accuracy     : 0.7500
Valid Loss     : 0.1162	 | 	Valid Accuracy     : 0.9750

Epoch : 2
Train Loss     : 0.2692	 | 	Train Accuracy     : 0.9083
Valid Loss     : 0.0704	 | 	Valid Accuracy     : 1.0000

Epoch : 3
Train Loss     : 0.1500	 | 	Train Accuracy     : 0.9583
Valid Loss     : 0.0206	 | 	Valid Accuracy     : 1.0000

Epoch : 4
Train Loss     : 0.0827	 | 	Train Accuracy     : 0.9667
Valid Loss     : 0.0141	 | 	Valid Accuracy     : 1.0000

Epoch : 5
Train Loss     : 0.0596	 | 	Train Accuracy     : 0.9917
Valid Loss     : 0.1942	 | 	Valid Accuracy     : 0.9500

Epoch : 6
Train Loss     : 0.2570	 | 	Train Accuracy     : 0.8917
Valid Loss     : 0.0368	 | 	Valid Accuracy     : 1.0000

Epoch : 7
Train Loss     : 0.2044	 | 	Train Accuracy     : 0.9667
Valid Loss     : 0.0165	 | 	Valid Accuracy     : 1.0000

Epoch : 8
Train Loss     : 0.0444	 | 	Train Accuracy     : 0.9917
Valid Loss     : 0.0858	 | 	Valid Accuracy     : 0.9750

Epoch : 9
Train Loss     : 0.0395	 | 	Train Accuracy     : 1.0000
Valid Loss     : 0.0147	 | 	Valid Accuracy     : 1.0000

Epoch : 10
Train Loss     : 0.0903	 | 	Train Accuracy     : 0.9750
Valid Loss     : 0.0877	 | 	Valid Accuracy     : 0.9500

Epoch : 11
Train Loss     : 0.0973	 | 	Train Accuracy     : 0.9833
Valid Loss     : 0.0081	 | 	Valid Accuracy     : 1.0000

Epoch : 12
Train Loss     : 0.0337	 | 	Train Accuracy     : 1.0000
Valid Loss     : 0.0062	 | 	Valid Accuracy     : 1.0000

Epoch : 13
Train Loss     : 0.0870	 | 	Train Accuracy     : 0.9583
Valid Loss     : 0.1393	 | 	Valid Accuracy     : 0.9750

Epoch : 14
Train Loss     : 0.0760	 | 	Train Accuracy     : 0.9750
Valid Loss     : 0.0181	 | 	Valid Accuracy     : 1.0000

Epoch : 15
Train Loss     : 0.2227	 | 	Train Accuracy     : 0.9167
Valid Loss     : 0.0320	 | 	Valid Accuracy     : 1.0000

Epoch : 16
Train Loss     : 0.2069	 | 	Train Accuracy     : 0.9417
Valid Loss     : 0.3517	 | 	Valid Accuracy     : 0.9500

Epoch : 17
Train Loss     : 0.1348	 | 	Train Accuracy     : 0.9750
Valid Loss     : 0.0145	 | 	Valid Accuracy     : 1.0000

Epoch : 18
Train Loss     : 0.0353	 | 	Train Accuracy     : 0.9917
Valid Loss     : 0.0732	 | 	Valid Accuracy     : 0.9500

Epoch : 19
Train Loss     : 0.0560	 | 	Train Accuracy     : 0.9750
Valid Loss     : 0.0262	 | 	Valid Accuracy     : 0.9750

Epoch : 20
Train Loss     : 0.0190	 | 	Train Accuracy     : 1.0000
Valid Loss     : 0.0058	 | 	Valid Accuracy     : 1.0000

Epoch : 21
Train Loss     : 0.0153	 | 	Train Accuracy     : 1.0000
Valid Loss     : 0.0055	 | 	Valid Accuracy     : 1.0000

Epoch : 22
Train Loss     : 0.0377	 | 	Train Accuracy     : 0.9917
Valid Loss     : 0.0045	 | 	Valid Accuracy     : 1.0000

Epoch : 23
Train Loss     : 0.0118	 | 	Train Accuracy     : 1.0000
Valid Loss     : 0.0048	 | 	Valid Accuracy     : 1.0000

Epoch : 24
Train Loss     : 0.0090	 | 	Train Accuracy     : 1.0000
Valid Loss     : 0.0041	 | 	Valid Accuracy     : 1.0000

Epoch : 25
Train Loss     : 0.0087	 | 	Train Accuracy     : 1.0000
Valid Loss     : 0.0040	 | 	Valid Accuracy     : 1.0000

Epoch : 26
Train Loss     : 0.0076	 | 	Train Accuracy     : 1.0000
Valid Loss     : 0.0033	 | 	Valid Accuracy     : 1.0000

Epoch : 27
Train Loss     : 0.0071	 | 	Train Accuracy     : 1.0000
Valid Loss     : 0.0031	 | 	Valid Accuracy     : 1.0000

Epoch : 28
Train Loss     : 0.0073	 | 	Train Accuracy     : 1.0000
Valid Loss     : 0.0029	 | 	Valid Accuracy     : 1.0000

Epoch : 29
Train Loss     : 0.0060	 | 	Train Accuracy     : 1.0000
Valid Loss     : 0.0028	 | 	Valid Accuracy     : 1.0000

Epoch : 30
Train Loss     : 0.0057	 | 	Train Accuracy     : 1.0000
Valid Loss     : 0.0027	 | 	Valid Accuracy     : 1.0000

Evaluate on the Test set:
Test loss      :0.1582	 | Test Accuracy      : 0.9773

################## Training is Done! #########################
Training time is : 0:01:47.021010
