=============================================
Dataset: EMG
Method:  °³¹ßÁß...
Mode:    supervised
=============================================
Data loaded ...
Training started ....

Epoch : 1
Train Loss     : 0.8537	 | 	Train Accuracy     : 0.6333
Valid Loss     : 1.3257	 | 	Valid Accuracy     : 0.1250

Epoch : 2
Train Loss     : 0.5675	 | 	Train Accuracy     : 0.9667
Valid Loss     : 1.2694	 | 	Valid Accuracy     : 0.1250

Epoch : 3
Train Loss     : 0.4748	 | 	Train Accuracy     : 0.9917
Valid Loss     : 1.0970	 | 	Valid Accuracy     : 0.4500

Epoch : 4
Train Loss     : 0.4031	 | 	Train Accuracy     : 0.9917
Valid Loss     : 0.3989	 | 	Valid Accuracy     : 1.0000

Epoch : 5
Train Loss     : 0.3675	 | 	Train Accuracy     : 0.9917
Valid Loss     : 0.3353	 | 	Valid Accuracy     : 1.0000

Epoch : 6
Train Loss     : 0.3553	 | 	Train Accuracy     : 0.9917
Valid Loss     : 0.3227	 | 	Valid Accuracy     : 1.0000

Epoch : 7
Train Loss     : 0.3426	 | 	Train Accuracy     : 0.9917
Valid Loss     : 0.3124	 | 	Valid Accuracy     : 1.0000

Epoch : 8
Train Loss     : 0.3285	 | 	Train Accuracy     : 1.0000
Valid Loss     : 0.3066	 | 	Valid Accuracy     : 1.0000

Epoch : 9
Train Loss     : 0.3237	 | 	Train Accuracy     : 1.0000
Valid Loss     : 0.3007	 | 	Valid Accuracy     : 1.0000

Epoch : 10
Train Loss     : 0.3201	 | 	Train Accuracy     : 0.9917
Valid Loss     : 0.2938	 | 	Valid Accuracy     : 1.0000

Epoch : 11
Train Loss     : 0.3082	 | 	Train Accuracy     : 1.0000
Valid Loss     : 0.2871	 | 	Valid Accuracy     : 1.0000

Epoch : 12
Train Loss     : 0.3024	 | 	Train Accuracy     : 1.0000
Valid Loss     : 0.2813	 | 	Valid Accuracy     : 1.0000

Epoch : 13
Train Loss     : 0.2950	 | 	Train Accuracy     : 1.0000
Valid Loss     : 0.2760	 | 	Valid Accuracy     : 1.0000

Epoch : 14
Train Loss     : 0.2951	 | 	Train Accuracy     : 1.0000
Valid Loss     : 0.2707	 | 	Valid Accuracy     : 1.0000

Epoch : 15
Train Loss     : 0.2920	 | 	Train Accuracy     : 1.0000
Valid Loss     : 0.2703	 | 	Valid Accuracy     : 1.0000

Epoch : 16
Train Loss     : 0.2898	 | 	Train Accuracy     : 0.9917
Valid Loss     : 0.2755	 | 	Valid Accuracy     : 1.0000

Epoch : 17
Train Loss     : 0.2795	 | 	Train Accuracy     : 1.0000
Valid Loss     : 0.2583	 | 	Valid Accuracy     : 1.0000

Epoch : 18
Train Loss     : 0.2706	 | 	Train Accuracy     : 1.0000
Valid Loss     : 0.2676	 | 	Valid Accuracy     : 1.0000

Epoch : 19
Train Loss     : 0.2707	 | 	Train Accuracy     : 1.0000
Valid Loss     : 0.2620	 | 	Valid Accuracy     : 1.0000

Epoch : 20
Train Loss     : 0.2616	 | 	Train Accuracy     : 1.0000
Valid Loss     : 0.2495	 | 	Valid Accuracy     : 1.0000

Epoch : 21
Train Loss     : 0.2566	 | 	Train Accuracy     : 1.0000
Valid Loss     : 0.2436	 | 	Valid Accuracy     : 1.0000

Epoch : 22
Train Loss     : 0.2534	 | 	Train Accuracy     : 1.0000
Valid Loss     : 0.2387	 | 	Valid Accuracy     : 1.0000

Epoch : 23
Train Loss     : 0.2491	 | 	Train Accuracy     : 1.0000
Valid Loss     : 0.2343	 | 	Valid Accuracy     : 1.0000

Epoch : 24
Train Loss     : 0.2456	 | 	Train Accuracy     : 1.0000
Valid Loss     : 0.2300	 | 	Valid Accuracy     : 1.0000

Epoch : 25
Train Loss     : 0.2394	 | 	Train Accuracy     : 1.0000
Valid Loss     : 0.2258	 | 	Valid Accuracy     : 1.0000

Epoch : 26
Train Loss     : 0.2361	 | 	Train Accuracy     : 1.0000
Valid Loss     : 0.2218	 | 	Valid Accuracy     : 1.0000

Epoch : 27
Train Loss     : 0.2319	 | 	Train Accuracy     : 1.0000
Valid Loss     : 0.2185	 | 	Valid Accuracy     : 1.0000

Epoch : 28
Train Loss     : 0.2285	 | 	Train Accuracy     : 1.0000
Valid Loss     : 0.2146	 | 	Valid Accuracy     : 1.0000

Epoch : 29
Train Loss     : 0.2240	 | 	Train Accuracy     : 1.0000
Valid Loss     : 0.2109	 | 	Valid Accuracy     : 1.0000

Epoch : 30
Train Loss     : 0.2186	 | 	Train Accuracy     : 1.0000
Valid Loss     : 0.2073	 | 	Valid Accuracy     : 1.0000

Evaluate on the Test set:
Test loss      :0.3346	 | Test Accuracy      : 0.9833

################## Training is Done! #########################
Training time is : 0:02:07.015354
