=============================================
Dataset: EMG
Method:  °³¹ßÁß...
Mode:    supervised
=============================================
Data loaded ...
Training started ....

Epoch : 1
Train Loss     : 0.3659	 | 	Train Accuracy     : 0.9167
Valid Loss     : 0.1380	 | 	Valid Accuracy     : 1.0000

Epoch : 2
Train Loss     : 0.1184	 | 	Train Accuracy     : 0.9667
Valid Loss     : 0.0624	 | 	Valid Accuracy     : 0.9750

Epoch : 3
Train Loss     : 0.1072	 | 	Train Accuracy     : 0.9667
Valid Loss     : 0.0527	 | 	Valid Accuracy     : 0.9750

Epoch : 4
Train Loss     : 0.1395	 | 	Train Accuracy     : 0.9583
Valid Loss     : 0.0080	 | 	Valid Accuracy     : 1.0000

Epoch : 5
Train Loss     : 0.0650	 | 	Train Accuracy     : 0.9750
Valid Loss     : 0.0661	 | 	Valid Accuracy     : 0.9750

Epoch : 6
Train Loss     : 0.0218	 | 	Train Accuracy     : 0.9917
Valid Loss     : 0.0231	 | 	Valid Accuracy     : 1.0000

Epoch : 7
Train Loss     : 0.0442	 | 	Train Accuracy     : 0.9833
Valid Loss     : 0.0029	 | 	Valid Accuracy     : 1.0000

Epoch : 8
Train Loss     : 0.0585	 | 	Train Accuracy     : 0.9917
Valid Loss     : 0.0238	 | 	Valid Accuracy     : 1.0000

Epoch : 9
Train Loss     : 0.0304	 | 	Train Accuracy     : 0.9917
Valid Loss     : 0.0038	 | 	Valid Accuracy     : 1.0000

Epoch : 10
Train Loss     : 0.1296	 | 	Train Accuracy     : 0.9917
Valid Loss     : 0.1103	 | 	Valid Accuracy     : 0.9750

Epoch : 11
Train Loss     : 0.0615	 | 	Train Accuracy     : 0.9750
Valid Loss     : 0.0180	 | 	Valid Accuracy     : 1.0000

Epoch : 12
Train Loss     : 0.0100	 | 	Train Accuracy     : 1.0000
Valid Loss     : 0.0320	 | 	Valid Accuracy     : 0.9750

Epoch : 13
Train Loss     : 0.0044	 | 	Train Accuracy     : 1.0000
Valid Loss     : 0.0067	 | 	Valid Accuracy     : 1.0000

Epoch : 14
Train Loss     : 0.0042	 | 	Train Accuracy     : 1.0000
Valid Loss     : 0.0041	 | 	Valid Accuracy     : 1.0000

Epoch : 15
Train Loss     : 0.0036	 | 	Train Accuracy     : 1.0000
Valid Loss     : 0.0035	 | 	Valid Accuracy     : 1.0000

Epoch : 16
Train Loss     : 0.0020	 | 	Train Accuracy     : 1.0000
Valid Loss     : 0.0022	 | 	Valid Accuracy     : 1.0000

Epoch : 17
Train Loss     : 0.0016	 | 	Train Accuracy     : 1.0000
Valid Loss     : 0.0015	 | 	Valid Accuracy     : 1.0000

Epoch : 18
Train Loss     : 0.0024	 | 	Train Accuracy     : 1.0000
Valid Loss     : 0.0034	 | 	Valid Accuracy     : 1.0000

Epoch : 19
Train Loss     : 0.0459	 | 	Train Accuracy     : 0.9833
Valid Loss     : 0.0196	 | 	Valid Accuracy     : 1.0000

Epoch : 20
Train Loss     : 0.0293	 | 	Train Accuracy     : 0.9833
Valid Loss     : 0.0557	 | 	Valid Accuracy     : 1.0000

Evaluate on the Test set:
Test loss      :0.3960	 | Test Accuracy      : 0.9583

################## Training is Done! #########################
Training time is : 0:00:40.866659
