=============================================
Dataset: EMG
Method:  °³¹ßÁß...
Mode:    supervised
=============================================
Data loaded ...
Training started ....

Epoch : 1
Train Loss     : 0.6113	 | 	Train Accuracy     : 0.8083
Valid Loss     : 1676.0087	 | 	Valid Accuracy     : 0.1250

Epoch : 2
Train Loss     : 0.4431	 | 	Train Accuracy     : 0.9000
Valid Loss     : 514.4436	 | 	Valid Accuracy     : 0.1250

Epoch : 3
Train Loss     : 0.0882	 | 	Train Accuracy     : 0.9833
Valid Loss     : 61.1765	 | 	Valid Accuracy     : 0.5500

Epoch : 4
Train Loss     : 0.0882	 | 	Train Accuracy     : 0.9667
Valid Loss     : 5.1730	 | 	Valid Accuracy     : 0.7250

Epoch : 5
Train Loss     : 0.1846	 | 	Train Accuracy     : 0.9500
Valid Loss     : 0.2783	 | 	Valid Accuracy     : 0.9000

Epoch : 6
Train Loss     : 0.0502	 | 	Train Accuracy     : 0.9750
Valid Loss     : 0.5095	 | 	Valid Accuracy     : 0.8750

Epoch : 7
Train Loss     : 0.0180	 | 	Train Accuracy     : 1.0000
Valid Loss     : 0.7004	 | 	Valid Accuracy     : 0.9000

Epoch : 8
Train Loss     : 0.0358	 | 	Train Accuracy     : 0.9917
Valid Loss     : 0.0002	 | 	Valid Accuracy     : 1.0000

Epoch : 9
Train Loss     : 0.0281	 | 	Train Accuracy     : 0.9917
Valid Loss     : 0.0029	 | 	Valid Accuracy     : 1.0000

Epoch : 10
Train Loss     : 0.0407	 | 	Train Accuracy     : 0.9833
Valid Loss     : 0.0011	 | 	Valid Accuracy     : 1.0000

Epoch : 11
Train Loss     : 0.0183	 | 	Train Accuracy     : 0.9917
Valid Loss     : 0.0021	 | 	Valid Accuracy     : 1.0000

Epoch : 12
Train Loss     : 0.0081	 | 	Train Accuracy     : 1.0000
Valid Loss     : 0.0239	 | 	Valid Accuracy     : 0.9750

Epoch : 13
Train Loss     : 0.0541	 | 	Train Accuracy     : 0.9667
Valid Loss     : 0.0895	 | 	Valid Accuracy     : 0.9500

Epoch : 14
Train Loss     : 0.0482	 | 	Train Accuracy     : 0.9917
Valid Loss     : 0.0189	 | 	Valid Accuracy     : 1.0000

Epoch : 15
Train Loss     : 0.0376	 | 	Train Accuracy     : 0.9917
Valid Loss     : 0.0396	 | 	Valid Accuracy     : 0.9750

Epoch : 16
Train Loss     : 0.0287	 | 	Train Accuracy     : 1.0000
Valid Loss     : 0.0044	 | 	Valid Accuracy     : 1.0000

Epoch : 17
Train Loss     : 0.0252	 | 	Train Accuracy     : 0.9917
Valid Loss     : 0.0779	 | 	Valid Accuracy     : 0.9750

Epoch : 18
Train Loss     : 0.0723	 | 	Train Accuracy     : 0.9667
Valid Loss     : 0.0995	 | 	Valid Accuracy     : 0.9500

Epoch : 19
Train Loss     : 0.0527	 | 	Train Accuracy     : 0.9833
Valid Loss     : 0.1344	 | 	Valid Accuracy     : 0.9250

Epoch : 20
Train Loss     : 0.0060	 | 	Train Accuracy     : 1.0000
Valid Loss     : 0.0378	 | 	Valid Accuracy     : 1.0000

Epoch : 21
Train Loss     : 0.0106	 | 	Train Accuracy     : 1.0000
Valid Loss     : 0.0203	 | 	Valid Accuracy     : 1.0000

Epoch : 22
Train Loss     : 0.0128	 | 	Train Accuracy     : 1.0000
Valid Loss     : 0.0137	 | 	Valid Accuracy     : 1.0000

Epoch : 23
Train Loss     : 0.0089	 | 	Train Accuracy     : 1.0000
Valid Loss     : 0.0113	 | 	Valid Accuracy     : 1.0000

Epoch : 24
Train Loss     : 0.0050	 | 	Train Accuracy     : 1.0000
Valid Loss     : 0.0100	 | 	Valid Accuracy     : 1.0000

Epoch : 25
Train Loss     : 0.0285	 | 	Train Accuracy     : 0.9917
Valid Loss     : 0.0093	 | 	Valid Accuracy     : 1.0000

Epoch : 26
Train Loss     : 0.0029	 | 	Train Accuracy     : 1.0000
Valid Loss     : 0.0087	 | 	Valid Accuracy     : 1.0000

Epoch : 27
Train Loss     : 0.0020	 | 	Train Accuracy     : 1.0000
Valid Loss     : 0.0092	 | 	Valid Accuracy     : 1.0000

Epoch : 28
Train Loss     : 0.0020	 | 	Train Accuracy     : 1.0000
Valid Loss     : 0.0097	 | 	Valid Accuracy     : 1.0000

Epoch : 29
Train Loss     : 0.0041	 | 	Train Accuracy     : 1.0000
Valid Loss     : 0.0104	 | 	Valid Accuracy     : 1.0000

Epoch : 30
Train Loss     : 0.0069	 | 	Train Accuracy     : 1.0000
Valid Loss     : 0.0106	 | 	Valid Accuracy     : 1.0000

Evaluate on the Test set:
Test loss      :0.0949	 | Test Accuracy      : 0.9833

################## Training is Done! #########################
Training time is : 0:00:46.662608
