=============================================
Dataset: EMG
Method:  °³¹ßÁß...
Mode:    supervised
=============================================
Data loaded ...
Training started ....

Epoch : 1
Train Loss     : 0.2949	 | 	Train Accuracy     : 0.8833
Valid Loss     : 0.0357	 | 	Valid Accuracy     : 0.9750

Epoch : 2
Train Loss     : 0.1556	 | 	Train Accuracy     : 0.9417
Valid Loss     : 0.0227	 | 	Valid Accuracy     : 1.0000

Epoch : 3
Train Loss     : 0.0389	 | 	Train Accuracy     : 1.0000
Valid Loss     : 0.0064	 | 	Valid Accuracy     : 1.0000

Epoch : 4
Train Loss     : 0.0189	 | 	Train Accuracy     : 0.9917
Valid Loss     : 0.0208	 | 	Valid Accuracy     : 1.0000

Epoch : 5
Train Loss     : 0.0045	 | 	Train Accuracy     : 1.0000
Valid Loss     : 0.0101	 | 	Valid Accuracy     : 1.0000

Epoch : 6
Train Loss     : 0.0122	 | 	Train Accuracy     : 1.0000
Valid Loss     : 0.0042	 | 	Valid Accuracy     : 1.0000

Epoch : 7
Train Loss     : 0.0044	 | 	Train Accuracy     : 1.0000
Valid Loss     : 0.0061	 | 	Valid Accuracy     : 1.0000

Epoch : 8
Train Loss     : 0.0020	 | 	Train Accuracy     : 1.0000
Valid Loss     : 0.0055	 | 	Valid Accuracy     : 1.0000

Epoch : 9
Train Loss     : 0.0023	 | 	Train Accuracy     : 1.0000
Valid Loss     : 0.0046	 | 	Valid Accuracy     : 1.0000

Epoch : 10
Train Loss     : 0.0007	 | 	Train Accuracy     : 1.0000
Valid Loss     : 0.0026	 | 	Valid Accuracy     : 1.0000

Epoch : 11
Train Loss     : 0.0011	 | 	Train Accuracy     : 1.0000
Valid Loss     : 0.0024	 | 	Valid Accuracy     : 1.0000

Epoch : 12
Train Loss     : 0.0006	 | 	Train Accuracy     : 1.0000
Valid Loss     : 0.0019	 | 	Valid Accuracy     : 1.0000

Epoch : 13
Train Loss     : 0.0012	 | 	Train Accuracy     : 1.0000
Valid Loss     : 0.0030	 | 	Valid Accuracy     : 1.0000

Epoch : 14
Train Loss     : 0.0007	 | 	Train Accuracy     : 1.0000
Valid Loss     : 0.0029	 | 	Valid Accuracy     : 1.0000

Epoch : 15
Train Loss     : 0.0019	 | 	Train Accuracy     : 1.0000
Valid Loss     : 0.0030	 | 	Valid Accuracy     : 1.0000

Epoch : 16
Train Loss     : 0.0007	 | 	Train Accuracy     : 1.0000
Valid Loss     : 0.0018	 | 	Valid Accuracy     : 1.0000

Epoch : 17
Train Loss     : 0.0013	 | 	Train Accuracy     : 1.0000
Valid Loss     : 0.0021	 | 	Valid Accuracy     : 1.0000

Epoch : 18
Train Loss     : 0.0008	 | 	Train Accuracy     : 1.0000
Valid Loss     : 0.0015	 | 	Valid Accuracy     : 1.0000

Epoch : 19
Train Loss     : 0.0015	 | 	Train Accuracy     : 1.0000
Valid Loss     : 0.0018	 | 	Valid Accuracy     : 1.0000

Epoch : 20
Train Loss     : 0.0007	 | 	Train Accuracy     : 1.0000
Valid Loss     : 0.0015	 | 	Valid Accuracy     : 1.0000

Epoch : 21
Train Loss     : 0.0003	 | 	Train Accuracy     : 1.0000
Valid Loss     : 0.0009	 | 	Valid Accuracy     : 1.0000

Epoch : 22
Train Loss     : 0.0006	 | 	Train Accuracy     : 1.0000
Valid Loss     : 0.0014	 | 	Valid Accuracy     : 1.0000

Epoch : 23
Train Loss     : 0.0004	 | 	Train Accuracy     : 1.0000
Valid Loss     : 0.0010	 | 	Valid Accuracy     : 1.0000

Epoch : 24
Train Loss     : 0.0003	 | 	Train Accuracy     : 1.0000
Valid Loss     : 0.0004	 | 	Valid Accuracy     : 1.0000

Epoch : 25
Train Loss     : 0.0003	 | 	Train Accuracy     : 1.0000
Valid Loss     : 0.0008	 | 	Valid Accuracy     : 1.0000

Epoch : 26
Train Loss     : 0.0006	 | 	Train Accuracy     : 1.0000
Valid Loss     : 0.0011	 | 	Valid Accuracy     : 1.0000

Epoch : 27
Train Loss     : 0.0008	 | 	Train Accuracy     : 1.0000
Valid Loss     : 0.0030	 | 	Valid Accuracy     : 1.0000

Epoch : 28
Train Loss     : 0.0005	 | 	Train Accuracy     : 1.0000
Valid Loss     : 0.0029	 | 	Valid Accuracy     : 1.0000

Epoch : 29
Train Loss     : 0.0002	 | 	Train Accuracy     : 1.0000
Valid Loss     : 0.0015	 | 	Valid Accuracy     : 1.0000

Epoch : 30
Train Loss     : 0.0004	 | 	Train Accuracy     : 1.0000
Valid Loss     : 0.0013	 | 	Valid Accuracy     : 1.0000

Evaluate on the Test set:
Test loss      :0.1991	 | Test Accuracy      : 0.9545

################## Training is Done! #########################
Training time is : 0:00:57.189896
