=============================================
Dataset: EMG
Method:  °³¹ßÁß...
Mode:    supervised
=============================================
Data loaded ...
Training started ....

Epoch : 1
Train Loss     : 0.9364	 | 	Train Accuracy     : 0.8083
Valid Loss     : 124.1166	 | 	Valid Accuracy     : 0.1250

Epoch : 2
Train Loss     : 0.2798	 | 	Train Accuracy     : 0.9500
Valid Loss     : 1.1390	 | 	Valid Accuracy     : 0.8500

Epoch : 3
Train Loss     : 0.3946	 | 	Train Accuracy     : 0.8667
Valid Loss     : 0.6265	 | 	Valid Accuracy     : 0.9000

Epoch : 4
Train Loss     : 0.2792	 | 	Train Accuracy     : 0.9250
Valid Loss     : 0.8251	 | 	Valid Accuracy     : 0.9000

Epoch : 5
Train Loss     : 0.2371	 | 	Train Accuracy     : 0.9500
Valid Loss     : 0.5464	 | 	Valid Accuracy     : 0.9250

Epoch : 6
Train Loss     : 0.1563	 | 	Train Accuracy     : 0.9333
Valid Loss     : 0.2045	 | 	Valid Accuracy     : 0.9250

Epoch : 7
Train Loss     : 0.0838	 | 	Train Accuracy     : 0.9667
Valid Loss     : 0.0191	 | 	Valid Accuracy     : 1.0000

Epoch : 8
Train Loss     : 0.4692	 | 	Train Accuracy     : 0.9250
Valid Loss     : 2.4976	 | 	Valid Accuracy     : 0.4500

Epoch : 9
Train Loss     : 0.1850	 | 	Train Accuracy     : 0.9500
Valid Loss     : 0.5034	 | 	Valid Accuracy     : 0.5750

Epoch : 10
Train Loss     : 0.2463	 | 	Train Accuracy     : 0.9250
Valid Loss     : 1.6766	 | 	Valid Accuracy     : 0.4500

Epoch : 11
Train Loss     : 0.1404	 | 	Train Accuracy     : 0.9667
Valid Loss     : 0.2327	 | 	Valid Accuracy     : 0.9250

Epoch : 12
Train Loss     : 0.0284	 | 	Train Accuracy     : 0.9917
Valid Loss     : 0.7979	 | 	Valid Accuracy     : 0.6500

Epoch : 13
Train Loss     : 0.0519	 | 	Train Accuracy     : 0.9750
Valid Loss     : 0.0067	 | 	Valid Accuracy     : 1.0000

Epoch : 14
Train Loss     : 0.1064	 | 	Train Accuracy     : 0.9667
Valid Loss     : 0.0150	 | 	Valid Accuracy     : 1.0000

Epoch : 15
Train Loss     : 0.0809	 | 	Train Accuracy     : 0.9750
Valid Loss     : 0.5368	 | 	Valid Accuracy     : 0.8000

Epoch : 16
Train Loss     : 0.0681	 | 	Train Accuracy     : 0.9833
Valid Loss     : 0.1093	 | 	Valid Accuracy     : 0.9750

Epoch : 17
Train Loss     : 0.0862	 | 	Train Accuracy     : 0.9917
Valid Loss     : 0.0553	 | 	Valid Accuracy     : 0.9750

Epoch : 18
Train Loss     : 0.0170	 | 	Train Accuracy     : 1.0000
Valid Loss     : 0.0121	 | 	Valid Accuracy     : 1.0000

Epoch : 19
Train Loss     : 0.1743	 | 	Train Accuracy     : 0.9500
Valid Loss     : 0.1808	 | 	Valid Accuracy     : 0.9750

Epoch : 20
Train Loss     : 0.1440	 | 	Train Accuracy     : 0.9500
Valid Loss     : 0.9229	 | 	Valid Accuracy     : 0.4500

Epoch : 21
Train Loss     : 0.3563	 | 	Train Accuracy     : 0.9083
Valid Loss     : 22.6986	 | 	Valid Accuracy     : 0.3750

Epoch : 22
Train Loss     : 0.2021	 | 	Train Accuracy     : 0.9417
Valid Loss     : 1.3181	 | 	Valid Accuracy     : 0.3750

Epoch : 23
Train Loss     : 0.0459	 | 	Train Accuracy     : 0.9917
Valid Loss     : 0.0064	 | 	Valid Accuracy     : 1.0000

Epoch : 24
Train Loss     : 0.1340	 | 	Train Accuracy     : 0.9750
Valid Loss     : 0.0891	 | 	Valid Accuracy     : 0.9750

Epoch : 25
Train Loss     : 0.0659	 | 	Train Accuracy     : 0.9917
Valid Loss     : 0.0748	 | 	Valid Accuracy     : 0.9750

Epoch : 26
Train Loss     : 0.0394	 | 	Train Accuracy     : 0.9833
Valid Loss     : 0.0257	 | 	Valid Accuracy     : 1.0000

Epoch : 27
Train Loss     : 0.0098	 | 	Train Accuracy     : 1.0000
Valid Loss     : 0.0492	 | 	Valid Accuracy     : 1.0000

Epoch : 28
Train Loss     : 0.0913	 | 	Train Accuracy     : 0.9833
Valid Loss     : 0.3761	 | 	Valid Accuracy     : 0.8000

Epoch : 29
Train Loss     : 0.2846	 | 	Train Accuracy     : 0.9083
Valid Loss     : 0.0857	 | 	Valid Accuracy     : 0.9750

Epoch : 30
Train Loss     : 0.1713	 | 	Train Accuracy     : 0.9417
Valid Loss     : 0.0290	 | 	Valid Accuracy     : 1.0000

Evaluate on the Test set:
Test loss      :0.3400	 | Test Accuracy      : 0.8750

################## Training is Done! #########################
Training time is : 0:00:57.172354
