=============================================
Dataset: EMG
Method:  °³¹ßÁß...
Mode:    supervised
=============================================
Data loaded ...
Training started ....

Epoch : 1
Train Loss     : 0.5721	 | 	Train Accuracy     : 0.7417
Valid Loss     : 1.5161	 | 	Valid Accuracy     : 0.1250

Epoch : 2
Train Loss     : 0.0314	 | 	Train Accuracy     : 0.9917
Valid Loss     : 1.4809	 | 	Valid Accuracy     : 0.6750

Epoch : 3
Train Loss     : 0.0037	 | 	Train Accuracy     : 1.0000
Valid Loss     : 0.8923	 | 	Valid Accuracy     : 0.6750

Epoch : 4
Train Loss     : 0.0084	 | 	Train Accuracy     : 1.0000
Valid Loss     : 0.1338	 | 	Valid Accuracy     : 0.9750

Epoch : 5
Train Loss     : 0.0496	 | 	Train Accuracy     : 0.9750
Valid Loss     : 0.0968	 | 	Valid Accuracy     : 0.9750

Epoch : 6
Train Loss     : 0.0015	 | 	Train Accuracy     : 1.0000
Valid Loss     : 0.0401	 | 	Valid Accuracy     : 1.0000

Epoch : 7
Train Loss     : 0.0017	 | 	Train Accuracy     : 1.0000
Valid Loss     : 0.0285	 | 	Valid Accuracy     : 1.0000

Epoch : 8
Train Loss     : 0.0015	 | 	Train Accuracy     : 1.0000
Valid Loss     : 0.0341	 | 	Valid Accuracy     : 0.9750

Epoch : 9
Train Loss     : 0.0064	 | 	Train Accuracy     : 1.0000
Valid Loss     : 0.0515	 | 	Valid Accuracy     : 0.9750

Epoch : 10
Train Loss     : 0.0052	 | 	Train Accuracy     : 1.0000
Valid Loss     : 0.0497	 | 	Valid Accuracy     : 0.9750

Epoch : 11
Train Loss     : 0.0006	 | 	Train Accuracy     : 1.0000
Valid Loss     : 0.0379	 | 	Valid Accuracy     : 0.9750

Epoch : 12
Train Loss     : 0.0005	 | 	Train Accuracy     : 1.0000
Valid Loss     : 0.0280	 | 	Valid Accuracy     : 0.9750

Epoch : 13
Train Loss     : 0.0027	 | 	Train Accuracy     : 1.0000
Valid Loss     : 0.0121	 | 	Valid Accuracy     : 1.0000

Epoch : 14
Train Loss     : 0.0004	 | 	Train Accuracy     : 1.0000
Valid Loss     : 0.0017	 | 	Valid Accuracy     : 1.0000

Epoch : 15
Train Loss     : 0.0004	 | 	Train Accuracy     : 1.0000
Valid Loss     : 0.0006	 | 	Valid Accuracy     : 1.0000

Epoch : 16
Train Loss     : 0.0004	 | 	Train Accuracy     : 1.0000
Valid Loss     : 0.0005	 | 	Valid Accuracy     : 1.0000

Epoch : 17
Train Loss     : 0.0007	 | 	Train Accuracy     : 1.0000
Valid Loss     : 0.0004	 | 	Valid Accuracy     : 1.0000

Epoch : 18
Train Loss     : 0.0004	 | 	Train Accuracy     : 1.0000
Valid Loss     : 0.0004	 | 	Valid Accuracy     : 1.0000

Epoch : 19
Train Loss     : 0.0007	 | 	Train Accuracy     : 1.0000
Valid Loss     : 0.0003	 | 	Valid Accuracy     : 1.0000

Epoch : 20
Train Loss     : 0.0002	 | 	Train Accuracy     : 1.0000
Valid Loss     : 0.0003	 | 	Valid Accuracy     : 1.0000

Epoch : 21
Train Loss     : 0.0002	 | 	Train Accuracy     : 1.0000
Valid Loss     : 0.0003	 | 	Valid Accuracy     : 1.0000

Epoch : 22
Train Loss     : 0.0005	 | 	Train Accuracy     : 1.0000
Valid Loss     : 0.0004	 | 	Valid Accuracy     : 1.0000

Epoch : 23
Train Loss     : 0.0002	 | 	Train Accuracy     : 1.0000
Valid Loss     : 0.0004	 | 	Valid Accuracy     : 1.0000

Epoch : 24
Train Loss     : 0.0001	 | 	Train Accuracy     : 1.0000
Valid Loss     : 0.0004	 | 	Valid Accuracy     : 1.0000

Epoch : 25
Train Loss     : 0.0001	 | 	Train Accuracy     : 1.0000
Valid Loss     : 0.0004	 | 	Valid Accuracy     : 1.0000

Epoch : 26
Train Loss     : 0.0003	 | 	Train Accuracy     : 1.0000
Valid Loss     : 0.0004	 | 	Valid Accuracy     : 1.0000

Epoch : 27
Train Loss     : 0.0001	 | 	Train Accuracy     : 1.0000
Valid Loss     : 0.0004	 | 	Valid Accuracy     : 1.0000

Epoch : 28
Train Loss     : 0.0001	 | 	Train Accuracy     : 1.0000
Valid Loss     : 0.0004	 | 	Valid Accuracy     : 1.0000

Epoch : 29
Train Loss     : 0.0002	 | 	Train Accuracy     : 1.0000
Valid Loss     : 0.0004	 | 	Valid Accuracy     : 1.0000

Epoch : 30
Train Loss     : 0.0011	 | 	Train Accuracy     : 1.0000
Valid Loss     : 0.0005	 | 	Valid Accuracy     : 1.0000

Evaluate on the Test set:
Test loss      :0.1046	 | Test Accuracy      : 0.9875

################## Training is Done! #########################
Training time is : 0:00:43.775256
