=============================================
Dataset: EMG
Method:  °³¹ßÁß...
Mode:    train_linear
=============================================
Data loaded ...
Training started ....

Epoch : 1
Train Loss     : 0.7431	 | 	Train Accuracy     : 0.7083
Valid Loss     : 0.3896	 | 	Valid Accuracy     : 0.9500

Epoch : 2
Train Loss     : 0.5629	 | 	Train Accuracy     : 0.7667
Valid Loss     : 0.2806	 | 	Valid Accuracy     : 0.9750

Epoch : 3
Train Loss     : 0.5342	 | 	Train Accuracy     : 0.8417
Valid Loss     : 0.2122	 | 	Valid Accuracy     : 0.9750

Epoch : 4
Train Loss     : 0.5111	 | 	Train Accuracy     : 0.8000
Valid Loss     : 0.1746	 | 	Valid Accuracy     : 0.9500

Epoch : 5
Train Loss     : 0.4715	 | 	Train Accuracy     : 0.8333
Valid Loss     : 0.2007	 | 	Valid Accuracy     : 0.9750

Epoch : 6
Train Loss     : 0.5798	 | 	Train Accuracy     : 0.7917
Valid Loss     : 0.1839	 | 	Valid Accuracy     : 0.9500

Epoch : 7
Train Loss     : 0.5006	 | 	Train Accuracy     : 0.8250
Valid Loss     : 0.1573	 | 	Valid Accuracy     : 0.9500

Epoch : 8
Train Loss     : 0.4362	 | 	Train Accuracy     : 0.8250
Valid Loss     : 0.1691	 | 	Valid Accuracy     : 0.9500

Epoch : 9
Train Loss     : 0.4819	 | 	Train Accuracy     : 0.8000
Valid Loss     : 0.1590	 | 	Valid Accuracy     : 0.9250

Epoch : 10
Train Loss     : 0.5535	 | 	Train Accuracy     : 0.8167
Valid Loss     : 0.1477	 | 	Valid Accuracy     : 0.9750

Epoch : 11
Train Loss     : 0.5684	 | 	Train Accuracy     : 0.7917
Valid Loss     : 0.1635	 | 	Valid Accuracy     : 0.9750

Epoch : 12
Train Loss     : 0.4674	 | 	Train Accuracy     : 0.8417
Valid Loss     : 0.1792	 | 	Valid Accuracy     : 0.9750

Epoch : 13
Train Loss     : 0.4368	 | 	Train Accuracy     : 0.8583
Valid Loss     : 0.1582	 | 	Valid Accuracy     : 0.9750

Epoch : 14
Train Loss     : 0.3574	 | 	Train Accuracy     : 0.8833
Valid Loss     : 0.1506	 | 	Valid Accuracy     : 0.9750

Epoch : 15
Train Loss     : 0.4921	 | 	Train Accuracy     : 0.8000
Valid Loss     : 0.1190	 | 	Valid Accuracy     : 0.9500

Epoch : 16
Train Loss     : 0.3595	 | 	Train Accuracy     : 0.9000
Valid Loss     : 0.1578	 | 	Valid Accuracy     : 0.9750

Epoch : 17
Train Loss     : 0.4879	 | 	Train Accuracy     : 0.8167
Valid Loss     : 0.1087	 | 	Valid Accuracy     : 0.9750

Epoch : 18
Train Loss     : 0.5766	 | 	Train Accuracy     : 0.7917
Valid Loss     : 0.1284	 | 	Valid Accuracy     : 0.9750

Epoch : 19
Train Loss     : 0.5158	 | 	Train Accuracy     : 0.7917
Valid Loss     : 0.1598	 | 	Valid Accuracy     : 0.9750

Epoch : 20
Train Loss     : 0.4062	 | 	Train Accuracy     : 0.8333
Valid Loss     : 0.1483	 | 	Valid Accuracy     : 0.9750

Epoch : 21
Train Loss     : 0.4592	 | 	Train Accuracy     : 0.8500
Valid Loss     : 0.1441	 | 	Valid Accuracy     : 0.9500

Epoch : 22
Train Loss     : 0.5025	 | 	Train Accuracy     : 0.7917
Valid Loss     : 0.1279	 | 	Valid Accuracy     : 0.9750

Epoch : 23
Train Loss     : 0.3328	 | 	Train Accuracy     : 0.8917
Valid Loss     : 0.1649	 | 	Valid Accuracy     : 0.9750

Epoch : 24
Train Loss     : 0.4342	 | 	Train Accuracy     : 0.8750
Valid Loss     : 0.1219	 | 	Valid Accuracy     : 0.9750

Epoch : 25
Train Loss     : 0.3842	 | 	Train Accuracy     : 0.8500
Valid Loss     : 0.1091	 | 	Valid Accuracy     : 0.9750

Epoch : 26
Train Loss     : 0.4768	 | 	Train Accuracy     : 0.8000
Valid Loss     : 0.1309	 | 	Valid Accuracy     : 0.9750

Epoch : 27
Train Loss     : 0.4026	 | 	Train Accuracy     : 0.8667
Valid Loss     : 0.1321	 | 	Valid Accuracy     : 0.9750

Epoch : 28
Train Loss     : 0.6299	 | 	Train Accuracy     : 0.7917
Valid Loss     : 0.1712	 | 	Valid Accuracy     : 0.9750

Epoch : 29
Train Loss     : 0.5787	 | 	Train Accuracy     : 0.8250
Valid Loss     : 0.1244	 | 	Valid Accuracy     : 0.9750

Epoch : 30
Train Loss     : 0.4023	 | 	Train Accuracy     : 0.8167
Valid Loss     : 0.1410	 | 	Valid Accuracy     : 0.9750

Evaluate on the Test set:
Test loss      :0.1224	 | Test Accuracy      : 1.0000

################## Training is Done! #########################
Training time is : 0:00:29.461966
