=============================================
Dataset: EMG
Method:  °³¹ßÁß...
Mode:    train_linear
=============================================
Data loaded ...
Training started ....

Epoch : 1
Train Loss     : 0.7117	 | 	Train Accuracy     : 0.7083
Valid Loss     : 0.3072	 | 	Valid Accuracy     : 0.9250

Epoch : 2
Train Loss     : 0.4825	 | 	Train Accuracy     : 0.8167
Valid Loss     : 0.2877	 | 	Valid Accuracy     : 0.8750

Epoch : 3
Train Loss     : 0.4639	 | 	Train Accuracy     : 0.8750
Valid Loss     : 0.2328	 | 	Valid Accuracy     : 0.9250

Epoch : 4
Train Loss     : 0.4548	 | 	Train Accuracy     : 0.8500
Valid Loss     : 0.2218	 | 	Valid Accuracy     : 0.9250

Epoch : 5
Train Loss     : 0.4171	 | 	Train Accuracy     : 0.8500
Valid Loss     : 0.2441	 | 	Valid Accuracy     : 0.9000

Epoch : 6
Train Loss     : 0.5167	 | 	Train Accuracy     : 0.8167
Valid Loss     : 0.1867	 | 	Valid Accuracy     : 0.9250

Epoch : 7
Train Loss     : 0.5235	 | 	Train Accuracy     : 0.8000
Valid Loss     : 0.2187	 | 	Valid Accuracy     : 0.9250

Epoch : 8
Train Loss     : 0.4668	 | 	Train Accuracy     : 0.7667
Valid Loss     : 0.1961	 | 	Valid Accuracy     : 0.9500

Epoch : 9
Train Loss     : 0.5064	 | 	Train Accuracy     : 0.7917
Valid Loss     : 0.1920	 | 	Valid Accuracy     : 0.9250

Epoch : 10
Train Loss     : 0.5741	 | 	Train Accuracy     : 0.8000
Valid Loss     : 0.2506	 | 	Valid Accuracy     : 0.9000

Epoch : 11
Train Loss     : 0.4167	 | 	Train Accuracy     : 0.8583
Valid Loss     : 0.1862	 | 	Valid Accuracy     : 0.9250

Epoch : 12
Train Loss     : 0.5121	 | 	Train Accuracy     : 0.8167
Valid Loss     : 0.2047	 | 	Valid Accuracy     : 0.9250

Epoch : 13
Train Loss     : 0.2837	 | 	Train Accuracy     : 0.9250
Valid Loss     : 0.2046	 | 	Valid Accuracy     : 0.9250

Epoch : 14
Train Loss     : 0.5360	 | 	Train Accuracy     : 0.8167
Valid Loss     : 0.1899	 | 	Valid Accuracy     : 0.9250

Epoch : 15
Train Loss     : 0.5095	 | 	Train Accuracy     : 0.8083
Valid Loss     : 0.1733	 | 	Valid Accuracy     : 0.9250

Epoch : 16
Train Loss     : 0.4205	 | 	Train Accuracy     : 0.8667
Valid Loss     : 0.2438	 | 	Valid Accuracy     : 0.8750

Epoch : 17
Train Loss     : 0.3556	 | 	Train Accuracy     : 0.8417
Valid Loss     : 0.1929	 | 	Valid Accuracy     : 0.9250

Epoch : 18
Train Loss     : 0.4623	 | 	Train Accuracy     : 0.7917
Valid Loss     : 0.1617	 | 	Valid Accuracy     : 0.9500

Epoch : 19
Train Loss     : 0.5343	 | 	Train Accuracy     : 0.8167
Valid Loss     : 0.1647	 | 	Valid Accuracy     : 0.9500

Epoch : 20
Train Loss     : 0.3556	 | 	Train Accuracy     : 0.8750
Valid Loss     : 0.1848	 | 	Valid Accuracy     : 0.9250

Epoch : 21
Train Loss     : 0.3888	 | 	Train Accuracy     : 0.8750
Valid Loss     : 0.1697	 | 	Valid Accuracy     : 0.9500

Epoch : 22
Train Loss     : 0.5689	 | 	Train Accuracy     : 0.7750
Valid Loss     : 0.1904	 | 	Valid Accuracy     : 0.9500

Epoch : 23
Train Loss     : 0.4941	 | 	Train Accuracy     : 0.8000
Valid Loss     : 0.1918	 | 	Valid Accuracy     : 0.9250

Epoch : 24
Train Loss     : 0.5228	 | 	Train Accuracy     : 0.8167
Valid Loss     : 0.2283	 | 	Valid Accuracy     : 0.9000

Epoch : 25
Train Loss     : 0.4816	 | 	Train Accuracy     : 0.8333
Valid Loss     : 0.1676	 | 	Valid Accuracy     : 0.9250

Epoch : 26
Train Loss     : 0.3876	 | 	Train Accuracy     : 0.8500
Valid Loss     : 0.2061	 | 	Valid Accuracy     : 0.9250

Epoch : 27
Train Loss     : 0.5520	 | 	Train Accuracy     : 0.7583
Valid Loss     : 0.1806	 | 	Valid Accuracy     : 0.9500

Epoch : 28
Train Loss     : 0.4630	 | 	Train Accuracy     : 0.8000
Valid Loss     : 0.1784	 | 	Valid Accuracy     : 0.9250

Epoch : 29
Train Loss     : 0.4747	 | 	Train Accuracy     : 0.8333
Valid Loss     : 0.1905	 | 	Valid Accuracy     : 0.9250

Epoch : 30
Train Loss     : 0.4220	 | 	Train Accuracy     : 0.8167
Valid Loss     : 0.2061	 | 	Valid Accuracy     : 0.9000

Evaluate on the Test set:
Test loss      :0.1298	 | Test Accuracy      : 1.0000

################## Training is Done! #########################
Training time is : 0:00:29.466396
