=============================================
Dataset: EMG
Method:  °³¹ßÁß...
Mode:    random_init
=============================================
Data loaded ...
Training started ....

Epoch : 1
Train Loss     : 0.8801	 | 	Train Accuracy     : 0.5833
Valid Loss     : 0.6580	 | 	Valid Accuracy     : 0.8250

Epoch : 2
Train Loss     : 0.7383	 | 	Train Accuracy     : 0.6750
Valid Loss     : 0.5122	 | 	Valid Accuracy     : 0.8750

Epoch : 3
Train Loss     : 0.6230	 | 	Train Accuracy     : 0.8000
Valid Loss     : 0.4071	 | 	Valid Accuracy     : 0.9000

Epoch : 4
Train Loss     : 0.5406	 | 	Train Accuracy     : 0.8500
Valid Loss     : 0.3580	 | 	Valid Accuracy     : 0.9250

Epoch : 5
Train Loss     : 0.5255	 | 	Train Accuracy     : 0.8667
Valid Loss     : 0.3046	 | 	Valid Accuracy     : 0.9250

Epoch : 6
Train Loss     : 0.4339	 | 	Train Accuracy     : 0.8750
Valid Loss     : 0.2598	 | 	Valid Accuracy     : 0.9250

Epoch : 7
Train Loss     : 0.3868	 | 	Train Accuracy     : 0.9083
Valid Loss     : 0.2362	 | 	Valid Accuracy     : 0.9250

Epoch : 8
Train Loss     : 0.3750	 | 	Train Accuracy     : 0.9167
Valid Loss     : 0.2161	 | 	Valid Accuracy     : 0.9250

Epoch : 9
Train Loss     : 0.3732	 | 	Train Accuracy     : 0.9250
Valid Loss     : 0.2136	 | 	Valid Accuracy     : 0.9250

Epoch : 10
Train Loss     : 0.4599	 | 	Train Accuracy     : 0.8333
Valid Loss     : 0.1884	 | 	Valid Accuracy     : 0.9500

Epoch : 11
Train Loss     : 0.4575	 | 	Train Accuracy     : 0.8417
Valid Loss     : 0.1766	 | 	Valid Accuracy     : 0.9500

Epoch : 12
Train Loss     : 0.4050	 | 	Train Accuracy     : 0.9083
Valid Loss     : 0.1730	 | 	Valid Accuracy     : 0.9500

Epoch : 13
Train Loss     : 0.3911	 | 	Train Accuracy     : 0.8667
Valid Loss     : 0.1618	 | 	Valid Accuracy     : 0.9500

Epoch : 14
Train Loss     : 0.3488	 | 	Train Accuracy     : 0.9000
Valid Loss     : 0.1517	 | 	Valid Accuracy     : 0.9500

Epoch : 15
Train Loss     : 0.2652	 | 	Train Accuracy     : 0.9500
Valid Loss     : 0.1711	 | 	Valid Accuracy     : 0.9500

Epoch : 16
Train Loss     : 0.3779	 | 	Train Accuracy     : 0.8500
Valid Loss     : 0.1643	 | 	Valid Accuracy     : 0.9500

Epoch : 17
Train Loss     : 0.2766	 | 	Train Accuracy     : 0.9000
Valid Loss     : 0.1457	 | 	Valid Accuracy     : 0.9500

Epoch : 18
Train Loss     : 0.3109	 | 	Train Accuracy     : 0.9167
Valid Loss     : 0.1393	 | 	Valid Accuracy     : 0.9500

Epoch : 19
Train Loss     : 0.3793	 | 	Train Accuracy     : 0.8583
Valid Loss     : 0.1310	 | 	Valid Accuracy     : 0.9500

Epoch : 20
Train Loss     : 0.2940	 | 	Train Accuracy     : 0.9000
Valid Loss     : 0.1412	 | 	Valid Accuracy     : 0.9500

Epoch : 21
Train Loss     : 0.3230	 | 	Train Accuracy     : 0.8750
Valid Loss     : 0.1252	 | 	Valid Accuracy     : 0.9500

Epoch : 22
Train Loss     : 0.2669	 | 	Train Accuracy     : 0.9167
Valid Loss     : 0.1321	 | 	Valid Accuracy     : 0.9500

Epoch : 23
Train Loss     : 0.3762	 | 	Train Accuracy     : 0.8667
Valid Loss     : 0.1357	 | 	Valid Accuracy     : 0.9500

Epoch : 24
Train Loss     : 0.3041	 | 	Train Accuracy     : 0.9167
Valid Loss     : 0.1207	 | 	Valid Accuracy     : 0.9500

Epoch : 25
Train Loss     : 0.3278	 | 	Train Accuracy     : 0.8917
Valid Loss     : 0.1272	 | 	Valid Accuracy     : 0.9500

Epoch : 26
Train Loss     : 0.3119	 | 	Train Accuracy     : 0.8750
Valid Loss     : 0.1071	 | 	Valid Accuracy     : 0.9500

Epoch : 27
Train Loss     : 0.2353	 | 	Train Accuracy     : 0.9500
Valid Loss     : 0.1399	 | 	Valid Accuracy     : 0.9500

Epoch : 28
Train Loss     : 0.3801	 | 	Train Accuracy     : 0.8833
Valid Loss     : 0.1028	 | 	Valid Accuracy     : 0.9500

Epoch : 29
Train Loss     : 0.3672	 | 	Train Accuracy     : 0.9000
Valid Loss     : 0.0979	 | 	Valid Accuracy     : 1.0000

Epoch : 30
Train Loss     : 0.2319	 | 	Train Accuracy     : 0.9167
Valid Loss     : 0.1052	 | 	Valid Accuracy     : 0.9500

Evaluate on the Test set:
Test loss      :0.1055	 | Test Accuracy      : 0.9545

################## Training is Done! #########################
Training time is : 0:00:29.703141
