=============================================
Dataset: EMG
Method:  °³¹ßÁß...
Mode:    random_init
=============================================
Data loaded ...
Training started ....

Epoch : 1
Train Loss     : 0.9052	 | 	Train Accuracy     : 0.5667
Valid Loss     : 0.8169	 | 	Valid Accuracy     : 0.6750

Epoch : 2
Train Loss     : 0.7064	 | 	Train Accuracy     : 0.7000
Valid Loss     : 0.5504	 | 	Valid Accuracy     : 0.9000

Epoch : 3
Train Loss     : 0.6056	 | 	Train Accuracy     : 0.8750
Valid Loss     : 0.4367	 | 	Valid Accuracy     : 0.9500

Epoch : 4
Train Loss     : 0.5499	 | 	Train Accuracy     : 0.8833
Valid Loss     : 0.3649	 | 	Valid Accuracy     : 1.0000

Epoch : 5
Train Loss     : 0.4913	 | 	Train Accuracy     : 0.9000
Valid Loss     : 0.3097	 | 	Valid Accuracy     : 1.0000

Epoch : 6
Train Loss     : 0.3928	 | 	Train Accuracy     : 0.9250
Valid Loss     : 0.2755	 | 	Valid Accuracy     : 0.9750

Epoch : 7
Train Loss     : 0.3658	 | 	Train Accuracy     : 0.9417
Valid Loss     : 0.2323	 | 	Valid Accuracy     : 1.0000

Epoch : 8
Train Loss     : 0.3806	 | 	Train Accuracy     : 0.9417
Valid Loss     : 0.2035	 | 	Valid Accuracy     : 1.0000

Epoch : 9
Train Loss     : 0.3601	 | 	Train Accuracy     : 0.9250
Valid Loss     : 0.1842	 | 	Valid Accuracy     : 1.0000

Epoch : 10
Train Loss     : 0.2927	 | 	Train Accuracy     : 0.9583
Valid Loss     : 0.1688	 | 	Valid Accuracy     : 1.0000

Epoch : 11
Train Loss     : 0.3370	 | 	Train Accuracy     : 0.9333
Valid Loss     : 0.1523	 | 	Valid Accuracy     : 1.0000

Epoch : 12
Train Loss     : 0.2631	 | 	Train Accuracy     : 0.9500
Valid Loss     : 0.1410	 | 	Valid Accuracy     : 1.0000

Epoch : 13
Train Loss     : 0.2493	 | 	Train Accuracy     : 0.9583
Valid Loss     : 0.1363	 | 	Valid Accuracy     : 1.0000

Epoch : 14
Train Loss     : 0.2355	 | 	Train Accuracy     : 0.9500
Valid Loss     : 0.1261	 | 	Valid Accuracy     : 1.0000

Epoch : 15
Train Loss     : 0.2448	 | 	Train Accuracy     : 0.9333
Valid Loss     : 0.1129	 | 	Valid Accuracy     : 1.0000

Epoch : 16
Train Loss     : 0.2454	 | 	Train Accuracy     : 0.9500
Valid Loss     : 0.1087	 | 	Valid Accuracy     : 1.0000

Epoch : 17
Train Loss     : 0.2086	 | 	Train Accuracy     : 0.9583
Valid Loss     : 0.0966	 | 	Valid Accuracy     : 1.0000

Epoch : 18
Train Loss     : 0.1839	 | 	Train Accuracy     : 0.9750
Valid Loss     : 0.0965	 | 	Valid Accuracy     : 1.0000

Epoch : 19
Train Loss     : 0.3099	 | 	Train Accuracy     : 0.9000
Valid Loss     : 0.0854	 | 	Valid Accuracy     : 1.0000

Epoch : 20
Train Loss     : 0.2328	 | 	Train Accuracy     : 0.9417
Valid Loss     : 0.0820	 | 	Valid Accuracy     : 1.0000

Epoch : 21
Train Loss     : 0.2720	 | 	Train Accuracy     : 0.9083
Valid Loss     : 0.0828	 | 	Valid Accuracy     : 1.0000

Epoch : 22
Train Loss     : 0.2121	 | 	Train Accuracy     : 0.9417
Valid Loss     : 0.0883	 | 	Valid Accuracy     : 1.0000

Epoch : 23
Train Loss     : 0.1424	 | 	Train Accuracy     : 0.9833
Valid Loss     : 0.0713	 | 	Valid Accuracy     : 1.0000

Epoch : 24
Train Loss     : 0.2007	 | 	Train Accuracy     : 0.9417
Valid Loss     : 0.0706	 | 	Valid Accuracy     : 1.0000

Epoch : 25
Train Loss     : 0.1606	 | 	Train Accuracy     : 0.9667
Valid Loss     : 0.0657	 | 	Valid Accuracy     : 1.0000

Epoch : 26
Train Loss     : 0.1656	 | 	Train Accuracy     : 0.9750
Valid Loss     : 0.0713	 | 	Valid Accuracy     : 1.0000

Epoch : 27
Train Loss     : 0.1272	 | 	Train Accuracy     : 0.9917
Valid Loss     : 0.0588	 | 	Valid Accuracy     : 1.0000

Epoch : 28
Train Loss     : 0.1568	 | 	Train Accuracy     : 0.9583
Valid Loss     : 0.0581	 | 	Valid Accuracy     : 1.0000

Epoch : 29
Train Loss     : 0.1716	 | 	Train Accuracy     : 0.9667
Valid Loss     : 0.0562	 | 	Valid Accuracy     : 1.0000

Epoch : 30
Train Loss     : 0.2277	 | 	Train Accuracy     : 0.9583
Valid Loss     : 0.0510	 | 	Valid Accuracy     : 1.0000

Evaluate on the Test set:
Test loss      :0.1962	 | Test Accuracy      : 0.9375

################## Training is Done! #########################
Training time is : 0:00:30.035819
