=============================================
Dataset: EMG
Method:  °³¹ßÁß...
Mode:    random_init
=============================================
Data loaded ...
Training started ....

Epoch : 1
Train Loss     : 0.9413	 | 	Train Accuracy     : 0.5250
Valid Loss     : 0.7116	 | 	Valid Accuracy     : 0.6750

Epoch : 2
Train Loss     : 0.7730	 | 	Train Accuracy     : 0.7083
Valid Loss     : 0.5509	 | 	Valid Accuracy     : 0.8250

Epoch : 3
Train Loss     : 0.6558	 | 	Train Accuracy     : 0.8000
Valid Loss     : 0.4435	 | 	Valid Accuracy     : 0.9500

Epoch : 4
Train Loss     : 0.5880	 | 	Train Accuracy     : 0.8000
Valid Loss     : 0.3789	 | 	Valid Accuracy     : 0.9500

Epoch : 5
Train Loss     : 0.4966	 | 	Train Accuracy     : 0.8500
Valid Loss     : 0.3179	 | 	Valid Accuracy     : 0.9750

Epoch : 6
Train Loss     : 0.4203	 | 	Train Accuracy     : 0.8500
Valid Loss     : 0.2680	 | 	Valid Accuracy     : 0.9750

Epoch : 7
Train Loss     : 0.4410	 | 	Train Accuracy     : 0.8917
Valid Loss     : 0.2334	 | 	Valid Accuracy     : 0.9750

Epoch : 8
Train Loss     : 0.3537	 | 	Train Accuracy     : 0.9083
Valid Loss     : 0.2075	 | 	Valid Accuracy     : 0.9750

Epoch : 9
Train Loss     : 0.3453	 | 	Train Accuracy     : 0.9250
Valid Loss     : 0.1910	 | 	Valid Accuracy     : 0.9750

Epoch : 10
Train Loss     : 0.2818	 | 	Train Accuracy     : 0.9500
Valid Loss     : 0.1871	 | 	Valid Accuracy     : 0.9750

Epoch : 11
Train Loss     : 0.4407	 | 	Train Accuracy     : 0.8750
Valid Loss     : 0.1639	 | 	Valid Accuracy     : 0.9750

Epoch : 12
Train Loss     : 0.3292	 | 	Train Accuracy     : 0.8917
Valid Loss     : 0.1548	 | 	Valid Accuracy     : 0.9750

Epoch : 13
Train Loss     : 0.3005	 | 	Train Accuracy     : 0.9500
Valid Loss     : 0.1564	 | 	Valid Accuracy     : 0.9750

Epoch : 14
Train Loss     : 0.3012	 | 	Train Accuracy     : 0.9333
Valid Loss     : 0.1554	 | 	Valid Accuracy     : 0.9750

Epoch : 15
Train Loss     : 0.2357	 | 	Train Accuracy     : 0.9417
Valid Loss     : 0.1651	 | 	Valid Accuracy     : 0.9750

Epoch : 16
Train Loss     : 0.3597	 | 	Train Accuracy     : 0.9000
Valid Loss     : 0.1240	 | 	Valid Accuracy     : 0.9750

Epoch : 17
Train Loss     : 0.3216	 | 	Train Accuracy     : 0.8917
Valid Loss     : 0.1175	 | 	Valid Accuracy     : 0.9750

Epoch : 18
Train Loss     : 0.4122	 | 	Train Accuracy     : 0.8833
Valid Loss     : 0.1188	 | 	Valid Accuracy     : 0.9750

Epoch : 19
Train Loss     : 0.2313	 | 	Train Accuracy     : 0.9333
Valid Loss     : 0.1043	 | 	Valid Accuracy     : 0.9750

Epoch : 20
Train Loss     : 0.2068	 | 	Train Accuracy     : 0.9417
Valid Loss     : 0.1168	 | 	Valid Accuracy     : 0.9750

Epoch : 21
Train Loss     : 0.2348	 | 	Train Accuracy     : 0.9167
Valid Loss     : 0.1203	 | 	Valid Accuracy     : 0.9750

Epoch : 22
Train Loss     : 0.2467	 | 	Train Accuracy     : 0.9417
Valid Loss     : 0.1307	 | 	Valid Accuracy     : 0.9750

Epoch : 23
Train Loss     : 0.2023	 | 	Train Accuracy     : 0.9583
Valid Loss     : 0.1138	 | 	Valid Accuracy     : 0.9750

Epoch : 24
Train Loss     : 0.3765	 | 	Train Accuracy     : 0.8917
Valid Loss     : 0.1194	 | 	Valid Accuracy     : 0.9750

Epoch : 25
Train Loss     : 0.2239	 | 	Train Accuracy     : 0.9583
Valid Loss     : 0.0902	 | 	Valid Accuracy     : 0.9750

Epoch : 26
Train Loss     : 0.2195	 | 	Train Accuracy     : 0.9417
Valid Loss     : 0.0901	 | 	Valid Accuracy     : 0.9750

Epoch : 27
Train Loss     : 0.1383	 | 	Train Accuracy     : 0.9833
Valid Loss     : 0.0772	 | 	Valid Accuracy     : 0.9750

Epoch : 28
Train Loss     : 0.2009	 | 	Train Accuracy     : 0.9500
Valid Loss     : 0.0970	 | 	Valid Accuracy     : 0.9750

Epoch : 29
Train Loss     : 0.3644	 | 	Train Accuracy     : 0.8500
Valid Loss     : 0.0882	 | 	Valid Accuracy     : 0.9750

Epoch : 30
Train Loss     : 0.3106	 | 	Train Accuracy     : 0.8917
Valid Loss     : 0.1162	 | 	Valid Accuracy     : 0.9750

Evaluate on the Test set:
Test loss      :0.2061	 | Test Accuracy      : 0.8864

################## Training is Done! #########################
Training time is : 0:00:30.261570
