=============================================
Dataset: EMG
Method:  °³¹ßÁß...
Mode:    train_linear
=============================================
Data loaded ...
Training started ....

Epoch : 1
Train Loss     : 0.9326	 | 	Train Accuracy     : 0.5167
Valid Loss     : 0.9662	 | 	Valid Accuracy     : 0.6750

Epoch : 2
Train Loss     : 0.7359	 | 	Train Accuracy     : 0.7167
Valid Loss     : 1.0221	 | 	Valid Accuracy     : 0.7500

Epoch : 3
Train Loss     : 0.5805	 | 	Train Accuracy     : 0.7667
Valid Loss     : 1.1115	 | 	Valid Accuracy     : 0.7250

Epoch : 4
Train Loss     : 0.5543	 | 	Train Accuracy     : 0.7500
Valid Loss     : 1.0424	 | 	Valid Accuracy     : 0.8000

Epoch : 5
Train Loss     : 0.5627	 | 	Train Accuracy     : 0.7750
Valid Loss     : 1.1846	 | 	Valid Accuracy     : 0.8250

Epoch : 6
Train Loss     : 0.5120	 | 	Train Accuracy     : 0.8083
Valid Loss     : 1.1553	 | 	Valid Accuracy     : 0.8250

Epoch : 7
Train Loss     : 0.5132	 | 	Train Accuracy     : 0.8500
Valid Loss     : 1.3508	 | 	Valid Accuracy     : 0.8250

Epoch : 8
Train Loss     : 0.5522	 | 	Train Accuracy     : 0.7917
Valid Loss     : 1.3766	 | 	Valid Accuracy     : 0.7750

Epoch : 9
Train Loss     : 0.5751	 | 	Train Accuracy     : 0.7750
Valid Loss     : 1.2448	 | 	Valid Accuracy     : 0.8750

Epoch : 10
Train Loss     : 0.5672	 | 	Train Accuracy     : 0.7083
Valid Loss     : 0.9606	 | 	Valid Accuracy     : 0.8500

Epoch : 11
Train Loss     : 0.5918	 | 	Train Accuracy     : 0.7500
Valid Loss     : 1.3437	 | 	Valid Accuracy     : 0.8500

Epoch : 12
Train Loss     : 0.5614	 | 	Train Accuracy     : 0.7917
Valid Loss     : 0.9158	 | 	Valid Accuracy     : 0.8000

Epoch : 13
Train Loss     : 0.6605	 | 	Train Accuracy     : 0.7750
Valid Loss     : 1.3592	 | 	Valid Accuracy     : 0.8750

Epoch : 14
Train Loss     : 0.4810	 | 	Train Accuracy     : 0.8500
Valid Loss     : 0.8511	 | 	Valid Accuracy     : 0.8000

Epoch : 15
Train Loss     : 0.4465	 | 	Train Accuracy     : 0.8417
Valid Loss     : 1.3146	 | 	Valid Accuracy     : 0.8500

Epoch : 16
Train Loss     : 0.5057	 | 	Train Accuracy     : 0.8000
Valid Loss     : 0.9059	 | 	Valid Accuracy     : 0.8250

Epoch : 17
Train Loss     : 0.5161	 | 	Train Accuracy     : 0.7500
Valid Loss     : 0.8315	 | 	Valid Accuracy     : 0.8750

Epoch : 18
Train Loss     : 0.5151	 | 	Train Accuracy     : 0.7417
Valid Loss     : 0.8776	 | 	Valid Accuracy     : 0.8250

Epoch : 19
Train Loss     : 0.5021	 | 	Train Accuracy     : 0.8000
Valid Loss     : 1.3212	 | 	Valid Accuracy     : 0.8750

Epoch : 20
Train Loss     : 0.5745	 | 	Train Accuracy     : 0.8167
Valid Loss     : 0.9717	 | 	Valid Accuracy     : 0.8250

Epoch : 21
Train Loss     : 0.4903	 | 	Train Accuracy     : 0.8167
Valid Loss     : 0.9104	 | 	Valid Accuracy     : 0.8750

Epoch : 22
Train Loss     : 0.4892	 | 	Train Accuracy     : 0.8083
Valid Loss     : 0.8417	 | 	Valid Accuracy     : 0.8000

Epoch : 23
Train Loss     : 0.4188	 | 	Train Accuracy     : 0.8500
Valid Loss     : 1.0900	 | 	Valid Accuracy     : 0.8750

Epoch : 24
Train Loss     : 0.5717	 | 	Train Accuracy     : 0.7750
Valid Loss     : 0.8962	 | 	Valid Accuracy     : 0.8250

Epoch : 25
Train Loss     : 0.5265	 | 	Train Accuracy     : 0.8167
Valid Loss     : 1.0057	 | 	Valid Accuracy     : 0.8750

Epoch : 26
Train Loss     : 0.3812	 | 	Train Accuracy     : 0.8667
Valid Loss     : 1.1671	 | 	Valid Accuracy     : 0.7750

Epoch : 27
Train Loss     : 0.4104	 | 	Train Accuracy     : 0.8583
Valid Loss     : 0.9617	 | 	Valid Accuracy     : 0.8250

Epoch : 28
Train Loss     : 0.5713	 | 	Train Accuracy     : 0.8000
Valid Loss     : 1.0048	 | 	Valid Accuracy     : 0.9000

Epoch : 29
Train Loss     : 0.4690	 | 	Train Accuracy     : 0.8000
Valid Loss     : 0.8766	 | 	Valid Accuracy     : 0.8500

Epoch : 30
Train Loss     : 0.4603	 | 	Train Accuracy     : 0.8500
Valid Loss     : 1.0380	 | 	Valid Accuracy     : 0.8750

Evaluate on the Test set:
Test loss      :0.3664	 | Test Accuracy      : 0.9091

################## Training is Done! #########################
Training time is : 0:00:30.985329
