=============================================
Dataset: EMG
Method:  °³¹ßÁß...
Mode:    train_linear
=============================================
Data loaded ...
Training started ....

Epoch : 1
Train Loss     : 0.8473	 | 	Train Accuracy     : 0.6000
Valid Loss     : 0.6588	 | 	Valid Accuracy     : 0.6750

Epoch : 2
Train Loss     : 0.6016	 | 	Train Accuracy     : 0.7417
Valid Loss     : 0.4274	 | 	Valid Accuracy     : 0.8750

Epoch : 3
Train Loss     : 0.4601	 | 	Train Accuracy     : 0.8750
Valid Loss     : 0.3706	 | 	Valid Accuracy     : 0.8750

Epoch : 4
Train Loss     : 0.4303	 | 	Train Accuracy     : 0.8750
Valid Loss     : 0.3522	 | 	Valid Accuracy     : 0.8750

Epoch : 5
Train Loss     : 0.5190	 | 	Train Accuracy     : 0.8250
Valid Loss     : 0.3444	 | 	Valid Accuracy     : 0.9250

Epoch : 6
Train Loss     : 0.4246	 | 	Train Accuracy     : 0.8083
Valid Loss     : 0.3475	 | 	Valid Accuracy     : 0.9000

Epoch : 7
Train Loss     : 0.4070	 | 	Train Accuracy     : 0.8583
Valid Loss     : 0.3629	 | 	Valid Accuracy     : 0.9250

Epoch : 8
Train Loss     : 0.4113	 | 	Train Accuracy     : 0.8500
Valid Loss     : 0.4465	 | 	Valid Accuracy     : 0.9250

Epoch : 9
Train Loss     : 0.5402	 | 	Train Accuracy     : 0.8000
Valid Loss     : 0.3255	 | 	Valid Accuracy     : 0.9250

Epoch : 10
Train Loss     : 0.4532	 | 	Train Accuracy     : 0.8083
Valid Loss     : 0.3189	 | 	Valid Accuracy     : 0.9250

Epoch : 11
Train Loss     : 0.4002	 | 	Train Accuracy     : 0.8167
Valid Loss     : 0.3320	 | 	Valid Accuracy     : 0.9250

Epoch : 12
Train Loss     : 0.4406	 | 	Train Accuracy     : 0.8083
Valid Loss     : 0.3125	 | 	Valid Accuracy     : 0.9250

Epoch : 13
Train Loss     : 0.5934	 | 	Train Accuracy     : 0.8250
Valid Loss     : 0.4283	 | 	Valid Accuracy     : 0.9250

Epoch : 14
Train Loss     : 0.3771	 | 	Train Accuracy     : 0.8417
Valid Loss     : 0.3101	 | 	Valid Accuracy     : 0.9250

Epoch : 15
Train Loss     : 0.3690	 | 	Train Accuracy     : 0.8333
Valid Loss     : 0.3766	 | 	Valid Accuracy     : 0.9250

Epoch : 16
Train Loss     : 0.4856	 | 	Train Accuracy     : 0.8333
Valid Loss     : 0.2912	 | 	Valid Accuracy     : 0.9250

Epoch : 17
Train Loss     : 0.5130	 | 	Train Accuracy     : 0.7833
Valid Loss     : 0.2798	 | 	Valid Accuracy     : 0.9250

Epoch : 18
Train Loss     : 0.4965	 | 	Train Accuracy     : 0.8000
Valid Loss     : 0.2903	 | 	Valid Accuracy     : 0.9500

Epoch : 19
Train Loss     : 0.5215	 | 	Train Accuracy     : 0.7833
Valid Loss     : 0.4841	 | 	Valid Accuracy     : 0.9250

Epoch : 20
Train Loss     : 0.4730	 | 	Train Accuracy     : 0.8083
Valid Loss     : 0.3087	 | 	Valid Accuracy     : 0.9250

Epoch : 21
Train Loss     : 0.4564	 | 	Train Accuracy     : 0.8500
Valid Loss     : 0.3028	 | 	Valid Accuracy     : 0.9250

Epoch : 22
Train Loss     : 0.4142	 | 	Train Accuracy     : 0.8333
Valid Loss     : 0.3090	 | 	Valid Accuracy     : 0.9250

Epoch : 23
Train Loss     : 0.3784	 | 	Train Accuracy     : 0.8500
Valid Loss     : 0.3470	 | 	Valid Accuracy     : 0.9250

Epoch : 24
Train Loss     : 0.4921	 | 	Train Accuracy     : 0.7917
Valid Loss     : 0.3290	 | 	Valid Accuracy     : 0.9250

Epoch : 25
Train Loss     : 0.4514	 | 	Train Accuracy     : 0.8667
Valid Loss     : 0.3470	 | 	Valid Accuracy     : 0.9250

Epoch : 26
Train Loss     : 0.3478	 | 	Train Accuracy     : 0.8917
Valid Loss     : 0.3617	 | 	Valid Accuracy     : 0.9250

Epoch : 27
Train Loss     : 0.3747	 | 	Train Accuracy     : 0.8833
Valid Loss     : 0.3343	 | 	Valid Accuracy     : 0.9250

Epoch : 28
Train Loss     : 0.4652	 | 	Train Accuracy     : 0.8500
Valid Loss     : 0.3259	 | 	Valid Accuracy     : 0.9250

Epoch : 29
Train Loss     : 0.4236	 | 	Train Accuracy     : 0.8333
Valid Loss     : 0.2948	 | 	Valid Accuracy     : 0.9500

Epoch : 30
Train Loss     : 0.4322	 | 	Train Accuracy     : 0.7917
Valid Loss     : 0.3328	 | 	Valid Accuracy     : 0.9250

Evaluate on the Test set:
Test loss      :0.1444	 | Test Accuracy      : 0.9545

################## Training is Done! #########################
Training time is : 0:00:29.911001
