=============================================
Dataset: EMG
Method:  °³¹ßÁß...
Mode:    train_linear
=============================================
Data loaded ...
Training started ....

Epoch : 1
Train Loss     : 0.7776	 | 	Train Accuracy     : 0.6500
Valid Loss     : 0.4008	 | 	Valid Accuracy     : 0.8750

Epoch : 2
Train Loss     : 0.5676	 | 	Train Accuracy     : 0.7667
Valid Loss     : 0.2798	 | 	Valid Accuracy     : 0.9500

Epoch : 3
Train Loss     : 0.4288	 | 	Train Accuracy     : 0.8333
Valid Loss     : 0.2147	 | 	Valid Accuracy     : 0.9500

Epoch : 4
Train Loss     : 0.4483	 | 	Train Accuracy     : 0.8667
Valid Loss     : 0.1855	 | 	Valid Accuracy     : 0.9500

Epoch : 5
Train Loss     : 0.4001	 | 	Train Accuracy     : 0.8083
Valid Loss     : 0.1802	 | 	Valid Accuracy     : 0.9250

Epoch : 6
Train Loss     : 0.4777	 | 	Train Accuracy     : 0.8417
Valid Loss     : 0.1434	 | 	Valid Accuracy     : 0.9750

Epoch : 7
Train Loss     : 0.4027	 | 	Train Accuracy     : 0.8250
Valid Loss     : 0.1318	 | 	Valid Accuracy     : 0.9750

Epoch : 8
Train Loss     : 0.3955	 | 	Train Accuracy     : 0.8417
Valid Loss     : 0.1229	 | 	Valid Accuracy     : 0.9750

Epoch : 9
Train Loss     : 0.4454	 | 	Train Accuracy     : 0.8250
Valid Loss     : 0.1350	 | 	Valid Accuracy     : 0.9750

Epoch : 10
Train Loss     : 0.3155	 | 	Train Accuracy     : 0.8833
Valid Loss     : 0.1233	 | 	Valid Accuracy     : 0.9500

Epoch : 11
Train Loss     : 0.5362	 | 	Train Accuracy     : 0.7833
Valid Loss     : 0.1145	 | 	Valid Accuracy     : 0.9750

Epoch : 12
Train Loss     : 0.6192	 | 	Train Accuracy     : 0.7667
Valid Loss     : 0.1734	 | 	Valid Accuracy     : 0.9500

Epoch : 13
Train Loss     : 0.4602	 | 	Train Accuracy     : 0.8083
Valid Loss     : 0.1261	 | 	Valid Accuracy     : 0.9750

Epoch : 14
Train Loss     : 0.3672	 | 	Train Accuracy     : 0.8917
Valid Loss     : 0.1442	 | 	Valid Accuracy     : 0.9750

Epoch : 15
Train Loss     : 0.5395	 | 	Train Accuracy     : 0.7667
Valid Loss     : 0.1154	 | 	Valid Accuracy     : 0.9750

Epoch : 16
Train Loss     : 0.3700	 | 	Train Accuracy     : 0.8167
Valid Loss     : 0.1275	 | 	Valid Accuracy     : 0.9750

Epoch : 17
Train Loss     : 0.3631	 | 	Train Accuracy     : 0.8750
Valid Loss     : 0.1276	 | 	Valid Accuracy     : 0.9750

Epoch : 18
Train Loss     : 0.3407	 | 	Train Accuracy     : 0.8750
Valid Loss     : 0.1228	 | 	Valid Accuracy     : 0.9750

Epoch : 19
Train Loss     : 0.4271	 | 	Train Accuracy     : 0.8250
Valid Loss     : 0.1132	 | 	Valid Accuracy     : 1.0000

Epoch : 20
Train Loss     : 0.3481	 | 	Train Accuracy     : 0.9167
Valid Loss     : 0.1252	 | 	Valid Accuracy     : 0.9750

Epoch : 21
Train Loss     : 0.3762	 | 	Train Accuracy     : 0.8417
Valid Loss     : 0.1333	 | 	Valid Accuracy     : 0.9750

Epoch : 22
Train Loss     : 0.3328	 | 	Train Accuracy     : 0.8583
Valid Loss     : 0.1009	 | 	Valid Accuracy     : 0.9500

Epoch : 23
Train Loss     : 0.4307	 | 	Train Accuracy     : 0.8083
Valid Loss     : 0.1080	 | 	Valid Accuracy     : 0.9750

Epoch : 24
Train Loss     : 0.4476	 | 	Train Accuracy     : 0.8083
Valid Loss     : 0.1299	 | 	Valid Accuracy     : 0.9750

Epoch : 25
Train Loss     : 0.2627	 | 	Train Accuracy     : 0.9333
Valid Loss     : 0.1187	 | 	Valid Accuracy     : 0.9750

Epoch : 26
Train Loss     : 0.4320	 | 	Train Accuracy     : 0.8417
Valid Loss     : 0.1141	 | 	Valid Accuracy     : 0.9750

Epoch : 27
Train Loss     : 0.3140	 | 	Train Accuracy     : 0.8833
Valid Loss     : 0.1294	 | 	Valid Accuracy     : 0.9750

Epoch : 28
Train Loss     : 0.4636	 | 	Train Accuracy     : 0.8000
Valid Loss     : 0.1022	 | 	Valid Accuracy     : 0.9750

Epoch : 29
Train Loss     : 0.3186	 | 	Train Accuracy     : 0.8917
Valid Loss     : 0.0973	 | 	Valid Accuracy     : 1.0000

Epoch : 30
Train Loss     : 0.3879	 | 	Train Accuracy     : 0.8417
Valid Loss     : 0.1102	 | 	Valid Accuracy     : 0.9750

Evaluate on the Test set:
Test loss      :0.2113	 | Test Accuracy      : 0.9545

################## Training is Done! #########################
Training time is : 0:00:33.619611
