=============================================
Dataset: EMG
Method:  °³¹ßÁß...
Mode:    train_linear
=============================================
Data loaded ...
Training started ....

Epoch : 1
Train Loss     : 0.5537	 | 	Train Accuracy     : 0.7167
Valid Loss     : 0.1475	 | 	Valid Accuracy     : 0.9250

Epoch : 2
Train Loss     : 0.3288	 | 	Train Accuracy     : 0.9083
Valid Loss     : 0.5061	 | 	Valid Accuracy     : 0.9000

Epoch : 3
Train Loss     : 0.2621	 | 	Train Accuracy     : 0.9167
Valid Loss     : 0.3358	 | 	Valid Accuracy     : 0.8750

Epoch : 4
Train Loss     : 0.1970	 | 	Train Accuracy     : 0.9333
Valid Loss     : 0.4556	 | 	Valid Accuracy     : 0.9000

Epoch : 5
Train Loss     : 0.2992	 | 	Train Accuracy     : 0.8917
Valid Loss     : 0.1543	 | 	Valid Accuracy     : 0.9500

Epoch : 6
Train Loss     : 0.2752	 | 	Train Accuracy     : 0.8833
Valid Loss     : 0.2104	 | 	Valid Accuracy     : 0.9250

Epoch : 7
Train Loss     : 0.2371	 | 	Train Accuracy     : 0.9000
Valid Loss     : 0.1653	 | 	Valid Accuracy     : 0.9750

Epoch : 8
Train Loss     : 0.1418	 | 	Train Accuracy     : 0.9583
Valid Loss     : 0.1697	 | 	Valid Accuracy     : 0.9500

Epoch : 9
Train Loss     : 0.2824	 | 	Train Accuracy     : 0.8833
Valid Loss     : 0.2580	 | 	Valid Accuracy     : 0.9250

Epoch : 10
Train Loss     : 0.1992	 | 	Train Accuracy     : 0.9083
Valid Loss     : 0.1654	 | 	Valid Accuracy     : 0.9500

Epoch : 11
Train Loss     : 0.2018	 | 	Train Accuracy     : 0.9000
Valid Loss     : 0.2450	 | 	Valid Accuracy     : 0.9500

Epoch : 12
Train Loss     : 0.2904	 | 	Train Accuracy     : 0.8833
Valid Loss     : 0.3841	 | 	Valid Accuracy     : 0.9000

Epoch : 13
Train Loss     : 0.2242	 | 	Train Accuracy     : 0.9333
Valid Loss     : 0.2271	 | 	Valid Accuracy     : 0.9250

Epoch : 14
Train Loss     : 0.1673	 | 	Train Accuracy     : 0.9417
Valid Loss     : 0.1648	 | 	Valid Accuracy     : 0.9500

Epoch : 15
Train Loss     : 0.2010	 | 	Train Accuracy     : 0.9333
Valid Loss     : 0.1522	 | 	Valid Accuracy     : 0.9750

Epoch : 16
Train Loss     : 0.1203	 | 	Train Accuracy     : 0.9500
Valid Loss     : 0.1620	 | 	Valid Accuracy     : 0.9750

Epoch : 17
Train Loss     : 0.0609	 | 	Train Accuracy     : 0.9833
Valid Loss     : 0.1600	 | 	Valid Accuracy     : 0.9750

Epoch : 18
Train Loss     : 0.1010	 | 	Train Accuracy     : 0.9667
Valid Loss     : 0.1456	 | 	Valid Accuracy     : 0.9750

Epoch : 19
Train Loss     : 0.2009	 | 	Train Accuracy     : 0.9583
Valid Loss     : 0.1466	 | 	Valid Accuracy     : 0.9500

Epoch : 20
Train Loss     : 0.0607	 | 	Train Accuracy     : 0.9917
Valid Loss     : 0.1532	 | 	Valid Accuracy     : 0.9500

Epoch : 21
Train Loss     : 0.1603	 | 	Train Accuracy     : 0.9417
Valid Loss     : 0.1778	 | 	Valid Accuracy     : 0.9500

Epoch : 22
Train Loss     : 0.1020	 | 	Train Accuracy     : 0.9667
Valid Loss     : 0.1432	 | 	Valid Accuracy     : 0.9500

Epoch : 23
Train Loss     : 0.1228	 | 	Train Accuracy     : 0.9583
Valid Loss     : 0.1530	 | 	Valid Accuracy     : 0.9750

Epoch : 24
Train Loss     : 0.1883	 | 	Train Accuracy     : 0.9167
Valid Loss     : 0.1501	 | 	Valid Accuracy     : 0.9750

Epoch : 25
Train Loss     : 0.0953	 | 	Train Accuracy     : 0.9667
Valid Loss     : 0.1518	 | 	Valid Accuracy     : 0.9500

Epoch : 26
Train Loss     : 0.3532	 | 	Train Accuracy     : 0.9000
Valid Loss     : 0.1399	 | 	Valid Accuracy     : 0.9500

Epoch : 27
Train Loss     : 0.1390	 | 	Train Accuracy     : 0.9500
Valid Loss     : 0.1476	 | 	Valid Accuracy     : 0.9750

Epoch : 28
Train Loss     : 0.3479	 | 	Train Accuracy     : 0.9083
Valid Loss     : 0.1712	 | 	Valid Accuracy     : 0.9500

Epoch : 29
Train Loss     : 0.0894	 | 	Train Accuracy     : 0.9833
Valid Loss     : 0.1866	 | 	Valid Accuracy     : 0.9500

Epoch : 30
Train Loss     : 0.1612	 | 	Train Accuracy     : 0.9417
Valid Loss     : 0.1947	 | 	Valid Accuracy     : 0.9500

Evaluate on the Test set:
Test loss      :0.0863	 | Test Accuracy      : 0.9792

################## Training is Done! #########################
Training time is : 0:00:39.074030
