=============================================
Dataset: EMG
Method:  °³¹ßÁß...
Mode:    train_linear
=============================================
Data loaded ...
Training started ....

Epoch : 1
Train Loss     : 0.6983	 | 	Train Accuracy     : 0.7500
Valid Loss     : 0.3960	 | 	Valid Accuracy     : 0.8500

Epoch : 2
Train Loss     : 0.5149	 | 	Train Accuracy     : 0.8167
Valid Loss     : 0.2677	 | 	Valid Accuracy     : 0.9750

Epoch : 3
Train Loss     : 0.3868	 | 	Train Accuracy     : 0.8833
Valid Loss     : 0.2319	 | 	Valid Accuracy     : 0.9250

Epoch : 4
Train Loss     : 0.2935	 | 	Train Accuracy     : 0.9000
Valid Loss     : 0.1948	 | 	Valid Accuracy     : 0.9750

Epoch : 5
Train Loss     : 0.3325	 | 	Train Accuracy     : 0.8917
Valid Loss     : 0.1595	 | 	Valid Accuracy     : 0.9750

Epoch : 6
Train Loss     : 0.3350	 | 	Train Accuracy     : 0.8833
Valid Loss     : 0.1379	 | 	Valid Accuracy     : 0.9750

Epoch : 7
Train Loss     : 0.3276	 | 	Train Accuracy     : 0.8750
Valid Loss     : 0.1398	 | 	Valid Accuracy     : 0.9750

Epoch : 8
Train Loss     : 0.2350	 | 	Train Accuracy     : 0.9000
Valid Loss     : 0.1365	 | 	Valid Accuracy     : 0.9750

Epoch : 9
Train Loss     : 0.3605	 | 	Train Accuracy     : 0.8500
Valid Loss     : 0.1326	 | 	Valid Accuracy     : 0.9750

Epoch : 10
Train Loss     : 0.2478	 | 	Train Accuracy     : 0.9250
Valid Loss     : 0.1361	 | 	Valid Accuracy     : 1.0000

Epoch : 11
Train Loss     : 0.2736	 | 	Train Accuracy     : 0.8917
Valid Loss     : 0.1343	 | 	Valid Accuracy     : 0.9750

Epoch : 12
Train Loss     : 0.2850	 | 	Train Accuracy     : 0.8833
Valid Loss     : 0.1359	 | 	Valid Accuracy     : 0.9750

Epoch : 13
Train Loss     : 0.2380	 | 	Train Accuracy     : 0.9000
Valid Loss     : 0.1134	 | 	Valid Accuracy     : 0.9750

Epoch : 14
Train Loss     : 0.2520	 | 	Train Accuracy     : 0.9000
Valid Loss     : 0.1117	 | 	Valid Accuracy     : 0.9750

Epoch : 15
Train Loss     : 0.3676	 | 	Train Accuracy     : 0.8500
Valid Loss     : 0.1192	 | 	Valid Accuracy     : 0.9500

Epoch : 16
Train Loss     : 0.1982	 | 	Train Accuracy     : 0.9250
Valid Loss     : 0.1119	 | 	Valid Accuracy     : 1.0000

Epoch : 17
Train Loss     : 0.1854	 | 	Train Accuracy     : 0.9000
Valid Loss     : 0.0992	 | 	Valid Accuracy     : 0.9750

Epoch : 18
Train Loss     : 0.2390	 | 	Train Accuracy     : 0.8917
Valid Loss     : 0.0940	 | 	Valid Accuracy     : 1.0000

Epoch : 19
Train Loss     : 0.3647	 | 	Train Accuracy     : 0.8500
Valid Loss     : 0.0906	 | 	Valid Accuracy     : 1.0000

Epoch : 20
Train Loss     : 0.1840	 | 	Train Accuracy     : 0.9250
Valid Loss     : 0.1059	 | 	Valid Accuracy     : 1.0000

Epoch : 21
Train Loss     : 0.3356	 | 	Train Accuracy     : 0.8500
Valid Loss     : 0.1079	 | 	Valid Accuracy     : 0.9750

Epoch : 22
Train Loss     : 0.2639	 | 	Train Accuracy     : 0.8833
Valid Loss     : 0.0953	 | 	Valid Accuracy     : 1.0000

Epoch : 23
Train Loss     : 0.2504	 | 	Train Accuracy     : 0.9000
Valid Loss     : 0.0877	 | 	Valid Accuracy     : 0.9750

Epoch : 24
Train Loss     : 0.3436	 | 	Train Accuracy     : 0.8417
Valid Loss     : 0.0925	 | 	Valid Accuracy     : 1.0000

Epoch : 25
Train Loss     : 0.1814	 | 	Train Accuracy     : 0.9583
Valid Loss     : 0.0871	 | 	Valid Accuracy     : 0.9750

Epoch : 26
Train Loss     : 0.4034	 | 	Train Accuracy     : 0.8750
Valid Loss     : 0.1049	 | 	Valid Accuracy     : 0.9500

Epoch : 27
Train Loss     : 0.2798	 | 	Train Accuracy     : 0.8500
Valid Loss     : 0.1015	 | 	Valid Accuracy     : 1.0000

Epoch : 28
Train Loss     : 0.3903	 | 	Train Accuracy     : 0.8500
Valid Loss     : 0.0883	 | 	Valid Accuracy     : 0.9750

Epoch : 29
Train Loss     : 0.1925	 | 	Train Accuracy     : 0.9250
Valid Loss     : 0.0932	 | 	Valid Accuracy     : 1.0000

Epoch : 30
Train Loss     : 0.2322	 | 	Train Accuracy     : 0.9000
Valid Loss     : 0.0974	 | 	Valid Accuracy     : 1.0000

Evaluate on the Test set:
Test loss      :0.1962	 | Test Accuracy      : 0.9792

################## Training is Done! #########################
Training time is : 0:00:27.606969
