=============================================
Dataset: EMG
Method:  °³¹ßÁß...
Mode:    train_linear
=============================================
Data loaded ...
Training started ....

Epoch : 1
Train Loss     : 0.4799	 | 	Train Accuracy     : 0.8393
Valid Loss     : 0.2038	 | 	Valid Accuracy     : 0.9375

Epoch : 2
Train Loss     : 0.1937	 | 	Train Accuracy     : 0.9107
Valid Loss     : 0.0585	 | 	Valid Accuracy     : 0.9688

Epoch : 3
Train Loss     : 0.1540	 | 	Train Accuracy     : 0.9554
Valid Loss     : 0.0702	 | 	Valid Accuracy     : 0.9688

Epoch : 4
Train Loss     : 0.0845	 | 	Train Accuracy     : 0.9821
Valid Loss     : 0.0424	 | 	Valid Accuracy     : 1.0000

Epoch : 5
Train Loss     : 0.0637	 | 	Train Accuracy     : 0.9821
Valid Loss     : 0.0368	 | 	Valid Accuracy     : 1.0000

Epoch : 6
Train Loss     : 0.0730	 | 	Train Accuracy     : 0.9732
Valid Loss     : 0.0280	 | 	Valid Accuracy     : 1.0000

Epoch : 7
Train Loss     : 0.0883	 | 	Train Accuracy     : 0.9821
Valid Loss     : 0.0341	 | 	Valid Accuracy     : 1.0000

Epoch : 8
Train Loss     : 0.0388	 | 	Train Accuracy     : 0.9821
Valid Loss     : 0.0218	 | 	Valid Accuracy     : 1.0000

Epoch : 9
Train Loss     : 0.1862	 | 	Train Accuracy     : 0.9286
Valid Loss     : 0.0494	 | 	Valid Accuracy     : 1.0000

Epoch : 10
Train Loss     : 0.0918	 | 	Train Accuracy     : 0.9821
Valid Loss     : 0.0730	 | 	Valid Accuracy     : 0.9688

Epoch : 11
Train Loss     : 0.0927	 | 	Train Accuracy     : 0.9643
Valid Loss     : 0.0183	 | 	Valid Accuracy     : 1.0000

Epoch : 12
Train Loss     : 0.1309	 | 	Train Accuracy     : 0.9375
Valid Loss     : 0.0465	 | 	Valid Accuracy     : 1.0000

Epoch : 13
Train Loss     : 0.1877	 | 	Train Accuracy     : 0.9196
Valid Loss     : 0.0594	 | 	Valid Accuracy     : 1.0000

Epoch : 14
Train Loss     : 0.1030	 | 	Train Accuracy     : 0.9554
Valid Loss     : 0.0536	 | 	Valid Accuracy     : 0.9688

Epoch : 15
Train Loss     : 0.1974	 | 	Train Accuracy     : 0.9286
Valid Loss     : 0.0141	 | 	Valid Accuracy     : 1.0000

Epoch : 16
Train Loss     : 0.0829	 | 	Train Accuracy     : 0.9732
Valid Loss     : 0.0449	 | 	Valid Accuracy     : 1.0000

Epoch : 17
Train Loss     : 0.0411	 | 	Train Accuracy     : 0.9911
Valid Loss     : 0.0408	 | 	Valid Accuracy     : 1.0000

Epoch : 18
Train Loss     : 0.0845	 | 	Train Accuracy     : 0.9643
Valid Loss     : 0.0221	 | 	Valid Accuracy     : 1.0000

Epoch : 19
Train Loss     : 0.2220	 | 	Train Accuracy     : 0.9018
Valid Loss     : 0.0258	 | 	Valid Accuracy     : 1.0000

Epoch : 20
Train Loss     : 0.0379	 | 	Train Accuracy     : 0.9911
Valid Loss     : 0.0300	 | 	Valid Accuracy     : 1.0000

Epoch : 21
Train Loss     : 0.0235	 | 	Train Accuracy     : 1.0000
Valid Loss     : 0.0297	 | 	Valid Accuracy     : 1.0000

Epoch : 22
Train Loss     : 0.1928	 | 	Train Accuracy     : 0.9375
Valid Loss     : 0.0260	 | 	Valid Accuracy     : 1.0000

Epoch : 23
Train Loss     : 0.2334	 | 	Train Accuracy     : 0.9375
Valid Loss     : 0.0797	 | 	Valid Accuracy     : 0.9688

Epoch : 24
Train Loss     : 0.2165	 | 	Train Accuracy     : 0.9107
Valid Loss     : 0.0295	 | 	Valid Accuracy     : 1.0000

Epoch : 25
Train Loss     : 0.0450	 | 	Train Accuracy     : 0.9911
Valid Loss     : 0.0512	 | 	Valid Accuracy     : 0.9688

Epoch : 26
Train Loss     : 0.1718	 | 	Train Accuracy     : 0.9196
Valid Loss     : 0.0309	 | 	Valid Accuracy     : 1.0000

Epoch : 27
Train Loss     : 0.0607	 | 	Train Accuracy     : 0.9732
Valid Loss     : 0.0295	 | 	Valid Accuracy     : 1.0000

Epoch : 28
Train Loss     : 0.0627	 | 	Train Accuracy     : 0.9732
Valid Loss     : 0.0329	 | 	Valid Accuracy     : 1.0000

Epoch : 29
Train Loss     : 0.0506	 | 	Train Accuracy     : 0.9821
Valid Loss     : 0.0330	 | 	Valid Accuracy     : 1.0000

Epoch : 30
Train Loss     : 0.1141	 | 	Train Accuracy     : 0.9464
Valid Loss     : 0.0297	 | 	Valid Accuracy     : 1.0000

Evaluate on the Test set:
Test loss      :0.1157	 | Test Accuracy      : 0.9792

################## Training is Done! #########################
Training time is : 0:00:22.331164
