=============================================
Dataset: EMG
Method:  °³¹ßÁß...
Mode:    train_linear
=============================================
Data loaded ...
Training started ....

Epoch : 1
Train Loss     : 0.8081	 | 	Train Accuracy     : 0.6833
Valid Loss     : 0.4971	 | 	Valid Accuracy     : 0.9500

Epoch : 2
Train Loss     : 0.5413	 | 	Train Accuracy     : 0.8167
Valid Loss     : 0.3090	 | 	Valid Accuracy     : 0.9500

Epoch : 3
Train Loss     : 0.3823	 | 	Train Accuracy     : 0.8750
Valid Loss     : 0.2466	 | 	Valid Accuracy     : 0.9500

Epoch : 4
Train Loss     : 0.2693	 | 	Train Accuracy     : 0.9500
Valid Loss     : 0.1965	 | 	Valid Accuracy     : 0.9750

Epoch : 5
Train Loss     : 0.3086	 | 	Train Accuracy     : 0.8667
Valid Loss     : 0.1565	 | 	Valid Accuracy     : 0.9750

Epoch : 6
Train Loss     : 0.2915	 | 	Train Accuracy     : 0.8917
Valid Loss     : 0.1421	 | 	Valid Accuracy     : 0.9750

Epoch : 7
Train Loss     : 0.3356	 | 	Train Accuracy     : 0.8583
Valid Loss     : 0.1378	 | 	Valid Accuracy     : 0.9750

Epoch : 8
Train Loss     : 0.2292	 | 	Train Accuracy     : 0.9000
Valid Loss     : 0.1277	 | 	Valid Accuracy     : 0.9500

Epoch : 9
Train Loss     : 0.3498	 | 	Train Accuracy     : 0.8500
Valid Loss     : 0.1361	 | 	Valid Accuracy     : 0.9500

Epoch : 10
Train Loss     : 0.2434	 | 	Train Accuracy     : 0.9083
Valid Loss     : 0.1398	 | 	Valid Accuracy     : 0.9500

Epoch : 11
Train Loss     : 0.2645	 | 	Train Accuracy     : 0.9083
Valid Loss     : 0.1255	 | 	Valid Accuracy     : 0.9750

Epoch : 12
Train Loss     : 0.2981	 | 	Train Accuracy     : 0.9000
Valid Loss     : 0.1342	 | 	Valid Accuracy     : 0.9500

Epoch : 13
Train Loss     : 0.2462	 | 	Train Accuracy     : 0.8917
Valid Loss     : 0.1181	 | 	Valid Accuracy     : 0.9500

Epoch : 14
Train Loss     : 0.2403	 | 	Train Accuracy     : 0.9083
Valid Loss     : 0.1224	 | 	Valid Accuracy     : 0.9500

Epoch : 15
Train Loss     : 0.3396	 | 	Train Accuracy     : 0.8667
Valid Loss     : 0.1156	 | 	Valid Accuracy     : 0.9750

Epoch : 16
Train Loss     : 0.1712	 | 	Train Accuracy     : 0.9750
Valid Loss     : 0.1187	 | 	Valid Accuracy     : 0.9750

Epoch : 17
Train Loss     : 0.1548	 | 	Train Accuracy     : 0.9417
Valid Loss     : 0.1169	 | 	Valid Accuracy     : 0.9500

Epoch : 18
Train Loss     : 0.2104	 | 	Train Accuracy     : 0.9000
Valid Loss     : 0.1023	 | 	Valid Accuracy     : 0.9750

Epoch : 19
Train Loss     : 0.2804	 | 	Train Accuracy     : 0.9000
Valid Loss     : 0.0983	 | 	Valid Accuracy     : 0.9750

Epoch : 20
Train Loss     : 0.1589	 | 	Train Accuracy     : 0.9333
Valid Loss     : 0.1083	 | 	Valid Accuracy     : 0.9750

Epoch : 21
Train Loss     : 0.2565	 | 	Train Accuracy     : 0.8750
Valid Loss     : 0.1336	 | 	Valid Accuracy     : 0.9500

Epoch : 22
Train Loss     : 0.2076	 | 	Train Accuracy     : 0.9250
Valid Loss     : 0.1006	 | 	Valid Accuracy     : 0.9750

Epoch : 23
Train Loss     : 0.2126	 | 	Train Accuracy     : 0.9000
Valid Loss     : 0.0997	 | 	Valid Accuracy     : 0.9750

Epoch : 24
Train Loss     : 0.3293	 | 	Train Accuracy     : 0.8667
Valid Loss     : 0.1366	 | 	Valid Accuracy     : 0.9500

Epoch : 25
Train Loss     : 0.1651	 | 	Train Accuracy     : 0.9500
Valid Loss     : 0.1070	 | 	Valid Accuracy     : 0.9500

Epoch : 26
Train Loss     : 0.3894	 | 	Train Accuracy     : 0.8750
Valid Loss     : 0.0904	 | 	Valid Accuracy     : 0.9750

Epoch : 27
Train Loss     : 0.2367	 | 	Train Accuracy     : 0.9000
Valid Loss     : 0.1158	 | 	Valid Accuracy     : 0.9500

Epoch : 28
Train Loss     : 0.3661	 | 	Train Accuracy     : 0.8583
Valid Loss     : 0.1006	 | 	Valid Accuracy     : 0.9750

Epoch : 29
Train Loss     : 0.1460	 | 	Train Accuracy     : 0.9333
Valid Loss     : 0.0963	 | 	Valid Accuracy     : 0.9750

Epoch : 30
Train Loss     : 0.2619	 | 	Train Accuracy     : 0.9167
Valid Loss     : 0.1177	 | 	Valid Accuracy     : 0.9500

Evaluate on the Test set:
Test loss      :0.1825	 | Test Accuracy      : 0.9375

################## Training is Done! #########################
Training time is : 0:00:30.052872
