=============================================
Dataset: EMG
Method:  °³¹ßÁß...
Mode:    train_linear
=============================================
Data loaded ...
Training started ....

Epoch : 1
Train Loss     : 0.5193	 | 	Train Accuracy     : 0.8036
Valid Loss     : 0.2291	 | 	Valid Accuracy     : 0.8750

Epoch : 2
Train Loss     : 0.2838	 | 	Train Accuracy     : 0.9018
Valid Loss     : 0.1643	 | 	Valid Accuracy     : 0.9375

Epoch : 3
Train Loss     : 0.3536	 | 	Train Accuracy     : 0.8393
Valid Loss     : 0.1550	 | 	Valid Accuracy     : 0.9375

Epoch : 4
Train Loss     : 0.3136	 | 	Train Accuracy     : 0.8571
Valid Loss     : 0.1416	 | 	Valid Accuracy     : 0.9688

Epoch : 5
Train Loss     : 0.2761	 | 	Train Accuracy     : 0.8482
Valid Loss     : 0.1592	 | 	Valid Accuracy     : 0.9688

Epoch : 6
Train Loss     : 0.3628	 | 	Train Accuracy     : 0.8482
Valid Loss     : 0.1464	 | 	Valid Accuracy     : 0.9688

Epoch : 7
Train Loss     : 0.2568	 | 	Train Accuracy     : 0.8839
Valid Loss     : 0.1684	 | 	Valid Accuracy     : 0.9062

Epoch : 8
Train Loss     : 0.2554	 | 	Train Accuracy     : 0.8929
Valid Loss     : 0.1533	 | 	Valid Accuracy     : 0.9375

Epoch : 9
Train Loss     : 0.3767	 | 	Train Accuracy     : 0.8304
Valid Loss     : 0.1528	 | 	Valid Accuracy     : 0.9688

Epoch : 10
Train Loss     : 0.2437	 | 	Train Accuracy     : 0.8571
Valid Loss     : 0.1561	 | 	Valid Accuracy     : 0.9375

Epoch : 11
Train Loss     : 0.2402	 | 	Train Accuracy     : 0.9018
Valid Loss     : 0.1470	 | 	Valid Accuracy     : 0.9688

Epoch : 12
Train Loss     : 0.3540	 | 	Train Accuracy     : 0.8482
Valid Loss     : 0.1515	 | 	Valid Accuracy     : 0.9375

Epoch : 13
Train Loss     : 0.2940	 | 	Train Accuracy     : 0.8571
Valid Loss     : 0.1499	 | 	Valid Accuracy     : 0.9688

Epoch : 14
Train Loss     : 0.2136	 | 	Train Accuracy     : 0.9107
Valid Loss     : 0.1442	 | 	Valid Accuracy     : 0.9688

Epoch : 15
Train Loss     : 0.3471	 | 	Train Accuracy     : 0.8571
Valid Loss     : 0.1443	 | 	Valid Accuracy     : 0.9688

Epoch : 16
Train Loss     : 0.2868	 | 	Train Accuracy     : 0.8571
Valid Loss     : 0.1463	 | 	Valid Accuracy     : 0.9688

Epoch : 17
Train Loss     : 0.2055	 | 	Train Accuracy     : 0.8839
Valid Loss     : 0.1465	 | 	Valid Accuracy     : 0.9688

Epoch : 18
Train Loss     : 0.2762	 | 	Train Accuracy     : 0.9018
Valid Loss     : 0.1467	 | 	Valid Accuracy     : 0.9688

Epoch : 19
Train Loss     : 0.3844	 | 	Train Accuracy     : 0.8304
Valid Loss     : 0.1468	 | 	Valid Accuracy     : 0.9688

Epoch : 20
Train Loss     : 0.1923	 | 	Train Accuracy     : 0.9286
Valid Loss     : 0.1498	 | 	Valid Accuracy     : 0.9688

Epoch : 21
Train Loss     : 0.2347	 | 	Train Accuracy     : 0.9018
Valid Loss     : 0.1512	 | 	Valid Accuracy     : 0.9688

Epoch : 22
Train Loss     : 0.2511	 | 	Train Accuracy     : 0.8571
Valid Loss     : 0.1469	 | 	Valid Accuracy     : 0.9688

Epoch : 23
Train Loss     : 0.2622	 | 	Train Accuracy     : 0.8839
Valid Loss     : 0.1497	 | 	Valid Accuracy     : 0.9688

Epoch : 24
Train Loss     : 0.3626	 | 	Train Accuracy     : 0.8393
Valid Loss     : 0.1519	 | 	Valid Accuracy     : 0.9688

Epoch : 25
Train Loss     : 0.2107	 | 	Train Accuracy     : 0.8929
Valid Loss     : 0.1515	 | 	Valid Accuracy     : 0.9688

Epoch : 26
Train Loss     : 0.3399	 | 	Train Accuracy     : 0.8661
Valid Loss     : 0.1539	 | 	Valid Accuracy     : 0.9688

Epoch : 27
Train Loss     : 0.2504	 | 	Train Accuracy     : 0.8571
Valid Loss     : 0.1575	 | 	Valid Accuracy     : 0.9688

Epoch : 28
Train Loss     : 0.2330	 | 	Train Accuracy     : 0.8750
Valid Loss     : 0.1602	 | 	Valid Accuracy     : 0.9688

Epoch : 29
Train Loss     : 0.2117	 | 	Train Accuracy     : 0.8929
Valid Loss     : 0.1597	 | 	Valid Accuracy     : 0.9688

Epoch : 30
Train Loss     : 0.2572	 | 	Train Accuracy     : 0.8393
Valid Loss     : 0.1575	 | 	Valid Accuracy     : 0.9688

Epoch : 31
Train Loss     : 0.2234	 | 	Train Accuracy     : 0.8839
Valid Loss     : 0.1551	 | 	Valid Accuracy     : 0.9688

Epoch : 32
Train Loss     : 0.2354	 | 	Train Accuracy     : 0.8839
Valid Loss     : 0.1562	 | 	Valid Accuracy     : 0.9688

Epoch : 33
Train Loss     : 0.2281	 | 	Train Accuracy     : 0.8839
Valid Loss     : 0.1558	 | 	Valid Accuracy     : 0.9688

Epoch : 34
Train Loss     : 0.2993	 | 	Train Accuracy     : 0.8571
Valid Loss     : 0.1522	 | 	Valid Accuracy     : 0.9688

Epoch : 35
Train Loss     : 0.2056	 | 	Train Accuracy     : 0.9107
Valid Loss     : 0.1542	 | 	Valid Accuracy     : 0.9688

Epoch : 36
Train Loss     : 0.2371	 | 	Train Accuracy     : 0.8839
Valid Loss     : 0.1537	 | 	Valid Accuracy     : 0.9688

Epoch : 37
Train Loss     : 0.3145	 | 	Train Accuracy     : 0.8929
Valid Loss     : 0.1523	 | 	Valid Accuracy     : 0.9688

Epoch : 38
Train Loss     : 0.2188	 | 	Train Accuracy     : 0.8929
Valid Loss     : 0.1541	 | 	Valid Accuracy     : 0.9688

Epoch : 39
Train Loss     : 0.2736	 | 	Train Accuracy     : 0.8661
Valid Loss     : 0.1558	 | 	Valid Accuracy     : 0.9688

Epoch : 40
Train Loss     : 0.2979	 | 	Train Accuracy     : 0.8482
Valid Loss     : 0.1525	 | 	Valid Accuracy     : 0.9688

Evaluate on the Test set:
Test loss      :0.3633	 | Test Accuracy      : 0.8750

################## Training is Done! #########################
Training time is : 0:00:29.652928
