=============================================
Dataset: EMG
Method:  °³¹ßÁß...
Mode:    train_linear
=============================================
Data loaded ...
Training started ....

Epoch : 1
Train Loss     : 1.4627	 | 	Train Accuracy     : 0.1917
Valid Loss     : 1.4998	 | 	Valid Accuracy     : 0.1000

Epoch : 2
Train Loss     : 1.4540	 | 	Train Accuracy     : 0.2083
Valid Loss     : 1.5001	 | 	Valid Accuracy     : 0.1000

Epoch : 3
Train Loss     : 1.3999	 | 	Train Accuracy     : 0.2167
Valid Loss     : 1.4848	 | 	Valid Accuracy     : 0.0750

Epoch : 4
Train Loss     : 1.3933	 | 	Train Accuracy     : 0.2250
Valid Loss     : 1.4617	 | 	Valid Accuracy     : 0.1000

Epoch : 5
Train Loss     : 1.3625	 | 	Train Accuracy     : 0.2333
Valid Loss     : 1.4349	 | 	Valid Accuracy     : 0.1250

Epoch : 6
Train Loss     : 1.3575	 | 	Train Accuracy     : 0.1917
Valid Loss     : 1.4085	 | 	Valid Accuracy     : 0.1250

Epoch : 7
Train Loss     : 1.3319	 | 	Train Accuracy     : 0.2333
Valid Loss     : 1.3891	 | 	Valid Accuracy     : 0.1250

Epoch : 8
Train Loss     : 1.2955	 | 	Train Accuracy     : 0.2167
Valid Loss     : 1.3736	 | 	Valid Accuracy     : 0.1500

Epoch : 9
Train Loss     : 1.2883	 | 	Train Accuracy     : 0.2333
Valid Loss     : 1.3409	 | 	Valid Accuracy     : 0.1500

Epoch : 10
Train Loss     : 1.2666	 | 	Train Accuracy     : 0.2583
Valid Loss     : 1.3371	 | 	Valid Accuracy     : 0.1500

Epoch : 11
Train Loss     : 1.2497	 | 	Train Accuracy     : 0.2500
Valid Loss     : 1.3196	 | 	Valid Accuracy     : 0.1500

Epoch : 12
Train Loss     : 1.2311	 | 	Train Accuracy     : 0.2500
Valid Loss     : 1.2940	 | 	Valid Accuracy     : 0.1500

Epoch : 13
Train Loss     : 1.1976	 | 	Train Accuracy     : 0.2667
Valid Loss     : 1.2742	 | 	Valid Accuracy     : 0.1750

Epoch : 14
Train Loss     : 1.1892	 | 	Train Accuracy     : 0.2583
Valid Loss     : 1.2552	 | 	Valid Accuracy     : 0.2000

Epoch : 15
Train Loss     : 1.1765	 | 	Train Accuracy     : 0.2750
Valid Loss     : 1.2366	 | 	Valid Accuracy     : 0.2250

Epoch : 16
Train Loss     : 1.1699	 | 	Train Accuracy     : 0.2583
Valid Loss     : 1.2181	 | 	Valid Accuracy     : 0.2500

Epoch : 17
Train Loss     : 1.1848	 | 	Train Accuracy     : 0.2583
Valid Loss     : 1.1969	 | 	Valid Accuracy     : 0.2500

Epoch : 18
Train Loss     : 1.1150	 | 	Train Accuracy     : 0.3083
Valid Loss     : 1.1715	 | 	Valid Accuracy     : 0.2750

Epoch : 19
Train Loss     : 1.1053	 | 	Train Accuracy     : 0.3250
Valid Loss     : 1.1550	 | 	Valid Accuracy     : 0.3000

Epoch : 20
Train Loss     : 1.0952	 | 	Train Accuracy     : 0.3250
Valid Loss     : 1.1428	 | 	Valid Accuracy     : 0.3000

Epoch : 21
Train Loss     : 1.0838	 | 	Train Accuracy     : 0.3333
Valid Loss     : 1.1349	 | 	Valid Accuracy     : 0.3250

Epoch : 22
Train Loss     : 1.0701	 | 	Train Accuracy     : 0.3583
Valid Loss     : 1.1140	 | 	Valid Accuracy     : 0.5000

Epoch : 23
Train Loss     : 1.0679	 | 	Train Accuracy     : 0.5167
Valid Loss     : 1.0984	 | 	Valid Accuracy     : 0.5500

Epoch : 24
Train Loss     : 1.0372	 | 	Train Accuracy     : 0.5250
Valid Loss     : 1.0887	 | 	Valid Accuracy     : 0.5750

Epoch : 25
Train Loss     : 1.0056	 | 	Train Accuracy     : 0.6250
Valid Loss     : 1.0754	 | 	Valid Accuracy     : 0.6000

Epoch : 26
Train Loss     : 0.9969	 | 	Train Accuracy     : 0.6500
Valid Loss     : 1.0565	 | 	Valid Accuracy     : 0.6000

Epoch : 27
Train Loss     : 1.0017	 | 	Train Accuracy     : 0.6167
Valid Loss     : 1.0350	 | 	Valid Accuracy     : 0.6000

Epoch : 28
Train Loss     : 0.9917	 | 	Train Accuracy     : 0.6417
Valid Loss     : 1.0279	 | 	Valid Accuracy     : 0.6000

Epoch : 29
Train Loss     : 0.9568	 | 	Train Accuracy     : 0.6417
Valid Loss     : 1.0254	 | 	Valid Accuracy     : 0.6000

Epoch : 30
Train Loss     : 0.9444	 | 	Train Accuracy     : 0.6583
Valid Loss     : 1.0065	 | 	Valid Accuracy     : 0.6000

Evaluate on the Test set:
Test loss      :1.0483	 | Test Accuracy      : 0.5200

################## Training is Done! #########################
Training time is : 0:01:04.923560
