=============================================
Dataset: Epilepsy
Method:  °³¹ßÁß...
Mode:    train_linear
=============================================
Data loaded ...
Training started ....

Epoch : 1
Train Loss     : 0.6251	 | 	Train Accuracy     : 0.6964
Valid Loss     : 0.5475	 | 	Valid Accuracy     : 0.8125

Epoch : 2
Train Loss     : 0.6119	 | 	Train Accuracy     : 0.6964
Valid Loss     : 0.5334	 | 	Valid Accuracy     : 0.8125

Epoch : 3
Train Loss     : 0.5962	 | 	Train Accuracy     : 0.7143
Valid Loss     : 0.5213	 | 	Valid Accuracy     : 0.8125

Epoch : 4
Train Loss     : 0.5906	 | 	Train Accuracy     : 0.7143
Valid Loss     : 0.5129	 | 	Valid Accuracy     : 0.8125

Epoch : 5
Train Loss     : 0.5871	 | 	Train Accuracy     : 0.7143
Valid Loss     : 0.5035	 | 	Valid Accuracy     : 0.8125

Epoch : 6
Train Loss     : 0.5739	 | 	Train Accuracy     : 0.7321
Valid Loss     : 0.5012	 | 	Valid Accuracy     : 0.8125

Epoch : 7
Train Loss     : 0.5983	 | 	Train Accuracy     : 0.6964
Valid Loss     : 0.5003	 | 	Valid Accuracy     : 0.8125

Epoch : 8
Train Loss     : 0.5850	 | 	Train Accuracy     : 0.7143
Valid Loss     : 0.4953	 | 	Valid Accuracy     : 0.8125

Epoch : 9
Train Loss     : 0.5955	 | 	Train Accuracy     : 0.6964
Valid Loss     : 0.4950	 | 	Valid Accuracy     : 0.8125

Epoch : 10
Train Loss     : 0.5751	 | 	Train Accuracy     : 0.7143
Valid Loss     : 0.4925	 | 	Valid Accuracy     : 0.8125

Epoch : 11
Train Loss     : 0.5907	 | 	Train Accuracy     : 0.6964
Valid Loss     : 0.4918	 | 	Valid Accuracy     : 0.8125

Epoch : 12
Train Loss     : 0.6066	 | 	Train Accuracy     : 0.6786
Valid Loss     : 0.4910	 | 	Valid Accuracy     : 0.8125

Epoch : 13
Train Loss     : 0.5692	 | 	Train Accuracy     : 0.7143
Valid Loss     : 0.4906	 | 	Valid Accuracy     : 0.8125

Epoch : 14
Train Loss     : 0.5731	 | 	Train Accuracy     : 0.7143
Valid Loss     : 0.4907	 | 	Valid Accuracy     : 0.8125

Epoch : 15
Train Loss     : 0.6010	 | 	Train Accuracy     : 0.6786
Valid Loss     : 0.4892	 | 	Valid Accuracy     : 0.8125

Epoch : 16
Train Loss     : 0.5853	 | 	Train Accuracy     : 0.6964
Valid Loss     : 0.4915	 | 	Valid Accuracy     : 0.8125

Epoch : 17
Train Loss     : 0.5497	 | 	Train Accuracy     : 0.7321
Valid Loss     : 0.4869	 | 	Valid Accuracy     : 0.8125

Epoch : 18
Train Loss     : 0.5702	 | 	Train Accuracy     : 0.7143
Valid Loss     : 0.4803	 | 	Valid Accuracy     : 0.8125

Epoch : 19
Train Loss     : 0.5484	 | 	Train Accuracy     : 0.7321
Valid Loss     : 0.4769	 | 	Valid Accuracy     : 0.8125

Epoch : 20
Train Loss     : 0.5783	 | 	Train Accuracy     : 0.6964
Valid Loss     : 0.4722	 | 	Valid Accuracy     : 0.8125

Evaluate on the Test set:
Test loss      :0.6195	 | Test Accuracy      : 0.6667

################## Training is Done! #########################
Training time is : 0:00:07.808037
