=============================================
Dataset: EMG
Method:  °³¹ßÁß...
Mode:    train_linear
=============================================
Data loaded ...
Training started ....

Epoch : 1
Train Loss     : 0.7125	 | 	Train Accuracy     : 0.7833
Valid Loss     : 0.1576	 | 	Valid Accuracy     : 0.9750

Epoch : 2
Train Loss     : 0.1315	 | 	Train Accuracy     : 0.9750
Valid Loss     : 0.0720	 | 	Valid Accuracy     : 0.9750

Epoch : 3
Train Loss     : 0.0631	 | 	Train Accuracy     : 0.9750
Valid Loss     : 0.0596	 | 	Valid Accuracy     : 0.9750

Epoch : 4
Train Loss     : 0.0628	 | 	Train Accuracy     : 0.9750
Valid Loss     : 0.0467	 | 	Valid Accuracy     : 0.9750

Epoch : 5
Train Loss     : 0.0660	 | 	Train Accuracy     : 0.9750
Valid Loss     : 0.0359	 | 	Valid Accuracy     : 1.0000

Epoch : 6
Train Loss     : 0.0345	 | 	Train Accuracy     : 0.9917
Valid Loss     : 0.0305	 | 	Valid Accuracy     : 1.0000

Epoch : 7
Train Loss     : 0.0444	 | 	Train Accuracy     : 0.9833
Valid Loss     : 0.0298	 | 	Valid Accuracy     : 1.0000

Epoch : 8
Train Loss     : 0.0346	 | 	Train Accuracy     : 0.9917
Valid Loss     : 0.0334	 | 	Valid Accuracy     : 1.0000

Epoch : 9
Train Loss     : 0.0616	 | 	Train Accuracy     : 0.9583
Valid Loss     : 0.0379	 | 	Valid Accuracy     : 0.9750

Epoch : 10
Train Loss     : 0.0593	 | 	Train Accuracy     : 0.9833
Valid Loss     : 0.0247	 | 	Valid Accuracy     : 1.0000

Epoch : 11
Train Loss     : 0.0698	 | 	Train Accuracy     : 0.9833
Valid Loss     : 0.0229	 | 	Valid Accuracy     : 1.0000

Epoch : 12
Train Loss     : 0.0641	 | 	Train Accuracy     : 0.9750
Valid Loss     : 0.0245	 | 	Valid Accuracy     : 1.0000

Epoch : 13
Train Loss     : 0.0326	 | 	Train Accuracy     : 0.9917
Valid Loss     : 0.0258	 | 	Valid Accuracy     : 1.0000

Epoch : 14
Train Loss     : 0.0432	 | 	Train Accuracy     : 0.9750
Valid Loss     : 0.0302	 | 	Valid Accuracy     : 1.0000

Epoch : 15
Train Loss     : 0.0250	 | 	Train Accuracy     : 0.9917
Valid Loss     : 0.0365	 | 	Valid Accuracy     : 1.0000

Epoch : 16
Train Loss     : 0.0429	 | 	Train Accuracy     : 0.9750
Valid Loss     : 0.0355	 | 	Valid Accuracy     : 1.0000

Epoch : 17
Train Loss     : 0.0446	 | 	Train Accuracy     : 0.9833
Valid Loss     : 0.0268	 | 	Valid Accuracy     : 1.0000

Epoch : 18
Train Loss     : 0.0318	 | 	Train Accuracy     : 0.9917
Valid Loss     : 0.0216	 | 	Valid Accuracy     : 1.0000

Epoch : 19
Train Loss     : 0.0763	 | 	Train Accuracy     : 0.9667
Valid Loss     : 0.0216	 | 	Valid Accuracy     : 1.0000

Epoch : 20
Train Loss     : 0.0600	 | 	Train Accuracy     : 0.9833
Valid Loss     : 0.0250	 | 	Valid Accuracy     : 1.0000

Epoch : 21
Train Loss     : 0.0436	 | 	Train Accuracy     : 0.9667
Valid Loss     : 0.0261	 | 	Valid Accuracy     : 1.0000

Epoch : 22
Train Loss     : 0.0436	 | 	Train Accuracy     : 0.9917
Valid Loss     : 0.0354	 | 	Valid Accuracy     : 0.9750

Epoch : 23
Train Loss     : 0.0681	 | 	Train Accuracy     : 0.9750
Valid Loss     : 0.0436	 | 	Valid Accuracy     : 0.9500

Epoch : 24
Train Loss     : 0.0805	 | 	Train Accuracy     : 0.9500
Valid Loss     : 0.0271	 | 	Valid Accuracy     : 1.0000

Epoch : 25
Train Loss     : 0.0339	 | 	Train Accuracy     : 0.9917
Valid Loss     : 0.0176	 | 	Valid Accuracy     : 1.0000

Epoch : 26
Train Loss     : 0.1075	 | 	Train Accuracy     : 0.9583
Valid Loss     : 0.0190	 | 	Valid Accuracy     : 1.0000

Epoch : 27
Train Loss     : 0.0301	 | 	Train Accuracy     : 0.9917
Valid Loss     : 0.0181	 | 	Valid Accuracy     : 1.0000

Epoch : 28
Train Loss     : 0.0438	 | 	Train Accuracy     : 0.9917
Valid Loss     : 0.0375	 | 	Valid Accuracy     : 0.9750

Epoch : 29
Train Loss     : 0.0543	 | 	Train Accuracy     : 0.9667
Valid Loss     : 0.0461	 | 	Valid Accuracy     : 0.9750

Epoch : 30
Train Loss     : 0.0426	 | 	Train Accuracy     : 0.9833
Valid Loss     : 0.0223	 | 	Valid Accuracy     : 1.0000

Evaluate on the Test set:
Test loss      :0.1758	 | Test Accuracy      : 0.9875

################## Training is Done! #########################
Training time is : 0:00:23.986519
