=============================================
Dataset: EMG
Method:  °³¹ßÁß...
Mode:    train_linear
=============================================
Data loaded ...
Training started ....

Epoch : 1
Train Loss     : 0.7973	 | 	Train Accuracy     : 0.6333
Valid Loss     : 0.4280	 | 	Valid Accuracy     : 0.8500

Epoch : 2
Train Loss     : 0.5330	 | 	Train Accuracy     : 0.8167
Valid Loss     : 0.2739	 | 	Valid Accuracy     : 0.9000

Epoch : 3
Train Loss     : 0.4163	 | 	Train Accuracy     : 0.8667
Valid Loss     : 0.2307	 | 	Valid Accuracy     : 0.9250

Epoch : 4
Train Loss     : 0.4463	 | 	Train Accuracy     : 0.8500
Valid Loss     : 0.2528	 | 	Valid Accuracy     : 0.9000

Epoch : 5
Train Loss     : 0.4392	 | 	Train Accuracy     : 0.8583
Valid Loss     : 0.2294	 | 	Valid Accuracy     : 0.9000

Epoch : 6
Train Loss     : 0.4277	 | 	Train Accuracy     : 0.8500
Valid Loss     : 0.2381	 | 	Valid Accuracy     : 0.9000

Epoch : 7
Train Loss     : 0.5824	 | 	Train Accuracy     : 0.7583
Valid Loss     : 0.1958	 | 	Valid Accuracy     : 0.9250

Epoch : 8
Train Loss     : 0.3690	 | 	Train Accuracy     : 0.8750
Valid Loss     : 0.1868	 | 	Valid Accuracy     : 0.9250

Epoch : 9
Train Loss     : 0.3576	 | 	Train Accuracy     : 0.8750
Valid Loss     : 0.1916	 | 	Valid Accuracy     : 0.9250

Epoch : 10
Train Loss     : 0.3668	 | 	Train Accuracy     : 0.8583
Valid Loss     : 0.1916	 | 	Valid Accuracy     : 0.9000

Epoch : 11
Train Loss     : 0.5670	 | 	Train Accuracy     : 0.8167
Valid Loss     : 0.1849	 | 	Valid Accuracy     : 0.9250

Epoch : 12
Train Loss     : 0.3133	 | 	Train Accuracy     : 0.9083
Valid Loss     : 0.1941	 | 	Valid Accuracy     : 0.9250

Epoch : 13
Train Loss     : 0.3826	 | 	Train Accuracy     : 0.8750
Valid Loss     : 0.1684	 | 	Valid Accuracy     : 0.9250

Epoch : 14
Train Loss     : 0.3379	 | 	Train Accuracy     : 0.8833
Valid Loss     : 0.1781	 | 	Valid Accuracy     : 0.9250

Epoch : 15
Train Loss     : 0.4008	 | 	Train Accuracy     : 0.8583
Valid Loss     : 0.1694	 | 	Valid Accuracy     : 0.9250

Epoch : 16
Train Loss     : 0.3909	 | 	Train Accuracy     : 0.8417
Valid Loss     : 0.1871	 | 	Valid Accuracy     : 0.9250

Epoch : 17
Train Loss     : 0.4732	 | 	Train Accuracy     : 0.8500
Valid Loss     : 0.1396	 | 	Valid Accuracy     : 0.9500

Epoch : 18
Train Loss     : 0.2727	 | 	Train Accuracy     : 0.9167
Valid Loss     : 0.1852	 | 	Valid Accuracy     : 0.9250

Epoch : 19
Train Loss     : 0.4546	 | 	Train Accuracy     : 0.8417
Valid Loss     : 0.1461	 | 	Valid Accuracy     : 0.9750

Epoch : 20
Train Loss     : 0.3009	 | 	Train Accuracy     : 0.9083
Valid Loss     : 0.1898	 | 	Valid Accuracy     : 0.9250

Epoch : 21
Train Loss     : 0.2556	 | 	Train Accuracy     : 0.9167
Valid Loss     : 0.1537	 | 	Valid Accuracy     : 0.9250

Epoch : 22
Train Loss     : 0.3999	 | 	Train Accuracy     : 0.8667
Valid Loss     : 0.1976	 | 	Valid Accuracy     : 0.9250

Epoch : 23
Train Loss     : 0.4168	 | 	Train Accuracy     : 0.8583
Valid Loss     : 0.1508	 | 	Valid Accuracy     : 0.9250

Epoch : 24
Train Loss     : 0.2554	 | 	Train Accuracy     : 0.9333
Valid Loss     : 0.1470	 | 	Valid Accuracy     : 0.9250

Epoch : 25
Train Loss     : 0.4798	 | 	Train Accuracy     : 0.7917
Valid Loss     : 0.1615	 | 	Valid Accuracy     : 0.9250

Epoch : 26
Train Loss     : 0.2542	 | 	Train Accuracy     : 0.9250
Valid Loss     : 0.1329	 | 	Valid Accuracy     : 0.9500

Epoch : 27
Train Loss     : 0.4295	 | 	Train Accuracy     : 0.8167
Valid Loss     : 0.1708	 | 	Valid Accuracy     : 0.9250

Epoch : 28
Train Loss     : 0.3219	 | 	Train Accuracy     : 0.8833
Valid Loss     : 0.1360	 | 	Valid Accuracy     : 0.9250

Epoch : 29
Train Loss     : 0.4174	 | 	Train Accuracy     : 0.8583
Valid Loss     : 0.1512	 | 	Valid Accuracy     : 0.9250

Epoch : 30
Train Loss     : 0.2964	 | 	Train Accuracy     : 0.9000
Valid Loss     : 0.1268	 | 	Valid Accuracy     : 0.9500

Evaluate on the Test set:
Test loss      :0.2522	 | Test Accuracy      : 0.9318

################## Training is Done! #########################
Training time is : 0:00:29.451228
