=============================================
Dataset: EMG
Method:  °³¹ßÁß...
Mode:    train_linear
=============================================
Data loaded ...
Training started ....

Epoch : 1
Train Loss     : 0.4982	 | 	Train Accuracy     : 0.8417
Valid Loss     : 0.1804	 | 	Valid Accuracy     : 0.9000

Epoch : 2
Train Loss     : 0.2127	 | 	Train Accuracy     : 0.9250
Valid Loss     : 0.1577	 | 	Valid Accuracy     : 0.9500

Epoch : 3
Train Loss     : 0.2020	 | 	Train Accuracy     : 0.9333
Valid Loss     : 0.1476	 | 	Valid Accuracy     : 0.9750

Epoch : 4
Train Loss     : 0.0995	 | 	Train Accuracy     : 0.9750
Valid Loss     : 0.1361	 | 	Valid Accuracy     : 0.9500

Epoch : 5
Train Loss     : 0.0831	 | 	Train Accuracy     : 0.9750
Valid Loss     : 0.1530	 | 	Valid Accuracy     : 0.9250

Epoch : 6
Train Loss     : 0.1168	 | 	Train Accuracy     : 0.9750
Valid Loss     : 0.1559	 | 	Valid Accuracy     : 0.9500

Epoch : 7
Train Loss     : 0.0734	 | 	Train Accuracy     : 0.9750
Valid Loss     : 0.1507	 | 	Valid Accuracy     : 0.9750

Epoch : 8
Train Loss     : 0.0449	 | 	Train Accuracy     : 0.9917
Valid Loss     : 0.1570	 | 	Valid Accuracy     : 0.9750

Epoch : 9
Train Loss     : 0.1255	 | 	Train Accuracy     : 0.9583
Valid Loss     : 0.1632	 | 	Valid Accuracy     : 0.9750

Epoch : 10
Train Loss     : 0.0528	 | 	Train Accuracy     : 0.9833
Valid Loss     : 0.1548	 | 	Valid Accuracy     : 0.9750

Epoch : 11
Train Loss     : 0.1264	 | 	Train Accuracy     : 0.9583
Valid Loss     : 0.1798	 | 	Valid Accuracy     : 0.9500

Epoch : 12
Train Loss     : 0.3150	 | 	Train Accuracy     : 0.9250
Valid Loss     : 0.2487	 | 	Valid Accuracy     : 0.9500

Epoch : 13
Train Loss     : 0.2862	 | 	Train Accuracy     : 0.9417
Valid Loss     : 0.1848	 | 	Valid Accuracy     : 0.9500

Epoch : 14
Train Loss     : 0.0715	 | 	Train Accuracy     : 0.9750
Valid Loss     : 0.1644	 | 	Valid Accuracy     : 0.9750

Epoch : 15
Train Loss     : 0.1007	 | 	Train Accuracy     : 0.9667
Valid Loss     : 0.1718	 | 	Valid Accuracy     : 0.9750

Epoch : 16
Train Loss     : 0.0794	 | 	Train Accuracy     : 0.9750
Valid Loss     : 0.1701	 | 	Valid Accuracy     : 0.9750

Epoch : 17
Train Loss     : 0.0615	 | 	Train Accuracy     : 0.9750
Valid Loss     : 0.1691	 | 	Valid Accuracy     : 0.9750

Epoch : 18
Train Loss     : 0.0910	 | 	Train Accuracy     : 0.9667
Valid Loss     : 0.1655	 | 	Valid Accuracy     : 0.9750

Epoch : 19
Train Loss     : 0.0779	 | 	Train Accuracy     : 0.9833
Valid Loss     : 0.1646	 | 	Valid Accuracy     : 0.9750

Epoch : 20
Train Loss     : 0.1570	 | 	Train Accuracy     : 0.9417
Valid Loss     : 0.1643	 | 	Valid Accuracy     : 0.9750

Epoch : 21
Train Loss     : 0.0869	 | 	Train Accuracy     : 0.9667
Valid Loss     : 0.1649	 | 	Valid Accuracy     : 0.9750

Epoch : 22
Train Loss     : 0.1322	 | 	Train Accuracy     : 0.9667
Valid Loss     : 0.1700	 | 	Valid Accuracy     : 0.9750

Epoch : 23
Train Loss     : 0.0949	 | 	Train Accuracy     : 0.9667
Valid Loss     : 0.1714	 | 	Valid Accuracy     : 0.9750

Epoch : 24
Train Loss     : 0.1465	 | 	Train Accuracy     : 0.9583
Valid Loss     : 0.1673	 | 	Valid Accuracy     : 0.9750

Epoch : 25
Train Loss     : 0.1146	 | 	Train Accuracy     : 0.9417
Valid Loss     : 0.1714	 | 	Valid Accuracy     : 0.9500

Epoch : 26
Train Loss     : 0.1022	 | 	Train Accuracy     : 0.9583
Valid Loss     : 0.1812	 | 	Valid Accuracy     : 0.9500

Epoch : 27
Train Loss     : 0.0911	 | 	Train Accuracy     : 0.9667
Valid Loss     : 0.1763	 | 	Valid Accuracy     : 0.9500

Epoch : 28
Train Loss     : 0.0565	 | 	Train Accuracy     : 0.9750
Valid Loss     : 0.1800	 | 	Valid Accuracy     : 0.9500

Epoch : 29
Train Loss     : 0.0592	 | 	Train Accuracy     : 0.9917
Valid Loss     : 0.1794	 | 	Valid Accuracy     : 0.9500

Epoch : 30
Train Loss     : 0.1204	 | 	Train Accuracy     : 0.9500
Valid Loss     : 0.1774	 | 	Valid Accuracy     : 0.9500

Evaluate on the Test set:
Test loss      :0.1373	 | Test Accuracy      : 0.9500

################## Training is Done! #########################
Training time is : 0:00:26.279741
