=============================================
Dataset: EMG
Method:  °³¹ßÁß...
Mode:    train_linear
=============================================
Data loaded ...
Training started ....

Epoch : 1
Train Loss     : 0.8280	 | 	Train Accuracy     : 0.6583
Valid Loss     : 0.6560	 | 	Valid Accuracy     : 0.8000

Epoch : 2
Train Loss     : 0.6285	 | 	Train Accuracy     : 0.7833
Valid Loss     : 0.4927	 | 	Valid Accuracy     : 0.8750

Epoch : 3
Train Loss     : 0.4978	 | 	Train Accuracy     : 0.8333
Valid Loss     : 0.3948	 | 	Valid Accuracy     : 0.9500

Epoch : 4
Train Loss     : 0.3923	 | 	Train Accuracy     : 0.8917
Valid Loss     : 0.3305	 | 	Valid Accuracy     : 0.9500

Epoch : 5
Train Loss     : 0.3170	 | 	Train Accuracy     : 0.9333
Valid Loss     : 0.2819	 | 	Valid Accuracy     : 0.9500

Epoch : 6
Train Loss     : 0.2867	 | 	Train Accuracy     : 0.9417
Valid Loss     : 0.2439	 | 	Valid Accuracy     : 0.9500

Epoch : 7
Train Loss     : 0.2338	 | 	Train Accuracy     : 0.9667
Valid Loss     : 0.2233	 | 	Valid Accuracy     : 0.9750

Epoch : 8
Train Loss     : 0.1988	 | 	Train Accuracy     : 0.9750
Valid Loss     : 0.2060	 | 	Valid Accuracy     : 0.9750

Epoch : 9
Train Loss     : 0.2437	 | 	Train Accuracy     : 0.9417
Valid Loss     : 0.1929	 | 	Valid Accuracy     : 0.9750

Epoch : 10
Train Loss     : 0.1836	 | 	Train Accuracy     : 0.9750
Valid Loss     : 0.1833	 | 	Valid Accuracy     : 0.9750

Epoch : 11
Train Loss     : 0.1681	 | 	Train Accuracy     : 0.9750
Valid Loss     : 0.1678	 | 	Valid Accuracy     : 0.9750

Epoch : 12
Train Loss     : 0.2297	 | 	Train Accuracy     : 0.9417
Valid Loss     : 0.1638	 | 	Valid Accuracy     : 0.9750

Epoch : 13
Train Loss     : 0.1952	 | 	Train Accuracy     : 0.9417
Valid Loss     : 0.1542	 | 	Valid Accuracy     : 0.9750

Epoch : 14
Train Loss     : 0.1326	 | 	Train Accuracy     : 0.9917
Valid Loss     : 0.1465	 | 	Valid Accuracy     : 0.9750

Epoch : 15
Train Loss     : 0.1511	 | 	Train Accuracy     : 0.9750
Valid Loss     : 0.1374	 | 	Valid Accuracy     : 0.9750

Epoch : 16
Train Loss     : 0.1232	 | 	Train Accuracy     : 0.9750
Valid Loss     : 0.1355	 | 	Valid Accuracy     : 0.9750

Epoch : 17
Train Loss     : 0.0987	 | 	Train Accuracy     : 0.9917
Valid Loss     : 0.1349	 | 	Valid Accuracy     : 0.9750

Epoch : 18
Train Loss     : 0.1357	 | 	Train Accuracy     : 0.9833
Valid Loss     : 0.1257	 | 	Valid Accuracy     : 0.9750

Epoch : 19
Train Loss     : 0.1282	 | 	Train Accuracy     : 0.9667
Valid Loss     : 0.1226	 | 	Valid Accuracy     : 0.9750

Epoch : 20
Train Loss     : 0.0973	 | 	Train Accuracy     : 0.9917
Valid Loss     : 0.1195	 | 	Valid Accuracy     : 0.9750

Epoch : 21
Train Loss     : 0.1134	 | 	Train Accuracy     : 0.9750
Valid Loss     : 0.1180	 | 	Valid Accuracy     : 0.9750

Epoch : 22
Train Loss     : 0.1127	 | 	Train Accuracy     : 0.9917
Valid Loss     : 0.1073	 | 	Valid Accuracy     : 0.9750

Epoch : 23
Train Loss     : 0.1336	 | 	Train Accuracy     : 0.9750
Valid Loss     : 0.1074	 | 	Valid Accuracy     : 0.9750

Epoch : 24
Train Loss     : 0.1322	 | 	Train Accuracy     : 0.9583
Valid Loss     : 0.1094	 | 	Valid Accuracy     : 0.9750

Epoch : 25
Train Loss     : 0.1012	 | 	Train Accuracy     : 0.9750
Valid Loss     : 0.1029	 | 	Valid Accuracy     : 0.9750

Epoch : 26
Train Loss     : 0.1059	 | 	Train Accuracy     : 0.9750
Valid Loss     : 0.0927	 | 	Valid Accuracy     : 0.9750

Epoch : 27
Train Loss     : 0.0952	 | 	Train Accuracy     : 0.9833
Valid Loss     : 0.0919	 | 	Valid Accuracy     : 0.9750

Epoch : 28
Train Loss     : 0.0717	 | 	Train Accuracy     : 1.0000
Valid Loss     : 0.0907	 | 	Valid Accuracy     : 0.9750

Epoch : 29
Train Loss     : 0.0684	 | 	Train Accuracy     : 1.0000
Valid Loss     : 0.0892	 | 	Valid Accuracy     : 0.9750

Epoch : 30
Train Loss     : 0.0887	 | 	Train Accuracy     : 0.9750
Valid Loss     : 0.0915	 | 	Valid Accuracy     : 0.9750

Evaluate on the Test set:
Test loss      :0.1723	 | Test Accuracy      : 0.9833

################## Training is Done! #########################
Training time is : 0:00:25.468054
