=============================================
Dataset: EMG
Method:  °³¹ßÁß...
Mode:    train_linear
=============================================
Data loaded ...
Training started ....

Epoch : 1
Train Loss     : 0.8040	 | 	Train Accuracy     : 0.5500
Valid Loss     : 0.3018	 | 	Valid Accuracy     : 0.9250

Epoch : 2
Train Loss     : 0.3749	 | 	Train Accuracy     : 0.8500
Valid Loss     : 0.1611	 | 	Valid Accuracy     : 0.9750

Epoch : 3
Train Loss     : 0.1948	 | 	Train Accuracy     : 0.9333
Valid Loss     : 0.1409	 | 	Valid Accuracy     : 0.9500

Epoch : 4
Train Loss     : 0.1264	 | 	Train Accuracy     : 0.9667
Valid Loss     : 0.1649	 | 	Valid Accuracy     : 0.9500

Epoch : 5
Train Loss     : 0.1400	 | 	Train Accuracy     : 0.9417
Valid Loss     : 0.1250	 | 	Valid Accuracy     : 0.9500

Epoch : 6
Train Loss     : 0.1006	 | 	Train Accuracy     : 0.9500
Valid Loss     : 0.0814	 | 	Valid Accuracy     : 0.9500

Epoch : 7
Train Loss     : 0.0867	 | 	Train Accuracy     : 0.9583
Valid Loss     : 0.0519	 | 	Valid Accuracy     : 1.0000

Epoch : 8
Train Loss     : 0.1096	 | 	Train Accuracy     : 0.9667
Valid Loss     : 0.0518	 | 	Valid Accuracy     : 1.0000

Epoch : 9
Train Loss     : 0.0512	 | 	Train Accuracy     : 0.9917
Valid Loss     : 0.0570	 | 	Valid Accuracy     : 0.9750

Epoch : 10
Train Loss     : 0.0499	 | 	Train Accuracy     : 0.9750
Valid Loss     : 0.0583	 | 	Valid Accuracy     : 0.9750

Epoch : 11
Train Loss     : 0.0516	 | 	Train Accuracy     : 0.9833
Valid Loss     : 0.0605	 | 	Valid Accuracy     : 0.9750

Epoch : 12
Train Loss     : 0.0714	 | 	Train Accuracy     : 0.9833
Valid Loss     : 0.0552	 | 	Valid Accuracy     : 0.9750

Epoch : 13
Train Loss     : 0.0564	 | 	Train Accuracy     : 0.9833
Valid Loss     : 0.0508	 | 	Valid Accuracy     : 1.0000

Epoch : 14
Train Loss     : 0.0762	 | 	Train Accuracy     : 0.9583
Valid Loss     : 0.0459	 | 	Valid Accuracy     : 1.0000

Epoch : 15
Train Loss     : 0.0393	 | 	Train Accuracy     : 0.9917
Valid Loss     : 0.0469	 | 	Valid Accuracy     : 1.0000

Epoch : 16
Train Loss     : 0.0659	 | 	Train Accuracy     : 0.9667
Valid Loss     : 0.0498	 | 	Valid Accuracy     : 0.9750

Epoch : 17
Train Loss     : 0.0346	 | 	Train Accuracy     : 1.0000
Valid Loss     : 0.0440	 | 	Valid Accuracy     : 1.0000

Epoch : 18
Train Loss     : 0.0654	 | 	Train Accuracy     : 0.9833
Valid Loss     : 0.0382	 | 	Valid Accuracy     : 1.0000

Epoch : 19
Train Loss     : 0.0364	 | 	Train Accuracy     : 0.9917
Valid Loss     : 0.0346	 | 	Valid Accuracy     : 1.0000

Epoch : 20
Train Loss     : 0.0689	 | 	Train Accuracy     : 0.9833
Valid Loss     : 0.0332	 | 	Valid Accuracy     : 1.0000

Epoch : 21
Train Loss     : 0.0366	 | 	Train Accuracy     : 0.9833
Valid Loss     : 0.0317	 | 	Valid Accuracy     : 1.0000

Epoch : 22
Train Loss     : 0.0441	 | 	Train Accuracy     : 0.9917
Valid Loss     : 0.0379	 | 	Valid Accuracy     : 1.0000

Epoch : 23
Train Loss     : 0.0460	 | 	Train Accuracy     : 0.9917
Valid Loss     : 0.0444	 | 	Valid Accuracy     : 1.0000

Epoch : 24
Train Loss     : 0.0295	 | 	Train Accuracy     : 1.0000
Valid Loss     : 0.0398	 | 	Valid Accuracy     : 1.0000

Epoch : 25
Train Loss     : 0.0298	 | 	Train Accuracy     : 1.0000
Valid Loss     : 0.0312	 | 	Valid Accuracy     : 1.0000

Epoch : 26
Train Loss     : 0.0604	 | 	Train Accuracy     : 0.9917
Valid Loss     : 0.0235	 | 	Valid Accuracy     : 1.0000

Epoch : 27
Train Loss     : 0.0475	 | 	Train Accuracy     : 0.9917
Valid Loss     : 0.0267	 | 	Valid Accuracy     : 1.0000

Epoch : 28
Train Loss     : 0.0220	 | 	Train Accuracy     : 1.0000
Valid Loss     : 0.0284	 | 	Valid Accuracy     : 1.0000

Epoch : 29
Train Loss     : 0.0441	 | 	Train Accuracy     : 0.9833
Valid Loss     : 0.0316	 | 	Valid Accuracy     : 1.0000

Epoch : 30
Train Loss     : 0.0271	 | 	Train Accuracy     : 1.0000
Valid Loss     : 0.0307	 | 	Valid Accuracy     : 1.0000

Evaluate on the Test set:
Test loss      :0.1551	 | Test Accuracy      : 0.9875

################## Training is Done! #########################
Training time is : 0:00:23.132263
