=============================================
Dataset: EMG
Method:  °³¹ßÁß...
Mode:    train_linear
=============================================
Data loaded ...
Training started ....

Epoch : 1
Train Loss     : 0.9645	 | 	Train Accuracy     : 0.4917
Valid Loss     : 1.1000	 | 	Valid Accuracy     : 0.6500

Epoch : 2
Train Loss     : 0.7898	 | 	Train Accuracy     : 0.6333
Valid Loss     : 0.9026	 | 	Valid Accuracy     : 0.7500

Epoch : 3
Train Loss     : 0.7002	 | 	Train Accuracy     : 0.6750
Valid Loss     : 0.8404	 | 	Valid Accuracy     : 0.8500

Epoch : 4
Train Loss     : 0.6017	 | 	Train Accuracy     : 0.7750
Valid Loss     : 0.9458	 | 	Valid Accuracy     : 0.8250

Epoch : 5
Train Loss     : 0.6458	 | 	Train Accuracy     : 0.7750
Valid Loss     : 0.8976	 | 	Valid Accuracy     : 0.8500

Epoch : 6
Train Loss     : 0.6404	 | 	Train Accuracy     : 0.7750
Valid Loss     : 0.9566	 | 	Valid Accuracy     : 0.8750

Epoch : 7
Train Loss     : 0.6504	 | 	Train Accuracy     : 0.7583
Valid Loss     : 0.8393	 | 	Valid Accuracy     : 0.8500

Epoch : 8
Train Loss     : 0.6601	 | 	Train Accuracy     : 0.7417
Valid Loss     : 0.7523	 | 	Valid Accuracy     : 0.8750

Epoch : 9
Train Loss     : 0.5004	 | 	Train Accuracy     : 0.8500
Valid Loss     : 0.7552	 | 	Valid Accuracy     : 0.8250

Epoch : 10
Train Loss     : 0.4982	 | 	Train Accuracy     : 0.8417
Valid Loss     : 0.7773	 | 	Valid Accuracy     : 0.8750

Epoch : 11
Train Loss     : 0.5438	 | 	Train Accuracy     : 0.8000
Valid Loss     : 0.8457	 | 	Valid Accuracy     : 0.8750

Epoch : 12
Train Loss     : 0.4871	 | 	Train Accuracy     : 0.8667
Valid Loss     : 0.9519	 | 	Valid Accuracy     : 0.9000

Epoch : 13
Train Loss     : 0.5269	 | 	Train Accuracy     : 0.8167
Valid Loss     : 0.8951	 | 	Valid Accuracy     : 0.9250

Epoch : 14
Train Loss     : 0.5141	 | 	Train Accuracy     : 0.8000
Valid Loss     : 0.7555	 | 	Valid Accuracy     : 0.9000

Epoch : 15
Train Loss     : 0.5877	 | 	Train Accuracy     : 0.7917
Valid Loss     : 0.6496	 | 	Valid Accuracy     : 0.9000

Epoch : 16
Train Loss     : 0.5447	 | 	Train Accuracy     : 0.7500
Valid Loss     : 0.8025	 | 	Valid Accuracy     : 0.9000

Epoch : 17
Train Loss     : 0.4961	 | 	Train Accuracy     : 0.8000
Valid Loss     : 0.8296	 | 	Valid Accuracy     : 0.9250

Epoch : 18
Train Loss     : 0.4739	 | 	Train Accuracy     : 0.8250
Valid Loss     : 0.7033	 | 	Valid Accuracy     : 0.7500

Epoch : 19
Train Loss     : 0.5410	 | 	Train Accuracy     : 0.8000
Valid Loss     : 0.7731	 | 	Valid Accuracy     : 0.8000

Epoch : 20
Train Loss     : 0.4185	 | 	Train Accuracy     : 0.8500
Valid Loss     : 0.5910	 | 	Valid Accuracy     : 0.8750

Epoch : 21
Train Loss     : 0.4169	 | 	Train Accuracy     : 0.8417
Valid Loss     : 0.7209	 | 	Valid Accuracy     : 0.8000

Epoch : 22
Train Loss     : 0.5402	 | 	Train Accuracy     : 0.8000
Valid Loss     : 0.5022	 | 	Valid Accuracy     : 0.9000

Epoch : 23
Train Loss     : 0.5419	 | 	Train Accuracy     : 0.7917
Valid Loss     : 0.5478	 | 	Valid Accuracy     : 0.9000

Epoch : 24
Train Loss     : 0.4367	 | 	Train Accuracy     : 0.8417
Valid Loss     : 0.4811	 | 	Valid Accuracy     : 0.9000

Epoch : 25
Train Loss     : 0.4744	 | 	Train Accuracy     : 0.8500
Valid Loss     : 0.5645	 | 	Valid Accuracy     : 0.9000

Epoch : 26
Train Loss     : 0.4490	 | 	Train Accuracy     : 0.8833
Valid Loss     : 0.5891	 | 	Valid Accuracy     : 0.9250

Epoch : 27
Train Loss     : 0.4237	 | 	Train Accuracy     : 0.8583
Valid Loss     : 0.6396	 | 	Valid Accuracy     : 0.8750

Epoch : 28
Train Loss     : 0.4566	 | 	Train Accuracy     : 0.8167
Valid Loss     : 0.7047	 | 	Valid Accuracy     : 0.9000

Epoch : 29
Train Loss     : 0.4235	 | 	Train Accuracy     : 0.8583
Valid Loss     : 0.6207	 | 	Valid Accuracy     : 0.8750

Epoch : 30
Train Loss     : 0.4623	 | 	Train Accuracy     : 0.8417
Valid Loss     : 0.5711	 | 	Valid Accuracy     : 0.9000

Evaluate on the Test set:
Test loss      :0.6789	 | Test Accuracy      : 0.8636

################## Training is Done! #########################
Training time is : 0:00:30.152395
