=============================================
Dataset: Epilepsy
Method:  °³¹ßÁß...
Mode:    train_linear
=============================================
Data loaded ...
Training started ....

Epoch : 1
Train Loss     : 0.7026	 | 	Train Accuracy     : 0.4821
Valid Loss     : 0.5265	 | 	Valid Accuracy     : 0.8125

Epoch : 2
Train Loss     : 0.6245	 | 	Train Accuracy     : 0.6964
Valid Loss     : 0.4747	 | 	Valid Accuracy     : 0.8125

Epoch : 3
Train Loss     : 0.6158	 | 	Train Accuracy     : 0.6964
Valid Loss     : 0.4703	 | 	Valid Accuracy     : 0.8125

Epoch : 4
Train Loss     : 0.5769	 | 	Train Accuracy     : 0.6964
Valid Loss     : 0.4647	 | 	Valid Accuracy     : 0.8125

Epoch : 5
Train Loss     : 0.5651	 | 	Train Accuracy     : 0.6964
Valid Loss     : 0.4537	 | 	Valid Accuracy     : 0.8125

Epoch : 6
Train Loss     : 0.5466	 | 	Train Accuracy     : 0.7143
Valid Loss     : 0.4515	 | 	Valid Accuracy     : 0.8125

Epoch : 7
Train Loss     : 0.5299	 | 	Train Accuracy     : 0.7143
Valid Loss     : 0.4271	 | 	Valid Accuracy     : 0.8125

Epoch : 8
Train Loss     : 0.4919	 | 	Train Accuracy     : 0.7143
Valid Loss     : 0.4156	 | 	Valid Accuracy     : 0.8125

Epoch : 9
Train Loss     : 0.5036	 | 	Train Accuracy     : 0.7143
Valid Loss     : 0.4038	 | 	Valid Accuracy     : 0.8125

Epoch : 10
Train Loss     : 0.5121	 | 	Train Accuracy     : 0.7143
Valid Loss     : 0.3982	 | 	Valid Accuracy     : 0.8750

Evaluate on the Test set:
Test loss      :0.4775	 | Test Accuracy      : 0.7500

################## Training is Done! #########################
Training time is : 0:01:07.936768
